----------------------------------------------------------------------------------------------------
17/12/23 14:14:57| INFO     dataset twitter_gasp [pool size: 10]
17/12/23 14:14:57| INFO     Dataset sample [0.0993 0.1015 0.7991] of dataset twitter_gasp started
17/12/23 14:50:29| INFO        bgf_sld finished [took 2088.8816s]
17/12/23 14:51:48| INFO        bgfc_sld finished [took 2153.2648s]
17/12/23 14:52:39| INFO        m3wc_sld finished [took 2203.4681s]
17/12/23 14:53:43| INFO        m3w_sld finished [took 2272.7425s]
17/12/23 14:55:39| INFO        mgf_sld finished [took 2381.4363s]
17/12/23 14:55:48| INFO        mgfc_sld finished [took 2393.9812s]
17/12/23 14:59:40| INFO        bin_sld finished [took 2622.8721s]
17/12/23 14:59:51| INFO        mul_sld finished [took 2633.8363s]
17/12/23 14:59:53| INFO        binmc_sld finished [took 2646.0856s]
17/12/23 15:00:03| INFO        mulc_sld finished [took 2645.3005s]
17/12/23 15:00:46| INFO        binc_sld finished [took 2689.3150s]
17/12/23 15:26:32| INFO        bgfmc_sld finished [took 2130.3199s]
17/12/23 15:30:36| INFO        binne_sld finished [took 2057.4561s]
17/12/23 15:31:09| INFO        m3wmc_sld finished [took 2269.9704s]
17/12/23 15:35:34| INFO        binis_sld finished [took 2090.1400s]
17/12/23 15:35:43| INFO        m3wne_sld finished [took 2106.1781s]
17/12/23 15:36:02| INFO        mgfmc_sld finished [took 2507.9589s]
17/12/23 15:36:51| INFO        mulmc_sld finished [took 2666.0805s]
17/12/23 15:39:25| INFO        bgfne_sld finished [took 2580.6198s]
17/12/23 15:41:18| INFO        mgfne_sld finished [took 2439.7349s]
17/12/23 15:42:59| INFO        bgfis_sld finished [took 2488.4869s]
17/12/23 15:43:41| INFO        mulne_sld finished [took 2598.8748s]
17/12/23 15:48:21| INFO        ref finished [took 734.8497s]
17/12/23 15:50:40| INFO        atc_mc finished [took 860.9713s]
17/12/23 15:52:11| INFO        doc finished [took 934.4540s]
17/12/23 15:55:19| INFO        m3wis_sld finished [took 1445.6311s]
17/12/23 15:55:22| INFO        mulis_sld finished [took 1692.8083s]
17/12/23 15:55:27| INFO        mgfis_sld finished [took 1417.9740s]
17/12/23 15:55:55| INFO        gde finished [took 1110.1248s]
17/12/23 15:55:55| INFO     Dataset sample [0.0993 0.1015 0.7991] of dataset twitter_gasp finished [took 6058.4750s]
17/12/23 15:55:56| INFO     Dataset sample [0.0993 0.2009 0.6998] of dataset twitter_gasp started
17/12/23 16:32:54| INFO        bgf_sld finished [took 2165.1362s]
17/12/23 16:33:16| INFO        m3wc_sld finished [took 2176.5918s]
17/12/23 16:33:38| INFO        bgfc_sld finished [took 2199.9869s]
17/12/23 16:33:48| INFO        m3w_sld finished [took 2218.1563s]
17/12/23 16:36:40| INFO        mgf_sld finished [took 2394.7646s]
17/12/23 16:36:45| INFO        mgfc_sld finished [took 2402.4035s]
17/12/23 16:42:35| INFO        mul_sld finished [took 2750.8771s]
17/12/23 16:42:58| INFO        mulc_sld finished [took 2760.6965s]
17/12/23 16:43:09| INFO        bin_sld finished [took 2785.3203s]
17/12/23 16:44:36| INFO        binmc_sld finished [took 2857.7070s]
17/12/23 16:45:18| INFO        binc_sld finished [took 2901.8827s]
17/12/23 17:08:11| INFO        bgfmc_sld finished [took 2077.1417s]
17/12/23 17:10:41| INFO        m3wmc_sld finished [took 2181.8508s]
17/12/23 17:13:21| INFO        binne_sld finished [took 2161.7027s]
17/12/23 17:15:50| INFO        mgfmc_sld finished [took 2479.8184s]
17/12/23 17:18:14| INFO        m3wne_sld finished [took 2079.1662s]
17/12/23 17:20:16| INFO        binis_sld finished [took 2106.0076s]
17/12/23 17:21:23| INFO        mulmc_sld finished [took 2843.1791s]
17/12/23 17:22:36| INFO        bgfne_sld finished [took 2716.6148s]
17/12/23 17:24:24| INFO        mgfne_sld finished [took 2434.0763s]
17/12/23 17:29:18| INFO        mulne_sld finished [took 2775.7782s]
17/12/23 17:30:32| INFO        bgfis_sld finished [took 2676.5645s]
17/12/23 17:31:48| INFO        ref finished [took 920.2842s]
17/12/23 17:34:16| INFO        atc_mc finished [took 925.7144s]
17/12/23 17:36:32| INFO        doc finished [took 939.7200s]
17/12/23 17:38:17| INFO        m3wis_sld finished [took 1623.9516s]
17/12/23 17:38:35| INFO        gde finished [took 995.9955s]
17/12/23 17:39:17| INFO        mgfis_sld finished [took 1521.2198s]
17/12/23 17:39:20| INFO        mulis_sld finished [took 1829.6310s]
17/12/23 17:39:20| INFO     Dataset sample [0.0993 0.2009 0.6998] of dataset twitter_gasp finished [took 6204.2377s]
17/12/23 17:39:20| INFO     Dataset sample [0.0993 0.3002 0.6004] of dataset twitter_gasp started
17/12/23 18:14:41| INFO        bgf_sld finished [took 2073.2053s]
17/12/23 18:16:31| INFO        m3w_sld finished [took 2184.5400s]
17/12/23 18:16:35| INFO        bgfc_sld finished [took 2178.1290s]
17/12/23 18:17:14| INFO        m3wc_sld finished [took 2211.4620s]
17/12/23 18:19:35| INFO        mgf_sld finished [took 2353.1800s]
17/12/23 18:21:43| INFO        mgfc_sld finished [took 2484.7824s]
17/12/23 18:25:29| INFO        mul_sld finished [took 2715.1563s]
17/12/23 18:25:46| INFO        bin_sld finished [took 2732.2688s]
17/12/23 18:26:40| INFO        mulc_sld finished [took 2778.3632s]
17/12/23 18:27:29| INFO        binc_sld finished [took 2833.1482s]
17/12/23 18:28:51| INFO        binmc_sld finished [took 2920.4691s]
17/12/23 18:51:04| INFO        bgfmc_sld finished [took 2149.2943s]
17/12/23 18:53:53| INFO        m3wmc_sld finished [took 2204.1586s]
17/12/23 18:55:18| INFO        binne_sld finished [took 2107.5051s]
