dataset rcv1_CCAT
28/10/23 00:45:46| INFO: dataset rcv1_CCAT
Dataset sample 0.50 of dataset rcv1_CCAT started
Dataset sample 0.50 of dataset rcv1_CCAT failed. Exception: Queue objects should only be shared between processes through inheritance
28/10/23 00:45:50| INFO: Dataset sample 0.50 of dataset rcv1_CCAT started
Dataset sample 0.50 of dataset rcv1_CCAT failed. Exception: Queue objects should only be shared between processes through inheritance
28/10/23 00:45:51| ERROR: Dataset sample 0.50 of dataset rcv1_CCAT failed. Exception: Queue objects should only be shared between processes through inheritance
Dataset sample 0.50 of dataset rcv1_CCAT failed. Exception: Queue objects should only be shared between processes through inheritance
28/10/23 00:45:52| ERROR: Dataset sample 0.50 of dataset rcv1_CCAT failed. Exception: Queue objects should only be shared between processes through inheritance
Dataset sample 0.50 of dataset rcv1_CCAT failed. Exception: Queue objects should only be shared between processes through inheritance
28/10/23 00:45:52| ERROR: Dataset sample 0.50 of dataset rcv1_CCAT failed. Exception: Queue objects should only be shared between processes through inheritance
Dataset sample 0.50 of dataset rcv1_CCAT finished [took 1.8041s
28/10/23 00:45:52| ERROR: Dataset sample 0.50 of dataset rcv1_CCAT failed. Exception: Queue objects should only be shared between processes through inheritance
28/10/23 00:45:52| INFO: Dataset sample 0.50 of dataset rcv1_CCAT finished [took 1.8041s
Configuration rcv1_CCAT_1prevs failed. Exception: too many indices for array: array is 1-dimensional, but 2 were indexed
28/10/23 00:45:52| ERROR: Configuration rcv1_CCAT_1prevs failed. Exception: too many indices for array: array is 1-dimensional, but 2 were indexed
dataset rcv1_CCAT
28/10/23 00:47:52| INFO: dataset rcv1_CCAT
Dataset sample 0.50 of dataset rcv1_CCAT started
Dataset sample 0.50 of dataset rcv1_CCAT failed. Exception: Queue objects should only be shared between processes through inheritance
28/10/23 00:47:56| INFO: Dataset sample 0.50 of dataset rcv1_CCAT started
Dataset sample 0.50 of dataset rcv1_CCAT failed. Exception: Queue objects should only be shared between processes through inheritance
28/10/23 00:47:57| ERROR: Dataset sample 0.50 of dataset rcv1_CCAT failed. Exception: Queue objects should only be shared between processes through inheritance
Dataset sample 0.50 of dataset rcv1_CCAT failed. Exception: Queue objects should only be shared between processes through inheritance
Dataset sample 0.50 of dataset rcv1_CCAT failed. Exception: Queue objects should only be shared between processes through inheritance
Dataset sample 0.50 of dataset rcv1_CCAT finished [took 1.7186s
