----------------------------------------------------------------------------------------------------
19/01/24 00:34:10| INFO     dataset rcv1_CCAT [pool size: 10]
19/01/24 00:34:10| INFO     Dataset sample [0.1 0.9] of dataset rcv1_CCAT started
19/01/24 00:36:17| INFO        d_m3w_sld_lr_c finished [took 115.8986s]
19/01/24 00:36:20| INFO        d_m3w_sld_lr finished [took 119.6778s]
19/01/24 00:36:42| INFO        d_m3w_sld_lr_mc finished [took 140.7188s]
19/01/24 00:36:54| INFO        d_mul_sld_lr finished [took 152.8486s]
19/01/24 00:36:54| INFO        d_mul_sld_lr_c finished [took 153.4759s]
19/01/24 00:36:56| INFO        d_mul_sld_lr_ne finished [took 155.5489s]
19/01/24 00:37:04| INFO        d_bin_sld_lr_mc finished [took 163.6451s]
19/01/24 00:37:05| INFO        d_bin_sld_lr finished [took 163.9305s]
19/01/24 00:37:17| INFO        d_mul_sld_lr_mc finished [took 175.5462s]
19/01/24 00:37:24| INFO        d_bin_sld_lr_ne finished [took 183.0498s]
19/01/24 00:37:27| INFO        d_bin_sld_lr_c finished [took 185.7232s]
19/01/24 00:38:17| INFO        d_m3w_sld_lr_ne finished [took 118.6257s]
19/01/24 00:38:50| INFO        d_m3w_sld_lr_is finished [took 114.9501s]
19/01/24 00:38:52| INFO        d_mul_sld_lr_a finished [took 114.7085s]
19/01/24 00:38:54| INFO        ref finished [took 108.2447s]
19/01/24 00:38:57| INFO        atc_mc finished [took 99.0454s]
19/01/24 00:38:58| INFO        d_bin_sld_lr_is finished [took 156.2653s]
19/01/24 00:39:02| INFO        doc finished [took 96.9343s]
19/01/24 00:39:02| INFO        d_mul_sld_lr_is finished [took 139.5757s]
19/01/24 00:39:05| INFO        d_m3w_sld_lr_a finished [took 119.8051s]
19/01/24 00:39:23| INFO        d_bin_sld_lr_a finished [took 147.6207s]
19/01/24 00:40:08| DEBUG       [BinaryQuantifierAccuracyEstimator] optimization finished: best params {'quantifier__classifier__C': 0.1, 'quantifier__classifier__class_weight': None, 'quantifier__recalib': 'bcts', 'confidence': ['isoft']} (score=0.01954) [took 44.1410s]
19/01/24 00:41:06| INFO        d_bin_sld_lr_gs finished [took 101.4725s]
19/01/24 00:41:41| DEBUG       [MultiClassAccuracyEstimator] optimization finished: best params {'quantifier__classifier__C': 1.0, 'quantifier__classifier__class_weight': 'balanced', 'quantifier__recalib': 'bcts', 'confidence': ['isoft']} (score=0.00803) [took 34.1146s]
19/01/24 00:42:39| INFO        d_mul_sld_lr_gs finished [took 92.6719s]
19/01/24 00:42:59| DEBUG       [MultiClassAccuracyEstimator] optimization finished: best params {'quantifier__classifier__C': 0.1, 'quantifier__classifier__class_weight': 'balanced', 'quantifier__recalib': 'bcts', 'confidence': ['max_conf', 'entropy', 'isoft']} (score=0.01220) [took 18.9070s]
19/01/24 00:43:47| INFO        d_m3w_sld_lr_gs finished [took 67.3223s]
19/01/24 00:43:47| INFO     Dataset sample [0.1 0.9] of dataset rcv1_CCAT finished [took 577.5866s]
19/01/24 00:43:47| INFO     Dataset sample [0.2 0.8] of dataset rcv1_CCAT started
19/01/24 00:45:57| INFO        d_m3w_sld_lr_c finished [took 126.7952s]
19/01/24 00:46:05| INFO        d_m3w_sld_lr finished [took 134.1896s]
19/01/24 00:46:12| INFO        d_m3w_sld_lr_mc finished [took 141.1267s]
19/01/24 00:46:14| INFO        d_mul_sld_lr finished [took 143.4685s]
19/01/24 00:46:52| INFO        d_bin_sld_lr_ne finished [took 181.3546s]
19/01/24 00:46:59| INFO        d_mul_sld_lr_c finished [took 188.5569s]
19/01/24 00:47:00| INFO        d_mul_sld_lr_mc finished [took 189.5103s]
19/01/24 00:47:08| INFO        d_bin_sld_lr_mc finished [took 197.8272s]
19/01/24 00:47:10| INFO        d_bin_sld_lr_c finished [took 200.3633s]
19/01/24 00:47:13| INFO        d_mul_sld_lr_ne finished [took 201.9065s]
19/01/24 00:47:27| INFO        d_bin_sld_lr finished [took 216.1988s]
19/01/24 00:47:51| INFO        d_m3w_sld_lr_ne finished [took 112.9904s]
19/01/24 00:48:07| INFO        d_m3w_sld_lr_is finished [took 112.1865s]
19/01/24 00:48:16| INFO        d_bin_sld_lr_is finished [took 130.6473s]
19/01/24 00:48:37| INFO        d_mul_sld_lr_is finished [took 143.8688s]
19/01/24 00:48:39| INFO        atc_mc finished [took 88.3268s]
19/01/24 00:48:41| INFO        ref finished [took 91.7467s]
19/01/24 00:48:49| INFO        d_m3w_sld_lr_a finished [took 107.5633s]
19/01/24 00:48:49| INFO        doc finished [took 94.8290s]
19/01/24 00:49:01| INFO        d_bin_sld_lr_a finished [took 127.7403s]
19/01/24 00:49:10| INFO        d_mul_sld_lr_a finished [took 129.1496s]
19/01/24 00:49:45| DEBUG       [BinaryQuantifierAccuracyEstimator] optimization finished: best params {'quantifier__classifier__C': 0.01, 'quantifier__classifier__class_weight': None, 'quantifier__recalib': 'bcts', 'confidence': ['isoft']} (score=0.00893) [took 33.6732s]
19/01/24 00:51:39| INFO        d_bin_sld_lr_gs finished [took 147.6941s]
19/01/24 00:52:12| DEBUG       [MultiClassAccuracyEstimator] optimization finished: best params {'quantifier__classifier__C': 1000.0, 'quantifier__classifier__class_weight': 'balanced', 'quantifier__recalib': 'bcts', 'confidence': ['max_conf', 'entropy', 'isoft']} (score=0.01013) [took 32.4900s]
19/01/24 00:53:12| INFO        d_mul_sld_lr_gs finished [took 92.5557s]
19/01/24 00:53:32| DEBUG       [MultiClassAccuracyEstimator] optimization finished: best params {'quantifier__classifier__C': 1000.0, 'quantifier__classifier__class_weight': 'balanced', 'quantifier__recalib': 'bcts', 'confidence': ['max_conf', 'entropy']} (score=0.00878) [took 17.9920s]
19/01/24 00:54:20| INFO        d_m3w_sld_lr_gs finished [took 66.4392s]
19/01/24 00:54:20| INFO     Dataset sample [0.2 0.8] of dataset rcv1_CCAT finished [took 632.5298s]
19/01/24 00:54:20| INFO     Dataset sample [0.3 0.7] of dataset rcv1_CCAT started
19/01/24 00:56:15| INFO        d_m3w_sld_lr finished [took 111.8233s]
19/01/24 00:56:38| INFO        d_mul_sld_lr_ne finished [took 134.3561s]
19/01/24 00:56:40| INFO        d_m3w_sld_lr_mc finished [took 136.9678s]
19/01/24 00:56:48| INFO        d_m3w_sld_lr_c finished [took 144.8837s]
19/01/24 00:57:17| INFO        d_bin_sld_lr_c finished [took 173.5364s]
19/01/24 00:57:18| INFO        d_bin_sld_lr finished [took 176.3200s]
19/01/24 00:57:20| INFO        d_bin_sld_lr_ne finished [took 176.6819s]
19/01/24 00:57:26| INFO        d_mul_sld_lr_c finished [took 183.0943s]
19/01/24 00:57:26| INFO        d_bin_sld_lr_mc finished [took 183.1406s]
19/01/24 00:57:29| INFO        d_m3w_sld_lr_ne finished [took 72.8594s]
19/01/24 00:57:29| INFO        d_mul_sld_lr_mc finished [took 185.4716s]
19/01/24 00:57:30| INFO        d_mul_sld_lr finished [took 187.1178s]
19/01/24 00:58:22| INFO        d_m3w_sld_lr_is finished [took 92.3723s]
19/01/24 00:58:39| INFO        d_m3w_sld_lr_a finished [took 78.0008s]
19/01/24 00:58:47| INFO        doc finished [took 77.0813s]
19/01/24 00:58:51| INFO        d_mul_sld_lr_is finished [took 129.5859s]
19/01/24 00:58:55| INFO        ref finished [took 87.8436s]
19/01/24 00:59:00| INFO        d_bin_sld_lr_is finished [took 141.5810s]
19/01/24 00:59:08| INFO        atc_mc finished [took 100.4368s]
19/01/24 00:59:18| INFO        d_bin_sld_lr_a finished [took 120.7001s]
19/01/24 00:59:27| INFO        d_mul_sld_lr_a finished [took 127.4815s]
19/01/24 01:00:02| DEBUG       [BinaryQuantifierAccuracyEstimator] optimization finished: best params {'quantifier__classifier__C': 0.1, 'quantifier__classifier__class_weight': 'balanced', 'quantifier__recalib': 'bcts', 'confidence': ['max_conf', 'entropy']} (score=0.01241) [took 33.5567s]
19/01/24 01:01:04| INFO        d_bin_sld_lr_gs finished [took 95.7360s]
19/01/24 01:01:34| DEBUG       [MultiClassAccuracyEstimator] optimization finished: best params {'quantifier__classifier__C': 0.01, 'quantifier__classifier__class_weight': 'balanced', 'quantifier__recalib': 'bcts', 'confidence': ['max_conf', 'entropy']} (score=0.00888) [took 28.7428s]
19/01/24 01:02:37| INFO        d_mul_sld_lr_gs finished [took 91.9392s]
19/01/24 01:02:55| DEBUG       [MultiClassAccuracyEstimator] optimization finished: best params {'quantifier__classifier__C': 0.01, 'quantifier__classifier__class_weight': None, 'quantifier__recalib': 'bcts', 'confidence': ['max_conf', 'entropy', 'isoft']} (score=0.01050) [took 16.6004s]
19/01/24 01:03:44| INFO        d_m3w_sld_lr_gs finished [took 65.8976s]
19/01/24 01:03:44| INFO     Dataset sample [0.3 0.7] of dataset rcv1_CCAT finished [took 564.2611s]
19/01/24 01:03:44| INFO     Dataset sample [0.4 0.6] of dataset rcv1_CCAT started
19/01/24 01:05:52| INFO        d_m3w_sld_lr_mc finished [took 125.8046s]
19/01/24 01:05:56| INFO        d_bin_sld_lr_mc finished [took 129.1378s]
19/01/24 01:06:08| INFO        d_m3w_sld_lr_c finished [took 141.4921s]
19/01/24 01:06:11| INFO        d_mul_sld_lr finished [took 144.1989s]
19/01/24 01:06:11| INFO        d_m3w_sld_lr finished [took 144.3808s]
19/01/24 01:06:32| INFO        d_bin_sld_lr finished [took 165.5392s]
19/01/24 01:06:33| INFO        d_bin_sld_lr_c finished [took 166.5079s]
19/01/24 01:06:36| INFO        d_bin_sld_lr_ne finished [took 169.1058s]
19/01/24 01:06:40| INFO        d_mul_sld_lr_c finished [took 173.6884s]
19/01/24 01:06:42| INFO        d_mul_sld_lr_ne finished [took 175.6660s]
19/01/24 01:06:43| INFO        d_mul_sld_lr_mc finished [took 176.6253s]
19/01/24 01:07:42| INFO        d_m3w_sld_lr_is finished [took 90.2535s]
19/01/24 01:08:00| INFO        d_m3w_sld_lr_ne finished [took 126.8389s]
19/01/24 01:08:16| INFO        d_m3w_sld_lr_a finished [took 102.4876s]
19/01/24 01:08:19| INFO        atc_mc finished [took 98.4638s]
19/01/24 01:08:24| INFO        d_mul_sld_lr_is finished [took 134.5469s]
19/01/24 01:08:24| INFO        d_bin_sld_lr_is finished [took 147.2059s]
19/01/24 01:08:25| INFO        d_mul_sld_lr_a finished [took 112.0410s]
19/01/24 01:08:26| INFO        ref finished [took 109.7786s]
19/01/24 01:08:34| INFO        d_bin_sld_lr_a finished [took 142.5119s]
19/01/24 01:08:37| INFO        doc finished [took 114.8094s]
19/01/24 01:09:12| DEBUG       [BinaryQuantifierAccuracyEstimator] optimization finished: best params {'quantifier__classifier__C': 1000.0, 'quantifier__classifier__class_weight': None, 'quantifier__recalib': None, 'confidence': ['max_conf', 'entropy']} (score=0.00790) [took 33.9604s]
19/01/24 01:10:13| INFO        d_bin_sld_lr_gs finished [took 94.6642s]
19/01/24 01:10:43| DEBUG       [MultiClassAccuracyEstimator] optimization finished: best params {'quantifier__classifier__C': 1.0, 'quantifier__classifier__class_weight': None, 'quantifier__recalib': 'bcts', 'confidence': ['max_conf', 'entropy', 'isoft']} (score=0.00689) [took 28.8059s]
19/01/24 01:11:46| INFO        d_mul_sld_lr_gs finished [took 91.9456s]
19/01/24 01:12:03| DEBUG       [MultiClassAccuracyEstimator] optimization finished: best params {'quantifier__classifier__C': 0.1, 'quantifier__classifier__class_weight': 'balanced', 'quantifier__recalib': 'bcts', 'confidence': ['isoft']} (score=0.00682) [took 16.2403s]
19/01/24 01:12:51| INFO        d_m3w_sld_lr_gs finished [took 64.7738s]
19/01/24 01:12:51| INFO     Dataset sample [0.4 0.6] of dataset rcv1_CCAT finished [took 547.0143s]
19/01/24 01:12:51| INFO     Dataset sample [0.5 0.5] of dataset rcv1_CCAT started
19/01/24 01:14:46| INFO        d_m3w_sld_lr finished [took 111.8872s]
19/01/24 01:15:11| INFO        d_m3w_sld_lr_mc finished [took 136.2756s]
19/01/24 01:15:18| INFO        d_m3w_sld_lr_c finished [took 144.2441s]
19/01/24 01:15:38| INFO        d_bin_sld_lr finished [took 163.6643s]
19/01/24 01:15:38| INFO        d_mul_sld_lr_mc finished [took 164.3327s]
19/01/24 01:15:43| INFO        d_mul_sld_lr_ne finished [took 169.8054s]
19/01/24 01:15:44| INFO        d_bin_sld_lr_mc finished [took 170.2660s]
19/01/24 01:15:47| INFO        d_bin_sld_lr_c finished [took 173.0367s]
19/01/24 01:15:49| INFO        d_mul_sld_lr_c finished [took 174.9287s]
19/01/24 01:15:53| INFO        d_mul_sld_lr finished [took 179.1041s]
19/01/24 01:15:54| INFO        d_bin_sld_lr_ne finished [took 179.8206s]
19/01/24 01:15:58| INFO        d_m3w_sld_lr_ne finished [took 71.4699s]
19/01/24 01:16:57| INFO        ref finished [took 68.4600s]
19/01/24 01:17:04| INFO        d_m3w_sld_lr_is finished [took 84.8429s]
19/01/24 01:17:10| INFO        d_mul_sld_lr_is finished [took 110.1491s]
19/01/24 01:17:25| INFO        d_bin_sld_lr_is finished [took 133.4154s]
19/01/24 01:17:27| INFO        d_m3w_sld_lr_a finished [took 101.2379s]
19/01/24 01:17:30| INFO        atc_mc finished [took 99.7100s]
19/01/24 01:17:36| INFO        doc finished [took 101.6593s]
19/01/24 01:17:46| INFO        d_bin_sld_lr_a finished [took 126.0593s]
19/01/24 01:17:48| INFO        d_mul_sld_lr_a finished [took 124.5776s]
19/01/24 01:18:22| DEBUG       [BinaryQuantifierAccuracyEstimator] optimization finished: best params {'quantifier__classifier__C': 1.0, 'quantifier__classifier__class_weight': None, 'quantifier__recalib': 'bcts', 'confidence': None} (score=0.00752) [took 32.6733s]
19/01/24 01:19:22| INFO        d_bin_sld_lr_gs finished [took 92.7628s]
19/01/24 01:19:51| DEBUG       [MultiClassAccuracyEstimator] optimization finished: best params {'quantifier__classifier__C': 1.0, 'quantifier__classifier__class_weight': None, 'quantifier__recalib': 'bcts', 'confidence': ['max_conf', 'entropy']} (score=0.00640) [took 27.8968s]
19/01/24 01:20:55| INFO        d_mul_sld_lr_gs finished [took 91.7571s]
19/01/24 01:21:13| DEBUG       [MultiClassAccuracyEstimator] optimization finished: best params {'quantifier__classifier__C': 0.1, 'quantifier__classifier__class_weight': 'balanced', 'quantifier__recalib': 'bcts', 'confidence': ['isoft']} (score=0.00602) [took 16.4136s]
19/01/24 01:22:00| INFO        d_m3w_sld_lr_gs finished [took 63.9230s]
19/01/24 01:22:00| INFO     Dataset sample [0.5 0.5] of dataset rcv1_CCAT finished [took 548.9294s]
19/01/24 01:22:00| INFO     Dataset sample [0.6 0.4] of dataset rcv1_CCAT started
19/01/24 01:23:59| INFO        d_mul_sld_lr_c finished [took 117.1273s]
19/01/24 01:24:24| INFO        d_m3w_sld_lr_mc finished [took 142.0489s]
19/01/24 01:24:25| INFO        d_m3w_sld_lr finished [took 142.6932s]
19/01/24 01:24:25| INFO        d_m3w_sld_lr_c finished [took 142.8767s]
19/01/24 01:24:34| INFO        d_mul_sld_lr_ne finished [took 152.1757s]
19/01/24 01:24:35| INFO        d_bin_sld_lr_mc finished [took 153.0693s]
19/01/24 01:24:49| INFO        d_bin_sld_lr finished [took 167.5200s]
19/01/24 01:24:58| INFO        d_bin_sld_lr_ne finished [took 176.4270s]
19/01/24 01:25:00| INFO        d_mul_sld_lr finished [took 178.6119s]
19/01/24 01:25:01| INFO        d_bin_sld_lr_c finished [took 178.7315s]
19/01/24 01:25:02| INFO        d_mul_sld_lr_mc finished [took 179.7207s]
19/01/24 01:25:52| INFO        d_m3w_sld_lr_ne finished [took 112.2313s]
19/01/24 01:26:16| INFO        d_mul_sld_lr_a finished [took 100.3652s]
19/01/24 01:26:22| INFO        atc_mc finished [took 80.9402s]
19/01/24 01:26:28| INFO        d_m3w_sld_lr_is finished [took 122.5152s]
19/01/24 01:26:34| INFO        d_m3w_sld_lr_a finished [took 104.2729s]
19/01/24 01:26:39| INFO        ref finished [took 100.1444s]
19/01/24 01:26:43| INFO        doc finished [took 101.3665s]
19/01/24 01:26:43| INFO        d_bin_sld_lr_is finished [took 138.7708s]
19/01/24 01:26:45| INFO        d_mul_sld_lr_is finished [took 139.4183s]
19/01/24 01:26:47| INFO        d_bin_sld_lr_a finished [took 132.8662s]
19/01/24 01:27:21| DEBUG       [BinaryQuantifierAccuracyEstimator] optimization finished: best params {'quantifier__classifier__C': 1000.0, 'quantifier__classifier__class_weight': None, 'quantifier__recalib': None, 'confidence': ['max_conf', 'entropy', 'isoft']} (score=0.01479) [took 33.2816s]
19/01/24 01:28:22| INFO        d_bin_sld_lr_gs finished [took 94.0513s]
19/01/24 01:28:52| DEBUG       [MultiClassAccuracyEstimator] optimization finished: best params {'quantifier__classifier__C': 1.0, 'quantifier__classifier__class_weight': None, 'quantifier__recalib': 'bcts', 'confidence': ['max_conf', 'entropy', 'isoft']} (score=0.01161) [took 29.0529s]
19/01/24 01:29:54| INFO        d_mul_sld_lr_gs finished [took 91.1708s]
19/01/24 01:30:11| DEBUG       [MultiClassAccuracyEstimator] optimization finished: best params {'quantifier__classifier__C': 0.1, 'quantifier__classifier__class_weight': 'balanced', 'quantifier__recalib': 'bcts', 'confidence': ['max_conf', 'entropy', 'isoft']} (score=0.01132) [took 17.1976s]
19/01/24 01:30:59| INFO        d_m3w_sld_lr_gs finished [took 64.9777s]
19/01/24 01:30:59| INFO     Dataset sample [0.6 0.4] of dataset rcv1_CCAT finished [took 538.9776s]
19/01/24 01:30:59| INFO     Dataset sample [0.7 0.3] of dataset rcv1_CCAT started
19/01/24 01:33:13| INFO        d_m3w_sld_lr finished [took 130.0473s]
19/01/24 01:33:17| INFO        d_mul_sld_lr_c finished [took 133.6822s]
19/01/24 01:33:20| INFO        d_m3w_sld_lr_c finished [took 137.1060s]
19/01/24 01:33:26| INFO        d_m3w_sld_lr_mc finished [took 143.2648s]
19/01/24 01:33:43| INFO        d_mul_sld_lr_mc finished [took 159.9971s]
19/01/24 01:33:45| INFO        d_mul_sld_lr finished [took 162.4345s]
19/01/24 01:33:46| INFO        d_bin_sld_lr_ne finished [took 162.8428s]
19/01/24 01:33:48| INFO        d_mul_sld_lr_ne finished [took 164.9271s]
19/01/24 01:33:55| INFO        d_bin_sld_lr finished [took 173.3019s]
19/01/24 01:34:00| INFO        d_bin_sld_lr_c finished [took 176.5820s]
19/01/24 01:34:00| INFO        d_bin_sld_lr_mc finished [took 176.7300s]
19/01/24 01:35:05| INFO        d_m3w_sld_lr_ne finished [took 110.9268s]
19/01/24 01:35:28| INFO        d_bin_sld_lr_is finished [took 130.5897s]
19/01/24 01:35:32| INFO        d_m3w_sld_lr_is finished [took 124.9279s]
19/01/24 01:35:37| INFO        doc finished [took 95.8848s]
19/01/24 01:35:42| INFO        d_mul_sld_lr_is finished [took 140.4307s]
19/01/24 01:35:42| INFO        ref finished [took 112.6969s]
19/01/24 01:35:44| INFO        d_m3w_sld_lr_a finished [took 116.7352s]
19/01/24 01:35:47| INFO        d_mul_sld_lr_a finished [took 120.6955s]
19/01/24 01:35:48| INFO        d_bin_sld_lr_a finished [took 123.3137s]
19/01/24 01:35:52| INFO        atc_mc finished [took 115.8563s]
19/01/24 01:36:27| DEBUG       [BinaryQuantifierAccuracyEstimator] optimization finished: best params {'quantifier__classifier__C': 1000.0, 'quantifier__classifier__class_weight': 'balanced', 'quantifier__recalib': 'bcts', 'confidence': ['isoft']} (score=0.01242) [took 33.2005s]
19/01/24 01:37:30| INFO        d_bin_sld_lr_gs finished [took 96.5987s]
19/01/24 01:37:59| DEBUG       [MultiClassAccuracyEstimator] optimization finished: best params {'quantifier__classifier__C': 10.0, 'quantifier__classifier__class_weight': None, 'quantifier__recalib': 'bcts', 'confidence': ['max_conf', 'entropy', 'isoft']} (score=0.01236) [took 27.3975s]
19/01/24 01:38:58| INFO        d_mul_sld_lr_gs finished [took 86.4829s]
19/01/24 01:39:16| DEBUG       [MultiClassAccuracyEstimator] optimization finished: best params {'quantifier__classifier__C': 1.0, 'quantifier__classifier__class_weight': 'balanced', 'quantifier__recalib': 'bcts', 'confidence': ['max_conf', 'entropy', 'isoft']} (score=0.01439) [took 16.4373s]
19/01/24 01:40:03| INFO        d_m3w_sld_lr_gs finished [took 63.6317s]
19/01/24 01:40:03| INFO     Dataset sample [0.7 0.3] of dataset rcv1_CCAT finished [took 543.7147s]
19/01/24 01:40:03| INFO     Dataset sample [0.8 0.2] of dataset rcv1_CCAT started
19/01/24 01:41:41| INFO        d_m3w_sld_lr_c finished [took 95.1935s]
19/01/24 01:42:19| INFO        d_m3w_sld_lr_mc finished [took 133.0257s]
19/01/24 01:42:30| INFO        d_m3w_sld_lr finished [took 143.5635s]
19/01/24 01:42:48| INFO        d_mul_sld_lr_ne finished [took 161.5399s]
19/01/24 01:42:53| INFO        d_mul_sld_lr finished [took 166.9255s]
19/01/24 01:42:55| INFO        d_mul_sld_lr_mc finished [took 169.0701s]
19/01/24 01:42:57| INFO        d_mul_sld_lr_c finished [took 171.4752s]
19/01/24 01:42:58| INFO        d_bin_sld_lr_c finished [took 171.8130s]
19/01/24 01:42:59| INFO        d_bin_sld_lr finished [took 173.9776s]
19/01/24 01:43:03| INFO        d_bin_sld_lr_mc finished [took 177.2378s]
19/01/24 01:43:12| INFO        d_bin_sld_lr_ne finished [took 186.1525s]
19/01/24 01:43:16| INFO        d_m3w_sld_lr_ne finished [took 93.4420s]
19/01/24 01:43:53| INFO        d_bin_sld_lr_is finished [took 93.6421s]
19/01/24 01:44:22| INFO        atc_mc finished [took 82.3645s]
19/01/24 01:44:34| INFO        d_m3w_sld_lr_a finished [took 95.6874s]
19/01/24 01:44:35| INFO        d_mul_sld_lr_a finished [took 99.3928s]
19/01/24 01:44:36| INFO        doc finished [took 92.1871s]
19/01/24 01:44:39| INFO        ref finished [took 100.4900s]
19/01/24 01:44:40| INFO        d_mul_sld_lr_is finished [took 129.4985s]
19/01/24 01:44:45| INFO        d_m3w_sld_lr_is finished [took 116.1098s]
19/01/24 01:44:50| INFO        d_bin_sld_lr_a finished [took 116.1367s]
19/01/24 01:45:22| DEBUG       [BinaryQuantifierAccuracyEstimator] optimization finished: best params {'quantifier__classifier__C': 0.1, 'quantifier__classifier__class_weight': None, 'quantifier__recalib': 'bcts', 'confidence': None} (score=0.00784) [took 30.3079s]
19/01/24 01:46:25| INFO        d_bin_sld_lr_gs finished [took 93.7552s]
19/01/24 01:46:55| DEBUG       [MultiClassAccuracyEstimator] optimization finished: best params {'quantifier__classifier__C': 1000.0, 'quantifier__classifier__class_weight': None, 'quantifier__recalib': None, 'confidence': ['isoft']} (score=0.00748) [took 28.3697s]
19/01/24 01:47:53| INFO        d_mul_sld_lr_gs finished [took 86.7472s]
19/01/24 01:48:12| DEBUG       [MultiClassAccuracyEstimator] optimization finished: best params {'quantifier__classifier__C': 1000.0, 'quantifier__classifier__class_weight': 'balanced', 'quantifier__recalib': 'bcts', 'confidence': ['max_conf', 'entropy']} (score=0.00725) [took 17.3241s]
19/01/24 01:49:00| INFO        d_m3w_sld_lr_gs finished [took 65.4106s]
19/01/24 01:49:00| INFO     Dataset sample [0.8 0.2] of dataset rcv1_CCAT finished [took 536.6445s]
19/01/24 01:49:00| INFO     Dataset sample [0.9 0.1] of dataset rcv1_CCAT started
19/01/24 01:51:10| INFO        d_bin_sld_lr finished [took 128.5553s]
19/01/24 01:51:10| INFO        d_m3w_sld_lr_c finished [took 128.1186s]
19/01/24 01:51:23| INFO        d_mul_sld_lr_ne finished [took 140.6224s]
19/01/24 01:51:23| INFO        d_m3w_sld_lr finished [took 140.8109s]
19/01/24 01:51:25| INFO        d_m3w_sld_lr_mc finished [took 142.8357s]
19/01/24 01:51:30| INFO        d_mul_sld_lr_c finished [took 147.5314s]
19/01/24 01:51:42| INFO        d_mul_sld_lr_mc finished [took 159.7318s]
19/01/24 01:51:44| INFO        d_mul_sld_lr finished [took 162.2551s]
19/01/24 01:51:45| INFO        d_bin_sld_lr_mc finished [took 162.6381s]
19/01/24 01:51:49| INFO        d_bin_sld_lr_ne finished [took 167.2868s]
19/01/24 01:51:55| INFO        d_bin_sld_lr_c finished [took 172.5153s]
19/01/24 01:53:05| INFO        d_m3w_sld_lr_ne finished [took 114.0349s]
19/01/24 01:53:21| INFO        ref finished [took 95.8328s]
19/01/24 01:53:25| INFO        d_mul_sld_lr_a finished [took 114.4784s]
19/01/24 01:53:27| INFO        d_m3w_sld_lr_a finished [took 103.8655s]
19/01/24 01:53:30| INFO        d_mul_sld_lr_is finished [took 126.3401s]
19/01/24 01:53:30| INFO        d_m3w_sld_lr_is finished [took 126.3003s]
19/01/24 01:53:34| INFO        atc_mc finished [took 108.4494s]
19/01/24 01:53:40| INFO        d_bin_sld_lr_is finished [took 149.0052s]
19/01/24 01:53:44| INFO        d_bin_sld_lr_a finished [took 137.9113s]
19/01/24 01:53:44| INFO        doc finished [took 113.8575s]
19/01/24 01:54:14| DEBUG       [BinaryQuantifierAccuracyEstimator] optimization finished: best params {'quantifier__classifier__C': 0.01, 'quantifier__classifier__class_weight': 'balanced', 'quantifier__recalib': 'bcts', 'confidence': ['max_conf', 'entropy']} (score=0.00594) [took 28.8231s]
19/01/24 01:55:13| INFO        d_bin_sld_lr_gs finished [took 87.3023s]
19/01/24 01:55:44| DEBUG       [MultiClassAccuracyEstimator] optimization finished: best params {'quantifier__classifier__C': 1000.0, 'quantifier__classifier__class_weight': None, 'quantifier__recalib': 'bcts', 'confidence': ['max_conf', 'entropy', 'isoft']} (score=0.00642) [took 30.8345s]
19/01/24 01:56:42| INFO        d_mul_sld_lr_gs finished [took 88.6975s]
19/01/24 01:57:06| DEBUG       [MultiClassAccuracyEstimator] optimization finished: best params {'quantifier__classifier__C': 100.0, 'quantifier__classifier__class_weight': None, 'quantifier__recalib': 'bcts', 'confidence': ['max_conf', 'entropy', 'isoft']} (score=0.00604) [took 22.8818s]
19/01/24 01:57:55| INFO        d_m3w_sld_lr_gs finished [took 72.2522s]
19/01/24 01:57:55| INFO     Dataset sample [0.9 0.1] of dataset rcv1_CCAT finished [took 535.8092s]
