----------------------------------------------------------------------------------------------------
19/01/24 03:02:58| INFO     dataset rcv1_CCAT [pool size: 10]
19/01/24 03:02:58| INFO     Dataset sample [0.1 0.9] of dataset rcv1_CCAT started
19/01/24 03:06:56| INFO        d_m3w_sld_rbf_c finished [took 233.4892s]
19/01/24 03:07:19| INFO        d_m3w_sld_rbf finished [took 255.7334s]
19/01/24 03:07:51| INFO        d_bin_sld_rbf_mc finished [took 288.6364s]
19/01/24 03:08:02| INFO        d_bin_sld_rbf_ne finished [took 298.8657s]
19/01/24 03:08:03| INFO        d_m3w_sld_rbf_mc finished [took 299.3777s]
19/01/24 03:08:35| INFO        d_mul_sld_rbf_c finished [took 332.4734s]
19/01/24 03:08:43| INFO        d_bin_sld_rbf_c finished [took 340.1135s]
19/01/24 03:08:46| INFO        d_mul_sld_rbf finished [took 342.4366s]
19/01/24 03:08:47| INFO        d_mul_sld_rbf_ne finished [took 343.7536s]
19/01/24 03:08:56| INFO        d_mul_sld_rbf_mc finished [took 353.3509s]
19/01/24 03:09:24| INFO        d_bin_sld_rbf finished [took 381.1170s]
19/01/24 03:10:24| INFO        ref finished [took 97.1721s]
19/01/24 03:10:32| INFO        atc_mc finished [took 103.9314s]
19/01/24 03:10:38| INFO        doc finished [took 100.3878s]
19/01/24 03:10:48| INFO        d_m3w_sld_rbf_ne finished [took 231.1920s]
19/01/24 03:11:35| INFO        d_bin_sld_rbf_is finished [took 255.6201s]
19/01/24 03:11:51| INFO        d_m3w_sld_rbf_is finished [took 228.4079s]
19/01/24 03:11:56| INFO        d_mul_sld_rbf_is finished [took 244.0207s]
19/01/24 03:12:12| INFO        d_mul_sld_rbf_a finished [took 215.3642s]
19/01/24 03:12:18| INFO        d_m3w_sld_rbf_a finished [took 214.2587s]
19/01/24 03:13:14| INFO        d_bin_sld_rbf_a finished [took 310.7779s]
19/01/24 03:15:15| DEBUG       [size=11,place=1] best score = 0.00856450; best param = {'quantifier__classifier__C': 0.1, 'quantifier__classifier__class_weight': 'balanced', 'quantifier__classifier__gamma': 281.2186083508614, 'quantifier__recalib': None, 'confidence': ['isoft']} [took 119.615s]
19/01/24 03:15:15| DEBUG       [size=11,place=2] best score = 0.00950487; best param = {'quantifier__classifier__C': 0.1, 'quantifier__classifier__class_weight': 'balanced', 'quantifier__classifier__gamma': 0.28121860835086143, 'quantifier__recalib': None, 'confidence': ['max_conf', 'entropy', 'isoft']} [took 119.615s]
19/01/24 03:18:18| DEBUG       [size=28,place=1] best score = 0.00878438; best param = {'quantifier__classifier__C': 1.0, 'quantifier__classifier__class_weight': 'balanced', 'quantifier__classifier__gamma': 0.28121860835086143, 'quantifier__recalib': None, 'confidence': ['max_conf', 'entropy', 'isoft']} [took 183.587s]
19/01/24 03:18:18| DEBUG       [size=28,place=2] best score = 0.00881960; best param = {'quantifier__classifier__C': 0.1, 'quantifier__classifier__class_weight': 'balanced', 'quantifier__classifier__gamma': 0.28121860835086143, 'quantifier__recalib': None, 'confidence': ['isoft']} [took 183.588s]
19/01/24 03:18:18| DEBUG       [BinaryQuantifierAccuracyEstimator] optimization finished: best params {'quantifier__classifier__C': 0.1, 'quantifier__classifier__class_weight': 'balanced', 'quantifier__classifier__gamma': 281.2186083508614, 'quantifier__recalib': None, 'confidence': ['isoft']} (score=0.00856) [took 303.3076s]
19/01/24 03:21:38| INFO        d_bin_sld_rbf_gs finished [took 503.4265s]
19/01/24 03:23:31| DEBUG       [size=11,place=1] best score = 0.00949693; best param = {'quantifier__classifier__C': 0.1, 'quantifier__classifier__class_weight': 'balanced', 'quantifier__classifier__gamma': 281.2186083508614, 'quantifier__recalib': None, 'confidence': ['isoft']} [took 111.285s]
19/01/24 03:23:31| DEBUG       [size=11,place=2] best score = 0.01062897; best param = {'quantifier__classifier__C': 0.1, 'quantifier__classifier__class_weight': 'balanced', 'quantifier__classifier__gamma': 0.28121860835086143, 'quantifier__recalib': None, 'confidence': ['max_conf', 'entropy', 'isoft']} [took 111.285s]
19/01/24 03:25:47| DEBUG       [size=28,place=1] best score = 0.00818784; best param = {'quantifier__classifier__C': 0.1, 'quantifier__classifier__class_weight': 'balanced', 'quantifier__classifier__gamma': 0.28121860835086143, 'quantifier__recalib': None, 'confidence': ['isoft']} [took 136.266s]
19/01/24 03:25:47| DEBUG       [size=28,place=2] best score = 0.01114854; best param = {'quantifier__classifier__C': 1000.0, 'quantifier__classifier__class_weight': 'balanced', 'quantifier__classifier__gamma': 0.28121860835086143, 'quantifier__recalib': None, 'confidence': ['max_conf', 'entropy', 'isoft']} [took 136.267s]
19/01/24 03:27:44| DEBUG       [size=16,place=1] best score = 0.00794537; best param = {'quantifier__classifier__C': 1000.0, 'quantifier__classifier__class_weight': 'balanced', 'quantifier__classifier__gamma': 0.28121860835086143, 'quantifier__recalib': None, 'confidence': None} [took 116.699s]
19/01/24 03:27:44| DEBUG       [size=16,place=2] best score = 0.00907111; best param = {'quantifier__classifier__C': 1000.0, 'quantifier__classifier__class_weight': 'balanced', 'quantifier__classifier__gamma': 0.28121860835086143, 'quantifier__recalib': None, 'confidence': ['isoft']} [took 116.700s]
19/01/24 03:29:25| DEBUG       [size=16,place=1] best score = 0.02172050; best param = {'quantifier__classifier__C': 1000.0, 'quantifier__classifier__class_weight': 'balanced', 'quantifier__classifier__gamma': 2.8121860835086143, 'quantifier__recalib': None, 'confidence': None} [took 101.272s]
19/01/24 03:29:25| DEBUG       [size=16,place=2] best score = 0.02490725; best param = {'quantifier__classifier__C': 1.0, 'quantifier__classifier__class_weight': 'balanced', 'quantifier__classifier__gamma': 0.28121860835086143, 'quantifier__recalib': None, 'confidence': None} [took 101.273s]
19/01/24 03:29:25| DEBUG       [MultiClassAccuracyEstimator] optimization finished: best params {'quantifier__classifier__C': 1000.0, 'quantifier__classifier__class_weight': 'balanced', 'quantifier__classifier__gamma': 0.28121860835086143, 'quantifier__recalib': None, 'confidence': None} (score=0.00795) [took 465.6335s]
19/01/24 03:32:05| INFO        d_mul_sld_rbf_gs finished [took 626.0882s]
19/01/24 03:34:22| DEBUG       [size=11,place=1] best score = 0.01147016; best param = {'quantifier__classifier__C': 0.1, 'quantifier__classifier__class_weight': 'balanced', 'quantifier__classifier__gamma': 281.2186083508614, 'quantifier__recalib': None, 'confidence': ['isoft']} [took 135.631s]
19/01/24 03:34:22| DEBUG       [size=11,place=2] best score = 0.02413380; best param = {'quantifier__classifier__C': 0.1, 'quantifier__classifier__class_weight': 'balanced', 'quantifier__classifier__gamma': 0.28121860835086143, 'quantifier__recalib': None, 'confidence': ['max_conf', 'entropy', 'isoft']} [took 135.632s]
19/01/24 03:36:50| DEBUG       [size=28,place=1] best score = 0.01058252; best param = {'quantifier__classifier__C': 0.1, 'quantifier__classifier__class_weight': 'balanced', 'quantifier__classifier__gamma': 281.2186083508614, 'quantifier__recalib': None, 'confidence': ['max_conf', 'entropy', 'isoft']} [took 148.354s]
19/01/24 03:36:50| DEBUG       [size=28,place=2] best score = 0.01142336; best param = {'quantifier__classifier__C': 0.1, 'quantifier__classifier__class_weight': 'balanced', 'quantifier__classifier__gamma': 281.2186083508614, 'quantifier__recalib': 'bcts', 'confidence': ['isoft']} [took 148.355s]
19/01/24 03:45:09| DEBUG       [size=21,place=1] best score = 0.00729348; best param = {'quantifier__classifier__C': 10.0, 'quantifier__classifier__class_weight': 'balanced', 'quantifier__classifier__gamma': 281.2186083508614, 'quantifier__recalib': 'bcts', 'confidence': ['isoft']} [took 498.985s]
19/01/24 03:45:09| DEBUG       [size=21,place=2] best score = 0.00926499; best param = {'quantifier__classifier__C': 0.1, 'quantifier__classifier__class_weight': 'balanced', 'quantifier__classifier__gamma': 2.8121860835086143, 'quantifier__recalib': 'bcts', 'confidence': ['isoft']} [took 498.986s]
19/01/24 03:46:13| DEBUG       [size=17,place=1] best score = 0.00679990; best param = {'quantifier__classifier__C': 10.0, 'quantifier__classifier__class_weight': 'balanced', 'quantifier__classifier__gamma': 0.28121860835086143, 'quantifier__recalib': 'bcts', 'confidence': ['isoft']} [took 63.782s]
19/01/24 03:46:13| DEBUG       [size=17,place=2] best score = 0.00770649; best param = {'quantifier__classifier__C': 0.01, 'quantifier__classifier__class_weight': 'balanced', 'quantifier__classifier__gamma': 2.8121860835086143, 'quantifier__recalib': 'bcts', 'confidence': ['isoft']} [took 63.782s]
19/01/24 03:47:19| DEBUG       [size=17,place=1] best score = 0.00755172; best param = {'quantifier__classifier__C': 0.01, 'quantifier__classifier__class_weight': 'balanced', 'quantifier__classifier__gamma': 28.121860835086142, 'quantifier__recalib': 'bcts', 'confidence': ['isoft']} [took 66.340s]
19/01/24 03:47:19| DEBUG       [size=17,place=2] best score = 0.00795669; best param = {'quantifier__classifier__C': 0.01, 'quantifier__classifier__class_weight': 'balanced', 'quantifier__classifier__gamma': 2.8121860835086143, 'quantifier__recalib': 'bcts', 'confidence': ['max_conf', 'entropy', 'isoft']} [took 66.341s]
19/01/24 03:47:19| DEBUG       [MultiClassAccuracyEstimator] optimization finished: best params {'quantifier__classifier__C': 10.0, 'quantifier__classifier__class_weight': 'balanced', 'quantifier__classifier__gamma': 0.28121860835086143, 'quantifier__recalib': 'bcts', 'confidence': ['isoft']} (score=0.00680) [took 913.2110s]
19/01/24 03:49:48| INFO        d_m3w_sld_rbf_gs finished [took 1061.6139s]
19/01/24 03:49:48| INFO     Dataset sample [0.1 0.9] of dataset rcv1_CCAT finished [took 2809.8572s]
19/01/24 03:49:48| INFO     Dataset sample [0.2 0.8] of dataset rcv1_CCAT started
19/01/24 03:54:39| INFO        d_bin_sld_rbf_mc finished [took 288.2020s]
19/01/24 03:54:44| INFO        d_bin_sld_rbf_c finished [took 293.2720s]
19/01/24 03:54:58| INFO        d_m3w_sld_rbf_mc finished [took 307.0814s]
19/01/24 03:55:03| INFO        d_bin_sld_rbf finished [took 311.6868s]
19/01/24 03:55:24| INFO        d_m3w_sld_rbf_c finished [took 332.5535s]
19/01/24 03:55:39| INFO        d_m3w_sld_rbf finished [took 347.7016s]
19/01/24 03:55:59| INFO        d_mul_sld_rbf_mc finished [took 368.7305s]
19/01/24 03:56:20| INFO        d_mul_sld_rbf_c finished [took 388.9906s]
19/01/24 03:56:39| INFO        d_mul_sld_rbf finished [took 408.0065s]
19/01/24 03:57:25| INFO        d_mul_sld_rbf_ne finished [took 453.7976s]
19/01/24 03:57:48| INFO        ref finished [took 87.0431s]
19/01/24 03:58:11| INFO        atc_mc finished [took 91.0032s]
19/01/24 03:58:53| INFO        d_bin_sld_rbf_ne finished [took 541.5514s]
19/01/24 03:59:03| INFO        doc finished [took 97.1916s]
19/01/24 03:59:14| INFO        d_m3w_sld_rbf_ne finished [took 274.0837s]
19/01/24 03:59:23| INFO        d_m3w_sld_rbf_is finished [took 259.6792s]
19/01/24 03:59:49| INFO        d_mul_sld_rbf_is finished [took 290.4767s]
19/01/24 04:00:29| INFO        d_m3w_sld_rbf_a finished [took 269.3632s]
19/01/24 04:00:35| INFO        d_mul_sld_rbf_a finished [took 295.1709s]
19/01/24 04:01:05| INFO        d_bin_sld_rbf_a finished [took 340.2057s]
19/01/24 04:01:17| INFO        d_bin_sld_rbf_is finished [took 391.9994s]
19/01/24 04:04:39| DEBUG       [size=11,place=1] best score = 0.01059268; best param = {'quantifier__classifier__C': 0.1, 'quantifier__classifier__class_weight': 'balanced', 'quantifier__classifier__gamma': 362.34367267259427, 'quantifier__recalib': None, 'confidence': ['isoft']} [took 200.500s]
19/01/24 04:04:39| DEBUG       [size=11,place=2] best score = 0.01351555; best param = {'quantifier__classifier__C': 100.0, 'quantifier__classifier__class_weight': 'balanced', 'quantifier__classifier__gamma': 0.036234367267259426, 'quantifier__recalib': None, 'confidence': None} [took 200.500s]
19/01/24 04:06:55| DEBUG       [size=30,place=1] best score = 0.00980318; best param = {'quantifier__classifier__C': 0.1, 'quantifier__classifier__class_weight': 'balanced', 'quantifier__classifier__gamma': 0.036234367267259426, 'quantifier__recalib': None, 'confidence': None} [took 136.034s]
19/01/24 04:06:55| DEBUG       [size=30,place=2] best score = 0.01015080; best param = {'quantifier__classifier__C': 0.1, 'quantifier__classifier__class_weight': 'balanced', 'quantifier__classifier__gamma': 362.34367267259427, 'quantifier__recalib': None, 'confidence': ['max_conf', 'entropy']} [took 136.034s]
19/01/24 04:09:09| DEBUG       [size=18,place=1] best score = 0.01110815; best param = {'quantifier__classifier__C': 0.1, 'quantifier__classifier__class_weight': 'balanced', 'quantifier__classifier__gamma': 0.036234367267259426, 'quantifier__recalib': None, 'confidence': ['max_conf', 'entropy']} [took 133.575s]
19/01/24 04:09:09| DEBUG       [size=18,place=2] best score = 0.01127548; best param = {'quantifier__classifier__C': 1000.0, 'quantifier__classifier__class_weight': 'balanced', 'quantifier__classifier__gamma': 362.34367267259427, 'quantifier__recalib': None, 'confidence': ['max_conf', 'entropy']} [took 133.575s]
19/01/24 04:09:09| DEBUG       [BinaryQuantifierAccuracyEstimator] optimization finished: best params {'quantifier__classifier__C': 0.1, 'quantifier__classifier__class_weight': 'balanced', 'quantifier__classifier__gamma': 0.036234367267259426, 'quantifier__recalib': None, 'confidence': None} (score=0.00980) [took 470.2173s]
19/01/24 04:13:50| INFO        d_bin_sld_rbf_gs finished [took 752.0001s]
19/01/24 04:17:31| DEBUG       [size=11,place=1] best score = 0.01344603; best param = {'quantifier__classifier__C': 1000.0, 'quantifier__classifier__class_weight': 'balanced', 'quantifier__classifier__gamma': 3.6234367267259424, 'quantifier__recalib': None, 'confidence': ['max_conf', 'entropy']} [took 219.632s]
19/01/24 04:17:31| DEBUG       [size=11,place=2] best score = 0.06181674; best param = {'quantifier__classifier__C': 0.1, 'quantifier__classifier__class_weight': 'balanced', 'quantifier__classifier__gamma': 362.34367267259427, 'quantifier__recalib': None, 'confidence': ['isoft']} [took 219.633s]
19/01/24 04:20:07| DEBUG       [size=29,place=1] best score = 0.01542641; best param = {'quantifier__classifier__C': 0.01, 'quantifier__classifier__class_weight': 'balanced', 'quantifier__classifier__gamma': 362.34367267259427, 'quantifier__recalib': None, 'confidence': ['isoft']} [took 156.034s]
19/01/24 04:20:07| DEBUG       [size=29,place=2] best score = 0.01637437; best param = {'quantifier__classifier__C': 1000.0, 'quantifier__classifier__class_weight': 'balanced', 'quantifier__classifier__gamma': 3.6234367267259424, 'quantifier__recalib': 'bcts', 'confidence': ['max_conf', 'entropy']} [took 156.034s]
19/01/24 04:20:07| DEBUG       [MultiClassAccuracyEstimator] optimization finished: best params {'quantifier__classifier__C': 1000.0, 'quantifier__classifier__class_weight': 'balanced', 'quantifier__classifier__gamma': 3.6234367267259424, 'quantifier__recalib': None, 'confidence': ['max_conf', 'entropy']} (score=0.01345) [took 375.7726s]
19/01/24 04:23:11| INFO        d_mul_sld_rbf_gs finished [took 559.4517s]
19/01/24 04:27:31| DEBUG       [size=11,place=1] best score = 0.00846065; best param = {'quantifier__classifier__C': 0.1, 'quantifier__classifier__class_weight': 'balanced', 'quantifier__classifier__gamma': 0.36234367267259426, 'quantifier__recalib': None, 'confidence': ['max_conf', 'entropy', 'isoft']} [took 258.776s]
19/01/24 04:27:31| DEBUG       [size=11,place=2] best score = 0.00871957; best param = {'quantifier__classifier__C': 1000.0, 'quantifier__classifier__class_weight': 'balanced', 'quantifier__classifier__gamma': 3.6234367267259424, 'quantifier__recalib': None, 'confidence': ['max_conf', 'entropy']} [took 258.777s]
19/01/24 04:30:07| DEBUG       [size=29,place=1] best score = 0.00708570; best param = {'quantifier__classifier__C': 10.0, 'quantifier__classifier__class_weight': 'balanced', 'quantifier__classifier__gamma': 0.36234367267259426, 'quantifier__recalib': None, 'confidence': ['max_conf', 'entropy', 'isoft']} [took 156.570s]
19/01/24 04:30:07| DEBUG       [size=29,place=2] best score = 0.00743420; best param = {'quantifier__classifier__C': 1000.0, 'quantifier__classifier__class_weight': 'balanced', 'quantifier__classifier__gamma': 0.36234367267259426, 'quantifier__recalib': None, 'confidence': ['max_conf', 'entropy', 'isoft']} [took 156.570s]
19/01/24 04:33:54| DEBUG       [size=16,place=1] best score = 0.00688028; best param = {'quantifier__classifier__C': 10.0, 'quantifier__classifier__class_weight': 'balanced', 'quantifier__classifier__gamma': 0.36234367267259426, 'quantifier__recalib': None, 'confidence': ['max_conf', 'entropy']} [took 226.866s]
19/01/24 04:33:54| DEBUG       [size=16,place=2] best score = 0.00734819; best param = {'quantifier__classifier__C': 10.0, 'quantifier__classifier__class_weight': 'balanced', 'quantifier__classifier__gamma': 0.36234367267259426, 'quantifier__recalib': None, 'confidence': ['isoft']} [took 226.866s]
19/01/24 04:34:39| DEBUG       [size=19,place=1] best score = 0.00751504; best param = {'quantifier__classifier__C': 100.0, 'quantifier__classifier__class_weight': 'balanced', 'quantifier__classifier__gamma': 0.36234367267259426, 'quantifier__recalib': None, 'confidence': ['max_conf', 'entropy']} [took 45.100s]
19/01/24 04:34:39| DEBUG       [size=19,place=2] best score = 0.00766527; best param = {'quantifier__classifier__C': 10.0, 'quantifier__classifier__class_weight': 'balanced', 'quantifier__classifier__gamma': 3.6234367267259424, 'quantifier__recalib': None, 'confidence': ['isoft']} [took 45.100s]
19/01/24 04:34:39| DEBUG       [MultiClassAccuracyEstimator] optimization finished: best params {'quantifier__classifier__C': 10.0, 'quantifier__classifier__class_weight': 'balanced', 'quantifier__classifier__gamma': 0.36234367267259426, 'quantifier__recalib': None, 'confidence': ['max_conf', 'entropy']} (score=0.00688) [took 687.4241s]
19/01/24 04:37:09| INFO        d_m3w_sld_rbf_gs finished [took 836.8229s]
19/01/24 04:37:09| INFO     Dataset sample [0.2 0.8] of dataset rcv1_CCAT finished [took 2841.0384s]
19/01/24 04:37:09| INFO     Dataset sample [0.3 0.7] of dataset rcv1_CCAT started
19/01/24 04:41:17| INFO        d_bin_sld_rbf_c finished [took 244.6527s]
19/01/24 04:41:39| INFO        d_bin_sld_rbf_ne finished [took 266.7909s]
19/01/24 04:42:07| INFO        d_bin_sld_rbf finished [took 294.7783s]
19/01/24 04:42:15| INFO        d_m3w_sld_rbf_mc finished [took 303.1806s]
19/01/24 04:42:41| INFO        d_bin_sld_rbf_mc finished [took 328.6559s]
19/01/24 04:43:07| INFO        d_mul_sld_rbf_ne finished [took 355.2789s]
19/01/24 04:43:26| INFO        d_mul_sld_rbf finished [took 375.1767s]
19/01/24 04:43:26| INFO        d_m3w_sld_rbf_c finished [took 374.2498s]
19/01/24 04:43:45| INFO        d_mul_sld_rbf_mc finished [took 392.8055s]
19/01/24 04:43:52| INFO        d_m3w_sld_rbf finished [took 399.9327s]
19/01/24 04:44:52| INFO        ref finished [took 84.5485s]
19/01/24 04:44:53| INFO        d_mul_sld_rbf_c finished [took 460.7927s]
19/01/24 04:45:14| INFO        atc_mc finished [took 88.4422s]
19/01/24 04:45:34| INFO        doc finished [took 100.7817s]
19/01/24 04:45:41| INFO        d_m3w_sld_rbf_ne finished [took 263.8161s]
19/01/24 04:46:25| INFO        d_m3w_sld_rbf_is finished [took 249.3182s]
19/01/24 04:46:32| INFO        d_bin_sld_rbf_a finished [took 230.8813s]
19/01/24 04:46:43| INFO        d_bin_sld_rbf_is finished [took 302.9568s]
19/01/24 04:47:22| INFO        d_mul_sld_rbf_a finished [took 253.4949s]
19/01/24 04:47:25| INFO        d_m3w_sld_rbf_a finished [took 238.1710s]
19/01/24 04:47:38| INFO        d_mul_sld_rbf_is finished [took 330.3307s]
19/01/24 04:48:27| DEBUG       [size=11,place=1] best score = 0.01441817; best param = {'quantifier__classifier__C': 1000.0, 'quantifier__classifier__class_weight': 'balanced', 'quantifier__classifier__gamma': 4.333301879503467, 'quantifier__recalib': None, 'confidence': ['max_conf', 'entropy']} [took 47.165s]
19/01/24 04:48:27| DEBUG       [size=11,place=2] best score = 0.01482634; best param = {'quantifier__classifier__C': 0.1, 'quantifier__classifier__class_weight': 'balanced', 'quantifier__classifier__gamma': 433.3301879503467, 'quantifier__recalib': None, 'confidence': ['isoft']} [took 47.166s]
19/01/24 04:49:41| DEBUG       [size=29,place=1] best score = 0.01260899; best param = {'quantifier__classifier__C': 1000.0, 'quantifier__classifier__class_weight': 'balanced', 'quantifier__classifier__gamma': 4.333301879503467, 'quantifier__recalib': None, 'confidence': None} [took 74.618s]
19/01/24 04:49:41| DEBUG       [size=29,place=2] best score = 0.01378672; best param = {'quantifier__classifier__C': 0.01, 'quantifier__classifier__class_weight': 'balanced', 'quantifier__classifier__gamma': 4.333301879503467, 'quantifier__recalib': None, 'confidence': ['max_conf', 'entropy']} [took 74.618s]
19/01/24 04:51:23| DEBUG       [size=20,place=1] best score = 0.01212947; best param = {'quantifier__classifier__C': 1000.0, 'quantifier__classifier__class_weight': 'balanced', 'quantifier__classifier__gamma': 4.333301879503467, 'quantifier__recalib': 'bcts', 'confidence': None} [took 101.483s]
19/01/24 04:51:23| DEBUG       [size=20,place=2] best score = 0.01254435; best param = {'quantifier__classifier__C': 10.0, 'quantifier__classifier__class_weight': 'balanced', 'quantifier__classifier__gamma': 4.333301879503467, 'quantifier__recalib': None, 'confidence': None} [took 101.484s]
19/01/24 04:57:01| DEBUG       [size=20,place=1] best score = 0.01236679; best param = {'quantifier__classifier__C': 10.0, 'quantifier__classifier__class_weight': 'balanced', 'quantifier__classifier__gamma': 4.333301879503467, 'quantifier__recalib': 'bcts', 'confidence': None} [took 338.009s]
19/01/24 04:57:01| DEBUG       [size=20,place=2] best score = 0.01301382; best param = {'quantifier__classifier__C': 1000.0, 'quantifier__classifier__class_weight': 'balanced', 'quantifier__classifier__gamma': 0.04333301879503467, 'quantifier__recalib': 'bcts', 'confidence': None} [took 338.010s]
19/01/24 04:57:01| DEBUG       [BinaryQuantifierAccuracyEstimator] optimization finished: best params {'quantifier__classifier__C': 1000.0, 'quantifier__classifier__class_weight': 'balanced', 'quantifier__classifier__gamma': 4.333301879503467, 'quantifier__recalib': 'bcts', 'confidence': None} (score=0.01213) [took 561.3887s]
19/01/24 04:59:24| INFO        d_bin_sld_rbf_gs finished [took 704.2356s]
19/01/24 05:00:35| DEBUG       [size=11,place=1] best score = 0.01125485; best param = {'quantifier__classifier__C': 0.1, 'quantifier__classifier__class_weight': 'balanced', 'quantifier__classifier__gamma': 0.4333301879503467, 'quantifier__recalib': None, 'confidence': ['max_conf', 'entropy', 'isoft']} [took 70.295s]
19/01/24 05:00:35| DEBUG       [size=11,place=2] best score = 0.01170707; best param = {'quantifier__classifier__C': 0.1, 'quantifier__classifier__class_weight': 'balanced', 'quantifier__classifier__gamma': 433.3301879503467, 'quantifier__recalib': None, 'confidence': ['isoft']} [took 70.296s]
19/01/24 05:02:25| DEBUG       [size=28,place=1] best score = 0.00820765; best param = {'quantifier__classifier__C': 0.01, 'quantifier__classifier__class_weight': 'balanced', 'quantifier__classifier__gamma': 0.4333301879503467, 'quantifier__recalib': None, 'confidence': ['max_conf', 'entropy', 'isoft']} [took 110.090s]
19/01/24 05:02:25| DEBUG       [size=28,place=2] best score = 0.01027854; best param = {'quantifier__classifier__C': 0.1, 'quantifier__classifier__class_weight': 'balanced', 'quantifier__classifier__gamma': 0.04333301879503467, 'quantifier__recalib': None, 'confidence': ['max_conf', 'entropy', 'isoft']} [took 110.090s]
19/01/24 05:03:43| DEBUG       [size=18,place=1] best score = 0.01121131; best param = {'quantifier__classifier__C': 1.0, 'quantifier__classifier__class_weight': 'balanced', 'quantifier__classifier__gamma': 0.04333301879503467, 'quantifier__recalib': None, 'confidence': ['max_conf', 'entropy', 'isoft']} [took 77.986s]
19/01/24 05:03:43| DEBUG       [size=18,place=2] best score = 0.01155151; best param = {'quantifier__classifier__C': 10.0, 'quantifier__classifier__class_weight': 'balanced', 'quantifier__classifier__gamma': 0.04333301879503467, 'quantifier__recalib': None, 'confidence': ['max_conf', 'entropy', 'isoft']} [took 77.986s]
19/01/24 05:03:43| DEBUG       [MultiClassAccuracyEstimator] optimization finished: best params {'quantifier__classifier__C': 0.01, 'quantifier__classifier__class_weight': 'balanced', 'quantifier__classifier__gamma': 0.4333301879503467, 'quantifier__recalib': None, 'confidence': ['max_conf', 'entropy', 'isoft']} (score=0.00821) [took 258.4812s]
19/01/24 05:10:09| INFO        d_mul_sld_rbf_gs finished [took 644.1709s]
19/01/24 05:11:58| DEBUG       [size=11,place=1] best score = 0.01116316; best param = {'quantifier__classifier__C': 0.1, 'quantifier__classifier__class_weight': 'balanced', 'quantifier__classifier__gamma': 433.3301879503467, 'quantifier__recalib': None, 'confidence': ['isoft']} [took 107.746s]
19/01/24 05:11:58| DEBUG       [size=11,place=2] best score = 0.01563535; best param = {'quantifier__classifier__C': 1000.0, 'quantifier__classifier__class_weight': None, 'quantifier__classifier__gamma': 43.33301879503467, 'quantifier__recalib': None, 'confidence': ['max_conf', 'entropy', 'isoft']} [took 107.747s]
19/01/24 05:19:22| DEBUG       [size=29,place=1] best score = 0.01082209; best param = {'quantifier__classifier__C': 0.1, 'quantifier__classifier__class_weight': 'balanced', 'quantifier__classifier__gamma': 433.3301879503467, 'quantifier__recalib': None, 'confidence': ['max_conf', 'entropy', 'isoft']} [took 444.896s]
19/01/24 05:19:22| DEBUG       [size=29,place=2] best score = 0.01093661; best param = {'quantifier__classifier__C': 10.0, 'quantifier__classifier__class_weight': 'balanced', 'quantifier__classifier__gamma': 433.3301879503467, 'quantifier__recalib': None, 'confidence': ['isoft']} [took 444.896s]
19/01/24 05:20:41| DEBUG       [size=19,place=1] best score = 0.01043522; best param = {'quantifier__classifier__C': 1.0, 'quantifier__classifier__class_weight': 'balanced', 'quantifier__classifier__gamma': 433.3301879503467, 'quantifier__recalib': None, 'confidence': ['max_conf', 'entropy', 'isoft']} [took 78.074s]
19/01/24 05:20:41| DEBUG       [size=19,place=2] best score = 0.01176169; best param = {'quantifier__classifier__C': 10.0, 'quantifier__classifier__class_weight': 'balanced', 'quantifier__classifier__gamma': 433.3301879503467, 'quantifier__recalib': None, 'confidence': ['max_conf', 'entropy', 'isoft']} [took 78.074s]
19/01/24 05:21:30| DEBUG       [size=13,place=1] best score = 0.01346328; best param = {'quantifier__classifier__C': 1.0, 'quantifier__classifier__class_weight': 'balanced', 'quantifier__classifier__gamma': 43.33301879503467, 'quantifier__recalib': None, 'confidence': ['max_conf', 'entropy', 'isoft']} [took 49.296s]
19/01/24 05:21:30| DEBUG       [size=13,place=2] best score = 0.01478657; best param = {'quantifier__classifier__C': 1.0, 'quantifier__classifier__class_weight': 'balanced', 'quantifier__classifier__gamma': 433.3301879503467, 'quantifier__recalib': None, 'confidence': ['max_conf', 'entropy']} [took 49.297s]
19/01/24 05:21:30| DEBUG       [MultiClassAccuracyEstimator] optimization finished: best params {'quantifier__classifier__C': 1.0, 'quantifier__classifier__class_weight': 'balanced', 'quantifier__classifier__gamma': 433.3301879503467, 'quantifier__recalib': None, 'confidence': ['max_conf', 'entropy', 'isoft']} (score=0.01044) [took 680.1329s]
19/01/24 05:27:33| INFO        d_m3w_sld_rbf_gs finished [took 1042.9531s]
19/01/24 05:27:33| INFO     Dataset sample [0.3 0.7] of dataset rcv1_CCAT finished [took 3023.8433s]
19/01/24 05:27:33| INFO     Dataset sample [0.4 0.6] of dataset rcv1_CCAT started
19/01/24 05:33:22| INFO        d_bin_sld_rbf_ne finished [took 344.1714s]
19/01/24 05:33:26| INFO        d_m3w_sld_rbf finished [took 348.6757s]
19/01/24 05:33:35| INFO        d_m3w_sld_rbf_mc finished [took 356.9433s]
19/01/24 05:33:42| INFO        d_m3w_sld_rbf_c finished [took 364.3043s]
19/01/24 05:34:23| INFO        d_bin_sld_rbf_mc finished [took 404.9306s]
19/01/24 05:34:42| INFO        d_mul_sld_rbf_c finished [took 424.6397s]
19/01/24 05:34:49| INFO        d_mul_sld_rbf_ne finished [took 431.3739s]
19/01/24 05:35:03| INFO        d_bin_sld_rbf finished [took 445.0628s]
19/01/24 05:35:28| INFO        d_bin_sld_rbf_c finished [took 472.5612s]
19/01/24 05:35:47| INFO        d_mul_sld_rbf_mc finished [took 488.8451s]
19/01/24 05:36:23| INFO        ref finished [took 79.3768s]
19/01/24 05:36:48| INFO        atc_mc finished [took 79.4279s]
19/01/24 05:36:59| INFO        doc finished [took 71.7967s]
19/01/24 05:37:02| INFO        d_mul_sld_rbf finished [took 564.1791s]
19/01/24 05:37:46| INFO        d_m3w_sld_rbf_is finished [took 242.8717s]
19/01/24 05:37:52| INFO        d_m3w_sld_rbf_ne finished [took 269.7860s]
19/01/24 05:38:46| INFO        d_bin_sld_rbf_is finished [took 319.0838s]
19/01/24 05:39:33| INFO        d_m3w_sld_rbf_a finished [took 282.8877s]
19/01/24 05:39:50| INFO        d_bin_sld_rbf_a finished [took 326.4487s]
19/01/24 05:40:16| INFO        d_mul_sld_rbf_is finished [took 400.3034s]
19/01/24 05:40:45| INFO        d_mul_sld_rbf_a finished [took 362.2140s]
19/01/24 05:41:48| DEBUG       [size=11,place=1] best score = 0.00822531; best param = {'quantifier__classifier__C': 0.1, 'quantifier__classifier__class_weight': 'balanced', 'quantifier__classifier__gamma': 0.4641684014969869, 'quantifier__recalib': None, 'confidence': ['max_conf', 'entropy', 'isoft']} [took 61.186s]
19/01/24 05:41:48| DEBUG       [size=11,place=2] best score = 0.00948310; best param = {'quantifier__classifier__C': 100.0, 'quantifier__classifier__class_weight': 'balanced', 'quantifier__classifier__gamma': 0.046416840149698685, 'quantifier__recalib': None, 'confidence': None} [took 61.187s]
19/01/24 05:42:40| DEBUG       [size=30,place=1] best score = 0.00800109; best param = {'quantifier__classifier__C': 0.1, 'quantifier__classifier__class_weight': 'balanced', 'quantifier__classifier__gamma': 0.4641684014969869, 'quantifier__recalib': None, 'confidence': ['isoft']} [took 52.799s]
19/01/24 05:42:40| DEBUG       [size=30,place=2] best score = 0.00814516; best param = {'quantifier__classifier__C': 0.1, 'quantifier__classifier__class_weight': 'balanced', 'quantifier__classifier__gamma': 0.4641684014969869, 'quantifier__recalib': 'bcts', 'confidence': ['max_conf', 'entropy', 'isoft']} [took 52.799s]
19/01/24 05:43:26| DEBUG       [size=24,place=1] best score = 0.00776606; best param = {'quantifier__classifier__C': 0.01, 'quantifier__classifier__class_weight': 'balanced', 'quantifier__classifier__gamma': 0.4641684014969869, 'quantifier__recalib': None, 'confidence': ['isoft']} [took 45.954s]
19/01/24 05:43:26| DEBUG       [size=24,place=2] best score = 0.00795707; best param = {'quantifier__classifier__C': 0.1, 'quantifier__classifier__class_weight': 'balanced', 'quantifier__classifier__gamma': 0.4641684014969869, 'quantifier__recalib': 'bcts', 'confidence': ['max_conf', 'entropy']} [took 45.955s]
19/01/24 05:44:09| DEBUG       [size=19,place=1] best score = 0.00769259; best param = {'quantifier__classifier__C': 0.01, 'quantifier__classifier__class_weight': 'balanced', 'quantifier__classifier__gamma': 464.16840149698686, 'quantifier__recalib': None, 'confidence': ['isoft']} [took 42.755s]
19/01/24 05:44:09| DEBUG       [size=19,place=2] best score = 0.00875427; best param = {'quantifier__classifier__C': 0.01, 'quantifier__classifier__class_weight': 'balanced', 'quantifier__classifier__gamma': 0.4641684014969869, 'quantifier__recalib': None, 'confidence': None} [took 42.756s]
19/01/24 05:45:00| DEBUG       [size=18,place=1] best score = 0.00642181; best param = {'quantifier__classifier__C': 0.01, 'quantifier__classifier__class_weight': 'balanced', 'quantifier__classifier__gamma': 464.16840149698686, 'quantifier__recalib': 'bcts', 'confidence': ['isoft']} [took 50.523s]
19/01/24 05:45:00| DEBUG       [size=18,place=2] best score = 0.00827708; best param = {'quantifier__classifier__C': 1.0, 'quantifier__classifier__class_weight': 'balanced', 'quantifier__classifier__gamma': 0.4641684014969869, 'quantifier__recalib': None, 'confidence': None} [took 50.524s]
19/01/24 05:47:09| DEBUG       [size=19,place=1] best score = 0.00636075; best param = {'quantifier__classifier__C': 0.01, 'quantifier__classifier__class_weight': 'balanced', 'quantifier__classifier__gamma': 464.16840149698686, 'quantifier__recalib': 'bcts', 'confidence': ['max_conf', 'entropy', 'isoft']} [took 129.786s]
19/01/24 05:47:09| DEBUG       [size=19,place=2] best score = 0.00866961; best param = {'quantifier__classifier__C': 1.0, 'quantifier__classifier__class_weight': 'balanced', 'quantifier__classifier__gamma': 0.4641684014969869, 'quantifier__recalib': 'bcts', 'confidence': None} [took 129.786s]
19/01/24 05:49:03| DEBUG       [size=19,place=1] best score = 0.00920208; best param = {'quantifier__classifier__C': 1.0, 'quantifier__classifier__class_weight': 'balanced', 'quantifier__classifier__gamma': 464.16840149698686, 'quantifier__recalib': 'bcts', 'confidence': ['max_conf', 'entropy', 'isoft']} [took 113.150s]
19/01/24 05:49:03| DEBUG       [size=19,place=2] best score = 0.00922147; best param = {'quantifier__classifier__C': 1.0, 'quantifier__classifier__class_weight': 'balanced', 'quantifier__classifier__gamma': 0.4641684014969869, 'quantifier__recalib': 'bcts', 'confidence': ['isoft']} [took 113.150s]
19/01/24 05:49:03| DEBUG       [BinaryQuantifierAccuracyEstimator] optimization finished: best params {'quantifier__classifier__C': 0.01, 'quantifier__classifier__class_weight': 'balanced', 'quantifier__classifier__gamma': 464.16840149698686, 'quantifier__recalib': 'bcts', 'confidence': ['max_conf', 'entropy', 'isoft']} (score=0.00636) [took 496.2751s]
19/01/24 05:54:20| INFO        d_bin_sld_rbf_gs finished [took 813.9668s]
19/01/24 05:55:29| DEBUG       [size=11,place=1] best score = 0.01027819; best param = {'quantifier__classifier__C': 0.1, 'quantifier__classifier__class_weight': 'balanced', 'quantifier__classifier__gamma': 464.16840149698686, 'quantifier__recalib': None, 'confidence': ['isoft']} [took 67.581s]
19/01/24 05:55:29| DEBUG       [size=11,place=2] best score = 0.01144234; best param = {'quantifier__classifier__C': 1000.0, 'quantifier__classifier__class_weight': 'balanced', 'quantifier__classifier__gamma': 4.641684014969869, 'quantifier__recalib': None, 'confidence': ['max_conf', 'entropy']} [took 67.582s]
19/01/24 05:58:02| DEBUG       [size=29,place=1] best score = 0.00836068; best param = {'quantifier__classifier__C': 1000.0, 'quantifier__classifier__class_weight': 'balanced', 'quantifier__classifier__gamma': 4.641684014969869, 'quantifier__recalib': 'bcts', 'confidence': ['max_conf', 'entropy']} [took 152.923s]
19/01/24 05:58:02| DEBUG       [size=29,place=2] best score = 0.00913932; best param = {'quantifier__classifier__C': 1000.0, 'quantifier__classifier__class_weight': 'balanced', 'quantifier__classifier__gamma': 4.641684014969869, 'quantifier__recalib': None, 'confidence': None} [took 152.923s]
19/01/24 06:02:32| DEBUG       [size=25,place=1] best score = 0.00806881; best param = {'quantifier__classifier__C': 0.01, 'quantifier__classifier__class_weight': 'balanced', 'quantifier__classifier__gamma': 4.641684014969869, 'quantifier__recalib': 'bcts', 'confidence': ['max_conf', 'entropy']} [took 269.832s]
19/01/24 06:02:32| DEBUG       [size=25,place=2] best score = 0.00863764; best param = {'quantifier__classifier__C': 1000.0, 'quantifier__classifier__class_weight': 'balanced', 'quantifier__classifier__gamma': 0.4641684014969869, 'quantifier__recalib': 'bcts', 'confidence': ['max_conf', 'entropy']} [took 269.833s]
19/01/24 06:04:12| DEBUG       [size=17,place=1] best score = 0.00772856; best param = {'quantifier__classifier__C': 1.0, 'quantifier__classifier__class_weight': 'balanced', 'quantifier__classifier__gamma': 0.4641684014969869, 'quantifier__recalib': 'bcts', 'confidence': ['max_conf', 'entropy']} [took 100.476s]
19/01/24 06:04:12| DEBUG       [size=17,place=2] best score = 0.00779185; best param = {'quantifier__classifier__C': 0.1, 'quantifier__classifier__class_weight': 'balanced', 'quantifier__classifier__gamma': 0.4641684014969869, 'quantifier__recalib': 'bcts', 'confidence': ['max_conf', 'entropy']} [took 100.476s]
19/01/24 06:05:20| DEBUG       [size=16,place=1] best score = 0.00744322; best param = {'quantifier__classifier__C': 1.0, 'quantifier__classifier__class_weight': 'balanced', 'quantifier__classifier__gamma': 0.4641684014969869, 'quantifier__recalib': 'bcts', 'confidence': ['max_conf', 'entropy', 'isoft']} [took 67.827s]
19/01/24 06:05:20| DEBUG       [size=16,place=2] best score = 0.00747546; best param = {'quantifier__classifier__C': 1.0, 'quantifier__classifier__class_weight': 'balanced', 'quantifier__classifier__gamma': 0.4641684014969869, 'quantifier__recalib': 'bcts', 'confidence': ['isoft']} [took 67.828s]
19/01/24 06:06:38| DEBUG       [size=20,place=1] best score = 0.00814284; best param = {'quantifier__classifier__C': 1.0, 'quantifier__classifier__class_weight': 'balanced', 'quantifier__classifier__gamma': 0.046416840149698685, 'quantifier__recalib': 'bcts', 'confidence': ['isoft']} [took 78.326s]
19/01/24 06:06:38| DEBUG       [size=20,place=2] best score = 0.00844411; best param = {'quantifier__classifier__C': 1.0, 'quantifier__classifier__class_weight': 'balanced', 'quantifier__classifier__gamma': 0.046416840149698685, 'quantifier__recalib': 'bcts', 'confidence': ['max_conf', 'entropy', 'isoft']} [took 78.326s]
19/01/24 06:06:38| DEBUG       [MultiClassAccuracyEstimator] optimization finished: best params {'quantifier__classifier__C': 1.0, 'quantifier__classifier__class_weight': 'balanced', 'quantifier__classifier__gamma': 0.4641684014969869, 'quantifier__recalib': 'bcts', 'confidence': ['max_conf', 'entropy', 'isoft']} (score=0.00744) [took 737.0838s]
19/01/24 06:10:50| INFO        d_mul_sld_rbf_gs finished [took 989.0636s]
19/01/24 06:13:05| DEBUG       [size=11,place=1] best score = 0.01764359; best param = {'quantifier__classifier__C': 100.0, 'quantifier__classifier__class_weight': 'balanced', 'quantifier__classifier__gamma': 0.046416840149698685, 'quantifier__recalib': None, 'confidence': None} [took 134.461s]
19/01/24 06:13:05| DEBUG       [size=11,place=2] best score = 0.02945840; best param = {'quantifier__classifier__C': 0.1, 'quantifier__classifier__class_weight': 'balanced', 'quantifier__classifier__gamma': 464.16840149698686, 'quantifier__recalib': None, 'confidence': ['isoft']} [took 134.462s]
19/01/24 06:15:19| DEBUG       [size=30,place=1] best score = 0.00679090; best param = {'quantifier__classifier__C': 0.01, 'quantifier__classifier__class_weight': 'balanced', 'quantifier__classifier__gamma': 464.16840149698686, 'quantifier__recalib': None, 'confidence': ['isoft']} [took 133.981s]
19/01/24 06:15:19| DEBUG       [size=30,place=2] best score = 0.01194163; best param = {'quantifier__classifier__C': 100.0, 'quantifier__classifier__class_weight': 'balanced', 'quantifier__classifier__gamma': 0.046416840149698685, 'quantifier__recalib': 'bcts', 'confidence': None} [took 133.982s]
19/01/24 06:17:52| DEBUG       [size=23,place=1] best score = 0.01021619; best param = {'quantifier__classifier__C': 100.0, 'quantifier__classifier__class_weight': 'balanced', 'quantifier__classifier__gamma': 46.416840149698686, 'quantifier__recalib': 'bcts', 'confidence': None} [took 152.808s]
19/01/24 06:17:52| DEBUG       [size=23,place=2] best score = 0.01044635; best param = {'quantifier__classifier__C': 100.0, 'quantifier__classifier__class_weight': 'balanced', 'quantifier__classifier__gamma': 0.046416840149698685, 'quantifier__recalib': 'bcts', 'confidence': ['max_conf', 'entropy', 'isoft']} [took 152.809s]
19/01/24 06:17:52| DEBUG       [MultiClassAccuracyEstimator] optimization finished: best params {'quantifier__classifier__C': 0.01, 'quantifier__classifier__class_weight': 'balanced', 'quantifier__classifier__gamma': 464.16840149698686, 'quantifier__recalib': None, 'confidence': ['isoft']} (score=0.00679) [took 421.3669s]
19/01/24 06:28:33| INFO        d_m3w_sld_rbf_gs finished [took 1062.2915s]
19/01/24 06:28:33| INFO     Dataset sample [0.4 0.6] of dataset rcv1_CCAT finished [took 3660.4458s]
19/01/24 06:28:33| INFO     Dataset sample [0.5 0.5] of dataset rcv1_CCAT started
19/01/24 06:32:46| INFO        d_bin_sld_rbf_ne finished [took 247.7719s]
19/01/24 06:33:09| INFO        d_bin_sld_rbf_c finished [took 270.7416s]
19/01/24 06:33:31| INFO        d_bin_sld_rbf finished [took 291.9227s]
19/01/24 06:33:31| INFO        d_m3w_sld_rbf_c finished [took 292.5435s]
19/01/24 06:34:18| INFO        d_m3w_sld_rbf_mc finished [took 339.7057s]
19/01/24 06:34:26| INFO        d_m3w_sld_rbf finished [took 347.2194s]
19/01/24 06:34:38| INFO        d_mul_sld_rbf_c finished [took 361.8529s]
19/01/24 06:35:02| INFO        d_bin_sld_rbf_mc finished [took 383.4772s]
19/01/24 06:35:07| INFO        d_mul_sld_rbf finished [took 388.6530s]
19/01/24 06:35:55| INFO        d_mul_sld_rbf_mc finished [took 436.6638s]
19/01/24 06:36:31| INFO        ref finished [took 87.7544s]
19/01/24 06:36:34| INFO        d_mul_sld_rbf_ne finished [took 476.2940s]
19/01/24 06:36:43| INFO        atc_mc finished [took 95.2914s]
19/01/24 06:36:58| INFO        doc finished [took 62.8357s]
19/01/24 06:37:32| INFO        d_m3w_sld_rbf_ne finished [took 284.4387s]
19/01/24 06:37:39| INFO        d_bin_sld_rbf_is finished [took 268.5648s]
19/01/24 06:37:56| INFO        d_m3w_sld_rbf_is finished [took 264.1228s]
19/01/24 06:38:32| INFO        d_mul_sld_rbf_is finished [took 301.0340s]
19/01/24 06:38:34| INFO        d_m3w_sld_rbf_a finished [took 234.8554s]
19/01/24 06:39:30| INFO        d_bin_sld_rbf_a finished [took 310.6661s]
19/01/24 06:39:33| INFO        d_mul_sld_rbf_a finished [took 306.0296s]
19/01/24 06:40:24| DEBUG       [size=11,place=1] best score = 0.00805757; best param = {'quantifier__classifier__C': 0.1, 'quantifier__classifier__class_weight': 'balanced', 'quantifier__classifier__gamma': 0.48321799946711175, 'quantifier__recalib': None, 'confidence': ['max_conf', 'entropy', 'isoft']} [took 49.862s]
19/01/24 06:40:24| DEBUG       [size=11,place=2] best score = 0.00981063; best param = {'quantifier__classifier__C': 100.0, 'quantifier__classifier__class_weight': 'balanced', 'quantifier__classifier__gamma': 0.04832179994671117, 'quantifier__recalib': None, 'confidence': None} [took 49.863s]
19/01/24 06:41:15| DEBUG       [size=30,place=1] best score = 0.00778244; best param = {'quantifier__classifier__C': 0.1, 'quantifier__classifier__class_weight': 'balanced', 'quantifier__classifier__gamma': 0.48321799946711175, 'quantifier__recalib': None, 'confidence': ['isoft']} [took 51.293s]
19/01/24 06:41:15| DEBUG       [size=30,place=2] best score = 0.00793691; best param = {'quantifier__classifier__C': 10.0, 'quantifier__classifier__class_weight': 'balanced', 'quantifier__classifier__gamma': 0.04832179994671117, 'quantifier__recalib': None, 'confidence': None} [took 51.293s]
19/01/24 06:41:43| DEBUG       [size=20,place=1] best score = 0.00829340; best param = {'quantifier__classifier__C': 0.01, 'quantifier__classifier__class_weight': 'balanced', 'quantifier__classifier__gamma': 0.48321799946711175, 'quantifier__recalib': None, 'confidence': ['isoft']} [took 27.620s]
19/01/24 06:41:43| DEBUG       [size=20,place=2] best score = 0.00883316; best param = {'quantifier__classifier__C': 0.1, 'quantifier__classifier__class_weight': 'balanced', 'quantifier__classifier__gamma': 0.04832179994671117, 'quantifier__recalib': None, 'confidence': ['isoft']} [took 27.621s]
19/01/24 06:41:43| DEBUG       [BinaryQuantifierAccuracyEstimator] optimization finished: best params {'quantifier__classifier__C': 0.1, 'quantifier__classifier__class_weight': 'balanced', 'quantifier__classifier__gamma': 0.48321799946711175, 'quantifier__recalib': None, 'confidence': ['isoft']} (score=0.00778) [took 128.8856s]
19/01/24 06:44:29| INFO        d_bin_sld_rbf_gs finished [took 295.4619s]
19/01/24 06:45:28| DEBUG       [size=11,place=1] best score = 0.00828373; best param = {'quantifier__classifier__C': 0.1, 'quantifier__classifier__class_weight': 'balanced', 'quantifier__classifier__gamma': 0.48321799946711175, 'quantifier__recalib': None, 'confidence': ['max_conf', 'entropy', 'isoft']} [took 57.290s]
19/01/24 06:45:28| DEBUG       [size=11,place=2] best score = 0.00865624; best param = {'quantifier__classifier__C': 100.0, 'quantifier__classifier__class_weight': 'balanced', 'quantifier__classifier__gamma': 0.04832179994671117, 'quantifier__recalib': None, 'confidence': None} [took 57.291s]
19/01/24 06:46:59| DEBUG       [size=30,place=1] best score = 0.00730280; best param = {'quantifier__classifier__C': 0.1, 'quantifier__classifier__class_weight': 'balanced', 'quantifier__classifier__gamma': 0.48321799946711175, 'quantifier__recalib': None, 'confidence': ['max_conf', 'entropy']} [took 91.096s]
19/01/24 06:46:59| DEBUG       [size=30,place=2] best score = 0.00740458; best param = {'quantifier__classifier__C': 10.0, 'quantifier__classifier__class_weight': 'balanced', 'quantifier__classifier__gamma': 0.04832179994671117, 'quantifier__recalib': None, 'confidence': None} [took 91.096s]
19/01/24 06:47:56| DEBUG       [size=21,place=1] best score = 0.00734486; best param = {'quantifier__classifier__C': 10.0, 'quantifier__classifier__class_weight': 'balanced', 'quantifier__classifier__gamma': 0.04832179994671117, 'quantifier__recalib': None, 'confidence': ['max_conf', 'entropy', 'isoft']} [took 56.681s]
19/01/24 06:47:56| DEBUG       [size=21,place=2] best score = 0.00734808; best param = {'quantifier__classifier__C': 10.0, 'quantifier__classifier__class_weight': 'balanced', 'quantifier__classifier__gamma': 0.04832179994671117, 'quantifier__recalib': None, 'confidence': ['isoft']} [took 56.682s]
19/01/24 06:47:56| DEBUG       [MultiClassAccuracyEstimator] optimization finished: best params {'quantifier__classifier__C': 0.1, 'quantifier__classifier__class_weight': 'balanced', 'quantifier__classifier__gamma': 0.48321799946711175, 'quantifier__recalib': None, 'confidence': ['max_conf', 'entropy']} (score=0.00730) [took 205.1789s]
19/01/24 06:52:57| INFO        d_mul_sld_rbf_gs finished [took 506.5619s]
19/01/24 06:55:00| DEBUG       [size=11,place=1] best score = 0.01875935; best param = {'quantifier__classifier__C': 100.0, 'quantifier__classifier__class_weight': 'balanced', 'quantifier__classifier__gamma': 0.04832179994671117, 'quantifier__recalib': None, 'confidence': None} [took 121.893s]
19/01/24 06:55:00| DEBUG       [size=11,place=2] best score = 0.02169351; best param = {'quantifier__classifier__C': 0.1, 'quantifier__classifier__class_weight': 'balanced', 'quantifier__classifier__gamma': 483.2179994671117, 'quantifier__recalib': None, 'confidence': ['isoft']} [took 121.894s]
19/01/24 06:57:25| DEBUG       [size=30,place=1] best score = 0.00627792; best param = {'quantifier__classifier__C': 0.1, 'quantifier__classifier__class_weight': 'balanced', 'quantifier__classifier__gamma': 483.2179994671117, 'quantifier__recalib': 'bcts', 'confidence': ['isoft']} [took 144.467s]
19/01/24 06:57:25| DEBUG       [size=30,place=2] best score = 0.00975250; best param = {'quantifier__classifier__C': 100.0, 'quantifier__classifier__class_weight': 'balanced', 'quantifier__classifier__gamma': 0.04832179994671117, 'quantifier__recalib': 'bcts', 'confidence': None} [took 144.467s]
19/01/24 07:01:21| DEBUG       [size=28,place=1] best score = 0.00629499; best param = {'quantifier__classifier__C': 0.1, 'quantifier__classifier__class_weight': 'balanced', 'quantifier__classifier__gamma': 483.2179994671117, 'quantifier__recalib': 'bcts', 'confidence': ['max_conf', 'entropy']} [took 235.856s]
19/01/24 07:01:21| DEBUG       [size=28,place=2] best score = 0.00642690; best param = {'quantifier__classifier__C': 0.1, 'quantifier__classifier__class_weight': 'balanced', 'quantifier__classifier__gamma': 483.2179994671117, 'quantifier__recalib': 'bcts', 'confidence': ['max_conf', 'entropy', 'isoft']} [took 235.856s]
19/01/24 07:01:21| DEBUG       [MultiClassAccuracyEstimator] optimization finished: best params {'quantifier__classifier__C': 0.1, 'quantifier__classifier__class_weight': 'balanced', 'quantifier__classifier__gamma': 483.2179994671117, 'quantifier__recalib': 'bcts', 'confidence': ['isoft']} (score=0.00628) [took 502.3293s]
19/01/24 07:08:29| INFO        d_m3w_sld_rbf_gs finished [took 930.2023s]
19/01/24 07:08:29| INFO     Dataset sample [0.5 0.5] of dataset rcv1_CCAT finished [took 2395.3296s]
19/01/24 07:08:29| INFO     Dataset sample [0.6 0.4] of dataset rcv1_CCAT started
19/01/24 07:12:55| INFO        d_bin_sld_rbf_mc finished [took 262.5854s]
19/01/24 07:13:40| INFO        d_bin_sld_rbf_c finished [took 307.0284s]
19/01/24 07:13:45| INFO        d_m3w_sld_rbf_mc finished [took 313.2414s]
19/01/24 07:13:59| INFO        d_bin_sld_rbf finished [took 326.2170s]
19/01/24 07:14:11| INFO        d_m3w_sld_rbf finished [took 338.2141s]
19/01/24 07:14:45| INFO        d_mul_sld_rbf finished [took 372.4342s]
19/01/24 07:14:46| INFO        d_mul_sld_rbf_c finished [took 373.2403s]
19/01/24 07:15:00| INFO        d_m3w_sld_rbf_c finished [took 387.1151s]
19/01/24 07:15:04| INFO        d_bin_sld_rbf_ne finished [took 391.9162s]
19/01/24 07:15:40| INFO        d_mul_sld_rbf_mc finished [took 426.8897s]
19/01/24 07:15:52| INFO        d_mul_sld_rbf_ne finished [took 438.8224s]
19/01/24 07:16:31| INFO        ref finished [took 90.4234s]
19/01/24 07:16:39| INFO        atc_mc finished [took 94.5746s]
19/01/24 07:17:01| INFO        doc finished [took 80.6722s]
19/01/24 07:17:07| INFO        d_bin_sld_rbf_is finished [took 206.9505s]
19/01/24 07:17:50| INFO        d_m3w_sld_rbf_ne finished [took 294.2220s]
19/01/24 07:18:07| INFO        d_bin_sld_rbf_a finished [took 235.4485s]
19/01/24 07:18:15| INFO        d_mul_sld_rbf_is finished [took 270.1114s]
19/01/24 07:18:16| INFO        d_m3w_sld_rbf_is finished [took 256.6976s]
19/01/24 07:18:42| INFO        d_m3w_sld_rbf_a finished [took 235.7758s]
19/01/24 07:19:32| INFO        d_mul_sld_rbf_a finished [took 286.4652s]
19/01/24 07:21:06| DEBUG       [size=11,place=1] best score = 0.01576477; best param = {'quantifier__classifier__C': 100.0, 'quantifier__classifier__class_weight': 'balanced', 'quantifier__classifier__gamma': 0.04623123546337674, 'quantifier__recalib': None, 'confidence': None} [took 92.579s]
19/01/24 07:21:06| DEBUG       [size=11,place=2] best score = 0.01934955; best param = {'quantifier__classifier__C': 0.1, 'quantifier__classifier__class_weight': 'balanced', 'quantifier__classifier__gamma': 0.46231235463376746, 'quantifier__recalib': None, 'confidence': ['max_conf', 'entropy', 'isoft']} [took 92.580s]
19/01/24 07:22:10| DEBUG       [size=30,place=1] best score = 0.01354503; best param = {'quantifier__classifier__C': 100.0, 'quantifier__classifier__class_weight': 'balanced', 'quantifier__classifier__gamma': 0.04623123546337674, 'quantifier__recalib': 'bcts', 'confidence': None} [took 64.871s]
19/01/24 07:22:10| DEBUG       [size=30,place=2] best score = 0.01363113; best param = {'quantifier__classifier__C': 0.1, 'quantifier__classifier__class_weight': 'balanced', 'quantifier__classifier__gamma': 0.46231235463376746, 'quantifier__recalib': None, 'confidence': ['max_conf', 'entropy']} [took 64.872s]
19/01/24 07:24:28| DEBUG       [size=26,place=1] best score = 0.01120151; best param = {'quantifier__classifier__C': 100.0, 'quantifier__classifier__class_weight': 'balanced', 'quantifier__classifier__gamma': 0.04623123546337674, 'quantifier__recalib': 'bcts', 'confidence': ['isoft']} [took 137.540s]
19/01/24 07:24:28| DEBUG       [size=26,place=2] best score = 0.01205318; best param = {'quantifier__classifier__C': 1.0, 'quantifier__classifier__class_weight': 'balanced', 'quantifier__classifier__gamma': 0.04623123546337674, 'quantifier__recalib': 'bcts', 'confidence': None} [took 137.541s]
19/01/24 07:25:43| DEBUG       [size=18,place=1] best score = 0.01149553; best param = {'quantifier__classifier__C': 100.0, 'quantifier__classifier__class_weight': 'balanced', 'quantifier__classifier__gamma': 46.23123546337674, 'quantifier__recalib': 'bcts', 'confidence': ['isoft']} [took 74.676s]
19/01/24 07:25:43| DEBUG       [size=18,place=2] best score = 0.01160112; best param = {'quantifier__classifier__C': 1.0, 'quantifier__classifier__class_weight': 'balanced', 'quantifier__classifier__gamma': 462.3123546337674, 'quantifier__recalib': 'bcts', 'confidence': None} [took 74.677s]
19/01/24 07:25:43| DEBUG       [BinaryQuantifierAccuracyEstimator] optimization finished: best params {'quantifier__classifier__C': 100.0, 'quantifier__classifier__class_weight': 'balanced', 'quantifier__classifier__gamma': 0.04623123546337674, 'quantifier__recalib': 'bcts', 'confidence': ['isoft']} (score=0.01120) [took 369.7812s]
19/01/24 07:28:26| INFO        d_bin_sld_rbf_gs finished [took 532.8501s]
19/01/24 07:30:10| DEBUG       [size=11,place=1] best score = 0.01794118; best param = {'quantifier__classifier__C': 100.0, 'quantifier__classifier__class_weight': 'balanced', 'quantifier__classifier__gamma': 0.04623123546337674, 'quantifier__recalib': None, 'confidence': None} [took 103.582s]
19/01/24 07:30:10| DEBUG       [size=11,place=2] best score = 0.02751267; best param = {'quantifier__classifier__C': 0.1, 'quantifier__classifier__class_weight': 'balanced', 'quantifier__classifier__gamma': 0.46231235463376746, 'quantifier__recalib': None, 'confidence': ['max_conf', 'entropy', 'isoft']} [took 103.583s]
19/01/24 07:31:42| DEBUG       [size=30,place=1] best score = 0.00861759; best param = {'quantifier__classifier__C': 0.1, 'quantifier__classifier__class_weight': 'balanced', 'quantifier__classifier__gamma': 0.46231235463376746, 'quantifier__recalib': 'bcts', 'confidence': ['max_conf', 'entropy', 'isoft']} [took 92.268s]
19/01/24 07:31:42| DEBUG       [size=30,place=2] best score = 0.01138128; best param = {'quantifier__classifier__C': 100.0, 'quantifier__classifier__class_weight': 'balanced', 'quantifier__classifier__gamma': 0.04623123546337674, 'quantifier__recalib': 'bcts', 'confidence': None} [took 92.269s]
19/01/24 07:35:18| DEBUG       [size=28,place=1] best score = 0.00887277; best param = {'quantifier__classifier__C': 10.0, 'quantifier__classifier__class_weight': 'balanced', 'quantifier__classifier__gamma': 0.46231235463376746, 'quantifier__recalib': 'bcts', 'confidence': ['max_conf', 'entropy', 'isoft']} [took 215.407s]
19/01/24 07:35:18| DEBUG       [size=28,place=2] best score = 0.00925150; best param = {'quantifier__classifier__C': 0.1, 'quantifier__classifier__class_weight': 'balanced', 'quantifier__classifier__gamma': 46.23123546337674, 'quantifier__recalib': 'bcts', 'confidence': ['max_conf', 'entropy', 'isoft']} [took 215.407s]
19/01/24 07:35:18| DEBUG       [MultiClassAccuracyEstimator] optimization finished: best params {'quantifier__classifier__C': 0.1, 'quantifier__classifier__class_weight': 'balanced', 'quantifier__classifier__gamma': 0.46231235463376746, 'quantifier__recalib': 'bcts', 'confidence': ['max_conf', 'entropy', 'isoft']} (score=0.00862) [took 411.3673s]
19/01/24 07:40:14| INFO        d_mul_sld_rbf_gs finished [took 707.5819s]
19/01/24 07:42:48| DEBUG       [size=11,place=1] best score = 0.01236979; best param = {'quantifier__classifier__C': 1000.0, 'quantifier__classifier__class_weight': None, 'quantifier__classifier__gamma': 46.23123546337674, 'quantifier__recalib': None, 'confidence': ['max_conf', 'entropy', 'isoft']} [took 153.436s]
19/01/24 07:42:48| DEBUG       [size=11,place=2] best score = 0.01432063; best param = {'quantifier__classifier__C': 10.0, 'quantifier__classifier__class_weight': None, 'quantifier__classifier__gamma': 462.3123546337674, 'quantifier__recalib': None, 'confidence': ['max_conf', 'entropy', 'isoft']} [took 153.437s]
19/01/24 07:52:08| DEBUG       [size=27,place=1] best score = 0.01063417; best param = {'quantifier__classifier__C': 100.0, 'quantifier__classifier__class_weight': None, 'quantifier__classifier__gamma': 462.3123546337674, 'quantifier__recalib': None, 'confidence': ['max_conf', 'entropy', 'isoft']} [took 560.020s]
19/01/24 07:52:08| DEBUG       [size=27,place=2] best score = 0.01073661; best param = {'quantifier__classifier__C': 10.0, 'quantifier__classifier__class_weight': None, 'quantifier__classifier__gamma': 462.3123546337674, 'quantifier__recalib': None, 'confidence': ['max_conf', 'entropy']} [took 560.020s]
19/01/24 07:55:47| DEBUG       [size=18,place=1] best score = 0.01069481; best param = {'quantifier__classifier__C': 100.0, 'quantifier__classifier__class_weight': None, 'quantifier__classifier__gamma': 462.3123546337674, 'quantifier__recalib': None, 'confidence': ['max_conf', 'entropy']} [took 219.506s]
19/01/24 07:55:47| DEBUG       [size=18,place=2] best score = 0.01093684; best param = {'quantifier__classifier__C': 1.0, 'quantifier__classifier__class_weight': None, 'quantifier__classifier__gamma': 462.3123546337674, 'quantifier__recalib': None, 'confidence': ['max_conf', 'entropy']} [took 219.507s]
19/01/24 07:55:47| DEBUG       [MultiClassAccuracyEstimator] optimization finished: best params {'quantifier__classifier__C': 100.0, 'quantifier__classifier__class_weight': None, 'quantifier__classifier__gamma': 462.3123546337674, 'quantifier__recalib': None, 'confidence': ['max_conf', 'entropy', 'isoft']} (score=0.01063) [took 933.0776s]
19/01/24 08:01:50| INFO        d_m3w_sld_rbf_gs finished [took 1295.2500s]
19/01/24 08:01:50| INFO     Dataset sample [0.6 0.4] of dataset rcv1_CCAT finished [took 3201.0116s]
19/01/24 08:01:50| INFO     Dataset sample [0.7 0.3] of dataset rcv1_CCAT started
19/01/24 08:06:26| INFO        d_bin_sld_rbf_c finished [took 270.7119s]
19/01/24 08:07:01| INFO        d_bin_sld_rbf_mc finished [took 305.1895s]
19/01/24 08:07:10| INFO        d_m3w_sld_rbf finished [took 313.9491s]
19/01/24 08:07:12| INFO        d_m3w_sld_rbf_c finished [took 316.7791s]
19/01/24 08:07:23| INFO        d_bin_sld_rbf_ne finished [took 327.1960s]
19/01/24 08:07:38| INFO        d_bin_sld_rbf finished [took 342.2937s]
19/01/24 08:07:47| INFO        d_m3w_sld_rbf_mc finished [took 351.2556s]
19/01/24 08:08:18| INFO        d_mul_sld_rbf_c finished [took 384.9491s]
19/01/24 08:08:21| INFO        d_mul_sld_rbf_mc finished [took 386.4615s]
19/01/24 08:08:25| INFO        d_mul_sld_rbf_ne finished [took 389.3847s]
19/01/24 08:08:56| INFO        d_mul_sld_rbf finished [took 420.4433s]
19/01/24 08:09:19| INFO        ref finished [took 60.4919s]
19/01/24 08:10:04| INFO        atc_mc finished [took 101.6090s]
19/01/24 08:10:08| INFO        doc finished [took 102.5866s]
19/01/24 08:11:14| INFO        d_m3w_sld_rbf_is finished [took 240.7269s]
19/01/24 08:11:15| INFO        d_m3w_sld_rbf_ne finished [took 287.4178s]
19/01/24 08:11:21| INFO        d_bin_sld_rbf_is finished [took 258.6847s]
19/01/24 08:11:42| INFO        d_m3w_sld_rbf_a finished [took 233.8711s]
19/01/24 08:11:52| INFO        d_mul_sld_rbf_a finished [took 253.4715s]
19/01/24 08:11:53| INFO        d_mul_sld_rbf_is finished [took 282.4294s]
19/01/24 08:12:12| INFO        d_bin_sld_rbf_a finished [took 287.7663s]
19/01/24 08:13:46| DEBUG       [size=11,place=1] best score = 0.01218965; best param = {'quantifier__classifier__C': 10.0, 'quantifier__classifier__class_weight': None, 'quantifier__classifier__gamma': 411.1017032547101, 'quantifier__recalib': None, 'confidence': ['max_conf', 'entropy', 'isoft']} [took 92.367s]
19/01/24 08:13:46| DEBUG       [size=11,place=2] best score = 0.01327360; best param = {'quantifier__classifier__C': 0.1, 'quantifier__classifier__class_weight': 'balanced', 'quantifier__classifier__gamma': 411.1017032547101, 'quantifier__recalib': None, 'confidence': ['isoft']} [took 92.367s]
19/01/24 08:15:08| DEBUG       [size=30,place=1] best score = 0.00929319; best param = {'quantifier__classifier__C': 0.1, 'quantifier__classifier__class_weight': 'balanced', 'quantifier__classifier__gamma': 41.11017032547102, 'quantifier__recalib': None, 'confidence': ['isoft']} [took 82.451s]
19/01/24 08:15:08| DEBUG       [size=30,place=2] best score = 0.00969038; best param = {'quantifier__classifier__C': 0.1, 'quantifier__classifier__class_weight': 'balanced', 'quantifier__classifier__gamma': 411.1017032547101, 'quantifier__recalib': None, 'confidence': None} [took 82.452s]
19/01/24 08:17:56| DEBUG       [size=22,place=1] best score = 0.00743153; best param = {'quantifier__classifier__C': 0.01, 'quantifier__classifier__class_weight': 'balanced', 'quantifier__classifier__gamma': 411.1017032547101, 'quantifier__recalib': None, 'confidence': None} [took 167.725s]
19/01/24 08:17:56| DEBUG       [size=22,place=2] best score = 0.00814424; best param = {'quantifier__classifier__C': 10.0, 'quantifier__classifier__class_weight': 'balanced', 'quantifier__classifier__gamma': 41.11017032547102, 'quantifier__recalib': None, 'confidence': ['isoft']} [took 167.726s]
19/01/24 08:18:26| DEBUG       [size=16,place=1] best score = 0.00827722; best param = {'quantifier__classifier__C': 10.0, 'quantifier__classifier__class_weight': 'balanced', 'quantifier__classifier__gamma': 41.11017032547102, 'quantifier__recalib': None, 'confidence': None} [took 30.293s]
19/01/24 08:18:26| DEBUG       [size=16,place=2] best score = 0.00848801; best param = {'quantifier__classifier__C': 10.0, 'quantifier__classifier__class_weight': 'balanced', 'quantifier__classifier__gamma': 41.11017032547102, 'quantifier__recalib': 'bcts', 'confidence': ['isoft']} [took 30.294s]
19/01/24 08:18:26| DEBUG       [BinaryQuantifierAccuracyEstimator] optimization finished: best params {'quantifier__classifier__C': 0.01, 'quantifier__classifier__class_weight': 'balanced', 'quantifier__classifier__gamma': 411.1017032547101, 'quantifier__recalib': None, 'confidence': None} (score=0.00743) [took 372.9537s]
19/01/24 08:22:08| INFO        d_bin_sld_rbf_gs finished [took 594.3464s]
19/01/24 08:23:46| DEBUG       [size=11,place=1] best score = 0.01077096; best param = {'quantifier__classifier__C': 0.1, 'quantifier__classifier__class_weight': 'balanced', 'quantifier__classifier__gamma': 411.1017032547101, 'quantifier__recalib': None, 'confidence': ['isoft']} [took 97.228s]
19/01/24 08:23:46| DEBUG       [size=11,place=2] best score = 0.02464289; best param = {'quantifier__classifier__C': 10.0, 'quantifier__classifier__class_weight': None, 'quantifier__classifier__gamma': 411.1017032547101, 'quantifier__recalib': None, 'confidence': ['max_conf', 'entropy', 'isoft']} [took 97.229s]
19/01/24 08:26:23| DEBUG       [size=30,place=1] best score = 0.00886196; best param = {'quantifier__classifier__C': 0.1, 'quantifier__classifier__class_weight': 'balanced', 'quantifier__classifier__gamma': 411.1017032547101, 'quantifier__recalib': None, 'confidence': ['max_conf', 'entropy']} [took 156.647s]
19/01/24 08:26:23| DEBUG       [size=30,place=2] best score = 0.00911266; best param = {'quantifier__classifier__C': 10.0, 'quantifier__classifier__class_weight': 'balanced', 'quantifier__classifier__gamma': 411.1017032547101, 'quantifier__recalib': None, 'confidence': ['isoft']} [took 156.648s]
19/01/24 08:28:04| DEBUG       [size=18,place=1] best score = 0.00747285; best param = {'quantifier__classifier__C': 1.0, 'quantifier__classifier__class_weight': 'balanced', 'quantifier__classifier__gamma': 411.1017032547101, 'quantifier__recalib': None, 'confidence': ['max_conf', 'entropy']} [took 100.801s]
19/01/24 08:28:04| DEBUG       [size=18,place=2] best score = 0.00882522; best param = {'quantifier__classifier__C': 10.0, 'quantifier__classifier__class_weight': 'balanced', 'quantifier__classifier__gamma': 411.1017032547101, 'quantifier__recalib': None, 'confidence': None} [took 100.801s]
19/01/24 08:30:32| DEBUG       [size=17,place=1] best score = 0.00819728; best param = {'quantifier__classifier__C': 100.0, 'quantifier__classifier__class_weight': 'balanced', 'quantifier__classifier__gamma': 411.1017032547101, 'quantifier__recalib': None, 'confidence': None} [took 148.384s]
19/01/24 08:30:32| DEBUG       [size=17,place=2] best score = 0.00852948; best param = {'quantifier__classifier__C': 1000.0, 'quantifier__classifier__class_weight': 'balanced', 'quantifier__classifier__gamma': 411.1017032547101, 'quantifier__recalib': None, 'confidence': None} [took 148.384s]
19/01/24 08:30:32| DEBUG       [MultiClassAccuracyEstimator] optimization finished: best params {'quantifier__classifier__C': 1.0, 'quantifier__classifier__class_weight': 'balanced', 'quantifier__classifier__gamma': 411.1017032547101, 'quantifier__recalib': None, 'confidence': ['max_conf', 'entropy']} (score=0.00747) [took 503.1732s]
19/01/24 08:35:30| INFO        d_mul_sld_rbf_gs finished [took 800.8375s]
19/01/24 08:37:55| DEBUG       [size=11,place=1] best score = 0.01272717; best param = {'quantifier__classifier__C': 1000.0, 'quantifier__classifier__class_weight': None, 'quantifier__classifier__gamma': 41.11017032547102, 'quantifier__recalib': None, 'confidence': ['max_conf', 'entropy', 'isoft']} [took 143.718s]
19/01/24 08:37:55| DEBUG       [size=11,place=2] best score = 0.01442446; best param = {'quantifier__classifier__C': 1000.0, 'quantifier__classifier__class_weight': None, 'quantifier__classifier__gamma': 41.11017032547102, 'quantifier__recalib': None, 'confidence': None} [took 143.719s]
19/01/24 08:45:35| DEBUG       [size=26,place=1] best score = 0.01229616; best param = {'quantifier__classifier__C': 1000.0, 'quantifier__classifier__class_weight': None, 'quantifier__classifier__gamma': 41.11017032547102, 'quantifier__recalib': None, 'confidence': ['max_conf', 'entropy']} [took 460.414s]
19/01/24 08:45:35| DEBUG       [size=26,place=2] best score = 0.01236867; best param = {'quantifier__classifier__C': 0.1, 'quantifier__classifier__class_weight': None, 'quantifier__classifier__gamma': 41.11017032547102, 'quantifier__recalib': None, 'confidence': None} [took 460.415s]
19/01/24 08:50:10| DEBUG       [size=18,place=1] best score = 0.01236360; best param = {'quantifier__classifier__C': 0.1, 'quantifier__classifier__class_weight': None, 'quantifier__classifier__gamma': 411.1017032547101, 'quantifier__recalib': None, 'confidence': None} [took 274.713s]
19/01/24 08:50:10| DEBUG       [size=18,place=2] best score = 0.01245212; best param = {'quantifier__classifier__C': 100.0, 'quantifier__classifier__class_weight': None, 'quantifier__classifier__gamma': 41.11017032547102, 'quantifier__recalib': None, 'confidence': ['max_conf', 'entropy']} [took 274.714s]
19/01/24 08:50:10| DEBUG       [MultiClassAccuracyEstimator] optimization finished: best params {'quantifier__classifier__C': 1000.0, 'quantifier__classifier__class_weight': None, 'quantifier__classifier__gamma': 41.11017032547102, 'quantifier__recalib': None, 'confidence': ['max_conf', 'entropy']} (score=0.01230) [took 878.9611s]
19/01/24 08:52:24| INFO        d_m3w_sld_rbf_gs finished [took 1012.5394s]
19/01/24 08:52:24| INFO     Dataset sample [0.7 0.3] of dataset rcv1_CCAT finished [took 3034.1312s]
19/01/24 08:52:24| INFO     Dataset sample [0.8 0.2] of dataset rcv1_CCAT started
19/01/24 08:56:30| INFO        d_bin_sld_rbf_c finished [took 240.7866s]
19/01/24 08:57:06| INFO        d_bin_sld_rbf_mc finished [took 277.1012s]
19/01/24 08:57:12| INFO        d_bin_sld_rbf finished [took 286.0818s]
19/01/24 08:57:42| INFO        d_mul_sld_rbf_ne finished [took 312.6178s]
19/01/24 08:57:54| INFO        d_m3w_sld_rbf finished [took 325.2832s]
19/01/24 08:58:07| INFO        d_m3w_sld_rbf_c finished [took 338.0772s]
19/01/24 08:58:15| INFO        d_mul_sld_rbf finished [took 349.5432s]
19/01/24 08:58:16| INFO        d_mul_sld_rbf_mc finished [took 347.1869s]
19/01/24 08:58:40| INFO        d_m3w_sld_rbf_mc finished [took 370.4811s]
19/01/24 08:58:57| INFO        d_mul_sld_rbf_c finished [took 387.4930s]
19/01/24 08:59:54| INFO        ref finished [took 96.3255s]
19/01/24 09:00:20| INFO        doc finished [took 82.5035s]
19/01/24 09:00:24| INFO        atc_mc finished [took 103.3880s]
19/01/24 09:00:33| INFO        d_m3w_sld_rbf_ne finished [took 242.4802s]
19/01/24 09:00:47| INFO        d_bin_sld_rbf_ne finished [took 497.3754s]
19/01/24 09:00:55| INFO        d_bin_sld_rbf_a finished [took 180.3026s]
19/01/24 09:00:57| INFO        d_bin_sld_rbf_is finished [took 230.2525s]
19/01/24 09:01:38| INFO        d_mul_sld_rbf_is finished [took 265.9911s]
19/01/24 09:01:45| INFO        d_m3w_sld_rbf_is finished [took 243.0317s]
19/01/24 09:02:20| INFO        d_m3w_sld_rbf_a finished [took 244.6163s]
19/01/24 09:02:43| INFO        d_mul_sld_rbf_a finished [took 275.2096s]
19/01/24 09:05:07| DEBUG       [size=11,place=1] best score = 0.00748029; best param = {'quantifier__classifier__C': 0.1, 'quantifier__classifier__class_weight': 'balanced', 'quantifier__classifier__gamma': 0.3539785795670106, 'quantifier__recalib': None, 'confidence': ['max_conf', 'entropy', 'isoft']} [took 142.409s]
19/01/24 09:05:07| DEBUG       [size=11,place=2] best score = 0.00854572; best param = {'quantifier__classifier__C': 0.1, 'quantifier__classifier__class_weight': 'balanced', 'quantifier__classifier__gamma': 353.97857956701057, 'quantifier__recalib': None, 'confidence': ['isoft']} [took 142.410s]
19/01/24 09:07:50| DEBUG       [size=28,place=1] best score = 0.00749398; best param = {'quantifier__classifier__C': 0.1, 'quantifier__classifier__class_weight': 'balanced', 'quantifier__classifier__gamma': 3.539785795670106, 'quantifier__recalib': None, 'confidence': ['max_conf', 'entropy', 'isoft']} [took 162.813s]
19/01/24 09:07:50| DEBUG       [size=28,place=2] best score = 0.00804304; best param = {'quantifier__classifier__C': 0.1, 'quantifier__classifier__class_weight': 'balanced', 'quantifier__classifier__gamma': 0.3539785795670106, 'quantifier__recalib': None, 'confidence': ['isoft']} [took 162.814s]
19/01/24 09:07:50| DEBUG       [BinaryQuantifierAccuracyEstimator] optimization finished: best params {'quantifier__classifier__C': 0.1, 'quantifier__classifier__class_weight': 'balanced', 'quantifier__classifier__gamma': 0.3539785795670106, 'quantifier__recalib': None, 'confidence': ['max_conf', 'entropy', 'isoft']} (score=0.00748) [took 305.3284s]
19/01/24 09:10:31| INFO        d_bin_sld_rbf_gs finished [took 466.9016s]
19/01/24 09:13:01| DEBUG       [size=11,place=1] best score = 0.03917195; best param = {'quantifier__classifier__C': 0.1, 'quantifier__classifier__class_weight': 'balanced', 'quantifier__classifier__gamma': 0.3539785795670106, 'quantifier__recalib': None, 'confidence': ['max_conf', 'entropy', 'isoft']} [took 148.798s]
19/01/24 09:13:01| DEBUG       [size=11,place=2] best score = 0.04698742; best param = {'quantifier__classifier__C': 0.1, 'quantifier__classifier__class_weight': 'balanced', 'quantifier__classifier__gamma': 353.97857956701057, 'quantifier__recalib': None, 'confidence': ['isoft']} [took 148.798s]
19/01/24 09:15:24| DEBUG       [size=28,place=1] best score = 0.00783964; best param = {'quantifier__classifier__C': 1000.0, 'quantifier__classifier__class_weight': 'balanced', 'quantifier__classifier__gamma': 353.97857956701057, 'quantifier__recalib': None, 'confidence': ['isoft']} [took 142.875s]
19/01/24 09:15:24| DEBUG       [size=28,place=2] best score = 0.00821558; best param = {'quantifier__classifier__C': 0.1, 'quantifier__classifier__class_weight': 'balanced', 'quantifier__classifier__gamma': 353.97857956701057, 'quantifier__recalib': 'bcts', 'confidence': ['isoft']} [took 142.875s]
19/01/24 09:21:31| DEBUG       [size=22,place=1] best score = 0.00758569; best param = {'quantifier__classifier__C': 1000.0, 'quantifier__classifier__class_weight': 'balanced', 'quantifier__classifier__gamma': 353.97857956701057, 'quantifier__recalib': 'bcts', 'confidence': ['isoft']} [took 366.993s]
19/01/24 09:21:31| DEBUG       [size=22,place=2] best score = 0.00802654; best param = {'quantifier__classifier__C': 0.1, 'quantifier__classifier__class_weight': 'balanced', 'quantifier__classifier__gamma': 0.3539785795670106, 'quantifier__recalib': 'bcts', 'confidence': ['isoft']} [took 366.993s]
19/01/24 09:31:16| DEBUG       [size=16,place=1] best score = 0.00842624; best param = {'quantifier__classifier__C': 1000.0, 'quantifier__classifier__class_weight': 'balanced', 'quantifier__classifier__gamma': 353.97857956701057, 'quantifier__recalib': 'bcts', 'confidence': ['max_conf', 'entropy', 'isoft']} [took 585.187s]
19/01/24 09:31:16| DEBUG       [size=16,place=2] best score = 0.00878751; best param = {'quantifier__classifier__C': 100.0, 'quantifier__classifier__class_weight': 'balanced', 'quantifier__classifier__gamma': 0.3539785795670106, 'quantifier__recalib': 'bcts', 'confidence': ['isoft']} [took 585.187s]
19/01/24 09:31:16| DEBUG       [MultiClassAccuracyEstimator] optimization finished: best params {'quantifier__classifier__C': 1000.0, 'quantifier__classifier__class_weight': 'balanced', 'quantifier__classifier__gamma': 353.97857956701057, 'quantifier__recalib': 'bcts', 'confidence': ['isoft']} (score=0.00759) [took 1243.9654s]
19/01/24 09:35:56| INFO        d_mul_sld_rbf_gs finished [took 1523.9630s]
19/01/24 09:38:29| DEBUG       [size=11,place=1] best score = 0.00765908; best param = {'quantifier__classifier__C': 0.1, 'quantifier__classifier__class_weight': 'balanced', 'quantifier__classifier__gamma': 0.3539785795670106, 'quantifier__recalib': None, 'confidence': ['max_conf', 'entropy', 'isoft']} [took 152.336s]
19/01/24 09:38:29| DEBUG       [size=11,place=2] best score = 0.00791317; best param = {'quantifier__classifier__C': 0.1, 'quantifier__classifier__class_weight': 'balanced', 'quantifier__classifier__gamma': 353.97857956701057, 'quantifier__recalib': None, 'confidence': ['isoft']} [took 152.337s]
19/01/24 09:41:19| DEBUG       [size=28,place=1] best score = 0.00693749; best param = {'quantifier__classifier__C': 0.1, 'quantifier__classifier__class_weight': 'balanced', 'quantifier__classifier__gamma': 0.3539785795670106, 'quantifier__recalib': None, 'confidence': ['isoft']} [took 169.348s]
19/01/24 09:41:19| DEBUG       [size=28,place=2] best score = 0.00708061; best param = {'quantifier__classifier__C': 0.1, 'quantifier__classifier__class_weight': 'balanced', 'quantifier__classifier__gamma': 0.03539785795670106, 'quantifier__recalib': None, 'confidence': ['max_conf', 'entropy', 'isoft']} [took 169.349s]
19/01/24 09:42:07| DEBUG       [size=18,place=1] best score = 0.00703463; best param = {'quantifier__classifier__C': 0.01, 'quantifier__classifier__class_weight': 'balanced', 'quantifier__classifier__gamma': 0.3539785795670106, 'quantifier__recalib': None, 'confidence': ['isoft']} [took 48.630s]
19/01/24 09:42:07| DEBUG       [size=18,place=2] best score = 0.00704080; best param = {'quantifier__classifier__C': 1.0, 'quantifier__classifier__class_weight': 'balanced', 'quantifier__classifier__gamma': 0.03539785795670106, 'quantifier__recalib': None, 'confidence': ['max_conf', 'entropy', 'isoft']} [took 48.631s]
19/01/24 09:42:08| DEBUG       [MultiClassAccuracyEstimator] optimization finished: best params {'quantifier__classifier__C': 0.1, 'quantifier__classifier__class_weight': 'balanced', 'quantifier__classifier__gamma': 0.3539785795670106, 'quantifier__recalib': None, 'confidence': ['isoft']} (score=0.00694) [took 370.4307s]
19/01/24 09:45:36| INFO        d_m3w_sld_rbf_gs finished [took 578.7957s]
19/01/24 09:45:36| INFO     Dataset sample [0.8 0.2] of dataset rcv1_CCAT finished [took 3192.0461s]
19/01/24 09:45:36| INFO     Dataset sample [0.9 0.1] of dataset rcv1_CCAT started
19/01/24 09:49:38| INFO        d_m3w_sld_rbf_c finished [took 240.3236s]
19/01/24 09:49:38| INFO        d_bin_sld_rbf_c finished [took 239.8156s]
19/01/24 09:49:50| INFO        d_bin_sld_rbf finished [took 251.9261s]
19/01/24 09:50:06| INFO        d_m3w_sld_rbf_mc finished [took 267.4303s]
19/01/24 09:50:08| INFO        d_bin_sld_rbf_ne finished [took 269.3946s]
19/01/24 09:50:11| INFO        d_bin_sld_rbf_mc finished [took 272.7909s]
19/01/24 09:50:12| INFO        d_m3w_sld_rbf finished [took 273.5340s]
19/01/24 09:50:35| INFO        d_mul_sld_rbf_mc finished [took 296.2260s]
19/01/24 09:50:38| INFO        d_mul_sld_rbf_c finished [took 299.8277s]
19/01/24 09:50:39| INFO        d_mul_sld_rbf_ne finished [took 300.9174s]
19/01/24 09:50:41| INFO        d_mul_sld_rbf finished [took 302.2340s]
19/01/24 09:52:17| INFO        ref finished [took 101.1078s]
19/01/24 09:52:22| INFO        doc finished [took 102.3830s]
19/01/24 09:52:28| INFO        atc_mc finished [took 109.4519s]
19/01/24 09:52:41| INFO        d_bin_sld_rbf_is finished [took 182.7059s]
19/01/24 09:53:12| INFO        d_m3w_sld_rbf_ne finished [took 213.4037s]
19/01/24 09:53:14| INFO        d_bin_sld_rbf_a finished [took 185.6581s]
19/01/24 09:53:39| INFO        d_mul_sld_rbf_is finished [took 228.5077s]
19/01/24 09:53:44| INFO        d_m3w_sld_rbf_is finished [took 217.7756s]
19/01/24 09:53:45| INFO        d_m3w_sld_rbf_a finished [took 212.2628s]
19/01/24 09:53:47| INFO        d_mul_sld_rbf_a finished [took 215.0843s]
19/01/24 09:55:44| DEBUG       [size=11,place=1] best score = 0.00690147; best param = {'quantifier__classifier__C': 0.1, 'quantifier__classifier__class_weight': 'balanced', 'quantifier__classifier__gamma': 0.2792436587637893, 'quantifier__recalib': None, 'confidence': ['max_conf', 'entropy', 'isoft']} [took 116.569s]
19/01/24 09:55:44| DEBUG       [size=11,place=2] best score = 0.01184319; best param = {'quantifier__classifier__C': 10.0, 'quantifier__classifier__class_weight': None, 'quantifier__classifier__gamma': 279.2436587637893, 'quantifier__recalib': None, 'confidence': ['max_conf', 'entropy', 'isoft']} [took 116.569s]
19/01/24 09:57:55| DEBUG       [size=30,place=1] best score = 0.00633433; best param = {'quantifier__classifier__C': 0.1, 'quantifier__classifier__class_weight': 'balanced', 'quantifier__classifier__gamma': 0.2792436587637893, 'quantifier__recalib': 'bcts', 'confidence': ['max_conf', 'entropy', 'isoft']} [took 130.163s]
19/01/24 09:57:55| DEBUG       [size=30,place=2] best score = 0.00767137; best param = {'quantifier__classifier__C': 0.1, 'quantifier__classifier__class_weight': 'balanced', 'quantifier__classifier__gamma': 0.2792436587637893, 'quantifier__recalib': None, 'confidence': ['isoft']} [took 130.164s]
19/01/24 09:58:47| DEBUG       [size=24,place=1] best score = 0.00614895; best param = {'quantifier__classifier__C': 10.0, 'quantifier__classifier__class_weight': 'balanced', 'quantifier__classifier__gamma': 0.2792436587637893, 'quantifier__recalib': 'bcts', 'confidence': ['max_conf', 'entropy', 'isoft']} [took 52.065s]
19/01/24 09:58:47| DEBUG       [size=24,place=2] best score = 0.00653066; best param = {'quantifier__classifier__C': 0.01, 'quantifier__classifier__class_weight': 'balanced', 'quantifier__classifier__gamma': 0.2792436587637893, 'quantifier__recalib': 'bcts', 'confidence': ['max_conf', 'entropy', 'isoft']} [took 52.066s]
19/01/24 09:59:47| DEBUG       [size=16,place=1] best score = 0.00666292; best param = {'quantifier__classifier__C': 10.0, 'quantifier__classifier__class_weight': 'balanced', 'quantifier__classifier__gamma': 0.2792436587637893, 'quantifier__recalib': 'bcts', 'confidence': ['isoft']} [took 60.392s]
19/01/24 09:59:47| DEBUG       [size=16,place=2] best score = 0.00698801; best param = {'quantifier__classifier__C': 0.01, 'quantifier__classifier__class_weight': 'balanced', 'quantifier__classifier__gamma': 0.2792436587637893, 'quantifier__recalib': 'bcts', 'confidence': ['isoft']} [took 60.392s]
19/01/24 09:59:47| DEBUG       [BinaryQuantifierAccuracyEstimator] optimization finished: best params {'quantifier__classifier__C': 10.0, 'quantifier__classifier__class_weight': 'balanced', 'quantifier__classifier__gamma': 0.2792436587637893, 'quantifier__recalib': 'bcts', 'confidence': ['max_conf', 'entropy', 'isoft']} (score=0.00615) [took 359.3018s]
19/01/24 10:02:16| INFO        d_bin_sld_rbf_gs finished [took 508.0577s]
19/01/24 10:04:18| DEBUG       [size=11,place=1] best score = 0.12777839; best param = {'quantifier__classifier__C': 0.1, 'quantifier__classifier__class_weight': 'balanced', 'quantifier__classifier__gamma': 279.2436587637893, 'quantifier__recalib': None, 'confidence': ['isoft']} [took 121.047s]
19/01/24 10:04:18| DEBUG       [size=11,place=2] best score = 0.12833608; best param = {'quantifier__classifier__C': 0.1, 'quantifier__classifier__class_weight': 'balanced', 'quantifier__classifier__gamma': 0.2792436587637893, 'quantifier__recalib': None, 'confidence': ['max_conf', 'entropy', 'isoft']} [took 121.047s]
19/01/24 10:05:49| DEBUG       [size=28,place=1] best score = 0.00758330; best param = {'quantifier__classifier__C': 0.1, 'quantifier__classifier__class_weight': 'balanced', 'quantifier__classifier__gamma': 279.2436587637893, 'quantifier__recalib': None, 'confidence': ['max_conf', 'entropy']} [took 90.983s]
19/01/24 10:05:49| DEBUG       [size=28,place=2] best score = 0.00778659; best param = {'quantifier__classifier__C': 0.1, 'quantifier__classifier__class_weight': 'balanced', 'quantifier__classifier__gamma': 279.2436587637893, 'quantifier__recalib': 'bcts', 'confidence': ['isoft']} [took 90.984s]
19/01/24 10:10:16| DEBUG       [size=24,place=1] best score = 0.00732119; best param = {'quantifier__classifier__C': 0.1, 'quantifier__classifier__class_weight': 'balanced', 'quantifier__classifier__gamma': 0.02792436587637893, 'quantifier__recalib': None, 'confidence': ['max_conf', 'entropy']} [took 267.050s]
19/01/24 10:10:16| DEBUG       [size=24,place=2] best score = 0.00766684; best param = {'quantifier__classifier__C': 0.1, 'quantifier__classifier__class_weight': 'balanced', 'quantifier__classifier__gamma': 279.2436587637893, 'quantifier__recalib': 'bcts', 'confidence': ['max_conf', 'entropy', 'isoft']} [took 267.051s]
19/01/24 10:13:57| DEBUG       [size=19,place=1] best score = 0.00796653; best param = {'quantifier__classifier__C': 1000.0, 'quantifier__classifier__class_weight': 'balanced', 'quantifier__classifier__gamma': 279.2436587637893, 'quantifier__recalib': 'bcts', 'confidence': ['max_conf', 'entropy', 'isoft']} [took 221.131s]
19/01/24 10:13:57| DEBUG       [size=19,place=2] best score = 0.00931476; best param = {'quantifier__classifier__C': 10.0, 'quantifier__classifier__class_weight': 'balanced', 'quantifier__classifier__gamma': 279.2436587637893, 'quantifier__recalib': 'bcts', 'confidence': ['max_conf', 'entropy', 'isoft']} [took 221.131s]
19/01/24 10:13:57| DEBUG       [MultiClassAccuracyEstimator] optimization finished: best params {'quantifier__classifier__C': 0.1, 'quantifier__classifier__class_weight': 'balanced', 'quantifier__classifier__gamma': 0.02792436587637893, 'quantifier__recalib': None, 'confidence': ['max_conf', 'entropy']} (score=0.00732) [took 700.3257s]
19/01/24 10:21:17| INFO        d_mul_sld_rbf_gs finished [took 1140.8022s]
19/01/24 10:23:25| DEBUG       [size=11,place=1] best score = 0.00720174; best param = {'quantifier__classifier__C': 0.1, 'quantifier__classifier__class_weight': 'balanced', 'quantifier__classifier__gamma': 279.2436587637893, 'quantifier__recalib': None, 'confidence': ['isoft']} [took 126.739s]
19/01/24 10:23:25| DEBUG       [size=11,place=2] best score = 0.00903796; best param = {'quantifier__classifier__C': 0.1, 'quantifier__classifier__class_weight': 'balanced', 'quantifier__classifier__gamma': 0.2792436587637893, 'quantifier__recalib': None, 'confidence': ['max_conf', 'entropy', 'isoft']} [took 126.740s]
19/01/24 10:25:04| DEBUG       [size=28,place=1] best score = 0.00640436; best param = {'quantifier__classifier__C': 0.1, 'quantifier__classifier__class_weight': 'balanced', 'quantifier__classifier__gamma': 279.2436587637893, 'quantifier__recalib': 'bcts', 'confidence': ['isoft']} [took 98.846s]
19/01/24 10:25:04| DEBUG       [size=28,place=2] best score = 0.00667937; best param = {'quantifier__classifier__C': 0.1, 'quantifier__classifier__class_weight': 'balanced', 'quantifier__classifier__gamma': 279.2436587637893, 'quantifier__recalib': None, 'confidence': ['max_conf', 'entropy']} [took 98.846s]
19/01/24 10:29:56| DEBUG       [size=24,place=1] best score = 0.00651568; best param = {'quantifier__classifier__C': 0.1, 'quantifier__classifier__class_weight': 'balanced', 'quantifier__classifier__gamma': 279.2436587637893, 'quantifier__recalib': 'bcts', 'confidence': ['max_conf', 'entropy', 'isoft']} [took 292.140s]
19/01/24 10:29:56| DEBUG       [size=24,place=2] best score = 0.00739877; best param = {'quantifier__classifier__C': 0.1, 'quantifier__classifier__class_weight': 'balanced', 'quantifier__classifier__gamma': 27.92436587637893, 'quantifier__recalib': None, 'confidence': ['max_conf', 'entropy']} [took 292.141s]
19/01/24 10:29:56| DEBUG       [MultiClassAccuracyEstimator] optimization finished: best params {'quantifier__classifier__C': 0.1, 'quantifier__classifier__class_weight': 'balanced', 'quantifier__classifier__gamma': 279.2436587637893, 'quantifier__recalib': 'bcts', 'confidence': ['isoft']} (score=0.00640) [took 517.8358s]
19/01/24 10:34:22| INFO        d_m3w_sld_rbf_gs finished [took 783.3618s]
19/01/24 10:34:22| INFO     Dataset sample [0.9 0.1] of dataset rcv1_CCAT finished [took 2925.9045s]
