----------------------------------------------------------------------------------------------------
20/01/24 18:46:25| INFO     dataset rcv1_CCAT [pool size: 10]
20/01/24 18:46:25| INFO     Dataset sample [0.1 0.9] of dataset rcv1_CCAT started
20/01/24 19:09:30| INFO        d_bin_kde_lr finished [took 1379.5545s]
20/01/24 19:09:46| INFO        d_bin_kde_lr_c finished [took 1396.1791s]
20/01/24 19:10:27| INFO        d_bin_kde_lr_ne finished [took 1436.2201s]
20/01/24 19:10:29| INFO        d_bin_kde_lr_mc finished [took 1438.7035s]
20/01/24 19:13:03| INFO        d_m3w_kde_lr_c finished [took 1593.1638s]
20/01/24 19:13:40| INFO        d_m3w_kde_lr finished [took 1630.1917s]
20/01/24 19:14:01| INFO        d_m3w_kde_lr_mc finished [took 1650.4516s]
20/01/24 19:15:23| INFO        d_mul_kde_lr_mc finished [took 1733.1862s]
20/01/24 19:15:26| INFO        d_mul_kde_lr finished [took 1738.0896s]
20/01/24 19:16:32| INFO        ref finished [took 68.4153s]
20/01/24 19:16:42| INFO        d_mul_kde_lr_ne finished [took 1811.5895s]
20/01/24 19:16:50| INFO        d_mul_kde_lr_c finished [took 1819.5360s]
20/01/24 19:16:56| INFO        atc_mc finished [took 89.1394s]
20/01/24 19:18:03| INFO        doc finished [took 90.3316s]
20/01/24 19:28:32| INFO        d_bin_kde_lr_is finished [took 1124.6521s]
20/01/24 19:30:30| INFO        d_m3w_kde_lr_ne finished [took 1259.2909s]
20/01/24 19:30:57| INFO        d_bin_kde_lr_a finished [took 1072.8810s]
20/01/24 19:32:51| INFO        d_mul_kde_lr_is finished [took 1342.7283s]
20/01/24 19:33:06| INFO        d_m3w_kde_lr_a finished [took 1144.1915s]
20/01/24 19:33:37| INFO        d_m3w_kde_lr_is finished [took 1387.2128s]
20/01/24 19:36:14| INFO        d_mul_kde_lr_a finished [took 1353.4351s]
20/01/24 19:36:50| DEBUG       [size=11,place=1] best score = 0.00938018; best param = {'quantifier__classifier__C': 100.0, 'quantifier__classifier__class_weight': 'balanced', 'quantifier__bandwidth': 0.01, 'confidence': ['isoft']} [took 35.203s]
20/01/24 19:36:50| DEBUG       [size=11,place=2] best score = 0.04096438; best param = {'quantifier__classifier__C': 100.0, 'quantifier__classifier__class_weight': 'balanced', 'quantifier__bandwidth': 0.05, 'confidence': None} [took 35.204s]
20/01/24 19:39:41| DEBUG       [size=54,place=1] best score = 0.00697497; best param = {'quantifier__classifier__C': 100.0, 'quantifier__classifier__class_weight': None, 'quantifier__bandwidth': 0.01, 'confidence': ['isoft']} [took 170.740s]
20/01/24 19:39:41| DEBUG       [size=54,place=2] best score = 0.00748775; best param = {'quantifier__classifier__C': 100.0, 'quantifier__classifier__class_weight': 'balanced', 'quantifier__bandwidth': 0.01, 'confidence': None} [took 170.741s]
20/01/24 19:41:22| DEBUG       [size=33,place=1] best score = 0.00725828; best param = {'quantifier__classifier__C': 100.0, 'quantifier__classifier__class_weight': None, 'quantifier__bandwidth': 0.01, 'confidence': None} [took 101.628s]
20/01/24 19:41:22| DEBUG       [size=33,place=2] best score = 0.00746456; best param = {'quantifier__classifier__C': 1000.0, 'quantifier__classifier__class_weight': 'balanced', 'quantifier__bandwidth': 0.01, 'confidence': None} [took 101.629s]
20/01/24 19:41:22| DEBUG       [BinaryQuantifierAccuracyEstimator] optimization finished: best params {'quantifier__classifier__C': 100.0, 'quantifier__classifier__class_weight': None, 'quantifier__bandwidth': 0.01, 'confidence': ['isoft']} (score=0.00697) [took 307.6892s]
20/01/24 19:47:59| INFO        d_bin_kde_lr_gs finished [took 704.7144s]
20/01/24 19:48:48| DEBUG       [size=11,place=1] best score = 0.01143214; best param = {'quantifier__classifier__C': 100.0, 'quantifier__classifier__class_weight': 'balanced', 'quantifier__bandwidth': 0.01, 'confidence': ['isoft']} [took 47.316s]
20/01/24 19:48:48| DEBUG       [size=11,place=2] best score = 0.01273866; best param = {'quantifier__classifier__C': 100.0, 'quantifier__classifier__class_weight': None, 'quantifier__bandwidth': 0.04, 'confidence': None} [took 47.317s]
20/01/24 19:52:14| DEBUG       [size=55,place=1] best score = 0.00785523; best param = {'quantifier__classifier__C': 0.01, 'quantifier__classifier__class_weight': 'balanced', 'quantifier__bandwidth': 0.01, 'confidence': ['isoft']} [took 206.120s]
20/01/24 19:52:14| DEBUG       [size=55,place=2] best score = 0.01018605; best param = {'quantifier__classifier__C': 10.0, 'quantifier__classifier__class_weight': 'balanced', 'quantifier__bandwidth': 0.01, 'confidence': ['isoft']} [took 206.121s]
20/01/24 19:55:11| DEBUG       [size=44,place=1] best score = 0.00733208; best param = {'quantifier__classifier__C': 0.01, 'quantifier__classifier__class_weight': 'balanced', 'quantifier__bandwidth': 0.01, 'confidence': ['max_conf', 'entropy', 'isoft']} [took 176.911s]
20/01/24 19:55:11| DEBUG       [size=44,place=2] best score = 0.00799001; best param = {'quantifier__classifier__C': 10.0, 'quantifier__classifier__class_weight': 'balanced', 'quantifier__bandwidth': 0.05, 'confidence': ['isoft']} [took 176.911s]
20/01/24 19:57:17| DEBUG       [size=31,place=1] best score = 0.00738996; best param = {'quantifier__classifier__C': 10.0, 'quantifier__classifier__class_weight': 'balanced', 'quantifier__bandwidth': 0.05, 'confidence': None} [took 126.696s]
20/01/24 19:57:17| DEBUG       [size=31,place=2] best score = 0.00928968; best param = {'quantifier__classifier__C': 0.001, 'quantifier__classifier__class_weight': 'balanced', 'quantifier__bandwidth': 0.01, 'confidence': ['max_conf', 'entropy', 'isoft']} [took 126.696s]
20/01/24 19:57:18| DEBUG       [MultiClassAccuracyEstimator] optimization finished: best params {'quantifier__classifier__C': 0.01, 'quantifier__classifier__class_weight': 'balanced', 'quantifier__bandwidth': 0.01, 'confidence': ['max_conf', 'entropy', 'isoft']} (score=0.00733) [took 557.1579s]
20/01/24 20:04:30| INFO        d_mul_kde_lr_gs finished [took 989.4496s]
20/01/24 20:05:11| DEBUG       [size=11,place=1] best score = 0.00977597; best param = {'quantifier__classifier__C': 100.0, 'quantifier__classifier__class_weight': 'balanced', 'quantifier__bandwidth': 0.01, 'confidence': ['isoft']} [took 40.540s]
20/01/24 20:05:11| DEBUG       [size=11,place=2] best score = 0.01615610; best param = {'quantifier__classifier__C': 100.0, 'quantifier__classifier__class_weight': None, 'quantifier__bandwidth': 0.04, 'confidence': None} [took 40.541s]
20/01/24 20:08:12| DEBUG       [size=55,place=1] best score = 0.00611657; best param = {'quantifier__classifier__C': 0.001, 'quantifier__classifier__class_weight': 'balanced', 'quantifier__bandwidth': 0.01, 'confidence': ['isoft']} [took 181.266s]
20/01/24 20:08:12| DEBUG       [size=55,place=2] best score = 0.00941469; best param = {'quantifier__classifier__C': 10.0, 'quantifier__classifier__class_weight': 'balanced', 'quantifier__bandwidth': 0.01, 'confidence': ['isoft']} [took 181.266s]
20/01/24 20:11:00| DEBUG       [size=44,place=1] best score = 0.00640414; best param = {'quantifier__classifier__C': 0.001, 'quantifier__classifier__class_weight': 'balanced', 'quantifier__bandwidth': 0.01, 'confidence': ['max_conf', 'entropy', 'isoft']} [took 167.364s]
20/01/24 20:11:00| DEBUG       [size=44,place=2] best score = 0.00969584; best param = {'quantifier__classifier__C': 0.001, 'quantifier__classifier__class_weight': 'balanced', 'quantifier__bandwidth': 0.02, 'confidence': ['isoft']} [took 167.365s]
20/01/24 20:11:00| DEBUG       [MultiClassAccuracyEstimator] optimization finished: best params {'quantifier__classifier__C': 0.001, 'quantifier__classifier__class_weight': 'balanced', 'quantifier__bandwidth': 0.01, 'confidence': ['isoft']} (score=0.00612) [took 389.2860s]
20/01/24 20:18:00| INFO        d_m3w_kde_lr_gs finished [took 809.3188s]
20/01/24 20:18:00| INFO     Dataset sample [0.1 0.9] of dataset rcv1_CCAT finished [took 5494.7776s]
20/01/24 20:18:00| INFO     Dataset sample [0.2 0.8] of dataset rcv1_CCAT started
20/01/24 20:33:50| INFO        d_bin_kde_lr finished [took 944.3883s]
20/01/24 20:33:58| INFO        d_bin_kde_lr_mc finished [took 952.0908s]
20/01/24 20:34:17| INFO        d_bin_kde_lr_c finished [took 971.4433s]
20/01/24 20:34:25| INFO        d_bin_kde_lr_ne finished [took 978.8700s]
20/01/24 20:38:26| INFO        d_m3w_kde_lr_mc finished [took 1220.6735s]
20/01/24 20:39:31| INFO        d_m3w_kde_lr finished [took 1285.5706s]
20/01/24 20:39:34| INFO        d_m3w_kde_lr_c finished [took 1288.7389s]
20/01/24 20:40:39| INFO        d_mul_kde_lr_mc finished [took 1353.4204s]
20/01/24 20:41:41| INFO        d_mul_kde_lr_c finished [took 1414.9556s]
20/01/24 20:41:45| INFO        d_mul_kde_lr finished [took 1419.0792s]
20/01/24 20:41:49| INFO        d_mul_kde_lr_ne finished [took 1426.1560s]
20/01/24 20:41:58| INFO        ref finished [took 77.9724s]
20/01/24 20:42:45| INFO        doc finished [took 59.2564s]
20/01/24 20:42:55| INFO        atc_mc finished [took 74.1405s]
20/01/24 20:47:55| INFO        d_bin_kde_lr_is finished [took 836.6255s]
20/01/24 20:50:13| INFO        d_bin_kde_lr_a finished [took 705.5856s]
20/01/24 20:50:26| INFO        d_m3w_kde_lr_ne finished [took 995.0117s]
20/01/24 20:52:31| INFO        d_mul_kde_lr_is finished [took 1093.2600s]
20/01/24 20:52:40| INFO        d_m3w_kde_lr_is finished [took 1094.8401s]
20/01/24 20:54:39| INFO        d_m3w_kde_lr_a finished [took 903.3753s]
20/01/24 20:57:16| INFO        d_mul_kde_lr_a finished [took 1064.1223s]
20/01/24 20:57:46| DEBUG       [size=11,place=1] best score = 0.01143264; best param = {'quantifier__classifier__C': 100.0, 'quantifier__classifier__class_weight': 'balanced', 'quantifier__bandwidth': 0.01, 'confidence': ['isoft']} [took 27.947s]
20/01/24 20:57:46| DEBUG       [size=11,place=2] best score = 0.01432599; best param = {'quantifier__classifier__C': 1000.0, 'quantifier__classifier__class_weight': 'balanced', 'quantifier__bandwidth': 0.04, 'confidence': ['max_conf', 'entropy', 'isoft']} [took 27.947s]
20/01/24 20:59:59| DEBUG       [size=56,place=1] best score = 0.01182432; best param = {'quantifier__classifier__C': 100.0, 'quantifier__classifier__class_weight': 'balanced', 'quantifier__bandwidth': 0.01, 'confidence': None} [took 133.046s]
20/01/24 20:59:59| DEBUG       [size=56,place=2] best score = 0.01242812; best param = {'quantifier__classifier__C': 100.0, 'quantifier__classifier__class_weight': None, 'quantifier__bandwidth': 0.01, 'confidence': ['isoft']} [took 133.046s]
20/01/24 20:59:59| DEBUG       [BinaryQuantifierAccuracyEstimator] optimization finished: best params {'quantifier__classifier__C': 100.0, 'quantifier__classifier__class_weight': 'balanced', 'quantifier__bandwidth': 0.01, 'confidence': ['isoft']} (score=0.01143) [took 161.0998s]
20/01/24 21:06:32| INFO        d_bin_kde_lr_gs finished [took 554.0804s]
20/01/24 21:07:18| DEBUG       [size=11,place=1] best score = 0.01206371; best param = {'quantifier__classifier__C': 100.0, 'quantifier__classifier__class_weight': 'balanced', 'quantifier__bandwidth': 0.01, 'confidence': ['isoft']} [took 45.054s]
20/01/24 21:07:18| DEBUG       [size=11,place=2] best score = 0.01390735; best param = {'quantifier__classifier__C': 100.0, 'quantifier__classifier__class_weight': 'balanced', 'quantifier__bandwidth': 0.05, 'confidence': None} [took 45.054s]
20/01/24 21:10:39| DEBUG       [size=54,place=1] best score = 0.01134000; best param = {'quantifier__classifier__C': 1000.0, 'quantifier__classifier__class_weight': 'balanced', 'quantifier__bandwidth': 0.01, 'confidence': ['isoft']} [took 201.395s]
20/01/24 21:10:39| DEBUG       [size=54,place=2] best score = 0.01238348; best param = {'quantifier__classifier__C': 100.0, 'quantifier__classifier__class_weight': 'balanced', 'quantifier__bandwidth': 0.02, 'confidence': ['isoft']} [took 201.408s]
20/01/24 21:12:26| DEBUG       [size=28,place=1] best score = 0.01124357; best param = {'quantifier__classifier__C': 1000.0, 'quantifier__classifier__class_weight': 'balanced', 'quantifier__bandwidth': 0.01, 'confidence': None} [took 106.860s]
20/01/24 21:12:26| DEBUG       [size=28,place=2] best score = 0.01180376; best param = {'quantifier__classifier__C': 1000.0, 'quantifier__classifier__class_weight': 'balanced', 'quantifier__bandwidth': 0.02, 'confidence': ['isoft']} [took 106.861s]
20/01/24 21:14:06| DEBUG       [size=26,place=1] best score = 0.01205911; best param = {'quantifier__classifier__C': 1000.0, 'quantifier__classifier__class_weight': 'balanced', 'quantifier__bandwidth': 0.02, 'confidence': None} [took 99.434s]
20/01/24 21:14:06| DEBUG       [size=26,place=2] best score = 0.01294178; best param = {'quantifier__classifier__C': 1000.0, 'quantifier__classifier__class_weight': 'balanced', 'quantifier__bandwidth': 0.03, 'confidence': None} [took 99.434s]
20/01/24 21:14:06| DEBUG       [MultiClassAccuracyEstimator] optimization finished: best params {'quantifier__classifier__C': 1000.0, 'quantifier__classifier__class_weight': 'balanced', 'quantifier__bandwidth': 0.01, 'confidence': None} (score=0.01124) [took 452.8718s]
20/01/24 21:21:51| INFO        d_mul_kde_lr_gs finished [took 918.5299s]
20/01/24 21:22:34| DEBUG       [size=11,place=1] best score = 0.00745530; best param = {'quantifier__classifier__C': 100.0, 'quantifier__classifier__class_weight': 'balanced', 'quantifier__bandwidth': 0.01, 'confidence': ['isoft']} [took 41.859s]
20/01/24 21:22:34| DEBUG       [size=11,place=2] best score = 0.00820256; best param = {'quantifier__classifier__C': 100.0, 'quantifier__classifier__class_weight': 'balanced', 'quantifier__bandwidth': 0.03, 'confidence': ['max_conf', 'entropy', 'isoft']} [took 41.860s]
20/01/24 21:25:34| DEBUG       [size=54,place=1] best score = 0.00720602; best param = {'quantifier__classifier__C': 1000.0, 'quantifier__classifier__class_weight': 'balanced', 'quantifier__bandwidth': 0.01, 'confidence': ['isoft']} [took 179.893s]
20/01/24 21:25:34| DEBUG       [size=54,place=2] best score = 0.00738573; best param = {'quantifier__classifier__C': 100.0, 'quantifier__classifier__class_weight': 'balanced', 'quantifier__bandwidth': 0.01, 'confidence': None} [took 179.894s]
20/01/24 21:28:01| DEBUG       [size=45,place=1] best score = 0.00710880; best param = {'quantifier__classifier__C': 1000.0, 'quantifier__classifier__class_weight': 'balanced', 'quantifier__bandwidth': 0.01, 'confidence': ['max_conf', 'entropy', 'isoft']} [took 146.809s]
20/01/24 21:28:01| DEBUG       [size=45,place=2] best score = 0.00736872; best param = {'quantifier__classifier__C': 10.0, 'quantifier__classifier__class_weight': 'balanced', 'quantifier__bandwidth': 0.01, 'confidence': None} [took 146.809s]
20/01/24 21:30:24| DEBUG       [size=43,place=1] best score = 0.00816914; best param = {'quantifier__classifier__C': 1000.0, 'quantifier__classifier__class_weight': 'balanced', 'quantifier__bandwidth': 0.02, 'confidence': ['max_conf', 'entropy', 'isoft']} [took 142.782s]
20/01/24 21:30:24| DEBUG       [size=43,place=2] best score = 0.00817124; best param = {'quantifier__classifier__C': 10.0, 'quantifier__classifier__class_weight': 'balanced', 'quantifier__bandwidth': 0.01, 'confidence': ['max_conf', 'entropy', 'isoft']} [took 142.782s]
20/01/24 21:30:24| DEBUG       [MultiClassAccuracyEstimator] optimization finished: best params {'quantifier__classifier__C': 1000.0, 'quantifier__classifier__class_weight': 'balanced', 'quantifier__bandwidth': 0.01, 'confidence': ['max_conf', 'entropy', 'isoft']} (score=0.00711) [took 511.4611s]
20/01/24 21:37:26| INFO        d_m3w_kde_lr_gs finished [took 933.7097s]
20/01/24 21:37:26| INFO     Dataset sample [0.2 0.8] of dataset rcv1_CCAT finished [took 4766.2764s]
20/01/24 21:37:26| INFO     Dataset sample [0.3 0.7] of dataset rcv1_CCAT started
20/01/24 21:51:35| INFO        d_bin_kde_lr_ne finished [took 842.7308s]
20/01/24 21:52:11| INFO        d_bin_kde_lr_c finished [took 878.9140s]
20/01/24 21:52:33| INFO        d_bin_kde_lr finished [took 901.6940s]
20/01/24 21:52:38| INFO        d_bin_kde_lr_mc finished [took 905.7104s]
20/01/24 21:58:15| INFO        d_m3w_kde_lr_mc finished [took 1242.9435s]
20/01/24 21:59:16| INFO        d_m3w_kde_lr finished [took 1304.0198s]
20/01/24 22:00:11| INFO        d_m3w_kde_lr_c finished [took 1359.1307s]
20/01/24 22:00:24| INFO        d_mul_kde_lr_c finished [took 1375.4476s]
20/01/24 22:00:46| INFO        d_mul_kde_lr finished [took 1393.8752s]
20/01/24 22:00:47| INFO        d_mul_kde_lr_mc finished [took 1395.0048s]
20/01/24 22:01:01| INFO        d_mul_kde_lr_ne finished [took 1409.5157s]
20/01/24 22:01:46| INFO        ref finished [took 80.9970s]
20/01/24 22:02:05| INFO        atc_mc finished [took 78.3533s]
20/01/24 22:02:17| INFO        doc finished [took 89.2046s]
20/01/24 22:05:26| INFO        d_bin_kde_lr_is finished [took 793.9244s]
20/01/24 22:09:11| INFO        d_bin_kde_lr_a finished [took 655.0248s]
20/01/24 22:09:50| INFO        d_m3w_kde_lr_is finished [took 1031.8705s]
20/01/24 22:10:37| INFO        d_m3w_kde_lr_ne finished [took 1141.9858s]
20/01/24 22:11:56| INFO        d_mul_kde_lr_is finished [took 1162.0559s]
20/01/24 22:15:12| INFO        d_m3w_kde_lr_a finished [took 899.9579s]
20/01/24 22:15:52| INFO        d_mul_kde_lr_a finished [took 995.4802s]
20/01/24 22:16:17| DEBUG       [size=11,place=1] best score = 0.01527170; best param = {'quantifier__classifier__C': 100.0, 'quantifier__classifier__class_weight': 'balanced', 'quantifier__bandwidth': 0.01, 'confidence': ['isoft']} [took 22.736s]
20/01/24 22:16:17| DEBUG       [size=11,place=2] best score = 0.01815661; best param = {'quantifier__classifier__C': 0.1, 'quantifier__classifier__class_weight': 'balanced', 'quantifier__bandwidth': 0.02, 'confidence': ['isoft']} [took 22.737s]
20/01/24 22:18:00| DEBUG       [size=54,place=1] best score = 0.01486225; best param = {'quantifier__classifier__C': 0.01, 'quantifier__classifier__class_weight': 'balanced', 'quantifier__bandwidth': 0.01, 'confidence': ['isoft']} [took 103.131s]
20/01/24 22:18:00| DEBUG       [size=54,place=2] best score = 0.01512746; best param = {'quantifier__classifier__C': 10.0, 'quantifier__classifier__class_weight': 'balanced', 'quantifier__bandwidth': 0.01, 'confidence': ['isoft']} [took 103.131s]
20/01/24 22:19:24| DEBUG       [size=42,place=1] best score = 0.01509026; best param = {'quantifier__classifier__C': 0.01, 'quantifier__classifier__class_weight': 'balanced', 'quantifier__bandwidth': 0.01, 'confidence': ['max_conf', 'entropy', 'isoft']} [took 84.150s]
20/01/24 22:19:24| DEBUG       [size=42,place=2] best score = 0.01550399; best param = {'quantifier__classifier__C': 10.0, 'quantifier__classifier__class_weight': 'balanced', 'quantifier__bandwidth': 0.01, 'confidence': ['max_conf', 'entropy', 'isoft']} [took 84.150s]
20/01/24 22:19:24| DEBUG       [BinaryQuantifierAccuracyEstimator] optimization finished: best params {'quantifier__classifier__C': 0.01, 'quantifier__classifier__class_weight': 'balanced', 'quantifier__bandwidth': 0.01, 'confidence': ['isoft']} (score=0.01486) [took 210.1301s]
20/01/24 22:24:06| INFO        d_bin_kde_lr_gs finished [took 492.3250s]
20/01/24 22:24:45| DEBUG       [size=11,place=1] best score = 0.02013938; best param = {'quantifier__classifier__C': 100.0, 'quantifier__classifier__class_weight': 'balanced', 'quantifier__bandwidth': 0.01, 'confidence': ['isoft']} [took 38.069s]
20/01/24 22:24:45| DEBUG       [size=11,place=2] best score = 0.02288750; best param = {'quantifier__classifier__C': 100.0, 'quantifier__classifier__class_weight': 'balanced', 'quantifier__bandwidth': 0.03, 'confidence': ['max_conf', 'entropy', 'isoft']} [took 38.069s]
20/01/24 22:27:45| DEBUG       [size=54,place=1] best score = 0.01681200; best param = {'quantifier__classifier__C': 0.001, 'quantifier__classifier__class_weight': 'balanced', 'quantifier__bandwidth': 0.01, 'confidence': ['isoft']} [took 179.362s]
20/01/24 22:27:45| DEBUG       [size=54,place=2] best score = 0.01994554; best param = {'quantifier__classifier__C': 0.001, 'quantifier__classifier__class_weight': 'balanced', 'quantifier__bandwidth': 0.03, 'confidence': ['max_conf', 'entropy', 'isoft']} [took 179.363s]
20/01/24 22:30:34| DEBUG       [size=42,place=1] best score = 0.01416319; best param = {'quantifier__classifier__C': 0.001, 'quantifier__classifier__class_weight': 'balanced', 'quantifier__bandwidth': 0.01, 'confidence': ['max_conf', 'entropy', 'isoft']} [took 169.261s]
20/01/24 22:30:34| DEBUG       [size=42,place=2] best score = 0.01582173; best param = {'quantifier__classifier__C': 0.001, 'quantifier__classifier__class_weight': 'balanced', 'quantifier__bandwidth': 0.02, 'confidence': ['max_conf', 'entropy', 'isoft']} [took 169.262s]
20/01/24 22:31:20| DEBUG       [size=13,place=1] best score = 0.02153714; best param = {'quantifier__classifier__C': 1000.0, 'quantifier__classifier__class_weight': 'balanced', 'quantifier__bandwidth': 0.01, 'confidence': ['max_conf', 'entropy', 'isoft']} [took 45.762s]
20/01/24 22:31:20| DEBUG       [size=13,place=2] best score = 0.02207078; best param = {'quantifier__classifier__C': 0.01, 'quantifier__classifier__class_weight': 'balanced', 'quantifier__bandwidth': 0.02, 'confidence': ['max_conf', 'entropy', 'isoft']} [took 45.763s]
20/01/24 22:31:20| DEBUG       [MultiClassAccuracyEstimator] optimization finished: best params {'quantifier__classifier__C': 0.001, 'quantifier__classifier__class_weight': 'balanced', 'quantifier__bandwidth': 0.01, 'confidence': ['max_conf', 'entropy', 'isoft']} (score=0.01416) [took 432.5729s]
20/01/24 22:39:58| INFO        d_mul_kde_lr_gs finished [took 950.7885s]
20/01/24 22:40:37| DEBUG       [size=11,place=1] best score = 0.02094671; best param = {'quantifier__classifier__C': 100.0, 'quantifier__classifier__class_weight': 'balanced', 'quantifier__bandwidth': 0.01, 'confidence': ['isoft']} [took 37.346s]
20/01/24 22:40:37| DEBUG       [size=11,place=2] best score = 0.02286001; best param = {'quantifier__classifier__C': 100.0, 'quantifier__classifier__class_weight': 'balanced', 'quantifier__bandwidth': 0.03, 'confidence': ['max_conf', 'entropy', 'isoft']} [took 37.346s]
20/01/24 22:43:23| DEBUG       [size=54,place=1] best score = 0.02051295; best param = {'quantifier__classifier__C': 100.0, 'quantifier__classifier__class_weight': 'balanced', 'quantifier__bandwidth': 0.01, 'confidence': ['max_conf', 'entropy', 'isoft']} [took 166.183s]
20/01/24 22:43:23| DEBUG       [size=54,place=2] best score = 0.02094472; best param = {'quantifier__classifier__C': 1000.0, 'quantifier__classifier__class_weight': 'balanced', 'quantifier__bandwidth': 0.01, 'confidence': ['isoft']} [took 166.183s]
20/01/24 22:44:48| DEBUG       [size=28,place=1] best score = 0.02082445; best param = {'quantifier__classifier__C': 0.01, 'quantifier__classifier__class_weight': 'balanced', 'quantifier__bandwidth': 0.01, 'confidence': ['max_conf', 'entropy', 'isoft']} [took 84.866s]
20/01/24 22:44:48| DEBUG       [size=28,place=2] best score = 0.02091886; best param = {'quantifier__classifier__C': 10.0, 'quantifier__classifier__class_weight': 'balanced', 'quantifier__bandwidth': 0.01, 'confidence': ['max_conf', 'entropy', 'isoft']} [took 84.866s]
20/01/24 22:44:48| DEBUG       [MultiClassAccuracyEstimator] optimization finished: best params {'quantifier__classifier__C': 100.0, 'quantifier__classifier__class_weight': 'balanced', 'quantifier__bandwidth': 0.01, 'confidence': ['max_conf', 'entropy', 'isoft']} (score=0.02051) [took 288.5144s]
20/01/24 22:50:28| INFO        d_m3w_kde_lr_gs finished [took 628.5292s]
20/01/24 22:50:28| INFO     Dataset sample [0.3 0.7] of dataset rcv1_CCAT finished [took 4381.8935s]
20/01/24 22:50:28| INFO     Dataset sample [0.4 0.6] of dataset rcv1_CCAT started
20/01/24 23:04:30| INFO        d_bin_kde_lr_c finished [took 836.7849s]
20/01/24 23:04:39| INFO        d_bin_kde_lr_mc finished [took 845.9432s]
20/01/24 23:04:48| INFO        d_bin_kde_lr_ne finished [took 857.6026s]
20/01/24 23:05:06| INFO        d_bin_kde_lr finished [took 873.8395s]
20/01/24 23:11:51| INFO        d_m3w_kde_lr_mc finished [took 1277.6868s]
20/01/24 23:12:07| INFO        d_m3w_kde_lr_c finished [took 1293.5688s]
20/01/24 23:12:09| INFO        d_m3w_kde_lr finished [took 1295.8826s]
20/01/24 23:13:41| INFO        d_mul_kde_lr finished [took 1387.7554s]
20/01/24 23:13:48| INFO        d_mul_kde_lr_mc finished [took 1395.2546s]
20/01/24 23:14:12| INFO        d_mul_kde_lr_c finished [took 1418.7782s]
20/01/24 23:14:13| INFO        d_mul_kde_lr_ne finished [took 1419.5912s]
20/01/24 23:15:01| INFO        ref finished [took 79.4830s]
20/01/24 23:15:16| INFO        doc finished [took 63.8426s]
20/01/24 23:15:17| INFO        atc_mc finished [took 88.0323s]
20/01/24 23:18:01| INFO        d_bin_kde_lr_is finished [took 801.6803s]
20/01/24 23:21:22| INFO        d_m3w_kde_lr_ne finished [took 1011.7292s]
20/01/24 23:22:15| INFO        d_bin_kde_lr_a finished [took 624.0072s]
20/01/24 23:23:03| INFO        d_m3w_kde_lr_is finished [took 1075.7605s]
20/01/24 23:23:47| INFO        d_mul_kde_lr_is finished [took 1137.4485s]
20/01/24 23:28:31| INFO        d_m3w_kde_lr_a finished [took 981.6483s]
20/01/24 23:28:48| INFO        d_mul_kde_lr_a finished [took 1000.6808s]
20/01/24 23:29:12| DEBUG       [size=11,place=1] best score = 0.00845740; best param = {'quantifier__classifier__C': 0.1, 'quantifier__classifier__class_weight': 'balanced', 'quantifier__bandwidth': 0.02, 'confidence': ['isoft']} [took 22.478s]
20/01/24 23:29:12| DEBUG       [size=11,place=2] best score = 0.00848802; best param = {'quantifier__classifier__C': 1000.0, 'quantifier__classifier__class_weight': 'balanced', 'quantifier__bandwidth': 0.04, 'confidence': ['max_conf', 'entropy', 'isoft']} [took 22.479s]
20/01/24 23:30:55| DEBUG       [size=56,place=1] best score = 0.00837510; best param = {'quantifier__classifier__C': 0.1, 'quantifier__classifier__class_weight': 'balanced', 'quantifier__bandwidth': 0.04, 'confidence': ['isoft']} [took 103.649s]
20/01/24 23:30:55| DEBUG       [size=56,place=2] best score = 0.00838782; best param = {'quantifier__classifier__C': 0.1, 'quantifier__classifier__class_weight': 'balanced', 'quantifier__bandwidth': 0.03, 'confidence': ['isoft']} [took 103.650s]
20/01/24 23:31:29| DEBUG       [size=16,place=1] best score = 0.00836040; best param = {'quantifier__classifier__C': 0.1, 'quantifier__classifier__class_weight': 'balanced', 'quantifier__bandwidth': 0.03, 'confidence': ['max_conf', 'entropy', 'isoft']} [took 33.416s]
20/01/24 23:31:29| DEBUG       [size=16,place=2] best score = 0.00843781; best param = {'quantifier__classifier__C': 0.1, 'quantifier__classifier__class_weight': 'balanced', 'quantifier__bandwidth': 0.04, 'confidence': None} [took 33.417s]
20/01/24 23:32:58| DEBUG       [size=45,place=1] best score = 0.00857057; best param = {'quantifier__classifier__C': 0.1, 'quantifier__classifier__class_weight': 'balanced', 'quantifier__bandwidth': 0.05, 'confidence': ['max_conf', 'entropy', 'isoft']} [took 89.441s]
20/01/24 23:32:58| DEBUG       [size=45,place=2] best score = 0.00862920; best param = {'quantifier__classifier__C': 1.0, 'quantifier__classifier__class_weight': 'balanced', 'quantifier__bandwidth': 0.03, 'confidence': ['max_conf', 'entropy', 'isoft']} [took 89.441s]
20/01/24 23:32:58| DEBUG       [BinaryQuantifierAccuracyEstimator] optimization finished: best params {'quantifier__classifier__C': 0.1, 'quantifier__classifier__class_weight': 'balanced', 'quantifier__bandwidth': 0.03, 'confidence': ['max_conf', 'entropy', 'isoft']} (score=0.00836) [took 249.1010s]
20/01/24 23:37:43| INFO        d_bin_kde_lr_gs finished [took 533.7793s]
20/01/24 23:38:21| DEBUG       [size=11,place=1] best score = 0.00847786; best param = {'quantifier__classifier__C': 100.0, 'quantifier__classifier__class_weight': 'balanced', 'quantifier__bandwidth': 0.01, 'confidence': ['isoft']} [took 37.420s]
20/01/24 23:38:21| DEBUG       [size=11,place=2] best score = 0.00872560; best param = {'quantifier__classifier__C': 1000.0, 'quantifier__classifier__class_weight': 'balanced', 'quantifier__bandwidth': 0.04, 'confidence': ['max_conf', 'entropy', 'isoft']} [took 37.420s]
20/01/24 23:41:26| DEBUG       [size=56,place=1] best score = 0.00855789; best param = {'quantifier__classifier__C': 1000.0, 'quantifier__classifier__class_weight': 'balanced', 'quantifier__bandwidth': 0.01, 'confidence': ['isoft']} [took 184.896s]
20/01/24 23:41:26| DEBUG       [size=56,place=2] best score = 0.00874641; best param = {'quantifier__classifier__C': 1000.0, 'quantifier__classifier__class_weight': 'balanced', 'quantifier__bandwidth': 0.05, 'confidence': ['max_conf', 'entropy', 'isoft']} [took 184.914s]
20/01/24 23:41:26| DEBUG       [MultiClassAccuracyEstimator] optimization finished: best params {'quantifier__classifier__C': 100.0, 'quantifier__classifier__class_weight': 'balanced', 'quantifier__bandwidth': 0.01, 'confidence': ['isoft']} (score=0.00848) [took 222.4414s]
20/01/24 23:47:34| INFO        d_mul_kde_lr_gs finished [took 590.9249s]
20/01/24 23:48:12| DEBUG       [size=11,place=1] best score = 0.01494763; best param = {'quantifier__classifier__C': 100.0, 'quantifier__classifier__class_weight': 'balanced', 'quantifier__bandwidth': 0.01, 'confidence': ['isoft']} [took 36.992s]
20/01/24 23:48:12| DEBUG       [size=11,place=2] best score = 0.01597104; best param = {'quantifier__classifier__C': 100.0, 'quantifier__classifier__class_weight': 'balanced', 'quantifier__bandwidth': 0.05, 'confidence': None} [took 36.992s]
20/01/24 23:51:00| DEBUG       [size=54,place=1] best score = 0.01323078; best param = {'quantifier__classifier__C': 0.001, 'quantifier__classifier__class_weight': 'balanced', 'quantifier__bandwidth': 0.01, 'confidence': ['isoft']} [took 168.165s]
20/01/24 23:51:00| DEBUG       [size=54,place=2] best score = 0.01370742; best param = {'quantifier__classifier__C': 100.0, 'quantifier__classifier__class_weight': 'balanced', 'quantifier__bandwidth': 0.09999999999999999, 'confidence': None} [took 168.166s]
20/01/24 23:52:52| DEBUG       [size=30,place=1] best score = 0.01129755; best param = {'quantifier__classifier__C': 0.001, 'quantifier__classifier__class_weight': 'balanced', 'quantifier__bandwidth': 0.02, 'confidence': ['isoft']} [took 111.603s]
20/01/24 23:52:52| DEBUG       [size=30,place=2] best score = 0.01370553; best param = {'quantifier__classifier__C': 1000.0, 'quantifier__classifier__class_weight': 'balanced', 'quantifier__bandwidth': 0.09999999999999999, 'confidence': None} [took 111.603s]
20/01/24 23:54:27| DEBUG       [size=28,place=1] best score = 0.00979833; best param = {'quantifier__classifier__C': 0.001, 'quantifier__classifier__class_weight': 'balanced', 'quantifier__bandwidth': 0.02, 'confidence': ['max_conf', 'entropy', 'isoft']} [took 94.666s]
20/01/24 23:54:27| DEBUG       [size=28,place=2] best score = 0.01378619; best param = {'quantifier__classifier__C': 1000.0, 'quantifier__classifier__class_weight': 'balanced', 'quantifier__bandwidth': 0.11, 'confidence': None} [took 94.666s]
20/01/24 23:56:23| DEBUG       [size=33,place=1] best score = 0.01380560; best param = {'quantifier__classifier__C': 10.0, 'quantifier__classifier__class_weight': 'balanced', 'quantifier__bandwidth': 0.11, 'confidence': None} [took 115.959s]
20/01/24 23:56:23| DEBUG       [size=33,place=2] best score = 0.01398131; best param = {'quantifier__classifier__C': 1.0, 'quantifier__classifier__class_weight': 'balanced', 'quantifier__bandwidth': 0.11, 'confidence': None} [took 115.960s]
20/01/24 23:56:23| DEBUG       [MultiClassAccuracyEstimator] optimization finished: best params {'quantifier__classifier__C': 0.001, 'quantifier__classifier__class_weight': 'balanced', 'quantifier__bandwidth': 0.02, 'confidence': ['max_conf', 'entropy', 'isoft']} (score=0.00980) [took 527.5037s]
21/01/24 00:05:45| INFO        d_m3w_kde_lr_gs finished [took 1090.2057s]
21/01/24 00:05:45| INFO     Dataset sample [0.4 0.6] of dataset rcv1_CCAT finished [took 4517.3864s]
21/01/24 00:05:45| INFO     Dataset sample [0.5 0.5] of dataset rcv1_CCAT started
21/01/24 00:19:08| INFO        d_bin_kde_lr_mc finished [took 799.8106s]
21/01/24 00:19:28| INFO        d_bin_kde_lr finished [took 816.8274s]
21/01/24 00:20:49| INFO        d_bin_kde_lr_ne finished [took 898.0453s]
21/01/24 00:20:54| INFO        d_bin_kde_lr_c finished [took 903.3044s]
21/01/24 00:30:12| INFO        d_mul_kde_lr_c finished [took 1460.5543s]
21/01/24 00:30:12| INFO        d_m3w_kde_lr finished [took 1461.0176s]
21/01/24 00:30:35| INFO        d_mul_kde_lr_ne finished [took 1483.5425s]
21/01/24 00:30:49| INFO        d_m3w_kde_lr_mc finished [took 1497.8233s]
21/01/24 00:30:56| INFO        d_mul_kde_lr_mc finished [took 1504.6092s]
21/01/24 00:31:10| INFO        d_m3w_kde_lr_c finished [took 1518.6512s]
21/01/24 00:31:12| INFO        d_mul_kde_lr finished [took 1520.7274s]
21/01/24 00:32:15| INFO        ref finished [took 84.9774s]
21/01/24 00:32:18| INFO        atc_mc finished [took 81.9787s]
21/01/24 00:32:34| INFO        doc finished [took 83.8401s]
21/01/24 00:33:19| INFO        d_bin_kde_lr_is finished [took 831.1194s]
21/01/24 00:40:02| INFO        d_m3w_kde_lr_ne finished [took 1253.3971s]
21/01/24 00:40:23| INFO        d_m3w_kde_lr_is finished [took 1168.2554s]
21/01/24 00:40:25| INFO        d_mul_kde_lr_is finished [took 1175.1848s]
21/01/24 00:41:09| INFO        d_bin_kde_lr_a finished [took 656.1933s]
21/01/24 00:47:11| INFO        d_mul_kde_lr_a finished [took 1018.2846s]
21/01/24 00:48:05| INFO        d_m3w_kde_lr_a finished [took 1049.8464s]
21/01/24 00:48:29| DEBUG       [size=11,place=1] best score = 0.00836835; best param = {'quantifier__classifier__C': 100.0, 'quantifier__classifier__class_weight': 'balanced', 'quantifier__bandwidth': 0.01, 'confidence': ['isoft']} [took 23.046s]
21/01/24 00:48:29| DEBUG       [size=11,place=2] best score = 0.00871613; best param = {'quantifier__classifier__C': 0.1, 'quantifier__classifier__class_weight': 'balanced', 'quantifier__bandwidth': 0.02, 'confidence': ['isoft']} [took 23.047s]
21/01/24 00:50:14| DEBUG       [size=54,place=1] best score = 0.00765545; best param = {'quantifier__classifier__C': 0.01, 'quantifier__classifier__class_weight': 'balanced', 'quantifier__bandwidth': 0.02, 'confidence': ['isoft']} [took 104.473s]
21/01/24 00:50:14| DEBUG       [size=54,place=2] best score = 0.00791008; best param = {'quantifier__classifier__C': 0.1, 'quantifier__classifier__class_weight': 'balanced', 'quantifier__bandwidth': 0.02, 'confidence': None} [took 104.473s]
21/01/24 00:51:49| DEBUG       [size=46,place=1] best score = 0.00761348; best param = {'quantifier__classifier__C': 0.01, 'quantifier__classifier__class_weight': 'balanced', 'quantifier__bandwidth': 0.02, 'confidence': ['max_conf', 'entropy', 'isoft']} [took 95.370s]
21/01/24 00:51:49| DEBUG       [size=46,place=2] best score = 0.00765286; best param = {'quantifier__classifier__C': 0.01, 'quantifier__classifier__class_weight': 'balanced', 'quantifier__bandwidth': 0.03, 'confidence': ['isoft']} [took 95.371s]
21/01/24 00:52:53| DEBUG       [size=31,place=1] best score = 0.00762706; best param = {'quantifier__classifier__C': 0.01, 'quantifier__classifier__class_weight': 'balanced', 'quantifier__bandwidth': 0.03, 'confidence': ['max_conf', 'entropy', 'isoft']} [took 63.509s]
21/01/24 00:52:53| DEBUG       [size=31,place=2] best score = 0.00781021; best param = {'quantifier__classifier__C': 0.01, 'quantifier__classifier__class_weight': 'balanced', 'quantifier__bandwidth': 0.04, 'confidence': ['max_conf', 'entropy', 'isoft']} [took 63.510s]
21/01/24 00:52:53| DEBUG       [BinaryQuantifierAccuracyEstimator] optimization finished: best params {'quantifier__classifier__C': 0.01, 'quantifier__classifier__class_weight': 'balanced', 'quantifier__bandwidth': 0.02, 'confidence': ['max_conf', 'entropy', 'isoft']} (score=0.00761) [took 286.5148s]
21/01/24 00:57:39| INFO        d_bin_kde_lr_gs finished [took 572.3171s]
21/01/24 00:58:19| DEBUG       [size=11,place=1] best score = 0.00925517; best param = {'quantifier__classifier__C': 1000.0, 'quantifier__classifier__class_weight': 'balanced', 'quantifier__bandwidth': 0.04, 'confidence': ['max_conf', 'entropy', 'isoft']} [took 39.750s]
21/01/24 00:58:19| DEBUG       [size=11,place=2] best score = 0.00944244; best param = {'quantifier__classifier__C': 100.0, 'quantifier__classifier__class_weight': 'balanced', 'quantifier__bandwidth': 0.03, 'confidence': ['max_conf', 'entropy', 'isoft']} [took 39.751s]
21/01/24 01:01:25| DEBUG       [size=54,place=1] best score = 0.00853682; best param = {'quantifier__classifier__C': 10.0, 'quantifier__classifier__class_weight': 'balanced', 'quantifier__bandwidth': 0.03, 'confidence': ['max_conf', 'entropy', 'isoft']} [took 185.822s]
21/01/24 01:01:25| DEBUG       [size=54,place=2] best score = 0.00863452; best param = {'quantifier__classifier__C': 10.0, 'quantifier__classifier__class_weight': 'balanced', 'quantifier__bandwidth': 0.04, 'confidence': ['max_conf', 'entropy', 'isoft']} [took 185.822s]
21/01/24 01:02:51| DEBUG       [size=24,place=1] best score = 0.00864056; best param = {'quantifier__classifier__C': 10.0, 'quantifier__classifier__class_weight': 'balanced', 'quantifier__bandwidth': 0.02, 'confidence': ['max_conf', 'entropy', 'isoft']} [took 86.076s]
21/01/24 01:02:51| DEBUG       [size=24,place=2] best score = 0.00895165; best param = {'quantifier__classifier__C': 10.0, 'quantifier__classifier__class_weight': 'balanced', 'quantifier__bandwidth': 0.03, 'confidence': None} [took 86.077s]
21/01/24 01:02:51| DEBUG       [MultiClassAccuracyEstimator] optimization finished: best params {'quantifier__classifier__C': 10.0, 'quantifier__classifier__class_weight': 'balanced', 'quantifier__bandwidth': 0.03, 'confidence': ['max_conf', 'entropy', 'isoft']} (score=0.00854) [took 311.7601s]
21/01/24 01:08:59| INFO        d_mul_kde_lr_gs finished [took 679.2114s]
21/01/24 01:09:39| DEBUG       [size=11,place=1] best score = 0.01182628; best param = {'quantifier__classifier__C': 100.0, 'quantifier__classifier__class_weight': 'balanced', 'quantifier__bandwidth': 0.01, 'confidence': ['isoft']} [took 39.578s]
21/01/24 01:09:39| DEBUG       [size=11,place=2] best score = 0.01189355; best param = {'quantifier__classifier__C': 100.0, 'quantifier__classifier__class_weight': 'balanced', 'quantifier__bandwidth': 0.05, 'confidence': None} [took 39.596s]
21/01/24 01:12:41| DEBUG       [size=54,place=1] best score = 0.01071160; best param = {'quantifier__classifier__C': 100.0, 'quantifier__classifier__class_weight': 'balanced', 'quantifier__bandwidth': 0.11, 'confidence': None} [took 181.346s]
21/01/24 01:12:41| DEBUG       [size=54,place=2] best score = 0.01071628; best param = {'quantifier__classifier__C': 100.0, 'quantifier__classifier__class_weight': 'balanced', 'quantifier__bandwidth': 0.13, 'confidence': None} [took 181.347s]
21/01/24 01:13:54| DEBUG       [size=16,place=1] best score = 0.01070831; best param = {'quantifier__classifier__C': 1000.0, 'quantifier__classifier__class_weight': 'balanced', 'quantifier__bandwidth': 0.11, 'confidence': None} [took 73.025s]
21/01/24 01:13:54| DEBUG       [size=16,place=2] best score = 0.01071176; best param = {'quantifier__classifier__C': 1000.0, 'quantifier__classifier__class_weight': 'balanced', 'quantifier__bandwidth': 0.13, 'confidence': None} [took 73.025s]
21/01/24 01:15:20| DEBUG       [size=23,place=1] best score = 0.01066234; best param = {'quantifier__classifier__C': 1000.0, 'quantifier__classifier__class_weight': 'balanced', 'quantifier__bandwidth': 0.12, 'confidence': None} [took 86.810s]
21/01/24 01:15:20| DEBUG       [size=23,place=2] best score = 0.01080686; best param = {'quantifier__classifier__C': 1000.0, 'quantifier__classifier__class_weight': 'balanced', 'quantifier__bandwidth': 0.09999999999999999, 'confidence': None} [took 86.810s]
21/01/24 01:16:32| DEBUG       [size=16,place=1] best score = 0.01084226; best param = {'quantifier__classifier__C': 10.0, 'quantifier__classifier__class_weight': 'balanced', 'quantifier__bandwidth': 0.09999999999999999, 'confidence': None} [took 71.347s]
21/01/24 01:16:32| DEBUG       [size=16,place=2] best score = 0.01098918; best param = {'quantifier__classifier__C': 1000.0, 'quantifier__classifier__class_weight': 'balanced', 'quantifier__bandwidth': 0.12, 'confidence': ['isoft']} [took 71.348s]
21/01/24 01:16:32| DEBUG       [MultiClassAccuracyEstimator] optimization finished: best params {'quantifier__classifier__C': 1000.0, 'quantifier__classifier__class_weight': 'balanced', 'quantifier__bandwidth': 0.12, 'confidence': None} (score=0.01066) [took 452.3024s]
21/01/24 01:27:14| INFO        d_m3w_kde_lr_gs finished [took 1094.0483s]
21/01/24 01:27:14| INFO     Dataset sample [0.5 0.5] of dataset rcv1_CCAT finished [took 4888.2158s]
21/01/24 01:27:14| INFO     Dataset sample [0.6 0.4] of dataset rcv1_CCAT started
21/01/24 01:40:47| INFO        d_bin_kde_lr finished [took 808.6293s]
21/01/24 01:41:37| INFO        d_bin_kde_lr_ne finished [took 859.1216s]
21/01/24 01:41:55| INFO        d_bin_kde_lr_c finished [took 876.7167s]
21/01/24 01:41:57| INFO        d_bin_kde_lr_mc finished [took 879.0736s]
21/01/24 01:48:39| INFO        d_m3w_kde_lr finished [took 1281.2952s]
21/01/24 01:48:51| INFO        d_m3w_kde_lr_c finished [took 1292.8262s]
21/01/24 01:49:38| INFO        d_mul_kde_lr_ne finished [took 1341.8572s]
21/01/24 01:50:03| INFO        d_m3w_kde_lr_mc finished [took 1364.8130s]
21/01/24 01:50:08| INFO        d_mul_kde_lr finished [took 1370.5186s]
21/01/24 01:50:35| INFO        d_mul_kde_lr_c finished [took 1397.6068s]
21/01/24 01:51:07| INFO        d_mul_kde_lr_mc finished [took 1428.9410s]
21/01/24 01:51:24| INFO        ref finished [took 80.6896s]
21/01/24 01:51:34| INFO        atc_mc finished [took 84.9365s]
21/01/24 01:52:02| INFO        doc finished [took 86.3030s]
21/01/24 01:54:22| INFO        d_bin_kde_lr_is finished [took 764.7825s]
21/01/24 01:59:07| INFO        d_m3w_kde_lr_ne finished [took 1099.5731s]
21/01/24 01:59:40| INFO        d_bin_kde_lr_a finished [took 660.5310s]
21/01/24 02:00:03| INFO        d_m3w_kde_lr_is finished [took 1084.9498s]
21/01/24 02:00:40| INFO        d_mul_kde_lr_is finished [took 1124.4586s]
21/01/24 02:05:09| INFO        d_mul_kde_lr_a finished [took 977.5540s]
21/01/24 02:05:32| INFO        d_m3w_kde_lr_a finished [took 953.0921s]
21/01/24 02:05:56| DEBUG       [size=11,place=1] best score = 0.01111346; best param = {'quantifier__classifier__C': 100.0, 'quantifier__classifier__class_weight': None, 'quantifier__bandwidth': 0.04, 'confidence': None} [took 23.174s]
21/01/24 02:05:56| DEBUG       [size=11,place=2] best score = 0.01185347; best param = {'quantifier__classifier__C': 100.0, 'quantifier__classifier__class_weight': 'balanced', 'quantifier__bandwidth': 0.01, 'confidence': ['isoft']} [took 23.174s]
21/01/24 02:07:42| DEBUG       [size=55,place=1] best score = 0.00974050; best param = {'quantifier__classifier__C': 100.0, 'quantifier__classifier__class_weight': None, 'quantifier__bandwidth': 0.01, 'confidence': None} [took 105.903s]
21/01/24 02:07:42| DEBUG       [size=55,place=2] best score = 0.00988505; best param = {'quantifier__classifier__C': 100.0, 'quantifier__classifier__class_weight': None, 'quantifier__bandwidth': 0.01, 'confidence': ['isoft']} [took 105.903s]
21/01/24 02:08:44| DEBUG       [size=31,place=1] best score = 0.00974361; best param = {'quantifier__classifier__C': 1000.0, 'quantifier__classifier__class_weight': None, 'quantifier__bandwidth': 0.01, 'confidence': None} [took 62.789s]
21/01/24 02:08:44| DEBUG       [size=31,place=2] best score = 0.00976770; best param = {'quantifier__classifier__C': 10.0, 'quantifier__classifier__class_weight': None, 'quantifier__bandwidth': 0.01, 'confidence': None} [took 62.789s]
21/01/24 02:08:44| DEBUG       [BinaryQuantifierAccuracyEstimator] optimization finished: best params {'quantifier__classifier__C': 100.0, 'quantifier__classifier__class_weight': None, 'quantifier__bandwidth': 0.01, 'confidence': None} (score=0.00974) [took 191.9766s]
21/01/24 02:13:46| INFO        d_bin_kde_lr_gs finished [took 493.5587s]
21/01/24 02:14:27| DEBUG       [size=11,place=1] best score = 0.01045101; best param = {'quantifier__classifier__C': 0.1, 'quantifier__classifier__class_weight': 'balanced', 'quantifier__bandwidth': 0.02, 'confidence': ['isoft']} [took 40.553s]
21/01/24 02:14:27| DEBUG       [size=11,place=2] best score = 0.01096250; best param = {'quantifier__classifier__C': 100.0, 'quantifier__classifier__class_weight': None, 'quantifier__bandwidth': 0.04, 'confidence': None} [took 40.553s]
21/01/24 02:17:27| DEBUG       [size=55,place=1] best score = 0.01042926; best param = {'quantifier__classifier__C': 0.1, 'quantifier__classifier__class_weight': 'balanced', 'quantifier__bandwidth': 0.02, 'confidence': ['max_conf', 'entropy', 'isoft']} [took 180.412s]
21/01/24 02:17:27| DEBUG       [size=55,place=2] best score = 0.01052444; best param = {'quantifier__classifier__C': 0.1, 'quantifier__classifier__class_weight': 'balanced', 'quantifier__bandwidth': 0.02, 'confidence': None} [took 180.413s]
21/01/24 02:20:26| DEBUG       [size=52,place=1] best score = 0.01068892; best param = {'quantifier__classifier__C': 1.0, 'quantifier__classifier__class_weight': 'balanced', 'quantifier__bandwidth': 0.02, 'confidence': None} [took 178.846s]
21/01/24 02:20:26| DEBUG       [size=52,place=2] best score = 0.01077852; best param = {'quantifier__classifier__C': 1.0, 'quantifier__classifier__class_weight': 'balanced', 'quantifier__bandwidth': 0.02, 'confidence': ['max_conf', 'entropy', 'isoft']} [took 178.847s]
21/01/24 02:20:26| DEBUG       [MultiClassAccuracyEstimator] optimization finished: best params {'quantifier__classifier__C': 0.1, 'quantifier__classifier__class_weight': 'balanced', 'quantifier__bandwidth': 0.02, 'confidence': ['max_conf', 'entropy', 'isoft']} (score=0.01043) [took 399.9213s]
21/01/24 02:26:38| INFO        d_mul_kde_lr_gs finished [took 771.3959s]
21/01/24 02:27:15| DEBUG       [size=11,place=1] best score = 0.01345425; best param = {'quantifier__classifier__C': 100.0, 'quantifier__classifier__class_weight': 'balanced', 'quantifier__bandwidth': 0.01, 'confidence': ['isoft']} [took 37.097s]
21/01/24 02:27:15| DEBUG       [size=11,place=2] best score = 0.01420728; best param = {'quantifier__classifier__C': 100.0, 'quantifier__classifier__class_weight': None, 'quantifier__bandwidth': 0.04, 'confidence': None} [took 37.097s]
21/01/24 02:29:50| DEBUG       [size=55,place=1] best score = 0.01213608; best param = {'quantifier__classifier__C': 100.0, 'quantifier__classifier__class_weight': None, 'quantifier__bandwidth': 0.01, 'confidence': None} [took 154.168s]
21/01/24 02:29:50| DEBUG       [size=55,place=2] best score = 0.01235071; best param = {'quantifier__classifier__C': 100.0, 'quantifier__classifier__class_weight': None, 'quantifier__bandwidth': 0.01, 'confidence': ['isoft']} [took 154.169s]
21/01/24 02:31:13| DEBUG       [size=31,place=1] best score = 0.01213318; best param = {'quantifier__classifier__C': 1000.0, 'quantifier__classifier__class_weight': None, 'quantifier__bandwidth': 0.01, 'confidence': None} [took 83.903s]
21/01/24 02:31:13| DEBUG       [size=31,place=2] best score = 0.01223228; best param = {'quantifier__classifier__C': 10.0, 'quantifier__classifier__class_weight': None, 'quantifier__bandwidth': 0.01, 'confidence': None} [took 83.903s]
21/01/24 02:33:15| DEBUG       [size=40,place=1] best score = 0.01214582; best param = {'quantifier__classifier__C': 10.0, 'quantifier__classifier__class_weight': None, 'quantifier__bandwidth': 0.01, 'confidence': ['max_conf', 'entropy', 'isoft']} [took 121.992s]
21/01/24 02:33:15| DEBUG       [size=40,place=2] best score = 0.01316772; best param = {'quantifier__classifier__C': 1000.0, 'quantifier__classifier__class_weight': 'balanced', 'quantifier__bandwidth': 0.01, 'confidence': None} [took 121.993s]
21/01/24 02:33:16| DEBUG       [MultiClassAccuracyEstimator] optimization finished: best params {'quantifier__classifier__C': 1000.0, 'quantifier__classifier__class_weight': None, 'quantifier__bandwidth': 0.01, 'confidence': None} (score=0.01213) [took 397.2778s]
21/01/24 02:38:49| INFO        d_m3w_kde_lr_gs finished [took 730.3995s]
21/01/24 02:38:49| INFO     Dataset sample [0.6 0.4] of dataset rcv1_CCAT finished [took 4295.1190s]
21/01/24 02:38:49| INFO     Dataset sample [0.7 0.3] of dataset rcv1_CCAT started
21/01/24 02:53:51| INFO        d_bin_kde_lr finished [took 896.1385s]
21/01/24 02:54:13| INFO        d_bin_kde_lr_mc finished [took 917.4632s]
21/01/24 02:54:22| INFO        d_bin_kde_lr_ne finished [took 927.0977s]
21/01/24 02:54:34| INFO        d_bin_kde_lr_c finished [took 939.3148s]
21/01/24 03:00:07| INFO        d_m3w_kde_lr_mc finished [took 1271.4113s]
21/01/24 03:00:29| INFO        d_m3w_kde_lr_c finished [took 1297.0194s]
21/01/24 03:01:08| INFO        d_m3w_kde_lr finished [took 1333.1425s]
21/01/24 03:01:39| INFO        d_mul_kde_lr_c finished [took 1363.8187s]
21/01/24 03:01:45| INFO        d_mul_kde_lr_ne finished [took 1369.9387s]
21/01/24 03:01:47| INFO        d_mul_kde_lr_mc finished [took 1371.9441s]
21/01/24 03:02:40| INFO        d_mul_kde_lr finished [took 1424.4780s]
21/01/24 03:03:04| INFO        atc_mc finished [took 77.6325s]
21/01/24 03:03:04| INFO        ref finished [took 84.0889s]
21/01/24 03:03:20| INFO        doc finished [took 91.3837s]
21/01/24 03:07:21| INFO        d_bin_kde_lr_is finished [took 787.7989s]
21/01/24 03:11:26| INFO        d_bin_kde_lr_a finished [took 678.9162s]
21/01/24 03:11:37| INFO        d_m3w_kde_lr_ne finished [took 1065.0039s]
21/01/24 03:12:13| INFO        d_mul_kde_lr_is finished [took 1069.3111s]
21/01/24 03:12:52| INFO        d_m3w_kde_lr_is finished [took 1096.5839s]
21/01/24 03:16:37| INFO        d_m3w_kde_lr_a finished [took 928.0912s]
21/01/24 03:17:35| INFO        d_mul_kde_lr_a finished [took 1024.4690s]
21/01/24 03:18:00| DEBUG       [size=11,place=1] best score = 0.01176789; best param = {'quantifier__classifier__C': 1000.0, 'quantifier__classifier__class_weight': 'balanced', 'quantifier__bandwidth': 0.04, 'confidence': ['max_conf', 'entropy', 'isoft']} [took 24.352s]
21/01/24 03:18:00| DEBUG       [size=11,place=2] best score = 0.01211225; best param = {'quantifier__classifier__C': 100.0, 'quantifier__classifier__class_weight': 'balanced', 'quantifier__bandwidth': 0.05, 'confidence': None} [took 24.352s]
21/01/24 03:19:52| DEBUG       [size=56,place=1] best score = 0.00792794; best param = {'quantifier__classifier__C': 1000.0, 'quantifier__classifier__class_weight': 'balanced', 'quantifier__bandwidth': 0.16, 'confidence': ['max_conf', 'entropy', 'isoft']} [took 111.813s]
21/01/24 03:19:52| DEBUG       [size=56,place=2] best score = 0.00801022; best param = {'quantifier__classifier__C': 1000.0, 'quantifier__classifier__class_weight': 'balanced', 'quantifier__bandwidth': 0.17, 'confidence': ['max_conf', 'entropy', 'isoft']} [took 111.814s]
21/01/24 03:20:36| DEBUG       [size=18,place=1] best score = 0.00858639; best param = {'quantifier__classifier__C': 100.0, 'quantifier__classifier__class_weight': 'balanced', 'quantifier__bandwidth': 0.17, 'confidence': ['max_conf', 'entropy', 'isoft']} [took 43.652s]
21/01/24 03:20:36| DEBUG       [size=18,place=2] best score = 0.00864864; best param = {'quantifier__classifier__C': 0.1, 'quantifier__classifier__class_weight': 'balanced', 'quantifier__bandwidth': 0.16, 'confidence': ['max_conf', 'entropy', 'isoft']} [took 43.652s]
21/01/24 03:20:36| DEBUG       [BinaryQuantifierAccuracyEstimator] optimization finished: best params {'quantifier__classifier__C': 1000.0, 'quantifier__classifier__class_weight': 'balanced', 'quantifier__bandwidth': 0.16, 'confidence': ['max_conf', 'entropy', 'isoft']} (score=0.00793) [took 179.9295s]
21/01/24 03:26:43| INFO        d_bin_kde_lr_gs finished [took 546.9558s]
21/01/24 03:27:24| DEBUG       [size=11,place=1] best score = 0.00927582; best param = {'quantifier__classifier__C': 100.0, 'quantifier__classifier__class_weight': 'balanced', 'quantifier__bandwidth': 0.03, 'confidence': ['max_conf', 'entropy', 'isoft']} [took 39.918s]
21/01/24 03:27:24| DEBUG       [size=11,place=2] best score = 0.00999577; best param = {'quantifier__classifier__C': 1000.0, 'quantifier__classifier__class_weight': 'balanced', 'quantifier__bandwidth': 0.04, 'confidence': ['max_conf', 'entropy', 'isoft']} [took 39.919s]
21/01/24 03:30:25| DEBUG       [size=54,place=1] best score = 0.00795312; best param = {'quantifier__classifier__C': 1000.0, 'quantifier__classifier__class_weight': 'balanced', 'quantifier__bandwidth': 0.11, 'confidence': ['max_conf', 'entropy', 'isoft']} [took 181.078s]
21/01/24 03:30:25| DEBUG       [size=54,place=2] best score = 0.00798901; best param = {'quantifier__classifier__C': 1000.0, 'quantifier__classifier__class_weight': 'balanced', 'quantifier__bandwidth': 0.12, 'confidence': ['max_conf', 'entropy', 'isoft']} [took 181.078s]
21/01/24 03:31:36| DEBUG       [size=16,place=1] best score = 0.00801558; best param = {'quantifier__classifier__C': 1000.0, 'quantifier__classifier__class_weight': 'balanced', 'quantifier__bandwidth': 0.12, 'confidence': ['isoft']} [took 71.232s]
21/01/24 03:31:36| DEBUG       [size=16,place=2] best score = 0.00814128; best param = {'quantifier__classifier__C': 1000.0, 'quantifier__classifier__class_weight': 'balanced', 'quantifier__bandwidth': 0.11, 'confidence': ['isoft']} [took 71.232s]
21/01/24 03:31:37| DEBUG       [MultiClassAccuracyEstimator] optimization finished: best params {'quantifier__classifier__C': 1000.0, 'quantifier__classifier__class_weight': 'balanced', 'quantifier__bandwidth': 0.11, 'confidence': ['max_conf', 'entropy', 'isoft']} (score=0.00795) [took 292.3384s]
21/01/24 03:41:10| INFO        d_mul_kde_lr_gs finished [took 865.8827s]
21/01/24 03:41:48| DEBUG       [size=11,place=1] best score = 0.01104035; best param = {'quantifier__classifier__C': 100.0, 'quantifier__classifier__class_weight': 'balanced', 'quantifier__bandwidth': 0.01, 'confidence': ['isoft']} [took 37.099s]
21/01/24 03:41:48| DEBUG       [size=11,place=2] best score = 0.01158034; best param = {'quantifier__classifier__C': 1.0, 'quantifier__classifier__class_weight': None, 'quantifier__bandwidth': 0.060000000000000005, 'confidence': None} [took 37.100s]
21/01/24 03:44:30| DEBUG       [size=56,place=1] best score = 0.00958164; best param = {'quantifier__classifier__C': 100.0, 'quantifier__classifier__class_weight': 'balanced', 'quantifier__bandwidth': 0.01, 'confidence': None} [took 161.979s]
21/01/24 03:44:30| DEBUG       [size=56,place=2] best score = 0.00977251; best param = {'quantifier__classifier__C': 1.0, 'quantifier__classifier__class_weight': 'balanced', 'quantifier__bandwidth': 0.01, 'confidence': ['isoft']} [took 161.979s]
21/01/24 03:46:55| DEBUG       [size=46,place=1] best score = 0.00912723; best param = {'quantifier__classifier__C': 0.01, 'quantifier__classifier__class_weight': 'balanced', 'quantifier__bandwidth': 0.01, 'confidence': None} [took 144.973s]
21/01/24 03:46:55| DEBUG       [size=46,place=2] best score = 0.00953258; best param = {'quantifier__classifier__C': 1000.0, 'quantifier__classifier__class_weight': 'balanced', 'quantifier__bandwidth': 0.01, 'confidence': None} [took 144.974s]
21/01/24 03:49:16| DEBUG       [size=41,place=1] best score = 0.00846300; best param = {'quantifier__classifier__C': 1000.0, 'quantifier__classifier__class_weight': 'balanced', 'quantifier__bandwidth': 0.01, 'confidence': ['max_conf', 'entropy', 'isoft']} [took 141.007s]
21/01/24 03:49:16| DEBUG       [size=41,place=2] best score = 0.00924009; best param = {'quantifier__classifier__C': 0.01, 'quantifier__classifier__class_weight': None, 'quantifier__bandwidth': 0.01, 'confidence': None} [took 141.008s]
21/01/24 03:51:47| DEBUG       [size=45,place=1] best score = 0.00882805; best param = {'quantifier__classifier__C': 0.01, 'quantifier__classifier__class_weight': None, 'quantifier__bandwidth': 0.01, 'confidence': ['isoft']} [took 150.739s]
21/01/24 03:51:47| DEBUG       [size=45,place=2] best score = 0.00889083; best param = {'quantifier__classifier__C': 0.01, 'quantifier__classifier__class_weight': None, 'quantifier__bandwidth': 0.01, 'confidence': ['max_conf', 'entropy', 'isoft']} [took 150.739s]
21/01/24 03:51:47| DEBUG       [MultiClassAccuracyEstimator] optimization finished: best params {'quantifier__classifier__C': 1000.0, 'quantifier__classifier__class_weight': 'balanced', 'quantifier__bandwidth': 0.01, 'confidence': ['max_conf', 'entropy', 'isoft']} (score=0.00846) [took 635.9184s]
21/01/24 03:57:17| INFO        d_m3w_kde_lr_gs finished [took 966.1211s]
21/01/24 03:57:17| INFO     Dataset sample [0.7 0.3] of dataset rcv1_CCAT finished [took 4708.6082s]
21/01/24 03:57:17| INFO     Dataset sample [0.8 0.2] of dataset rcv1_CCAT started
21/01/24 04:13:02| INFO        d_bin_kde_lr_mc finished [took 941.3632s]
21/01/24 04:13:44| INFO        d_bin_kde_lr_ne finished [took 981.4156s]
21/01/24 04:13:56| INFO        d_bin_kde_lr finished [took 993.4156s]
21/01/24 04:14:08| INFO        d_bin_kde_lr_c finished [took 1005.3757s]
21/01/24 04:16:46| INFO        d_m3w_kde_lr finished [took 1162.6029s]
21/01/24 04:17:51| INFO        d_m3w_kde_lr_c finished [took 1227.6105s]
21/01/24 04:18:30| INFO        d_mul_kde_lr_mc finished [took 1266.7363s]
21/01/24 04:18:34| INFO        d_mul_kde_lr_c finished [took 1271.2069s]
21/01/24 04:19:03| INFO        d_m3w_kde_lr_mc finished [took 1299.7042s]
21/01/24 04:19:08| INFO        d_mul_kde_lr finished [took 1304.9762s]
21/01/24 04:19:25| INFO        ref finished [took 50.4481s]
21/01/24 04:19:59| INFO        d_mul_kde_lr_ne finished [took 1355.8193s]
21/01/24 04:20:17| INFO        doc finished [took 67.7205s]
21/01/24 04:20:26| INFO        atc_mc finished [took 82.0414s]
21/01/24 04:28:34| INFO        d_bin_kde_lr_a finished [took 707.0449s]
21/01/24 04:28:41| INFO        d_m3w_kde_lr_ne finished [took 938.6457s]
21/01/24 04:28:44| INFO        d_bin_kde_lr_is finished [took 899.0993s]
21/01/24 04:30:29| INFO        d_mul_kde_lr_is finished [took 991.2406s]
21/01/24 04:31:51| INFO        d_m3w_kde_lr_is finished [took 1061.4967s]
21/01/24 04:32:23| INFO        d_m3w_kde_lr_a finished [took 832.2561s]
21/01/24 04:33:14| INFO        d_mul_kde_lr_a finished [took 922.1325s]
21/01/24 04:33:43| DEBUG       [size=11,place=1] best score = 0.00889497; best param = {'quantifier__classifier__C': 100.0, 'quantifier__classifier__class_weight': 'balanced', 'quantifier__bandwidth': 0.05, 'confidence': None} [took 27.934s]
21/01/24 04:33:43| DEBUG       [size=11,place=2] best score = 0.00930481; best param = {'quantifier__classifier__C': 1000.0, 'quantifier__classifier__class_weight': 'balanced', 'quantifier__bandwidth': 0.04, 'confidence': ['max_conf', 'entropy', 'isoft']} [took 27.935s]
21/01/24 04:36:09| DEBUG       [size=56,place=1] best score = 0.00824032; best param = {'quantifier__classifier__C': 1000.0, 'quantifier__classifier__class_weight': 'balanced', 'quantifier__bandwidth': 0.09, 'confidence': ['max_conf', 'entropy', 'isoft']} [took 146.605s]
21/01/24 04:36:09| DEBUG       [size=56,place=2] best score = 0.00824365; best param = {'quantifier__classifier__C': 1000.0, 'quantifier__classifier__class_weight': 'balanced', 'quantifier__bandwidth': 0.08, 'confidence': ['max_conf', 'entropy', 'isoft']} [took 146.606s]
21/01/24 04:37:03| DEBUG       [size=18,place=1] best score = 0.00834831; best param = {'quantifier__classifier__C': 0.1, 'quantifier__classifier__class_weight': 'balanced', 'quantifier__bandwidth': 0.09, 'confidence': ['max_conf', 'entropy', 'isoft']} [took 53.137s]
21/01/24 04:37:03| DEBUG       [size=18,place=2] best score = 0.00835866; best param = {'quantifier__classifier__C': 0.1, 'quantifier__classifier__class_weight': 'balanced', 'quantifier__bandwidth': 0.08, 'confidence': ['max_conf', 'entropy', 'isoft']} [took 53.138s]
21/01/24 04:37:03| DEBUG       [BinaryQuantifierAccuracyEstimator] optimization finished: best params {'quantifier__classifier__C': 1000.0, 'quantifier__classifier__class_weight': 'balanced', 'quantifier__bandwidth': 0.09, 'confidence': ['max_conf', 'entropy', 'isoft']} (score=0.00824) [took 227.7878s]
21/01/24 04:44:01| INFO        d_bin_kde_lr_gs finished [took 646.5972s]
21/01/24 04:44:47| DEBUG       [size=11,place=1] best score = 0.00863237; best param = {'quantifier__classifier__C': 100.0, 'quantifier__classifier__class_weight': 'balanced', 'quantifier__bandwidth': 0.05, 'confidence': None} [took 44.373s]
21/01/24 04:44:47| DEBUG       [size=11,place=2] best score = 0.00864409; best param = {'quantifier__classifier__C': 0.1, 'quantifier__classifier__class_weight': 'balanced', 'quantifier__bandwidth': 0.02, 'confidence': ['isoft']} [took 44.374s]
21/01/24 04:48:19| DEBUG       [size=56,place=1] best score = 0.00711483; best param = {'quantifier__classifier__C': 0.1, 'quantifier__classifier__class_weight': 'balanced', 'quantifier__bandwidth': 0.01, 'confidence': ['isoft']} [took 212.444s]
21/01/24 04:48:19| DEBUG       [size=56,place=2] best score = 0.00776379; best param = {'quantifier__classifier__C': 1.0, 'quantifier__classifier__class_weight': 'balanced', 'quantifier__bandwidth': 0.02, 'confidence': ['isoft']} [took 212.444s]
21/01/24 04:50:13| DEBUG       [size=29,place=1] best score = 0.00714328; best param = {'quantifier__classifier__C': 0.1, 'quantifier__classifier__class_weight': 'balanced', 'quantifier__bandwidth': 0.01, 'confidence': ['max_conf', 'entropy', 'isoft']} [took 114.283s]
21/01/24 04:50:13| DEBUG       [size=29,place=2] best score = 0.00763108; best param = {'quantifier__classifier__C': 1.0, 'quantifier__classifier__class_weight': 'balanced', 'quantifier__bandwidth': 0.02, 'confidence': ['max_conf', 'entropy', 'isoft']} [took 114.284s]
21/01/24 04:50:14| DEBUG       [MultiClassAccuracyEstimator] optimization finished: best params {'quantifier__classifier__C': 0.1, 'quantifier__classifier__class_weight': 'balanced', 'quantifier__bandwidth': 0.01, 'confidence': ['isoft']} (score=0.00711) [took 371.2121s]
21/01/24 04:56:49| INFO        d_mul_kde_lr_gs finished [took 766.8946s]
21/01/24 04:57:31| DEBUG       [size=11,place=1] best score = 0.00730535; best param = {'quantifier__classifier__C': 0.1, 'quantifier__classifier__class_weight': 'balanced', 'quantifier__bandwidth': 0.02, 'confidence': ['isoft']} [took 41.103s]
21/01/24 04:57:31| DEBUG       [size=11,place=2] best score = 0.00731914; best param = {'quantifier__classifier__C': 1000.0, 'quantifier__classifier__class_weight': 'balanced', 'quantifier__bandwidth': 0.04, 'confidence': ['max_conf', 'entropy', 'isoft']} [took 41.104s]
21/01/24 05:00:40| DEBUG       [size=56,place=1] best score = 0.00656356; best param = {'quantifier__classifier__C': 0.1, 'quantifier__classifier__class_weight': 'balanced', 'quantifier__bandwidth': 0.01, 'confidence': ['isoft']} [took 188.641s]
21/01/24 05:00:40| DEBUG       [size=56,place=2] best score = 0.00702380; best param = {'quantifier__classifier__C': 1.0, 'quantifier__classifier__class_weight': 'balanced', 'quantifier__bandwidth': 0.02, 'confidence': ['isoft']} [took 188.642s]
21/01/24 05:02:15| DEBUG       [size=29,place=1] best score = 0.00658721; best param = {'quantifier__classifier__C': 0.1, 'quantifier__classifier__class_weight': 'balanced', 'quantifier__bandwidth': 0.01, 'confidence': ['max_conf', 'entropy', 'isoft']} [took 94.567s]
21/01/24 05:02:15| DEBUG       [size=29,place=2] best score = 0.00668440; best param = {'quantifier__classifier__C': 0.1, 'quantifier__classifier__class_weight': 'balanced', 'quantifier__bandwidth': 0.01, 'confidence': None} [took 94.568s]
21/01/24 05:02:15| DEBUG       [MultiClassAccuracyEstimator] optimization finished: best params {'quantifier__classifier__C': 0.1, 'quantifier__classifier__class_weight': 'balanced', 'quantifier__bandwidth': 0.01, 'confidence': ['isoft']} (score=0.00656) [took 324.4270s]
21/01/24 05:08:28| INFO        d_m3w_kde_lr_gs finished [took 697.9643s]
21/01/24 05:08:28| INFO     Dataset sample [0.8 0.2] of dataset rcv1_CCAT finished [took 4270.8450s]
21/01/24 05:08:28| INFO     Dataset sample [0.9 0.1] of dataset rcv1_CCAT started
21/01/24 05:28:01| INFO        d_bin_kde_lr_mc finished [took 1167.3308s]
21/01/24 05:28:56| INFO        d_bin_kde_lr_ne finished [took 1222.6145s]
21/01/24 05:30:22| INFO        d_bin_kde_lr finished [took 1308.6753s]
21/01/24 05:30:34| INFO        d_bin_kde_lr_c finished [took 1320.2409s]
21/01/24 05:32:09| INFO        d_m3w_kde_lr_mc finished [took 1416.1159s]
21/01/24 05:32:59| INFO        d_m3w_kde_lr finished [took 1466.0289s]
21/01/24 05:33:07| INFO        d_m3w_kde_lr_c finished [took 1475.3942s]
21/01/24 05:34:29| INFO        d_mul_kde_lr finished [took 1556.4725s]
21/01/24 05:34:41| INFO        d_mul_kde_lr_c finished [took 1567.4143s]
21/01/24 05:34:52| INFO        d_mul_kde_lr_ne finished [took 1578.6374s]
21/01/24 05:35:01| INFO        d_mul_kde_lr_mc finished [took 1587.5573s]
21/01/24 05:35:37| INFO        ref finished [took 67.5090s]
21/01/24 05:36:09| INFO        doc finished [took 76.1913s]
21/01/24 05:36:10| INFO        atc_mc finished [took 88.3179s]
21/01/24 05:47:17| INFO        d_bin_kde_lr_is finished [took 1100.1858s]
21/01/24 05:48:29| INFO        d_bin_kde_lr_a finished [took 979.1233s]
21/01/24 05:49:07| INFO        d_m3w_kde_lr_is finished [took 1112.1699s]
21/01/24 05:49:47| INFO        d_m3w_kde_lr_ne finished [took 1305.7550s]
21/01/24 05:50:21| INFO        d_mul_kde_lr_is finished [took 1198.4735s]
21/01/24 05:51:01| INFO        d_m3w_kde_lr_a finished [took 1073.3118s]
21/01/24 05:52:24| INFO        d_mul_kde_lr_a finished [took 1163.8968s]
21/01/24 05:52:59| DEBUG       [size=11,place=1] best score = 0.00699107; best param = {'quantifier__classifier__C': 1000.0, 'quantifier__classifier__class_weight': 'balanced', 'quantifier__bandwidth': 0.04, 'confidence': ['max_conf', 'entropy', 'isoft']} [took 34.204s]
21/01/24 05:52:59| DEBUG       [size=11,place=2] best score = 0.00731255; best param = {'quantifier__classifier__C': 100.0, 'quantifier__classifier__class_weight': 'balanced', 'quantifier__bandwidth': 0.03, 'confidence': ['max_conf', 'entropy', 'isoft']} [took 34.205s]
21/01/24 05:55:45| DEBUG       [size=54,place=1] best score = 0.00687376; best param = {'quantifier__classifier__C': 100.0, 'quantifier__classifier__class_weight': 'balanced', 'quantifier__bandwidth': 0.04, 'confidence': ['max_conf', 'entropy', 'isoft']} [took 165.751s]
21/01/24 05:55:45| DEBUG       [size=54,place=2] best score = 0.00693985; best param = {'quantifier__classifier__C': 1000.0, 'quantifier__classifier__class_weight': 'balanced', 'quantifier__bandwidth': 0.05, 'confidence': ['max_conf', 'entropy', 'isoft']} [took 165.752s]
21/01/24 05:56:19| DEBUG       [size=11,place=1] best score = 0.00711107; best param = {'quantifier__classifier__C': 1000.0, 'quantifier__classifier__class_weight': 'balanced', 'quantifier__bandwidth': 0.05, 'confidence': ['isoft']} [took 34.218s]
21/01/24 05:56:19| DEBUG       [size=11,place=2] best score = 0.00734570; best param = {'quantifier__classifier__C': 100.0, 'quantifier__classifier__class_weight': 'balanced', 'quantifier__bandwidth': 0.04, 'confidence': None} [took 34.219s]
21/01/24 05:56:19| DEBUG       [BinaryQuantifierAccuracyEstimator] optimization finished: best params {'quantifier__classifier__C': 100.0, 'quantifier__classifier__class_weight': 'balanced', 'quantifier__bandwidth': 0.04, 'confidence': ['max_conf', 'entropy', 'isoft']} (score=0.00687) [took 234.2899s]
21/01/24 06:03:37| INFO        d_bin_kde_lr_gs finished [took 671.5280s]
21/01/24 06:04:23| DEBUG       [size=11,place=1] best score = 0.00697943; best param = {'quantifier__classifier__C': 100.0, 'quantifier__classifier__class_weight': 'balanced', 'quantifier__bandwidth': 0.03, 'confidence': ['max_conf', 'entropy', 'isoft']} [took 45.330s]
21/01/24 06:04:23| DEBUG       [size=11,place=2] best score = 0.00725902; best param = {'quantifier__classifier__C': 100.0, 'quantifier__classifier__class_weight': 'balanced', 'quantifier__bandwidth': 0.05, 'confidence': None} [took 45.331s]
21/01/24 06:07:58| DEBUG       [size=54,place=1] best score = 0.00683542; best param = {'quantifier__classifier__C': 100.0, 'quantifier__classifier__class_weight': 'balanced', 'quantifier__bandwidth': 0.04, 'confidence': ['max_conf', 'entropy', 'isoft']} [took 215.603s]
21/01/24 06:07:58| DEBUG       [size=54,place=2] best score = 0.00686220; best param = {'quantifier__classifier__C': 100.0, 'quantifier__classifier__class_weight': 'balanced', 'quantifier__bandwidth': 0.14, 'confidence': ['max_conf', 'entropy', 'isoft']} [took 215.604s]
21/01/24 06:09:08| DEBUG       [size=15,place=1] best score = 0.00703170; best param = {'quantifier__classifier__C': 1000.0, 'quantifier__classifier__class_weight': 'balanced', 'quantifier__bandwidth': 0.14, 'confidence': ['max_conf', 'entropy', 'isoft']} [took 69.513s]
21/01/24 06:09:08| DEBUG       [size=15,place=2] best score = 0.00711512; best param = {'quantifier__classifier__C': 1.0, 'quantifier__classifier__class_weight': 'balanced', 'quantifier__bandwidth': 0.04, 'confidence': ['max_conf', 'entropy', 'isoft']} [took 69.514s]
21/01/24 06:09:08| DEBUG       [MultiClassAccuracyEstimator] optimization finished: best params {'quantifier__classifier__C': 100.0, 'quantifier__classifier__class_weight': 'balanced', 'quantifier__bandwidth': 0.04, 'confidence': ['max_conf', 'entropy', 'isoft']} (score=0.00684) [took 330.5571s]
21/01/24 06:17:19| INFO        d_mul_kde_lr_gs finished [took 821.6412s]
21/01/24 06:18:01| DEBUG       [size=11,place=1] best score = 0.00581814; best param = {'quantifier__classifier__C': 100.0, 'quantifier__classifier__class_weight': 'balanced', 'quantifier__bandwidth': 0.05, 'confidence': None} [took 41.074s]
21/01/24 06:18:01| DEBUG       [size=11,place=2] best score = 0.00670593; best param = {'quantifier__classifier__C': 100.0, 'quantifier__classifier__class_weight': 'balanced', 'quantifier__bandwidth': 0.03, 'confidence': ['max_conf', 'entropy', 'isoft']} [took 41.075s]
21/01/24 06:21:16| DEBUG       [size=54,place=1] best score = 0.00577377; best param = {'quantifier__classifier__C': 100.0, 'quantifier__classifier__class_weight': 'balanced', 'quantifier__bandwidth': 0.060000000000000005, 'confidence': None} [took 195.597s]
21/01/24 06:21:16| DEBUG       [size=54,place=2] best score = 0.00579577; best param = {'quantifier__classifier__C': 100.0, 'quantifier__classifier__class_weight': 'balanced', 'quantifier__bandwidth': 0.06999999999999999, 'confidence': None} [took 195.597s]
21/01/24 06:22:18| DEBUG       [size=16,place=1] best score = 0.00581385; best param = {'quantifier__classifier__C': 10.0, 'quantifier__classifier__class_weight': 'balanced', 'quantifier__bandwidth': 0.06999999999999999, 'confidence': None} [took 61.148s]
21/01/24 06:22:18| DEBUG       [size=16,place=2] best score = 0.00582564; best param = {'quantifier__classifier__C': 1000.0, 'quantifier__classifier__class_weight': 'balanced', 'quantifier__bandwidth': 0.060000000000000005, 'confidence': None} [took 61.148s]
21/01/24 06:22:18| DEBUG       [MultiClassAccuracyEstimator] optimization finished: best params {'quantifier__classifier__C': 100.0, 'quantifier__classifier__class_weight': 'balanced', 'quantifier__bandwidth': 0.060000000000000005, 'confidence': None} (score=0.00577) [took 297.9857s]
21/01/24 06:30:32| INFO        d_m3w_kde_lr_gs finished [took 792.2660s]
21/01/24 06:30:32| INFO     Dataset sample [0.9 0.1] of dataset rcv1_CCAT finished [took 4923.7301s]
