----------------------------------------------------------------------------------------------------
23/11/23 22:58:05| INFO     dataset rcv1_CCAT [pool size: 10]
23/11/23 22:58:10| INFO     Dataset sample 0.10 of dataset rcv1_CCAT started
23/11/23 23:01:48| INFO        ref finished [took 173.6784s]
23/11/23 23:01:49| INFO        m3w_sld finished [took 206.7811s]
23/11/23 23:02:02| INFO        doc finished [took 165.0709s]
23/11/23 23:02:06| INFO        bin_sld finished [took 232.9454s]
23/11/23 23:02:07| INFO        atc_mc finished [took 183.4324s]
23/11/23 23:02:26| INFO        mul_sld finished [took 248.7928s]
23/11/23 23:15:18| INFO        bin_kde finished [took 1009.8577s]
23/11/23 23:17:07| INFO        m3w_kde finished [took 1101.3094s]
23/11/23 23:18:18| INFO        mul_kde finished [took 1181.7599s]
23/11/23 23:18:18| INFO     Dataset sample 0.10 of dataset rcv1_CCAT finished [took 1207.6458s]
23/11/23 23:18:18| INFO     Dataset sample 0.20 of dataset rcv1_CCAT started
23/11/23 23:22:26| INFO        m3w_sld finished [took 235.6228s]
23/11/23 23:22:32| INFO        mul_sld finished [took 247.9597s]
23/11/23 23:22:34| INFO        bin_sld finished [took 253.1929s]
23/11/23 23:22:37| INFO        ref finished [took 208.8381s]
23/11/23 23:22:40| INFO        doc finished [took 192.9710s]
23/11/23 23:22:44| INFO        atc_mc finished [took 201.4423s]
23/11/23 23:32:33| INFO        bin_kde finished [took 834.8286s]
23/11/23 23:35:22| INFO        m3w_kde finished [took 986.0598s]
23/11/23 23:35:43| INFO        mul_kde finished [took 1016.9145s]
23/11/23 23:35:43| INFO     Dataset sample 0.20 of dataset rcv1_CCAT finished [took 1045.5277s]
23/11/23 23:35:43| INFO     Dataset sample 0.30 of dataset rcv1_CCAT started
23/11/23 23:40:06| INFO        doc finished [took 190.3238s]
23/11/23 23:40:11| INFO        m3w_sld finished [took 255.8221s]
23/11/23 23:40:11| INFO        ref finished [took 219.4048s]
23/11/23 23:40:15| INFO        bin_sld finished [took 268.2121s]
23/11/23 23:40:18| INFO        mul_sld finished [took 267.9378s]
23/11/23 23:40:20| INFO        atc_mc finished [took 216.9841s]
23/11/23 23:49:22| INFO        bin_kde finished [took 798.0772s]
23/11/23 23:53:29| INFO        m3w_kde finished [took 1030.3455s]
23/11/23 23:54:37| INFO        mul_kde finished [took 1105.8305s]
23/11/23 23:54:37| INFO     Dataset sample 0.30 of dataset rcv1_CCAT finished [took 1134.1435s]
23/11/23 23:54:37| INFO     Dataset sample 0.40 of dataset rcv1_CCAT started
23/11/23 23:58:51| INFO        doc finished [took 189.1197s]
23/11/23 23:58:54| INFO        ref finished [took 213.1440s]
23/11/23 23:58:57| INFO        m3w_sld finished [took 249.5346s]
23/11/23 23:58:57| INFO        atc_mc finished [took 205.8971s]
23/11/23 23:58:59| INFO        bin_sld finished [took 259.0204s]
23/11/23 23:59:08| INFO        mul_sld finished [took 265.1373s]
24/11/23 00:07:52| INFO        bin_kde finished [took 776.4543s]
24/11/23 00:12:17| INFO        mul_kde finished [took 1033.9869s]
24/11/23 00:12:35| INFO        m3w_kde finished [took 1045.0568s]
24/11/23 00:12:35| INFO     Dataset sample 0.40 of dataset rcv1_CCAT finished [took 1077.5057s]
24/11/23 00:12:35| INFO     Dataset sample 0.50 of dataset rcv1_CCAT started
24/11/23 00:16:52| INFO        doc finished [took 186.0535s]
24/11/23 00:16:58| INFO        mul_sld finished [took 255.6817s]
24/11/23 00:17:01| INFO        m3w_sld finished [took 253.3373s]
24/11/23 00:17:01| INFO        bin_sld finished [took 262.8927s]
24/11/23 00:17:02| INFO        ref finished [took 217.9274s]
24/11/23 00:17:10| INFO        atc_mc finished [took 214.1680s]
24/11/23 00:26:01| INFO        bin_kde finished [took 785.5630s]
24/11/23 00:31:17| INFO        m3w_kde finished [took 1087.6129s]
24/11/23 00:32:21| INFO        mul_kde finished [took 1158.7544s]
24/11/23 00:32:21| INFO     Dataset sample 0.50 of dataset rcv1_CCAT finished [took 1186.4855s]
24/11/23 00:32:21| INFO     Dataset sample 0.60 of dataset rcv1_CCAT started
24/11/23 00:36:32| INFO        m3w_sld finished [took 239.4283s]
24/11/23 00:36:34| INFO        atc_mc finished [took 199.9196s]
24/11/23 00:36:36| INFO        ref finished [took 212.6480s]
24/11/23 00:36:38| INFO        doc finished [took 193.5641s]
24/11/23 00:36:39| INFO        bin_sld finished [took 254.2082s]
24/11/23 00:36:45| INFO        mul_sld finished [took 257.2018s]
24/11/23 00:45:17| INFO        bin_kde finished [took 757.5460s]
24/11/23 00:50:05| INFO        m3w_kde finished [took 1030.3972s]
24/11/23 00:50:13| INFO        mul_kde finished [took 1046.9631s]
24/11/23 00:50:13| INFO     Dataset sample 0.60 of dataset rcv1_CCAT finished [took 1071.8945s]
24/11/23 00:50:13| INFO     Dataset sample 0.70 of dataset rcv1_CCAT started
24/11/23 00:54:44| INFO        ref finished [took 225.7648s]
24/11/23 00:54:46| INFO        m3w_sld finished [took 259.8590s]
24/11/23 00:54:47| INFO        bin_sld finished [took 270.5892s]
24/11/23 00:54:49| INFO        doc finished [took 205.6426s]
24/11/23 00:54:52| INFO        atc_mc finished [took 221.3345s]
24/11/23 00:54:53| INFO        mul_sld finished [took 272.0794s]
24/11/23 01:03:37| INFO        bin_kde finished [took 782.6298s]
24/11/23 01:08:23| INFO        m3w_kde finished [took 1056.5146s]
24/11/23 01:08:41| INFO        mul_kde finished [took 1080.1944s]
24/11/23 01:08:41| INFO     Dataset sample 0.70 of dataset rcv1_CCAT finished [took 1107.4017s]
24/11/23 01:08:41| INFO     Dataset sample 0.80 of dataset rcv1_CCAT started
24/11/23 01:12:49| INFO        ref finished [took 200.0817s]
24/11/23 01:12:51| INFO        doc finished [took 176.8296s]
24/11/23 01:12:57| INFO        atc_mc finished [took 195.8584s]
24/11/23 01:13:02| INFO        m3w_sld finished [took 248.2047s]
24/11/23 01:13:10| INFO        bin_sld finished [took 266.2047s]
24/11/23 01:13:11| INFO        mul_sld finished [took 263.3658s]
24/11/23 01:23:02| INFO        bin_kde finished [took 840.9783s]
24/11/23 01:26:28| INFO        m3w_kde finished [took 1030.5388s]
24/11/23 01:27:18| INFO        mul_kde finished [took 1089.9603s]
24/11/23 01:27:18| INFO     Dataset sample 0.80 of dataset rcv1_CCAT finished [took 1117.2163s]
24/11/23 01:27:18| INFO     Dataset sample 0.90 of dataset rcv1_CCAT started
24/11/23 01:31:19| INFO        m3w_sld finished [took 228.8933s]
24/11/23 01:31:28| INFO        ref finished [took 205.4857s]
24/11/23 01:31:28| INFO        doc finished [took 186.5294s]
24/11/23 01:31:35| INFO        bin_sld finished [took 253.4877s]
24/11/23 01:31:37| INFO        atc_mc finished [took 208.0473s]
24/11/23 01:31:54| INFO        mul_sld finished [took 269.3861s]
24/11/23 01:45:25| INFO        bin_kde finished [took 1069.0575s]
24/11/23 01:47:52| INFO        m3w_kde finished [took 1202.9395s]
24/11/23 01:49:02| INFO        mul_kde finished [took 1279.2752s]
24/11/23 01:49:02| INFO     Dataset sample 0.90 of dataset rcv1_CCAT finished [took 1304.3805s]
