----------------------------------------------------------------------------------------------------
21/11/23 12:51:19| INFO     dataset rcv1_CCAT [pool size: 10]
21/11/23 12:51:24| INFO     Dataset sample 0.10 of dataset rcv1_CCAT started
21/11/23 12:54:47| INFO        m3wc_sld finished [took 196.6266s]
21/11/23 12:54:48| INFO        m3wne_sld finished [took 200.5098s]
21/11/23 12:54:53| INFO        mulis_sld finished [took 190.2711s]
21/11/23 12:55:30| INFO        binis_sld finished [took 232.3390s]
21/11/23 12:55:34| INFO        m3wis_sld finished [took 217.6735s]
21/11/23 12:55:38| INFO        mulc_sld finished [took 208.2281s]
21/11/23 12:56:14| INFO        mulmc_sld finished [took 237.9751s]
21/11/23 12:56:15| INFO        bin_sld finished [took 266.9560s]
21/11/23 12:56:28| INFO        binmc_sld finished [took 266.8258s]
21/11/23 13:00:52| INFO        m3wmc_sld finished [took 357.5747s]
21/11/23 13:01:43| INFO        binc_sld finished [took 392.3157s]
21/11/23 13:02:20| INFO        ref finished [took 335.8482s]
21/11/23 13:02:25| INFO        mulne_sld finished [took 361.4735s]
21/11/23 13:02:55| INFO        binne_sld finished [took 436.2934s]
21/11/23 13:05:05| INFO        m3w_sld finished [took 551.2006s]
21/11/23 13:05:51| INFO        mul_sld finished [took 558.5698s]
21/11/23 13:07:30| INFO        atc_mc finished [took 389.1109s]
21/11/23 13:07:52| INFO        doc finished [took 358.4947s]
21/11/23 13:09:11| INFO        gde finished [took 365.8771s]
21/11/23 13:17:54| DEBUG       [BinaryQuantifierAccuracyEstimator] optimization finished: best params {'quantifier__classifier__C': 100.0, 'quantifier__classifier__class_weight': 'balanced', 'quantifier__recalib': 'bcts', 'confidence': ['max_conf', 'entropy']} (score=0.00585) [took 1529.1864s]
21/11/23 13:25:51| INFO        bin_sld_gs finished [took 2006.0591s]
21/11/23 14:04:10| DEBUG       [MultiClassAccuracyEstimator] optimization finished: best params {'quantifier__classifier__C': 1.0, 'quantifier__classifier__class_weight': 'balanced', 'quantifier__recalib': 'bcts', 'confidence': ['max_conf', 'entropy']} (score=0.00605) [took 4148.2619s]
21/11/23 14:04:42| DEBUG       [MultiClassAccuracyEstimator] optimization finished: best params {'quantifier__classifier__C': 1.0, 'quantifier__classifier__class_weight': 'balanced', 'quantifier__recalib': 'bcts', 'confidence': ['max_conf', 'entropy']} (score=0.00605) [took 4136.4139s]
21/11/23 14:08:29| INFO        mul_sld_gs finished [took 4407.1777s]
21/11/23 14:08:50| INFO        m3w_sld_gs finished [took 4385.2300s]
21/11/23 14:15:44| INFO        rca finished [took 4389.0900s]
21/11/23 14:15:46| INFO        rca_star finished [took 4380.9926s]
21/11/23 14:15:46| INFO     Dataset sample 0.10 of dataset rcv1_CCAT finished [took 5062.0989s]
21/11/23 14:15:46| INFO     Dataset sample 0.20 of dataset rcv1_CCAT started
21/11/23 14:19:18| INFO        m3wne_sld finished [took 209.2370s]
21/11/23 14:19:23| INFO        m3wc_sld finished [took 209.0010s]
21/11/23 14:19:43| INFO        m3wis_sld finished [took 202.4976s]
21/11/23 14:19:44| INFO        mulis_sld finished [took 216.6760s]
21/11/23 14:19:46| INFO        binis_sld finished [took 225.9242s]
21/11/23 14:20:13| INFO        binmc_sld finished [took 226.3895s]
21/11/23 14:20:16| INFO        bin_sld finished [took 242.4885s]
21/11/23 14:20:22| INFO        mulc_sld finished [took 227.3747s]
21/11/23 14:20:57| INFO        mulmc_sld finished [took 255.8821s]
21/11/23 14:25:55| INFO        m3wmc_sld finished [took 388.9148s]
21/11/23 14:26:43| INFO        ref finished [took 327.8211s]
21/11/23 14:27:04| INFO        binc_sld finished [took 428.5380s]
21/11/23 14:27:18| INFO        binne_sld finished [took 433.5433s]
21/11/23 14:27:24| INFO        mulne_sld finished [took 404.5153s]
21/11/23 14:28:22| INFO        m3w_sld finished [took 477.3696s]
21/11/23 14:28:38| INFO        mul_sld finished [took 465.2861s]
21/11/23 14:32:46| INFO        atc_mc finished [took 398.7857s]
21/11/23 14:32:52| INFO        doc finished [took 353.2227s]
21/11/23 14:33:59| INFO        gde finished [took 375.0917s]
21/11/23 14:45:54| DEBUG       [BinaryQuantifierAccuracyEstimator] optimization finished: best params {'quantifier__classifier__C': 0.1, 'quantifier__classifier__class_weight': 'balanced', 'quantifier__recalib': 'bcts', 'confidence': ['isoft']} (score=0.00765) [took 1742.4316s]
21/11/23 14:53:48| INFO        bin_sld_gs finished [took 2216.5585s]
21/11/23 15:29:32| DEBUG       [MultiClassAccuracyEstimator] optimization finished: best params {'quantifier__classifier__C': 0.01, 'quantifier__classifier__class_weight': 'balanced', 'quantifier__recalib': 'bcts', 'confidence': ['max_conf', 'entropy']} (score=0.00885) [took 4194.7912s]
21/11/23 15:30:56| DEBUG       [MultiClassAccuracyEstimator] optimization finished: best params {'quantifier__classifier__C': 0.01, 'quantifier__classifier__class_weight': 'balanced', 'quantifier__recalib': 'bcts', 'confidence': ['max_conf', 'entropy']} (score=0.00885) [took 4242.9957s]
21/11/23 15:34:15| INFO        mul_sld_gs finished [took 4477.9603s]
21/11/23 15:35:15| INFO        m3w_sld_gs finished [took 4501.1789s]
21/11/23 15:41:14| INFO        rca finished [took 4437.8055s]
21/11/23 15:41:18| INFO        rca_star finished [took 4425.3195s]
21/11/23 15:41:18| INFO     Dataset sample 0.20 of dataset rcv1_CCAT finished [took 5132.2646s]
21/11/23 15:41:18| INFO     Dataset sample 0.30 of dataset rcv1_CCAT started
21/11/23 15:44:40| INFO        binis_sld finished [took 185.3271s]
21/11/23 15:45:08| INFO        m3wne_sld finished [took 225.9808s]
21/11/23 15:45:12| INFO        m3wc_sld finished [took 224.9122s]
21/11/23 15:45:17| INFO        m3wis_sld finished [took 198.6263s]
21/11/23 15:45:19| INFO        mulis_sld finished [took 217.8250s]
21/11/23 15:45:30| INFO        bin_sld finished [took 218.3796s]
21/11/23 15:45:41| INFO        binmc_sld finished [took 216.8556s]
21/11/23 15:46:26| INFO        mulc_sld finished [took 252.1148s]
21/11/23 15:46:28| INFO        mulmc_sld finished [took 247.0350s]
21/11/23 15:50:53| INFO        m3wmc_sld finished [took 365.1590s]
21/11/23 15:52:05| INFO        ref finished [took 313.9595s]
21/11/23 15:52:12| INFO        binc_sld finished [took 407.1139s]
21/11/23 15:52:31| INFO        binne_sld finished [took 417.1947s]
21/11/23 15:52:36| INFO        mulne_sld finished [took 396.3426s]
21/11/23 15:53:13| INFO        m3w_sld finished [took 440.1704s]
21/11/23 15:54:07| INFO        mul_sld finished [took 445.2076s]
21/11/23 15:58:14| INFO        atc_mc finished [took 425.3155s]
21/11/23 15:58:39| INFO        doc finished [took 380.1914s]
21/11/23 15:59:39| INFO        gde finished [took 398.4721s]
21/11/23 16:16:53| DEBUG       [BinaryQuantifierAccuracyEstimator] optimization finished: best params {'quantifier__classifier__C': 100.0, 'quantifier__classifier__class_weight': None, 'quantifier__recalib': 'bcts', 'confidence': ['isoft']} (score=0.00779) [took 2061.6231s]
21/11/23 16:25:07| INFO        bin_sld_gs finished [took 2555.9670s]
21/11/23 16:56:57| DEBUG       [MultiClassAccuracyEstimator] optimization finished: best params {'quantifier__classifier__C': 1.0, 'quantifier__classifier__class_weight': None, 'quantifier__recalib': None, 'confidence': ['isoft']} (score=0.00724) [took 4301.2337s]
21/11/23 16:57:36| DEBUG       [MultiClassAccuracyEstimator] optimization finished: best params {'quantifier__classifier__C': 1.0, 'quantifier__classifier__class_weight': None, 'quantifier__recalib': None, 'confidence': ['isoft']} (score=0.00724) [took 4313.6177s]
21/11/23 17:01:41| INFO        mul_sld_gs finished [took 4585.2778s]
21/11/23 17:02:03| INFO        m3w_sld_gs finished [took 4579.8531s]
21/11/23 17:08:39| INFO        rca finished [took 4567.3738s]
21/11/23 17:08:46| INFO        rca_star finished [took 4558.6572s]
21/11/23 17:08:46| INFO     Dataset sample 0.30 of dataset rcv1_CCAT finished [took 5247.6454s]
21/11/23 17:08:46| INFO     Dataset sample 0.40 of dataset rcv1_CCAT started
21/11/23 17:12:04| INFO        binis_sld finished [took 184.6600s]
21/11/23 17:12:05| INFO        m3wc_sld finished [took 193.3712s]
21/11/23 17:12:05| INFO        mulis_sld finished [took 179.0054s]
21/11/23 17:12:24| INFO        m3wne_sld finished [took 215.1426s]
21/11/23 17:12:37| INFO        binmc_sld finished [took 194.7120s]
21/11/23 17:12:38| INFO        bin_sld finished [took 206.2741s]
21/11/23 17:13:00| INFO        m3wis_sld finished [took 221.4732s]
21/11/23 17:13:16| INFO        mulmc_sld finished [took 217.5927s]
21/11/23 17:13:52| INFO        mulc_sld finished [took 260.7791s]
21/11/23 17:18:26| INFO        m3wmc_sld finished [took 375.1708s]
21/11/23 17:18:53| INFO        binc_sld finished [took 384.5582s]
21/11/23 17:19:07| INFO        binne_sld finished [took 391.1744s]
21/11/23 17:19:33| INFO        ref finished [took 331.5894s]
21/11/23 17:19:43| INFO        m3w_sld finished [took 408.0944s]
21/11/23 17:19:48| INFO        mulne_sld finished [took 396.5630s]
21/11/23 17:20:05| INFO        mul_sld finished [took 398.2566s]
21/11/23 17:25:13| INFO        doc finished [took 370.5448s]
21/11/23 17:25:25| INFO        atc_mc finished [took 408.3537s]
21/11/23 17:26:00| INFO        gde finished [took 369.1184s]
21/11/23 17:46:20| DEBUG       [BinaryQuantifierAccuracyEstimator] optimization finished: best params {'quantifier__classifier__C': 1.0, 'quantifier__classifier__class_weight': None, 'quantifier__recalib': None, 'confidence': ['isoft']} (score=0.01086) [took 2194.7560s]
21/11/23 17:55:00| INFO        bin_sld_gs finished [took 2715.2949s]
21/11/23 18:25:03| DEBUG       [MultiClassAccuracyEstimator] optimization finished: best params {'quantifier__classifier__C': 1.0, 'quantifier__classifier__class_weight': None, 'quantifier__recalib': None, 'confidence': ['isoft']} (score=0.00869) [took 4362.8549s]
21/11/23 18:25:43| DEBUG       [MultiClassAccuracyEstimator] optimization finished: best params {'quantifier__classifier__C': 1.0, 'quantifier__classifier__class_weight': None, 'quantifier__recalib': None, 'confidence': ['isoft']} (score=0.00869) [took 4377.3857s]
21/11/23 18:29:48| INFO        mul_sld_gs finished [took 4647.4839s]
21/11/23 18:30:02| INFO        m3w_sld_gs finished [took 4636.4229s]
21/11/23 18:36:22| INFO        rca finished [took 4623.5878s]
21/11/23 18:36:28| INFO        rca_star finished [took 4607.6113s]
21/11/23 18:36:28| INFO     Dataset sample 0.40 of dataset rcv1_CCAT finished [took 5262.3508s]
21/11/23 18:36:28| INFO     Dataset sample 0.50 of dataset rcv1_CCAT started
21/11/23 18:39:52| INFO        m3wne_sld finished [took 200.9229s]
21/11/23 18:40:23| INFO        m3wc_sld finished [took 226.0652s]
21/11/23 18:40:30| INFO        mulis_sld finished [took 220.4251s]
21/11/23 18:40:34| INFO        binis_sld finished [took 231.4459s]
21/11/23 18:40:35| INFO        bin_sld finished [took 217.3232s]
21/11/23 18:40:35| INFO        m3wis_sld finished [took 210.8155s]
21/11/23 18:40:40| INFO        mulc_sld finished [took 200.7920s]
21/11/23 18:40:45| INFO        mulmc_sld finished [took 199.8155s]
21/11/23 18:41:15| INFO        binmc_sld finished [took 242.9171s]
21/11/23 18:46:27| INFO        m3wmc_sld finished [took 385.0646s]
21/11/23 18:46:58| INFO        ref finished [took 316.5508s]
21/11/23 18:47:04| INFO        binc_sld finished [took 385.5751s]
21/11/23 18:47:21| INFO        binne_sld finished [took 392.9406s]
21/11/23 18:47:49| INFO        mulne_sld finished [took 395.1080s]
21/11/23 18:48:19| INFO        m3w_sld finished [took 434.3244s]
21/11/23 18:48:34| INFO        mul_sld finished [took 426.3324s]
21/11/23 18:53:38| INFO        doc finished [took 390.2022s]
21/11/23 18:53:56| INFO        atc_mc finished [took 434.8593s]
21/11/23 18:54:48| INFO        gde finished [took 402.9942s]
21/11/23 19:14:22| DEBUG       [BinaryQuantifierAccuracyEstimator] optimization finished: best params {'quantifier__classifier__C': 1.0, 'quantifier__classifier__class_weight': None, 'quantifier__recalib': 'bcts', 'confidence': ['max_conf', 'entropy']} (score=0.00681) [took 2208.4475s]
21/11/23 19:22:19| INFO        bin_sld_gs finished [took 2685.6423s]
21/11/23 19:52:53| DEBUG       [MultiClassAccuracyEstimator] optimization finished: best params {'quantifier__classifier__C': 1.0, 'quantifier__classifier__class_weight': 'balanced', 'quantifier__recalib': 'bcts', 'confidence': ['max_conf', 'entropy']} (score=0.00623) [took 4342.0127s]
21/11/23 19:53:28| DEBUG       [MultiClassAccuracyEstimator] optimization finished: best params {'quantifier__classifier__C': 1.0, 'quantifier__classifier__class_weight': 'balanced', 'quantifier__recalib': 'bcts', 'confidence': ['max_conf', 'entropy']} (score=0.00623) [took 4351.5351s]
21/11/23 19:57:49| INFO        mul_sld_gs finished [took 4637.7850s]
21/11/23 19:57:50| INFO        m3w_sld_gs finished [took 4613.9057s]
21/11/23 20:04:37| INFO        rca finished [took 4637.4816s]
21/11/23 20:04:55| INFO        rca_star finished [took 4642.5593s]
21/11/23 20:04:55| INFO     Dataset sample 0.50 of dataset rcv1_CCAT finished [took 5306.5435s]
21/11/23 20:04:55| INFO     Dataset sample 0.60 of dataset rcv1_CCAT started
21/11/23 20:08:06| INFO        m3wc_sld finished [took 183.4368s]
21/11/23 20:08:29| INFO        m3wne_sld finished [took 211.1915s]
21/11/23 20:08:42| INFO        m3wis_sld finished [took 191.0091s]
21/11/23 20:08:48| INFO        binis_sld finished [took 218.1030s]
21/11/23 20:08:50| INFO        mulis_sld finished [took 212.2706s]
21/11/23 20:09:21| INFO        bin_sld finished [took 236.9134s]
21/11/23 20:09:25| INFO        binmc_sld finished [took 228.6693s]
21/11/23 20:09:39| INFO        mulmc_sld finished [took 224.8805s]
21/11/23 20:09:54| INFO        mulc_sld finished [took 250.6695s]
21/11/23 20:14:47| INFO        m3wmc_sld finished [took 394.8114s]
21/11/23 20:15:24| INFO        binc_sld finished [took 394.6836s]
21/11/23 20:15:30| INFO        binne_sld finished [took 391.3737s]
21/11/23 20:15:35| INFO        ref finished [took 326.2040s]
21/11/23 20:16:49| INFO        mulne_sld finished [took 428.0490s]
21/11/23 20:16:55| INFO        m3w_sld finished [took 444.4332s]
21/11/23 20:17:42| INFO        mul_sld finished [took 465.4966s]
21/11/23 20:21:55| INFO        doc finished [took 382.4532s]
21/11/23 20:22:25| INFO        atc_mc finished [took 445.8135s]
21/11/23 20:23:28| INFO        gde finished [took 388.0293s]
21/11/23 20:42:21| DEBUG       [BinaryQuantifierAccuracyEstimator] optimization finished: best params {'quantifier__classifier__C': 100.0, 'quantifier__classifier__class_weight': 'balanced', 'quantifier__recalib': None, 'confidence': ['max_conf', 'entropy']} (score=0.00551) [took 2178.4410s]
21/11/23 20:49:44| INFO        bin_sld_gs finished [took 2622.2350s]
21/11/23 21:20:55| DEBUG       [MultiClassAccuracyEstimator] optimization finished: best params {'quantifier__classifier__C': 1.0, 'quantifier__classifier__class_weight': 'balanced', 'quantifier__recalib': 'bcts', 'confidence': ['isoft']} (score=0.00569) [took 4337.1547s]
21/11/23 21:21:00| DEBUG       [MultiClassAccuracyEstimator] optimization finished: best params {'quantifier__classifier__C': 1.0, 'quantifier__classifier__class_weight': 'balanced', 'quantifier__recalib': 'bcts', 'confidence': ['isoft']} (score=0.00569) [took 4314.4186s]
21/11/23 21:25:29| INFO        mul_sld_gs finished [took 4611.2209s]
21/11/23 21:25:40| INFO        m3w_sld_gs finished [took 4594.1856s]
21/11/23 21:32:15| INFO        rca finished [took 4593.2886s]
21/11/23 21:32:31| INFO        rca_star finished [took 4599.0356s]
21/11/23 21:32:31| INFO     Dataset sample 0.60 of dataset rcv1_CCAT finished [took 5256.0623s]
21/11/23 21:32:31| INFO     Dataset sample 0.70 of dataset rcv1_CCAT started
21/11/23 21:36:04| INFO        mulis_sld finished [took 188.9080s]
21/11/23 21:36:24| INFO        m3wne_sld finished [took 228.9657s]
21/11/23 21:36:27| INFO        m3wc_sld finished [took 227.0561s]
21/11/23 21:36:30| INFO        binis_sld finished [took 223.2129s]
21/11/23 21:36:44| INFO        m3wis_sld finished [took 213.4651s]
21/11/23 21:36:50| INFO        binmc_sld finished [took 214.2182s]
21/11/23 21:37:07| INFO        bin_sld finished [took 245.8889s]
21/11/23 21:37:36| INFO        mulc_sld finished [took 254.0430s]
21/11/23 21:37:45| INFO        mulmc_sld finished [took 253.4875s]
21/11/23 21:42:45| INFO        m3wmc_sld finished [took 393.0229s]
21/11/23 21:43:16| INFO        binc_sld finished [took 393.1787s]
21/11/23 21:43:48| INFO        binne_sld finished [took 418.4200s]
21/11/23 21:43:52| INFO        ref finished [took 346.6331s]
21/11/23 21:44:18| INFO        mulne_sld finished [took 414.0491s]
21/11/23 21:44:40| INFO        m3w_sld finished [took 454.9201s]
21/11/23 21:45:24| INFO        mul_sld finished [took 448.8616s]
21/11/23 21:49:46| INFO        doc finished [took 377.6572s]
21/11/23 21:50:04| INFO        atc_mc finished [took 424.5041s]
21/11/23 21:50:54| INFO        gde finished [took 383.5231s]
21/11/23 22:07:22| DEBUG       [BinaryQuantifierAccuracyEstimator] optimization finished: best params {'quantifier__classifier__C': 0.1, 'quantifier__classifier__class_weight': 'balanced', 'quantifier__recalib': 'bcts', 'confidence': ['max_conf', 'entropy']} (score=0.01165) [took 2020.3595s]
21/11/23 22:15:07| INFO        bin_sld_gs finished [took 2485.0383s]
21/11/23 22:48:37| DEBUG       [MultiClassAccuracyEstimator] optimization finished: best params {'quantifier__classifier__C': 0.1, 'quantifier__classifier__class_weight': 'balanced', 'quantifier__recalib': 'bcts', 'confidence': ['max_conf', 'entropy']} (score=0.00799) [took 4323.9647s]
21/11/23 22:48:53| DEBUG       [MultiClassAccuracyEstimator] optimization finished: best params {'quantifier__classifier__C': 0.1, 'quantifier__classifier__class_weight': 'balanced', 'quantifier__recalib': 'bcts', 'confidence': ['max_conf', 'entropy']} (score=0.00799) [took 4315.7725s]
21/11/23 22:52:50| INFO        mul_sld_gs finished [took 4576.7145s]
21/11/23 22:53:06| INFO        m3w_sld_gs finished [took 4568.6993s]
21/11/23 23:00:53| INFO        rca_star finished [took 4601.2824s]
21/11/23 23:00:57| INFO        rca finished [took 4614.2083s]
21/11/23 23:00:57| INFO     Dataset sample 0.70 of dataset rcv1_CCAT finished [took 5305.8622s]
21/11/23 23:00:57| INFO     Dataset sample 0.80 of dataset rcv1_CCAT started
21/11/23 23:04:27| INFO        m3wne_sld finished [took 206.9484s]
21/11/23 23:04:55| INFO        m3wc_sld finished [took 229.4260s]
21/11/23 23:05:07| INFO        mulis_sld finished [took 229.6879s]
21/11/23 23:05:18| INFO        m3wis_sld finished [took 226.0338s]
21/11/23 23:05:24| INFO        mulc_sld finished [took 215.0732s]
21/11/23 23:05:26| INFO        mulmc_sld finished [took 213.0851s]
21/11/23 23:05:37| INFO        binis_sld finished [took 265.1999s]
21/11/23 23:05:52| INFO        bin_sld finished [took 268.5712s]
21/11/23 23:06:07| INFO        binmc_sld finished [took 268.4998s]
21/11/23 23:11:10| INFO        m3wmc_sld finished [took 392.5020s]
21/11/23 23:12:01| INFO        ref finished [took 332.3662s]
21/11/23 23:12:38| INFO        mulne_sld finished [took 397.8490s]
21/11/23 23:13:21| INFO        m3w_sld finished [took 452.4670s]
21/11/23 23:13:24| INFO        binc_sld finished [took 487.5875s]
21/11/23 23:13:28| INFO        mul_sld finished [took 432.4091s]
21/11/23 23:13:32| INFO        binne_sld finished [took 482.6751s]
21/11/23 23:17:58| INFO        doc finished [took 344.4446s]
21/11/23 23:18:32| INFO        atc_mc finished [took 427.6653s]
21/11/23 23:20:22| INFO        gde finished [took 393.1416s]
21/11/23 23:31:42| DEBUG       [BinaryQuantifierAccuracyEstimator] optimization finished: best params {'quantifier__classifier__C': 1.0, 'quantifier__classifier__class_weight': None, 'quantifier__recalib': None, 'confidence': ['max_conf', 'entropy']} (score=0.00899) [took 1781.3736s]
21/11/23 23:42:16| INFO        bin_sld_gs finished [took 2414.9537s]
22/11/23 00:14:04| DEBUG       [MultiClassAccuracyEstimator] optimization finished: best params {'quantifier__classifier__C': 1.0, 'quantifier__classifier__class_weight': None, 'quantifier__recalib': None, 'confidence': ['max_conf', 'entropy']} (score=0.00875) [took 4140.3600s]
22/11/23 00:15:09| DEBUG       [MultiClassAccuracyEstimator] optimization finished: best params {'quantifier__classifier__C': 1.0, 'quantifier__classifier__class_weight': None, 'quantifier__recalib': None, 'confidence': ['max_conf', 'entropy']} (score=0.00875) [took 4169.5044s]
22/11/23 00:18:39| INFO        mul_sld_gs finished [took 4415.6828s]
22/11/23 00:19:19| INFO        m3w_sld_gs finished [took 4418.9390s]
22/11/23 00:24:39| INFO        rca finished [took 4302.3836s]
22/11/23 00:24:51| INFO        rca_star finished [took 4275.2244s]
22/11/23 00:24:51| INFO     Dataset sample 0.80 of dataset rcv1_CCAT finished [took 5034.4189s]
22/11/23 00:24:51| INFO     Dataset sample 0.90 of dataset rcv1_CCAT started
22/11/23 00:28:12| INFO        m3wne_sld finished [took 196.8983s]
22/11/23 00:28:41| INFO        m3wc_sld finished [took 222.2506s]
22/11/23 00:28:45| INFO        mulis_sld finished [took 212.7197s]
22/11/23 00:29:02| INFO        m3wis_sld finished [took 215.9806s]
22/11/23 00:29:07| INFO        mulc_sld finished [took 206.8745s]
22/11/23 00:29:07| INFO        mulmc_sld finished [took 200.5218s]
22/11/23 00:29:51| INFO        binis_sld finished [took 286.9601s]
22/11/23 00:30:15| INFO        bin_sld finished [took 296.6886s]
22/11/23 00:30:35| INFO        binmc_sld finished [took 303.7616s]
22/11/23 00:34:05| INFO        m3wmc_sld finished [took 346.5160s]
22/11/23 00:36:18| INFO        mulne_sld finished [took 377.1504s]
22/11/23 00:36:21| INFO        ref finished [took 330.6925s]
22/11/23 00:36:53| INFO        binc_sld finished [took 477.4226s]
22/11/23 00:37:15| INFO        binne_sld finished [took 485.6467s]
22/11/23 00:38:35| INFO        m3w_sld finished [took 549.9768s]
22/11/23 00:39:35| INFO        mul_sld finished [took 546.0321s]
22/11/23 00:41:10| INFO        atc_mc finished [took 412.7536s]
22/11/23 00:42:40| INFO        doc finished [took 369.5493s]
22/11/23 00:44:07| INFO        gde finished [took 397.7040s]
22/11/23 00:52:18| DEBUG       [BinaryQuantifierAccuracyEstimator] optimization finished: best params {'quantifier__classifier__C': 10.0, 'quantifier__classifier__class_weight': None, 'quantifier__recalib': None, 'confidence': ['isoft']} (score=0.00600) [took 1579.8876s]
22/11/23 00:59:22| INFO        bin_sld_gs finished [took 2004.4674s]
22/11/23 01:35:10| DEBUG       [MultiClassAccuracyEstimator] optimization finished: best params {'quantifier__classifier__C': 0.1, 'quantifier__classifier__class_weight': None, 'quantifier__recalib': 'bcts', 'confidence': ['isoft']} (score=0.00749) [took 3982.4330s]
22/11/23 01:36:13| DEBUG       [MultiClassAccuracyEstimator] optimization finished: best params {'quantifier__classifier__C': 0.1, 'quantifier__classifier__class_weight': None, 'quantifier__recalib': 'bcts', 'confidence': ['isoft']} (score=0.00749) [took 4015.9827s]
22/11/23 01:40:39| INFO        mul_sld_gs finished [took 4311.6553s]
22/11/23 01:41:23| INFO        m3w_sld_gs finished [took 4325.4477s]
22/11/23 01:42:47| INFO        rca finished [took 3966.9963s]
22/11/23 01:42:48| INFO        rca_star finished [took 3941.6003s]
22/11/23 01:42:48| INFO     Dataset sample 0.90 of dataset rcv1_CCAT finished [took 4676.7846s]
