----------------------------------------------------------------------------------------------------
31/01/24 17:18:24| INFO     dataset rcv1_CCAT [pool size: 205]
31/01/24 17:18:24| INFO     Dataset sample [0.1 0.9] of dataset rcv1_CCAT started
31/01/24 17:19:07| INFO        ref finished [took 40.1955s]
31/01/24 17:19:07| INFO        naive finished [took 40.2877s]
31/01/24 17:19:10| INFO        atc_mc finished [took 43.4293s]
31/01/24 17:19:12| INFO        doc finished [took 46.0003s]
31/01/24 17:19:13| INFO     Dataset sample [0.1 0.9] of dataset rcv1_CCAT finished [took 48.7931s]
31/01/24 17:19:13| INFO     Dataset sample [0.2 0.8] of dataset rcv1_CCAT started
31/01/24 17:19:55| INFO        ref finished [took 39.8802s]
31/01/24 17:19:55| INFO        naive finished [took 40.0805s]
31/01/24 17:19:59| INFO        atc_mc finished [took 43.4979s]
31/01/24 17:20:01| INFO        doc finished [took 45.8708s]
31/01/24 17:20:01| INFO     Dataset sample [0.2 0.8] of dataset rcv1_CCAT finished [took 48.7979s]
31/01/24 17:20:01| INFO     Dataset sample [0.3 0.7] of dataset rcv1_CCAT started
31/01/24 17:20:44| INFO        ref finished [took 40.4208s]
31/01/24 17:20:44| INFO        naive finished [took 40.5600s]
31/01/24 17:20:47| INFO        atc_mc finished [took 43.4224s]
31/01/24 17:20:50| INFO        doc finished [took 45.6750s]
31/01/24 17:20:50| INFO     Dataset sample [0.3 0.7] of dataset rcv1_CCAT finished [took 48.4001s]
31/01/24 17:20:50| INFO     Dataset sample [0.4 0.6] of dataset rcv1_CCAT started
31/01/24 17:21:32| INFO        naive finished [took 39.8232s]
31/01/24 17:21:33| INFO        ref finished [took 40.3579s]
31/01/24 17:21:36| INFO        atc_mc finished [took 43.6077s]
31/01/24 17:21:38| INFO        doc finished [took 46.0172s]
31/01/24 17:21:39| INFO     Dataset sample [0.4 0.6] of dataset rcv1_CCAT finished [took 48.9840s]
31/01/24 17:21:39| INFO     Dataset sample [0.5 0.5] of dataset rcv1_CCAT started
31/01/24 17:22:20| INFO        naive finished [took 40.1276s]
31/01/24 17:22:20| INFO        ref finished [took 40.1823s]
31/01/24 17:22:24| INFO        atc_mc finished [took 43.7643s]
31/01/24 17:22:26| INFO        doc finished [took 45.9770s]
31/01/24 17:22:26| INFO     Dataset sample [0.5 0.5] of dataset rcv1_CCAT finished [took 47.6680s]
31/01/24 17:22:26| INFO     Dataset sample [0.6 0.4] of dataset rcv1_CCAT started
31/01/24 17:23:08| INFO        ref finished [took 39.8007s]
31/01/24 17:23:08| INFO        naive finished [took 39.8639s]
31/01/24 17:23:12| INFO        atc_mc finished [took 43.9881s]
31/01/24 17:23:14| INFO        doc finished [took 46.2032s]
31/01/24 17:23:15| INFO     Dataset sample [0.6 0.4] of dataset rcv1_CCAT finished [took 48.0508s]
31/01/24 17:23:15| INFO     Dataset sample [0.7 0.3] of dataset rcv1_CCAT started
31/01/24 17:23:56| INFO        naive finished [took 40.1761s]
31/01/24 17:23:57| INFO        ref finished [took 40.5941s]
31/01/24 17:24:00| INFO        atc_mc finished [took 43.6298s]
31/01/24 17:24:02| INFO        doc finished [took 45.7583s]
31/01/24 17:24:02| INFO     Dataset sample [0.7 0.3] of dataset rcv1_CCAT finished [took 47.5964s]
31/01/24 17:24:02| INFO     Dataset sample [0.8 0.2] of dataset rcv1_CCAT started
31/01/24 17:24:44| INFO        naive finished [took 40.1128s]
31/01/24 17:24:44| INFO        ref finished [took 40.1962s]
31/01/24 17:24:47| INFO        atc_mc finished [took 43.8232s]
31/01/24 17:24:49| INFO        doc finished [took 45.6255s]
31/01/24 17:24:49| INFO     Dataset sample [0.8 0.2] of dataset rcv1_CCAT finished [took 47.1926s]
31/01/24 17:24:49| INFO     Dataset sample [0.9 0.1] of dataset rcv1_CCAT started
31/01/24 17:25:31| INFO        ref finished [took 40.0558s]
31/01/24 17:25:31| INFO        naive finished [took 40.1680s]
31/01/24 17:25:34| INFO        atc_mc finished [took 43.3881s]
31/01/24 17:25:37| INFO        doc finished [took 45.9729s]
31/01/24 17:25:37| INFO     Dataset sample [0.9 0.1] of dataset rcv1_CCAT finished [took 47.6554s]
