----------------------------------------------------------------------------------------------------
19/01/24 16:59:11| INFO     dataset rcv1_CCAT [pool size: 10]
19/01/24 16:59:11| INFO     Dataset sample [0.1 0.9] of dataset rcv1_CCAT started
19/01/24 17:23:48| INFO        bin_kde_lr_c finished [took 1470.3963s]
19/01/24 17:24:02| INFO        bin_kde_lr_ne finished [took 1485.8403s]
19/01/24 17:24:19| INFO        bin_kde_lr finished [took 1501.3426s]
19/01/24 17:24:24| INFO        bin_kde_lr_mc finished [took 1506.5284s]
19/01/24 17:25:35| INFO        m3w_kde_lr_mc finished [took 1576.9467s]
19/01/24 17:27:07| INFO        m3w_kde_lr_c finished [took 1669.2277s]
19/01/24 17:27:32| INFO        m3w_kde_lr finished [took 1696.1153s]
19/01/24 17:28:20| INFO        mul_kde_lr finished [took 1743.0897s]
19/01/24 17:28:50| INFO        mul_kde_lr_mc finished [took 1772.3372s]
19/01/24 17:29:45| INFO        ref finished [took 83.8478s]
19/01/24 17:30:04| INFO        mul_kde_lr_c finished [took 1847.3855s]
19/01/24 17:30:17| INFO        atc_mc finished [took 86.9692s]
19/01/24 17:30:27| INFO        mul_kde_lr_ne finished [took 1871.3592s]
19/01/24 17:31:17| INFO        doc finished [took 92.1069s]
19/01/24 17:42:22| INFO        bin_kde_lr_a finished [took 1007.2045s]
19/01/24 17:43:09| INFO        bin_kde_lr_is finished [took 1146.5361s]
19/01/24 17:43:59| INFO        m3w_kde_lr_is finished [took 1173.1167s]
19/01/24 17:45:33| INFO        m3w_kde_lr_ne finished [took 1303.9664s]
19/01/24 17:46:35| INFO        mul_kde_lr_is finished [took 1335.2408s]
19/01/24 17:48:00| INFO        mul_kde_lr_a finished [took 1252.2471s]
19/01/24 17:48:10| INFO        m3w_kde_lr_a finished [took 1236.5423s]
19/01/24 17:49:25| DEBUG       [size=11,place=1] best score = 0.01281905; best param = {'quantifier__classifier__C': 0.1, 'quantifier__classifier__class_weight': 'balanced', 'quantifier__bandwidth': 0.02, 'confidence': ['isoft']} [took 74.641s]
19/01/24 17:49:25| DEBUG       [size=11,place=2] best score = 0.01986049; best param = {'quantifier__classifier__C': 100.0, 'quantifier__classifier__class_weight': None, 'quantifier__bandwidth': 0.04, 'confidence': None} [took 74.641s]
19/01/24 17:54:32| DEBUG       [size=55,place=1] best score = 0.00691044; best param = {'quantifier__classifier__C': 0.1, 'quantifier__classifier__class_weight': 'balanced', 'quantifier__bandwidth': 0.01, 'confidence': ['isoft']} [took 306.113s]
19/01/24 17:54:32| DEBUG       [size=55,place=2] best score = 0.01251593; best param = {'quantifier__classifier__C': 0.1, 'quantifier__classifier__class_weight': 'balanced', 'quantifier__bandwidth': 0.02, 'confidence': None} [took 306.114s]
19/01/24 17:56:55| DEBUG       [size=33,place=1] best score = 0.00687025; best param = {'quantifier__classifier__C': 0.1, 'quantifier__classifier__class_weight': 'balanced', 'quantifier__bandwidth': 0.01, 'confidence': ['max_conf', 'entropy', 'isoft']} [took 143.280s]
19/01/24 17:56:55| DEBUG       [size=33,place=2] best score = 0.00855220; best param = {'quantifier__classifier__C': 0.1, 'quantifier__classifier__class_weight': 'balanced', 'quantifier__bandwidth': 0.01, 'confidence': None} [took 143.281s]
19/01/24 17:59:21| DEBUG       [size=32,place=1] best score = 0.00773019; best param = {'quantifier__classifier__C': 1.0, 'quantifier__classifier__class_weight': 'balanced', 'quantifier__bandwidth': 0.01, 'confidence': None} [took 145.728s]
19/01/24 17:59:21| DEBUG       [size=32,place=2] best score = 0.01008112; best param = {'quantifier__classifier__C': 1000.0, 'quantifier__classifier__class_weight': 'balanced', 'quantifier__bandwidth': 0.01, 'confidence': None} [took 145.728s]
19/01/24 17:59:21| DEBUG       [BinaryQuantifierAccuracyEstimator] optimization finished: best params {'quantifier__classifier__C': 0.1, 'quantifier__classifier__class_weight': 'balanced', 'quantifier__bandwidth': 0.01, 'confidence': ['max_conf', 'entropy', 'isoft']} (score=0.00687) [took 669.8768s]
19/01/24 18:06:02| INFO        bin_kde_lr_gs finished [took 1071.5699s]
19/01/24 18:09:55| DEBUG       [size=11,place=1] best score = 0.02601598; best param = {'quantifier__classifier__C': 1000.0, 'quantifier__classifier__class_weight': 'balanced', 'quantifier__bandwidth': 0.04, 'confidence': ['max_conf', 'entropy', 'isoft']} [took 231.282s]
19/01/24 18:09:55| DEBUG       [size=11,place=2] best score = 0.02635839; best param = {'quantifier__classifier__C': 100.0, 'quantifier__classifier__class_weight': 'balanced', 'quantifier__bandwidth': 0.01, 'confidence': ['isoft']} [took 231.283s]
19/01/24 18:33:34| DEBUG       [size=56,place=1] best score = 0.01010622; best param = {'quantifier__classifier__C': 1000.0, 'quantifier__classifier__class_weight': 'balanced', 'quantifier__bandwidth': 0.01, 'confidence': ['isoft']} [took 1419.378s]
19/01/24 18:33:34| DEBUG       [size=56,place=2] best score = 0.01115128; best param = {'quantifier__classifier__C': 0.01, 'quantifier__classifier__class_weight': 'balanced', 'quantifier__bandwidth': 0.01, 'confidence': ['isoft']} [took 1419.379s]
19/01/24 18:46:00| DEBUG       [size=42,place=1] best score = 0.00844166; best param = {'quantifier__classifier__C': 0.01, 'quantifier__classifier__class_weight': 'balanced', 'quantifier__bandwidth': 0.02, 'confidence': ['isoft']} [took 745.774s]
19/01/24 18:46:00| DEBUG       [size=42,place=2] best score = 0.01094322; best param = {'quantifier__classifier__C': 0.01, 'quantifier__classifier__class_weight': 'balanced', 'quantifier__bandwidth': 0.01, 'confidence': ['max_conf', 'entropy', 'isoft']} [took 745.775s]
19/01/24 18:51:14| DEBUG       [size=28,place=1] best score = 0.00890031; best param = {'quantifier__classifier__C': 0.01, 'quantifier__classifier__class_weight': 'balanced', 'quantifier__bandwidth': 0.02, 'confidence': ['max_conf', 'entropy', 'isoft']} [took 314.138s]
19/01/24 18:51:14| DEBUG       [size=28,place=2] best score = 0.00946010; best param = {'quantifier__classifier__C': 0.001, 'quantifier__classifier__class_weight': 'balanced', 'quantifier__bandwidth': 0.01, 'confidence': ['max_conf', 'entropy', 'isoft']} [took 314.139s]
19/01/24 18:51:14| DEBUG       [MultiClassAccuracyEstimator] optimization finished: best params {'quantifier__classifier__C': 0.01, 'quantifier__classifier__class_weight': 'balanced', 'quantifier__bandwidth': 0.02, 'confidence': ['isoft']} (score=0.00844) [took 2710.6882s]
19/01/24 18:59:22| INFO        mul_kde_lr_gs finished [took 3198.3247s]
19/01/24 19:02:11| DEBUG       [size=11,place=1] best score = 0.01487887; best param = {'quantifier__classifier__C': 100.0, 'quantifier__classifier__class_weight': 'balanced', 'quantifier__bandwidth': 0.01, 'confidence': ['isoft']} [took 168.775s]
19/01/24 19:02:11| DEBUG       [size=11,place=2] best score = 0.01679988; best param = {'quantifier__classifier__C': 100.0, 'quantifier__classifier__class_weight': 'balanced', 'quantifier__bandwidth': 0.03, 'confidence': ['max_conf', 'entropy', 'isoft']} [took 168.775s]
19/01/24 19:18:51| DEBUG       [size=54,place=1] best score = 0.00800712; best param = {'quantifier__classifier__C': 100.0, 'quantifier__classifier__class_weight': None, 'quantifier__bandwidth': 0.01, 'confidence': ['isoft']} [took 1000.256s]
19/01/24 19:18:51| DEBUG       [size=54,place=2] best score = 0.00801867; best param = {'quantifier__classifier__C': 0.001, 'quantifier__classifier__class_weight': 'balanced', 'quantifier__bandwidth': 0.01, 'confidence': ['isoft']} [took 1000.257s]
19/01/24 19:29:01| DEBUG       [size=48,place=1] best score = 0.00900207; best param = {'quantifier__classifier__C': 0.001, 'quantifier__classifier__class_weight': 'balanced', 'quantifier__bandwidth': 0.01, 'confidence': ['max_conf', 'entropy', 'isoft']} [took 609.226s]
19/01/24 19:29:01| DEBUG       [size=48,place=2] best score = 0.00974790; best param = {'quantifier__classifier__C': 0.001, 'quantifier__classifier__class_weight': 'balanced', 'quantifier__bandwidth': 0.02, 'confidence': ['isoft']} [took 609.227s]
19/01/24 19:29:01| DEBUG       [MultiClassAccuracyEstimator] optimization finished: best params {'quantifier__classifier__C': 100.0, 'quantifier__classifier__class_weight': None, 'quantifier__bandwidth': 0.01, 'confidence': ['isoft']} (score=0.00801) [took 1778.3730s]
19/01/24 19:36:09| INFO        m3w_kde_lr_gs finished [took 2206.7919s]
19/01/24 19:36:09| INFO     Dataset sample [0.1 0.9] of dataset rcv1_CCAT finished [took 9417.8620s]
19/01/24 19:36:09| INFO     Dataset sample [0.2 0.8] of dataset rcv1_CCAT started
19/01/24 19:54:21| INFO        bin_kde_lr_c finished [took 1085.6917s]
19/01/24 19:54:38| INFO        bin_kde_lr finished [took 1102.7532s]
19/01/24 19:54:43| INFO        bin_kde_lr_mc finished [took 1107.7460s]
19/01/24 19:54:57| INFO        bin_kde_lr_ne finished [took 1121.4097s]
19/01/24 19:59:52| INFO        m3w_kde_lr_c finished [took 1416.8847s]
19/01/24 20:00:05| INFO        m3w_kde_lr_mc finished [took 1432.5842s]
19/01/24 20:00:09| INFO        m3w_kde_lr finished [took 1433.5231s]
19/01/24 20:00:50| INFO        mul_kde_lr_mc finished [took 1474.3640s]
19/01/24 20:01:21| INFO        mul_kde_lr_c finished [took 1505.6530s]
19/01/24 20:01:50| INFO        mul_kde_lr finished [took 1534.4570s]
19/01/24 20:02:23| INFO        ref finished [took 91.4200s]
19/01/24 20:02:43| INFO        mul_kde_lr_ne finished [took 1587.1350s]
19/01/24 20:03:01| INFO        atc_mc finished [took 98.4354s]
19/01/24 20:03:22| INFO        doc finished [took 90.7406s]
19/01/24 20:08:30| INFO        bin_kde_lr_is finished [took 830.8376s]
19/01/24 20:12:53| INFO        m3w_kde_lr_ne finished [took 1110.5045s]
19/01/24 20:13:00| INFO        mul_kde_lr_is finished [took 1095.2077s]
19/01/24 20:13:07| INFO        bin_kde_lr_a finished [took 793.4966s]
19/01/24 20:13:24| INFO        m3w_kde_lr_is finished [took 1105.5544s]
19/01/24 20:15:57| INFO        m3w_kde_lr_a finished [took 947.0833s]
19/01/24 20:17:41| INFO        mul_kde_lr_a finished [took 1055.5478s]
19/01/24 20:18:57| DEBUG       [size=11,place=1] best score = 0.01465225; best param = {'quantifier__classifier__C': 0.1, 'quantifier__classifier__class_weight': 'balanced', 'quantifier__bandwidth': 0.02, 'confidence': ['isoft']} [took 74.321s]
19/01/24 20:18:57| DEBUG       [size=11,place=2] best score = 0.01538995; best param = {'quantifier__classifier__C': 100.0, 'quantifier__classifier__class_weight': 'balanced', 'quantifier__bandwidth': 0.03, 'confidence': ['max_conf', 'entropy', 'isoft']} [took 74.321s]
19/01/24 20:24:33| DEBUG       [size=56,place=1] best score = 0.01129766; best param = {'quantifier__classifier__C': 0.001, 'quantifier__classifier__class_weight': 'balanced', 'quantifier__bandwidth': 0.03, 'confidence': ['max_conf', 'entropy', 'isoft']} [took 335.875s]
19/01/24 20:24:33| DEBUG       [size=56,place=2] best score = 0.01133314; best param = {'quantifier__classifier__C': 0.001, 'quantifier__classifier__class_weight': 'balanced', 'quantifier__bandwidth': 0.02, 'confidence': ['isoft']} [took 335.875s]
19/01/24 20:26:54| DEBUG       [size=42,place=1] best score = 0.01082334; best param = {'quantifier__classifier__C': 0.001, 'quantifier__classifier__class_weight': 'balanced', 'quantifier__bandwidth': 0.03, 'confidence': ['isoft']} [took 141.104s]
19/01/24 20:26:54| DEBUG       [size=42,place=2] best score = 0.01157742; best param = {'quantifier__classifier__C': 0.001, 'quantifier__classifier__class_weight': 'balanced', 'quantifier__bandwidth': 0.04, 'confidence': ['max_conf', 'entropy', 'isoft']} [took 141.105s]
19/01/24 20:27:52| DEBUG       [size=11,place=1] best score = 0.01169549; best param = {'quantifier__classifier__C': 1.0, 'quantifier__classifier__class_weight': 'balanced', 'quantifier__bandwidth': 0.03, 'confidence': ['isoft']} [took 57.843s]
19/01/24 20:27:52| DEBUG       [size=11,place=2] best score = 0.01228743; best param = {'quantifier__classifier__C': 1.0, 'quantifier__classifier__class_weight': 'balanced', 'quantifier__bandwidth': 0.04, 'confidence': ['max_conf', 'entropy', 'isoft']} [took 57.844s]
19/01/24 20:27:52| DEBUG       [BinaryQuantifierAccuracyEstimator] optimization finished: best params {'quantifier__classifier__C': 0.001, 'quantifier__classifier__class_weight': 'balanced', 'quantifier__bandwidth': 0.03, 'confidence': ['isoft']} (score=0.01082) [took 609.2588s]
19/01/24 20:35:18| INFO        bin_kde_lr_gs finished [took 1056.0803s]
19/01/24 20:39:07| DEBUG       [size=11,place=1] best score = 0.01596262; best param = {'quantifier__classifier__C': 0.1, 'quantifier__classifier__class_weight': 'balanced', 'quantifier__bandwidth': 0.02, 'confidence': ['isoft']} [took 227.317s]
19/01/24 20:39:07| DEBUG       [size=11,place=2] best score = 0.02058836; best param = {'quantifier__classifier__C': 100.0, 'quantifier__classifier__class_weight': 'balanced', 'quantifier__bandwidth': 0.03, 'confidence': ['max_conf', 'entropy', 'isoft']} [took 227.318s]
19/01/24 20:57:02| DEBUG       [size=56,place=1] best score = 0.01428655; best param = {'quantifier__classifier__C': 0.1, 'quantifier__classifier__class_weight': 'balanced', 'quantifier__bandwidth': 0.15000000000000002, 'confidence': ['isoft']} [took 1075.056s]
19/01/24 20:57:02| DEBUG       [size=56,place=2] best score = 0.01432577; best param = {'quantifier__classifier__C': 0.1, 'quantifier__classifier__class_weight': 'balanced', 'quantifier__bandwidth': 0.14, 'confidence': ['isoft']} [took 1075.056s]
19/01/24 21:02:27| DEBUG       [size=18,place=1] best score = 0.01475216; best param = {'quantifier__classifier__C': 0.1, 'quantifier__classifier__class_weight': 'balanced', 'quantifier__bandwidth': 0.15000000000000002, 'confidence': ['max_conf', 'entropy', 'isoft']} [took 324.642s]
19/01/24 21:02:27| DEBUG       [size=18,place=2] best score = 0.01484777; best param = {'quantifier__classifier__C': 0.1, 'quantifier__classifier__class_weight': 'balanced', 'quantifier__bandwidth': 0.14, 'confidence': ['max_conf', 'entropy', 'isoft']} [took 324.663s]
19/01/24 21:02:27| DEBUG       [MultiClassAccuracyEstimator] optimization finished: best params {'quantifier__classifier__C': 0.1, 'quantifier__classifier__class_weight': 'balanced', 'quantifier__bandwidth': 0.15000000000000002, 'confidence': ['isoft']} (score=0.01429) [took 1627.1469s]
19/01/24 21:14:49| INFO        mul_kde_lr_gs finished [took 2369.2417s]
19/01/24 21:17:49| DEBUG       [size=11,place=1] best score = 0.00872691; best param = {'quantifier__classifier__C': 0.1, 'quantifier__classifier__class_weight': 'balanced', 'quantifier__bandwidth': 0.02, 'confidence': ['isoft']} [took 178.157s]
19/01/24 21:17:49| DEBUG       [size=11,place=2] best score = 0.01625760; best param = {'quantifier__classifier__C': 1000.0, 'quantifier__classifier__class_weight': 'balanced', 'quantifier__bandwidth': 0.04, 'confidence': ['max_conf', 'entropy', 'isoft']} [took 178.157s]
19/01/24 21:31:50| DEBUG       [size=56,place=1] best score = 0.00867127; best param = {'quantifier__classifier__C': 0.01, 'quantifier__classifier__class_weight': 'balanced', 'quantifier__bandwidth': 0.02, 'confidence': ['isoft']} [took 841.461s]
19/01/24 21:31:50| DEBUG       [size=56,place=2] best score = 0.00883362; best param = {'quantifier__classifier__C': 0.1, 'quantifier__classifier__class_weight': 'balanced', 'quantifier__bandwidth': 0.02, 'confidence': ['max_conf', 'entropy', 'isoft']} [took 841.461s]
19/01/24 21:38:06| DEBUG       [size=45,place=1] best score = 0.00723256; best param = {'quantifier__classifier__C': 0.01, 'quantifier__classifier__class_weight': 'balanced', 'quantifier__bandwidth': 0.01, 'confidence': ['isoft']} [took 376.485s]
19/01/24 21:38:06| DEBUG       [size=45,place=2] best score = 0.00849868; best param = {'quantifier__classifier__C': 0.01, 'quantifier__classifier__class_weight': 'balanced', 'quantifier__bandwidth': 0.02, 'confidence': ['max_conf', 'entropy', 'isoft']} [took 376.486s]
19/01/24 21:41:16| DEBUG       [size=25,place=1] best score = 0.00726089; best param = {'quantifier__classifier__C': 0.01, 'quantifier__classifier__class_weight': 'balanced', 'quantifier__bandwidth': 0.01, 'confidence': ['max_conf', 'entropy', 'isoft']} [took 189.036s]
19/01/24 21:41:16| DEBUG       [size=25,place=2] best score = 0.00873984; best param = {'quantifier__classifier__C': 0.01, 'quantifier__classifier__class_weight': 'balanced', 'quantifier__bandwidth': 0.03, 'confidence': ['max_conf', 'entropy', 'isoft']} [took 189.036s]
19/01/24 21:41:16| DEBUG       [MultiClassAccuracyEstimator] optimization finished: best params {'quantifier__classifier__C': 0.01, 'quantifier__classifier__class_weight': 'balanced', 'quantifier__bandwidth': 0.01, 'confidence': ['isoft']} (score=0.00723) [took 1585.2532s]
19/01/24 21:47:40| INFO        m3w_kde_lr_gs finished [took 1969.8071s]
19/01/24 21:47:40| INFO     Dataset sample [0.2 0.8] of dataset rcv1_CCAT finished [took 7890.9837s]
19/01/24 21:47:40| INFO     Dataset sample [0.3 0.7] of dataset rcv1_CCAT started
19/01/24 22:03:59| INFO        bin_kde_lr_ne finished [took 972.5093s]
19/01/24 22:04:09| INFO        bin_kde_lr_mc finished [took 982.4841s]
19/01/24 22:04:45| INFO        bin_kde_lr_c finished [took 1018.8591s]
19/01/24 22:04:55| INFO        bin_kde_lr finished [took 1028.7588s]
19/01/24 22:12:06| INFO        m3w_kde_lr_c finished [took 1459.2637s]
19/01/24 22:12:12| INFO        mul_kde_lr finished [took 1465.7341s]
19/01/24 22:12:32| INFO        m3w_kde_lr finished [took 1485.7259s]
19/01/24 22:12:46| INFO        m3w_kde_lr_mc finished [took 1499.3714s]
19/01/24 22:13:25| INFO        mul_kde_lr_mc finished [took 1538.1074s]
19/01/24 22:14:19| INFO        mul_kde_lr_c finished [took 1595.1616s]
19/01/24 22:14:25| INFO        mul_kde_lr_ne finished [took 1598.8439s]
19/01/24 22:14:31| INFO        ref finished [took 103.7155s]
19/01/24 22:14:56| INFO        atc_mc finished [took 90.2852s]
19/01/24 22:15:25| INFO        doc finished [took 64.9091s]
19/01/24 22:17:38| INFO        bin_kde_lr_is finished [took 807.6767s]
19/01/24 22:23:39| INFO        bin_kde_lr_a finished [took 692.3517s]
19/01/24 22:24:05| INFO        m3w_kde_lr_is finished [took 1148.8327s]
19/01/24 22:24:19| INFO        m3w_kde_lr_ne finished [took 1218.6669s]
19/01/24 22:25:13| INFO        mul_kde_lr_is finished [took 1227.6320s]
19/01/24 22:29:25| INFO        m3w_kde_lr_a finished [took 1012.0157s]
19/01/24 22:30:50| INFO        mul_kde_lr_a finished [took 1117.2166s]
19/01/24 22:32:07| DEBUG       [size=11,place=1] best score = 0.02105577; best param = {'quantifier__classifier__C': 0.1, 'quantifier__classifier__class_weight': 'balanced', 'quantifier__bandwidth': 0.02, 'confidence': ['isoft']} [took 75.856s]
19/01/24 22:32:07| DEBUG       [size=11,place=2] best score = 0.02911997; best param = {'quantifier__classifier__C': 100.0, 'quantifier__classifier__class_weight': 'balanced', 'quantifier__bandwidth': 0.03, 'confidence': ['max_conf', 'entropy', 'isoft']} [took 75.856s]
19/01/24 22:37:45| DEBUG       [size=56,place=1] best score = 0.01571167; best param = {'quantifier__classifier__C': 0.1, 'quantifier__classifier__class_weight': 'balanced', 'quantifier__bandwidth': 0.02, 'confidence': None} [took 337.629s]
19/01/24 22:37:45| DEBUG       [size=56,place=2] best score = 0.01661990; best param = {'quantifier__classifier__C': 0.01, 'quantifier__classifier__class_weight': 'balanced', 'quantifier__bandwidth': 0.02, 'confidence': ['isoft']} [took 337.630s]
19/01/24 22:40:16| DEBUG       [size=47,place=1] best score = 0.01396177; best param = {'quantifier__classifier__C': 0.01, 'quantifier__classifier__class_weight': 'balanced', 'quantifier__bandwidth': 0.01, 'confidence': ['isoft']} [took 151.043s]
19/01/24 22:40:16| DEBUG       [size=47,place=2] best score = 0.01528937; best param = {'quantifier__classifier__C': 0.1, 'quantifier__classifier__class_weight': 'balanced', 'quantifier__bandwidth': 0.01, 'confidence': None} [took 151.043s]
19/01/24 22:41:31| DEBUG       [size=14,place=1] best score = 0.01385433; best param = {'quantifier__classifier__C': 0.01, 'quantifier__classifier__class_weight': 'balanced', 'quantifier__bandwidth': 0.01, 'confidence': ['max_conf', 'entropy', 'isoft']} [took 74.511s]
19/01/24 22:41:31| DEBUG       [size=14,place=2] best score = 0.01712783; best param = {'quantifier__classifier__C': 0.01, 'quantifier__classifier__class_weight': None, 'quantifier__bandwidth': 0.01, 'confidence': ['isoft']} [took 74.511s]
19/01/24 22:44:00| DEBUG       [size=46,place=1] best score = 0.01691551; best param = {'quantifier__classifier__C': 0.01, 'quantifier__classifier__class_weight': None, 'quantifier__bandwidth': 0.01, 'confidence': ['max_conf', 'entropy', 'isoft']} [took 149.782s]
19/01/24 22:44:00| DEBUG       [size=46,place=2] best score = 0.01698603; best param = {'quantifier__classifier__C': 0.001, 'quantifier__classifier__class_weight': 'balanced', 'quantifier__bandwidth': 0.01, 'confidence': ['max_conf', 'entropy', 'isoft']} [took 149.782s]
19/01/24 22:44:01| DEBUG       [BinaryQuantifierAccuracyEstimator] optimization finished: best params {'quantifier__classifier__C': 0.01, 'quantifier__classifier__class_weight': 'balanced', 'quantifier__bandwidth': 0.01, 'confidence': ['max_conf', 'entropy', 'isoft']} (score=0.01385) [took 788.9431s]
19/01/24 22:48:49| INFO        bin_kde_lr_gs finished [took 1077.6542s]
19/01/24 22:52:39| DEBUG       [size=11,place=1] best score = 0.01591166; best param = {'quantifier__classifier__C': 0.1, 'quantifier__classifier__class_weight': 'balanced', 'quantifier__bandwidth': 0.02, 'confidence': ['isoft']} [took 228.180s]
19/01/24 22:52:39| DEBUG       [size=11,place=2] best score = 0.03018127; best param = {'quantifier__classifier__C': 100.0, 'quantifier__classifier__class_weight': 'balanced', 'quantifier__bandwidth': 0.01, 'confidence': ['isoft']} [took 228.181s]
19/01/24 23:10:03| DEBUG       [size=54,place=1] best score = 0.01325482; best param = {'quantifier__classifier__C': 0.1, 'quantifier__classifier__class_weight': 'balanced', 'quantifier__bandwidth': 0.01, 'confidence': ['isoft']} [took 1044.215s]
19/01/24 23:10:03| DEBUG       [size=54,place=2] best score = 0.01474969; best param = {'quantifier__classifier__C': 1.0, 'quantifier__classifier__class_weight': 'balanced', 'quantifier__bandwidth': 0.02, 'confidence': ['isoft']} [took 1044.216s]
19/01/24 23:19:40| DEBUG       [size=24,place=1] best score = 0.01285909; best param = {'quantifier__classifier__C': 1.0, 'quantifier__classifier__class_weight': 'balanced', 'quantifier__bandwidth': 0.02, 'confidence': None} [took 576.993s]
19/01/24 23:19:40| DEBUG       [size=24,place=2] best score = 0.01321571; best param = {'quantifier__classifier__C': 0.1, 'quantifier__classifier__class_weight': 'balanced', 'quantifier__bandwidth': 0.01, 'confidence': ['max_conf', 'entropy', 'isoft']} [took 576.993s]
19/01/24 23:35:01| DEBUG       [size=49,place=1] best score = 0.01158449; best param = {'quantifier__classifier__C': 1.0, 'quantifier__classifier__class_weight': 'balanced', 'quantifier__bandwidth': 0.01, 'confidence': None} [took 921.372s]
19/01/24 23:35:01| DEBUG       [size=49,place=2] best score = 0.01379309; best param = {'quantifier__classifier__C': 0.001, 'quantifier__classifier__class_weight': 'balanced', 'quantifier__bandwidth': 0.01, 'confidence': ['max_conf', 'entropy', 'isoft']} [took 921.372s]
19/01/24 23:38:09| DEBUG       [size=25,place=1] best score = 0.01642171; best param = {'quantifier__classifier__C': 0.001, 'quantifier__classifier__class_weight': 'balanced', 'quantifier__bandwidth': 0.02, 'confidence': ['max_conf', 'entropy', 'isoft']} [took 187.438s]
19/01/24 23:38:09| DEBUG       [size=25,place=2] best score = 0.02024286; best param = {'quantifier__classifier__C': 0.001, 'quantifier__classifier__class_weight': 'balanced', 'quantifier__bandwidth': 0.03, 'confidence': ['max_conf', 'entropy', 'isoft']} [took 187.438s]
19/01/24 23:38:09| DEBUG       [MultiClassAccuracyEstimator] optimization finished: best params {'quantifier__classifier__C': 1.0, 'quantifier__classifier__class_weight': 'balanced', 'quantifier__bandwidth': 0.01, 'confidence': None} (score=0.01158) [took 2958.3184s]
19/01/24 23:44:56| INFO        mul_kde_lr_gs finished [took 3366.1106s]
19/01/24 23:47:40| DEBUG       [size=11,place=1] best score = 0.02189257; best param = {'quantifier__classifier__C': 0.1, 'quantifier__classifier__class_weight': 'balanced', 'quantifier__bandwidth': 0.02, 'confidence': ['isoft']} [took 161.899s]
19/01/24 23:47:40| DEBUG       [size=11,place=2] best score = 0.02870692; best param = {'quantifier__classifier__C': 100.0, 'quantifier__classifier__class_weight': 'balanced', 'quantifier__bandwidth': 0.01, 'confidence': ['isoft']} [took 161.899s]
19/01/24 23:59:44| DEBUG       [size=54,place=1] best score = 0.01759526; best param = {'quantifier__classifier__C': 0.1, 'quantifier__classifier__class_weight': 'balanced', 'quantifier__bandwidth': 0.01, 'confidence': ['isoft']} [took 724.327s]
19/01/24 23:59:44| DEBUG       [size=54,place=2] best score = 0.01943452; best param = {'quantifier__classifier__C': 1.0, 'quantifier__classifier__class_weight': 'balanced', 'quantifier__bandwidth': 0.01, 'confidence': ['isoft']} [took 724.327s]
20/01/24 00:05:55| DEBUG       [size=24,place=1] best score = 0.01687873; best param = {'quantifier__classifier__C': 0.1, 'quantifier__classifier__class_weight': 'balanced', 'quantifier__bandwidth': 0.01, 'confidence': None} [took 370.640s]
20/01/24 00:05:55| DEBUG       [size=24,place=2] best score = 0.01737734; best param = {'quantifier__classifier__C': 0.1, 'quantifier__classifier__class_weight': 'balanced', 'quantifier__bandwidth': 0.01, 'confidence': ['max_conf', 'entropy', 'isoft']} [took 370.641s]
20/01/24 00:12:12| DEBUG       [size=46,place=1] best score = 0.02101424; best param = {'quantifier__classifier__C': 0.01, 'quantifier__classifier__class_weight': 'balanced', 'quantifier__bandwidth': 0.01, 'confidence': ['max_conf', 'entropy', 'isoft']} [took 377.740s]
20/01/24 00:12:12| DEBUG       [size=46,place=2] best score = 0.02130792; best param = {'quantifier__classifier__C': 0.001, 'quantifier__classifier__class_weight': 'balanced', 'quantifier__bandwidth': 0.01, 'confidence': ['max_conf', 'entropy', 'isoft']} [took 377.740s]
20/01/24 00:12:12| DEBUG       [MultiClassAccuracyEstimator] optimization finished: best params {'quantifier__classifier__C': 0.1, 'quantifier__classifier__class_weight': 'balanced', 'quantifier__bandwidth': 0.01, 'confidence': None} (score=0.01688) [took 1634.7309s]
20/01/24 00:17:36| INFO        m3w_kde_lr_gs finished [took 1958.8338s]
20/01/24 00:17:36| INFO     Dataset sample [0.3 0.7] of dataset rcv1_CCAT finished [took 8996.2371s]
20/01/24 00:17:36| INFO     Dataset sample [0.4 0.6] of dataset rcv1_CCAT started
20/01/24 00:33:28| INFO        bin_kde_lr_ne finished [took 946.0728s]
20/01/24 00:33:36| INFO        bin_kde_lr_mc finished [took 956.7492s]
20/01/24 00:33:55| INFO        bin_kde_lr_c finished [took 973.0231s]
20/01/24 00:34:29| INFO        bin_kde_lr finished [took 1007.2645s]
20/01/24 00:41:26| INFO        mul_kde_lr finished [took 1424.2203s]
20/01/24 00:41:34| INFO        m3w_kde_lr finished [took 1431.6098s]
20/01/24 00:41:46| INFO        m3w_kde_lr_c finished [took 1443.9947s]
20/01/24 00:42:04| INFO        m3w_kde_lr_mc finished [took 1461.9750s]
20/01/24 00:42:51| INFO        mul_kde_lr_c finished [took 1509.2073s]
20/01/24 00:43:17| INFO        mul_kde_lr_ne finished [took 1534.9295s]
20/01/24 00:43:49| INFO        ref finished [took 104.2303s]
20/01/24 00:43:51| INFO        mul_kde_lr_mc finished [took 1569.4700s]
20/01/24 00:44:29| INFO        atc_mc finished [took 97.5754s]
20/01/24 00:44:30| INFO        doc finished [took 72.4503s]
20/01/24 00:47:00| INFO        bin_kde_lr_is finished [took 803.0822s]
20/01/24 00:52:16| INFO        m3w_kde_lr_ne finished [took 1127.1217s]
20/01/24 00:52:20| INFO        m3w_kde_lr_is finished [took 1069.7070s]
20/01/24 00:53:17| INFO        bin_kde_lr_a finished [took 710.3669s]
20/01/24 00:53:32| INFO        mul_kde_lr_is finished [took 1175.8877s]
20/01/24 00:57:44| INFO        m3w_kde_lr_a finished [took 957.2518s]
20/01/24 00:58:36| INFO        mul_kde_lr_a finished [took 1021.5563s]
20/01/24 00:59:57| DEBUG       [size=11,place=1] best score = 0.00756899; best param = {'quantifier__classifier__C': 100.0, 'quantifier__classifier__class_weight': 'balanced', 'quantifier__bandwidth': 0.01, 'confidence': ['isoft']} [took 80.454s]
20/01/24 00:59:57| DEBUG       [size=11,place=2] best score = 0.00781232; best param = {'quantifier__classifier__C': 0.1, 'quantifier__classifier__class_weight': 'balanced', 'quantifier__bandwidth': 0.02, 'confidence': ['isoft']} [took 80.455s]
20/01/24 01:05:43| DEBUG       [size=54,place=1] best score = 0.00581474; best param = {'quantifier__classifier__C': 10.0, 'quantifier__classifier__class_weight': 'balanced', 'quantifier__bandwidth': 0.02, 'confidence': ['isoft']} [took 345.643s]
20/01/24 01:05:43| DEBUG       [size=54,place=2] best score = 0.00738637; best param = {'quantifier__classifier__C': 1000.0, 'quantifier__classifier__class_weight': 'balanced', 'quantifier__bandwidth': 0.01, 'confidence': ['isoft']} [took 345.643s]
20/01/24 01:12:19| DEBUG       [size=42,place=1] best score = 0.00575525; best param = {'quantifier__classifier__C': 10.0, 'quantifier__classifier__class_weight': 'balanced', 'quantifier__bandwidth': 0.02, 'confidence': ['max_conf', 'entropy', 'isoft']} [took 396.260s]
20/01/24 01:12:19| DEBUG       [size=42,place=2] best score = 0.00576075; best param = {'quantifier__classifier__C': 10.0, 'quantifier__classifier__class_weight': 'balanced', 'quantifier__bandwidth': 0.02, 'confidence': None} [took 396.261s]
20/01/24 01:18:42| DEBUG       [size=50,place=1] best score = 0.00625384; best param = {'quantifier__classifier__C': 10.0, 'quantifier__classifier__class_weight': 'balanced', 'quantifier__bandwidth': 0.03, 'confidence': ['max_conf', 'entropy', 'isoft']} [took 383.326s]
20/01/24 01:18:42| DEBUG       [size=50,place=2] best score = 0.00695988; best param = {'quantifier__classifier__C': 10.0, 'quantifier__classifier__class_weight': 'balanced', 'quantifier__bandwidth': 0.03, 'confidence': None} [took 383.327s]
20/01/24 01:18:42| DEBUG       [BinaryQuantifierAccuracyEstimator] optimization finished: best params {'quantifier__classifier__C': 10.0, 'quantifier__classifier__class_weight': 'balanced', 'quantifier__bandwidth': 0.02, 'confidence': ['max_conf', 'entropy', 'isoft']} (score=0.00576) [took 1205.7999s]
20/01/24 01:23:48| INFO        bin_kde_lr_gs finished [took 1511.6840s]
20/01/24 01:27:39| DEBUG       [size=11,place=1] best score = 0.00760785; best param = {'quantifier__classifier__C': 0.1, 'quantifier__classifier__class_weight': 'balanced', 'quantifier__bandwidth': 0.02, 'confidence': ['isoft']} [took 230.015s]
20/01/24 01:27:39| DEBUG       [size=11,place=2] best score = 0.00907090; best param = {'quantifier__classifier__C': 100.0, 'quantifier__classifier__class_weight': 'balanced', 'quantifier__bandwidth': 0.05, 'confidence': None} [took 230.016s]
20/01/24 01:45:41| DEBUG       [size=56,place=1] best score = 0.00630975; best param = {'quantifier__classifier__C': 0.1, 'quantifier__classifier__class_weight': 'balanced', 'quantifier__bandwidth': 0.02, 'confidence': None} [took 1081.770s]
20/01/24 01:45:41| DEBUG       [size=56,place=2] best score = 0.00718039; best param = {'quantifier__classifier__C': 0.1, 'quantifier__classifier__class_weight': 'balanced', 'quantifier__bandwidth': 0.03, 'confidence': ['isoft']} [took 1081.770s]
20/01/24 01:52:46| DEBUG       [size=32,place=1] best score = 0.00721900; best param = {'quantifier__classifier__C': 0.1, 'quantifier__classifier__class_weight': 'balanced', 'quantifier__bandwidth': 0.03, 'confidence': None} [took 425.101s]
20/01/24 01:52:46| DEBUG       [size=32,place=2] best score = 0.00737354; best param = {'quantifier__classifier__C': 0.1, 'quantifier__classifier__class_weight': 'balanced', 'quantifier__bandwidth': 0.03, 'confidence': ['max_conf', 'entropy', 'isoft']} [took 425.102s]
20/01/24 01:52:46| DEBUG       [MultiClassAccuracyEstimator] optimization finished: best params {'quantifier__classifier__C': 0.1, 'quantifier__classifier__class_weight': 'balanced', 'quantifier__bandwidth': 0.02, 'confidence': None} (score=0.00631) [took 1736.9981s]
20/01/24 01:58:49| INFO        mul_kde_lr_gs finished [took 2099.7648s]
20/01/24 02:01:31| DEBUG       [size=11,place=1] best score = 0.00812882; best param = {'quantifier__classifier__C': 100.0, 'quantifier__classifier__class_weight': 'balanced', 'quantifier__bandwidth': 0.01, 'confidence': ['isoft']} [took 162.119s]
20/01/24 02:01:31| DEBUG       [size=11,place=2] best score = 0.01046028; best param = {'quantifier__classifier__C': 100.0, 'quantifier__classifier__class_weight': None, 'quantifier__bandwidth': 0.04, 'confidence': None} [took 162.120s]
20/01/24 02:18:09| DEBUG       [size=55,place=1] best score = 0.00636288; best param = {'quantifier__classifier__C': 100.0, 'quantifier__classifier__class_weight': None, 'quantifier__bandwidth': 0.01, 'confidence': None} [took 998.079s]
20/01/24 02:18:09| DEBUG       [size=55,place=2] best score = 0.00722845; best param = {'quantifier__classifier__C': 10.0, 'quantifier__classifier__class_weight': 'balanced', 'quantifier__bandwidth': 0.01, 'confidence': ['isoft']} [took 998.080s]
20/01/24 02:27:14| DEBUG       [size=29,place=1] best score = 0.00760705; best param = {'quantifier__classifier__C': 10.0, 'quantifier__classifier__class_weight': 'balanced', 'quantifier__bandwidth': 0.01, 'confidence': None} [took 544.475s]
20/01/24 02:27:14| DEBUG       [size=29,place=2] best score = 0.00819492; best param = {'quantifier__classifier__C': 100.0, 'quantifier__classifier__class_weight': None, 'quantifier__bandwidth': 0.01, 'confidence': ['max_conf', 'entropy', 'isoft']} [took 544.476s]
20/01/24 02:27:14| DEBUG       [MultiClassAccuracyEstimator] optimization finished: best params {'quantifier__classifier__C': 100.0, 'quantifier__classifier__class_weight': None, 'quantifier__bandwidth': 0.01, 'confidence': None} (score=0.00636) [took 1704.7860s]
20/01/24 02:33:15| INFO        m3w_kde_lr_gs finished [took 2065.8846s]
20/01/24 02:33:15| INFO     Dataset sample [0.4 0.6] of dataset rcv1_CCAT finished [took 8138.5551s]
20/01/24 02:33:15| INFO     Dataset sample [0.5 0.5] of dataset rcv1_CCAT started
20/01/24 02:50:14| INFO        bin_kde_lr_mc finished [took 1013.3956s]
20/01/24 02:50:21| INFO        bin_kde_lr finished [took 1020.3753s]
20/01/24 02:50:31| INFO        bin_kde_lr_c finished [took 1029.3925s]
20/01/24 02:50:46| INFO        bin_kde_lr_ne finished [took 1045.4256s]
20/01/24 02:57:12| INFO        mul_kde_lr_ne finished [took 1430.4858s]
20/01/24 02:58:08| INFO        m3w_kde_lr_c finished [took 1487.2791s]
20/01/24 02:58:10| INFO        m3w_kde_lr finished [took 1491.5620s]
20/01/24 02:58:17| INFO        m3w_kde_lr_mc finished [took 1495.9354s]
20/01/24 02:59:45| INFO        ref finished [took 86.8206s]
20/01/24 03:00:12| INFO        mul_kde_lr_c finished [took 1610.8689s]
20/01/24 03:00:16| INFO        mul_kde_lr_mc finished [took 1614.9300s]
20/01/24 03:00:18| INFO        mul_kde_lr finished [took 1617.1110s]
20/01/24 03:01:13| INFO        atc_mc finished [took 87.4369s]
20/01/24 03:01:25| INFO        doc finished [took 72.7164s]
20/01/24 03:04:20| INFO        bin_kde_lr_is finished [took 837.3664s]
20/01/24 03:08:36| INFO        bin_kde_lr_a finished [took 683.3848s]
20/01/24 03:09:36| INFO        m3w_kde_lr_ne finished [took 1161.0811s]
20/01/24 03:10:08| INFO        m3w_kde_lr_is finished [took 1160.2772s]
20/01/24 03:10:35| INFO        mul_kde_lr_is finished [took 1203.8466s]
20/01/24 03:14:15| INFO        m3w_kde_lr_a finished [took 964.4744s]
20/01/24 03:16:03| INFO        mul_kde_lr_a finished [took 1073.8495s]
20/01/24 03:17:23| DEBUG       [size=11,place=1] best score = 0.00837247; best param = {'quantifier__classifier__C': 0.1, 'quantifier__classifier__class_weight': 'balanced', 'quantifier__bandwidth': 0.02, 'confidence': ['isoft']} [took 78.730s]
20/01/24 03:17:23| DEBUG       [size=11,place=2] best score = 0.01054833; best param = {'quantifier__classifier__C': 100.0, 'quantifier__classifier__class_weight': 'balanced', 'quantifier__bandwidth': 0.03, 'confidence': ['max_conf', 'entropy', 'isoft']} [took 78.731s]
20/01/24 03:23:13| DEBUG       [size=56,place=1] best score = 0.00728006; best param = {'quantifier__classifier__C': 0.1, 'quantifier__classifier__class_weight': 'balanced', 'quantifier__bandwidth': 0.02, 'confidence': None} [took 349.831s]
20/01/24 03:23:13| DEBUG       [size=56,place=2] best score = 0.00729888; best param = {'quantifier__classifier__C': 0.1, 'quantifier__classifier__class_weight': 'balanced', 'quantifier__bandwidth': 0.01, 'confidence': ['isoft']} [took 349.831s]
20/01/24 03:25:16| DEBUG       [size=33,place=1] best score = 0.00693453; best param = {'quantifier__classifier__C': 10.0, 'quantifier__classifier__class_weight': 'balanced', 'quantifier__bandwidth': 0.01, 'confidence': ['isoft']} [took 122.778s]
20/01/24 03:25:16| DEBUG       [size=33,place=2] best score = 0.00733025; best param = {'quantifier__classifier__C': 0.1, 'quantifier__classifier__class_weight': 'balanced', 'quantifier__bandwidth': 0.01, 'confidence': ['max_conf', 'entropy', 'isoft']} [took 122.778s]
20/01/24 03:29:11| DEBUG       [size=43,place=1] best score = 0.00783439; best param = {'quantifier__classifier__C': 0.1, 'quantifier__classifier__class_weight': None, 'quantifier__bandwidth': 0.01, 'confidence': ['max_conf', 'entropy', 'isoft']} [took 235.479s]
20/01/24 03:29:11| DEBUG       [size=43,place=2] best score = 0.00787229; best param = {'quantifier__classifier__C': 0.01, 'quantifier__classifier__class_weight': 'balanced', 'quantifier__bandwidth': 0.01, 'confidence': ['max_conf', 'entropy', 'isoft']} [took 235.480s]
20/01/24 03:29:11| DEBUG       [BinaryQuantifierAccuracyEstimator] optimization finished: best params {'quantifier__classifier__C': 10.0, 'quantifier__classifier__class_weight': 'balanced', 'quantifier__bandwidth': 0.01, 'confidence': ['isoft']} (score=0.00693) [took 786.9416s]
20/01/24 03:34:38| INFO        bin_kde_lr_gs finished [took 1113.3473s]
20/01/24 03:38:26| DEBUG       [size=11,place=1] best score = 0.00805238; best param = {'quantifier__classifier__C': 100.0, 'quantifier__classifier__class_weight': None, 'quantifier__bandwidth': 0.04, 'confidence': None} [took 227.001s]
20/01/24 03:38:26| DEBUG       [size=11,place=2] best score = 0.00842756; best param = {'quantifier__classifier__C': 0.1, 'quantifier__classifier__class_weight': 'balanced', 'quantifier__bandwidth': 0.02, 'confidence': ['isoft']} [took 227.002s]
20/01/24 03:55:46| DEBUG       [size=55,place=1] best score = 0.00733933; best param = {'quantifier__classifier__C': 0.1, 'quantifier__classifier__class_weight': 'balanced', 'quantifier__bandwidth': 0.02, 'confidence': None} [took 1040.126s]
20/01/24 03:55:46| DEBUG       [size=55,place=2] best score = 0.00809613; best param = {'quantifier__classifier__C': 100.0, 'quantifier__classifier__class_weight': None, 'quantifier__bandwidth': 0.04, 'confidence': ['isoft']} [took 1040.127s]
20/01/24 04:12:09| DEBUG       [size=52,place=1] best score = 0.00726283; best param = {'quantifier__classifier__C': 10.0, 'quantifier__classifier__class_weight': None, 'quantifier__bandwidth': 0.04, 'confidence': ['isoft']} [took 983.349s]
20/01/24 04:12:09| DEBUG       [size=52,place=2] best score = 0.00793048; best param = {'quantifier__classifier__C': 10.0, 'quantifier__classifier__class_weight': 'balanced', 'quantifier__bandwidth': 0.02, 'confidence': None} [took 983.350s]
20/01/24 04:32:18| DEBUG       [size=42,place=1] best score = 0.00703855; best param = {'quantifier__classifier__C': 10.0, 'quantifier__classifier__class_weight': None, 'quantifier__bandwidth': 0.03, 'confidence': ['isoft']} [took 1209.203s]
20/01/24 04:32:18| DEBUG       [size=42,place=2] best score = 0.00717068; best param = {'quantifier__classifier__C': 10.0, 'quantifier__classifier__class_weight': None, 'quantifier__bandwidth': 0.04, 'confidence': ['max_conf', 'entropy', 'isoft']} [took 1209.204s]
20/01/24 04:44:57| DEBUG       [size=32,place=1] best score = 0.00691879; best param = {'quantifier__classifier__C': 10.0, 'quantifier__classifier__class_weight': None, 'quantifier__bandwidth': 0.03, 'confidence': ['max_conf', 'entropy', 'isoft']} [took 758.836s]
20/01/24 04:44:57| DEBUG       [size=32,place=2] best score = 0.00743969; best param = {'quantifier__classifier__C': 10.0, 'quantifier__classifier__class_weight': 'balanced', 'quantifier__bandwidth': 0.04, 'confidence': ['max_conf', 'entropy', 'isoft']} [took 758.836s]
20/01/24 04:56:18| DEBUG       [size=29,place=1] best score = 0.00668539; best param = {'quantifier__classifier__C': 1.0, 'quantifier__classifier__class_weight': 'balanced', 'quantifier__bandwidth': 0.04, 'confidence': ['max_conf', 'entropy', 'isoft']} [took 680.923s]
20/01/24 04:56:18| DEBUG       [size=29,place=2] best score = 0.00768951; best param = {'quantifier__classifier__C': 10.0, 'quantifier__classifier__class_weight': 'balanced', 'quantifier__bandwidth': 0.05, 'confidence': ['max_conf', 'entropy', 'isoft']} [took 680.923s]
20/01/24 05:08:04| DEBUG       [size=27,place=1] best score = 0.00667607; best param = {'quantifier__classifier__C': 1.0, 'quantifier__classifier__class_weight': 'balanced', 'quantifier__bandwidth': 0.04, 'confidence': None} [took 705.985s]
20/01/24 05:08:04| DEBUG       [size=27,place=2] best score = 0.00673050; best param = {'quantifier__classifier__C': 1.0, 'quantifier__classifier__class_weight': 'balanced', 'quantifier__bandwidth': 0.04, 'confidence': ['isoft']} [took 705.986s]
20/01/24 05:22:59| DEBUG       [size=42,place=1] best score = 0.00671043; best param = {'quantifier__classifier__C': 1.0, 'quantifier__classifier__class_weight': 'balanced', 'quantifier__bandwidth': 0.05, 'confidence': ['isoft']} [took 895.372s]
20/01/24 05:22:59| DEBUG       [size=42,place=2] best score = 0.00680071; best param = {'quantifier__classifier__C': 1.0, 'quantifier__classifier__class_weight': 'balanced', 'quantifier__bandwidth': 0.05, 'confidence': None} [took 895.373s]
20/01/24 05:23:00| DEBUG       [MultiClassAccuracyEstimator] optimization finished: best params {'quantifier__classifier__C': 1.0, 'quantifier__classifier__class_weight': 'balanced', 'quantifier__bandwidth': 0.04, 'confidence': None} (score=0.00668) [took 6500.9254s]
20/01/24 05:30:40| INFO        mul_kde_lr_gs finished [took 6961.3056s]
20/01/24 05:33:28| DEBUG       [size=11,place=1] best score = 0.01047194; best param = {'quantifier__classifier__C': 100.0, 'quantifier__classifier__class_weight': 'balanced', 'quantifier__bandwidth': 0.01, 'confidence': ['isoft']} [took 166.896s]
20/01/24 05:33:28| DEBUG       [size=11,place=2] best score = 0.01187761; best param = {'quantifier__classifier__C': 0.1, 'quantifier__classifier__class_weight': 'balanced', 'quantifier__bandwidth': 0.02, 'confidence': ['isoft']} [took 166.896s]
20/01/24 05:45:48| DEBUG       [size=54,place=1] best score = 0.00820159; best param = {'quantifier__classifier__C': 10.0, 'quantifier__classifier__class_weight': 'balanced', 'quantifier__bandwidth': 0.02, 'confidence': ['isoft']} [took 740.474s]
20/01/24 05:45:48| DEBUG       [size=54,place=2] best score = 0.00856120; best param = {'quantifier__classifier__C': 100.0, 'quantifier__classifier__class_weight': 'balanced', 'quantifier__bandwidth': 0.01, 'confidence': ['max_conf', 'entropy', 'isoft']} [took 740.474s]
20/01/24 06:01:16| DEBUG       [size=46,place=1] best score = 0.00826154; best param = {'quantifier__classifier__C': 10.0, 'quantifier__classifier__class_weight': 'balanced', 'quantifier__bandwidth': 0.02, 'confidence': ['max_conf', 'entropy', 'isoft']} [took 927.623s]
20/01/24 06:01:16| DEBUG       [size=46,place=2] best score = 0.00842586; best param = {'quantifier__classifier__C': 10.0, 'quantifier__classifier__class_weight': 'balanced', 'quantifier__bandwidth': 0.02, 'confidence': None} [took 927.623s]
20/01/24 06:01:16| DEBUG       [MultiClassAccuracyEstimator] optimization finished: best params {'quantifier__classifier__C': 10.0, 'quantifier__classifier__class_weight': 'balanced', 'quantifier__bandwidth': 0.02, 'confidence': ['isoft']} (score=0.00820) [took 1835.1074s]
20/01/24 06:09:12| INFO        m3w_kde_lr_gs finished [took 2311.1259s]
20/01/24 06:09:12| INFO     Dataset sample [0.5 0.5] of dataset rcv1_CCAT finished [took 12957.0286s]
20/01/24 06:09:12| INFO     Dataset sample [0.6 0.4] of dataset rcv1_CCAT started
20/01/24 06:25:31| INFO        bin_kde_lr_c finished [took 974.0629s]
20/01/24 06:25:37| INFO        bin_kde_lr_mc finished [took 980.3968s]
20/01/24 06:25:53| INFO        bin_kde_lr finished [took 996.4234s]
20/01/24 06:26:25| INFO        bin_kde_lr_ne finished [took 1027.7464s]
20/01/24 06:32:34| INFO        m3w_kde_lr_c finished [took 1398.9222s]
20/01/24 06:32:50| INFO        mul_kde_lr finished [took 1412.9320s]
20/01/24 06:33:37| INFO        m3w_kde_lr_mc finished [took 1459.6051s]
20/01/24 06:33:37| INFO        m3w_kde_lr finished [took 1460.3686s]
20/01/24 06:34:24| INFO        mul_kde_lr_ne finished [took 1507.0976s]
20/01/24 06:34:35| INFO        mul_kde_lr_c finished [took 1518.0354s]
20/01/24 06:35:20| INFO        ref finished [took 102.6071s]
20/01/24 06:35:48| INFO        doc finished [took 72.7368s]
20/01/24 06:35:59| INFO        atc_mc finished [took 93.8806s]
20/01/24 06:36:03| INFO        mul_kde_lr_mc finished [took 1606.4709s]
20/01/24 06:40:07| INFO        bin_kde_lr_is finished [took 869.3201s]
20/01/24 06:43:31| INFO        m3w_kde_lr_is finished [took 1025.1879s]
20/01/24 06:43:33| INFO        m3w_kde_lr_ne finished [took 1081.9256s]
20/01/24 06:43:49| INFO        bin_kde_lr_a finished [took 674.1190s]
20/01/24 06:46:47| INFO        mul_kde_lr_is finished [took 1252.7791s]
20/01/24 06:49:17| INFO        m3w_kde_lr_a finished [took 940.1699s]
20/01/24 06:50:14| INFO        mul_kde_lr_a finished [took 1043.8251s]
20/01/24 06:51:32| DEBUG       [size=11,place=1] best score = 0.00824354; best param = {'quantifier__classifier__C': 1000.0, 'quantifier__classifier__class_weight': 'balanced', 'quantifier__bandwidth': 0.04, 'confidence': ['max_conf', 'entropy', 'isoft']} [took 76.603s]
20/01/24 06:51:32| DEBUG       [size=11,place=2] best score = 0.00839216; best param = {'quantifier__classifier__C': 100.0, 'quantifier__classifier__class_weight': 'balanced', 'quantifier__bandwidth': 0.05, 'confidence': None} [took 76.604s]
20/01/24 06:59:43| DEBUG       [size=56,place=1] best score = 0.00792767; best param = {'quantifier__classifier__C': 1000.0, 'quantifier__classifier__class_weight': 'balanced', 'quantifier__bandwidth': 0.03, 'confidence': ['max_conf', 'entropy', 'isoft']} [took 491.004s]
20/01/24 06:59:43| DEBUG       [size=56,place=2] best score = 0.00805420; best param = {'quantifier__classifier__C': 1000.0, 'quantifier__classifier__class_weight': 'balanced', 'quantifier__bandwidth': 0.02, 'confidence': ['max_conf', 'entropy', 'isoft']} [took 491.004s]
20/01/24 07:01:43| DEBUG       [size=17,place=1] best score = 0.00779525; best param = {'quantifier__classifier__C': 1000.0, 'quantifier__classifier__class_weight': 'balanced', 'quantifier__bandwidth': 0.02, 'confidence': ['isoft']} [took 120.787s]
20/01/24 07:01:43| DEBUG       [size=17,place=2] best score = 0.00808049; best param = {'quantifier__classifier__C': 1000.0, 'quantifier__classifier__class_weight': 'balanced', 'quantifier__bandwidth': 0.03, 'confidence': ['isoft']} [took 120.788s]
20/01/24 07:06:04| DEBUG       [size=30,place=1] best score = 0.00795381; best param = {'quantifier__classifier__C': 1000.0, 'quantifier__classifier__class_weight': None, 'quantifier__bandwidth': 0.02, 'confidence': ['isoft']} [took 260.309s]
20/01/24 07:06:04| DEBUG       [size=30,place=2] best score = 0.00821601; best param = {'quantifier__classifier__C': 1000.0, 'quantifier__classifier__class_weight': None, 'quantifier__bandwidth': 0.03, 'confidence': ['isoft']} [took 260.309s]
20/01/24 07:06:04| DEBUG       [BinaryQuantifierAccuracyEstimator] optimization finished: best params {'quantifier__classifier__C': 1000.0, 'quantifier__classifier__class_weight': 'balanced', 'quantifier__bandwidth': 0.02, 'confidence': ['isoft']} (score=0.00780) [took 948.8198s]
20/01/24 07:11:40| INFO        bin_kde_lr_gs finished [took 1284.8763s]
20/01/24 07:15:30| DEBUG       [size=11,place=1] best score = 0.00790353; best param = {'quantifier__classifier__C': 100.0, 'quantifier__classifier__class_weight': None, 'quantifier__bandwidth': 0.04, 'confidence': None} [took 229.229s]
20/01/24 07:15:30| DEBUG       [size=11,place=2] best score = 0.00975861; best param = {'quantifier__classifier__C': 1000.0, 'quantifier__classifier__class_weight': 'balanced', 'quantifier__bandwidth': 0.04, 'confidence': ['max_conf', 'entropy', 'isoft']} [took 229.229s]
20/01/24 07:38:49| DEBUG       [size=55,place=1] best score = 0.00715657; best param = {'quantifier__classifier__C': 1000.0, 'quantifier__classifier__class_weight': 'balanced', 'quantifier__bandwidth': 0.04, 'confidence': ['isoft']} [took 1399.888s]
20/01/24 07:38:49| DEBUG       [size=55,place=2] best score = 0.00809217; best param = {'quantifier__classifier__C': 1000.0, 'quantifier__classifier__class_weight': 'balanced', 'quantifier__bandwidth': 0.05, 'confidence': ['max_conf', 'entropy', 'isoft']} [took 1399.888s]
20/01/24 07:52:28| DEBUG       [size=34,place=1] best score = 0.00731973; best param = {'quantifier__classifier__C': 1000.0, 'quantifier__classifier__class_weight': 'balanced', 'quantifier__bandwidth': 0.05, 'confidence': ['isoft']} [took 818.377s]
20/01/24 07:52:28| DEBUG       [size=34,place=2] best score = 0.00757704; best param = {'quantifier__classifier__C': 1000.0, 'quantifier__classifier__class_weight': 'balanced', 'quantifier__bandwidth': 0.060000000000000005, 'confidence': ['isoft']} [took 818.377s]
20/01/24 07:52:28| DEBUG       [MultiClassAccuracyEstimator] optimization finished: best params {'quantifier__classifier__C': 1000.0, 'quantifier__classifier__class_weight': 'balanced', 'quantifier__bandwidth': 0.04, 'confidence': ['isoft']} (score=0.00716) [took 2447.6063s]
20/01/24 07:59:44| INFO        mul_kde_lr_gs finished [took 2883.3121s]
20/01/24 08:02:29| DEBUG       [size=11,place=1] best score = 0.01050283; best param = {'quantifier__classifier__C': 100.0, 'quantifier__classifier__class_weight': 'balanced', 'quantifier__bandwidth': 0.01, 'confidence': ['isoft']} [took 165.044s]
20/01/24 08:02:29| DEBUG       [size=11,place=2] best score = 0.01164135; best param = {'quantifier__classifier__C': 100.0, 'quantifier__classifier__class_weight': 'balanced', 'quantifier__bandwidth': 0.05, 'confidence': None} [took 165.044s]
20/01/24 08:19:12| DEBUG       [size=54,place=1] best score = 0.00890798; best param = {'quantifier__classifier__C': 100.0, 'quantifier__classifier__class_weight': None, 'quantifier__bandwidth': 0.01, 'confidence': ['isoft']} [took 1002.816s]
20/01/24 08:19:12| DEBUG       [size=54,place=2] best score = 0.00929236; best param = {'quantifier__classifier__C': 100.0, 'quantifier__classifier__class_weight': 'balanced', 'quantifier__bandwidth': 0.01, 'confidence': None} [took 1002.816s]
20/01/24 08:28:47| DEBUG       [size=33,place=1] best score = 0.00969853; best param = {'quantifier__classifier__C': 100.0, 'quantifier__classifier__class_weight': None, 'quantifier__bandwidth': 0.05, 'confidence': ['isoft']} [took 575.399s]
20/01/24 08:28:47| DEBUG       [size=33,place=2] best score = 0.01009241; best param = {'quantifier__classifier__C': 10.0, 'quantifier__classifier__class_weight': 'balanced', 'quantifier__bandwidth': 0.01, 'confidence': None} [took 575.400s]
20/01/24 08:28:47| DEBUG       [MultiClassAccuracyEstimator] optimization finished: best params {'quantifier__classifier__C': 100.0, 'quantifier__classifier__class_weight': None, 'quantifier__bandwidth': 0.01, 'confidence': ['isoft']} (score=0.00891) [took 1743.3718s]
20/01/24 08:34:53| INFO        m3w_kde_lr_gs finished [took 2109.3733s]
20/01/24 08:34:53| INFO     Dataset sample [0.6 0.4] of dataset rcv1_CCAT finished [took 8741.3778s]
20/01/24 08:34:53| INFO     Dataset sample [0.7 0.3] of dataset rcv1_CCAT started
20/01/24 08:51:14| INFO        bin_kde_lr_c finished [took 973.8133s]
20/01/24 08:51:36| INFO        bin_kde_lr finished [took 995.9507s]
20/01/24 08:52:09| INFO        bin_kde_lr_ne finished [took 1028.3183s]
20/01/24 08:52:45| INFO        bin_kde_lr_mc finished [took 1064.6435s]
20/01/24 08:57:42| INFO        m3w_kde_lr_mc finished [took 1364.9306s]
20/01/24 08:58:12| INFO        m3w_kde_lr finished [took 1391.2194s]
20/01/24 08:58:59| INFO        m3w_kde_lr_c finished [took 1438.1889s]
20/01/24 08:59:42| INFO        mul_kde_lr_ne finished [took 1481.0304s]
20/01/24 09:00:06| INFO        mul_kde_lr_mc finished [took 1505.5326s]
20/01/24 09:01:02| INFO        mul_kde_lr finished [took 1562.1424s]
20/01/24 09:01:09| INFO        ref finished [took 85.8912s]
20/01/24 09:01:23| INFO        mul_kde_lr_c finished [took 1582.1740s]
20/01/24 09:01:33| INFO        atc_mc finished [took 85.8949s]
20/01/24 09:02:11| INFO        doc finished [took 67.8894s]
20/01/24 09:05:07| INFO        bin_kde_lr_is finished [took 809.8595s]
20/01/24 09:10:23| INFO        m3w_kde_lr_is finished [took 1056.7911s]
20/01/24 09:10:25| INFO        bin_kde_lr_a finished [took 761.7129s]
20/01/24 09:10:44| INFO        m3w_kde_lr_ne finished [took 1168.1786s]
20/01/24 09:10:54| INFO        mul_kde_lr_is finished [took 1124.2371s]
20/01/24 09:14:14| INFO        m3w_kde_lr_a finished [took 914.4144s]
20/01/24 09:14:56| INFO        mul_kde_lr_a finished [took 1003.7699s]
20/01/24 09:16:14| DEBUG       [size=11,place=1] best score = 0.00855456; best param = {'quantifier__classifier__C': 100.0, 'quantifier__classifier__class_weight': 'balanced', 'quantifier__bandwidth': 0.03, 'confidence': ['max_conf', 'entropy', 'isoft']} [took 75.412s]
20/01/24 09:16:14| DEBUG       [size=11,place=2] best score = 0.00871684; best param = {'quantifier__classifier__C': 100.0, 'quantifier__classifier__class_weight': 'balanced', 'quantifier__bandwidth': 0.01, 'confidence': ['isoft']} [took 75.412s]
20/01/24 09:23:49| DEBUG       [size=54,place=1] best score = 0.00714708; best param = {'quantifier__classifier__C': 10.0, 'quantifier__classifier__class_weight': 'balanced', 'quantifier__bandwidth': 0.03, 'confidence': ['max_conf', 'entropy', 'isoft']} [took 455.656s]
20/01/24 09:23:49| DEBUG       [size=54,place=2] best score = 0.00777688; best param = {'quantifier__classifier__C': 100.0, 'quantifier__classifier__class_weight': 'balanced', 'quantifier__bandwidth': 0.02, 'confidence': ['isoft']} [took 455.656s]
20/01/24 09:27:57| DEBUG       [size=29,place=1] best score = 0.00697067; best param = {'quantifier__classifier__C': 10.0, 'quantifier__classifier__class_weight': 'balanced', 'quantifier__bandwidth': 0.02, 'confidence': ['max_conf', 'entropy', 'isoft']} [took 247.957s]
20/01/24 09:27:57| DEBUG       [size=29,place=2] best score = 0.00698990; best param = {'quantifier__classifier__C': 10.0, 'quantifier__classifier__class_weight': 'balanced', 'quantifier__bandwidth': 0.02, 'confidence': ['isoft']} [took 247.957s]
20/01/24 09:30:50| DEBUG       [size=25,place=1] best score = 0.00728717; best param = {'quantifier__classifier__C': 10.0, 'quantifier__classifier__class_weight': 'balanced', 'quantifier__bandwidth': 0.02, 'confidence': None} [took 172.444s]
20/01/24 09:30:50| DEBUG       [size=25,place=2] best score = 0.00740076; best param = {'quantifier__classifier__C': 10.0, 'quantifier__classifier__class_weight': 'balanced', 'quantifier__bandwidth': 0.04, 'confidence': ['isoft']} [took 172.444s]
20/01/24 09:30:50| DEBUG       [BinaryQuantifierAccuracyEstimator] optimization finished: best params {'quantifier__classifier__C': 10.0, 'quantifier__classifier__class_weight': 'balanced', 'quantifier__bandwidth': 0.02, 'confidence': ['max_conf', 'entropy', 'isoft']} (score=0.00697) [took 951.5837s]
20/01/24 09:36:12| INFO        bin_kde_lr_gs finished [took 1273.7829s]
20/01/24 09:40:00| DEBUG       [size=11,place=1] best score = 0.00899565; best param = {'quantifier__classifier__C': 0.1, 'quantifier__classifier__class_weight': 'balanced', 'quantifier__bandwidth': 0.02, 'confidence': ['isoft']} [took 227.824s]
20/01/24 09:40:00| DEBUG       [size=11,place=2] best score = 0.01398177; best param = {'quantifier__classifier__C': 1.0, 'quantifier__classifier__class_weight': None, 'quantifier__bandwidth': 0.060000000000000005, 'confidence': None} [took 227.824s]
20/01/24 09:54:54| DEBUG       [size=56,place=1] best score = 0.00794353; best param = {'quantifier__classifier__C': 1.0, 'quantifier__classifier__class_weight': 'balanced', 'quantifier__bandwidth': 0.060000000000000005, 'confidence': None} [took 893.470s]
20/01/24 09:54:54| DEBUG       [size=56,place=2] best score = 0.00820366; best param = {'quantifier__classifier__C': 0.1, 'quantifier__classifier__class_weight': 'balanced', 'quantifier__bandwidth': 0.02, 'confidence': None} [took 893.470s]
20/01/24 10:10:25| DEBUG       [size=51,place=1] best score = 0.00772349; best param = {'quantifier__classifier__C': 1.0, 'quantifier__classifier__class_weight': 'balanced', 'quantifier__bandwidth': 0.060000000000000005, 'confidence': ['isoft']} [took 930.871s]
20/01/24 10:10:25| DEBUG       [size=51,place=2] best score = 0.00774389; best param = {'quantifier__classifier__C': 1.0, 'quantifier__classifier__class_weight': 'balanced', 'quantifier__bandwidth': 0.060000000000000005, 'confidence': ['max_conf', 'entropy', 'isoft']} [took 930.872s]
20/01/24 10:30:11| DEBUG       [size=48,place=1] best score = 0.00744174; best param = {'quantifier__classifier__C': 1.0, 'quantifier__classifier__class_weight': 'balanced', 'quantifier__bandwidth': 0.03, 'confidence': ['max_conf', 'entropy', 'isoft']} [took 1186.495s]
20/01/24 10:30:11| DEBUG       [size=48,place=2] best score = 0.00749987; best param = {'quantifier__classifier__C': 1.0, 'quantifier__classifier__class_weight': 'balanced', 'quantifier__bandwidth': 0.14, 'confidence': ['max_conf', 'entropy', 'isoft']} [took 1186.496s]
20/01/24 10:34:23| DEBUG       [size=13,place=1] best score = 0.00869835; best param = {'quantifier__classifier__C': 0.1, 'quantifier__classifier__class_weight': 'balanced', 'quantifier__bandwidth': 0.14, 'confidence': ['max_conf', 'entropy', 'isoft']} [took 251.894s]
20/01/24 10:34:23| DEBUG       [size=13,place=2] best score = 0.00889145; best param = {'quantifier__classifier__C': 10.0, 'quantifier__classifier__class_weight': 'balanced', 'quantifier__bandwidth': 0.03, 'confidence': ['max_conf', 'entropy', 'isoft']} [took 251.894s]
20/01/24 10:34:23| DEBUG       [MultiClassAccuracyEstimator] optimization finished: best params {'quantifier__classifier__C': 1.0, 'quantifier__classifier__class_weight': 'balanced', 'quantifier__bandwidth': 0.03, 'confidence': ['max_conf', 'entropy', 'isoft']} (score=0.00744) [took 3490.6765s]
20/01/24 10:41:31| INFO        mul_kde_lr_gs finished [took 3918.1808s]
20/01/24 10:44:16| DEBUG       [size=11,place=1] best score = 0.01011034; best param = {'quantifier__classifier__C': 100.0, 'quantifier__classifier__class_weight': 'balanced', 'quantifier__bandwidth': 0.05, 'confidence': None} [took 164.129s]
20/01/24 10:44:16| DEBUG       [size=11,place=2] best score = 0.01078598; best param = {'quantifier__classifier__C': 1.0, 'quantifier__classifier__class_weight': None, 'quantifier__bandwidth': 0.060000000000000005, 'confidence': None} [took 164.129s]
20/01/24 10:58:16| DEBUG       [size=56,place=1] best score = 0.00803822; best param = {'quantifier__classifier__C': 1.0, 'quantifier__classifier__class_weight': None, 'quantifier__bandwidth': 0.02, 'confidence': None} [took 839.449s]
20/01/24 10:58:16| DEBUG       [size=56,place=2] best score = 0.00886541; best param = {'quantifier__classifier__C': 1.0, 'quantifier__classifier__class_weight': None, 'quantifier__bandwidth': 0.03, 'confidence': None} [took 839.449s]
20/01/24 11:02:32| DEBUG       [size=18,place=1] best score = 0.00835006; best param = {'quantifier__classifier__C': 1.0, 'quantifier__classifier__class_weight': 'balanced', 'quantifier__bandwidth': 0.02, 'confidence': None} [took 256.398s]
20/01/24 11:02:32| DEBUG       [size=18,place=2] best score = 0.00897616; best param = {'quantifier__classifier__C': 1.0, 'quantifier__classifier__class_weight': None, 'quantifier__bandwidth': 0.02, 'confidence': ['isoft']} [took 256.398s]
20/01/24 11:02:32| DEBUG       [MultiClassAccuracyEstimator] optimization finished: best params {'quantifier__classifier__C': 1.0, 'quantifier__classifier__class_weight': None, 'quantifier__bandwidth': 0.02, 'confidence': None} (score=0.00804) [took 1260.0900s]
20/01/24 11:08:28| INFO        m3w_kde_lr_gs finished [took 1616.0640s]
20/01/24 11:08:28| INFO     Dataset sample [0.7 0.3] of dataset rcv1_CCAT finished [took 9214.5619s]
20/01/24 11:08:28| INFO     Dataset sample [0.8 0.2] of dataset rcv1_CCAT started
20/01/24 11:26:00| INFO        bin_kde_lr finished [took 1046.0110s]
20/01/24 11:27:09| INFO        bin_kde_lr_mc finished [took 1116.0300s]
20/01/24 11:27:18| INFO        bin_kde_lr_c finished [took 1126.1816s]
20/01/24 11:27:19| INFO        bin_kde_lr_ne finished [took 1124.5493s]
20/01/24 11:31:46| INFO        m3w_kde_lr finished [took 1392.1418s]
20/01/24 11:31:46| INFO        m3w_kde_lr_c finished [took 1393.0148s]
20/01/24 11:32:01| INFO        m3w_kde_lr_mc finished [took 1406.8657s]
20/01/24 11:32:11| INFO        mul_kde_lr_mc finished [took 1416.6342s]
20/01/24 11:32:21| INFO        mul_kde_lr finished [took 1427.8299s]
20/01/24 11:33:59| INFO        ref finished [took 107.1113s]
20/01/24 11:34:09| INFO        atc_mc finished [took 106.0239s]
20/01/24 11:34:10| INFO        mul_kde_lr_c finished [took 1535.4743s]
20/01/24 11:34:54| INFO        mul_kde_lr_ne finished [took 1579.5535s]
20/01/24 11:34:58| INFO        doc finished [took 58.0915s]
20/01/24 11:43:06| INFO        m3w_kde_lr_ne finished [took 1024.9337s]
20/01/24 11:43:09| INFO        bin_kde_lr_is finished [took 958.9765s]
20/01/24 11:44:00| INFO        m3w_kde_lr_is finished [took 999.6748s]
20/01/24 11:45:24| INFO        mul_kde_lr_is finished [took 1084.2269s]
20/01/24 11:46:08| INFO        bin_kde_lr_a finished [took 860.4851s]
20/01/24 11:46:57| INFO        m3w_kde_lr_a finished [took 895.1440s]
20/01/24 11:48:24| INFO        mul_kde_lr_a finished [took 996.7090s]
20/01/24 11:49:40| DEBUG       [size=11,place=1] best score = 0.00916591; best param = {'quantifier__classifier__C': 0.1, 'quantifier__classifier__class_weight': 'balanced', 'quantifier__bandwidth': 0.02, 'confidence': ['isoft']} [took 75.111s]
20/01/24 11:49:40| DEBUG       [size=11,place=2] best score = 0.01477201; best param = {'quantifier__classifier__C': 1.0, 'quantifier__classifier__class_weight': None, 'quantifier__bandwidth': 0.060000000000000005, 'confidence': None} [took 75.111s]
20/01/24 11:53:27| DEBUG       [size=56,place=1] best score = 0.00822800; best param = {'quantifier__classifier__C': 0.1, 'quantifier__classifier__class_weight': 'balanced', 'quantifier__bandwidth': 0.01, 'confidence': ['isoft']} [took 226.643s]
20/01/24 11:53:27| DEBUG       [size=56,place=2] best score = 0.00843126; best param = {'quantifier__classifier__C': 0.1, 'quantifier__classifier__class_weight': 'balanced', 'quantifier__bandwidth': 0.09, 'confidence': ['isoft']} [took 226.644s]
20/01/24 11:54:51| DEBUG       [size=17,place=1] best score = 0.00789533; best param = {'quantifier__classifier__C': 0.1, 'quantifier__classifier__class_weight': 'balanced', 'quantifier__bandwidth': 0.01, 'confidence': ['max_conf', 'entropy', 'isoft']} [took 84.052s]
20/01/24 11:54:51| DEBUG       [size=17,place=2] best score = 0.00836480; best param = {'quantifier__classifier__C': 0.1, 'quantifier__classifier__class_weight': 'balanced', 'quantifier__bandwidth': 0.09, 'confidence': ['max_conf', 'entropy', 'isoft']} [took 84.053s]
20/01/24 11:57:17| DEBUG       [size=31,place=1] best score = 0.00838339; best param = {'quantifier__classifier__C': 0.1, 'quantifier__classifier__class_weight': 'balanced', 'quantifier__bandwidth': 0.09999999999999999, 'confidence': ['max_conf', 'entropy', 'isoft']} [took 146.123s]
20/01/24 11:57:17| DEBUG       [size=31,place=2] best score = 0.00841183; best param = {'quantifier__classifier__C': 0.1, 'quantifier__classifier__class_weight': 'balanced', 'quantifier__bandwidth': 0.08, 'confidence': ['max_conf', 'entropy', 'isoft']} [took 146.123s]
20/01/24 11:57:17| DEBUG       [BinaryQuantifierAccuracyEstimator] optimization finished: best params {'quantifier__classifier__C': 0.1, 'quantifier__classifier__class_weight': 'balanced', 'quantifier__bandwidth': 0.01, 'confidence': ['max_conf', 'entropy', 'isoft']} (score=0.00790) [took 532.0419s]
20/01/24 12:02:59| INFO        bin_kde_lr_gs finished [took 874.1868s]
20/01/24 12:06:59| DEBUG       [size=11,place=1] best score = 0.00772927; best param = {'quantifier__classifier__C': 0.1, 'quantifier__classifier__class_weight': 'balanced', 'quantifier__bandwidth': 0.02, 'confidence': ['isoft']} [took 238.777s]
20/01/24 12:06:59| DEBUG       [size=11,place=2] best score = 0.01689500; best param = {'quantifier__classifier__C': 1.0, 'quantifier__classifier__class_weight': None, 'quantifier__bandwidth': 0.060000000000000005, 'confidence': None} [took 238.778s]
20/01/24 12:20:58| DEBUG       [size=56,place=1] best score = 0.00717803; best param = {'quantifier__classifier__C': 0.1, 'quantifier__classifier__class_weight': 'balanced', 'quantifier__bandwidth': 0.03, 'confidence': ['isoft']} [took 838.721s]
20/01/24 12:20:58| DEBUG       [size=56,place=2] best score = 0.00759014; best param = {'quantifier__classifier__C': 0.1, 'quantifier__classifier__class_weight': 'balanced', 'quantifier__bandwidth': 0.04, 'confidence': ['isoft']} [took 838.721s]
20/01/24 12:26:13| DEBUG       [size=18,place=1] best score = 0.00713791; best param = {'quantifier__classifier__C': 0.1, 'quantifier__classifier__class_weight': 'balanced', 'quantifier__bandwidth': 0.03, 'confidence': ['max_conf', 'entropy', 'isoft']} [took 315.448s]
20/01/24 12:26:13| DEBUG       [size=18,place=2] best score = 0.00762439; best param = {'quantifier__classifier__C': 0.1, 'quantifier__classifier__class_weight': 'balanced', 'quantifier__bandwidth': 0.04, 'confidence': ['max_conf', 'entropy', 'isoft']} [took 315.448s]
20/01/24 12:34:18| DEBUG       [size=29,place=1] best score = 0.00823006; best param = {'quantifier__classifier__C': 0.1, 'quantifier__classifier__class_weight': 'balanced', 'quantifier__bandwidth': 0.05, 'confidence': ['max_conf', 'entropy', 'isoft']} [took 484.863s]
20/01/24 12:34:18| DEBUG       [size=29,place=2] best score = 0.00880547; best param = {'quantifier__classifier__C': 0.1, 'quantifier__classifier__class_weight': 'balanced', 'quantifier__bandwidth': 0.060000000000000005, 'confidence': ['max_conf', 'entropy', 'isoft']} [took 484.864s]
20/01/24 12:34:18| DEBUG       [MultiClassAccuracyEstimator] optimization finished: best params {'quantifier__classifier__C': 0.1, 'quantifier__classifier__class_weight': 'balanced', 'quantifier__bandwidth': 0.03, 'confidence': ['max_conf', 'entropy', 'isoft']} (score=0.00714) [took 1877.9906s]
20/01/24 12:41:40| INFO        mul_kde_lr_gs finished [took 2319.6261s]
20/01/24 12:44:33| DEBUG       [size=11,place=1] best score = 0.00670507; best param = {'quantifier__classifier__C': 0.1, 'quantifier__classifier__class_weight': 'balanced', 'quantifier__bandwidth': 0.02, 'confidence': ['isoft']} [took 172.256s]
20/01/24 12:44:33| DEBUG       [size=11,place=2] best score = 0.01304797; best param = {'quantifier__classifier__C': 1.0, 'quantifier__classifier__class_weight': None, 'quantifier__bandwidth': 0.060000000000000005, 'confidence': None} [took 172.256s]
20/01/24 12:54:20| DEBUG       [size=56,place=1] best score = 0.00661823; best param = {'quantifier__classifier__C': 0.1, 'quantifier__classifier__class_weight': 'balanced', 'quantifier__bandwidth': 0.03, 'confidence': ['isoft']} [took 586.745s]
20/01/24 12:54:20| DEBUG       [size=56,place=2] best score = 0.00666507; best param = {'quantifier__classifier__C': 0.1, 'quantifier__classifier__class_weight': 'balanced', 'quantifier__bandwidth': 0.02, 'confidence': None} [took 586.746s]
20/01/24 12:59:47| DEBUG       [size=34,place=1] best score = 0.00656629; best param = {'quantifier__classifier__C': 0.1, 'quantifier__classifier__class_weight': 'balanced', 'quantifier__bandwidth': 0.03, 'confidence': None} [took 326.721s]
20/01/24 12:59:47| DEBUG       [size=34,place=2] best score = 0.00662512; best param = {'quantifier__classifier__C': 0.1, 'quantifier__classifier__class_weight': 'balanced', 'quantifier__bandwidth': 0.03, 'confidence': ['max_conf', 'entropy', 'isoft']} [took 326.722s]
20/01/24 13:05:03| DEBUG       [size=31,place=1] best score = 0.00674591; best param = {'quantifier__classifier__C': 0.1, 'quantifier__classifier__class_weight': 'balanced', 'quantifier__bandwidth': 0.04, 'confidence': ['max_conf', 'entropy', 'isoft']} [took 316.137s]
20/01/24 13:05:03| DEBUG       [size=31,place=2] best score = 0.00688430; best param = {'quantifier__classifier__C': 0.01, 'quantifier__classifier__class_weight': 'balanced', 'quantifier__bandwidth': 0.03, 'confidence': ['max_conf', 'entropy', 'isoft']} [took 316.138s]
20/01/24 13:05:03| DEBUG       [MultiClassAccuracyEstimator] optimization finished: best params {'quantifier__classifier__C': 0.1, 'quantifier__classifier__class_weight': 'balanced', 'quantifier__bandwidth': 0.03, 'confidence': None} (score=0.00657) [took 1401.9773s]
20/01/24 13:11:51| INFO        m3w_kde_lr_gs finished [took 1809.7193s]
20/01/24 13:11:51| INFO     Dataset sample [0.8 0.2] of dataset rcv1_CCAT finished [took 7402.5303s]
20/01/24 13:11:51| INFO     Dataset sample [0.9 0.1] of dataset rcv1_CCAT started
20/01/24 13:34:12| INFO        bin_kde_lr_c finished [took 1335.5856s]
20/01/24 13:34:16| INFO        bin_kde_lr finished [took 1339.9474s]
20/01/24 13:35:32| INFO        bin_kde_lr_mc finished [took 1415.2744s]
20/01/24 13:35:38| INFO        bin_kde_lr_ne finished [took 1421.8670s]
20/01/24 13:36:51| INFO        m3w_kde_lr_mc finished [took 1494.1411s]
20/01/24 13:37:26| INFO        m3w_kde_lr finished [took 1529.7855s]
20/01/24 13:39:17| INFO        m3w_kde_lr_c finished [took 1640.1672s]
20/01/24 13:39:33| INFO        mul_kde_lr finished [took 1656.4740s]
20/01/24 13:40:19| INFO        mul_kde_lr_mc finished [took 1703.0295s]
20/01/24 13:40:39| INFO        mul_kde_lr_ne finished [took 1722.3434s]
20/01/24 13:41:00| INFO        ref finished [took 86.3561s]
20/01/24 13:41:21| INFO        mul_kde_lr_c finished [took 1767.4864s]
20/01/24 13:41:36| INFO        atc_mc finished [took 75.5751s]
20/01/24 13:42:02| INFO        doc finished [took 82.2129s]
20/01/24 13:53:20| INFO        bin_kde_lr_a finished [took 988.9136s]
20/01/24 13:53:21| INFO        m3w_kde_lr_ne finished [took 1148.7189s]
20/01/24 13:54:08| INFO        m3w_kde_lr_is finished [took 1108.9283s]
20/01/24 13:54:53| INFO        bin_kde_lr_is finished [took 1235.5042s]
20/01/24 13:56:33| INFO        m3w_kde_lr_a finished [took 1035.5557s]
20/01/24 13:56:56| INFO        mul_kde_lr_a finished [took 1169.4469s]
20/01/24 13:58:52| INFO        mul_kde_lr_is finished [took 1399.9564s]
20/01/24 14:00:04| DEBUG       [size=11,place=1] best score = 0.00673361; best param = {'quantifier__classifier__C': 1000.0, 'quantifier__classifier__class_weight': 'balanced', 'quantifier__bandwidth': 0.04, 'confidence': ['max_conf', 'entropy', 'isoft']} [took 70.615s]
20/01/24 14:00:04| DEBUG       [size=11,place=2] best score = 0.00733915; best param = {'quantifier__classifier__C': 100.0, 'quantifier__classifier__class_weight': None, 'quantifier__bandwidth': 0.04, 'confidence': None} [took 70.616s]
20/01/24 14:06:26| DEBUG       [size=55,place=1] best score = 0.00658897; best param = {'quantifier__classifier__C': 1000.0, 'quantifier__classifier__class_weight': 'balanced', 'quantifier__bandwidth': 0.03, 'confidence': ['max_conf', 'entropy', 'isoft']} [took 382.231s]
20/01/24 14:06:26| DEBUG       [size=55,place=2] best score = 0.00675447; best param = {'quantifier__classifier__C': 100.0, 'quantifier__classifier__class_weight': None, 'quantifier__bandwidth': 0.04, 'confidence': ['max_conf', 'entropy', 'isoft']} [took 382.231s]
20/01/24 14:09:53| DEBUG       [size=32,place=1] best score = 0.00668899; best param = {'quantifier__classifier__C': 0.1, 'quantifier__classifier__class_weight': None, 'quantifier__bandwidth': 0.04, 'confidence': ['max_conf', 'entropy', 'isoft']} [took 206.087s]
20/01/24 14:09:53| DEBUG       [size=32,place=2] best score = 0.00679855; best param = {'quantifier__classifier__C': 100.0, 'quantifier__classifier__class_weight': None, 'quantifier__bandwidth': 0.03, 'confidence': ['max_conf', 'entropy', 'isoft']} [took 206.088s]
20/01/24 14:09:53| DEBUG       [BinaryQuantifierAccuracyEstimator] optimization finished: best params {'quantifier__classifier__C': 1000.0, 'quantifier__classifier__class_weight': 'balanced', 'quantifier__bandwidth': 0.03, 'confidence': ['max_conf', 'entropy', 'isoft']} (score=0.00659) [took 659.0448s]
20/01/24 14:16:46| INFO        bin_kde_lr_gs finished [took 1071.9635s]
20/01/24 14:20:36| DEBUG       [size=11,place=1] best score = 0.00794986; best param = {'quantifier__classifier__C': 100.0, 'quantifier__classifier__class_weight': 'balanced', 'quantifier__bandwidth': 0.03, 'confidence': ['max_conf', 'entropy', 'isoft']} [took 229.599s]
20/01/24 14:20:36| DEBUG       [size=11,place=2] best score = 0.00983219; best param = {'quantifier__classifier__C': 0.1, 'quantifier__classifier__class_weight': 'balanced', 'quantifier__bandwidth': 0.02, 'confidence': ['isoft']} [took 229.599s]
20/01/24 14:38:59| DEBUG       [size=56,place=1] best score = 0.00760323; best param = {'quantifier__classifier__C': 100.0, 'quantifier__classifier__class_weight': 'balanced', 'quantifier__bandwidth': 0.03, 'confidence': ['isoft']} [took 1102.948s]
20/01/24 14:38:59| DEBUG       [size=56,place=2] best score = 0.00776699; best param = {'quantifier__classifier__C': 100.0, 'quantifier__classifier__class_weight': 'balanced', 'quantifier__bandwidth': 0.02, 'confidence': ['isoft']} [took 1102.948s]
20/01/24 14:50:05| DEBUG       [size=25,place=1] best score = 0.00975720; best param = {'quantifier__classifier__C': 100.0, 'quantifier__classifier__class_weight': None, 'quantifier__bandwidth': 0.03, 'confidence': ['isoft']} [took 666.417s]
20/01/24 14:50:05| DEBUG       [size=25,place=2] best score = 0.01003274; best param = {'quantifier__classifier__C': 100.0, 'quantifier__classifier__class_weight': 'balanced', 'quantifier__bandwidth': 0.04, 'confidence': ['isoft']} [took 666.417s]
20/01/24 14:50:05| DEBUG       [MultiClassAccuracyEstimator] optimization finished: best params {'quantifier__classifier__C': 100.0, 'quantifier__classifier__class_weight': 'balanced', 'quantifier__bandwidth': 0.03, 'confidence': ['isoft']} (score=0.00760) [took 1999.0730s]
20/01/24 14:58:02| INFO        mul_kde_lr_gs finished [took 2475.6910s]
20/01/24 15:00:52| DEBUG       [size=11,place=1] best score = 0.01094432; best param = {'quantifier__classifier__C': 1000.0, 'quantifier__classifier__class_weight': 'balanced', 'quantifier__bandwidth': 0.04, 'confidence': ['max_conf', 'entropy', 'isoft']} [took 168.944s]
20/01/24 15:00:52| DEBUG       [size=11,place=2] best score = 0.01126182; best param = {'quantifier__classifier__C': 100.0, 'quantifier__classifier__class_weight': 'balanced', 'quantifier__bandwidth': 0.03, 'confidence': ['max_conf', 'entropy', 'isoft']} [took 168.945s]
20/01/24 15:17:59| DEBUG       [size=54,place=1] best score = 0.00963439; best param = {'quantifier__classifier__C': 0.01, 'quantifier__classifier__class_weight': 'balanced', 'quantifier__bandwidth': 0.04, 'confidence': ['max_conf', 'entropy', 'isoft']} [took 1027.299s]
20/01/24 15:17:59| DEBUG       [size=54,place=2] best score = 0.01043823; best param = {'quantifier__classifier__C': 100.0, 'quantifier__classifier__class_weight': 'balanced', 'quantifier__bandwidth': 0.17, 'confidence': ['max_conf', 'entropy', 'isoft']} [took 1027.300s]
20/01/24 15:22:16| DEBUG       [size=28,place=1] best score = 0.00677965; best param = {'quantifier__classifier__C': 0.01, 'quantifier__classifier__class_weight': 'balanced', 'quantifier__bandwidth': 0.09999999999999999, 'confidence': ['max_conf', 'entropy', 'isoft']} [took 257.143s]
20/01/24 15:22:16| DEBUG       [size=28,place=2] best score = 0.00688327; best param = {'quantifier__classifier__C': 0.01, 'quantifier__classifier__class_weight': 'balanced', 'quantifier__bandwidth': 0.11, 'confidence': ['max_conf', 'entropy', 'isoft']} [took 257.144s]
20/01/24 15:24:38| DEBUG       [size=14,place=1] best score = 0.00686267; best param = {'quantifier__classifier__C': 0.01, 'quantifier__classifier__class_weight': 'balanced', 'quantifier__bandwidth': 0.09999999999999999, 'confidence': ['isoft']} [took 142.044s]
20/01/24 15:24:38| DEBUG       [size=14,place=2] best score = 0.00719624; best param = {'quantifier__classifier__C': 0.01, 'quantifier__classifier__class_weight': 'balanced', 'quantifier__bandwidth': 0.11, 'confidence': ['isoft']} [took 142.045s]
20/01/24 15:24:38| DEBUG       [MultiClassAccuracyEstimator] optimization finished: best params {'quantifier__classifier__C': 0.01, 'quantifier__classifier__class_weight': 'balanced', 'quantifier__bandwidth': 0.09999999999999999, 'confidence': ['max_conf', 'entropy', 'isoft']} (score=0.00678) [took 1595.5523s]
20/01/24 15:35:31| INFO        m3w_kde_lr_gs finished [took 2248.4977s]
20/01/24 15:35:31| INFO     Dataset sample [0.9 0.1] of dataset rcv1_CCAT finished [took 8620.5766s]
