----------------------------------------------------------------------------------------------------
30/01/24 13:11:34| INFO     dataset rcv1_CCAT [pool size: 205]
30/01/24 13:11:34| INFO     Dataset sample [0.1 0.9] of dataset rcv1_CCAT started
30/01/24 13:12:16| INFO        ref finished [took 37.7667s]
30/01/24 13:16:42| DEBUG       [BinaryQuantifierAccuracyEstimator] optimization finished: best params {'quantifier__classifier__C': 100.0, 'quantifier__classifier__class_weight': None, 'quantifier__bandwidth': 0.01, 'confidence': ['isoft']} (score=0.00688) [took 265.2824s]
30/01/24 13:21:48| INFO        bin_kde_lr_gs finished [took 571.2915s]
30/01/24 13:29:04| DEBUG       [MultiClassAccuracyEstimator] optimization finished: best params {'quantifier__classifier__C': 0.1, 'quantifier__classifier__class_weight': 'balanced', 'quantifier__bandwidth': 0.01, 'confidence': None} (score=0.00809) [took 434.6696s]
30/01/24 13:34:56| INFO        mul_kde_lr_gs finished [took 787.1412s]
30/01/24 13:41:10| DEBUG       [MultiClassAccuracyEstimator] optimization finished: best params {'quantifier__classifier__C': 0.01, 'quantifier__classifier__class_weight': None, 'quantifier__bandwidth': 0.01, 'confidence': None} (score=0.00708) [took 373.4152s]
30/01/24 13:48:33| INFO        m3w_kde_lr_gs finished [took 816.4509s]
30/01/24 13:48:33| INFO     Dataset sample [0.1 0.9] of dataset rcv1_CCAT finished [took 2218.6090s]
30/01/24 13:48:33| INFO     Dataset sample [0.2 0.8] of dataset rcv1_CCAT started
30/01/24 13:49:33| INFO        ref finished [took 37.8049s]
30/01/24 13:53:19| DEBUG       [BinaryQuantifierAccuracyEstimator] optimization finished: best params {'quantifier__classifier__C': 1000.0, 'quantifier__classifier__class_weight': 'balanced', 'quantifier__bandwidth': 0.02, 'confidence': ['isoft']} (score=0.01049) [took 224.7982s]
30/01/24 13:58:27| INFO        bin_kde_lr_gs finished [took 533.0630s]
30/01/24 14:06:14| DEBUG       [MultiClassAccuracyEstimator] optimization finished: best params {'quantifier__classifier__C': 0.1, 'quantifier__classifier__class_weight': 'balanced', 'quantifier__bandwidth': 0.03, 'confidence': ['isoft']} (score=0.01191) [took 466.4590s]
30/01/24 14:12:21| INFO        mul_kde_lr_gs finished [took 832.7306s]
30/01/24 14:18:57| DEBUG       [MultiClassAccuracyEstimator] optimization finished: best params {'quantifier__classifier__C': 1000.0, 'quantifier__classifier__class_weight': None, 'quantifier__bandwidth': 0.04, 'confidence': ['max_conf', 'entropy', 'isoft']} (score=0.00805) [took 394.8645s]
30/01/24 14:24:34| INFO        m3w_kde_lr_gs finished [took 731.3587s]
30/01/24 14:24:34| INFO     Dataset sample [0.2 0.8] of dataset rcv1_CCAT finished [took 2160.5874s]
30/01/24 14:24:34| INFO     Dataset sample [0.3 0.7] of dataset rcv1_CCAT started
30/01/24 14:25:32| INFO        ref finished [took 37.6209s]
30/01/24 14:28:47| DEBUG       [BinaryQuantifierAccuracyEstimator] optimization finished: best params {'quantifier__classifier__C': 0.01, 'quantifier__classifier__class_weight': 'balanced', 'quantifier__bandwidth': 0.01, 'confidence': ['isoft']} (score=0.01470) [took 193.0167s]
30/01/24 14:32:19| INFO        bin_kde_lr_gs finished [took 405.0715s]
30/01/24 14:39:46| DEBUG       [MultiClassAccuracyEstimator] optimization finished: best params {'quantifier__classifier__C': 0.1, 'quantifier__classifier__class_weight': 'balanced', 'quantifier__bandwidth': 0.01, 'confidence': ['isoft']} (score=0.01289) [took 446.3409s]
30/01/24 14:44:24| INFO        mul_kde_lr_gs finished [took 724.0020s]
30/01/24 14:50:42| DEBUG       [MultiClassAccuracyEstimator] optimization finished: best params {'quantifier__classifier__C': 0.1, 'quantifier__classifier__class_weight': 'balanced', 'quantifier__bandwidth': 0.01, 'confidence': None} (score=0.01505) [took 376.5307s]
30/01/24 14:54:46| INFO        m3w_kde_lr_gs finished [took 621.2132s]
30/01/24 14:54:46| INFO     Dataset sample [0.3 0.7] of dataset rcv1_CCAT finished [took 1812.6990s]
30/01/24 14:54:46| INFO     Dataset sample [0.4 0.6] of dataset rcv1_CCAT started
30/01/24 14:55:26| INFO        ref finished [took 37.8163s]
30/01/24 14:59:14| DEBUG       [BinaryQuantifierAccuracyEstimator] optimization finished: best params {'quantifier__classifier__C': 10.0, 'quantifier__classifier__class_weight': 'balanced', 'quantifier__bandwidth': 0.03, 'confidence': ['isoft']} (score=0.00589) [took 227.9276s]
30/01/24 15:03:12| INFO        bin_kde_lr_gs finished [took 465.2171s]
30/01/24 15:11:12| DEBUG       [MultiClassAccuracyEstimator] optimization finished: best params {'quantifier__classifier__C': 10.0, 'quantifier__classifier__class_weight': 'balanced', 'quantifier__bandwidth': 0.01, 'confidence': ['max_conf', 'entropy', 'isoft']} (score=0.00634) [took 479.8847s]
30/01/24 15:16:05| INFO        mul_kde_lr_gs finished [took 773.0632s]
30/01/24 15:22:18| DEBUG       [MultiClassAccuracyEstimator] optimization finished: best params {'quantifier__classifier__C': 100.0, 'quantifier__classifier__class_weight': None, 'quantifier__bandwidth': 0.01, 'confidence': None} (score=0.00712) [took 372.3803s]
30/01/24 15:26:51| INFO        m3w_kde_lr_gs finished [took 644.4452s]
30/01/24 15:26:51| INFO     Dataset sample [0.4 0.6] of dataset rcv1_CCAT finished [took 1924.1757s]
30/01/24 15:26:51| INFO     Dataset sample [0.5 0.5] of dataset rcv1_CCAT started
30/01/24 15:27:36| INFO        ref finished [took 37.6632s]
30/01/24 15:31:03| DEBUG       [BinaryQuantifierAccuracyEstimator] optimization finished: best params {'quantifier__classifier__C': 0.1, 'quantifier__classifier__class_weight': 'balanced', 'quantifier__bandwidth': 0.02, 'confidence': None} (score=0.00686) [took 205.5430s]
30/01/24 15:34:53| INFO        bin_kde_lr_gs finished [took 436.0201s]
30/01/24 15:42:49| DEBUG       [MultiClassAccuracyEstimator] optimization finished: best params {'quantifier__classifier__C': 1.0, 'quantifier__classifier__class_weight': 'balanced', 'quantifier__bandwidth': 0.04, 'confidence': ['isoft']} (score=0.00682) [took 474.6779s]
30/01/24 15:48:31| INFO        mul_kde_lr_gs finished [took 816.6222s]
30/01/24 15:55:23| DEBUG       [MultiClassAccuracyEstimator] optimization finished: best params {'quantifier__classifier__C': 0.01, 'quantifier__classifier__class_weight': 'balanced', 'quantifier__bandwidth': 0.06999999999999999, 'confidence': ['max_conf', 'entropy', 'isoft']} (score=0.00907) [took 412.0768s]
30/01/24 16:03:32| INFO        m3w_kde_lr_gs finished [took 901.1677s]
30/01/24 16:03:32| INFO     Dataset sample [0.5 0.5] of dataset rcv1_CCAT finished [took 2201.9235s]
30/01/24 16:03:32| INFO     Dataset sample [0.6 0.4] of dataset rcv1_CCAT started
30/01/24 16:04:32| INFO        ref finished [took 38.2407s]
30/01/24 16:07:58| DEBUG       [BinaryQuantifierAccuracyEstimator] optimization finished: best params {'quantifier__classifier__C': 10.0, 'quantifier__classifier__class_weight': None, 'quantifier__bandwidth': 0.04, 'confidence': None} (score=0.00737) [took 205.5035s]
30/01/24 16:12:14| INFO        bin_kde_lr_gs finished [took 461.4142s]
30/01/24 16:20:57| DEBUG       [MultiClassAccuracyEstimator] optimization finished: best params {'quantifier__classifier__C': 100.0, 'quantifier__classifier__class_weight': None, 'quantifier__bandwidth': 0.06999999999999999, 'confidence': ['max_conf', 'entropy', 'isoft']} (score=0.00738) [took 522.1748s]
30/01/24 16:26:57| INFO        mul_kde_lr_gs finished [took 882.8115s]
30/01/24 16:33:49| DEBUG       [MultiClassAccuracyEstimator] optimization finished: best params {'quantifier__classifier__C': 1000.0, 'quantifier__classifier__class_weight': None, 'quantifier__bandwidth': 0.08, 'confidence': None} (score=0.00799) [took 410.8509s]
30/01/24 16:39:32| INFO        m3w_kde_lr_gs finished [took 754.4242s]
30/01/24 16:39:32| INFO     Dataset sample [0.6 0.4] of dataset rcv1_CCAT finished [took 2159.6950s]
30/01/24 16:39:32| INFO     Dataset sample [0.7 0.3] of dataset rcv1_CCAT started
30/01/24 16:40:30| INFO        ref finished [took 37.9915s]
30/01/24 16:44:03| DEBUG       [BinaryQuantifierAccuracyEstimator] optimization finished: best params {'quantifier__classifier__C': 1.0, 'quantifier__classifier__class_weight': 'balanced', 'quantifier__bandwidth': 0.16, 'confidence': ['isoft']} (score=0.00651) [took 211.1276s]
30/01/24 16:48:34| INFO        bin_kde_lr_gs finished [took 482.4834s]
30/01/24 16:56:16| DEBUG       [MultiClassAccuracyEstimator] optimization finished: best params {'quantifier__classifier__C': 10.0, 'quantifier__classifier__class_weight': 'balanced', 'quantifier__bandwidth': 0.05, 'confidence': ['max_conf', 'entropy', 'isoft']} (score=0.00793) [took 460.4016s]
30/01/24 17:01:34| INFO        mul_kde_lr_gs finished [took 779.3803s]
30/01/24 17:08:16| DEBUG       [MultiClassAccuracyEstimator] optimization finished: best params {'quantifier__classifier__C': 10.0, 'quantifier__classifier__class_weight': 'balanced', 'quantifier__bandwidth': 0.02, 'confidence': ['isoft']} (score=0.00840) [took 400.3028s]
30/01/24 17:13:14| INFO        m3w_kde_lr_gs finished [took 698.3324s]
30/01/24 17:13:14| INFO     Dataset sample [0.7 0.3] of dataset rcv1_CCAT finished [took 2022.0241s]
30/01/24 17:13:14| INFO     Dataset sample [0.8 0.2] of dataset rcv1_CCAT started
30/01/24 17:14:23| INFO        ref finished [took 38.9576s]
30/01/24 17:18:43| DEBUG       [BinaryQuantifierAccuracyEstimator] optimization finished: best params {'quantifier__classifier__C': 0.01, 'quantifier__classifier__class_weight': None, 'quantifier__bandwidth': 0.02, 'confidence': ['isoft']} (score=0.00688) [took 256.5675s]
30/01/24 17:24:38| INFO        bin_kde_lr_gs finished [took 611.9307s]
30/01/24 17:33:48| DEBUG       [MultiClassAccuracyEstimator] optimization finished: best params {'quantifier__classifier__C': 0.01, 'quantifier__classifier__class_weight': 'balanced', 'quantifier__bandwidth': 0.01, 'confidence': ['max_conf', 'entropy', 'isoft']} (score=0.00657) [took 548.2199s]
30/01/24 17:38:57| INFO        mul_kde_lr_gs finished [took 857.2586s]
30/01/24 17:46:30| DEBUG       [MultiClassAccuracyEstimator] optimization finished: best params {'quantifier__classifier__C': 0.01, 'quantifier__classifier__class_weight': 'balanced', 'quantifier__bandwidth': 0.02, 'confidence': ['isoft']} (score=0.00648) [took 449.4343s]
30/01/24 17:51:58| INFO        m3w_kde_lr_gs finished [took 776.6026s]
30/01/24 17:51:58| INFO     Dataset sample [0.8 0.2] of dataset rcv1_CCAT finished [took 2323.3698s]
30/01/24 17:51:58| INFO     Dataset sample [0.9 0.1] of dataset rcv1_CCAT started
30/01/24 17:53:05| INFO        ref finished [took 39.5382s]
30/01/24 17:58:06| DEBUG       [BinaryQuantifierAccuracyEstimator] optimization finished: best params {'quantifier__classifier__C': 1.0, 'quantifier__classifier__class_weight': 'balanced', 'quantifier__bandwidth': 0.2, 'confidence': ['isoft']} (score=0.00541) [took 298.2746s]
30/01/24 18:06:02| INFO        bin_kde_lr_gs finished [took 774.3365s]
30/01/24 18:14:15| DEBUG       [MultiClassAccuracyEstimator] optimization finished: best params {'quantifier__classifier__C': 0.01, 'quantifier__classifier__class_weight': 'balanced', 'quantifier__bandwidth': 0.09, 'confidence': ['max_conf', 'entropy', 'isoft']} (score=0.00708) [took 489.6539s]
30/01/24 18:24:22| INFO        mul_kde_lr_gs finished [took 1097.2479s]
30/01/24 18:31:40| DEBUG       [MultiClassAccuracyEstimator] optimization finished: best params {'quantifier__classifier__C': 0.01, 'quantifier__classifier__class_weight': 'balanced', 'quantifier__bandwidth': 0.09999999999999999, 'confidence': ['max_conf', 'entropy', 'isoft']} (score=0.00667) [took 435.6289s]
30/01/24 18:41:08| INFO        m3w_kde_lr_gs finished [took 1002.9749s]
30/01/24 18:41:08| INFO     Dataset sample [0.9 0.1] of dataset rcv1_CCAT finished [took 2950.0610s]
