----------------------------------------------------------------------------------------------------
31/01/24 19:08:21| INFO     dataset rcv1_CCAT [pool size: 205]
31/01/24 19:08:21| INFO     Dataset sample [0.1 0.9] of dataset rcv1_CCAT started
31/01/24 19:09:04| INFO        ref finished [took 38.9104s]
31/01/24 19:09:12| DEBUG       [BinaryQuantifierAccuracyEstimator] optimization finished: best params {'quantifier__classifier__C': 1.0, 'quantifier__classifier__class_weight': 'balanced', 'confidence': ['max_conf', 'entropy']} (score=0.03698) [took 4.9990s]
31/01/24 19:09:59| INFO        bin_cc_lr_gs finished [took 52.0033s]
31/01/24 19:10:09| DEBUG       [MultiClassAccuracyEstimator] optimization finished: best params {'quantifier__classifier__C': 10.0, 'quantifier__classifier__class_weight': 'balanced', 'confidence': ['isoft']} (score=0.03270) [took 6.0355s]
31/01/24 19:10:56| INFO        mul_cc_lr_gs finished [took 53.6617s]
31/01/24 19:11:04| DEBUG       [MultiClassAccuracyEstimator] optimization finished: best params {'quantifier__classifier__C': 1.0, 'quantifier__classifier__class_weight': 'balanced', 'confidence': ['max_conf', 'entropy']} (score=0.03247) [took 3.2998s]
31/01/24 19:11:48| INFO        m3w_cc_lr_gs finished [took 46.9161s]
31/01/24 19:11:48| INFO     Dataset sample [0.1 0.9] of dataset rcv1_CCAT finished [took 206.7284s]
31/01/24 19:11:48| INFO     Dataset sample [0.2 0.8] of dataset rcv1_CCAT started
31/01/24 19:12:28| INFO        ref finished [took 39.1866s]
31/01/24 19:12:35| DEBUG       [BinaryQuantifierAccuracyEstimator] optimization finished: best params {'quantifier__classifier__C': 1.0, 'quantifier__classifier__class_weight': 'balanced', 'confidence': ['max_conf', 'entropy', 'isoft']} (score=0.03430) [took 2.2679s]
31/01/24 19:13:22| INFO        bin_cc_lr_gs finished [took 49.5960s]
31/01/24 19:13:34| DEBUG       [MultiClassAccuracyEstimator] optimization finished: best params {'quantifier__classifier__C': 0.01, 'quantifier__classifier__class_weight': 'balanced', 'confidence': ['max_conf', 'entropy']} (score=0.03113) [took 7.6143s]
31/01/24 19:14:21| INFO        mul_cc_lr_gs finished [took 54.5891s]
31/01/24 19:14:31| DEBUG       [MultiClassAccuracyEstimator] optimization finished: best params {'quantifier__classifier__C': 1.0, 'quantifier__classifier__class_weight': 'balanced', 'confidence': None} (score=0.02815) [took 3.8205s]
31/01/24 19:15:13| INFO        m3w_cc_lr_gs finished [took 46.1073s]
31/01/24 19:15:13| INFO     Dataset sample [0.2 0.8] of dataset rcv1_CCAT finished [took 205.0640s]
31/01/24 19:15:13| INFO     Dataset sample [0.3 0.7] of dataset rcv1_CCAT started
31/01/24 19:15:53| INFO        ref finished [took 38.8825s]
31/01/24 19:16:01| DEBUG       [BinaryQuantifierAccuracyEstimator] optimization finished: best params {'quantifier__classifier__C': 1.0, 'quantifier__classifier__class_weight': 'balanced', 'confidence': None} (score=0.02369) [took 3.3144s]
31/01/24 19:16:47| INFO        bin_cc_lr_gs finished [took 49.3656s]
31/01/24 19:16:57| DEBUG       [MultiClassAccuracyEstimator] optimization finished: best params {'quantifier__classifier__C': 1.0, 'quantifier__classifier__class_weight': 'balanced', 'confidence': None} (score=0.01555) [took 6.7635s]
31/01/24 19:17:45| INFO        mul_cc_lr_gs finished [took 54.2317s]
31/01/24 19:17:58| DEBUG       [MultiClassAccuracyEstimator] optimization finished: best params {'quantifier__classifier__C': 1.0, 'quantifier__classifier__class_weight': 'balanced', 'confidence': None} (score=0.01640) [took 6.3425s]
31/01/24 19:18:40| INFO        m3w_cc_lr_gs finished [took 48.7303s]
31/01/24 19:18:40| INFO     Dataset sample [0.3 0.7] of dataset rcv1_CCAT finished [took 207.2335s]
31/01/24 19:18:40| INFO     Dataset sample [0.4 0.6] of dataset rcv1_CCAT started
31/01/24 19:19:21| INFO        ref finished [took 39.5536s]
31/01/24 19:19:27| DEBUG       [BinaryQuantifierAccuracyEstimator] optimization finished: best params {'quantifier__classifier__C': 10.0, 'quantifier__classifier__class_weight': 'balanced', 'confidence': None} (score=0.00916) [took 2.5824s]
31/01/24 19:20:13| INFO        bin_cc_lr_gs finished [took 49.2910s]
31/01/24 19:20:28| DEBUG       [MultiClassAccuracyEstimator] optimization finished: best params {'quantifier__classifier__C': 10.0, 'quantifier__classifier__class_weight': 'balanced', 'confidence': ['max_conf', 'entropy', 'isoft']} (score=0.01004) [took 10.2422s]
31/01/24 19:21:16| INFO        mul_cc_lr_gs finished [took 57.7207s]
31/01/24 19:21:25| DEBUG       [MultiClassAccuracyEstimator] optimization finished: best params {'quantifier__classifier__C': 10.0, 'quantifier__classifier__class_weight': 'balanced', 'confidence': None} (score=0.00732) [took 4.7915s]
31/01/24 19:22:08| INFO        m3w_cc_lr_gs finished [took 47.7890s]
31/01/24 19:22:08| INFO     Dataset sample [0.4 0.6] of dataset rcv1_CCAT finished [took 207.4623s]
31/01/24 19:22:08| INFO     Dataset sample [0.5 0.5] of dataset rcv1_CCAT started
31/01/24 19:22:49| INFO        ref finished [took 40.1603s]
31/01/24 19:22:55| DEBUG       [BinaryQuantifierAccuracyEstimator] optimization finished: best params {'quantifier__classifier__C': 10.0, 'quantifier__classifier__class_weight': 'balanced', 'confidence': ['isoft']} (score=0.01079) [took 3.1273s]
31/01/24 19:23:42| INFO        bin_cc_lr_gs finished [took 50.2528s]
31/01/24 19:23:53| DEBUG       [MultiClassAccuracyEstimator] optimization finished: best params {'quantifier__classifier__C': 10.0, 'quantifier__classifier__class_weight': 'balanced', 'confidence': ['max_conf', 'entropy', 'isoft']} (score=0.01403) [took 7.1118s]
31/01/24 19:24:41| INFO        mul_cc_lr_gs finished [took 54.9447s]
31/01/24 19:24:50| DEBUG       [MultiClassAccuracyEstimator] optimization finished: best params {'quantifier__classifier__C': 10.0, 'quantifier__classifier__class_weight': 'balanced', 'confidence': None} (score=0.00925) [took 6.3104s]
31/01/24 19:25:32| INFO        m3w_cc_lr_gs finished [took 48.6228s]
31/01/24 19:25:32| INFO     Dataset sample [0.5 0.5] of dataset rcv1_CCAT finished [took 204.9538s]
31/01/24 19:25:32| INFO     Dataset sample [0.6 0.4] of dataset rcv1_CCAT started
31/01/24 19:26:13| INFO        ref finished [took 38.7954s]
31/01/24 19:26:17| DEBUG       [BinaryQuantifierAccuracyEstimator] optimization finished: best params {'quantifier__classifier__C': 10.0, 'quantifier__classifier__class_weight': 'balanced', 'confidence': None} (score=0.01855) [took 2.6813s]
31/01/24 19:27:03| INFO        bin_cc_lr_gs finished [took 49.2107s]
31/01/24 19:27:14| DEBUG       [MultiClassAccuracyEstimator] optimization finished: best params {'quantifier__classifier__C': 10.0, 'quantifier__classifier__class_weight': 'balanced', 'confidence': ['isoft']} (score=0.01628) [took 9.5145s]
31/01/24 19:28:01| INFO        mul_cc_lr_gs finished [took 56.5569s]
31/01/24 19:28:08| DEBUG       [MultiClassAccuracyEstimator] optimization finished: best params {'quantifier__classifier__C': 100.0, 'quantifier__classifier__class_weight': 'balanced', 'confidence': None} (score=0.01453) [took 5.7692s]
31/01/24 19:28:50| INFO        m3w_cc_lr_gs finished [took 47.9266s]
31/01/24 19:28:50| INFO     Dataset sample [0.6 0.4] of dataset rcv1_CCAT finished [took 197.8833s]
31/01/24 19:28:50| INFO     Dataset sample [0.7 0.3] of dataset rcv1_CCAT started
31/01/24 19:29:31| INFO        ref finished [took 38.5734s]
31/01/24 19:29:37| DEBUG       [BinaryQuantifierAccuracyEstimator] optimization finished: best params {'quantifier__classifier__C': 10.0, 'quantifier__classifier__class_weight': 'balanced', 'confidence': ['isoft']} (score=0.02716) [took 3.0682s]
31/01/24 19:30:24| INFO        bin_cc_lr_gs finished [took 49.8384s]
31/01/24 19:30:35| DEBUG       [MultiClassAccuracyEstimator] optimization finished: best params {'quantifier__classifier__C': 10.0, 'quantifier__classifier__class_weight': 'balanced', 'confidence': ['isoft']} (score=0.02766) [took 6.9745s]
31/01/24 19:31:23| INFO        mul_cc_lr_gs finished [took 54.2282s]
31/01/24 19:31:34| DEBUG       [MultiClassAccuracyEstimator] optimization finished: best params {'quantifier__classifier__C': 10.0, 'quantifier__classifier__class_weight': 'balanced', 'confidence': ['max_conf', 'entropy']} (score=0.02813) [took 7.0713s]
31/01/24 19:32:17| INFO        m3w_cc_lr_gs finished [took 50.2438s]
31/01/24 19:32:17| INFO     Dataset sample [0.7 0.3] of dataset rcv1_CCAT finished [took 207.1353s]
31/01/24 19:32:18| INFO     Dataset sample [0.8 0.2] of dataset rcv1_CCAT started
31/01/24 19:32:58| INFO        ref finished [took 38.9121s]
31/01/24 19:33:03| DEBUG       [BinaryQuantifierAccuracyEstimator] optimization finished: best params {'quantifier__classifier__C': 0.001, 'quantifier__classifier__class_weight': 'balanced', 'confidence': None} (score=0.03123) [took 2.4778s]
31/01/24 19:33:49| INFO        bin_cc_lr_gs finished [took 48.7946s]
31/01/24 19:34:00| DEBUG       [MultiClassAccuracyEstimator] optimization finished: best params {'quantifier__classifier__C': 0.01, 'quantifier__classifier__class_weight': 'balanced', 'confidence': ['max_conf', 'entropy']} (score=0.02725) [took 8.4149s]
31/01/24 19:34:47| INFO        mul_cc_lr_gs finished [took 55.4001s]
31/01/24 19:34:54| DEBUG       [MultiClassAccuracyEstimator] optimization finished: best params {'quantifier__classifier__C': 1.0, 'quantifier__classifier__class_weight': 'balanced', 'confidence': ['max_conf', 'entropy']} (score=0.03116) [took 4.8208s]
31/01/24 19:35:36| INFO        m3w_cc_lr_gs finished [took 47.4281s]
31/01/24 19:35:36| INFO     Dataset sample [0.8 0.2] of dataset rcv1_CCAT finished [took 198.7866s]
31/01/24 19:35:36| INFO     Dataset sample [0.9 0.1] of dataset rcv1_CCAT started
31/01/24 19:36:18| INFO        ref finished [took 40.0943s]
31/01/24 19:36:25| DEBUG       [BinaryQuantifierAccuracyEstimator] optimization finished: best params {'quantifier__classifier__C': 0.1, 'quantifier__classifier__class_weight': 'balanced', 'confidence': ['isoft']} (score=0.03816) [took 3.1069s]
31/01/24 19:37:11| INFO        bin_cc_lr_gs finished [took 49.5421s]
31/01/24 19:37:21| DEBUG       [MultiClassAccuracyEstimator] optimization finished: best params {'quantifier__classifier__C': 0.1, 'quantifier__classifier__class_weight': 'balanced', 'confidence': ['isoft']} (score=0.04099) [took 5.8695s]
31/01/24 19:38:08| INFO        mul_cc_lr_gs finished [took 52.7417s]
31/01/24 19:38:17| DEBUG       [MultiClassAccuracyEstimator] optimization finished: best params {'quantifier__classifier__C': 0.1, 'quantifier__classifier__class_weight': 'balanced', 'confidence': ['isoft']} (score=0.04032) [took 5.6488s]
31/01/24 19:38:59| INFO        m3w_cc_lr_gs finished [took 48.3659s]
31/01/24 19:38:59| INFO     Dataset sample [0.9 0.1] of dataset rcv1_CCAT finished [took 203.0041s]
