----------------------------------------------------------------------------------------------------
31/01/24 18:54:17| INFO     dataset imdb [pool size: 205]
31/01/24 18:54:17| INFO     Dataset sample [0.1 0.9] of dataset imdb started
31/01/24 18:54:31| INFO        ref finished [took 9.9567s]
31/01/24 18:54:40| DEBUG       [BinaryQuantifierAccuracyEstimator] optimization finished: best params {'quantifier__classifier__C': 0.1, 'quantifier__classifier__class_weight': 'balanced', 'confidence': ['max_conf', 'entropy', 'isoft']} (score=0.08222) [took 5.1994s]
31/01/24 18:54:56| INFO        bin_cc_lr_gs finished [took 21.4215s]
31/01/24 18:55:10| DEBUG       [MultiClassAccuracyEstimator] optimization finished: best params {'quantifier__classifier__C': 0.1, 'quantifier__classifier__class_weight': 'balanced', 'confidence': ['isoft']} (score=0.09096) [took 8.4356s]
31/01/24 18:55:27| INFO        mul_cc_lr_gs finished [took 24.9918s]
31/01/24 18:55:36| DEBUG       [MultiClassAccuracyEstimator] optimization finished: best params {'quantifier__classifier__C': 1.0, 'quantifier__classifier__class_weight': 'balanced', 'confidence': ['isoft']} (score=0.09218) [took 4.2449s]
31/01/24 18:55:52| INFO        m3w_cc_lr_gs finished [took 20.3317s]
31/01/24 18:55:52| INFO     Dataset sample [0.1 0.9] of dataset imdb finished [took 94.7868s]
31/01/24 18:55:52| INFO     Dataset sample [0.2 0.8] of dataset imdb started
31/01/24 18:56:03| INFO        ref finished [took 10.3933s]
31/01/24 18:56:13| DEBUG       [BinaryQuantifierAccuracyEstimator] optimization finished: best params {'quantifier__classifier__C': 1.0, 'quantifier__classifier__class_weight': 'balanced', 'confidence': ['max_conf', 'entropy', 'isoft']} (score=0.05532) [took 3.2090s]
31/01/24 18:56:30| INFO        bin_cc_lr_gs finished [took 20.1653s]
31/01/24 18:56:42| DEBUG       [MultiClassAccuracyEstimator] optimization finished: best params {'quantifier__classifier__C': 1.0, 'quantifier__classifier__class_weight': 'balanced', 'confidence': ['isoft']} (score=0.05485) [took 6.0128s]
31/01/24 18:56:59| INFO        mul_cc_lr_gs finished [took 22.2927s]
31/01/24 18:57:12| DEBUG       [MultiClassAccuracyEstimator] optimization finished: best params {'quantifier__classifier__C': 1.0, 'quantifier__classifier__class_weight': 'balanced', 'confidence': ['max_conf', 'entropy']} (score=0.05589) [took 4.8679s]
31/01/24 18:57:27| INFO        m3w_cc_lr_gs finished [took 20.5924s]
31/01/24 18:57:27| INFO     Dataset sample [0.2 0.8] of dataset imdb finished [took 95.0857s]
31/01/24 18:57:27| INFO     Dataset sample [0.3 0.7] of dataset imdb started
31/01/24 18:57:38| INFO        ref finished [took 10.0515s]
31/01/24 18:57:46| DEBUG       [BinaryQuantifierAccuracyEstimator] optimization finished: best params {'quantifier__classifier__C': 1.0, 'quantifier__classifier__class_weight': 'balanced', 'confidence': None} (score=0.03786) [took 2.9310s]
31/01/24 18:58:02| INFO        bin_cc_lr_gs finished [took 18.4969s]
31/01/24 18:58:17| DEBUG       [MultiClassAccuracyEstimator] optimization finished: best params {'quantifier__classifier__C': 1.0, 'quantifier__classifier__class_weight': 'balanced', 'confidence': None} (score=0.03456) [took 7.8476s]
31/01/24 18:58:33| INFO        mul_cc_lr_gs finished [took 23.8433s]
31/01/24 18:58:44| DEBUG       [MultiClassAccuracyEstimator] optimization finished: best params {'quantifier__classifier__C': 1.0, 'quantifier__classifier__class_weight': 'balanced', 'confidence': None} (score=0.02729) [took 4.9627s]
31/01/24 18:58:59| INFO        m3w_cc_lr_gs finished [took 20.6553s]
31/01/24 18:58:59| INFO     Dataset sample [0.3 0.7] of dataset imdb finished [took 92.0923s]
31/01/24 18:58:59| INFO     Dataset sample [0.4 0.6] of dataset imdb started
31/01/24 18:59:10| INFO        ref finished [took 10.2297s]
31/01/24 18:59:14| DEBUG       [BinaryQuantifierAccuracyEstimator] optimization finished: best params {'quantifier__classifier__C': 10.0, 'quantifier__classifier__class_weight': 'balanced', 'confidence': ['max_conf', 'entropy', 'isoft']} (score=0.03737) [took 3.2076s]
31/01/24 18:59:30| INFO        bin_cc_lr_gs finished [took 19.4366s]
31/01/24 18:59:39| DEBUG       [MultiClassAccuracyEstimator] optimization finished: best params {'quantifier__classifier__C': 0.01, 'quantifier__classifier__class_weight': 'balanced', 'confidence': None} (score=0.02748) [took 6.6729s]
31/01/24 18:59:55| INFO        mul_cc_lr_gs finished [took 22.4169s]
31/01/24 19:00:04| DEBUG       [MultiClassAccuracyEstimator] optimization finished: best params {'quantifier__classifier__C': 0.001, 'quantifier__classifier__class_weight': 'balanced', 'confidence': ['max_conf', 'entropy']} (score=0.03008) [took 6.2671s]
31/01/24 19:00:20| INFO        m3w_cc_lr_gs finished [took 22.1456s]
31/01/24 19:00:20| INFO     Dataset sample [0.4 0.6] of dataset imdb finished [took 80.8882s]
31/01/24 19:00:20| INFO     Dataset sample [0.5 0.5] of dataset imdb started
31/01/24 19:00:30| INFO        ref finished [took 9.9169s]
31/01/24 19:00:37| DEBUG       [BinaryQuantifierAccuracyEstimator] optimization finished: best params {'quantifier__classifier__C': 10.0, 'quantifier__classifier__class_weight': 'balanced', 'confidence': ['max_conf', 'entropy']} (score=0.00994) [took 2.6206s]
31/01/24 19:00:54| INFO        bin_cc_lr_gs finished [took 19.8964s]
31/01/24 19:01:06| DEBUG       [MultiClassAccuracyEstimator] optimization finished: best params {'quantifier__classifier__C': 10.0, 'quantifier__classifier__class_weight': 'balanced', 'confidence': ['max_conf', 'entropy', 'isoft']} (score=0.01453) [took 8.6889s]
31/01/24 19:01:23| INFO        mul_cc_lr_gs finished [took 25.7263s]
31/01/24 19:01:31| DEBUG       [MultiClassAccuracyEstimator] optimization finished: best params {'quantifier__classifier__C': 10.0, 'quantifier__classifier__class_weight': 'balanced', 'confidence': None} (score=0.00775) [took 4.5820s]
31/01/24 19:01:47| INFO        m3w_cc_lr_gs finished [took 20.7235s]
31/01/24 19:01:47| INFO     Dataset sample [0.5 0.5] of dataset imdb finished [took 87.2200s]
31/01/24 19:01:47| INFO     Dataset sample [0.6 0.4] of dataset imdb started
31/01/24 19:01:58| INFO        ref finished [took 10.0524s]
31/01/24 19:02:08| DEBUG       [BinaryQuantifierAccuracyEstimator] optimization finished: best params {'quantifier__classifier__C': 10.0, 'quantifier__classifier__class_weight': 'balanced', 'confidence': ['isoft']} (score=0.02355) [took 3.0329s]
31/01/24 19:02:24| INFO        bin_cc_lr_gs finished [took 19.0758s]
31/01/24 19:02:34| DEBUG       [MultiClassAccuracyEstimator] optimization finished: best params {'quantifier__classifier__C': 0.01, 'quantifier__classifier__class_weight': 'balanced', 'confidence': None} (score=0.02843) [took 6.1185s]
31/01/24 19:02:50| INFO        mul_cc_lr_gs finished [took 22.1844s]
31/01/24 19:03:01| DEBUG       [MultiClassAccuracyEstimator] optimization finished: best params {'quantifier__classifier__C': 10.0, 'quantifier__classifier__class_weight': 'balanced', 'confidence': None} (score=0.02598) [took 6.1552s]
31/01/24 19:03:16| INFO        m3w_cc_lr_gs finished [took 21.9693s]
31/01/24 19:03:16| INFO     Dataset sample [0.6 0.4] of dataset imdb finished [took 89.0531s]
31/01/24 19:03:16| INFO     Dataset sample [0.7 0.3] of dataset imdb started
31/01/24 19:03:27| INFO        ref finished [took 9.9773s]
31/01/24 19:03:32| DEBUG       [BinaryQuantifierAccuracyEstimator] optimization finished: best params {'quantifier__classifier__C': 10.0, 'quantifier__classifier__class_weight': 'balanced', 'confidence': ['isoft']} (score=0.05159) [took 2.4572s]
31/01/24 19:03:48| INFO        bin_cc_lr_gs finished [took 18.4142s]
31/01/24 19:04:02| DEBUG       [MultiClassAccuracyEstimator] optimization finished: best params {'quantifier__classifier__C': 0.001, 'quantifier__classifier__class_weight': 'balanced', 'confidence': ['max_conf', 'entropy']} (score=0.04416) [took 7.4474s]
31/01/24 19:04:18| INFO        mul_cc_lr_gs finished [took 23.9012s]
31/01/24 19:04:29| DEBUG       [MultiClassAccuracyEstimator] optimization finished: best params {'quantifier__classifier__C': 1.0, 'quantifier__classifier__class_weight': 'balanced', 'confidence': None} (score=0.04220) [took 4.7548s]
31/01/24 19:04:44| INFO        m3w_cc_lr_gs finished [took 20.4620s]
31/01/24 19:04:44| INFO     Dataset sample [0.7 0.3] of dataset imdb finished [took 87.9471s]
31/01/24 19:04:44| INFO     Dataset sample [0.8 0.2] of dataset imdb started
31/01/24 19:04:55| INFO        ref finished [took 10.4195s]
31/01/24 19:05:03| DEBUG       [BinaryQuantifierAccuracyEstimator] optimization finished: best params {'quantifier__classifier__C': 1.0, 'quantifier__classifier__class_weight': 'balanced', 'confidence': ['isoft']} (score=0.06563) [took 2.8963s]
31/01/24 19:05:19| INFO        bin_cc_lr_gs finished [took 18.7841s]
31/01/24 19:05:30| DEBUG       [MultiClassAccuracyEstimator] optimization finished: best params {'quantifier__classifier__C': 0.001, 'quantifier__classifier__class_weight': 'balanced', 'confidence': ['max_conf', 'entropy', 'isoft']} (score=0.04683) [took 5.5686s]
31/01/24 19:05:47| INFO        mul_cc_lr_gs finished [took 22.2188s]
31/01/24 19:05:56| DEBUG       [MultiClassAccuracyEstimator] optimization finished: best params {'quantifier__classifier__C': 1.0, 'quantifier__classifier__class_weight': 'balanced', 'confidence': ['max_conf', 'entropy']} (score=0.06656) [took 5.5473s]
31/01/24 19:06:12| INFO        m3w_cc_lr_gs finished [took 21.5122s]
31/01/24 19:06:12| INFO     Dataset sample [0.8 0.2] of dataset imdb finished [took 87.9743s]
31/01/24 19:06:12| INFO     Dataset sample [0.9 0.1] of dataset imdb started
31/01/24 19:06:23| INFO        ref finished [took 10.3753s]
31/01/24 19:06:29| DEBUG       [BinaryQuantifierAccuracyEstimator] optimization finished: best params {'quantifier__classifier__C': 0.1, 'quantifier__classifier__class_weight': 'balanced', 'confidence': ['isoft']} (score=0.06940) [took 2.5504s]
31/01/24 19:06:45| INFO        bin_cc_lr_gs finished [took 18.2433s]
31/01/24 19:06:55| DEBUG       [MultiClassAccuracyEstimator] optimization finished: best params {'quantifier__classifier__C': 1.0, 'quantifier__classifier__class_weight': 'balanced', 'confidence': ['isoft']} (score=0.07576) [took 5.9211s]
31/01/24 19:07:12| INFO        mul_cc_lr_gs finished [took 22.6474s]
31/01/24 19:07:22| DEBUG       [MultiClassAccuracyEstimator] optimization finished: best params {'quantifier__classifier__C': 0.1, 'quantifier__classifier__class_weight': 'balanced', 'confidence': ['max_conf', 'entropy']} (score=0.07679) [took 3.7006s]
31/01/24 19:07:38| INFO        m3w_cc_lr_gs finished [took 19.7910s]
31/01/24 19:07:38| INFO     Dataset sample [0.9 0.1] of dataset imdb finished [took 85.4454s]
