----------------------------------------------------------------------------------------------------
31/01/24 10:22:03| INFO     dataset imdb [pool size: 205]
31/01/24 10:22:03| INFO     Dataset sample [0.1 0.9] of dataset imdb started
31/01/24 10:22:16| INFO        ref finished [took 9.9948s]
31/01/24 10:22:52| WARNING     Method bin_kde_lr_gs failed. Exception: no combination of hyperparameters seem to work
31/01/24 10:31:56| DEBUG       [MultiClassAccuracyEstimator] optimization finished: best params {'quantifier__classifier__C': 1.0, 'quantifier__classifier__class_weight': 'balanced', 'quantifier__bandwidth': 0.05, 'confidence': ['max_conf', 'entropy', 'isoft']} (score=0.00829) [took 540.6169s]
31/01/24 10:40:12| INFO        mul_kde_lr_gs finished [took 1037.1068s]
31/01/24 10:49:45| DEBUG       [MultiClassAccuracyEstimator] optimization finished: best params {'quantifier__classifier__C': 1.0, 'quantifier__classifier__class_weight': 'balanced', 'quantifier__bandwidth': 0.060000000000000005, 'confidence': ['max_conf', 'entropy', 'isoft']} (score=0.00829) [took 570.0300s]
31/01/24 10:58:16| INFO        m3w_kde_lr_gs finished [took 1080.5702s]
31/01/24 10:58:16| INFO     Dataset sample [0.1 0.9] of dataset imdb finished [took 2172.7564s]
31/01/24 10:58:16| INFO     Dataset sample [0.2 0.8] of dataset imdb started
31/01/24 10:58:33| INFO        ref finished [took 10.1869s]
31/01/24 11:04:34| DEBUG       [BinaryQuantifierAccuracyEstimator] optimization finished: best params {'quantifier__classifier__C': 1.0, 'quantifier__classifier__class_weight': 'balanced', 'quantifier__bandwidth': 0.04, 'confidence': ['isoft']} (score=0.00818) [took 338.6435s]
31/01/24 11:10:25| INFO        bin_kde_lr_gs finished [took 689.0629s]
31/01/24 11:21:39| DEBUG       [MultiClassAccuracyEstimator] optimization finished: best params {'quantifier__classifier__C': 1.0, 'quantifier__classifier__class_weight': None, 'quantifier__bandwidth': 0.02, 'confidence': ['max_conf', 'entropy', 'isoft']} (score=0.00750) [took 667.2730s]
31/01/24 11:28:10| INFO        mul_kde_lr_gs finished [took 1059.1273s]
31/01/24 11:37:10| DEBUG       [MultiClassAccuracyEstimator] optimization finished: best params {'quantifier__classifier__C': 0.01, 'quantifier__classifier__class_weight': None, 'quantifier__bandwidth': 0.01, 'confidence': ['isoft']} (score=0.00808) [took 535.6571s]
31/01/24 11:42:57| INFO        m3w_kde_lr_gs finished [took 882.0200s]
31/01/24 11:42:57| INFO     Dataset sample [0.2 0.8] of dataset imdb finished [took 2680.9210s]
31/01/24 11:42:57| INFO     Dataset sample [0.3 0.7] of dataset imdb started
31/01/24 11:43:13| INFO        ref finished [took 9.9893s]
31/01/24 11:48:27| DEBUG       [BinaryQuantifierAccuracyEstimator] optimization finished: best params {'quantifier__classifier__C': 1000.0, 'quantifier__classifier__class_weight': 'balanced', 'quantifier__bandwidth': 0.01, 'confidence': None} (score=0.01643) [took 291.1698s]
31/01/24 11:53:53| INFO        bin_kde_lr_gs finished [took 617.2460s]
31/01/24 12:05:14| DEBUG       [MultiClassAccuracyEstimator] optimization finished: best params {'quantifier__classifier__C': 0.1, 'quantifier__classifier__class_weight': 'balanced', 'quantifier__bandwidth': 0.01, 'confidence': None} (score=0.01140) [took 676.2735s]
31/01/24 12:10:31| INFO        mul_kde_lr_gs finished [took 992.9803s]
31/01/24 12:20:03| DEBUG       [MultiClassAccuracyEstimator] optimization finished: best params {'quantifier__classifier__C': 10.0, 'quantifier__classifier__class_weight': None, 'quantifier__bandwidth': 0.01, 'confidence': None} (score=0.01362) [took 568.7605s]
31/01/24 12:25:32| INFO        m3w_kde_lr_gs finished [took 898.2630s]
31/01/24 12:25:32| INFO     Dataset sample [0.3 0.7] of dataset imdb finished [took 2555.8581s]
31/01/24 12:25:32| INFO     Dataset sample [0.4 0.6] of dataset imdb started
31/01/24 12:25:52| INFO        ref finished [took 10.0969s]
31/01/24 12:30:26| DEBUG       [BinaryQuantifierAccuracyEstimator] optimization finished: best params {'quantifier__classifier__C': 1.0, 'quantifier__classifier__class_weight': 'balanced', 'quantifier__bandwidth': 0.02, 'confidence': None} (score=0.01020) [took 252.5267s]
31/01/24 12:34:06| INFO        bin_kde_lr_gs finished [took 472.9884s]
31/01/24 12:44:18| DEBUG       [MultiClassAccuracyEstimator] optimization finished: best params {'quantifier__classifier__C': 1.0, 'quantifier__classifier__class_weight': None, 'quantifier__bandwidth': 0.02, 'confidence': ['isoft']} (score=0.01043) [took 610.4568s]
31/01/24 12:49:47| INFO        mul_kde_lr_gs finished [took 939.7187s]
31/01/24 12:58:45| DEBUG       [MultiClassAccuracyEstimator] optimization finished: best params {'quantifier__classifier__C': 100.0, 'quantifier__classifier__class_weight': None, 'quantifier__bandwidth': 0.01, 'confidence': None} (score=0.01271) [took 536.7155s]
31/01/24 13:03:33| INFO        m3w_kde_lr_gs finished [took 824.4776s]
31/01/24 13:03:33| INFO     Dataset sample [0.4 0.6] of dataset imdb finished [took 2280.2131s]
31/01/24 13:03:33| INFO     Dataset sample [0.5 0.5] of dataset imdb started
31/01/24 13:04:14| INFO        ref finished [took 10.3361s]
31/01/24 13:08:25| DEBUG       [BinaryQuantifierAccuracyEstimator] optimization finished: best params {'quantifier__classifier__C': 0.1, 'quantifier__classifier__class_weight': 'balanced', 'quantifier__bandwidth': 0.01, 'confidence': None} (score=0.01101) [took 248.1364s]
31/01/24 13:11:51| INFO        bin_kde_lr_gs finished [took 453.5621s]
31/01/24 13:21:44| DEBUG       [MultiClassAccuracyEstimator] optimization finished: best params {'quantifier__classifier__C': 1.0, 'quantifier__classifier__class_weight': 'balanced', 'quantifier__bandwidth': 0.02, 'confidence': ['isoft']} (score=0.00896) [took 590.9817s]
31/01/24 13:26:27| INFO        mul_kde_lr_gs finished [took 873.9297s]
31/01/24 13:35:19| DEBUG       [MultiClassAccuracyEstimator] optimization finished: best params {'quantifier__classifier__C': 100.0, 'quantifier__classifier__class_weight': 'balanced', 'quantifier__bandwidth': 0.01, 'confidence': ['isoft']} (score=0.01142) [took 529.8130s]
31/01/24 13:40:11| INFO        m3w_kde_lr_gs finished [took 822.3060s]
31/01/24 13:40:11| INFO     Dataset sample [0.5 0.5] of dataset imdb finished [took 2198.1852s]
31/01/24 13:40:11| INFO     Dataset sample [0.6 0.4] of dataset imdb started
31/01/24 13:40:29| INFO        ref finished [took 10.2502s]
31/01/24 13:45:12| DEBUG       [BinaryQuantifierAccuracyEstimator] optimization finished: best params {'quantifier__classifier__C': 0.1, 'quantifier__classifier__class_weight': 'balanced', 'quantifier__bandwidth': 0.02, 'confidence': None} (score=0.01226) [took 263.2792s]
31/01/24 13:49:14| INFO        bin_kde_lr_gs finished [took 506.0896s]
31/01/24 13:59:55| DEBUG       [MultiClassAccuracyEstimator] optimization finished: best params {'quantifier__classifier__C': 1.0, 'quantifier__classifier__class_weight': 'balanced', 'quantifier__bandwidth': 0.01, 'confidence': ['max_conf', 'entropy', 'isoft']} (score=0.01149) [took 635.0962s]
31/01/24 14:04:28| INFO        mul_kde_lr_gs finished [took 908.4020s]
31/01/24 14:13:15| DEBUG       [MultiClassAccuracyEstimator] optimization finished: best params {'quantifier__classifier__C': 10.0, 'quantifier__classifier__class_weight': 'balanced', 'quantifier__bandwidth': 0.01, 'confidence': None} (score=0.01061) [took 521.7734s]
31/01/24 14:17:53| INFO        m3w_kde_lr_gs finished [took 799.7338s]
31/01/24 14:17:53| INFO     Dataset sample [0.6 0.4] of dataset imdb finished [took 2261.8225s]
31/01/24 14:17:53| INFO     Dataset sample [0.7 0.3] of dataset imdb started
31/01/24 14:18:14| INFO        ref finished [took 10.1122s]
31/01/24 14:23:13| DEBUG       [BinaryQuantifierAccuracyEstimator] optimization finished: best params {'quantifier__classifier__C': 10.0, 'quantifier__classifier__class_weight': 'balanced', 'quantifier__bandwidth': 0.02, 'confidence': None} (score=0.01108) [took 292.0626s]
31/01/24 14:28:13| INFO        bin_kde_lr_gs finished [took 591.9739s]
31/01/24 14:39:27| DEBUG       [MultiClassAccuracyEstimator] optimization finished: best params {'quantifier__classifier__C': 1.0, 'quantifier__classifier__class_weight': 'balanced', 'quantifier__bandwidth': 0.02, 'confidence': ['isoft']} (score=0.01045) [took 669.5917s]
31/01/24 14:45:07| INFO        mul_kde_lr_gs finished [took 1009.5136s]
31/01/24 14:54:19| DEBUG       [MultiClassAccuracyEstimator] optimization finished: best params {'quantifier__classifier__C': 0.1, 'quantifier__classifier__class_weight': None, 'quantifier__bandwidth': 0.01, 'confidence': None} (score=0.01060) [took 549.0130s]
31/01/24 14:59:26| INFO        m3w_kde_lr_gs finished [took 856.5721s]
31/01/24 14:59:26| INFO     Dataset sample [0.7 0.3] of dataset imdb finished [took 2493.5755s]
31/01/24 14:59:26| INFO     Dataset sample [0.8 0.2] of dataset imdb started
31/01/24 14:59:45| INFO        ref finished [took 10.3279s]
31/01/24 15:06:06| DEBUG       [BinaryQuantifierAccuracyEstimator] optimization finished: best params {'quantifier__classifier__C': 0.01, 'quantifier__classifier__class_weight': None, 'quantifier__bandwidth': 0.01, 'confidence': None} (score=0.01019) [took 354.5284s]
31/01/24 15:13:29| INFO        bin_kde_lr_gs finished [took 797.3194s]
31/01/24 15:24:27| DEBUG       [MultiClassAccuracyEstimator] optimization finished: best params {'quantifier__classifier__C': 1000.0, 'quantifier__classifier__class_weight': 'balanced', 'quantifier__bandwidth': 0.04, 'confidence': None} (score=0.00941) [took 655.1275s]
31/01/24 15:31:56| INFO        mul_kde_lr_gs finished [took 1103.8014s]
31/01/24 15:41:39| DEBUG       [MultiClassAccuracyEstimator] optimization finished: best params {'quantifier__classifier__C': 0.1, 'quantifier__classifier__class_weight': None, 'quantifier__bandwidth': 0.01, 'confidence': ['isoft']} (score=0.00937) [took 580.0126s]
31/01/24 15:47:33| INFO        m3w_kde_lr_gs finished [took 934.6410s]
31/01/24 15:47:33| INFO     Dataset sample [0.8 0.2] of dataset imdb finished [took 2887.1051s]
31/01/24 15:47:33| INFO     Dataset sample [0.9 0.1] of dataset imdb started
31/01/24 15:47:54| INFO        ref finished [took 10.1167s]
31/01/24 15:49:28| WARNING     Method bin_kde_lr_gs failed. Exception: no combination of hyperparameters seem to work
31/01/24 15:58:53| DEBUG       [MultiClassAccuracyEstimator] optimization finished: best params {'quantifier__classifier__C': 0.1, 'quantifier__classifier__class_weight': 'balanced', 'quantifier__bandwidth': 0.08, 'confidence': ['max_conf', 'entropy', 'isoft']} (score=0.00798) [took 562.5378s]
31/01/24 16:08:59| INFO        mul_kde_lr_gs finished [took 1168.0555s]
31/01/24 16:19:20| DEBUG       [MultiClassAccuracyEstimator] optimization finished: best params {'quantifier__classifier__C': 0.01, 'quantifier__classifier__class_weight': 'balanced', 'quantifier__bandwidth': 0.03, 'confidence': ['max_conf', 'entropy', 'isoft']} (score=0.00774) [took 616.9541s]
31/01/24 16:27:18| INFO        m3w_kde_lr_gs finished [took 1094.6356s]
31/01/24 16:27:18| INFO     Dataset sample [0.9 0.1] of dataset imdb finished [took 2384.1383s]
