----------------------------------------------------------------------------------------------------
24/11/23 01:49:02| INFO     dataset imdb [pool size: 10]
24/11/23 01:49:12| INFO     Dataset sample 0.10 of dataset imdb started
24/11/23 01:51:02| INFO        ref finished [took 95.8185s]
24/11/23 01:51:07| INFO        doc finished [took 94.6507s]
24/11/23 01:51:33| INFO        atc_mc finished [took 123.6141s]
24/11/23 01:51:52| INFO        m3w_sld finished [took 154.6524s]
24/11/23 01:52:36| INFO        bin_sld finished [took 201.6171s]
24/11/23 01:52:51| INFO        mul_sld finished [took 214.4960s]
24/11/23 02:10:33| INFO        bin_kde finished [took 1273.9254s]
24/11/23 02:11:23| INFO        m3w_kde finished [took 1317.2422s]
24/11/23 02:12:47| INFO        mul_kde finished [took 1406.0905s]
24/11/23 02:12:47| INFO     Dataset sample 0.10 of dataset imdb finished [took 1415.2683s]
24/11/23 02:12:47| INFO     Dataset sample 0.20 of dataset imdb started
24/11/23 02:14:35| INFO        doc finished [took 88.4162s]
24/11/23 02:14:42| INFO        ref finished [took 99.0382s]
24/11/23 02:15:10| INFO        atc_mc finished [took 126.0012s]
24/11/23 02:15:23| INFO        m3w_sld finished [took 148.0376s]
24/11/23 02:16:23| INFO        bin_sld finished [took 213.0005s]
24/11/23 02:16:25| INFO        mul_sld finished [took 213.2128s]
24/11/23 02:31:44| INFO        bin_kde finished [took 1127.0399s]
24/11/23 02:35:12| INFO        m3w_kde finished [took 1330.7424s]
24/11/23 02:36:36| INFO        mul_kde finished [took 1416.3270s]
24/11/23 02:36:36| INFO     Dataset sample 0.20 of dataset imdb finished [took 1428.6979s]
24/11/23 02:36:36| INFO     Dataset sample 0.30 of dataset imdb started
24/11/23 02:38:39| INFO        doc finished [took 94.4758s]
24/11/23 02:38:43| INFO        ref finished [took 102.3183s]
24/11/23 02:39:00| INFO        atc_mc finished [took 119.5125s]
24/11/23 02:39:26| INFO        m3w_sld finished [took 152.9651s]
24/11/23 02:40:01| INFO        bin_sld finished [took 195.9724s]
24/11/23 02:40:10| INFO        mul_sld finished [took 201.1926s]
24/11/23 02:51:26| INFO        bin_kde finished [took 872.6533s]
24/11/23 02:56:07| INFO        m3w_kde finished [took 1145.6437s]
24/11/23 02:57:30| INFO        mul_kde finished [took 1232.3134s]
24/11/23 02:57:30| INFO     Dataset sample 0.30 of dataset imdb finished [took 1254.0487s]
24/11/23 02:57:30| INFO     Dataset sample 0.40 of dataset imdb started
24/11/23 02:59:31| INFO        ref finished [took 102.3345s]
24/11/23 02:59:31| INFO        doc finished [took 100.8752s]
24/11/23 02:59:55| INFO        atc_mc finished [took 127.8516s]
24/11/23 03:00:16| INFO        m3w_sld finished [took 158.9416s]
24/11/23 03:00:38| INFO        bin_sld finished [took 183.0170s]
24/11/23 03:00:58| INFO        mul_sld finished [took 199.3303s]
24/11/23 03:10:48| INFO        bin_kde finished [took 786.5051s]
24/11/23 03:17:02| INFO        m3w_kde finished [took 1154.1889s]
24/11/23 03:17:18| INFO        mul_kde finished [took 1174.8336s]
24/11/23 03:17:18| INFO     Dataset sample 0.40 of dataset imdb finished [took 1188.0831s]
24/11/23 03:17:18| INFO     Dataset sample 0.50 of dataset imdb started
24/11/23 03:19:22| INFO        doc finished [took 104.0174s]
24/11/23 03:19:25| INFO        ref finished [took 109.9343s]
24/11/23 03:19:55| INFO        atc_mc finished [took 137.6246s]
24/11/23 03:20:09| INFO        m3w_sld finished [took 161.4041s]
24/11/23 03:20:30| INFO        bin_sld finished [took 187.6953s]
24/11/23 03:20:51| INFO        mul_sld finished [took 205.8932s]
24/11/23 03:31:13| INFO        bin_kde finished [took 822.7188s]
24/11/23 03:37:33| INFO        m3w_kde finished [took 1199.4398s]
24/11/23 03:39:37| INFO        mul_kde finished [took 1325.5138s]
24/11/23 03:39:37| INFO     Dataset sample 0.50 of dataset imdb finished [took 1339.0632s]
24/11/23 03:39:37| INFO     Dataset sample 0.60 of dataset imdb started
24/11/23 03:41:37| INFO        ref finished [took 105.5166s]
24/11/23 03:41:39| INFO        doc finished [took 103.5398s]
24/11/23 03:42:13| INFO        atc_mc finished [took 138.4182s]
24/11/23 03:42:20| INFO        m3w_sld finished [took 155.5780s]
24/11/23 03:42:50| INFO        bin_sld finished [took 191.4834s]
24/11/23 03:43:00| INFO        mul_sld finished [took 195.6799s]
24/11/23 03:53:23| INFO        bin_kde finished [took 816.7991s]
24/11/23 03:59:19| INFO        mul_kde finished [took 1170.2576s]
24/11/23 03:59:26| INFO        m3w_kde finished [took 1175.6453s]
24/11/23 03:59:26| INFO     Dataset sample 0.60 of dataset imdb finished [took 1189.2757s]
24/11/23 03:59:26| INFO     Dataset sample 0.70 of dataset imdb started
24/11/23 04:01:31| INFO        doc finished [took 104.5187s]
24/11/23 04:01:32| INFO        ref finished [took 108.5486s]
24/11/23 04:02:07| INFO        atc_mc finished [took 140.1498s]
24/11/23 04:02:14| INFO        m3w_sld finished [took 156.9163s]
24/11/23 04:02:46| INFO        bin_sld finished [took 194.7657s]
24/11/23 04:02:52| INFO        mul_sld finished [took 196.1364s]
24/11/23 04:14:23| INFO        bin_kde finished [took 883.5575s]
24/11/23 04:19:04| INFO        m3w_kde finished [took 1159.7601s]
24/11/23 04:19:56| INFO        mul_kde finished [took 1216.3774s]
24/11/23 04:19:56| INFO     Dataset sample 0.70 of dataset imdb finished [took 1230.1808s]
24/11/23 04:19:56| INFO     Dataset sample 0.80 of dataset imdb started
24/11/23 04:21:54| INFO        doc finished [took 96.4219s]
24/11/23 04:22:00| INFO        ref finished [took 105.1868s]
24/11/23 04:22:28| INFO        atc_mc finished [took 130.7992s]
24/11/23 04:22:39| INFO        m3w_sld finished [took 153.5143s]
24/11/23 04:23:16| INFO        mul_sld finished [took 193.1064s]
24/11/23 04:23:40| INFO        bin_sld finished [took 217.7579s]
24/11/23 04:38:39| INFO        bin_kde finished [took 1108.9488s]
24/11/23 04:42:07| INFO        m3w_kde finished [took 1312.4233s]
24/11/23 04:43:39| INFO        mul_kde finished [took 1407.4574s]
24/11/23 04:43:39| INFO     Dataset sample 0.80 of dataset imdb finished [took 1422.8010s]
24/11/23 04:43:39| INFO     Dataset sample 0.90 of dataset imdb started
24/11/23 04:43:49| WARNING     Method bin_kde failed. Exception: This solver needs samples of at least 2 classes in the data, but the data contains only one class: 0
24/11/23 04:45:10| INFO        doc finished [took 76.3140s]
24/11/23 04:45:12| INFO        ref finished [took 80.8397s]
24/11/23 04:45:42| INFO        atc_mc finished [took 108.5626s]
24/11/23 04:46:06| INFO        m3w_sld finished [took 138.9982s]
24/11/23 04:46:18| INFO        bin_sld finished [took 157.3218s]
24/11/23 04:46:40| INFO        mul_sld finished [took 175.6442s]
24/11/23 05:05:28| INFO        m3w_kde finished [took 1296.6349s]
24/11/23 05:06:39| INFO        mul_kde finished [took 1371.2852s]
24/11/23 05:06:39| INFO     Dataset sample 0.90 of dataset imdb finished [took 1380.3491s]
