----------------------------------------------------------------------------------------------------
15/01/24 20:09:29| INFO     dataset imdb [pool size: 10]
15/01/24 20:09:29| INFO     Dataset sample [0.1 0.9] of dataset imdb started
15/01/24 20:13:25| INFO        d_bin_sld_rbf_c finished [took 231.3796s]
15/01/24 20:13:29| INFO        d_bin_sld_rbf finished [took 236.0029s]
15/01/24 20:13:37| INFO        d_bin_sld_rbf_ne finished [took 244.4186s]
15/01/24 20:14:02| INFO        d_m3w_sld_rbf_c finished [took 269.2107s]
15/01/24 20:14:09| INFO        d_m3w_sld_rbf finished [took 276.1863s]
15/01/24 20:14:16| INFO        d_m3w_sld_rbf_mc finished [took 284.4529s]
15/01/24 20:14:20| INFO        d_bin_sld_rbf_mc finished [took 286.5538s]
15/01/24 20:14:21| INFO        d_mul_sld_rbf_mc finished [took 287.5719s]
15/01/24 20:14:24| INFO        d_mul_sld_rbf finished [took 290.3827s]
15/01/24 20:14:38| INFO        d_mul_sld_rbf_ne finished [took 304.5868s]
15/01/24 20:14:45| INFO        d_mul_sld_rbf_c finished [took 311.7274s]
15/01/24 20:14:47| INFO        ref finished [took 25.4663s]
15/01/24 20:14:59| INFO        atc_mc finished [took 35.2420s]
15/01/24 20:15:08| INFO        doc finished [took 29.6500s]
15/01/24 20:16:22| INFO        d_bin_sld_rbf_is finished [took 172.6201s]
15/01/24 20:16:51| INFO        d_m3w_sld_rbf_ne finished [took 205.6547s]
15/01/24 20:17:06| INFO        d_m3w_sld_rbf_is finished [took 182.9942s]
15/01/24 20:17:18| INFO        d_bin_sld_rbf_a finished [took 187.8335s]
15/01/24 20:17:22| INFO        d_mul_sld_rbf_is finished [took 224.6946s]
15/01/24 20:18:02| INFO        d_m3w_sld_rbf_a finished [took 221.7800s]
15/01/24 20:18:06| INFO        d_mul_sld_rbf_a finished [took 228.8881s]
15/01/24 20:20:49| DEBUG       [size=11,place=1] best score = 0.01061031; best param = {'quantifier__classifier__C': 0.1, 'quantifier__classifier__class_weight': 'balanced', 'quantifier__classifier__gamma': 291.81048223630995, 'quantifier__recalib': None, 'confidence': ['isoft']} [took 161.867s]
15/01/24 20:20:49| DEBUG       [size=11,place=2] best score = 0.01425990; best param = {'quantifier__classifier__C': 0.1, 'quantifier__classifier__class_weight': 'balanced', 'quantifier__classifier__gamma': 0.29181048223630995, 'quantifier__recalib': None, 'confidence': ['max_conf', 'entropy', 'isoft']} [took 161.868s]
15/01/24 20:30:18| DEBUG       [size=28,place=1] best score = 0.01057331; best param = {'quantifier__classifier__C': 0.1, 'quantifier__classifier__class_weight': 'balanced', 'quantifier__classifier__gamma': 291.81048223630995, 'quantifier__recalib': None, 'confidence': ['max_conf', 'entropy', 'isoft']} [took 569.743s]
15/01/24 20:30:18| DEBUG       [size=28,place=2] best score = 0.01058780; best param = {'quantifier__classifier__C': 1.0, 'quantifier__classifier__class_weight': 'balanced', 'quantifier__classifier__gamma': 291.81048223630995, 'quantifier__recalib': None, 'confidence': ['isoft']} [took 569.744s]
15/01/24 20:40:26| DEBUG       [size=16,place=1] best score = 0.01083626; best param = {'quantifier__classifier__C': 1.0, 'quantifier__classifier__class_weight': 'balanced', 'quantifier__classifier__gamma': 291.81048223630995, 'quantifier__recalib': None, 'confidence': ['max_conf', 'entropy', 'isoft']} [took 607.785s]
15/01/24 20:40:26| DEBUG       [size=16,place=2] best score = 0.01138828; best param = {'quantifier__classifier__C': 10.0, 'quantifier__classifier__class_weight': 'balanced', 'quantifier__classifier__gamma': 291.81048223630995, 'quantifier__recalib': None, 'confidence': ['max_conf', 'entropy', 'isoft']} [took 607.786s]
15/01/24 20:40:26| DEBUG       [BinaryQuantifierAccuracyEstimator] optimization finished: best params {'quantifier__classifier__C': 0.1, 'quantifier__classifier__class_weight': 'balanced', 'quantifier__classifier__gamma': 291.81048223630995, 'quantifier__recalib': None, 'confidence': ['max_conf', 'entropy', 'isoft']} (score=0.01057) [took 1339.5093s]
15/01/24 20:44:10| INFO        d_bin_sld_rbf_gs finished [took 1562.9548s]
15/01/24 20:46:53| DEBUG       [size=11,place=1] best score = 0.04488865; best param = {'quantifier__classifier__C': 100.0, 'quantifier__classifier__class_weight': 'balanced', 'quantifier__classifier__gamma': 0.029181048223630993, 'quantifier__recalib': None, 'confidence': None} [took 162.575s]
15/01/24 20:46:53| DEBUG       [size=11,place=2] best score = 0.05576869; best param = {'quantifier__classifier__C': 100.0, 'quantifier__classifier__class_weight': None, 'quantifier__classifier__gamma': 0.29181048223630995, 'quantifier__recalib': None, 'confidence': None} [took 162.576s]
15/01/24 20:48:06| DEBUG       [size=28,place=1] best score = 0.02455147; best param = {'quantifier__classifier__C': 100.0, 'quantifier__classifier__class_weight': 'balanced', 'quantifier__classifier__gamma': 2.9181048223630994, 'quantifier__recalib': None, 'confidence': None} [took 72.912s]
15/01/24 20:48:06| DEBUG       [size=28,place=2] best score = 0.02601943; best param = {'quantifier__classifier__C': 0.01, 'quantifier__classifier__class_weight': None, 'quantifier__classifier__gamma': 0.29181048223630995, 'quantifier__recalib': None, 'confidence': None} [took 72.912s]
15/01/24 20:49:02| DEBUG       [size=19,place=1] best score = 0.02972597; best param = {'quantifier__classifier__C': 0.01, 'quantifier__classifier__class_weight': None, 'quantifier__classifier__gamma': 0.29181048223630995, 'quantifier__recalib': None, 'confidence': ['max_conf', 'entropy']} [took 56.389s]
15/01/24 20:49:02| DEBUG       [size=19,place=2] best score = 0.04139759; best param = {'quantifier__classifier__C': 1.0, 'quantifier__classifier__class_weight': 'balanced', 'quantifier__classifier__gamma': 2.9181048223630994, 'quantifier__recalib': None, 'confidence': None} [took 56.390s]
15/01/24 20:49:02| DEBUG       [MultiClassAccuracyEstimator] optimization finished: best params {'quantifier__classifier__C': 100.0, 'quantifier__classifier__class_weight': 'balanced', 'quantifier__classifier__gamma': 2.9181048223630994, 'quantifier__recalib': None, 'confidence': None} (score=0.02455) [took 291.9850s]
15/01/24 20:52:22| INFO        d_mul_sld_rbf_gs finished [took 491.8754s]
15/01/24 20:55:42| DEBUG       [size=11,place=1] best score = 0.00938343; best param = {'quantifier__classifier__C': 1000.0, 'quantifier__classifier__class_weight': 'balanced', 'quantifier__classifier__gamma': 2.9181048223630994, 'quantifier__recalib': None, 'confidence': ['max_conf', 'entropy']} [took 198.846s]
15/01/24 20:55:42| DEBUG       [size=11,place=2] best score = 0.00951703; best param = {'quantifier__classifier__C': 0.1, 'quantifier__classifier__class_weight': 'balanced', 'quantifier__classifier__gamma': 0.29181048223630995, 'quantifier__recalib': None, 'confidence': ['max_conf', 'entropy', 'isoft']} [took 198.847s]
15/01/24 21:01:12| DEBUG       [size=29,place=1] best score = 0.00940930; best param = {'quantifier__classifier__C': 0.1, 'quantifier__classifier__class_weight': 'balanced', 'quantifier__classifier__gamma': 0.29181048223630995, 'quantifier__recalib': None, 'confidence': ['isoft']} [took 330.485s]
15/01/24 21:01:12| DEBUG       [size=29,place=2] best score = 0.00954015; best param = {'quantifier__classifier__C': 1.0, 'quantifier__classifier__class_weight': 'balanced', 'quantifier__classifier__gamma': 0.29181048223630995, 'quantifier__recalib': None, 'confidence': ['max_conf', 'entropy', 'isoft']} [took 330.485s]
15/01/24 21:01:12| DEBUG       [MultiClassAccuracyEstimator] optimization finished: best params {'quantifier__classifier__C': 1000.0, 'quantifier__classifier__class_weight': 'balanced', 'quantifier__classifier__gamma': 2.9181048223630994, 'quantifier__recalib': None, 'confidence': ['max_conf', 'entropy']} (score=0.00938) [took 529.4378s]
15/01/24 21:04:12| INFO        d_m3w_sld_rbf_gs finished [took 708.8891s]
15/01/24 21:04:12| INFO     Dataset sample [0.1 0.9] of dataset imdb finished [took 3282.7991s]
15/01/24 21:04:12| INFO     Dataset sample [0.2 0.8] of dataset imdb started
15/01/24 21:07:45| INFO        d_bin_sld_rbf_mc finished [took 210.1918s]
15/01/24 21:09:54| INFO        d_bin_sld_rbf_ne finished [took 337.6636s]
15/01/24 21:10:41| INFO        d_bin_sld_rbf_c finished [took 385.0782s]
15/01/24 21:11:08| INFO        d_m3w_sld_rbf_c finished [took 411.6073s]
15/01/24 21:11:11| INFO        d_m3w_sld_rbf_mc finished [took 413.9939s]
15/01/24 21:11:15| INFO        d_m3w_sld_rbf finished [took 418.6203s]
15/01/24 21:11:42| INFO        d_bin_sld_rbf finished [took 448.8263s]
15/01/24 21:11:49| INFO        d_mul_sld_rbf_c finished [took 452.5389s]
15/01/24 21:12:01| INFO        d_mul_sld_rbf finished [took 464.8266s]
15/01/24 21:12:09| INFO        d_mul_sld_rbf_ne finished [took 472.2265s]
15/01/24 21:12:14| INFO        d_mul_sld_rbf_mc finished [took 477.9129s]
15/01/24 21:12:15| INFO        ref finished [took 25.6493s]
15/01/24 21:12:36| INFO        atc_mc finished [took 34.2209s]
15/01/24 21:12:51| INFO        doc finished [took 41.1077s]
15/01/24 21:12:57| INFO        d_m3w_sld_rbf_ne finished [took 311.7470s]
15/01/24 21:14:22| INFO        d_bin_sld_rbf_is finished [took 266.7121s]
15/01/24 21:15:28| INFO        d_m3w_sld_rbf_is finished [took 259.0616s]
15/01/24 21:15:34| INFO        d_mul_sld_rbf_is finished [took 292.0247s]
15/01/24 21:16:00| INFO        d_bin_sld_rbf_a finished [took 288.6877s]
15/01/24 21:16:15| INFO        d_m3w_sld_rbf_a finished [took 272.5662s]
15/01/24 21:16:56| INFO        d_mul_sld_rbf_a finished [took 340.8771s]
15/01/24 21:20:38| DEBUG       [size=11,place=1] best score = 0.00810192; best param = {'quantifier__classifier__C': 0.1, 'quantifier__classifier__class_weight': 'balanced', 'quantifier__classifier__gamma': 0.4091604266816881, 'quantifier__recalib': None, 'confidence': ['max_conf', 'entropy', 'isoft']} [took 219.925s]
15/01/24 21:20:38| DEBUG       [size=11,place=2] best score = 0.01023330; best param = {'quantifier__classifier__C': 0.1, 'quantifier__classifier__class_weight': 'balanced', 'quantifier__classifier__gamma': 409.1604266816881, 'quantifier__recalib': None, 'confidence': ['isoft']} [took 219.925s]
15/01/24 21:30:37| DEBUG       [size=28,place=1] best score = 0.00751022; best param = {'quantifier__classifier__C': 0.1, 'quantifier__classifier__class_weight': 'balanced', 'quantifier__classifier__gamma': 0.04091604266816881, 'quantifier__recalib': None, 'confidence': ['max_conf', 'entropy', 'isoft']} [took 598.795s]
15/01/24 21:30:37| DEBUG       [size=28,place=2] best score = 0.00759012; best param = {'quantifier__classifier__C': 0.1, 'quantifier__classifier__class_weight': 'balanced', 'quantifier__classifier__gamma': 0.04091604266816881, 'quantifier__recalib': None, 'confidence': ['isoft']} [took 598.795s]
15/01/24 21:31:29| DEBUG       [size=18,place=1] best score = 0.00780784; best param = {'quantifier__classifier__C': 1.0, 'quantifier__classifier__class_weight': 'balanced', 'quantifier__classifier__gamma': 0.04091604266816881, 'quantifier__recalib': None, 'confidence': ['isoft']} [took 51.991s]
15/01/24 21:31:29| DEBUG       [size=18,place=2] best score = 0.00786499; best param = {'quantifier__classifier__C': 1.0, 'quantifier__classifier__class_weight': 'balanced', 'quantifier__classifier__gamma': 0.04091604266816881, 'quantifier__recalib': None, 'confidence': ['max_conf', 'entropy', 'isoft']} [took 51.991s]
15/01/24 21:31:29| DEBUG       [BinaryQuantifierAccuracyEstimator] optimization finished: best params {'quantifier__classifier__C': 0.1, 'quantifier__classifier__class_weight': 'balanced', 'quantifier__classifier__gamma': 0.04091604266816881, 'quantifier__recalib': None, 'confidence': ['max_conf', 'entropy', 'isoft']} (score=0.00751) [took 870.8211s]
15/01/24 21:35:45| INFO        d_bin_sld_rbf_gs finished [took 1126.8081s]
15/01/24 21:39:45| DEBUG       [size=11,place=1] best score = 0.04041187; best param = {'quantifier__classifier__C': 100.0, 'quantifier__classifier__class_weight': None, 'quantifier__classifier__gamma': 0.4091604266816881, 'quantifier__recalib': None, 'confidence': None} [took 239.193s]
15/01/24 21:39:45| DEBUG       [size=11,place=2] best score = 0.04105509; best param = {'quantifier__classifier__C': 0.1, 'quantifier__classifier__class_weight': 'balanced', 'quantifier__classifier__gamma': 0.4091604266816881, 'quantifier__recalib': None, 'confidence': ['max_conf', 'entropy', 'isoft']} [took 239.193s]
15/01/24 21:41:15| DEBUG       [size=30,place=1] best score = 0.00738092; best param = {'quantifier__classifier__C': 0.1, 'quantifier__classifier__class_weight': 'balanced', 'quantifier__classifier__gamma': 0.4091604266816881, 'quantifier__recalib': None, 'confidence': ['max_conf', 'entropy']} [took 90.059s]
15/01/24 21:41:15| DEBUG       [size=30,place=2] best score = 0.00789787; best param = {'quantifier__classifier__C': 0.1, 'quantifier__classifier__class_weight': 'balanced', 'quantifier__classifier__gamma': 0.04091604266816881, 'quantifier__recalib': None, 'confidence': ['max_conf', 'entropy', 'isoft']} [took 90.060s]
15/01/24 21:42:44| DEBUG       [size=22,place=1] best score = 0.00776952; best param = {'quantifier__classifier__C': 0.1, 'quantifier__classifier__class_weight': 'balanced', 'quantifier__classifier__gamma': 0.4091604266816881, 'quantifier__recalib': 'bcts', 'confidence': ['max_conf', 'entropy']} [took 89.073s]
15/01/24 21:42:44| DEBUG       [size=22,place=2] best score = 0.00873368; best param = {'quantifier__classifier__C': 1.0, 'quantifier__classifier__class_weight': 'balanced', 'quantifier__classifier__gamma': 0.04091604266816881, 'quantifier__recalib': None, 'confidence': ['max_conf', 'entropy', 'isoft']} [took 89.074s]
15/01/24 21:42:44| DEBUG       [MultiClassAccuracyEstimator] optimization finished: best params {'quantifier__classifier__C': 0.1, 'quantifier__classifier__class_weight': 'balanced', 'quantifier__classifier__gamma': 0.4091604266816881, 'quantifier__recalib': None, 'confidence': ['max_conf', 'entropy']} (score=0.00738) [took 418.4351s]
15/01/24 21:47:58| INFO        d_mul_sld_rbf_gs finished [took 732.4728s]
15/01/24 21:53:36| DEBUG       [size=11,place=1] best score = 0.01306382; best param = {'quantifier__classifier__C': 0.1, 'quantifier__classifier__class_weight': 'balanced', 'quantifier__classifier__gamma': 409.1604266816881, 'quantifier__recalib': None, 'confidence': ['isoft']} [took 337.191s]
15/01/24 21:53:36| DEBUG       [size=11,place=2] best score = 0.01356594; best param = {'quantifier__classifier__C': 0.1, 'quantifier__classifier__class_weight': 'balanced', 'quantifier__classifier__gamma': 0.4091604266816881, 'quantifier__recalib': None, 'confidence': ['max_conf', 'entropy', 'isoft']} [took 337.191s]
15/01/24 22:03:18| DEBUG       [size=28,place=1] best score = 0.00972432; best param = {'quantifier__classifier__C': 0.1, 'quantifier__classifier__class_weight': 'balanced', 'quantifier__classifier__gamma': 0.04091604266816881, 'quantifier__recalib': None, 'confidence': ['isoft']} [took 581.186s]
15/01/24 22:03:18| DEBUG       [size=28,place=2] best score = 0.00991719; best param = {'quantifier__classifier__C': 0.1, 'quantifier__classifier__class_weight': 'balanced', 'quantifier__classifier__gamma': 0.4091604266816881, 'quantifier__recalib': 'bcts', 'confidence': ['max_conf', 'entropy', 'isoft']} [took 581.187s]
15/01/24 22:05:15| DEBUG       [size=24,place=1] best score = 0.00811156; best param = {'quantifier__classifier__C': 0.1, 'quantifier__classifier__class_weight': 'balanced', 'quantifier__classifier__gamma': 0.04091604266816881, 'quantifier__recalib': 'bcts', 'confidence': ['max_conf', 'entropy', 'isoft']} [took 117.217s]
15/01/24 22:05:15| DEBUG       [size=24,place=2] best score = 0.00824270; best param = {'quantifier__classifier__C': 10.0, 'quantifier__classifier__class_weight': 'balanced', 'quantifier__classifier__gamma': 0.4091604266816881, 'quantifier__recalib': 'bcts', 'confidence': ['max_conf', 'entropy', 'isoft']} [took 117.218s]
15/01/24 22:06:47| DEBUG       [size=16,place=1] best score = 0.00818411; best param = {'quantifier__classifier__C': 1000.0, 'quantifier__classifier__class_weight': 'balanced', 'quantifier__classifier__gamma': 0.04091604266816881, 'quantifier__recalib': 'bcts', 'confidence': ['max_conf', 'entropy', 'isoft']} [took 92.137s]
15/01/24 22:06:47| DEBUG       [size=16,place=2] best score = 0.00842756; best param = {'quantifier__classifier__C': 10.0, 'quantifier__classifier__class_weight': 'balanced', 'quantifier__classifier__gamma': 0.4091604266816881, 'quantifier__recalib': 'bcts', 'confidence': ['isoft']} [took 92.137s]
15/01/24 22:06:47| DEBUG       [MultiClassAccuracyEstimator] optimization finished: best params {'quantifier__classifier__C': 0.1, 'quantifier__classifier__class_weight': 'balanced', 'quantifier__classifier__gamma': 0.04091604266816881, 'quantifier__recalib': 'bcts', 'confidence': ['max_conf', 'entropy', 'isoft']} (score=0.00811) [took 1127.8442s]
15/01/24 22:12:40| INFO        d_m3w_sld_rbf_gs finished [took 1480.4983s]
15/01/24 22:12:40| INFO     Dataset sample [0.2 0.8] of dataset imdb finished [took 4107.8351s]
15/01/24 22:12:40| INFO     Dataset sample [0.3 0.7] of dataset imdb started
15/01/24 22:17:53| INFO        d_bin_sld_rbf_ne finished [took 308.1615s]
15/01/24 22:17:53| INFO        d_bin_sld_rbf finished [took 308.5150s]
15/01/24 22:18:12| INFO        d_bin_sld_rbf_c finished [took 327.3847s]
15/01/24 22:18:30| INFO        d_bin_sld_rbf_mc finished [took 344.9881s]
15/01/24 22:19:39| INFO        d_m3w_sld_rbf_c finished [took 416.8868s]
15/01/24 22:20:25| INFO        d_mul_sld_rbf finished [took 460.5717s]
15/01/24 22:20:41| INFO        d_m3w_sld_rbf finished [took 477.0460s]
15/01/24 22:20:50| INFO        d_m3w_sld_rbf_mc finished [took 485.6153s]
15/01/24 22:21:12| INFO        d_mul_sld_rbf_ne finished [took 507.6574s]
15/01/24 22:21:15| INFO        ref finished [took 24.2248s]
15/01/24 22:21:23| INFO        d_mul_sld_rbf_mc finished [took 518.7192s]
15/01/24 22:21:29| INFO        d_mul_sld_rbf_c finished [took 524.9035s]
15/01/24 22:21:42| INFO        atc_mc finished [took 29.0101s]
15/01/24 22:21:57| INFO        doc finished [took 40.7184s]
15/01/24 22:23:58| INFO        d_m3w_sld_rbf_is finished [took 327.4871s]
15/01/24 22:24:01| INFO        d_bin_sld_rbf_is finished [took 366.8100s]
15/01/24 22:24:07| INFO        d_bin_sld_rbf_a finished [took 266.8928s]
15/01/24 22:25:05| INFO        d_m3w_sld_rbf_ne finished [took 431.6678s]
15/01/24 22:25:06| INFO        d_mul_sld_rbf_is finished [took 413.4720s]
15/01/24 22:25:45| INFO        d_m3w_sld_rbf_a finished [took 302.2094s]
15/01/24 22:26:08| INFO        d_mul_sld_rbf_a finished [took 341.6172s]
15/01/24 22:31:21| DEBUG       [size=11,place=1] best score = 0.02218664; best param = {'quantifier__classifier__C': 1000.0, 'quantifier__classifier__class_weight': None, 'quantifier__classifier__gamma': 55.15073828663581, 'quantifier__recalib': None, 'confidence': ['max_conf', 'entropy', 'isoft']} [took 311.896s]
15/01/24 22:31:21| DEBUG       [size=11,place=2] best score = 0.02245042; best param = {'quantifier__classifier__C': 1000.0, 'quantifier__classifier__class_weight': None, 'quantifier__classifier__gamma': 5.5150738286635805, 'quantifier__recalib': None, 'confidence': ['max_conf', 'entropy']} [took 311.897s]
15/01/24 22:54:29| DEBUG       [size=25,place=1] best score = 0.02074756; best param = {'quantifier__classifier__C': 1000.0, 'quantifier__classifier__class_weight': None, 'quantifier__classifier__gamma': 5.5150738286635805, 'quantifier__recalib': None, 'confidence': ['max_conf', 'entropy', 'isoft']} [took 1387.678s]
15/01/24 22:54:29| DEBUG       [size=25,place=2] best score = 0.02086561; best param = {'quantifier__classifier__C': 1000.0, 'quantifier__classifier__class_weight': None, 'quantifier__classifier__gamma': 55.15073828663581, 'quantifier__recalib': 'bcts', 'confidence': ['max_conf', 'entropy', 'isoft']} [took 1387.679s]
15/01/24 23:23:46| DEBUG       [size=21,place=1] best score = 0.02102792; best param = {'quantifier__classifier__C': 100.0, 'quantifier__classifier__class_weight': None, 'quantifier__classifier__gamma': 55.15073828663581, 'quantifier__recalib': 'bcts', 'confidence': ['max_conf', 'entropy', 'isoft']} [took 1757.386s]
15/01/24 23:23:46| DEBUG       [size=21,place=2] best score = 0.02128869; best param = {'quantifier__classifier__C': 1000.0, 'quantifier__classifier__class_weight': None, 'quantifier__classifier__gamma': 55.15073828663581, 'quantifier__recalib': 'bcts', 'confidence': ['isoft']} [took 1757.387s]
15/01/24 23:23:46| DEBUG       [BinaryQuantifierAccuracyEstimator] optimization finished: best params {'quantifier__classifier__C': 1000.0, 'quantifier__classifier__class_weight': None, 'quantifier__classifier__gamma': 5.5150738286635805, 'quantifier__recalib': None, 'confidence': ['max_conf', 'entropy', 'isoft']} (score=0.02075) [took 3457.0739s]
15/01/24 23:25:49| INFO        d_bin_sld_rbf_gs finished [took 3579.4816s]
15/01/24 23:31:04| DEBUG       [size=11,place=1] best score = 0.02246721; best param = {'quantifier__classifier__C': 1000.0, 'quantifier__classifier__class_weight': None, 'quantifier__classifier__gamma': 55.15073828663581, 'quantifier__recalib': None, 'confidence': None} [took 313.960s]
15/01/24 23:31:04| DEBUG       [size=11,place=2] best score = 0.02373321; best param = {'quantifier__classifier__C': 0.1, 'quantifier__classifier__class_weight': 'balanced', 'quantifier__classifier__gamma': 551.5073828663581, 'quantifier__recalib': None, 'confidence': ['isoft']} [took 313.960s]
15/01/24 23:38:52| DEBUG       [size=29,place=1] best score = 0.01696765; best param = {'quantifier__classifier__C': 1000.0, 'quantifier__classifier__class_weight': None, 'quantifier__classifier__gamma': 55.15073828663581, 'quantifier__recalib': None, 'confidence': ['max_conf', 'entropy']} [took 468.473s]
15/01/24 23:38:52| DEBUG       [size=29,place=2] best score = 0.01976945; best param = {'quantifier__classifier__C': 0.1, 'quantifier__classifier__class_weight': 'balanced', 'quantifier__classifier__gamma': 551.5073828663581, 'quantifier__recalib': 'bcts', 'confidence': ['isoft']} [took 468.474s]
15/01/24 23:57:47| DEBUG       [size=25,place=1] best score = 0.01922043; best param = {'quantifier__classifier__C': 10.0, 'quantifier__classifier__class_weight': None, 'quantifier__classifier__gamma': 55.15073828663581, 'quantifier__recalib': None, 'confidence': ['max_conf', 'entropy']} [took 1134.277s]
15/01/24 23:57:47| DEBUG       [size=25,place=2] best score = 0.02007543; best param = {'quantifier__classifier__C': 0.1, 'quantifier__classifier__class_weight': 'balanced', 'quantifier__classifier__gamma': 551.5073828663581, 'quantifier__recalib': 'bcts', 'confidence': ['max_conf', 'entropy', 'isoft']} [took 1134.277s]
15/01/24 23:57:47| DEBUG       [MultiClassAccuracyEstimator] optimization finished: best params {'quantifier__classifier__C': 1000.0, 'quantifier__classifier__class_weight': None, 'quantifier__classifier__gamma': 55.15073828663581, 'quantifier__recalib': None, 'confidence': ['max_conf', 'entropy']} (score=0.01697) [took 1916.8213s]
16/01/24 00:00:51| INFO        d_mul_sld_rbf_gs finished [took 2101.2488s]
16/01/24 00:08:02| DEBUG       [size=11,place=1] best score = 0.01984012; best param = {'quantifier__classifier__C': 1000.0, 'quantifier__classifier__class_weight': None, 'quantifier__classifier__gamma': 55.15073828663581, 'quantifier__recalib': None, 'confidence': ['max_conf', 'entropy', 'isoft']} [took 429.661s]
16/01/24 00:08:02| DEBUG       [size=11,place=2] best score = 0.02512589; best param = {'quantifier__classifier__C': 10.0, 'quantifier__classifier__class_weight': None, 'quantifier__classifier__gamma': 551.5073828663581, 'quantifier__recalib': None, 'confidence': ['max_conf', 'entropy', 'isoft']} [took 429.662s]
16/01/24 00:38:31| DEBUG       [size=27,place=1] best score = 0.01943661; best param = {'quantifier__classifier__C': 10.0, 'quantifier__classifier__class_weight': None, 'quantifier__classifier__gamma': 551.5073828663581, 'quantifier__recalib': None, 'confidence': ['max_conf', 'entropy']} [took 1828.478s]
16/01/24 00:38:31| DEBUG       [size=27,place=2] best score = 0.02018945; best param = {'quantifier__classifier__C': 1000.0, 'quantifier__classifier__class_weight': None, 'quantifier__classifier__gamma': 55.15073828663581, 'quantifier__recalib': None, 'confidence': ['isoft']} [took 1828.479s]
16/01/24 01:04:20| DEBUG       [size=23,place=1] best score = 0.01826359; best param = {'quantifier__classifier__C': 100.0, 'quantifier__classifier__class_weight': None, 'quantifier__classifier__gamma': 551.5073828663581, 'quantifier__recalib': None, 'confidence': ['max_conf', 'entropy']} [took 1549.028s]
16/01/24 01:04:20| DEBUG       [size=23,place=2] best score = 0.01995016; best param = {'quantifier__classifier__C': 10.0, 'quantifier__classifier__class_weight': None, 'quantifier__classifier__gamma': 551.5073828663581, 'quantifier__recalib': 'bcts', 'confidence': ['max_conf', 'entropy']} [took 1549.029s]
16/01/24 01:49:08| DEBUG       [size=20,place=1] best score = 0.01590004; best param = {'quantifier__classifier__C': 0.001, 'quantifier__classifier__class_weight': None, 'quantifier__classifier__gamma': 551.5073828663581, 'quantifier__recalib': 'bcts', 'confidence': ['max_conf', 'entropy']} [took 2688.598s]
16/01/24 01:49:08| DEBUG       [size=20,place=2] best score = 0.01593517; best param = {'quantifier__classifier__C': 0.01, 'quantifier__classifier__class_weight': None, 'quantifier__classifier__gamma': 551.5073828663581, 'quantifier__recalib': 'bcts', 'confidence': ['max_conf', 'entropy']} [took 2688.598s]
16/01/24 01:50:52| DEBUG       [size=16,place=1] best score = 0.01573004; best param = {'quantifier__classifier__C': 0.01, 'quantifier__classifier__class_weight': None, 'quantifier__classifier__gamma': 551.5073828663581, 'quantifier__recalib': 'bcts', 'confidence': ['max_conf', 'entropy', 'isoft']} [took 103.364s]
16/01/24 01:50:52| DEBUG       [size=16,place=2] best score = 0.01573720; best param = {'quantifier__classifier__C': 0.001, 'quantifier__classifier__class_weight': None, 'quantifier__classifier__gamma': 551.5073828663581, 'quantifier__recalib': 'bcts', 'confidence': None} [took 103.364s]
16/01/24 02:23:23| DEBUG       [size=19,place=1] best score = 0.01820929; best param = {'quantifier__classifier__C': 1000.0, 'quantifier__classifier__class_weight': None, 'quantifier__classifier__gamma': 551.5073828663581, 'quantifier__recalib': 'bcts', 'confidence': ['max_conf', 'entropy', 'isoft']} [took 1951.246s]
16/01/24 02:23:23| DEBUG       [size=19,place=2] best score = 0.01824085; best param = {'quantifier__classifier__C': 0.1, 'quantifier__classifier__class_weight': None, 'quantifier__classifier__gamma': 551.5073828663581, 'quantifier__recalib': 'bcts', 'confidence': None} [took 1951.247s]
16/01/24 02:23:23| DEBUG       [MultiClassAccuracyEstimator] optimization finished: best params {'quantifier__classifier__C': 0.01, 'quantifier__classifier__class_weight': None, 'quantifier__classifier__gamma': 551.5073828663581, 'quantifier__recalib': 'bcts', 'confidence': ['max_conf', 'entropy', 'isoft']} (score=0.01573) [took 8550.5015s]
16/01/24 02:30:12| INFO        d_m3w_sld_rbf_gs finished [took 8959.5257s]
16/01/24 02:30:12| INFO     Dataset sample [0.3 0.7] of dataset imdb finished [took 15452.1603s]
16/01/24 02:30:12| INFO     Dataset sample [0.4 0.6] of dataset imdb started
16/01/24 02:35:11| INFO        d_bin_sld_rbf finished [took 295.1938s]
16/01/24 02:35:26| INFO        d_bin_sld_rbf_ne finished [took 309.6718s]
16/01/24 02:35:34| INFO        d_bin_sld_rbf_c finished [took 319.7371s]
16/01/24 02:35:41| INFO        d_bin_sld_rbf_mc finished [took 324.6622s]
16/01/24 02:36:32| INFO        d_m3w_sld_rbf finished [took 376.0469s]
16/01/24 02:38:07| INFO        d_m3w_sld_rbf_mc finished [took 470.4913s]
16/01/24 02:38:23| INFO        d_mul_sld_rbf finished [took 486.5659s]
16/01/24 02:38:29| INFO        d_mul_sld_rbf_ne finished [took 492.0906s]
16/01/24 02:38:50| INFO        d_mul_sld_rbf_c finished [took 514.0856s]
16/01/24 02:38:53| INFO        ref finished [took 23.7774s]
16/01/24 02:39:04| INFO        d_mul_sld_rbf_mc finished [took 527.3124s]
16/01/24 02:39:10| INFO        d_m3w_sld_rbf_c finished [took 533.7390s]
16/01/24 02:39:21| INFO        atc_mc finished [took 30.1657s]
16/01/24 02:39:22| INFO        doc finished [took 28.9489s]
16/01/24 02:40:38| INFO        d_bin_sld_rbf_is finished [took 311.6414s]
16/01/24 02:41:45| INFO        d_m3w_sld_rbf_ne finished [took 392.8900s]
16/01/24 02:42:37| INFO        d_mul_sld_rbf_is finished [took 422.2123s]
16/01/24 02:42:53| INFO        d_m3w_sld_rbf_is finished [took 431.0260s]
16/01/24 02:43:00| INFO        d_bin_sld_rbf_a finished [took 386.7586s]
16/01/24 02:43:25| INFO        d_mul_sld_rbf_a finished [took 317.2251s]
16/01/24 02:44:05| INFO        d_m3w_sld_rbf_a finished [took 341.7210s]
16/01/24 02:46:36| DEBUG       [size=11,place=1] best score = 0.01353168; best param = {'quantifier__classifier__C': 0.1, 'quantifier__classifier__class_weight': 'balanced', 'quantifier__classifier__gamma': 0.673607030301003, 'quantifier__recalib': None, 'confidence': ['max_conf', 'entropy', 'isoft']} [took 149.608s]
16/01/24 02:46:36| DEBUG       [size=11,place=2] best score = 0.01408674; best param = {'quantifier__classifier__C': 1000.0, 'quantifier__classifier__class_weight': 'balanced', 'quantifier__classifier__gamma': 6.736070303010029, 'quantifier__recalib': None, 'confidence': ['max_conf', 'entropy']} [took 149.608s]
16/01/24 02:50:12| DEBUG       [size=29,place=1] best score = 0.01260201; best param = {'quantifier__classifier__C': 0.1, 'quantifier__classifier__class_weight': 'balanced', 'quantifier__classifier__gamma': 0.06736070303010029, 'quantifier__recalib': None, 'confidence': ['max_conf', 'entropy', 'isoft']} [took 215.762s]
16/01/24 02:50:12| DEBUG       [size=29,place=2] best score = 0.01275466; best param = {'quantifier__classifier__C': 0.01, 'quantifier__classifier__class_weight': 'balanced', 'quantifier__classifier__gamma': 0.673607030301003, 'quantifier__recalib': None, 'confidence': ['max_conf', 'entropy', 'isoft']} [took 215.762s]
16/01/24 02:50:55| DEBUG       [size=19,place=1] best score = 0.01302436; best param = {'quantifier__classifier__C': 0.1, 'quantifier__classifier__class_weight': 'balanced', 'quantifier__classifier__gamma': 0.06736070303010029, 'quantifier__recalib': None, 'confidence': ['isoft']} [took 43.412s]
16/01/24 02:50:55| DEBUG       [size=19,place=2] best score = 0.01302761; best param = {'quantifier__classifier__C': 0.01, 'quantifier__classifier__class_weight': 'balanced', 'quantifier__classifier__gamma': 6.736070303010029, 'quantifier__recalib': None, 'confidence': ['max_conf', 'entropy', 'isoft']} [took 43.413s]
16/01/24 02:50:55| DEBUG       [BinaryQuantifierAccuracyEstimator] optimization finished: best params {'quantifier__classifier__C': 0.1, 'quantifier__classifier__class_weight': 'balanced', 'quantifier__classifier__gamma': 0.06736070303010029, 'quantifier__recalib': None, 'confidence': ['max_conf', 'entropy', 'isoft']} (score=0.01260) [took 408.8914s]
16/01/24 02:54:36| INFO        d_bin_sld_rbf_gs finished [took 629.4825s]
16/01/24 02:57:24| DEBUG       [size=11,place=1] best score = 0.01432084; best param = {'quantifier__classifier__C': 0.1, 'quantifier__classifier__class_weight': 'balanced', 'quantifier__classifier__gamma': 673.607030301003, 'quantifier__recalib': None, 'confidence': ['isoft']} [took 167.118s]
16/01/24 02:57:24| DEBUG       [size=11,place=2] best score = 0.01783593; best param = {'quantifier__classifier__C': 1000.0, 'quantifier__classifier__class_weight': 'balanced', 'quantifier__classifier__gamma': 6.736070303010029, 'quantifier__recalib': None, 'confidence': ['max_conf', 'entropy']} [took 167.119s]
16/01/24 03:02:19| DEBUG       [size=29,place=1] best score = 0.01211217; best param = {'quantifier__classifier__C': 1000.0, 'quantifier__classifier__class_weight': 'balanced', 'quantifier__classifier__gamma': 6.736070303010029, 'quantifier__recalib': 'bcts', 'confidence': ['max_conf', 'entropy']} [took 295.512s]
16/01/24 03:02:19| DEBUG       [size=29,place=2] best score = 0.01250329; best param = {'quantifier__classifier__C': 0.1, 'quantifier__classifier__class_weight': 'balanced', 'quantifier__classifier__gamma': 673.607030301003, 'quantifier__recalib': 'bcts', 'confidence': ['isoft']} [took 295.513s]
16/01/24 03:14:49| DEBUG       [size=28,place=1] best score = 0.01044623; best param = {'quantifier__classifier__C': 0.1, 'quantifier__classifier__class_weight': 'balanced', 'quantifier__classifier__gamma': 6.736070303010029, 'quantifier__recalib': 'bcts', 'confidence': ['isoft']} [took 749.540s]
16/01/24 03:14:49| DEBUG       [size=28,place=2] best score = 0.01091837; best param = {'quantifier__classifier__C': 10.0, 'quantifier__classifier__class_weight': 'balanced', 'quantifier__classifier__gamma': 6.736070303010029, 'quantifier__recalib': 'bcts', 'confidence': ['max_conf', 'entropy']} [took 749.540s]
16/01/24 03:16:27| DEBUG       [size=15,place=1] best score = 0.01003787; best param = {'quantifier__classifier__C': 0.01, 'quantifier__classifier__class_weight': 'balanced', 'quantifier__classifier__gamma': 6.736070303010029, 'quantifier__recalib': 'bcts', 'confidence': ['isoft']} [took 97.968s]
16/01/24 03:16:27| DEBUG       [size=15,place=2] best score = 0.01093424; best param = {'quantifier__classifier__C': 0.1, 'quantifier__classifier__class_weight': 'balanced', 'quantifier__classifier__gamma': 6.736070303010029, 'quantifier__recalib': 'bcts', 'confidence': ['max_conf', 'entropy', 'isoft']} [took 97.968s]
16/01/24 03:18:24| DEBUG       [size=15,place=1] best score = 0.00973304; best param = {'quantifier__classifier__C': 0.01, 'quantifier__classifier__class_weight': 'balanced', 'quantifier__classifier__gamma': 67.3607030301003, 'quantifier__recalib': 'bcts', 'confidence': ['isoft']} [took 117.378s]
16/01/24 03:18:24| DEBUG       [size=15,place=2] best score = 0.01003787; best param = {'quantifier__classifier__C': 0.01, 'quantifier__classifier__class_weight': 'balanced', 'quantifier__classifier__gamma': 6.736070303010029, 'quantifier__recalib': 'bcts', 'confidence': ['max_conf', 'entropy', 'isoft']} [took 117.378s]
16/01/24 03:30:53| DEBUG       [size=15,place=1] best score = 0.00959273; best param = {'quantifier__classifier__C': 0.01, 'quantifier__classifier__class_weight': 'balanced', 'quantifier__classifier__gamma': 67.3607030301003, 'quantifier__recalib': 'bcts', 'confidence': ['max_conf', 'entropy', 'isoft']} [took 749.083s]
16/01/24 03:30:53| DEBUG       [size=15,place=2] best score = 0.01141254; best param = {'quantifier__classifier__C': 0.01, 'quantifier__classifier__class_weight': 'balanced', 'quantifier__classifier__gamma': 67.3607030301003, 'quantifier__recalib': 'bcts', 'confidence': ['max_conf', 'entropy']} [took 749.083s]
16/01/24 03:45:26| DEBUG       [size=16,place=1] best score = 0.01295791; best param = {'quantifier__classifier__C': 0.1, 'quantifier__classifier__class_weight': 'balanced', 'quantifier__classifier__gamma': 67.3607030301003, 'quantifier__recalib': 'bcts', 'confidence': ['max_conf', 'entropy']} [took 872.439s]
16/01/24 03:45:26| DEBUG       [size=16,place=2] best score = 0.01378680; best param = {'quantifier__classifier__C': 1.0, 'quantifier__classifier__class_weight': 'balanced', 'quantifier__classifier__gamma': 67.3607030301003, 'quantifier__recalib': 'bcts', 'confidence': ['max_conf', 'entropy']} [took 872.439s]
16/01/24 03:45:26| DEBUG       [MultiClassAccuracyEstimator] optimization finished: best params {'quantifier__classifier__C': 0.01, 'quantifier__classifier__class_weight': 'balanced', 'quantifier__classifier__gamma': 67.3607030301003, 'quantifier__recalib': 'bcts', 'confidence': ['max_conf', 'entropy', 'isoft']} (score=0.00959) [took 3049.1656s]
16/01/24 03:53:54| INFO        d_mul_sld_rbf_gs finished [took 3557.6770s]
16/01/24 03:58:00| DEBUG       [size=11,place=1] best score = 0.03005637; best param = {'quantifier__classifier__C': 10.0, 'quantifier__classifier__class_weight': None, 'quantifier__classifier__gamma': 673.607030301003, 'quantifier__recalib': None, 'confidence': ['max_conf', 'entropy', 'isoft']} [took 244.411s]
16/01/24 03:58:00| DEBUG       [size=11,place=2] best score = 0.03420652; best param = {'quantifier__classifier__C': 100.0, 'quantifier__classifier__class_weight': 'balanced', 'quantifier__classifier__gamma': 0.06736070303010029, 'quantifier__recalib': None, 'confidence': None} [took 244.412s]
16/01/24 04:02:33| DEBUG       [size=30,place=1] best score = 0.02269558; best param = {'quantifier__classifier__C': 1000.0, 'quantifier__classifier__class_weight': None, 'quantifier__classifier__gamma': 673.607030301003, 'quantifier__recalib': None, 'confidence': ['max_conf', 'entropy', 'isoft']} [took 272.978s]
16/01/24 04:02:33| DEBUG       [size=30,place=2] best score = 0.02323580; best param = {'quantifier__classifier__C': 100.0, 'quantifier__classifier__class_weight': 'balanced', 'quantifier__classifier__gamma': 0.06736070303010029, 'quantifier__recalib': 'bcts', 'confidence': None} [took 272.978s]
16/01/24 04:19:26| DEBUG       [size=22,place=1] best score = 0.02002699; best param = {'quantifier__classifier__C': 1000.0, 'quantifier__classifier__class_weight': None, 'quantifier__classifier__gamma': 673.607030301003, 'quantifier__recalib': 'bcts', 'confidence': ['max_conf', 'entropy', 'isoft']} [took 1013.739s]
16/01/24 04:19:26| DEBUG       [size=22,place=2] best score = 0.02066562; best param = {'quantifier__classifier__C': 100.0, 'quantifier__classifier__class_weight': 'balanced', 'quantifier__classifier__gamma': 0.06736070303010029, 'quantifier__recalib': 'bcts', 'confidence': ['max_conf', 'entropy', 'isoft']} [took 1013.739s]
16/01/24 04:43:57| DEBUG       [size=24,place=1] best score = 0.01526441; best param = {'quantifier__classifier__C': 0.01, 'quantifier__classifier__class_weight': None, 'quantifier__classifier__gamma': 673.607030301003, 'quantifier__recalib': 'bcts', 'confidence': ['max_conf', 'entropy', 'isoft']} [took 1470.730s]
16/01/24 04:43:57| DEBUG       [size=24,place=2] best score = 0.01539353; best param = {'quantifier__classifier__C': 0.001, 'quantifier__classifier__class_weight': None, 'quantifier__classifier__gamma': 673.607030301003, 'quantifier__recalib': 'bcts', 'confidence': ['max_conf', 'entropy', 'isoft']} [took 1470.730s]
16/01/24 04:46:33| DEBUG       [size=16,place=1] best score = 0.01509006; best param = {'quantifier__classifier__C': 0.01, 'quantifier__classifier__class_weight': None, 'quantifier__classifier__gamma': 673.607030301003, 'quantifier__recalib': 'bcts', 'confidence': ['isoft']} [took 156.460s]
16/01/24 04:46:33| DEBUG       [size=16,place=2] best score = 0.01546223; best param = {'quantifier__classifier__C': 0.01, 'quantifier__classifier__class_weight': None, 'quantifier__classifier__gamma': 673.607030301003, 'quantifier__recalib': 'bcts', 'confidence': ['max_conf', 'entropy']} [took 156.461s]
16/01/24 04:50:26| DEBUG       [size=20,place=1] best score = 0.01663355; best param = {'quantifier__classifier__C': 0.1, 'quantifier__classifier__class_weight': None, 'quantifier__classifier__gamma': 673.607030301003, 'quantifier__recalib': 'bcts', 'confidence': ['max_conf', 'entropy']} [took 232.861s]
16/01/24 04:50:26| DEBUG       [size=20,place=2] best score = 0.01759916; best param = {'quantifier__classifier__C': 0.1, 'quantifier__classifier__class_weight': None, 'quantifier__classifier__gamma': 673.607030301003, 'quantifier__recalib': 'bcts', 'confidence': ['isoft']} [took 232.862s]
16/01/24 04:50:26| DEBUG       [MultiClassAccuracyEstimator] optimization finished: best params {'quantifier__classifier__C': 0.01, 'quantifier__classifier__class_weight': None, 'quantifier__classifier__gamma': 673.607030301003, 'quantifier__recalib': 'bcts', 'confidence': ['isoft']} (score=0.01509) [took 3391.3000s]
16/01/24 04:59:42| INFO        d_m3w_sld_rbf_gs finished [took 3946.9736s]
16/01/24 04:59:42| INFO     Dataset sample [0.4 0.6] of dataset imdb finished [took 8970.1516s]
16/01/24 04:59:42| INFO     Dataset sample [0.5 0.5] of dataset imdb started
16/01/24 05:02:52| INFO        d_bin_sld_rbf_ne finished [took 185.2195s]
16/01/24 05:04:14| INFO        d_bin_sld_rbf_c finished [took 269.1970s]
16/01/24 05:05:57| INFO        d_bin_sld_rbf_mc finished [took 370.6358s]
16/01/24 05:07:31| INFO        d_mul_sld_rbf finished [took 464.0222s]
16/01/24 05:07:46| INFO        d_m3w_sld_rbf_mc finished [took 479.0155s]
16/01/24 05:07:46| INFO        d_m3w_sld_rbf finished [took 479.6098s]
16/01/24 05:07:59| INFO        d_bin_sld_rbf finished [took 492.0009s]
16/01/24 05:08:11| INFO        d_m3w_sld_rbf_c finished [took 504.5978s]
16/01/24 05:08:37| INFO        ref finished [took 24.8311s]
16/01/24 05:08:48| INFO        d_m3w_sld_rbf_ne finished [took 355.1146s]
16/01/24 05:08:58| INFO        d_mul_sld_rbf_ne finished [took 551.4621s]
16/01/24 05:09:12| INFO        atc_mc finished [took 34.8918s]
16/01/24 05:09:26| INFO        doc finished [took 37.7448s]
16/01/24 05:09:51| INFO        d_bin_sld_rbf_is finished [took 336.1183s]
16/01/24 05:09:53| INFO        d_mul_sld_rbf_mc finished [took 606.3312s]
16/01/24 05:10:48| INFO        d_mul_sld_rbf_c finished [took 661.1245s]
16/01/24 05:11:33| INFO        d_bin_sld_rbf_a finished [took 226.2391s]
16/01/24 05:12:59| INFO        d_m3w_sld_rbf_is finished [took 327.6759s]
16/01/24 05:13:11| INFO        d_m3w_sld_rbf_a finished [took 311.5553s]
16/01/24 05:13:23| INFO        d_mul_sld_rbf_a finished [took 335.5755s]
16/01/24 05:14:17| INFO        d_mul_sld_rbf_is finished [took 498.7864s]
16/01/24 05:18:27| DEBUG       [size=11,place=1] best score = 0.01199423; best param = {'quantifier__classifier__C': 0.1, 'quantifier__classifier__class_weight': 'balanced', 'quantifier__classifier__gamma': 0.7510603978693342, 'quantifier__recalib': None, 'confidence': ['max_conf', 'entropy', 'isoft']} [took 249.104s]
16/01/24 05:18:27| DEBUG       [size=11,place=2] best score = 0.01354740; best param = {'quantifier__classifier__C': 100.0, 'quantifier__classifier__class_weight': 'balanced', 'quantifier__classifier__gamma': 0.07510603978693342, 'quantifier__recalib': None, 'confidence': None} [took 249.105s]
16/01/24 05:20:34| DEBUG       [size=30,place=1] best score = 0.01241309; best param = {'quantifier__classifier__C': 1.0, 'quantifier__classifier__class_weight': 'balanced', 'quantifier__classifier__gamma': 0.07510603978693342, 'quantifier__recalib': None, 'confidence': None} [took 126.173s]
16/01/24 05:20:34| DEBUG       [size=30,place=2] best score = 0.01258853; best param = {'quantifier__classifier__C': 0.1, 'quantifier__classifier__class_weight': 'balanced', 'quantifier__classifier__gamma': 0.7510603978693342, 'quantifier__recalib': None, 'confidence': None} [took 126.174s]
16/01/24 05:20:34| DEBUG       [BinaryQuantifierAccuracyEstimator] optimization finished: best params {'quantifier__classifier__C': 0.1, 'quantifier__classifier__class_weight': 'balanced', 'quantifier__classifier__gamma': 0.7510603978693342, 'quantifier__recalib': None, 'confidence': ['max_conf', 'entropy', 'isoft']} (score=0.01199) [took 375.3835s]
16/01/24 05:23:27| INFO        d_bin_sld_rbf_gs finished [took 548.2787s]
16/01/24 05:27:34| DEBUG       [size=11,place=1] best score = 0.01335946; best param = {'quantifier__classifier__C': 100.0, 'quantifier__classifier__class_weight': 'balanced', 'quantifier__classifier__gamma': 0.07510603978693342, 'quantifier__recalib': None, 'confidence': None} [took 246.314s]
16/01/24 05:27:34| DEBUG       [size=11,place=2] best score = 0.01411504; best param = {'quantifier__classifier__C': 0.1, 'quantifier__classifier__class_weight': 'balanced', 'quantifier__classifier__gamma': 0.7510603978693342, 'quantifier__recalib': None, 'confidence': ['max_conf', 'entropy', 'isoft']} [took 246.315s]
16/01/24 05:30:08| DEBUG       [size=30,place=1] best score = 0.01169761; best param = {'quantifier__classifier__C': 100.0, 'quantifier__classifier__class_weight': 'balanced', 'quantifier__classifier__gamma': 0.07510603978693342, 'quantifier__recalib': 'bcts', 'confidence': None} [took 153.779s]
16/01/24 05:30:08| DEBUG       [size=30,place=2] best score = 0.01171499; best param = {'quantifier__classifier__C': 1.0, 'quantifier__classifier__class_weight': 'balanced', 'quantifier__classifier__gamma': 0.07510603978693342, 'quantifier__recalib': None, 'confidence': None} [took 153.779s]
16/01/24 05:35:13| DEBUG       [size=22,place=1] best score = 0.01063267; best param = {'quantifier__classifier__C': 0.001, 'quantifier__classifier__class_weight': 'balanced', 'quantifier__classifier__gamma': 0.07510603978693342, 'quantifier__recalib': 'bcts', 'confidence': None} [took 305.605s]
16/01/24 05:35:13| DEBUG       [size=22,place=2] best score = 0.01158544; best param = {'quantifier__classifier__C': 1.0, 'quantifier__classifier__class_weight': 'balanced', 'quantifier__classifier__gamma': 0.07510603978693342, 'quantifier__recalib': None, 'confidence': ['isoft']} [took 305.606s]
16/01/24 05:37:09| DEBUG       [size=19,place=1] best score = 0.01064511; best param = {'quantifier__classifier__C': 0.001, 'quantifier__classifier__class_weight': 'balanced', 'quantifier__classifier__gamma': 0.07510603978693342, 'quantifier__recalib': 'bcts', 'confidence': ['isoft']} [took 115.939s]
16/01/24 05:37:09| DEBUG       [size=19,place=2] best score = 0.01068476; best param = {'quantifier__classifier__C': 0.001, 'quantifier__classifier__class_weight': 'balanced', 'quantifier__classifier__gamma': 0.07510603978693342, 'quantifier__recalib': 'bcts', 'confidence': ['max_conf', 'entropy']} [took 115.939s]
16/01/24 05:37:09| DEBUG       [MultiClassAccuracyEstimator] optimization finished: best params {'quantifier__classifier__C': 0.001, 'quantifier__classifier__class_weight': 'balanced', 'quantifier__classifier__gamma': 0.07510603978693342, 'quantifier__recalib': 'bcts', 'confidence': None} (score=0.01063) [took 821.7504s]
16/01/24 05:45:34| INFO        d_mul_sld_rbf_gs finished [took 1326.2177s]
16/01/24 05:51:54| DEBUG       [size=11,place=1] best score = 0.01830419; best param = {'quantifier__classifier__C': 10.0, 'quantifier__classifier__class_weight': None, 'quantifier__classifier__gamma': 7.510603978693342, 'quantifier__recalib': None, 'confidence': ['max_conf', 'entropy']} [took 378.628s]
16/01/24 05:51:54| DEBUG       [size=11,place=2] best score = 0.01885374; best param = {'quantifier__classifier__C': 100.0, 'quantifier__classifier__class_weight': None, 'quantifier__classifier__gamma': 0.7510603978693342, 'quantifier__recalib': None, 'confidence': None} [took 378.628s]
16/01/24 05:53:49| DEBUG       [size=29,place=1] best score = 0.01497389; best param = {'quantifier__classifier__C': 1.0, 'quantifier__classifier__class_weight': None, 'quantifier__classifier__gamma': 7.510603978693342, 'quantifier__recalib': None, 'confidence': ['max_conf', 'entropy']} [took 115.593s]
16/01/24 05:53:49| DEBUG       [size=29,place=2] best score = 0.01623575; best param = {'quantifier__classifier__C': 100.0, 'quantifier__classifier__class_weight': None, 'quantifier__classifier__gamma': 0.7510603978693342, 'quantifier__recalib': 'bcts', 'confidence': None} [took 115.593s]
16/01/24 05:58:07| DEBUG       [size=23,place=1] best score = 0.01448919; best param = {'quantifier__classifier__C': 0.001, 'quantifier__classifier__class_weight': None, 'quantifier__classifier__gamma': 0.7510603978693342, 'quantifier__recalib': 'bcts', 'confidence': None} [took 257.793s]
16/01/24 05:58:07| DEBUG       [size=23,place=2] best score = 0.01651087; best param = {'quantifier__classifier__C': 1.0, 'quantifier__classifier__class_weight': None, 'quantifier__classifier__gamma': 75.10603978693342, 'quantifier__recalib': None, 'confidence': ['max_conf', 'entropy']} [took 257.794s]
16/01/24 06:02:49| DEBUG       [size=18,place=1] best score = 0.00811426; best param = {'quantifier__classifier__C': 0.001, 'quantifier__classifier__class_weight': None, 'quantifier__classifier__gamma': 0.7510603978693342, 'quantifier__recalib': 'bcts', 'confidence': ['isoft']} [took 281.640s]
16/01/24 06:02:49| DEBUG       [size=18,place=2] best score = 0.00991096; best param = {'quantifier__classifier__C': 0.001, 'quantifier__classifier__class_weight': None, 'quantifier__classifier__gamma': 0.7510603978693342, 'quantifier__recalib': 'bcts', 'confidence': ['max_conf', 'entropy']} [took 281.640s]
16/01/24 06:04:56| DEBUG       [size=22,place=1] best score = 0.01080148; best param = {'quantifier__classifier__C': 0.001, 'quantifier__classifier__class_weight': None, 'quantifier__classifier__gamma': 75.10603978693342, 'quantifier__recalib': 'bcts', 'confidence': ['isoft']} [took 127.211s]
16/01/24 06:04:56| DEBUG       [size=22,place=2] best score = 0.01101142; best param = {'quantifier__classifier__C': 0.001, 'quantifier__classifier__class_weight': None, 'quantifier__classifier__gamma': 75.10603978693342, 'quantifier__recalib': 'bcts', 'confidence': ['max_conf', 'entropy']} [took 127.212s]
16/01/24 06:04:56| DEBUG       [MultiClassAccuracyEstimator] optimization finished: best params {'quantifier__classifier__C': 0.001, 'quantifier__classifier__class_weight': None, 'quantifier__classifier__gamma': 0.7510603978693342, 'quantifier__recalib': 'bcts', 'confidence': ['isoft']} (score=0.00811) [took 1160.9852s]
16/01/24 06:13:23| INFO        d_m3w_sld_rbf_gs finished [took 1668.1288s]
16/01/24 06:13:23| INFO     Dataset sample [0.5 0.5] of dataset imdb finished [took 4421.0459s]
16/01/24 06:13:23| INFO     Dataset sample [0.6 0.4] of dataset imdb started
16/01/24 06:17:54| INFO        d_bin_sld_rbf_c finished [took 266.5002s]
16/01/24 06:18:29| INFO        d_bin_sld_rbf_ne finished [took 300.9358s]
16/01/24 06:19:03| INFO        d_bin_sld_rbf_mc finished [took 334.9764s]
16/01/24 06:19:50| INFO        d_m3w_sld_rbf finished [took 382.4623s]
16/01/24 06:20:03| INFO        d_bin_sld_rbf finished [took 395.5661s]
16/01/24 06:20:37| INFO        d_m3w_sld_rbf_mc finished [took 431.0024s]
16/01/24 06:20:49| INFO        d_m3w_sld_rbf_c finished [took 441.3961s]
16/01/24 06:21:01| INFO        d_mul_sld_rbf_mc finished [took 452.7338s]
16/01/24 06:21:23| INFO        ref finished [took 21.7572s]
16/01/24 06:21:43| INFO        d_mul_sld_rbf_c finished [took 495.0103s]
16/01/24 06:21:51| INFO        d_mul_sld_rbf finished [took 503.6550s]
16/01/24 06:21:59| INFO        atc_mc finished [took 34.8118s]
16/01/24 06:22:25| INFO        doc finished [took 41.4586s]
16/01/24 06:23:18| INFO        d_mul_sld_rbf_ne finished [took 590.5550s]
16/01/24 06:23:30| INFO        d_bin_sld_rbf_is finished [took 300.7899s]
16/01/24 06:24:14| INFO        d_m3w_sld_rbf_ne finished [took 378.6133s]
16/01/24 06:24:57| INFO        d_m3w_sld_rbf_is finished [took 306.6387s]
16/01/24 06:25:01| INFO        d_bin_sld_rbf_a finished [took 297.1114s]
16/01/24 06:26:05| INFO        d_mul_sld_rbf_is finished [took 421.8061s]
16/01/24 06:26:20| INFO        d_m3w_sld_rbf_a finished [took 329.8874s]
16/01/24 06:26:49| INFO        d_mul_sld_rbf_a finished [took 371.3321s]
16/01/24 06:30:40| DEBUG       [size=11,place=1] best score = 0.01526059; best param = {'quantifier__classifier__C': 1000.0, 'quantifier__classifier__class_weight': 'balanced', 'quantifier__classifier__gamma': 6.9182142233244, 'quantifier__recalib': None, 'confidence': ['max_conf', 'entropy']} [took 229.318s]
16/01/24 06:30:40| DEBUG       [size=11,place=2] best score = 0.01527407; best param = {'quantifier__classifier__C': 0.1, 'quantifier__classifier__class_weight': 'balanced', 'quantifier__classifier__gamma': 691.82142233244, 'quantifier__recalib': None, 'confidence': ['isoft']} [took 229.318s]
16/01/24 06:36:17| DEBUG       [size=29,place=1] best score = 0.01471017; best param = {'quantifier__classifier__C': 1.0, 'quantifier__classifier__class_weight': 'balanced', 'quantifier__classifier__gamma': 691.82142233244, 'quantifier__recalib': None, 'confidence': ['isoft']} [took 337.525s]
16/01/24 06:36:17| DEBUG       [size=29,place=2] best score = 0.01501290; best param = {'quantifier__classifier__C': 1000.0, 'quantifier__classifier__class_weight': 'balanced', 'quantifier__classifier__gamma': 6.9182142233244, 'quantifier__recalib': None, 'confidence': ['max_conf', 'entropy', 'isoft']} [took 337.525s]
16/01/24 06:42:06| DEBUG       [size=21,place=1] best score = 0.01487551; best param = {'quantifier__classifier__C': 0.1, 'quantifier__classifier__class_weight': 'balanced', 'quantifier__classifier__gamma': 6.9182142233244, 'quantifier__recalib': None, 'confidence': ['max_conf', 'entropy', 'isoft']} [took 348.548s]
16/01/24 06:42:06| DEBUG       [size=21,place=2] best score = 0.01496889; best param = {'quantifier__classifier__C': 1000.0, 'quantifier__classifier__class_weight': 'balanced', 'quantifier__classifier__gamma': 0.69182142233244, 'quantifier__recalib': None, 'confidence': ['max_conf', 'entropy', 'isoft']} [took 348.549s]
16/01/24 06:42:06| DEBUG       [BinaryQuantifierAccuracyEstimator] optimization finished: best params {'quantifier__classifier__C': 1.0, 'quantifier__classifier__class_weight': 'balanced', 'quantifier__classifier__gamma': 691.82142233244, 'quantifier__recalib': None, 'confidence': ['isoft']} (score=0.01471) [took 915.4999s]
16/01/24 06:45:45| INFO        d_bin_sld_rbf_gs finished [took 1134.9590s]
16/01/24 06:49:48| DEBUG       [size=11,place=1] best score = 0.01316072; best param = {'quantifier__classifier__C': 0.1, 'quantifier__classifier__class_weight': 'balanced', 'quantifier__classifier__gamma': 691.82142233244, 'quantifier__recalib': None, 'confidence': ['isoft']} [took 241.545s]
16/01/24 06:49:48| DEBUG       [size=11,place=2] best score = 0.01445684; best param = {'quantifier__classifier__C': 0.1, 'quantifier__classifier__class_weight': 'balanced', 'quantifier__classifier__gamma': 0.69182142233244, 'quantifier__recalib': None, 'confidence': ['max_conf', 'entropy', 'isoft']} [took 241.545s]
16/01/24 06:52:06| DEBUG       [size=28,place=1] best score = 0.01148093; best param = {'quantifier__classifier__C': 0.1, 'quantifier__classifier__class_weight': 'balanced', 'quantifier__classifier__gamma': 0.069182142233244, 'quantifier__recalib': None, 'confidence': ['isoft']} [took 137.213s]
16/01/24 06:52:06| DEBUG       [size=28,place=2] best score = 0.01183380; best param = {'quantifier__classifier__C': 0.01, 'quantifier__classifier__class_weight': 'balanced', 'quantifier__classifier__gamma': 0.69182142233244, 'quantifier__recalib': None, 'confidence': ['max_conf', 'entropy', 'isoft']} [took 137.213s]
16/01/24 06:53:50| DEBUG       [size=19,place=1] best score = 0.01187920; best param = {'quantifier__classifier__C': 0.01, 'quantifier__classifier__class_weight': 'balanced', 'quantifier__classifier__gamma': 0.69182142233244, 'quantifier__recalib': None, 'confidence': ['isoft']} [took 104.564s]
16/01/24 06:53:50| DEBUG       [size=19,place=2] best score = 0.01224123; best param = {'quantifier__classifier__C': 1.0, 'quantifier__classifier__class_weight': 'balanced', 'quantifier__classifier__gamma': 0.069182142233244, 'quantifier__recalib': None, 'confidence': ['isoft']} [took 104.565s]
16/01/24 06:53:50| DEBUG       [MultiClassAccuracyEstimator] optimization finished: best params {'quantifier__classifier__C': 0.1, 'quantifier__classifier__class_weight': 'balanced', 'quantifier__classifier__gamma': 0.069182142233244, 'quantifier__recalib': None, 'confidence': ['isoft']} (score=0.01148) [took 483.4309s]
16/01/24 07:00:48| INFO        d_mul_sld_rbf_gs finished [took 901.6632s]
16/01/24 07:06:12| DEBUG       [size=11,place=1] best score = 0.01866630; best param = {'quantifier__classifier__C': 100.0, 'quantifier__classifier__class_weight': None, 'quantifier__classifier__gamma': 0.69182142233244, 'quantifier__recalib': None, 'confidence': None} [took 322.740s]
16/01/24 07:06:12| DEBUG       [size=11,place=2] best score = 0.02163574; best param = {'quantifier__classifier__C': 100.0, 'quantifier__classifier__class_weight': 'balanced', 'quantifier__classifier__gamma': 0.069182142233244, 'quantifier__recalib': None, 'confidence': None} [took 322.741s]
16/01/24 07:08:41| DEBUG       [size=28,place=1] best score = 0.01753880; best param = {'quantifier__classifier__C': 100.0, 'quantifier__classifier__class_weight': 'balanced', 'quantifier__classifier__gamma': 0.069182142233244, 'quantifier__recalib': 'bcts', 'confidence': None} [took 148.783s]
16/01/24 07:08:41| DEBUG       [size=28,place=2] best score = 0.01777690; best param = {'quantifier__classifier__C': 100.0, 'quantifier__classifier__class_weight': None, 'quantifier__classifier__gamma': 0.69182142233244, 'quantifier__recalib': 'bcts', 'confidence': None} [took 148.784s]
16/01/24 07:14:50| DEBUG       [size=26,place=1] best score = 0.01156748; best param = {'quantifier__classifier__C': 100.0, 'quantifier__classifier__class_weight': 'balanced', 'quantifier__classifier__gamma': 691.82142233244, 'quantifier__recalib': 'bcts', 'confidence': None} [took 368.960s]
16/01/24 07:14:50| DEBUG       [size=26,place=2] best score = 0.01284253; best param = {'quantifier__classifier__C': 100.0, 'quantifier__classifier__class_weight': 'balanced', 'quantifier__classifier__gamma': 69.182142233244, 'quantifier__recalib': 'bcts', 'confidence': None} [took 368.961s]
16/01/24 07:55:10| DEBUG       [size=18,place=1] best score = 0.01094724; best param = {'quantifier__classifier__C': 10.0, 'quantifier__classifier__class_weight': 'balanced', 'quantifier__classifier__gamma': 69.182142233244, 'quantifier__recalib': 'bcts', 'confidence': None} [took 2420.185s]
16/01/24 07:55:10| DEBUG       [size=18,place=2] best score = 0.01097855; best param = {'quantifier__classifier__C': 1.0, 'quantifier__classifier__class_weight': 'balanced', 'quantifier__classifier__gamma': 69.182142233244, 'quantifier__recalib': 'bcts', 'confidence': None} [took 2420.185s]
16/01/24 07:56:41| DEBUG       [size=14,place=1] best score = 0.01116083; best param = {'quantifier__classifier__C': 1.0, 'quantifier__classifier__class_weight': 'balanced', 'quantifier__classifier__gamma': 69.182142233244, 'quantifier__recalib': 'bcts', 'confidence': ['isoft']} [took 91.201s]
16/01/24 07:56:41| DEBUG       [size=14,place=2] best score = 0.01123757; best param = {'quantifier__classifier__C': 1.0, 'quantifier__classifier__class_weight': 'balanced', 'quantifier__classifier__gamma': 69.182142233244, 'quantifier__recalib': 'bcts', 'confidence': ['max_conf', 'entropy', 'isoft']} [took 91.201s]
16/01/24 07:56:41| DEBUG       [MultiClassAccuracyEstimator] optimization finished: best params {'quantifier__classifier__C': 10.0, 'quantifier__classifier__class_weight': 'balanced', 'quantifier__classifier__gamma': 69.182142233244, 'quantifier__recalib': 'bcts', 'confidence': None} (score=0.01095) [took 3351.9857s]
16/01/24 08:00:32| INFO        d_m3w_sld_rbf_gs finished [took 3582.2752s]
16/01/24 08:00:32| INFO     Dataset sample [0.6 0.4] of dataset imdb finished [took 6428.5401s]
16/01/24 08:00:32| INFO     Dataset sample [0.7 0.3] of dataset imdb started
16/01/24 08:05:02| INFO        d_bin_sld_rbf_c finished [took 266.8914s]
16/01/24 08:05:20| INFO        d_bin_sld_rbf_mc finished [took 286.8575s]
16/01/24 08:05:43| INFO        d_bin_sld_rbf finished [took 308.1664s]
16/01/24 08:07:00| INFO        d_bin_sld_rbf_ne finished [took 385.5925s]
16/01/24 08:08:08| INFO        d_m3w_sld_rbf finished [took 452.9701s]
16/01/24 08:08:15| INFO        d_mul_sld_rbf finished [took 460.6056s]
16/01/24 08:08:37| INFO        d_mul_sld_rbf_ne finished [took 482.5788s]
16/01/24 08:08:40| INFO        d_m3w_sld_rbf_mc finished [took 485.3217s]
16/01/24 08:09:02| INFO        d_mul_sld_rbf_mc finished [took 507.5963s]
16/01/24 08:09:03| INFO        d_m3w_sld_rbf_c finished [took 508.0224s]
16/01/24 08:09:07| INFO        ref finished [took 25.5081s]
16/01/24 08:09:10| INFO        d_mul_sld_rbf_c finished [took 514.9825s]
16/01/24 08:09:39| INFO        atc_mc finished [took 35.5525s]
16/01/24 08:09:43| INFO        doc finished [took 38.9916s]
16/01/24 08:10:46| INFO        d_bin_sld_rbf_is finished [took 324.4724s]
16/01/24 08:11:38| INFO        d_m3w_sld_rbf_ne finished [took 395.3707s]
16/01/24 08:12:06| INFO        d_mul_sld_rbf_is finished [took 381.5760s]
16/01/24 08:12:30| INFO        d_bin_sld_rbf_a finished [took 261.0973s]
16/01/24 08:13:06| INFO        d_m3w_sld_rbf_is finished [took 364.2172s]
16/01/24 08:13:27| INFO        d_m3w_sld_rbf_a finished [took 288.5026s]
16/01/24 08:14:12| INFO        d_mul_sld_rbf_a finished [took 355.4226s]
16/01/24 08:19:41| DEBUG       [size=11,place=1] best score = 0.01138129; best param = {'quantifier__classifier__C': 0.1, 'quantifier__classifier__class_weight': 'balanced', 'quantifier__classifier__gamma': 0.5528348289771292, 'quantifier__recalib': None, 'confidence': ['max_conf', 'entropy', 'isoft']} [took 327.110s]
16/01/24 08:19:41| DEBUG       [size=11,place=2] best score = 0.01158162; best param = {'quantifier__classifier__C': 100.0, 'quantifier__classifier__class_weight': 'balanced', 'quantifier__classifier__gamma': 0.05528348289771292, 'quantifier__recalib': None, 'confidence': None} [took 327.111s]
16/01/24 08:22:35| DEBUG       [size=30,place=1] best score = 0.01094839; best param = {'quantifier__classifier__C': 10.0, 'quantifier__classifier__class_weight': 'balanced', 'quantifier__classifier__gamma': 0.05528348289771292, 'quantifier__recalib': None, 'confidence': None} [took 173.534s]
16/01/24 08:22:35| DEBUG       [size=30,place=2] best score = 0.01114888; best param = {'quantifier__classifier__C': 1.0, 'quantifier__classifier__class_weight': 'balanced', 'quantifier__classifier__gamma': 0.5528348289771292, 'quantifier__recalib': None, 'confidence': ['max_conf', 'entropy', 'isoft']} [took 173.534s]
16/01/24 08:23:10| DEBUG       [size=18,place=1] best score = 0.01102642; best param = {'quantifier__classifier__C': 1.0, 'quantifier__classifier__class_weight': 'balanced', 'quantifier__classifier__gamma': 0.5528348289771292, 'quantifier__recalib': None, 'confidence': None} [took 35.465s]
16/01/24 08:23:10| DEBUG       [size=18,place=2] best score = 0.01117822; best param = {'quantifier__classifier__C': 10.0, 'quantifier__classifier__class_weight': 'balanced', 'quantifier__classifier__gamma': 0.05528348289771292, 'quantifier__recalib': 'bcts', 'confidence': None} [took 35.465s]
16/01/24 08:23:10| DEBUG       [BinaryQuantifierAccuracyEstimator] optimization finished: best params {'quantifier__classifier__C': 10.0, 'quantifier__classifier__class_weight': 'balanced', 'quantifier__classifier__gamma': 0.05528348289771292, 'quantifier__recalib': None, 'confidence': None} (score=0.01095) [took 536.2204s]
16/01/24 08:25:56| INFO        d_bin_sld_rbf_gs finished [took 702.3017s]
16/01/24 08:31:33| DEBUG       [size=11,place=1] best score = 0.01547060; best param = {'quantifier__classifier__C': 10.0, 'quantifier__classifier__class_weight': None, 'quantifier__classifier__gamma': 552.8348289771292, 'quantifier__recalib': None, 'confidence': ['max_conf', 'entropy', 'isoft']} [took 335.071s]
16/01/24 08:31:33| DEBUG       [size=11,place=2] best score = 0.01653021; best param = {'quantifier__classifier__C': 100.0, 'quantifier__classifier__class_weight': 'balanced', 'quantifier__classifier__gamma': 0.05528348289771292, 'quantifier__recalib': None, 'confidence': None} [took 335.072s]
16/01/24 08:37:17| DEBUG       [size=30,place=1] best score = 0.01128646; best param = {'quantifier__classifier__C': 1.0, 'quantifier__classifier__class_weight': 'balanced', 'quantifier__classifier__gamma': 0.05528348289771292, 'quantifier__recalib': None, 'confidence': None} [took 344.024s]
16/01/24 08:37:17| DEBUG       [size=30,place=2] best score = 0.01164915; best param = {'quantifier__classifier__C': 100.0, 'quantifier__classifier__class_weight': 'balanced', 'quantifier__classifier__gamma': 0.05528348289771292, 'quantifier__recalib': 'bcts', 'confidence': None} [took 344.025s]
16/01/24 08:43:14| DEBUG       [size=22,place=1] best score = 0.01062950; best param = {'quantifier__classifier__C': 100.0, 'quantifier__classifier__class_weight': 'balanced', 'quantifier__classifier__gamma': 0.5528348289771292, 'quantifier__recalib': 'bcts', 'confidence': None} [took 356.398s]
16/01/24 08:43:14| DEBUG       [size=22,place=2] best score = 0.01088580; best param = {'quantifier__classifier__C': 100.0, 'quantifier__classifier__class_weight': 'balanced', 'quantifier__classifier__gamma': 0.05528348289771292, 'quantifier__recalib': 'bcts', 'confidence': ['max_conf', 'entropy', 'isoft']} [took 356.399s]
16/01/24 08:49:33| DEBUG       [size=20,place=1] best score = 0.01069064; best param = {'quantifier__classifier__C': 10.0, 'quantifier__classifier__class_weight': 'balanced', 'quantifier__classifier__gamma': 0.5528348289771292, 'quantifier__recalib': 'bcts', 'confidence': None} [took 379.265s]
16/01/24 08:49:33| DEBUG       [size=20,place=2] best score = 0.01090400; best param = {'quantifier__classifier__C': 100.0, 'quantifier__classifier__class_weight': 'balanced', 'quantifier__classifier__gamma': 0.5528348289771292, 'quantifier__recalib': 'bcts', 'confidence': ['max_conf', 'entropy']} [took 379.265s]
16/01/24 08:49:33| DEBUG       [MultiClassAccuracyEstimator] optimization finished: best params {'quantifier__classifier__C': 100.0, 'quantifier__classifier__class_weight': 'balanced', 'quantifier__classifier__gamma': 0.5528348289771292, 'quantifier__recalib': 'bcts', 'confidence': None} (score=0.01063) [took 1414.8757s]
16/01/24 08:53:48| INFO        d_mul_sld_rbf_gs finished [took 1669.5994s]
16/01/24 09:00:35| DEBUG       [size=11,place=1] best score = 0.01391680; best param = {'quantifier__classifier__C': 10.0, 'quantifier__classifier__class_weight': None, 'quantifier__classifier__gamma': 552.8348289771292, 'quantifier__recalib': None, 'confidence': ['max_conf', 'entropy', 'isoft']} [took 405.653s]
16/01/24 09:00:35| DEBUG       [size=11,place=2] best score = 0.01461321; best param = {'quantifier__classifier__C': 100.0, 'quantifier__classifier__class_weight': 'balanced', 'quantifier__classifier__gamma': 0.05528348289771292, 'quantifier__recalib': None, 'confidence': None} [took 405.654s]
16/01/24 09:06:24| DEBUG       [size=30,place=1] best score = 0.01054868; best param = {'quantifier__classifier__C': 100.0, 'quantifier__classifier__class_weight': 'balanced', 'quantifier__classifier__gamma': 0.05528348289771292, 'quantifier__recalib': 'bcts', 'confidence': None} [took 348.560s]
16/01/24 09:06:24| DEBUG       [size=30,place=2] best score = 0.01091417; best param = {'quantifier__classifier__C': 100.0, 'quantifier__classifier__class_weight': 'balanced', 'quantifier__classifier__gamma': 0.05528348289771292, 'quantifier__recalib': None, 'confidence': ['max_conf', 'entropy']} [took 348.561s]
16/01/24 09:14:20| DEBUG       [size=25,place=1] best score = 0.00941015; best param = {'quantifier__classifier__C': 1000.0, 'quantifier__classifier__class_weight': 'balanced', 'quantifier__classifier__gamma': 0.05528348289771292, 'quantifier__recalib': 'bcts', 'confidence': None} [took 476.281s]
16/01/24 09:14:20| DEBUG       [size=25,place=2] best score = 0.01006222; best param = {'quantifier__classifier__C': 100.0, 'quantifier__classifier__class_weight': 'balanced', 'quantifier__classifier__gamma': 0.5528348289771292, 'quantifier__recalib': 'bcts', 'confidence': None} [took 476.282s]
16/01/24 09:54:56| DEBUG       [size=17,place=1] best score = 0.01003394; best param = {'quantifier__classifier__C': 10.0, 'quantifier__classifier__class_weight': 'balanced', 'quantifier__classifier__gamma': 0.5528348289771292, 'quantifier__recalib': 'bcts', 'confidence': None} [took 2436.261s]
16/01/24 09:54:56| DEBUG       [size=17,place=2] best score = 0.01038517; best param = {'quantifier__classifier__C': 1.0, 'quantifier__classifier__class_weight': 'balanced', 'quantifier__classifier__gamma': 0.5528348289771292, 'quantifier__recalib': 'bcts', 'confidence': None} [took 2436.262s]
16/01/24 09:54:56| DEBUG       [MultiClassAccuracyEstimator] optimization finished: best params {'quantifier__classifier__C': 1000.0, 'quantifier__classifier__class_weight': 'balanced', 'quantifier__classifier__gamma': 0.05528348289771292, 'quantifier__recalib': 'bcts', 'confidence': None} (score=0.00941) [took 3666.8687s]
16/01/24 09:58:30| INFO        d_m3w_sld_rbf_gs finished [took 3880.2938s]
16/01/24 09:58:30| INFO     Dataset sample [0.7 0.3] of dataset imdb finished [took 7077.9560s]
16/01/24 09:58:30| INFO     Dataset sample [0.8 0.2] of dataset imdb started
16/01/24 10:03:56| INFO        d_bin_sld_rbf finished [took 325.5880s]
16/01/24 10:04:29| INFO        d_bin_sld_rbf_ne finished [took 354.4210s]
16/01/24 10:04:37| INFO        d_m3w_sld_rbf finished [took 362.7483s]
16/01/24 10:04:38| INFO        d_bin_sld_rbf_c finished [took 363.4804s]
16/01/24 10:04:38| INFO        d_mul_sld_rbf_mc finished [took 364.1836s]
16/01/24 10:05:30| INFO        d_m3w_sld_rbf_mc finished [took 416.2620s]
16/01/24 10:06:07| INFO        d_mul_sld_rbf finished [took 452.6772s]
16/01/24 10:06:18| INFO        d_m3w_sld_rbf_c finished [took 463.4946s]
16/01/24 10:06:21| INFO        d_mul_sld_rbf_ne finished [took 466.5919s]
16/01/24 10:06:43| INFO        ref finished [took 24.5546s]
16/01/24 10:06:58| INFO        d_mul_sld_rbf_c finished [took 503.6233s]
16/01/24 10:06:58| INFO        atc_mc finished [took 36.7255s]
16/01/24 10:07:20| INFO        doc finished [took 36.2208s]
16/01/24 10:07:51| INFO        d_bin_sld_rbf_mc finished [took 556.9966s]
16/01/24 10:09:09| INFO        d_m3w_sld_rbf_ne finished [took 311.5960s]
16/01/24 10:09:46| INFO        d_bin_sld_rbf_a finished [took 307.1805s]
16/01/24 10:10:05| INFO        d_m3w_sld_rbf_is finished [took 326.4113s]
16/01/24 10:10:16| INFO        d_mul_sld_rbf_is finished [took 338.0647s]
16/01/24 10:10:45| INFO        d_m3w_sld_rbf_a finished [took 277.8321s]
16/01/24 10:11:01| INFO        d_mul_sld_rbf_a finished [took 329.4486s]
16/01/24 10:11:28| INFO        d_bin_sld_rbf_is finished [took 418.5830s]
16/01/24 10:17:30| DEBUG       [size=11,place=1] best score = 0.01106246; best param = {'quantifier__classifier__C': 100.0, 'quantifier__classifier__class_weight': 'balanced', 'quantifier__classifier__gamma': 0.04151780520243354, 'quantifier__recalib': None, 'confidence': None} [took 360.357s]
16/01/24 10:17:30| DEBUG       [size=11,place=2] best score = 0.01326243; best param = {'quantifier__classifier__C': 0.1, 'quantifier__classifier__class_weight': 'balanced', 'quantifier__classifier__gamma': 0.4151780520243354, 'quantifier__recalib': None, 'confidence': ['max_conf', 'entropy', 'isoft']} [took 360.358s]
16/01/24 10:20:17| DEBUG       [size=30,place=1] best score = 0.00933879; best param = {'quantifier__classifier__C': 0.1, 'quantifier__classifier__class_weight': 'balanced', 'quantifier__classifier__gamma': 0.4151780520243354, 'quantifier__recalib': 'bcts', 'confidence': ['max_conf', 'entropy', 'isoft']} [took 167.782s]
16/01/24 10:20:17| DEBUG       [size=30,place=2] best score = 0.01022002; best param = {'quantifier__classifier__C': 100.0, 'quantifier__classifier__class_weight': 'balanced', 'quantifier__classifier__gamma': 0.04151780520243354, 'quantifier__recalib': None, 'confidence': ['isoft']} [took 167.782s]
16/01/24 10:22:24| DEBUG       [size=26,place=1] best score = 0.00926167; best param = {'quantifier__classifier__C': 0.1, 'quantifier__classifier__class_weight': 'balanced', 'quantifier__classifier__gamma': 0.4151780520243354, 'quantifier__recalib': 'bcts', 'confidence': ['isoft']} [took 126.182s]
16/01/24 10:22:24| DEBUG       [size=26,place=2] best score = 0.00929441; best param = {'quantifier__classifier__C': 0.01, 'quantifier__classifier__class_weight': 'balanced', 'quantifier__classifier__gamma': 0.4151780520243354, 'quantifier__recalib': 'bcts', 'confidence': ['max_conf', 'entropy', 'isoft']} [took 126.182s]
16/01/24 10:23:53| DEBUG       [size=18,place=1] best score = 0.00906605; best param = {'quantifier__classifier__C': 0.01, 'quantifier__classifier__class_weight': 'balanced', 'quantifier__classifier__gamma': 0.4151780520243354, 'quantifier__recalib': 'bcts', 'confidence': ['isoft']} [took 89.799s]
16/01/24 10:23:53| DEBUG       [size=18,place=2] best score = 0.00920415; best param = {'quantifier__classifier__C': 0.1, 'quantifier__classifier__class_weight': 'balanced', 'quantifier__classifier__gamma': 0.04151780520243354, 'quantifier__recalib': 'bcts', 'confidence': ['isoft']} [took 89.799s]
16/01/24 10:24:52| DEBUG       [size=13,place=1] best score = 0.00903199; best param = {'quantifier__classifier__C': 1.0, 'quantifier__classifier__class_weight': 'balanced', 'quantifier__classifier__gamma': 0.04151780520243354, 'quantifier__recalib': 'bcts', 'confidence': ['isoft']} [took 58.485s]
16/01/24 10:24:52| DEBUG       [size=13,place=2] best score = 0.00935207; best param = {'quantifier__classifier__C': 0.1, 'quantifier__classifier__class_weight': None, 'quantifier__classifier__gamma': 0.04151780520243354, 'quantifier__recalib': 'bcts', 'confidence': ['isoft']} [took 58.485s]
16/01/24 10:25:40| DEBUG       [size=19,place=1] best score = 0.00914097; best param = {'quantifier__classifier__C': 1.0, 'quantifier__classifier__class_weight': 'balanced', 'quantifier__classifier__gamma': 0.04151780520243354, 'quantifier__recalib': 'bcts', 'confidence': ['max_conf', 'entropy', 'isoft']} [took 48.114s]
16/01/24 10:25:40| DEBUG       [size=19,place=2] best score = 0.00947578; best param = {'quantifier__classifier__C': 0.1, 'quantifier__classifier__class_weight': None, 'quantifier__classifier__gamma': 0.04151780520243354, 'quantifier__recalib': 'bcts', 'confidence': ['max_conf', 'entropy', 'isoft']} [took 48.115s]
16/01/24 10:25:40| DEBUG       [BinaryQuantifierAccuracyEstimator] optimization finished: best params {'quantifier__classifier__C': 1.0, 'quantifier__classifier__class_weight': 'balanced', 'quantifier__classifier__gamma': 0.04151780520243354, 'quantifier__recalib': 'bcts', 'confidence': ['isoft']} (score=0.00903) [took 850.8433s]
16/01/24 10:28:48| INFO        d_bin_sld_rbf_gs finished [took 1039.1877s]
16/01/24 10:35:00| DEBUG       [size=11,place=1] best score = 0.01836046; best param = {'quantifier__classifier__C': 0.1, 'quantifier__classifier__class_weight': 'balanced', 'quantifier__classifier__gamma': 415.1780520243354, 'quantifier__recalib': None, 'confidence': ['isoft']} [took 370.603s]
16/01/24 10:35:00| DEBUG       [size=11,place=2] best score = 0.02315989; best param = {'quantifier__classifier__C': 10.0, 'quantifier__classifier__class_weight': None, 'quantifier__classifier__gamma': 415.1780520243354, 'quantifier__recalib': None, 'confidence': ['max_conf', 'entropy', 'isoft']} [took 370.604s]
16/01/24 10:42:00| DEBUG       [size=30,place=1] best score = 0.01271953; best param = {'quantifier__classifier__C': 10.0, 'quantifier__classifier__class_weight': None, 'quantifier__classifier__gamma': 415.1780520243354, 'quantifier__recalib': 'bcts', 'confidence': ['max_conf', 'entropy', 'isoft']} [took 419.199s]
16/01/24 10:42:00| DEBUG       [size=30,place=2] best score = 0.01318057; best param = {'quantifier__classifier__C': 10.0, 'quantifier__classifier__class_weight': None, 'quantifier__classifier__gamma': 415.1780520243354, 'quantifier__recalib': None, 'confidence': ['max_conf', 'entropy']} [took 419.200s]
16/01/24 11:05:04| DEBUG       [size=24,place=1] best score = 0.01280191; best param = {'quantifier__classifier__C': 1000.0, 'quantifier__classifier__class_weight': None, 'quantifier__classifier__gamma': 415.1780520243354, 'quantifier__recalib': 'bcts', 'confidence': ['max_conf', 'entropy', 'isoft']} [took 1384.270s]
16/01/24 11:05:04| DEBUG       [size=24,place=2] best score = 0.01375053; best param = {'quantifier__classifier__C': 1.0, 'quantifier__classifier__class_weight': None, 'quantifier__classifier__gamma': 415.1780520243354, 'quantifier__recalib': None, 'confidence': ['max_conf', 'entropy']} [took 1384.271s]
16/01/24 11:05:04| DEBUG       [MultiClassAccuracyEstimator] optimization finished: best params {'quantifier__classifier__C': 10.0, 'quantifier__classifier__class_weight': None, 'quantifier__classifier__gamma': 415.1780520243354, 'quantifier__recalib': 'bcts', 'confidence': ['max_conf', 'entropy', 'isoft']} (score=0.01272) [took 2174.1843s]
16/01/24 11:10:44| INFO        d_mul_sld_rbf_gs finished [took 2514.3974s]
16/01/24 11:16:18| DEBUG       [size=11,place=1] best score = 0.01113561; best param = {'quantifier__classifier__C': 100.0, 'quantifier__classifier__class_weight': 'balanced', 'quantifier__classifier__gamma': 0.04151780520243354, 'quantifier__recalib': None, 'confidence': None} [took 332.837s]
16/01/24 11:16:18| DEBUG       [size=11,place=2] best score = 0.01225560; best param = {'quantifier__classifier__C': 1000.0, 'quantifier__classifier__class_weight': 'balanced', 'quantifier__classifier__gamma': 4.151780520243354, 'quantifier__recalib': None, 'confidence': ['max_conf', 'entropy']} [took 332.838s]
16/01/24 11:25:16| DEBUG       [size=29,place=1] best score = 0.01013668; best param = {'quantifier__classifier__C': 100.0, 'quantifier__classifier__class_weight': 'balanced', 'quantifier__classifier__gamma': 0.04151780520243354, 'quantifier__recalib': None, 'confidence': ['isoft']} [took 538.454s]
16/01/24 11:25:16| DEBUG       [size=29,place=2] best score = 0.01095320; best param = {'quantifier__classifier__C': 1000.0, 'quantifier__classifier__class_weight': 'balanced', 'quantifier__classifier__gamma': 0.04151780520243354, 'quantifier__recalib': None, 'confidence': None} [took 538.455s]
16/01/24 11:35:06| DEBUG       [size=18,place=1] best score = 0.01019217; best param = {'quantifier__classifier__C': 10.0, 'quantifier__classifier__class_weight': 'balanced', 'quantifier__classifier__gamma': 0.04151780520243354, 'quantifier__recalib': None, 'confidence': ['isoft']} [took 589.946s]
16/01/24 11:35:06| DEBUG       [size=18,place=2] best score = 0.01056782; best param = {'quantifier__classifier__C': 0.1, 'quantifier__classifier__class_weight': 'balanced', 'quantifier__classifier__gamma': 0.04151780520243354, 'quantifier__recalib': None, 'confidence': ['isoft']} [took 589.947s]
16/01/24 11:35:06| DEBUG       [MultiClassAccuracyEstimator] optimization finished: best params {'quantifier__classifier__C': 100.0, 'quantifier__classifier__class_weight': 'balanced', 'quantifier__classifier__gamma': 0.04151780520243354, 'quantifier__recalib': None, 'confidence': ['isoft']} (score=0.01014) [took 1461.3473s]
16/01/24 11:38:31| INFO        d_m3w_sld_rbf_gs finished [took 1666.1367s]
16/01/24 11:38:31| INFO     Dataset sample [0.8 0.2] of dataset imdb finished [took 6001.4092s]
16/01/24 11:38:31| INFO     Dataset sample [0.9 0.1] of dataset imdb started
16/01/24 11:41:51| INFO        d_bin_sld_rbf finished [took 199.2329s]
16/01/24 11:42:49| INFO        d_bin_sld_rbf_mc finished [took 253.8906s]
16/01/24 11:42:59| INFO        d_m3w_sld_rbf finished [took 263.8287s]
16/01/24 11:43:12| INFO        d_m3w_sld_rbf_mc finished [took 277.1914s]
16/01/24 11:43:15| INFO        d_bin_sld_rbf_c finished [took 279.6862s]
16/01/24 11:43:18| INFO        d_bin_sld_rbf_ne finished [took 284.6091s]
16/01/24 11:43:19| INFO        d_m3w_sld_rbf_c finished [took 283.6815s]
16/01/24 11:43:26| INFO        d_mul_sld_rbf_ne finished [took 290.1739s]
16/01/24 11:43:27| INFO        d_mul_sld_rbf finished [took 291.3743s]
16/01/24 11:43:50| INFO        d_mul_sld_rbf_mc finished [took 314.6740s]
16/01/24 11:43:51| INFO        d_mul_sld_rbf_c finished [took 316.0080s]
16/01/24 11:43:52| INFO        ref finished [took 25.7492s]
16/01/24 11:44:03| INFO        atc_mc finished [took 35.3934s]
16/01/24 11:44:19| INFO        doc finished [took 28.4945s]
16/01/24 11:46:02| INFO        d_bin_sld_rbf_is finished [took 192.3197s]
16/01/24 11:46:12| INFO        d_m3w_sld_rbf_is finished [took 179.3905s]
16/01/24 11:46:16| INFO        d_m3w_sld_rbf_ne finished [took 264.1500s]
16/01/24 11:46:20| INFO        d_bin_sld_rbf_a finished [took 184.0656s]
16/01/24 11:46:23| INFO        d_mul_sld_rbf_is finished [took 203.4104s]
16/01/24 11:46:43| INFO        d_mul_sld_rbf_a finished [took 203.9266s]
16/01/24 11:47:08| INFO        d_m3w_sld_rbf_a finished [took 228.7695s]
16/01/24 11:49:48| DEBUG       [size=11,place=1] best score = 0.01292455; best param = {'quantifier__classifier__C': 0.1, 'quantifier__classifier__class_weight': 'balanced', 'quantifier__classifier__gamma': 293.30309131685345, 'quantifier__recalib': None, 'confidence': ['isoft']} [took 158.543s]
16/01/24 11:49:48| DEBUG       [size=11,place=2] best score = 0.01624608; best param = {'quantifier__classifier__C': 0.001, 'quantifier__classifier__class_weight': 'balanced', 'quantifier__classifier__gamma': 29.330309131685347, 'quantifier__recalib': None, 'confidence': ['max_conf', 'entropy']} [took 158.543s]
16/01/24 12:00:19| DEBUG       [size=30,place=1] best score = 0.01073827; best param = {'quantifier__classifier__C': 0.001, 'quantifier__classifier__class_weight': 'balanced', 'quantifier__classifier__gamma': 29.330309131685347, 'quantifier__recalib': None, 'confidence': None} [took 631.044s]
16/01/24 12:00:19| DEBUG       [size=30,place=2] best score = 0.01255025; best param = {'quantifier__classifier__C': 0.1, 'quantifier__classifier__class_weight': 'balanced', 'quantifier__classifier__gamma': 2.9330309131685346, 'quantifier__recalib': None, 'confidence': ['isoft']} [took 631.045s]
16/01/24 12:01:24| DEBUG       [size=23,place=1] best score = 0.01166563; best param = {'quantifier__classifier__C': 1.0, 'quantifier__classifier__class_weight': 'balanced', 'quantifier__classifier__gamma': 2.9330309131685346, 'quantifier__recalib': None, 'confidence': ['isoft']} [took 64.912s]
16/01/24 12:01:24| DEBUG       [size=23,place=2] best score = 0.01293980; best param = {'quantifier__classifier__C': 0.1, 'quantifier__classifier__class_weight': 'balanced', 'quantifier__classifier__gamma': 2.9330309131685346, 'quantifier__recalib': None, 'confidence': ['max_conf', 'entropy', 'isoft']} [took 64.913s]
16/01/24 12:01:24| DEBUG       [BinaryQuantifierAccuracyEstimator] optimization finished: best params {'quantifier__classifier__C': 0.001, 'quantifier__classifier__class_weight': 'balanced', 'quantifier__classifier__gamma': 29.330309131685347, 'quantifier__recalib': None, 'confidence': None} (score=0.01074) [took 854.6108s]
16/01/24 12:09:02| INFO        d_bin_sld_rbf_gs finished [took 1312.5975s]
16/01/24 12:11:49| DEBUG       [size=11,place=1] best score = 0.24195820; best param = {'quantifier__classifier__C': 1000.0, 'quantifier__classifier__class_weight': 'balanced', 'quantifier__classifier__gamma': 2.9330309131685346, 'quantifier__recalib': None, 'confidence': ['max_conf', 'entropy']} [took 166.213s]
16/01/24 12:11:49| DEBUG       [size=11,place=2] best score = 0.27879781; best param = {'quantifier__classifier__C': 100.0, 'quantifier__classifier__class_weight': 'balanced', 'quantifier__classifier__gamma': 0.029330309131685346, 'quantifier__recalib': None, 'confidence': None} [took 166.213s]
16/01/24 12:16:26| DEBUG       [size=29,place=1] best score = 0.06164482; best param = {'quantifier__classifier__C': 1000.0, 'quantifier__classifier__class_weight': 'balanced', 'quantifier__classifier__gamma': 2.9330309131685346, 'quantifier__recalib': None, 'confidence': None} [took 276.734s]
16/01/24 12:16:26| DEBUG       [size=29,place=2] best score = 0.19809992; best param = {'quantifier__classifier__C': 100.0, 'quantifier__classifier__class_weight': 'balanced', 'quantifier__classifier__gamma': 0.029330309131685346, 'quantifier__recalib': None, 'confidence': ['isoft']} [took 276.734s]
16/01/24 12:18:09| DEBUG       [size=22,place=1] best score = 0.09775856; best param = {'quantifier__classifier__C': 1000.0, 'quantifier__classifier__class_weight': None, 'quantifier__classifier__gamma': 2.9330309131685346, 'quantifier__recalib': None, 'confidence': None} [took 103.126s]
16/01/24 12:18:09| DEBUG       [size=22,place=2] best score = 0.13831309; best param = {'quantifier__classifier__C': 100.0, 'quantifier__classifier__class_weight': 'balanced', 'quantifier__classifier__gamma': 0.29330309131685345, 'quantifier__recalib': None, 'confidence': ['isoft']} [took 103.127s]
16/01/24 12:18:09| DEBUG       [MultiClassAccuracyEstimator] optimization finished: best params {'quantifier__classifier__C': 1000.0, 'quantifier__classifier__class_weight': 'balanced', 'quantifier__classifier__gamma': 2.9330309131685346, 'quantifier__recalib': None, 'confidence': None} (score=0.06164) [took 546.1817s]
16/01/24 12:21:20| INFO        d_mul_sld_rbf_gs finished [took 737.6605s]
16/01/24 12:24:09| DEBUG       [size=11,place=1] best score = 0.00903860; best param = {'quantifier__classifier__C': 0.1, 'quantifier__classifier__class_weight': 'balanced', 'quantifier__classifier__gamma': 0.29330309131685345, 'quantifier__recalib': None, 'confidence': ['max_conf', 'entropy', 'isoft']} [took 167.576s]
16/01/24 12:24:09| DEBUG       [size=11,place=2] best score = 0.01080314; best param = {'quantifier__classifier__C': 0.1, 'quantifier__classifier__class_weight': 'balanced', 'quantifier__classifier__gamma': 293.30309131685345, 'quantifier__recalib': None, 'confidence': ['isoft']} [took 167.577s]
16/01/24 12:32:38| DEBUG       [size=28,place=1] best score = 0.00835145; best param = {'quantifier__classifier__C': 10.0, 'quantifier__classifier__class_weight': 'balanced', 'quantifier__classifier__gamma': 0.29330309131685345, 'quantifier__recalib': None, 'confidence': ['max_conf', 'entropy', 'isoft']} [took 509.521s]
16/01/24 12:32:38| DEBUG       [size=28,place=2] best score = 0.00877281; best param = {'quantifier__classifier__C': 0.1, 'quantifier__classifier__class_weight': 'balanced', 'quantifier__classifier__gamma': 0.29330309131685345, 'quantifier__recalib': 'bcts', 'confidence': ['max_conf', 'entropy', 'isoft']} [took 509.522s]
16/01/24 12:33:59| DEBUG       [size=22,place=1] best score = 0.00828585; best param = {'quantifier__classifier__C': 1.0, 'quantifier__classifier__class_weight': 'balanced', 'quantifier__classifier__gamma': 0.29330309131685345, 'quantifier__recalib': 'bcts', 'confidence': ['max_conf', 'entropy', 'isoft']} [took 80.521s]
16/01/24 12:33:59| DEBUG       [size=22,place=2] best score = 0.00853948; best param = {'quantifier__classifier__C': 10.0, 'quantifier__classifier__class_weight': 'balanced', 'quantifier__classifier__gamma': 0.29330309131685345, 'quantifier__recalib': 'bcts', 'confidence': ['max_conf', 'entropy', 'isoft']} [took 80.521s]
16/01/24 12:35:36| DEBUG       [size=16,place=1] best score = 0.00809235; best param = {'quantifier__classifier__C': 10.0, 'quantifier__classifier__class_weight': 'balanced', 'quantifier__classifier__gamma': 0.029330309131685346, 'quantifier__recalib': 'bcts', 'confidence': ['max_conf', 'entropy', 'isoft']} [took 96.817s]
16/01/24 12:35:36| DEBUG       [size=16,place=2] best score = 0.00819828; best param = {'quantifier__classifier__C': 1.0, 'quantifier__classifier__class_weight': 'balanced', 'quantifier__classifier__gamma': 0.29330309131685345, 'quantifier__recalib': 'bcts', 'confidence': ['isoft']} [took 96.818s]
16/01/24 12:37:01| DEBUG       [size=18,place=1] best score = 0.00844601; best param = {'quantifier__classifier__C': 10.0, 'quantifier__classifier__class_weight': 'balanced', 'quantifier__classifier__gamma': 0.029330309131685346, 'quantifier__recalib': 'bcts', 'confidence': ['isoft']} [took 85.471s]
16/01/24 12:37:01| DEBUG       [size=18,place=2] best score = 0.00862933; best param = {'quantifier__classifier__C': 1.0, 'quantifier__classifier__class_weight': 'balanced', 'quantifier__classifier__gamma': 0.029330309131685346, 'quantifier__recalib': 'bcts', 'confidence': ['isoft']} [took 85.472s]
16/01/24 12:37:01| DEBUG       [MultiClassAccuracyEstimator] optimization finished: best params {'quantifier__classifier__C': 10.0, 'quantifier__classifier__class_weight': 'balanced', 'quantifier__classifier__gamma': 0.029330309131685346, 'quantifier__recalib': 'bcts', 'confidence': ['max_conf', 'entropy', 'isoft']} (score=0.00809) [took 940.0268s]
16/01/24 12:40:27| INFO        d_m3w_sld_rbf_gs finished [took 1145.6478s]
16/01/24 12:40:27| INFO     Dataset sample [0.9 0.1] of dataset imdb finished [took 3715.5478s]
