----------------------------------------------------------------------------------------------------
17/01/24 08:07:12| INFO     dataset imdb [pool size: 10]
17/01/24 08:07:13| INFO     Dataset sample [0.1 0.9] of dataset imdb started
17/01/24 08:07:17| WARNING     Method bin_kde_lr failed. Exception: This solver needs samples of at least 2 classes in the data, but the data contains only one class: 0
17/01/24 08:07:18| WARNING     Method bin_kde_lr_mc failed. Exception: This solver needs samples of at least 2 classes in the data, but the data contains only one class: 0
17/01/24 08:07:18| WARNING     Method bin_kde_lr_c failed. Exception: This solver needs samples of at least 2 classes in the data, but the data contains only one class: 0
17/01/24 08:07:18| WARNING     Method bin_kde_lr_ne failed. Exception: This solver needs samples of at least 2 classes in the data, but the data contains only one class: 0
17/01/24 08:07:20| WARNING     Method bin_kde_lr_is failed. Exception: This solver needs samples of at least 2 classes in the data, but the data contains only one class: 0
17/01/24 08:07:23| WARNING     Method bin_kde_lr_a failed. Exception: This solver needs samples of at least 2 classes in the data, but the data contains only one class: 0
17/01/24 08:37:51| INFO        m3w_kde_lr_c finished [took 1835.9724s]
17/01/24 08:38:00| INFO        m3w_kde_lr_ne finished [took 1840.9201s]
17/01/24 08:38:07| INFO        m3w_kde_lr finished [took 1850.0103s]
17/01/24 08:38:21| INFO        ref finished [took 20.3059s]
17/01/24 08:38:32| INFO        m3w_kde_lr_is finished [took 1872.8284s]
17/01/24 08:38:42| INFO        atc_mc finished [took 34.2464s]
17/01/24 08:38:57| INFO        m3w_kde_lr_mc finished [took 1900.2387s]
17/01/24 08:38:59| INFO        doc finished [took 36.9955s]
17/01/24 08:39:35| INFO        mul_kde_lr_a finished [took 1929.1477s]
17/01/24 08:39:58| INFO        mul_kde_lr_mc finished [took 1961.1607s]
17/01/24 08:40:30| INFO        mul_kde_lr_c finished [took 1992.4933s]
17/01/24 08:40:30| INFO        mul_kde_lr_ne finished [took 1992.8539s]
17/01/24 08:40:40| INFO        mul_kde_lr finished [took 2003.5211s]
17/01/24 08:40:49| INFO        mul_kde_lr_is finished [took 2008.8193s]
17/01/24 08:57:48| INFO        m3w_kde_lr_a finished [took 1196.2849s]
17/01/24 09:02:51| WARNING     Method bin_kde_lr_gs failed. Exception: no combination of hyperparameters seem to work
17/01/24 09:06:07| DEBUG       [size=11,place=1] best score = 0.00992778; best param = {'quantifier__classifier__C': 100.0, 'quantifier__classifier__class_weight': 'balanced', 'quantifier__bandwidth': 0.05, 'confidence': None} [took 195.505s]
17/01/24 09:06:07| DEBUG       [size=11,place=2] best score = 0.01005685; best param = {'quantifier__classifier__C': 100.0, 'quantifier__classifier__class_weight': 'balanced', 'quantifier__bandwidth': 0.03, 'confidence': ['max_conf', 'entropy', 'isoft']} [took 195.505s]
17/01/24 09:24:09| DEBUG       [size=54,place=1] best score = 0.00882471; best param = {'quantifier__classifier__C': 10.0, 'quantifier__classifier__class_weight': 'balanced', 'quantifier__bandwidth': 0.03, 'confidence': ['max_conf', 'entropy', 'isoft']} [took 1081.983s]
17/01/24 09:24:09| DEBUG       [size=54,place=2] best score = 0.00958286; best param = {'quantifier__classifier__C': 1.0, 'quantifier__classifier__class_weight': 'balanced', 'quantifier__bandwidth': 0.05, 'confidence': None} [took 1081.984s]
17/01/24 09:39:15| DEBUG       [size=44,place=1] best score = 0.00835096; best param = {'quantifier__classifier__C': 1.0, 'quantifier__classifier__class_weight': 'balanced', 'quantifier__bandwidth': 0.05, 'confidence': ['max_conf', 'entropy', 'isoft']} [took 905.534s]
17/01/24 09:39:15| DEBUG       [size=44,place=2] best score = 0.00872431; best param = {'quantifier__classifier__C': 10.0, 'quantifier__classifier__class_weight': 'balanced', 'quantifier__bandwidth': 0.060000000000000005, 'confidence': ['max_conf', 'entropy', 'isoft']} [took 905.535s]
17/01/24 09:49:02| DEBUG       [size=30,place=1] best score = 0.00833409; best param = {'quantifier__classifier__C': 1.0, 'quantifier__classifier__class_weight': 'balanced', 'quantifier__bandwidth': 0.06999999999999999, 'confidence': ['max_conf', 'entropy', 'isoft']} [took 586.772s]
17/01/24 09:49:02| DEBUG       [size=30,place=2] best score = 0.00844302; best param = {'quantifier__classifier__C': 1.0, 'quantifier__classifier__class_weight': 'balanced', 'quantifier__bandwidth': 0.060000000000000005, 'confidence': ['max_conf', 'entropy', 'isoft']} [took 586.773s]
17/01/24 09:51:12| DEBUG       [size=8,place=1] best score = 0.00897248; best param = {'quantifier__classifier__C': 1.0, 'quantifier__classifier__class_weight': 'balanced', 'quantifier__bandwidth': 0.060000000000000005, 'confidence': ['isoft']} [took 130.476s]
17/01/24 09:51:12| DEBUG       [size=8,place=2] best score = 0.00979283; best param = {'quantifier__classifier__C': 0.1, 'quantifier__classifier__class_weight': 'balanced', 'quantifier__bandwidth': 0.06999999999999999, 'confidence': ['max_conf', 'entropy', 'isoft']} [took 130.476s]
17/01/24 09:51:12| DEBUG       [MultiClassAccuracyEstimator] optimization finished: best params {'quantifier__classifier__C': 1.0, 'quantifier__classifier__class_weight': 'balanced', 'quantifier__bandwidth': 0.06999999999999999, 'confidence': ['max_conf', 'entropy', 'isoft']} (score=0.00833) [took 2900.3919s]
17/01/24 10:02:37| INFO        mul_kde_lr_gs finished [took 3585.5631s]
17/01/24 10:05:08| DEBUG       [size=11,place=1] best score = 0.01077512; best param = {'quantifier__classifier__C': 0.1, 'quantifier__classifier__class_weight': 'balanced', 'quantifier__bandwidth': 0.02, 'confidence': ['isoft']} [took 149.526s]
17/01/24 10:05:08| DEBUG       [size=11,place=2] best score = 0.01174785; best param = {'quantifier__classifier__C': 100.0, 'quantifier__classifier__class_weight': 'balanced', 'quantifier__bandwidth': 0.05, 'confidence': None} [took 149.527s]
17/01/24 10:15:54| DEBUG       [size=56,place=1] best score = 0.00880193; best param = {'quantifier__classifier__C': 1.0, 'quantifier__classifier__class_weight': 'balanced', 'quantifier__bandwidth': 0.05, 'confidence': None} [took 646.185s]
17/01/24 10:15:54| DEBUG       [size=56,place=2] best score = 0.00947233; best param = {'quantifier__classifier__C': 0.1, 'quantifier__classifier__class_weight': 'balanced', 'quantifier__bandwidth': 0.08, 'confidence': ['isoft']} [took 646.186s]
17/01/24 10:22:21| DEBUG       [size=31,place=1] best score = 0.00789609; best param = {'quantifier__classifier__C': 1.0, 'quantifier__classifier__class_weight': 'balanced', 'quantifier__bandwidth': 0.05, 'confidence': ['isoft']} [took 386.743s]
17/01/24 10:22:21| DEBUG       [size=31,place=2] best score = 0.00867569; best param = {'quantifier__classifier__C': 1.0, 'quantifier__classifier__class_weight': 'balanced', 'quantifier__bandwidth': 0.060000000000000005, 'confidence': None} [took 386.743s]
17/01/24 10:28:41| DEBUG       [size=28,place=1] best score = 0.00805206; best param = {'quantifier__classifier__C': 1.0, 'quantifier__classifier__class_weight': 'balanced', 'quantifier__bandwidth': 0.04, 'confidence': ['isoft']} [took 380.582s]
17/01/24 10:28:41| DEBUG       [size=28,place=2] best score = 0.00812860; best param = {'quantifier__classifier__C': 1.0, 'quantifier__classifier__class_weight': 'balanced', 'quantifier__bandwidth': 0.060000000000000005, 'confidence': ['isoft']} [took 380.582s]
17/01/24 10:28:41| DEBUG       [MultiClassAccuracyEstimator] optimization finished: best params {'quantifier__classifier__C': 1.0, 'quantifier__classifier__class_weight': 'balanced', 'quantifier__bandwidth': 0.05, 'confidence': ['isoft']} (score=0.00790) [took 1563.1524s]
17/01/24 10:38:20| INFO        m3w_kde_lr_gs finished [took 2141.4284s]
17/01/24 10:38:20| INFO     Dataset sample [0.1 0.9] of dataset imdb finished [took 9066.8899s]
17/01/24 10:38:20| INFO     Dataset sample [0.2 0.8] of dataset imdb started
17/01/24 11:00:57| INFO        bin_kde_lr_c finished [took 1352.2142s]
17/01/24 11:01:27| INFO        bin_kde_lr_mc finished [took 1381.9205s]
17/01/24 11:01:35| INFO        bin_kde_lr_ne finished [took 1390.1622s]
17/01/24 11:01:51| INFO        bin_kde_lr finished [took 1405.7207s]
17/01/24 11:05:19| INFO        m3w_kde_lr_mc finished [took 1614.2361s]
17/01/24 11:07:46| INFO        m3w_kde_lr_c finished [took 1761.3127s]
17/01/24 11:08:05| INFO        m3w_kde_lr finished [took 1779.6586s]
17/01/24 11:09:34| INFO        mul_kde_lr finished [took 1869.6798s]
17/01/24 11:09:37| INFO        mul_kde_lr_ne finished [took 1873.8614s]
17/01/24 11:09:49| INFO        mul_kde_lr_mc finished [took 1884.3932s]
17/01/24 11:10:00| INFO        ref finished [took 25.1008s]
17/01/24 11:10:12| INFO        atc_mc finished [took 33.9471s]
17/01/24 11:10:18| INFO        mul_kde_lr_c finished [took 1913.5879s]
17/01/24 11:10:30| INFO        doc finished [took 39.7053s]
17/01/24 11:19:51| INFO        bin_kde_lr_is finished [took 1102.6156s]
17/01/24 11:22:58| INFO        m3w_kde_lr_is finished [took 1266.1512s]
17/01/24 11:23:30| INFO        m3w_kde_lr_ne finished [took 1352.0918s]
17/01/24 11:25:14| INFO        bin_kde_lr_a finished [took 1193.6928s]
17/01/24 11:25:17| INFO        mul_kde_lr_is finished [took 1420.8833s]
17/01/24 11:27:40| INFO        m3w_kde_lr_a finished [took 1174.6296s]
17/01/24 11:31:49| INFO        mul_kde_lr_a finished [took 1442.1891s]
17/01/24 11:33:01| DEBUG       [size=11,place=1] best score = 0.00923744; best param = {'quantifier__classifier__C': 0.1, 'quantifier__classifier__class_weight': 'balanced', 'quantifier__bandwidth': 0.02, 'confidence': ['isoft']} [took 70.270s]
17/01/24 11:33:01| DEBUG       [size=11,place=2] best score = 0.01019348; best param = {'quantifier__classifier__C': 1000.0, 'quantifier__classifier__class_weight': 'balanced', 'quantifier__bandwidth': 0.04, 'confidence': ['max_conf', 'entropy', 'isoft']} [took 70.271s]
17/01/24 11:37:53| DEBUG       [size=56,place=1] best score = 0.00816100; best param = {'quantifier__classifier__C': 0.01, 'quantifier__classifier__class_weight': 'balanced', 'quantifier__bandwidth': 0.04, 'confidence': ['max_conf', 'entropy', 'isoft']} [took 292.373s]
17/01/24 11:37:53| DEBUG       [size=56,place=2] best score = 0.00820026; best param = {'quantifier__classifier__C': 1.0, 'quantifier__classifier__class_weight': 'balanced', 'quantifier__bandwidth': 0.04, 'confidence': ['max_conf', 'entropy', 'isoft']} [took 292.373s]
17/01/24 11:41:00| DEBUG       [size=44,place=1] best score = 0.00811391; best param = {'quantifier__classifier__C': 1.0, 'quantifier__classifier__class_weight': 'balanced', 'quantifier__bandwidth': 0.03, 'confidence': ['max_conf', 'entropy', 'isoft']} [took 186.966s]
17/01/24 11:41:00| DEBUG       [size=44,place=2] best score = 0.00815097; best param = {'quantifier__classifier__C': 0.01, 'quantifier__classifier__class_weight': 'balanced', 'quantifier__bandwidth': 0.05, 'confidence': ['max_conf', 'entropy', 'isoft']} [took 186.966s]
17/01/24 11:42:10| DEBUG       [size=13,place=1] best score = 0.00813395; best param = {'quantifier__classifier__C': 0.01, 'quantifier__classifier__class_weight': 'balanced', 'quantifier__bandwidth': 0.05, 'confidence': ['isoft']} [took 69.890s]
17/01/24 11:42:10| DEBUG       [size=13,place=2] best score = 0.00823875; best param = {'quantifier__classifier__C': 1.0, 'quantifier__classifier__class_weight': 'balanced', 'quantifier__bandwidth': 0.03, 'confidence': ['isoft']} [took 69.890s]
17/01/24 11:42:10| DEBUG       [BinaryQuantifierAccuracyEstimator] optimization finished: best params {'quantifier__classifier__C': 1.0, 'quantifier__classifier__class_weight': 'balanced', 'quantifier__bandwidth': 0.03, 'confidence': ['max_conf', 'entropy', 'isoft']} (score=0.00811) [took 619.6234s]
17/01/24 11:50:00| INFO        bin_kde_lr_gs finished [took 1088.8237s]
17/01/24 11:53:28| DEBUG       [size=11,place=1] best score = 0.01125368; best param = {'quantifier__classifier__C': 1000.0, 'quantifier__classifier__class_weight': 'balanced', 'quantifier__bandwidth': 0.04, 'confidence': ['max_conf', 'entropy', 'isoft']} [took 207.640s]
17/01/24 11:53:28| DEBUG       [size=11,place=2] best score = 0.01132341; best param = {'quantifier__classifier__C': 100.0, 'quantifier__classifier__class_weight': 'balanced', 'quantifier__bandwidth': 0.01, 'confidence': ['isoft']} [took 207.640s]
17/01/24 12:12:53| DEBUG       [size=56,place=1] best score = 0.00745611; best param = {'quantifier__classifier__C': 10.0, 'quantifier__classifier__class_weight': 'balanced', 'quantifier__bandwidth': 0.01, 'confidence': ['isoft']} [took 1165.171s]
17/01/24 12:12:53| DEBUG       [size=56,place=2] best score = 0.00842643; best param = {'quantifier__classifier__C': 0.1, 'quantifier__classifier__class_weight': 'balanced', 'quantifier__bandwidth': 0.04, 'confidence': ['max_conf', 'entropy', 'isoft']} [took 1165.172s]
17/01/24 12:26:37| DEBUG       [size=44,place=1] best score = 0.00741641; best param = {'quantifier__classifier__C': 10.0, 'quantifier__classifier__class_weight': 'balanced', 'quantifier__bandwidth': 0.01, 'confidence': ['max_conf', 'entropy', 'isoft']} [took 823.062s]
17/01/24 12:26:37| DEBUG       [size=44,place=2] best score = 0.00793287; best param = {'quantifier__classifier__C': 10.0, 'quantifier__classifier__class_weight': 'balanced', 'quantifier__bandwidth': 0.02, 'confidence': ['isoft']} [took 823.062s]
17/01/24 12:36:36| DEBUG       [size=28,place=1] best score = 0.00774443; best param = {'quantifier__classifier__C': 10.0, 'quantifier__classifier__class_weight': 'balanced', 'quantifier__bandwidth': 0.02, 'confidence': ['max_conf', 'entropy', 'isoft']} [took 599.514s]
17/01/24 12:36:36| DEBUG       [size=28,place=2] best score = 0.00834688; best param = {'quantifier__classifier__C': 10.0, 'quantifier__classifier__class_weight': 'balanced', 'quantifier__bandwidth': 0.02, 'confidence': None} [took 599.515s]
17/01/24 12:36:36| DEBUG       [MultiClassAccuracyEstimator] optimization finished: best params {'quantifier__classifier__C': 10.0, 'quantifier__classifier__class_weight': 'balanced', 'quantifier__bandwidth': 0.01, 'confidence': ['max_conf', 'entropy', 'isoft']} (score=0.00742) [took 2795.5047s]
17/01/24 12:45:11| INFO        mul_kde_lr_gs finished [took 3310.5164s]
17/01/24 12:47:46| DEBUG       [size=11,place=1] best score = 0.01075525; best param = {'quantifier__classifier__C': 100.0, 'quantifier__classifier__class_weight': 'balanced', 'quantifier__bandwidth': 0.01, 'confidence': ['isoft']} [took 153.467s]
17/01/24 12:47:46| DEBUG       [size=11,place=2] best score = 0.01115909; best param = {'quantifier__classifier__C': 0.1, 'quantifier__classifier__class_weight': 'balanced', 'quantifier__bandwidth': 0.02, 'confidence': ['isoft']} [took 153.467s]
17/01/24 12:58:01| DEBUG       [size=54,place=1] best score = 0.00863327; best param = {'quantifier__classifier__C': 1.0, 'quantifier__classifier__class_weight': 'balanced', 'quantifier__bandwidth': 0.01, 'confidence': ['isoft']} [took 615.162s]
17/01/24 12:58:01| DEBUG       [size=54,place=2] best score = 0.00903841; best param = {'quantifier__classifier__C': 100.0, 'quantifier__classifier__class_weight': 'balanced', 'quantifier__bandwidth': 0.01, 'confidence': ['max_conf', 'entropy', 'isoft']} [took 615.162s]
17/01/24 13:08:56| DEBUG       [size=45,place=1] best score = 0.00881912; best param = {'quantifier__classifier__C': 1.0, 'quantifier__classifier__class_weight': 'balanced', 'quantifier__bandwidth': 0.01, 'confidence': ['max_conf', 'entropy', 'isoft']} [took 655.257s]
17/01/24 13:08:56| DEBUG       [size=45,place=2] best score = 0.00899843; best param = {'quantifier__classifier__C': 1.0, 'quantifier__classifier__class_weight': 'balanced', 'quantifier__bandwidth': 0.01, 'confidence': None} [took 655.257s]
17/01/24 13:08:56| DEBUG       [MultiClassAccuracyEstimator] optimization finished: best params {'quantifier__classifier__C': 1.0, 'quantifier__classifier__class_weight': 'balanced', 'quantifier__bandwidth': 0.01, 'confidence': ['isoft']} (score=0.00863) [took 1423.9967s]
17/01/24 13:16:43| INFO        m3w_kde_lr_gs finished [took 1890.9184s]
17/01/24 13:16:43| INFO     Dataset sample [0.2 0.8] of dataset imdb finished [took 9503.5735s]
17/01/24 13:16:43| INFO     Dataset sample [0.3 0.7] of dataset imdb started
17/01/24 13:32:56| INFO        bin_kde_lr finished [took 967.9690s]
17/01/24 13:33:39| INFO        bin_kde_lr_mc finished [took 1009.9615s]
17/01/24 13:34:12| INFO        bin_kde_lr_c finished [took 1042.8947s]
17/01/24 13:34:24| INFO        bin_kde_lr_ne finished [took 1054.9447s]
17/01/24 13:41:14| INFO        m3w_kde_lr finished [took 1466.1205s]
17/01/24 13:41:44| INFO        m3w_kde_lr_c finished [took 1495.0997s]
17/01/24 13:42:46| INFO        m3w_kde_lr_mc finished [took 1559.5153s]
17/01/24 13:43:25| INFO        mul_kde_lr finished [took 1595.9016s]
17/01/24 13:43:35| INFO        mul_kde_lr_mc finished [took 1605.9379s]
17/01/24 13:43:51| INFO        ref finished [took 25.7833s]
17/01/24 13:43:53| INFO        mul_kde_lr_c finished [took 1625.0436s]
17/01/24 13:44:10| INFO        atc_mc finished [took 34.4939s]
17/01/24 13:44:13| INFO        mul_kde_lr_ne finished [took 1644.8920s]
17/01/24 13:44:29| INFO        doc finished [took 36.7820s]
17/01/24 13:48:47| INFO        bin_kde_lr_is finished [took 907.1609s]
17/01/24 13:53:25| INFO        m3w_kde_lr_ne finished [took 1228.3357s]
17/01/24 13:54:10| INFO        m3w_kde_lr_is finished [took 1184.9214s]
17/01/24 13:54:57| INFO        bin_kde_lr_a finished [took 822.0728s]
17/01/24 13:56:09| INFO        mul_kde_lr_is finished [took 1316.2117s]
17/01/24 13:59:57| INFO        mul_kde_lr_a finished [took 1091.9368s]
17/01/24 14:00:00| INFO        m3w_kde_lr_a finished [took 1033.2961s]
17/01/24 14:01:16| DEBUG       [size=11,place=1] best score = 0.01820783; best param = {'quantifier__classifier__C': 100.0, 'quantifier__classifier__class_weight': 'balanced', 'quantifier__bandwidth': 0.03, 'confidence': ['max_conf', 'entropy', 'isoft']} [took 73.810s]
17/01/24 14:01:16| DEBUG       [size=11,place=2] best score = 0.02005246; best param = {'quantifier__classifier__C': 100.0, 'quantifier__classifier__class_weight': 'balanced', 'quantifier__bandwidth': 0.01, 'confidence': ['isoft']} [took 73.810s]
17/01/24 14:07:58| DEBUG       [size=54,place=1] best score = 0.01697068; best param = {'quantifier__classifier__C': 100.0, 'quantifier__classifier__class_weight': None, 'quantifier__bandwidth': 0.01, 'confidence': ['isoft']} [took 402.633s]
17/01/24 14:07:58| DEBUG       [size=54,place=2] best score = 0.01711240; best param = {'quantifier__classifier__C': 100.0, 'quantifier__classifier__class_weight': 'balanced', 'quantifier__bandwidth': 0.02, 'confidence': ['max_conf', 'entropy', 'isoft']} [took 402.634s]
17/01/24 14:12:07| DEBUG       [size=35,place=1] best score = 0.01786725; best param = {'quantifier__classifier__C': 100.0, 'quantifier__classifier__class_weight': None, 'quantifier__bandwidth': 0.01, 'confidence': ['max_conf', 'entropy', 'isoft']} [took 248.927s]
17/01/24 14:12:07| DEBUG       [size=35,place=2] best score = 0.01854034; best param = {'quantifier__classifier__C': 100.0, 'quantifier__classifier__class_weight': None, 'quantifier__bandwidth': 0.01, 'confidence': None} [took 248.927s]
17/01/24 14:12:07| DEBUG       [BinaryQuantifierAccuracyEstimator] optimization finished: best params {'quantifier__classifier__C': 100.0, 'quantifier__classifier__class_weight': None, 'quantifier__bandwidth': 0.01, 'confidence': ['isoft']} (score=0.01697) [took 725.4828s]
17/01/24 14:18:40| INFO        bin_kde_lr_gs finished [took 1118.6322s]
17/01/24 14:22:02| DEBUG       [size=11,place=1] best score = 0.01368451; best param = {'quantifier__classifier__C': 100.0, 'quantifier__classifier__class_weight': 'balanced', 'quantifier__bandwidth': 0.01, 'confidence': ['isoft']} [took 200.405s]
17/01/24 14:22:02| DEBUG       [size=11,place=2] best score = 0.01844811; best param = {'quantifier__classifier__C': 100.0, 'quantifier__classifier__class_weight': 'balanced', 'quantifier__bandwidth': 0.03, 'confidence': ['max_conf', 'entropy', 'isoft']} [took 200.406s]
17/01/24 14:40:50| DEBUG       [size=54,place=1] best score = 0.01280631; best param = {'quantifier__classifier__C': 10.0, 'quantifier__classifier__class_weight': 'balanced', 'quantifier__bandwidth': 0.01, 'confidence': ['isoft']} [took 1128.149s]
17/01/24 14:40:50| DEBUG       [size=54,place=2] best score = 0.01415096; best param = {'quantifier__classifier__C': 100.0, 'quantifier__classifier__class_weight': 'balanced', 'quantifier__bandwidth': 0.01, 'confidence': ['max_conf', 'entropy', 'isoft']} [took 1128.149s]
17/01/24 14:51:12| DEBUG       [size=28,place=1] best score = 0.01263090; best param = {'quantifier__classifier__C': 10.0, 'quantifier__classifier__class_weight': 'balanced', 'quantifier__bandwidth': 0.01, 'confidence': None} [took 621.651s]
17/01/24 14:51:12| DEBUG       [size=28,place=2] best score = 0.01414849; best param = {'quantifier__classifier__C': 10.0, 'quantifier__classifier__class_weight': 'balanced', 'quantifier__bandwidth': 0.01, 'confidence': ['max_conf', 'entropy', 'isoft']} [took 621.651s]
17/01/24 15:06:47| DEBUG       [size=44,place=1] best score = 0.01045687; best param = {'quantifier__classifier__C': 0.1, 'quantifier__classifier__class_weight': 'balanced', 'quantifier__bandwidth': 0.01, 'confidence': None} [took 935.116s]
17/01/24 15:06:47| DEBUG       [size=44,place=2] best score = 0.01486032; best param = {'quantifier__classifier__C': 10.0, 'quantifier__classifier__class_weight': 'balanced', 'quantifier__bandwidth': 0.02, 'confidence': None} [took 935.117s]
17/01/24 15:12:02| DEBUG       [size=26,place=1] best score = 0.01103107; best param = {'quantifier__classifier__C': 0.1, 'quantifier__classifier__class_weight': None, 'quantifier__bandwidth': 0.01, 'confidence': None} [took 315.502s]
17/01/24 15:12:02| DEBUG       [size=26,place=2] best score = 0.01491392; best param = {'quantifier__classifier__C': 1.0, 'quantifier__classifier__class_weight': 'balanced', 'quantifier__bandwidth': 0.02, 'confidence': None} [took 315.503s]
17/01/24 15:12:02| DEBUG       [MultiClassAccuracyEstimator] optimization finished: best params {'quantifier__classifier__C': 0.1, 'quantifier__classifier__class_weight': 'balanced', 'quantifier__bandwidth': 0.01, 'confidence': None} (score=0.01046) [took 3200.9459s]
17/01/24 15:19:17| INFO        mul_kde_lr_gs finished [took 3635.7264s]
17/01/24 15:21:50| DEBUG       [size=11,place=1] best score = 0.01570446; best param = {'quantifier__classifier__C': 100.0, 'quantifier__classifier__class_weight': 'balanced', 'quantifier__bandwidth': 0.01, 'confidence': ['isoft']} [took 151.540s]
17/01/24 15:21:50| DEBUG       [size=11,place=2] best score = 0.02670393; best param = {'quantifier__classifier__C': 100.0, 'quantifier__classifier__class_weight': None, 'quantifier__bandwidth': 0.04, 'confidence': None} [took 151.541s]
17/01/24 15:35:19| DEBUG       [size=55,place=1] best score = 0.01243688; best param = {'quantifier__classifier__C': 100.0, 'quantifier__classifier__class_weight': 'balanced', 'quantifier__bandwidth': 0.01, 'confidence': None} [took 809.189s]
17/01/24 15:35:19| DEBUG       [size=55,place=2] best score = 0.01415238; best param = {'quantifier__classifier__C': 100.0, 'quantifier__classifier__class_weight': None, 'quantifier__bandwidth': 0.01, 'confidence': ['isoft']} [took 809.190s]
17/01/24 15:47:18| DEBUG       [size=48,place=1] best score = 0.01393026; best param = {'quantifier__classifier__C': 1.0, 'quantifier__classifier__class_weight': 'balanced', 'quantifier__bandwidth': 0.01, 'confidence': None} [took 718.703s]
17/01/24 15:47:18| DEBUG       [size=48,place=2] best score = 0.01440463; best param = {'quantifier__classifier__C': 10.0, 'quantifier__classifier__class_weight': None, 'quantifier__bandwidth': 0.01, 'confidence': ['isoft']} [took 718.703s]
17/01/24 15:47:18| DEBUG       [MultiClassAccuracyEstimator] optimization finished: best params {'quantifier__classifier__C': 100.0, 'quantifier__classifier__class_weight': 'balanced', 'quantifier__bandwidth': 0.01, 'confidence': None} (score=0.01244) [took 1679.5437s]
17/01/24 15:55:06| INFO        m3w_kde_lr_gs finished [took 2148.0344s]
17/01/24 15:55:06| INFO     Dataset sample [0.3 0.7] of dataset imdb finished [took 9503.1785s]
17/01/24 15:55:06| INFO     Dataset sample [0.4 0.6] of dataset imdb started
17/01/24 16:10:53| INFO        bin_kde_lr_c finished [took 941.7376s]
17/01/24 16:10:53| INFO        bin_kde_lr finished [took 941.9164s]
17/01/24 16:11:05| INFO        bin_kde_lr_ne finished [took 953.8076s]
17/01/24 16:11:08| INFO        bin_kde_lr_mc finished [took 957.1133s]
17/01/24 16:20:35| INFO        m3w_kde_lr_c finished [took 1523.6153s]
17/01/24 16:20:39| INFO        mul_kde_lr finished [took 1528.5344s]
17/01/24 16:20:53| INFO        m3w_kde_lr finished [took 1541.5821s]
17/01/24 16:21:30| INFO        m3w_kde_lr_mc finished [took 1578.7994s]
17/01/24 16:21:57| INFO        ref finished [took 25.7666s]
17/01/24 16:22:28| INFO        mul_kde_lr_c finished [took 1638.0541s]
17/01/24 16:22:31| INFO        atc_mc finished [took 33.3518s]
17/01/24 16:22:34| INFO        mul_kde_lr_ne finished [took 1642.9002s]
17/01/24 16:22:48| INFO        mul_kde_lr_mc finished [took 1658.8541s]
17/01/24 16:23:07| INFO        doc finished [took 38.5034s]
17/01/24 16:24:56| INFO        bin_kde_lr_is finished [took 842.2234s]
17/01/24 16:31:37| INFO        m3w_kde_lr_ne finished [took 1243.2343s]
17/01/24 16:31:39| INFO        bin_kde_lr_a finished [took 663.6217s]
17/01/24 16:32:04| INFO        m3w_kde_lr_is finished [took 1254.3693s]
17/01/24 16:33:32| INFO        mul_kde_lr_is finished [took 1346.0952s]
17/01/24 16:38:16| INFO        m3w_kde_lr_a finished [took 1042.9097s]
17/01/24 16:39:34| INFO        mul_kde_lr_a finished [took 1133.8155s]
17/01/24 16:40:47| DEBUG       [size=11,place=1] best score = 0.01437626; best param = {'quantifier__classifier__C': 100.0, 'quantifier__classifier__class_weight': 'balanced', 'quantifier__bandwidth': 0.01, 'confidence': ['isoft']} [took 71.288s]
17/01/24 16:40:47| DEBUG       [size=11,place=2] best score = 0.01471292; best param = {'quantifier__classifier__C': 100.0, 'quantifier__classifier__class_weight': 'balanced', 'quantifier__bandwidth': 0.03, 'confidence': ['max_conf', 'entropy', 'isoft']} [took 71.288s]
17/01/24 16:47:35| DEBUG       [size=54,place=1] best score = 0.01107811; best param = {'quantifier__classifier__C': 10.0, 'quantifier__classifier__class_weight': 'balanced', 'quantifier__bandwidth': 0.03, 'confidence': ['max_conf', 'entropy', 'isoft']} [took 408.391s]
17/01/24 16:47:35| DEBUG       [size=54,place=2] best score = 0.01124432; best param = {'quantifier__classifier__C': 1.0, 'quantifier__classifier__class_weight': 'balanced', 'quantifier__bandwidth': 0.03, 'confidence': ['max_conf', 'entropy', 'isoft']} [took 408.392s]
17/01/24 16:52:09| DEBUG       [size=44,place=1] best score = 0.01072005; best param = {'quantifier__classifier__C': 1.0, 'quantifier__classifier__class_weight': 'balanced', 'quantifier__bandwidth': 0.02, 'confidence': ['max_conf', 'entropy', 'isoft']} [took 274.168s]
17/01/24 16:52:09| DEBUG       [size=44,place=2] best score = 0.01081383; best param = {'quantifier__classifier__C': 1.0, 'quantifier__classifier__class_weight': 'balanced', 'quantifier__bandwidth': 0.03, 'confidence': None} [took 274.168s]
17/01/24 16:54:06| DEBUG       [size=30,place=1] best score = 0.01048550; best param = {'quantifier__classifier__C': 1.0, 'quantifier__classifier__class_weight': 'balanced', 'quantifier__bandwidth': 0.02, 'confidence': None} [took 116.553s]
17/01/24 16:54:06| DEBUG       [size=30,place=2] best score = 0.01065180; best param = {'quantifier__classifier__C': 1.0, 'quantifier__classifier__class_weight': 'balanced', 'quantifier__bandwidth': 0.02, 'confidence': ['isoft']} [took 116.553s]
17/01/24 16:56:10| DEBUG       [size=29,place=1] best score = 0.01066180; best param = {'quantifier__classifier__C': 10.0, 'quantifier__classifier__class_weight': 'balanced', 'quantifier__bandwidth': 0.02, 'confidence': None} [took 124.115s]
17/01/24 16:56:10| DEBUG       [size=29,place=2] best score = 0.01153340; best param = {'quantifier__classifier__C': 10.0, 'quantifier__classifier__class_weight': 'balanced', 'quantifier__bandwidth': 0.02, 'confidence': ['isoft']} [took 124.115s]
17/01/24 16:56:10| DEBUG       [BinaryQuantifierAccuracyEstimator] optimization finished: best params {'quantifier__classifier__C': 1.0, 'quantifier__classifier__class_weight': 'balanced', 'quantifier__bandwidth': 0.02, 'confidence': None} (score=0.01049) [took 994.6350s]
17/01/24 17:00:56| INFO        bin_kde_lr_gs finished [took 1280.2923s]
17/01/24 17:04:14| DEBUG       [size=11,place=1] best score = 0.01152770; best param = {'quantifier__classifier__C': 0.1, 'quantifier__classifier__class_weight': 'balanced', 'quantifier__bandwidth': 0.02, 'confidence': ['isoft']} [took 197.120s]
17/01/24 17:04:14| DEBUG       [size=11,place=2] best score = 0.01566664; best param = {'quantifier__classifier__C': 100.0, 'quantifier__classifier__class_weight': 'balanced', 'quantifier__bandwidth': 0.05, 'confidence': None} [took 197.120s]
17/01/24 17:18:49| DEBUG       [size=56,place=1] best score = 0.01083922; best param = {'quantifier__classifier__C': 0.1, 'quantifier__classifier__class_weight': 'balanced', 'quantifier__bandwidth': 0.02, 'confidence': None} [took 875.185s]
17/01/24 17:18:49| DEBUG       [size=56,place=2] best score = 0.01085886; best param = {'quantifier__classifier__C': 0.1, 'quantifier__classifier__class_weight': 'balanced', 'quantifier__bandwidth': 0.03, 'confidence': ['isoft']} [took 875.185s]
17/01/24 17:25:02| DEBUG       [size=32,place=1] best score = 0.01058267; best param = {'quantifier__classifier__C': 1.0, 'quantifier__classifier__class_weight': 'balanced', 'quantifier__bandwidth': 0.03, 'confidence': ['isoft']} [took 372.779s]
17/01/24 17:25:02| DEBUG       [size=32,place=2] best score = 0.01091785; best param = {'quantifier__classifier__C': 0.1, 'quantifier__classifier__class_weight': 'balanced', 'quantifier__bandwidth': 0.03, 'confidence': ['max_conf', 'entropy', 'isoft']} [took 372.780s]
17/01/24 17:37:53| DEBUG       [size=44,place=1] best score = 0.01053663; best param = {'quantifier__classifier__C': 1.0, 'quantifier__classifier__class_weight': 'balanced', 'quantifier__bandwidth': 0.03, 'confidence': ['max_conf', 'entropy', 'isoft']} [took 771.700s]
17/01/24 17:37:53| DEBUG       [size=44,place=2] best score = 0.01109070; best param = {'quantifier__classifier__C': 1.0, 'quantifier__classifier__class_weight': 'balanced', 'quantifier__bandwidth': 0.04, 'confidence': ['isoft']} [took 771.701s]
17/01/24 17:47:44| DEBUG       [size=27,place=1] best score = 0.01103744; best param = {'quantifier__classifier__C': 1.0, 'quantifier__classifier__class_weight': 'balanced', 'quantifier__bandwidth': 0.04, 'confidence': ['max_conf', 'entropy', 'isoft']} [took 590.618s]
17/01/24 17:47:44| DEBUG       [size=27,place=2] best score = 0.01204184; best param = {'quantifier__classifier__C': 1.0, 'quantifier__classifier__class_weight': 'balanced', 'quantifier__bandwidth': 0.05, 'confidence': ['max_conf', 'entropy', 'isoft']} [took 590.619s]
17/01/24 17:47:44| DEBUG       [MultiClassAccuracyEstimator] optimization finished: best params {'quantifier__classifier__C': 1.0, 'quantifier__classifier__class_weight': 'balanced', 'quantifier__bandwidth': 0.03, 'confidence': ['max_conf', 'entropy', 'isoft']} (score=0.01054) [took 2807.5283s]
17/01/24 17:53:43| INFO        mul_kde_lr_gs finished [took 3166.1334s]
17/01/24 17:56:10| DEBUG       [size=11,place=1] best score = 0.01788423; best param = {'quantifier__classifier__C': 100.0, 'quantifier__classifier__class_weight': 'balanced', 'quantifier__bandwidth': 0.03, 'confidence': ['max_conf', 'entropy', 'isoft']} [took 146.620s]
17/01/24 17:56:10| DEBUG       [size=11,place=2] best score = 0.01913728; best param = {'quantifier__classifier__C': 100.0, 'quantifier__classifier__class_weight': 'balanced', 'quantifier__bandwidth': 0.05, 'confidence': None} [took 146.621s]
17/01/24 18:09:23| DEBUG       [size=54,place=1] best score = 0.01431430; best param = {'quantifier__classifier__C': 100.0, 'quantifier__classifier__class_weight': 'balanced', 'quantifier__bandwidth': 0.02, 'confidence': None} [took 793.045s]
17/01/24 18:09:23| DEBUG       [size=54,place=2] best score = 0.01612110; best param = {'quantifier__classifier__C': 100.0, 'quantifier__classifier__class_weight': 'balanced', 'quantifier__bandwidth': 0.01, 'confidence': ['max_conf', 'entropy', 'isoft']} [took 793.046s]
17/01/24 18:12:20| DEBUG       [size=15,place=1] best score = 0.01372238; best param = {'quantifier__classifier__C': 1000.0, 'quantifier__classifier__class_weight': 'balanced', 'quantifier__bandwidth': 0.02, 'confidence': None} [took 176.885s]
17/01/24 18:12:20| DEBUG       [size=15,place=2] best score = 0.01489021; best param = {'quantifier__classifier__C': 100.0, 'quantifier__classifier__class_weight': 'balanced', 'quantifier__bandwidth': 0.02, 'confidence': ['isoft']} [took 176.886s]
17/01/24 18:23:45| DEBUG       [size=42,place=1] best score = 0.01433691; best param = {'quantifier__classifier__C': 1000.0, 'quantifier__classifier__class_weight': 'balanced', 'quantifier__bandwidth': 0.03, 'confidence': None} [took 685.149s]
17/01/24 18:23:45| DEBUG       [size=42,place=2] best score = 0.01487264; best param = {'quantifier__classifier__C': 1000.0, 'quantifier__classifier__class_weight': 'balanced', 'quantifier__bandwidth': 0.02, 'confidence': ['max_conf', 'entropy', 'isoft']} [took 685.150s]
17/01/24 18:23:45| DEBUG       [MultiClassAccuracyEstimator] optimization finished: best params {'quantifier__classifier__C': 1000.0, 'quantifier__classifier__class_weight': 'balanced', 'quantifier__bandwidth': 0.02, 'confidence': None} (score=0.01372) [took 1801.8154s]
17/01/24 18:30:47| INFO        m3w_kde_lr_gs finished [took 2223.5015s]
17/01/24 18:30:47| INFO     Dataset sample [0.4 0.6] of dataset imdb finished [took 9340.5929s]
17/01/24 18:30:47| INFO     Dataset sample [0.5 0.5] of dataset imdb started
17/01/24 18:46:16| INFO        bin_kde_lr_c finished [took 923.8849s]
17/01/24 18:46:19| INFO        bin_kde_lr_ne finished [took 926.6455s]
17/01/24 18:46:52| INFO        bin_kde_lr_mc finished [took 959.4719s]
17/01/24 18:46:56| INFO        bin_kde_lr finished [took 964.0416s]
17/01/24 18:57:02| INFO        m3w_kde_lr_mc finished [took 1569.4670s]
17/01/24 18:57:18| INFO        m3w_kde_lr_c finished [took 1588.1372s]
17/01/24 18:57:28| INFO        m3w_kde_lr finished [took 1595.3821s]
17/01/24 18:58:28| INFO        mul_kde_lr_mc finished [took 1655.5582s]
17/01/24 18:58:52| INFO        ref finished [took 23.3253s]
17/01/24 18:59:26| INFO        atc_mc finished [took 33.0813s]
17/01/24 18:59:41| INFO        mul_kde_lr finished [took 1728.6773s]
17/01/24 18:59:44| INFO        mul_kde_lr_ne finished [took 1731.6685s]
17/01/24 18:59:55| INFO        doc finished [took 28.0262s]
17/01/24 19:01:01| INFO        mul_kde_lr_c finished [took 1808.8910s]
17/01/24 19:01:07| INFO        bin_kde_lr_is finished [took 886.7654s]
17/01/24 19:07:58| INFO        m3w_kde_lr_is finished [took 1260.9314s]
17/01/24 19:08:03| INFO        m3w_kde_lr_ne finished [took 1306.0447s]
17/01/24 19:08:39| INFO        bin_kde_lr_a finished [took 696.5691s]
17/01/24 19:10:24| INFO        mul_kde_lr_is finished [took 1411.8727s]
17/01/24 19:15:17| INFO        m3w_kde_lr_a finished [took 1068.1511s]
17/01/24 19:17:54| INFO        mul_kde_lr_a finished [took 1234.9447s]
17/01/24 19:19:08| DEBUG       [size=11,place=1] best score = 0.01038404; best param = {'quantifier__classifier__C': 100.0, 'quantifier__classifier__class_weight': 'balanced', 'quantifier__bandwidth': 0.03, 'confidence': ['max_conf', 'entropy', 'isoft']} [took 72.290s]
17/01/24 19:19:08| DEBUG       [size=11,place=2] best score = 0.01174432; best param = {'quantifier__classifier__C': 0.1, 'quantifier__classifier__class_weight': 'balanced', 'quantifier__bandwidth': 0.02, 'confidence': ['isoft']} [took 72.291s]
17/01/24 19:24:14| DEBUG       [size=56,place=1] best score = 0.00935040; best param = {'quantifier__classifier__C': 100.0, 'quantifier__classifier__class_weight': 'balanced', 'quantifier__bandwidth': 0.02, 'confidence': ['max_conf', 'entropy', 'isoft']} [took 306.665s]
17/01/24 19:24:14| DEBUG       [size=56,place=2] best score = 0.00963462; best param = {'quantifier__classifier__C': 10.0, 'quantifier__classifier__class_weight': 'balanced', 'quantifier__bandwidth': 0.03, 'confidence': ['max_conf', 'entropy', 'isoft']} [took 306.666s]
17/01/24 19:27:37| DEBUG       [size=28,place=1] best score = 0.00970461; best param = {'quantifier__classifier__C': 10.0, 'quantifier__classifier__class_weight': 'balanced', 'quantifier__bandwidth': 0.03, 'confidence': None} [took 202.979s]
17/01/24 19:27:37| DEBUG       [size=28,place=2] best score = 0.00977964; best param = {'quantifier__classifier__C': 100.0, 'quantifier__classifier__class_weight': 'balanced', 'quantifier__bandwidth': 0.02, 'confidence': None} [took 202.979s]
17/01/24 19:27:37| DEBUG       [BinaryQuantifierAccuracyEstimator] optimization finished: best params {'quantifier__classifier__C': 100.0, 'quantifier__classifier__class_weight': 'balanced', 'quantifier__bandwidth': 0.02, 'confidence': ['max_conf', 'entropy', 'isoft']} (score=0.00935) [took 582.0471s]
17/01/24 19:32:57| INFO        bin_kde_lr_gs finished [took 902.0602s]
17/01/24 19:36:18| DEBUG       [size=11,place=1] best score = 0.01020322; best param = {'quantifier__classifier__C': 1000.0, 'quantifier__classifier__class_weight': 'balanced', 'quantifier__bandwidth': 0.04, 'confidence': ['max_conf', 'entropy', 'isoft']} [took 199.682s]
17/01/24 19:36:18| DEBUG       [size=11,place=2] best score = 0.01074703; best param = {'quantifier__classifier__C': 100.0, 'quantifier__classifier__class_weight': 'balanced', 'quantifier__bandwidth': 0.03, 'confidence': ['max_conf', 'entropy', 'isoft']} [took 199.683s]
17/01/24 19:54:44| DEBUG       [size=54,place=1] best score = 0.00981962; best param = {'quantifier__classifier__C': 10.0, 'quantifier__classifier__class_weight': 'balanced', 'quantifier__bandwidth': 0.04, 'confidence': ['max_conf', 'entropy', 'isoft']} [took 1105.658s]
17/01/24 19:54:44| DEBUG       [size=54,place=2] best score = 0.01014938; best param = {'quantifier__classifier__C': 1000.0, 'quantifier__classifier__class_weight': 'balanced', 'quantifier__bandwidth': 0.05, 'confidence': ['max_conf', 'entropy', 'isoft']} [took 1105.659s]
17/01/24 20:04:44| DEBUG       [size=28,place=1] best score = 0.00982137; best param = {'quantifier__classifier__C': 10.0, 'quantifier__classifier__class_weight': 'balanced', 'quantifier__bandwidth': 0.04, 'confidence': ['isoft']} [took 599.840s]
17/01/24 20:04:44| DEBUG       [size=28,place=2] best score = 0.01016540; best param = {'quantifier__classifier__C': 10.0, 'quantifier__classifier__class_weight': 'balanced', 'quantifier__bandwidth': 0.04, 'confidence': None} [took 599.840s]
17/01/24 20:04:44| DEBUG       [MultiClassAccuracyEstimator] optimization finished: best params {'quantifier__classifier__C': 10.0, 'quantifier__classifier__class_weight': 'balanced', 'quantifier__bandwidth': 0.04, 'confidence': ['max_conf', 'entropy', 'isoft']} (score=0.00982) [took 1905.2929s]
17/01/24 20:13:16| INFO        mul_kde_lr_gs finished [took 2417.7476s]
17/01/24 20:15:41| DEBUG       [size=11,place=1] best score = 0.01628076; best param = {'quantifier__classifier__C': 100.0, 'quantifier__classifier__class_weight': 'balanced', 'quantifier__bandwidth': 0.01, 'confidence': ['isoft']} [took 143.242s]
17/01/24 20:15:41| DEBUG       [size=11,place=2] best score = 0.02202844; best param = {'quantifier__classifier__C': 100.0, 'quantifier__classifier__class_weight': 'balanced', 'quantifier__bandwidth': 0.03, 'confidence': ['max_conf', 'entropy', 'isoft']} [took 143.243s]
17/01/24 20:29:17| DEBUG       [size=54,place=1] best score = 0.01130187; best param = {'quantifier__classifier__C': 10.0, 'quantifier__classifier__class_weight': 'balanced', 'quantifier__bandwidth': 0.01, 'confidence': ['isoft']} [took 815.963s]
17/01/24 20:29:17| DEBUG       [size=54,place=2] best score = 0.01503585; best param = {'quantifier__classifier__C': 100.0, 'quantifier__classifier__class_weight': 'balanced', 'quantifier__bandwidth': 0.01, 'confidence': None} [took 815.964s]
17/01/24 20:41:10| DEBUG       [size=45,place=1] best score = 0.01178913; best param = {'quantifier__classifier__C': 10.0, 'quantifier__classifier__class_weight': 'balanced', 'quantifier__bandwidth': 0.01, 'confidence': None} [took 713.671s]
17/01/24 20:41:10| DEBUG       [size=45,place=2] best score = 0.01252628; best param = {'quantifier__classifier__C': 10.0, 'quantifier__classifier__class_weight': None, 'quantifier__bandwidth': 0.01, 'confidence': ['isoft']} [took 713.672s]
17/01/24 20:41:10| DEBUG       [MultiClassAccuracyEstimator] optimization finished: best params {'quantifier__classifier__C': 10.0, 'quantifier__classifier__class_weight': 'balanced', 'quantifier__bandwidth': 0.01, 'confidence': ['isoft']} (score=0.01130) [took 1672.9874s]
17/01/24 20:47:22| INFO        m3w_kde_lr_gs finished [took 2044.3728s]
17/01/24 20:47:22| INFO     Dataset sample [0.5 0.5] of dataset imdb finished [took 8194.6605s]
17/01/24 20:47:22| INFO     Dataset sample [0.6 0.4] of dataset imdb started
17/01/24 21:02:22| INFO        bin_kde_lr_mc finished [took 895.1023s]
17/01/24 21:02:41| INFO        bin_kde_lr_ne finished [took 913.4996s]
17/01/24 21:02:43| INFO        bin_kde_lr_c finished [took 915.9908s]
17/01/24 21:02:57| INFO        bin_kde_lr finished [took 930.5829s]
17/01/24 21:11:37| INFO        m3w_kde_lr_mc finished [took 1449.9776s]
17/01/24 21:12:10| INFO        m3w_kde_lr finished [took 1483.5281s]
17/01/24 21:12:45| INFO        m3w_kde_lr_c finished [took 1518.4564s]
17/01/24 21:13:15| INFO        mul_kde_lr finished [took 1548.7085s]
17/01/24 21:13:35| INFO        ref finished [took 18.5795s]
17/01/24 21:13:56| INFO        mul_kde_lr_mc finished [took 1591.7146s]
17/01/24 21:14:04| INFO        atc_mc finished [took 28.2202s]
17/01/24 21:14:11| INFO        mul_kde_lr_ne finished [took 1603.1937s]
17/01/24 21:14:37| INFO        doc finished [took 40.0035s]
17/01/24 21:14:44| INFO        mul_kde_lr_c finished [took 1636.5745s]
17/01/24 21:16:27| INFO        bin_kde_lr_is finished [took 824.6199s]
17/01/24 21:22:42| INFO        bin_kde_lr_a finished [took 664.9756s]
17/01/24 21:23:22| INFO        m3w_kde_lr_is finished [took 1223.4219s]
17/01/24 21:24:00| INFO        m3w_kde_lr_ne finished [took 1297.0437s]
17/01/24 21:24:51| INFO        mul_kde_lr_is finished [took 1327.2438s]
17/01/24 21:29:57| INFO        m3w_kde_lr_a finished [took 1030.8561s]
17/01/24 21:31:32| INFO        mul_kde_lr_a finished [took 1160.9769s]
17/01/24 21:32:43| DEBUG       [size=11,place=1] best score = 0.01210421; best param = {'quantifier__classifier__C': 100.0, 'quantifier__classifier__class_weight': 'balanced', 'quantifier__bandwidth': 0.01, 'confidence': ['isoft']} [took 69.745s]
17/01/24 21:32:43| DEBUG       [size=11,place=2] best score = 0.01291804; best param = {'quantifier__classifier__C': 100.0, 'quantifier__classifier__class_weight': 'balanced', 'quantifier__bandwidth': 0.03, 'confidence': ['max_conf', 'entropy', 'isoft']} [took 69.746s]
17/01/24 21:39:24| DEBUG       [size=54,place=1] best score = 0.01183561; best param = {'quantifier__classifier__C': 100.0, 'quantifier__classifier__class_weight': None, 'quantifier__bandwidth': 0.01, 'confidence': ['isoft']} [took 400.474s]
17/01/24 21:39:24| DEBUG       [size=54,place=2] best score = 0.01215551; best param = {'quantifier__classifier__C': 100.0, 'quantifier__classifier__class_weight': 'balanced', 'quantifier__bandwidth': 0.02, 'confidence': ['isoft']} [took 400.474s]
17/01/24 21:43:24| DEBUG       [size=33,place=1] best score = 0.01207882; best param = {'quantifier__classifier__C': 100.0, 'quantifier__classifier__class_weight': None, 'quantifier__bandwidth': 0.01, 'confidence': ['max_conf', 'entropy', 'isoft']} [took 240.295s]
17/01/24 21:43:24| DEBUG       [size=33,place=2] best score = 0.01236678; best param = {'quantifier__classifier__C': 100.0, 'quantifier__classifier__class_weight': None, 'quantifier__bandwidth': 0.02, 'confidence': ['isoft']} [took 240.295s]
17/01/24 21:43:24| DEBUG       [BinaryQuantifierAccuracyEstimator] optimization finished: best params {'quantifier__classifier__C': 100.0, 'quantifier__classifier__class_weight': None, 'quantifier__bandwidth': 0.01, 'confidence': ['isoft']} (score=0.01184) [took 710.6254s]
17/01/24 21:49:04| INFO        bin_kde_lr_gs finished [took 1050.1435s]
17/01/24 21:52:33| DEBUG       [size=11,place=1] best score = 0.01408324; best param = {'quantifier__classifier__C': 1000.0, 'quantifier__classifier__class_weight': 'balanced', 'quantifier__bandwidth': 0.04, 'confidence': ['max_conf', 'entropy', 'isoft']} [took 207.725s]
17/01/24 21:52:33| DEBUG       [size=11,place=2] best score = 0.01444173; best param = {'quantifier__classifier__C': 100.0, 'quantifier__classifier__class_weight': 'balanced', 'quantifier__bandwidth': 0.03, 'confidence': ['max_conf', 'entropy', 'isoft']} [took 207.726s]
17/01/24 22:11:00| DEBUG       [size=54,place=1] best score = 0.01277063; best param = {'quantifier__classifier__C': 0.1, 'quantifier__classifier__class_weight': 'balanced', 'quantifier__bandwidth': 0.03, 'confidence': ['max_conf', 'entropy', 'isoft']} [took 1107.478s]
17/01/24 22:11:00| DEBUG       [size=54,place=2] best score = 0.01298169; best param = {'quantifier__classifier__C': 10.0, 'quantifier__classifier__class_weight': 'balanced', 'quantifier__bandwidth': 0.03, 'confidence': ['max_conf', 'entropy', 'isoft']} [took 1107.479s]
17/01/24 22:23:48| DEBUG       [size=42,place=1] best score = 0.01292352; best param = {'quantifier__classifier__C': 0.1, 'quantifier__classifier__class_weight': 'balanced', 'quantifier__bandwidth': 0.03, 'confidence': ['isoft']} [took 768.186s]
17/01/24 22:23:48| DEBUG       [size=42,place=2] best score = 0.01303466; best param = {'quantifier__classifier__C': 10.0, 'quantifier__classifier__class_weight': 'balanced', 'quantifier__bandwidth': 0.02, 'confidence': ['max_conf', 'entropy', 'isoft']} [took 768.186s]
17/01/24 22:23:48| DEBUG       [MultiClassAccuracyEstimator] optimization finished: best params {'quantifier__classifier__C': 0.1, 'quantifier__classifier__class_weight': 'balanced', 'quantifier__bandwidth': 0.03, 'confidence': ['max_conf', 'entropy', 'isoft']} (score=0.01277) [took 2083.4992s]
17/01/24 22:31:23| INFO        mul_kde_lr_gs finished [took 2538.0483s]
17/01/24 22:33:55| DEBUG       [size=11,place=1] best score = 0.01225382; best param = {'quantifier__classifier__C': 100.0, 'quantifier__classifier__class_weight': 'balanced', 'quantifier__bandwidth': 0.01, 'confidence': ['isoft']} [took 151.388s]
17/01/24 22:33:55| DEBUG       [size=11,place=2] best score = 0.01589585; best param = {'quantifier__classifier__C': 100.0, 'quantifier__classifier__class_weight': 'balanced', 'quantifier__bandwidth': 0.03, 'confidence': ['max_conf', 'entropy', 'isoft']} [took 151.388s]
17/01/24 22:47:26| DEBUG       [size=54,place=1] best score = 0.01162915; best param = {'quantifier__classifier__C': 100.0, 'quantifier__classifier__class_weight': None, 'quantifier__bandwidth': 0.01, 'confidence': ['isoft']} [took 810.818s]
17/01/24 22:47:26| DEBUG       [size=54,place=2] best score = 0.01271927; best param = {'quantifier__classifier__C': 100.0, 'quantifier__classifier__class_weight': 'balanced', 'quantifier__bandwidth': 0.01, 'confidence': ['max_conf', 'entropy', 'isoft']} [took 810.818s]
17/01/24 22:55:49| DEBUG       [size=33,place=1] best score = 0.01366879; best param = {'quantifier__classifier__C': 100.0, 'quantifier__classifier__class_weight': None, 'quantifier__bandwidth': 0.01, 'confidence': ['max_conf', 'entropy', 'isoft']} [took 503.100s]
17/01/24 22:55:49| DEBUG       [size=33,place=2] best score = 0.01417705; best param = {'quantifier__classifier__C': 100.0, 'quantifier__classifier__class_weight': None, 'quantifier__bandwidth': 0.02, 'confidence': ['isoft']} [took 503.100s]
17/01/24 22:55:50| DEBUG       [MultiClassAccuracyEstimator] optimization finished: best params {'quantifier__classifier__C': 100.0, 'quantifier__classifier__class_weight': None, 'quantifier__bandwidth': 0.01, 'confidence': ['isoft']} (score=0.01163) [took 1465.4173s]
17/01/24 23:02:32| INFO        m3w_kde_lr_gs finished [took 1868.2701s]
17/01/24 23:02:32| INFO     Dataset sample [0.6 0.4] of dataset imdb finished [took 8110.6390s]
17/01/24 23:02:32| INFO     Dataset sample [0.7 0.3] of dataset imdb started
17/01/24 23:17:24| INFO        bin_kde_lr finished [took 884.9817s]
17/01/24 23:20:09| INFO        bin_kde_lr_mc finished [took 1050.8617s]
17/01/24 23:20:18| INFO        bin_kde_lr_c finished [took 1059.3772s]
17/01/24 23:20:19| INFO        bin_kde_lr_ne finished [took 1060.0327s]
17/01/24 23:27:31| INFO        m3w_kde_lr finished [took 1491.6668s]
17/01/24 23:28:04| INFO        m3w_kde_lr_mc finished [took 1524.8825s]
17/01/24 23:28:08| INFO        m3w_kde_lr_c finished [took 1530.1611s]
17/01/24 23:29:27| INFO        mul_kde_lr_ne finished [took 1608.1322s]
17/01/24 23:29:42| INFO        mul_kde_lr finished [took 1623.4664s]
17/01/24 23:29:53| INFO        ref finished [took 24.3841s]
17/01/24 23:30:11| INFO        mul_kde_lr_mc finished [took 1654.7611s]
17/01/24 23:30:17| INFO        atc_mc finished [took 33.8622s]
17/01/24 23:30:19| INFO        mul_kde_lr_c finished [took 1660.5928s]
17/01/24 23:30:34| INFO        doc finished [took 40.2158s]
17/01/24 23:35:05| INFO        bin_kde_lr_is finished [took 894.8019s]
17/01/24 23:37:52| INFO        m3w_kde_lr_ne finished [took 1226.7294s]
17/01/24 23:41:21| INFO        bin_kde_lr_a finished [took 829.4033s]
17/01/24 23:41:32| INFO        m3w_kde_lr_is finished [took 1271.6506s]
17/01/24 23:41:40| INFO        mul_kde_lr_is finished [took 1280.5999s]
17/01/24 23:45:09| INFO        m3w_kde_lr_a finished [took 1019.1984s]
17/01/24 23:46:44| INFO        mul_kde_lr_a finished [took 1118.7555s]
17/01/24 23:47:57| DEBUG       [size=11,place=1] best score = 0.01119151; best param = {'quantifier__classifier__C': 0.1, 'quantifier__classifier__class_weight': 'balanced', 'quantifier__bandwidth': 0.02, 'confidence': ['isoft']} [took 71.410s]
17/01/24 23:47:57| DEBUG       [size=11,place=2] best score = 0.01439531; best param = {'quantifier__classifier__C': 100.0, 'quantifier__classifier__class_weight': 'balanced', 'quantifier__bandwidth': 0.01, 'confidence': ['isoft']} [took 71.410s]
17/01/24 23:52:52| DEBUG       [size=54,place=1] best score = 0.01122031; best param = {'quantifier__classifier__C': 0.1, 'quantifier__classifier__class_weight': 'balanced', 'quantifier__bandwidth': 0.02, 'confidence': ['max_conf', 'entropy', 'isoft']} [took 294.905s]
17/01/24 23:52:52| DEBUG       [size=54,place=2] best score = 0.01122933; best param = {'quantifier__classifier__C': 0.1, 'quantifier__classifier__class_weight': 'balanced', 'quantifier__bandwidth': 0.03, 'confidence': ['isoft']} [took 294.905s]
17/01/24 23:52:52| DEBUG       [BinaryQuantifierAccuracyEstimator] optimization finished: best params {'quantifier__classifier__C': 0.1, 'quantifier__classifier__class_weight': 'balanced', 'quantifier__bandwidth': 0.02, 'confidence': ['isoft']} (score=0.01119) [took 366.4213s]
17/01/24 23:59:09| INFO        bin_kde_lr_gs finished [took 743.1434s]
18/01/24 00:02:30| DEBUG       [size=11,place=1] best score = 0.01257454; best param = {'quantifier__classifier__C': 0.1, 'quantifier__classifier__class_weight': 'balanced', 'quantifier__bandwidth': 0.02, 'confidence': ['isoft']} [took 199.471s]
18/01/24 00:02:30| DEBUG       [size=11,place=2] best score = 0.01747229; best param = {'quantifier__classifier__C': 1.0, 'quantifier__classifier__class_weight': None, 'quantifier__bandwidth': 0.060000000000000005, 'confidence': None} [took 199.471s]
18/01/24 00:15:25| DEBUG       [size=56,place=1] best score = 0.01030154; best param = {'quantifier__classifier__C': 1.0, 'quantifier__classifier__class_weight': 'balanced', 'quantifier__bandwidth': 0.02, 'confidence': ['isoft']} [took 775.102s]
18/01/24 00:15:25| DEBUG       [size=56,place=2] best score = 0.01052497; best param = {'quantifier__classifier__C': 0.1, 'quantifier__classifier__class_weight': 'balanced', 'quantifier__bandwidth': 0.02, 'confidence': None} [took 775.102s]
18/01/24 00:28:08| DEBUG       [size=47,place=1] best score = 0.00963076; best param = {'quantifier__classifier__C': 1.0, 'quantifier__classifier__class_weight': 'balanced', 'quantifier__bandwidth': 0.02, 'confidence': ['max_conf', 'entropy', 'isoft']} [took 763.286s]
18/01/24 00:28:08| DEBUG       [size=47,place=2] best score = 0.00972438; best param = {'quantifier__classifier__C': 1.0, 'quantifier__classifier__class_weight': 'balanced', 'quantifier__bandwidth': 0.02, 'confidence': None} [took 763.287s]
18/01/24 00:43:14| DEBUG       [size=43,place=1] best score = 0.00994201; best param = {'quantifier__classifier__C': 1.0, 'quantifier__classifier__class_weight': 'balanced', 'quantifier__bandwidth': 0.03, 'confidence': None} [took 905.207s]
18/01/24 00:43:14| DEBUG       [size=43,place=2] best score = 0.01025309; best param = {'quantifier__classifier__C': 1.0, 'quantifier__classifier__class_weight': 'balanced', 'quantifier__bandwidth': 0.04, 'confidence': None} [took 905.208s]
18/01/24 00:43:14| DEBUG       [MultiClassAccuracyEstimator] optimization finished: best params {'quantifier__classifier__C': 1.0, 'quantifier__classifier__class_weight': 'balanced', 'quantifier__bandwidth': 0.02, 'confidence': ['max_conf', 'entropy', 'isoft']} (score=0.00963) [took 2643.1811s]
18/01/24 00:51:02| INFO        mul_kde_lr_gs finished [took 3111.5048s]
18/01/24 00:53:35| DEBUG       [size=11,place=1] best score = 0.01486987; best param = {'quantifier__classifier__C': 0.1, 'quantifier__classifier__class_weight': 'balanced', 'quantifier__bandwidth': 0.02, 'confidence': ['isoft']} [took 151.559s]
18/01/24 00:53:35| DEBUG       [size=11,place=2] best score = 0.01576481; best param = {'quantifier__classifier__C': 1.0, 'quantifier__classifier__class_weight': None, 'quantifier__bandwidth': 0.060000000000000005, 'confidence': None} [took 151.559s]
18/01/24 01:01:51| DEBUG       [size=56,place=1] best score = 0.01098977; best param = {'quantifier__classifier__C': 1.0, 'quantifier__classifier__class_weight': None, 'quantifier__bandwidth': 0.01, 'confidence': None} [took 496.017s]
18/01/24 01:01:51| DEBUG       [size=56,place=2] best score = 0.01184342; best param = {'quantifier__classifier__C': 0.1, 'quantifier__classifier__class_weight': None, 'quantifier__bandwidth': 0.02, 'confidence': ['isoft']} [took 496.017s]
18/01/24 01:07:07| DEBUG       [size=36,place=1] best score = 0.01026652; best param = {'quantifier__classifier__C': 1.0, 'quantifier__classifier__class_weight': 'balanced', 'quantifier__bandwidth': 0.01, 'confidence': None} [took 315.532s]
18/01/24 01:07:07| DEBUG       [size=36,place=2] best score = 0.01045852; best param = {'quantifier__classifier__C': 0.1, 'quantifier__classifier__class_weight': None, 'quantifier__bandwidth': 0.01, 'confidence': None} [took 315.533s]
18/01/24 01:14:26| DEBUG       [size=44,place=1] best score = 0.01198350; best param = {'quantifier__classifier__C': 0.1, 'quantifier__classifier__class_weight': None, 'quantifier__bandwidth': 0.01, 'confidence': ['max_conf', 'entropy', 'isoft']} [took 439.407s]
18/01/24 01:14:26| DEBUG       [size=44,place=2] best score = 0.01236185; best param = {'quantifier__classifier__C': 1.0, 'quantifier__classifier__class_weight': 'balanced', 'quantifier__bandwidth': 0.01, 'confidence': ['max_conf', 'entropy', 'isoft']} [took 439.408s]
18/01/24 01:14:26| DEBUG       [MultiClassAccuracyEstimator] optimization finished: best params {'quantifier__classifier__C': 1.0, 'quantifier__classifier__class_weight': 'balanced', 'quantifier__bandwidth': 0.01, 'confidence': None} (score=0.01027) [took 1402.6295s]
18/01/24 01:21:16| INFO        m3w_kde_lr_gs finished [took 1812.5700s]
18/01/24 01:21:16| INFO     Dataset sample [0.7 0.3] of dataset imdb finished [took 8323.8284s]
18/01/24 01:21:16| INFO     Dataset sample [0.8 0.2] of dataset imdb started
18/01/24 01:44:00| INFO        bin_kde_lr_c finished [took 1358.8207s]
18/01/24 01:44:20| INFO        bin_kde_lr_mc finished [took 1378.8881s]
18/01/24 01:45:01| INFO        bin_kde_lr_ne finished [took 1419.8356s]
18/01/24 01:45:17| INFO        bin_kde_lr finished [took 1436.3273s]
18/01/24 01:50:45| INFO        m3w_kde_lr_mc finished [took 1765.0950s]
18/01/24 01:51:10| INFO        m3w_kde_lr finished [took 1788.9102s]
18/01/24 01:51:20| INFO        m3w_kde_lr_c finished [took 1799.2249s]
18/01/24 01:52:56| INFO        mul_kde_lr_c finished [took 1895.0364s]
18/01/24 01:53:17| INFO        ref finished [took 20.2562s]
18/01/24 01:53:46| INFO        atc_mc finished [took 28.5050s]
18/01/24 01:53:49| INFO        mul_kde_lr_ne finished [took 1947.3290s]
18/01/24 01:54:18| INFO        mul_kde_lr_mc finished [took 1976.4060s]
18/01/24 01:54:18| INFO        mul_kde_lr finished [took 1976.8280s]
18/01/24 01:54:19| INFO        doc finished [took 32.2957s]
18/01/24 02:04:09| INFO        bin_kde_lr_is finished [took 1188.6014s]
18/01/24 02:07:03| INFO        m3w_kde_lr_ne finished [took 1382.0773s]
18/01/24 02:08:17| INFO        bin_kde_lr_a finished [took 1051.1913s]
18/01/24 02:09:31| INFO        m3w_kde_lr_is finished [took 1453.0139s]
18/01/24 02:10:01| INFO        mul_kde_lr_is finished [took 1498.8578s]
18/01/24 02:13:12| INFO        mul_kde_lr_a finished [took 1320.9431s]
18/01/24 02:14:05| INFO        m3w_kde_lr_a finished [took 1364.7488s]
18/01/24 02:15:19| DEBUG       [size=11,place=1] best score = 0.01234751; best param = {'quantifier__classifier__C': 0.1, 'quantifier__classifier__class_weight': 'balanced', 'quantifier__bandwidth': 0.02, 'confidence': ['isoft']} [took 72.631s]
18/01/24 02:15:19| DEBUG       [size=11,place=2] best score = 0.01517129; best param = {'quantifier__classifier__C': 100.0, 'quantifier__classifier__class_weight': 'balanced', 'quantifier__bandwidth': 0.01, 'confidence': ['isoft']} [took 72.632s]
18/01/24 02:19:55| DEBUG       [size=54,place=1] best score = 0.01225083; best param = {'quantifier__classifier__C': 0.1, 'quantifier__classifier__class_weight': 'balanced', 'quantifier__bandwidth': 0.03, 'confidence': ['isoft']} [took 276.031s]
18/01/24 02:19:55| DEBUG       [size=54,place=2] best score = 0.01226209; best param = {'quantifier__classifier__C': 0.1, 'quantifier__classifier__class_weight': 'balanced', 'quantifier__bandwidth': 0.04, 'confidence': ['isoft']} [took 276.031s]
18/01/24 02:21:19| DEBUG       [size=16,place=1] best score = 0.01200238; best param = {'quantifier__classifier__C': 1.0, 'quantifier__classifier__class_weight': 'balanced', 'quantifier__bandwidth': 0.04, 'confidence': ['isoft']} [took 84.257s]
18/01/24 02:21:19| DEBUG       [size=16,place=2] best score = 0.01202677; best param = {'quantifier__classifier__C': 1.0, 'quantifier__classifier__class_weight': 'balanced', 'quantifier__bandwidth': 0.03, 'confidence': ['isoft']} [took 84.257s]
18/01/24 02:23:12| DEBUG       [size=22,place=1] best score = 0.01205474; best param = {'quantifier__classifier__C': 1.0, 'quantifier__classifier__class_weight': 'balanced', 'quantifier__bandwidth': 0.03, 'confidence': ['max_conf', 'entropy', 'isoft']} [took 112.404s]
18/01/24 02:23:12| DEBUG       [size=22,place=2] best score = 0.01210778; best param = {'quantifier__classifier__C': 1.0, 'quantifier__classifier__class_weight': 'balanced', 'quantifier__bandwidth': 0.04, 'confidence': ['max_conf', 'entropy', 'isoft']} [took 112.405s]
18/01/24 02:23:12| DEBUG       [BinaryQuantifierAccuracyEstimator] optimization finished: best params {'quantifier__classifier__C': 1.0, 'quantifier__classifier__class_weight': 'balanced', 'quantifier__bandwidth': 0.04, 'confidence': ['isoft']} (score=0.01200) [took 545.4411s]
18/01/24 02:30:26| INFO        bin_kde_lr_gs finished [took 979.9920s]
18/01/24 02:33:51| DEBUG       [size=11,place=1] best score = 0.01212637; best param = {'quantifier__classifier__C': 0.1, 'quantifier__classifier__class_weight': 'balanced', 'quantifier__bandwidth': 0.02, 'confidence': ['isoft']} [took 203.786s]
18/01/24 02:33:51| DEBUG       [size=11,place=2] best score = 0.01320542; best param = {'quantifier__classifier__C': 100.0, 'quantifier__classifier__class_weight': 'balanced', 'quantifier__bandwidth': 0.03, 'confidence': ['max_conf', 'entropy', 'isoft']} [took 203.787s]
18/01/24 02:48:53| DEBUG       [size=56,place=1] best score = 0.01233693; best param = {'quantifier__classifier__C': 0.1, 'quantifier__classifier__class_weight': 'balanced', 'quantifier__bandwidth': 0.02, 'confidence': ['max_conf', 'entropy', 'isoft']} [took 901.874s]
18/01/24 02:48:53| DEBUG       [size=56,place=2] best score = 0.01276257; best param = {'quantifier__classifier__C': 0.1, 'quantifier__classifier__class_weight': 'balanced', 'quantifier__bandwidth': 0.02, 'confidence': None} [took 901.875s]
18/01/24 02:48:53| DEBUG       [MultiClassAccuracyEstimator] optimization finished: best params {'quantifier__classifier__C': 0.1, 'quantifier__classifier__class_weight': 'balanced', 'quantifier__bandwidth': 0.02, 'confidence': ['isoft']} (score=0.01213) [took 1105.7680s]
18/01/24 02:57:10| INFO        mul_kde_lr_gs finished [took 1602.3728s]
18/01/24 02:59:36| DEBUG       [size=11,place=1] best score = 0.00995669; best param = {'quantifier__classifier__C': 0.1, 'quantifier__classifier__class_weight': 'balanced', 'quantifier__bandwidth': 0.02, 'confidence': ['isoft']} [took 145.581s]
18/01/24 02:59:36| DEBUG       [size=11,place=2] best score = 0.01485266; best param = {'quantifier__classifier__C': 100.0, 'quantifier__classifier__class_weight': 'balanced', 'quantifier__bandwidth': 0.01, 'confidence': ['isoft']} [took 145.581s]
18/01/24 03:10:16| DEBUG       [size=54,place=1] best score = 0.01009452; best param = {'quantifier__classifier__C': 0.1, 'quantifier__classifier__class_weight': 'balanced', 'quantifier__bandwidth': 0.02, 'confidence': None} [took 639.889s]
18/01/24 03:10:16| DEBUG       [size=54,place=2] best score = 0.01011275; best param = {'quantifier__classifier__C': 0.1, 'quantifier__classifier__class_weight': 'balanced', 'quantifier__bandwidth': 0.02, 'confidence': ['max_conf', 'entropy', 'isoft']} [took 639.889s]
18/01/24 03:10:16| DEBUG       [MultiClassAccuracyEstimator] optimization finished: best params {'quantifier__classifier__C': 0.1, 'quantifier__classifier__class_weight': 'balanced', 'quantifier__bandwidth': 0.02, 'confidence': ['isoft']} (score=0.00996) [took 785.5774s]
18/01/24 03:17:58| INFO        m3w_kde_lr_gs finished [took 1247.5697s]
18/01/24 03:17:58| INFO     Dataset sample [0.8 0.2] of dataset imdb finished [took 7001.9815s]
18/01/24 03:17:58| INFO     Dataset sample [0.9 0.1] of dataset imdb started
18/01/24 03:45:19| INFO        bin_kde_lr_ne finished [took 1635.7759s]
18/01/24 03:45:38| INFO        bin_kde_lr_mc finished [took 1654.9051s]
18/01/24 03:45:40| INFO        bin_kde_lr finished [took 1657.1504s]
18/01/24 03:46:15| INFO        bin_kde_lr_c finished [took 1691.6015s]
18/01/24 03:46:43| INFO        m3w_kde_lr_c finished [took 1720.1541s]
18/01/24 03:47:44| INFO        m3w_kde_lr finished [took 1781.2859s]
18/01/24 03:48:10| INFO        m3w_kde_lr_mc finished [took 1808.3227s]
18/01/24 03:49:35| INFO        mul_kde_lr finished [took 1891.8429s]
18/01/24 03:49:35| INFO        mul_kde_lr_mc finished [took 1892.3407s]
18/01/24 03:49:45| INFO        mul_kde_lr_ne finished [took 1901.2082s]
18/01/24 03:50:01| INFO        ref finished [took 25.1816s]
18/01/24 03:50:11| INFO        atc_mc finished [took 34.7619s]
18/01/24 03:50:15| INFO        doc finished [took 29.2226s]
18/01/24 03:50:51| INFO        mul_kde_lr_c finished [took 1969.3146s]
18/01/24 04:07:16| INFO        m3w_kde_lr_ne finished [took 1316.4186s]
18/01/24 04:07:49| INFO        m3w_kde_lr_is finished [took 1293.7616s]
18/01/24 04:09:01| INFO        mul_kde_lr_is finished [took 1400.8747s]
18/01/24 04:09:46| INFO        bin_kde_lr_is finished [took 1448.1253s]
18/01/24 04:09:57| INFO        m3w_kde_lr_a finished [took 1306.6057s]
18/01/24 04:10:22| INFO        mul_kde_lr_a finished [took 1358.3254s]
18/01/24 04:11:25| INFO        bin_kde_lr_a finished [took 1480.7595s]
18/01/24 04:45:16| WARNING     Method bin_kde_lr_gs failed. Exception: no combination of hyperparameters seem to work
18/01/24 04:48:26| DEBUG       [size=11,place=1] best score = 0.01709443; best param = {'quantifier__classifier__C': 1.0, 'quantifier__classifier__class_weight': None, 'quantifier__bandwidth': 0.060000000000000005, 'confidence': None} [took 188.808s]
18/01/24 04:48:26| DEBUG       [size=11,place=2] best score = 0.01849805; best param = {'quantifier__classifier__C': 100.0, 'quantifier__classifier__class_weight': 'balanced', 'quantifier__bandwidth': 0.05, 'confidence': None} [took 188.808s]
18/01/24 05:04:18| DEBUG       [size=56,place=1] best score = 0.00883491; best param = {'quantifier__classifier__C': 1.0, 'quantifier__classifier__class_weight': 'balanced', 'quantifier__bandwidth': 0.05, 'confidence': None} [took 952.285s]
18/01/24 05:04:18| DEBUG       [size=56,place=2] best score = 0.00903243; best param = {'quantifier__classifier__C': 1.0, 'quantifier__classifier__class_weight': 'balanced', 'quantifier__bandwidth': 0.060000000000000005, 'confidence': None} [took 952.285s]
18/01/24 05:11:46| DEBUG       [size=27,place=1] best score = 0.00855056; best param = {'quantifier__classifier__C': 1.0, 'quantifier__classifier__class_weight': 'balanced', 'quantifier__bandwidth': 0.02, 'confidence': None} [took 447.927s]
18/01/24 05:11:46| DEBUG       [size=27,place=2] best score = 0.00866375; best param = {'quantifier__classifier__C': 1.0, 'quantifier__classifier__class_weight': 'balanced', 'quantifier__bandwidth': 0.04, 'confidence': None} [took 447.927s]
18/01/24 05:15:20| DEBUG       [size=14,place=1] best score = 0.00873489; best param = {'quantifier__classifier__C': 0.1, 'quantifier__classifier__class_weight': 'balanced', 'quantifier__bandwidth': 0.04, 'confidence': None} [took 214.168s]
18/01/24 05:15:20| DEBUG       [size=14,place=2] best score = 0.01082897; best param = {'quantifier__classifier__C': 10.0, 'quantifier__classifier__class_weight': 'balanced', 'quantifier__bandwidth': 0.02, 'confidence': None} [took 214.168s]
18/01/24 05:15:20| DEBUG       [MultiClassAccuracyEstimator] optimization finished: best params {'quantifier__classifier__C': 1.0, 'quantifier__classifier__class_weight': 'balanced', 'quantifier__bandwidth': 0.02, 'confidence': None} (score=0.00855) [took 1803.3044s]
18/01/24 05:24:13| INFO        mul_kde_lr_gs finished [took 2335.9977s]
18/01/24 05:26:40| DEBUG       [size=11,place=1] best score = 0.01045958; best param = {'quantifier__classifier__C': 0.1, 'quantifier__classifier__class_weight': 'balanced', 'quantifier__bandwidth': 0.02, 'confidence': ['isoft']} [took 146.257s]
18/01/24 05:26:40| DEBUG       [size=11,place=2] best score = 0.01903651; best param = {'quantifier__classifier__C': 100.0, 'quantifier__classifier__class_weight': 'balanced', 'quantifier__bandwidth': 0.05, 'confidence': None} [took 146.257s]
18/01/24 05:37:27| DEBUG       [size=56,place=1] best score = 0.00851448; best param = {'quantifier__classifier__C': 0.1, 'quantifier__classifier__class_weight': 'balanced', 'quantifier__bandwidth': 0.05, 'confidence': None} [took 646.678s]
18/01/24 05:37:27| DEBUG       [size=56,place=2] best score = 0.00863766; best param = {'quantifier__classifier__C': 0.1, 'quantifier__classifier__class_weight': 'balanced', 'quantifier__bandwidth': 0.11, 'confidence': ['isoft']} [took 646.679s]
18/01/24 05:41:46| DEBUG       [size=28,place=1] best score = 0.00824122; best param = {'quantifier__classifier__C': 0.1, 'quantifier__classifier__class_weight': 'balanced', 'quantifier__bandwidth': 0.11, 'confidence': ['max_conf', 'entropy', 'isoft']} [took 259.012s]
18/01/24 05:41:46| DEBUG       [size=28,place=2] best score = 0.00825483; best param = {'quantifier__classifier__C': 0.1, 'quantifier__classifier__class_weight': 'balanced', 'quantifier__bandwidth': 0.04, 'confidence': None} [took 259.012s]
18/01/24 05:47:12| DEBUG       [size=29,place=1] best score = 0.00824683; best param = {'quantifier__classifier__C': 0.1, 'quantifier__classifier__class_weight': 'balanced', 'quantifier__bandwidth': 0.09999999999999999, 'confidence': ['max_conf', 'entropy', 'isoft']} [took 326.632s]
18/01/24 05:47:12| DEBUG       [size=29,place=2] best score = 0.00829994; best param = {'quantifier__classifier__C': 0.1, 'quantifier__classifier__class_weight': 'balanced', 'quantifier__bandwidth': 0.09, 'confidence': ['max_conf', 'entropy', 'isoft']} [took 326.632s]
18/01/24 05:47:13| DEBUG       [MultiClassAccuracyEstimator] optimization finished: best params {'quantifier__classifier__C': 0.1, 'quantifier__classifier__class_weight': 'balanced', 'quantifier__bandwidth': 0.11, 'confidence': ['max_conf', 'entropy', 'isoft']} (score=0.00824) [took 1378.6927s]
18/01/24 05:58:48| INFO        m3w_kde_lr_gs finished [took 2074.6488s]
18/01/24 05:58:48| INFO     Dataset sample [0.9 0.1] of dataset imdb finished [took 9650.2246s]
