----------------------------------------------------------------------------------------------------
08/12/23 00:39:11| INFO     dataset imdb [pool size: 10]
08/12/23 00:39:20| INFO     Dataset sample 0.10 of dataset imdb started
08/12/23 00:39:36| INFO        ref finished [took 14.2530s]
08/12/23 00:40:15| WARNING     Method bin_kde_gs failed. Exception: unsupported format string passed to NoneType.__format__
08/12/23 00:43:50| DEBUG       [size=11,place=1] best score = 0.01066108; best param = {'quantifier__classifier__C': 0.1, 'quantifier__classifier__class_weight': 'balanced', 'quantifier__bandwidth': 0.060000000000000005, 'confidence': ['isoft']} [took 214.081s]
08/12/23 00:43:50| DEBUG       [size=11,place=2] best score = 0.01439898; best param = {'quantifier__classifier__C': 0.1, 'quantifier__classifier__class_weight': 'balanced', 'quantifier__bandwidth': 0.17, 'confidence': ['isoft']} [took 214.081s]
08/12/23 00:50:04| DEBUG       [size=34,place=1] best score = 0.00842012; best param = {'quantifier__classifier__C': 1.0, 'quantifier__classifier__class_weight': 'balanced', 'quantifier__bandwidth': 0.060000000000000005, 'confidence': ['isoft']} [took 374.261s]
08/12/23 00:50:04| DEBUG       [size=34,place=2] best score = 0.01023094; best param = {'quantifier__classifier__C': 0.1, 'quantifier__classifier__class_weight': 'balanced', 'quantifier__bandwidth': 0.060000000000000005, 'confidence': None} [took 374.261s]
08/12/23 00:59:35| DEBUG       [size=44,place=1] best score = 0.00813757; best param = {'quantifier__classifier__C': 0.1, 'quantifier__classifier__class_weight': 'balanced', 'quantifier__bandwidth': 0.03, 'confidence': None} [took 570.422s]
08/12/23 00:59:35| DEBUG       [size=44,place=2] best score = 0.00823798; best param = {'quantifier__classifier__C': 1.0, 'quantifier__classifier__class_weight': 'balanced', 'quantifier__bandwidth': 0.04, 'confidence': ['isoft']} [took 570.423s]
08/12/23 01:03:16| DEBUG       [size=14,place=1] best score = 0.00866375; best param = {'quantifier__classifier__C': 1.0, 'quantifier__classifier__class_weight': 'balanced', 'quantifier__bandwidth': 0.04, 'confidence': None} [took 221.389s]
08/12/23 01:03:16| DEBUG       [size=14,place=2] best score = 0.00894029; best param = {'quantifier__classifier__C': 1.0, 'quantifier__classifier__class_weight': 'balanced', 'quantifier__bandwidth': 0.03, 'confidence': None} [took 221.389s]
08/12/23 01:03:16| DEBUG       [MultiClassAccuracyEstimator] optimization finished: best params {'quantifier__classifier__C': 0.1, 'quantifier__classifier__class_weight': 'balanced', 'quantifier__bandwidth': 0.03, 'confidence': None} (score=0.00814) [took 1380.2704s]
08/12/23 01:14:15| INFO        mul_kde_gs finished [took 2039.4130s]
08/12/23 01:17:03| DEBUG       [size=11,place=1] best score = 0.01392764; best param = {'quantifier__classifier__C': 0.1, 'quantifier__classifier__class_weight': 'balanced', 'quantifier__bandwidth': 0.060000000000000005, 'confidence': ['isoft']} [took 166.684s]
08/12/23 01:17:03| DEBUG       [size=11,place=2] best score = 0.01595060; best param = {'quantifier__classifier__C': 0.1, 'quantifier__classifier__class_weight': 'balanced', 'quantifier__bandwidth': 0.17, 'confidence': ['isoft']} [took 166.685s]
08/12/23 01:21:47| DEBUG       [size=34,place=1] best score = 0.00894270; best param = {'quantifier__classifier__C': 0.1, 'quantifier__classifier__class_weight': 'balanced', 'quantifier__bandwidth': 0.060000000000000005, 'confidence': None} [took 283.715s]
08/12/23 01:21:47| DEBUG       [size=34,place=2] best score = 0.01129420; best param = {'quantifier__classifier__C': 1.0, 'quantifier__classifier__class_weight': 'balanced', 'quantifier__bandwidth': 0.060000000000000005, 'confidence': ['isoft']} [took 283.715s]
08/12/23 01:28:03| DEBUG       [size=44,place=1] best score = 0.00825444; best param = {'quantifier__classifier__C': 0.1, 'quantifier__classifier__class_weight': 'balanced', 'quantifier__bandwidth': 0.04, 'confidence': None} [took 376.367s]
08/12/23 01:28:03| DEBUG       [size=44,place=2] best score = 0.00841897; best param = {'quantifier__classifier__C': 1.0, 'quantifier__classifier__class_weight': 'balanced', 'quantifier__bandwidth': 0.03, 'confidence': ['isoft']} [took 376.368s]
08/12/23 01:30:44| DEBUG       [size=14,place=1] best score = 0.01012019; best param = {'quantifier__classifier__C': 10.0, 'quantifier__classifier__class_weight': 'balanced', 'quantifier__bandwidth': 0.03, 'confidence': ['isoft']} [took 161.198s]
08/12/23 01:30:44| DEBUG       [size=14,place=2] best score = 0.01036583; best param = {'quantifier__classifier__C': 1.0, 'quantifier__classifier__class_weight': None, 'quantifier__bandwidth': 0.03, 'confidence': ['isoft']} [took 161.199s]
08/12/23 01:30:44| DEBUG       [MultiClassAccuracyEstimator] optimization finished: best params {'quantifier__classifier__C': 0.1, 'quantifier__classifier__class_weight': 'balanced', 'quantifier__bandwidth': 0.04, 'confidence': None} (score=0.00825) [took 988.0813s]
08/12/23 01:41:17| INFO        m3w_kde_gs finished [took 1620.9818s]
08/12/23 01:41:17| INFO     Dataset sample 0.10 of dataset imdb finished [took 3717.6273s]
08/12/23 01:41:17| INFO     Dataset sample 0.20 of dataset imdb started
08/12/23 01:41:34| INFO        ref finished [took 14.1975s]
08/12/23 01:42:55| DEBUG       [size=11,place=1] best score = 0.01291723; best param = {'quantifier__classifier__C': 100.0, 'quantifier__classifier__class_weight': 'balanced', 'quantifier__bandwidth': 0.01, 'confidence': None} [took 79.534s]
08/12/23 01:42:55| DEBUG       [size=11,place=2] best score = 0.01546305; best param = {'quantifier__classifier__C': 0.1, 'quantifier__classifier__class_weight': 'balanced', 'quantifier__bandwidth': 0.060000000000000005, 'confidence': ['isoft']} [took 79.534s]
08/12/23 01:47:45| DEBUG       [size=53,place=1] best score = 0.01225083; best param = {'quantifier__classifier__C': 0.1, 'quantifier__classifier__class_weight': 'balanced', 'quantifier__bandwidth': 0.03, 'confidence': ['isoft']} [took 290.868s]
08/12/23 01:47:45| DEBUG       [size=53,place=2] best score = 0.01226209; best param = {'quantifier__classifier__C': 0.1, 'quantifier__classifier__class_weight': 'balanced', 'quantifier__bandwidth': 0.04, 'confidence': ['isoft']} [took 290.868s]
08/12/23 01:49:07| DEBUG       [size=16,place=1] best score = 0.01200238; best param = {'quantifier__classifier__C': 1.0, 'quantifier__classifier__class_weight': 'balanced', 'quantifier__bandwidth': 0.04, 'confidence': ['isoft']} [took 81.656s]
08/12/23 01:49:07| DEBUG       [size=16,place=2] best score = 0.01202677; best param = {'quantifier__classifier__C': 1.0, 'quantifier__classifier__class_weight': 'balanced', 'quantifier__bandwidth': 0.03, 'confidence': ['isoft']} [took 81.656s]
08/12/23 01:50:55| DEBUG       [size=21,place=1] best score = 0.01223773; best param = {'quantifier__classifier__C': 1.0, 'quantifier__classifier__class_weight': 'balanced', 'quantifier__bandwidth': 0.03, 'confidence': None} [took 108.147s]
08/12/23 01:50:55| DEBUG       [size=21,place=2] best score = 0.01233791; best param = {'quantifier__classifier__C': 1.0, 'quantifier__classifier__class_weight': 'balanced', 'quantifier__bandwidth': 0.05, 'confidence': ['isoft']} [took 108.147s]
08/12/23 01:50:55| DEBUG       [BinaryQuantifierAccuracyEstimator] optimization finished: best params {'quantifier__classifier__C': 1.0, 'quantifier__classifier__class_weight': 'balanced', 'quantifier__bandwidth': 0.04, 'confidence': ['isoft']} (score=0.01200) [took 560.3245s]
08/12/23 01:58:00| INFO        bin_kde_gs finished [took 985.5536s]
08/12/23 02:01:46| DEBUG       [size=11,place=1] best score = 0.01192768; best param = {'quantifier__classifier__C': 0.1, 'quantifier__classifier__class_weight': 'balanced', 'quantifier__bandwidth': 0.060000000000000005, 'confidence': ['isoft']} [took 223.942s]
08/12/23 02:01:46| DEBUG       [size=11,place=2] best score = 0.02070385; best param = {'quantifier__classifier__C': 100.0, 'quantifier__classifier__class_weight': 'balanced', 'quantifier__bandwidth': 0.01, 'confidence': None} [took 223.942s]
08/12/23 02:15:21| DEBUG       [size=53,place=1] best score = 0.01165559; best param = {'quantifier__classifier__C': 0.1, 'quantifier__classifier__class_weight': 'balanced', 'quantifier__bandwidth': 0.03, 'confidence': ['isoft']} [took 815.123s]
08/12/23 02:15:21| DEBUG       [size=53,place=2] best score = 0.01172897; best param = {'quantifier__classifier__C': 0.1, 'quantifier__classifier__class_weight': 'balanced', 'quantifier__bandwidth': 0.04, 'confidence': ['isoft']} [took 815.123s]
08/12/23 02:19:08| DEBUG       [size=16,place=1] best score = 0.01237341; best param = {'quantifier__classifier__C': 1.0, 'quantifier__classifier__class_weight': 'balanced', 'quantifier__bandwidth': 0.03, 'confidence': ['isoft']} [took 227.410s]
08/12/23 02:19:08| DEBUG       [size=16,place=2] best score = 0.01255415; best param = {'quantifier__classifier__C': 0.1, 'quantifier__classifier__class_weight': None, 'quantifier__bandwidth': 0.03, 'confidence': ['isoft']} [took 227.411s]
08/12/23 02:19:08| DEBUG       [MultiClassAccuracyEstimator] optimization finished: best params {'quantifier__classifier__C': 0.1, 'quantifier__classifier__class_weight': 'balanced', 'quantifier__bandwidth': 0.03, 'confidence': ['isoft']} (score=0.01166) [took 1266.5876s]
08/12/23 02:28:40| INFO        mul_kde_gs finished [took 1838.9272s]
08/12/23 02:31:31| DEBUG       [size=11,place=1] best score = 0.00953370; best param = {'quantifier__classifier__C': 0.1, 'quantifier__classifier__class_weight': 'balanced', 'quantifier__bandwidth': 0.060000000000000005, 'confidence': ['isoft']} [took 169.439s]
08/12/23 02:31:31| DEBUG       [size=11,place=2] best score = 0.01282606; best param = {'quantifier__classifier__C': 0.1, 'quantifier__classifier__class_weight': 'balanced', 'quantifier__bandwidth': 0.17, 'confidence': ['isoft']} [took 169.440s]
08/12/23 02:36:19| DEBUG       [size=34,place=1] best score = 0.00881740; best param = {'quantifier__classifier__C': 0.1, 'quantifier__classifier__class_weight': 'balanced', 'quantifier__bandwidth': 0.02, 'confidence': ['isoft']} [took 287.845s]
08/12/23 02:36:19| DEBUG       [size=34,place=2] best score = 0.00895364; best param = {'quantifier__classifier__C': 0.1, 'quantifier__classifier__class_weight': 'balanced', 'quantifier__bandwidth': 0.03, 'confidence': ['isoft']} [took 287.845s]
08/12/23 02:39:06| DEBUG       [size=16,place=1] best score = 0.00868445; best param = {'quantifier__classifier__C': 1.0, 'quantifier__classifier__class_weight': 'balanced', 'quantifier__bandwidth': 0.02, 'confidence': ['isoft']} [took 167.344s]
08/12/23 02:39:06| DEBUG       [size=16,place=2] best score = 0.00871860; best param = {'quantifier__classifier__C': 1.0, 'quantifier__classifier__class_weight': 'balanced', 'quantifier__bandwidth': 0.03, 'confidence': ['isoft']} [took 167.345s]
08/12/23 02:43:03| DEBUG       [size=20,place=1] best score = 0.00876632; best param = {'quantifier__classifier__C': 1.0, 'quantifier__classifier__class_weight': 'balanced', 'quantifier__bandwidth': 0.04, 'confidence': ['isoft']} [took 237.058s]
08/12/23 02:43:03| DEBUG       [size=20,place=2] best score = 0.00895230; best param = {'quantifier__classifier__C': 1.0, 'quantifier__classifier__class_weight': 'balanced', 'quantifier__bandwidth': 0.05, 'confidence': ['isoft']} [took 237.058s]
08/12/23 02:43:03| DEBUG       [MultiClassAccuracyEstimator] optimization finished: best params {'quantifier__classifier__C': 1.0, 'quantifier__classifier__class_weight': 'balanced', 'quantifier__bandwidth': 0.02, 'confidence': ['isoft']} (score=0.00868) [took 861.8042s]
08/12/23 02:51:10| INFO        m3w_kde_gs finished [took 1348.7148s]
08/12/23 02:51:10| INFO     Dataset sample 0.20 of dataset imdb finished [took 4192.9340s]
08/12/23 02:51:10| INFO     Dataset sample 0.30 of dataset imdb started
08/12/23 02:51:27| INFO        ref finished [took 14.2067s]
08/12/23 02:52:50| DEBUG       [size=11,place=1] best score = 0.01143390; best param = {'quantifier__classifier__C': 0.1, 'quantifier__classifier__class_weight': 'balanced', 'quantifier__bandwidth': 0.060000000000000005, 'confidence': ['isoft']} [took 81.053s]
08/12/23 02:52:50| DEBUG       [size=11,place=2] best score = 0.01387200; best param = {'quantifier__classifier__C': 100.0, 'quantifier__classifier__class_weight': 'balanced', 'quantifier__bandwidth': 0.01, 'confidence': None} [took 81.053s]
08/12/23 02:57:42| DEBUG       [size=53,place=1] best score = 0.01119151; best param = {'quantifier__classifier__C': 0.1, 'quantifier__classifier__class_weight': 'balanced', 'quantifier__bandwidth': 0.02, 'confidence': ['isoft']} [took 291.600s]
08/12/23 02:57:42| DEBUG       [size=53,place=2] best score = 0.01122933; best param = {'quantifier__classifier__C': 0.1, 'quantifier__classifier__class_weight': 'balanced', 'quantifier__bandwidth': 0.03, 'confidence': ['isoft']} [took 291.600s]
08/12/23 02:59:07| DEBUG       [size=16,place=1] best score = 0.01165750; best param = {'quantifier__classifier__C': 0.1, 'quantifier__classifier__class_weight': 'balanced', 'quantifier__bandwidth': 0.02, 'confidence': None} [took 85.332s]
08/12/23 02:59:07| DEBUG       [size=16,place=2] best score = 0.01184465; best param = {'quantifier__classifier__C': 0.1, 'quantifier__classifier__class_weight': 'balanced', 'quantifier__bandwidth': 0.03, 'confidence': None} [took 85.333s]
08/12/23 02:59:07| DEBUG       [BinaryQuantifierAccuracyEstimator] optimization finished: best params {'quantifier__classifier__C': 0.1, 'quantifier__classifier__class_weight': 'balanced', 'quantifier__bandwidth': 0.02, 'confidence': ['isoft']} (score=0.01119) [took 458.1017s]
08/12/23 03:05:14| INFO        bin_kde_gs finished [took 824.6224s]
08/12/23 03:08:55| DEBUG       [size=11,place=1] best score = 0.01149085; best param = {'quantifier__classifier__C': 0.1, 'quantifier__classifier__class_weight': 'balanced', 'quantifier__bandwidth': 0.060000000000000005, 'confidence': ['isoft']} [took 219.767s]
08/12/23 03:08:55| DEBUG       [size=11,place=2] best score = 0.02153219; best param = {'quantifier__classifier__C': 0.1, 'quantifier__classifier__class_weight': 'balanced', 'quantifier__bandwidth': 0.17, 'confidence': ['isoft']} [took 219.767s]
08/12/23 03:15:52| DEBUG       [size=34,place=1] best score = 0.01112105; best param = {'quantifier__classifier__C': 0.1, 'quantifier__classifier__class_weight': 'balanced', 'quantifier__bandwidth': 0.03, 'confidence': ['isoft']} [took 416.799s]
08/12/23 03:15:52| DEBUG       [size=34,place=2] best score = 0.01116321; best param = {'quantifier__classifier__C': 0.1, 'quantifier__classifier__class_weight': 'balanced', 'quantifier__bandwidth': 0.04, 'confidence': ['isoft']} [took 416.799s]
08/12/23 03:19:33| DEBUG       [size=16,place=1] best score = 0.01174331; best param = {'quantifier__classifier__C': 0.1, 'quantifier__classifier__class_weight': 'balanced', 'quantifier__bandwidth': 0.03, 'confidence': None} [took 221.235s]
08/12/23 03:19:33| DEBUG       [size=16,place=2] best score = 0.01198596; best param = {'quantifier__classifier__C': 1.0, 'quantifier__classifier__class_weight': 'balanced', 'quantifier__bandwidth': 0.03, 'confidence': ['isoft']} [took 221.235s]
08/12/23 03:19:34| DEBUG       [MultiClassAccuracyEstimator] optimization finished: best params {'quantifier__classifier__C': 0.1, 'quantifier__classifier__class_weight': 'balanced', 'quantifier__bandwidth': 0.03, 'confidence': ['isoft']} (score=0.01112) [took 857.9153s]
08/12/23 03:27:28| INFO        mul_kde_gs finished [took 1332.5947s]
08/12/23 03:30:22| DEBUG       [size=11,place=1] best score = 0.01533456; best param = {'quantifier__classifier__C': 0.1, 'quantifier__classifier__class_weight': 'balanced', 'quantifier__bandwidth': 0.060000000000000005, 'confidence': ['isoft']} [took 172.159s]
08/12/23 03:30:22| DEBUG       [size=11,place=2] best score = 0.01717070; best param = {'quantifier__classifier__C': 100.0, 'quantifier__classifier__class_weight': 'balanced', 'quantifier__bandwidth': 0.01, 'confidence': None} [took 172.160s]
08/12/23 03:40:17| DEBUG       [size=53,place=1] best score = 0.01026628; best param = {'quantifier__classifier__C': 1.0, 'quantifier__classifier__class_weight': 'balanced', 'quantifier__bandwidth': 0.01, 'confidence': None} [took 595.486s]
08/12/23 03:40:17| DEBUG       [size=53,place=2] best score = 0.01120140; best param = {'quantifier__classifier__C': 0.1, 'quantifier__classifier__class_weight': 'balanced', 'quantifier__bandwidth': 0.01, 'confidence': ['isoft']} [took 595.486s]
08/12/23 03:45:32| DEBUG       [size=26,place=1] best score = 0.01098998; best param = {'quantifier__classifier__C': 1.0, 'quantifier__classifier__class_weight': None, 'quantifier__bandwidth': 0.01, 'confidence': None} [took 314.175s]
08/12/23 03:45:32| DEBUG       [size=26,place=2] best score = 0.01164227; best param = {'quantifier__classifier__C': 0.1, 'quantifier__classifier__class_weight': None, 'quantifier__bandwidth': 0.01, 'confidence': ['isoft']} [took 314.175s]
08/12/23 03:45:32| DEBUG       [MultiClassAccuracyEstimator] optimization finished: best params {'quantifier__classifier__C': 1.0, 'quantifier__classifier__class_weight': 'balanced', 'quantifier__bandwidth': 0.01, 'confidence': None} (score=0.01027) [took 1081.9372s]
08/12/23 03:52:18| INFO        m3w_kde_gs finished [took 1488.1768s]
08/12/23 03:52:18| INFO     Dataset sample 0.30 of dataset imdb finished [took 3667.7132s]
08/12/23 03:52:18| INFO     Dataset sample 0.40 of dataset imdb started
08/12/23 03:52:34| INFO        ref finished [took 13.9194s]
08/12/23 03:53:51| DEBUG       [size=11,place=1] best score = 0.01416400; best param = {'quantifier__classifier__C': 100.0, 'quantifier__classifier__class_weight': 'balanced', 'quantifier__bandwidth': 0.01, 'confidence': None} [took 74.933s]
08/12/23 03:53:51| DEBUG       [size=11,place=2] best score = 0.01883323; best param = {'quantifier__classifier__C': 0.1, 'quantifier__classifier__class_weight': 'balanced', 'quantifier__bandwidth': 0.060000000000000005, 'confidence': ['isoft']} [took 74.933s]
08/12/23 03:58:15| DEBUG       [size=53,place=1] best score = 0.01185928; best param = {'quantifier__classifier__C': 0.1, 'quantifier__classifier__class_weight': 'balanced', 'quantifier__bandwidth': 0.01, 'confidence': None} [took 264.063s]
08/12/23 03:58:15| DEBUG       [size=53,place=2] best score = 0.01210421; best param = {'quantifier__classifier__C': 100.0, 'quantifier__classifier__class_weight': 'balanced', 'quantifier__bandwidth': 0.01, 'confidence': ['isoft']} [took 264.063s]
08/12/23 04:02:10| DEBUG       [size=43,place=1] best score = 0.01183561; best param = {'quantifier__classifier__C': 100.0, 'quantifier__classifier__class_weight': None, 'quantifier__bandwidth': 0.01, 'confidence': ['isoft']} [took 234.771s]
08/12/23 04:02:10| DEBUG       [size=43,place=2] best score = 0.01215551; best param = {'quantifier__classifier__C': 100.0, 'quantifier__classifier__class_weight': 'balanced', 'quantifier__bandwidth': 0.02, 'confidence': ['isoft']} [took 234.771s]
08/12/23 04:05:45| DEBUG       [size=30,place=1] best score = 0.01236678; best param = {'quantifier__classifier__C': 100.0, 'quantifier__classifier__class_weight': None, 'quantifier__bandwidth': 0.02, 'confidence': ['isoft']} [took 215.311s]
08/12/23 04:05:45| DEBUG       [size=30,place=2] best score = 0.01320531; best param = {'quantifier__classifier__C': 1.0, 'quantifier__classifier__class_weight': 'balanced', 'quantifier__bandwidth': 0.02, 'confidence': ['isoft']} [took 215.311s]
08/12/23 04:05:45| DEBUG       [BinaryQuantifierAccuracyEstimator] optimization finished: best params {'quantifier__classifier__C': 100.0, 'quantifier__classifier__class_weight': None, 'quantifier__bandwidth': 0.01, 'confidence': ['isoft']} (score=0.01184) [took 789.1899s]
08/12/23 04:11:16| INFO        bin_kde_gs finished [took 1120.2464s]
08/12/23 04:15:04| DEBUG       [size=11,place=1] best score = 0.01844199; best param = {'quantifier__classifier__C': 0.1, 'quantifier__classifier__class_weight': 'balanced', 'quantifier__bandwidth': 0.060000000000000005, 'confidence': ['isoft']} [took 227.239s]
08/12/23 04:15:04| DEBUG       [size=11,place=2] best score = 0.02826385; best param = {'quantifier__classifier__C': 100.0, 'quantifier__classifier__class_weight': 'balanced', 'quantifier__bandwidth': 0.01, 'confidence': None} [took 227.239s]
08/12/23 04:28:49| DEBUG       [size=53,place=1] best score = 0.01172724; best param = {'quantifier__classifier__C': 0.1, 'quantifier__classifier__class_weight': 'balanced', 'quantifier__bandwidth': 0.01, 'confidence': ['isoft']} [took 824.409s]
08/12/23 04:28:49| DEBUG       [size=53,place=2] best score = 0.01207213; best param = {'quantifier__classifier__C': 0.1, 'quantifier__classifier__class_weight': 'balanced', 'quantifier__bandwidth': 0.02, 'confidence': ['isoft']} [took 824.410s]
08/12/23 04:32:04| DEBUG       [size=14,place=1] best score = 0.01205054; best param = {'quantifier__classifier__C': 10.0, 'quantifier__classifier__class_weight': 'balanced', 'quantifier__bandwidth': 0.01, 'confidence': ['isoft']} [took 194.833s]
08/12/23 04:32:04| DEBUG       [size=14,place=2] best score = 0.01251895; best param = {'quantifier__classifier__C': 0.1, 'quantifier__classifier__class_weight': None, 'quantifier__bandwidth': 0.01, 'confidence': ['isoft']} [took 194.834s]
08/12/23 04:32:04| DEBUG       [MultiClassAccuracyEstimator] optimization finished: best params {'quantifier__classifier__C': 0.1, 'quantifier__classifier__class_weight': 'balanced', 'quantifier__bandwidth': 0.01, 'confidence': ['isoft']} (score=0.01173) [took 1246.5983s]
08/12/23 04:38:37| INFO        mul_kde_gs finished [took 1639.5698s]
08/12/23 04:41:24| DEBUG       [size=11,place=1] best score = 0.01952105; best param = {'quantifier__classifier__C': 100.0, 'quantifier__classifier__class_weight': 'balanced', 'quantifier__bandwidth': 0.01, 'confidence': None} [took 166.300s]
08/12/23 04:41:24| DEBUG       [size=11,place=2] best score = 0.02107291; best param = {'quantifier__classifier__C': 100.0, 'quantifier__classifier__class_weight': None, 'quantifier__bandwidth': 0.05, 'confidence': None} [took 166.300s]
08/12/23 04:53:46| DEBUG       [size=52,place=1] best score = 0.01242217; best param = {'quantifier__classifier__C': 10.0, 'quantifier__classifier__class_weight': 'balanced', 'quantifier__bandwidth': 0.01, 'confidence': None} [took 742.421s]
08/12/23 04:53:46| DEBUG       [size=52,place=2] best score = 0.01288423; best param = {'quantifier__classifier__C': 100.0, 'quantifier__classifier__class_weight': None, 'quantifier__bandwidth': 0.02, 'confidence': None} [took 742.422s]
08/12/23 05:01:03| DEBUG       [size=28,place=1] best score = 0.01285537; best param = {'quantifier__classifier__C': 10.0, 'quantifier__classifier__class_weight': None, 'quantifier__bandwidth': 0.01, 'confidence': None} [took 436.917s]
08/12/23 05:01:03| DEBUG       [size=28,place=2] best score = 0.01474676; best param = {'quantifier__classifier__C': 1000.0, 'quantifier__classifier__class_weight': None, 'quantifier__bandwidth': 0.02, 'confidence': None} [took 436.918s]
08/12/23 05:01:03| DEBUG       [MultiClassAccuracyEstimator] optimization finished: best params {'quantifier__classifier__C': 10.0, 'quantifier__classifier__class_weight': 'balanced', 'quantifier__bandwidth': 0.01, 'confidence': None} (score=0.01242) [took 1345.7545s]
08/12/23 05:07:08| INFO        m3w_kde_gs finished [took 1710.1588s]
08/12/23 05:07:08| INFO     Dataset sample 0.40 of dataset imdb finished [took 4489.9288s]
08/12/23 05:07:08| INFO     Dataset sample 0.50 of dataset imdb started
08/12/23 05:07:25| INFO        ref finished [took 14.3738s]
08/12/23 05:08:43| DEBUG       [size=11,place=1] best score = 0.01659678; best param = {'quantifier__classifier__C': 100.0, 'quantifier__classifier__class_weight': None, 'quantifier__bandwidth': 0.05, 'confidence': None} [took 77.348s]
08/12/23 05:08:43| DEBUG       [size=11,place=2] best score = 0.01695638; best param = {'quantifier__classifier__C': 0.1, 'quantifier__classifier__class_weight': 'balanced', 'quantifier__bandwidth': 0.060000000000000005, 'confidence': ['isoft']} [took 77.348s]
08/12/23 05:13:58| DEBUG       [size=53,place=1] best score = 0.01138129; best param = {'quantifier__classifier__C': 0.1, 'quantifier__classifier__class_weight': 'balanced', 'quantifier__bandwidth': 0.01, 'confidence': ['isoft']} [took 315.145s]
08/12/23 05:13:58| DEBUG       [size=53,place=2] best score = 0.01174432; best param = {'quantifier__classifier__C': 0.1, 'quantifier__classifier__class_weight': 'balanced', 'quantifier__bandwidth': 0.02, 'confidence': ['isoft']} [took 315.145s]
08/12/23 05:15:18| DEBUG       [size=16,place=1] best score = 0.00976346; best param = {'quantifier__classifier__C': 100.0, 'quantifier__classifier__class_weight': 'balanced', 'quantifier__bandwidth': 0.02, 'confidence': ['isoft']} [took 79.287s]
08/12/23 05:15:18| DEBUG       [size=16,place=2] best score = 0.01034180; best param = {'quantifier__classifier__C': 1000.0, 'quantifier__classifier__class_weight': 'balanced', 'quantifier__bandwidth': 0.01, 'confidence': ['isoft']} [took 79.287s]
08/12/23 05:21:01| DEBUG       [size=38,place=1] best score = 0.00974980; best param = {'quantifier__classifier__C': 1000.0, 'quantifier__classifier__class_weight': 'balanced', 'quantifier__bandwidth': 0.01, 'confidence': None} [took 343.469s]
08/12/23 05:21:01| DEBUG       [size=38,place=2] best score = 0.00977964; best param = {'quantifier__classifier__C': 100.0, 'quantifier__classifier__class_weight': 'balanced', 'quantifier__bandwidth': 0.02, 'confidence': None} [took 343.469s]
08/12/23 05:26:00| DEBUG       [size=44,place=1] best score = 0.00994167; best param = {'quantifier__classifier__C': 10.0, 'quantifier__classifier__class_weight': 'balanced', 'quantifier__bandwidth': 0.02, 'confidence': None} [took 299.024s]
08/12/23 05:26:00| DEBUG       [size=44,place=2] best score = 0.01059315; best param = {'quantifier__classifier__C': 100.0, 'quantifier__classifier__class_weight': 'balanced', 'quantifier__bandwidth': 0.03, 'confidence': None} [took 299.025s]
08/12/23 05:26:00| DEBUG       [BinaryQuantifierAccuracyEstimator] optimization finished: best params {'quantifier__classifier__C': 1000.0, 'quantifier__classifier__class_weight': 'balanced', 'quantifier__bandwidth': 0.01, 'confidence': None} (score=0.00975) [took 1114.3936s]
08/12/23 05:31:21| INFO        bin_kde_gs finished [took 1434.9794s]
08/12/23 05:35:02| DEBUG       [size=11,place=1] best score = 0.01580157; best param = {'quantifier__classifier__C': 100.0, 'quantifier__classifier__class_weight': 'balanced', 'quantifier__bandwidth': 0.01, 'confidence': None} [took 219.821s]
08/12/23 05:35:02| DEBUG       [size=11,place=2] best score = 0.01688862; best param = {'quantifier__classifier__C': 1000.0, 'quantifier__classifier__class_weight': 'balanced', 'quantifier__bandwidth': 0.09999999999999999, 'confidence': None} [took 219.822s]
08/12/23 05:52:08| DEBUG       [size=51,place=1] best score = 0.01047890; best param = {'quantifier__classifier__C': 100.0, 'quantifier__classifier__class_weight': 'balanced', 'quantifier__bandwidth': 0.03, 'confidence': None} [took 1026.409s]
08/12/23 05:52:08| DEBUG       [size=51,place=2] best score = 0.01206740; best param = {'quantifier__classifier__C': 100.0, 'quantifier__classifier__class_weight': 'balanced', 'quantifier__bandwidth': 0.04, 'confidence': None} [took 1026.410s]
08/12/23 05:55:35| DEBUG       [size=14,place=1] best score = 0.00986790; best param = {'quantifier__classifier__C': 1.0, 'quantifier__classifier__class_weight': 'balanced', 'quantifier__bandwidth': 0.04, 'confidence': None} [took 206.213s]
08/12/23 05:55:35| DEBUG       [size=14,place=2] best score = 0.01016540; best param = {'quantifier__classifier__C': 10.0, 'quantifier__classifier__class_weight': 'balanced', 'quantifier__bandwidth': 0.04, 'confidence': None} [took 206.213s]
08/12/23 06:08:31| DEBUG       [size=36,place=1] best score = 0.01048955; best param = {'quantifier__classifier__C': 1.0, 'quantifier__classifier__class_weight': 'balanced', 'quantifier__bandwidth': 0.05, 'confidence': None} [took 775.953s]
08/12/23 06:08:31| DEBUG       [size=36,place=2] best score = 0.01095112; best param = {'quantifier__classifier__C': 10.0, 'quantifier__classifier__class_weight': 'balanced', 'quantifier__bandwidth': 0.05, 'confidence': None} [took 775.953s]
08/12/23 06:08:31| DEBUG       [MultiClassAccuracyEstimator] optimization finished: best params {'quantifier__classifier__C': 1.0, 'quantifier__classifier__class_weight': 'balanced', 'quantifier__bandwidth': 0.04, 'confidence': None} (score=0.00987) [took 2228.5156s]
08/12/23 06:16:52| INFO        mul_kde_gs finished [took 2730.3018s]
08/12/23 06:19:47| DEBUG       [size=11,place=1] best score = 0.01519302; best param = {'quantifier__classifier__C': 100.0, 'quantifier__classifier__class_weight': 'balanced', 'quantifier__bandwidth': 0.01, 'confidence': None} [took 173.844s]
08/12/23 06:19:47| DEBUG       [size=11,place=2] best score = 0.02575940; best param = {'quantifier__classifier__C': 0.1, 'quantifier__classifier__class_weight': 'balanced', 'quantifier__bandwidth': 0.060000000000000005, 'confidence': ['isoft']} [took 173.844s]
08/12/23 06:30:08| DEBUG       [size=53,place=1] best score = 0.01194274; best param = {'quantifier__classifier__C': 10.0, 'quantifier__classifier__class_weight': 'balanced', 'quantifier__bandwidth': 0.01, 'confidence': None} [took 620.149s]
08/12/23 06:30:08| DEBUG       [size=53,place=2] best score = 0.01777625; best param = {'quantifier__classifier__C': 100.0, 'quantifier__classifier__class_weight': None, 'quantifier__bandwidth': 0.01, 'confidence': None} [took 620.149s]
08/12/23 06:41:47| DEBUG       [size=45,place=1] best score = 0.01340000; best param = {'quantifier__classifier__C': 10.0, 'quantifier__classifier__class_weight': None, 'quantifier__bandwidth': 0.01, 'confidence': None} [took 699.109s]
08/12/23 06:41:47| DEBUG       [size=45,place=2] best score = 0.01408497; best param = {'quantifier__classifier__C': 1.0, 'quantifier__classifier__class_weight': None, 'quantifier__bandwidth': 0.01, 'confidence': None} [took 699.109s]
08/12/23 06:41:47| DEBUG       [MultiClassAccuracyEstimator] optimization finished: best params {'quantifier__classifier__C': 10.0, 'quantifier__classifier__class_weight': 'balanced', 'quantifier__bandwidth': 0.01, 'confidence': None} (score=0.01194) [took 1493.2181s]
08/12/23 06:47:52| INFO        m3w_kde_gs finished [took 1858.1184s]
08/12/23 06:47:52| INFO     Dataset sample 0.50 of dataset imdb finished [took 6043.7355s]
08/12/23 06:47:52| INFO     Dataset sample 0.60 of dataset imdb started
08/12/23 06:48:09| INFO        ref finished [took 14.1590s]
08/12/23 06:49:29| DEBUG       [size=11,place=1] best score = 0.01219211; best param = {'quantifier__classifier__C': 100.0, 'quantifier__classifier__class_weight': 'balanced', 'quantifier__bandwidth': 0.01, 'confidence': None} [took 78.979s]
08/12/23 06:49:29| DEBUG       [size=11,place=2] best score = 0.01237302; best param = {'quantifier__classifier__C': 0.1, 'quantifier__classifier__class_weight': 'balanced', 'quantifier__bandwidth': 0.060000000000000005, 'confidence': ['isoft']} [took 78.979s]
08/12/23 06:54:26| DEBUG       [size=53,place=1] best score = 0.01220369; best param = {'quantifier__classifier__C': 0.1, 'quantifier__classifier__class_weight': 'balanced', 'quantifier__bandwidth': 0.05, 'confidence': ['isoft']} [took 296.599s]
08/12/23 06:54:26| DEBUG       [size=53,place=2] best score = 0.01230055; best param = {'quantifier__classifier__C': 0.01, 'quantifier__classifier__class_weight': 'balanced', 'quantifier__bandwidth': 0.01, 'confidence': None} [took 296.599s]
08/12/23 06:54:26| DEBUG       [BinaryQuantifierAccuracyEstimator] optimization finished: best params {'quantifier__classifier__C': 100.0, 'quantifier__classifier__class_weight': 'balanced', 'quantifier__bandwidth': 0.01, 'confidence': None} (score=0.01219) [took 375.6899s]
08/12/23 06:59:31| INFO        bin_kde_gs finished [took 680.9392s]
08/12/23 07:03:16| DEBUG       [size=11,place=1] best score = 0.01262679; best param = {'quantifier__classifier__C': 0.1, 'quantifier__classifier__class_weight': 'balanced', 'quantifier__bandwidth': 0.060000000000000005, 'confidence': ['isoft']} [took 223.490s]
08/12/23 07:03:16| DEBUG       [size=11,place=2] best score = 0.02537997; best param = {'quantifier__classifier__C': 100.0, 'quantifier__classifier__class_weight': None, 'quantifier__bandwidth': 0.05, 'confidence': None} [took 223.490s]
08/12/23 07:16:59| DEBUG       [size=53,place=1] best score = 0.01141300; best param = {'quantifier__classifier__C': 0.1, 'quantifier__classifier__class_weight': 'balanced', 'quantifier__bandwidth': 0.03, 'confidence': ['isoft']} [took 823.361s]
08/12/23 07:16:59| DEBUG       [size=53,place=2] best score = 0.01143390; best param = {'quantifier__classifier__C': 0.1, 'quantifier__classifier__class_weight': 'balanced', 'quantifier__bandwidth': 0.04, 'confidence': ['isoft']} [took 823.361s]
08/12/23 07:20:41| DEBUG       [size=16,place=1] best score = 0.01058069; best param = {'quantifier__classifier__C': 1.0, 'quantifier__classifier__class_weight': 'balanced', 'quantifier__bandwidth': 0.03, 'confidence': ['isoft']} [took 221.657s]
08/12/23 07:20:41| DEBUG       [size=16,place=2] best score = 0.01145260; best param = {'quantifier__classifier__C': 1.0, 'quantifier__classifier__class_weight': 'balanced', 'quantifier__bandwidth': 0.04, 'confidence': ['isoft']} [took 221.658s]
08/12/23 07:27:40| DEBUG       [size=21,place=1] best score = 0.01053192; best param = {'quantifier__classifier__C': 1.0, 'quantifier__classifier__class_weight': 'balanced', 'quantifier__bandwidth': 0.02, 'confidence': ['isoft']} [took 419.273s]
08/12/23 07:27:40| DEBUG       [size=21,place=2] best score = 0.01208295; best param = {'quantifier__classifier__C': 1.0, 'quantifier__classifier__class_weight': 'balanced', 'quantifier__bandwidth': 0.04, 'confidence': None} [took 419.274s]
08/12/23 07:36:42| DEBUG       [size=30,place=1] best score = 0.01060630; best param = {'quantifier__classifier__C': 1.0, 'quantifier__classifier__class_weight': None, 'quantifier__bandwidth': 0.02, 'confidence': ['isoft']} [took 541.594s]
08/12/23 07:36:42| DEBUG       [size=30,place=2] best score = 0.01238679; best param = {'quantifier__classifier__C': 1.0, 'quantifier__classifier__class_weight': 'balanced', 'quantifier__bandwidth': 0.01, 'confidence': None} [took 541.594s]
08/12/23 07:36:42| DEBUG       [MultiClassAccuracyEstimator] optimization finished: best params {'quantifier__classifier__C': 1.0, 'quantifier__classifier__class_weight': 'balanced', 'quantifier__bandwidth': 0.02, 'confidence': ['isoft']} (score=0.01053) [took 2229.4931s]
08/12/23 07:43:34| INFO        mul_kde_gs finished [took 2642.0192s]
08/12/23 07:46:18| DEBUG       [size=11,place=1] best score = 0.01849888; best param = {'quantifier__classifier__C': 100.0, 'quantifier__classifier__class_weight': 'balanced', 'quantifier__bandwidth': 0.01, 'confidence': None} [took 163.411s]
08/12/23 07:46:18| DEBUG       [size=11,place=2] best score = 0.02024214; best param = {'quantifier__classifier__C': 1000.0, 'quantifier__classifier__class_weight': 'balanced', 'quantifier__bandwidth': 0.09999999999999999, 'confidence': None} [took 163.412s]
08/12/23 07:58:50| DEBUG       [size=51,place=1] best score = 0.01379574; best param = {'quantifier__classifier__C': 1000.0, 'quantifier__classifier__class_weight': 'balanced', 'quantifier__bandwidth': 0.02, 'confidence': None} [took 751.868s]
08/12/23 07:58:50| DEBUG       [size=51,place=2] best score = 0.01433927; best param = {'quantifier__classifier__C': 100.0, 'quantifier__classifier__class_weight': 'balanced', 'quantifier__bandwidth': 0.02, 'confidence': None} [took 751.868s]
08/12/23 08:00:34| DEBUG       [size=9,place=1] best score = 0.01517971; best param = {'quantifier__classifier__C': 10.0, 'quantifier__classifier__class_weight': 'balanced', 'quantifier__bandwidth': 0.02, 'confidence': None} [took 103.950s]
08/12/23 08:00:34| DEBUG       [size=9,place=2] best score = 0.01742746; best param = {'quantifier__classifier__C': 100.0, 'quantifier__classifier__class_weight': None, 'quantifier__bandwidth': 0.02, 'confidence': None} [took 103.951s]
08/12/23 08:00:34| DEBUG       [MultiClassAccuracyEstimator] optimization finished: best params {'quantifier__classifier__C': 1000.0, 'quantifier__classifier__class_weight': 'balanced', 'quantifier__bandwidth': 0.02, 'confidence': None} (score=0.01380) [took 1019.3435s]
08/12/23 08:07:27| INFO        m3w_kde_gs finished [took 1431.7524s]
08/12/23 08:07:27| INFO     Dataset sample 0.60 of dataset imdb finished [took 4775.1959s]
08/12/23 08:07:27| INFO     Dataset sample 0.70 of dataset imdb started
08/12/23 08:07:44| INFO        ref finished [took 14.3426s]
08/12/23 08:09:09| DEBUG       [size=11,place=1] best score = 0.01866956; best param = {'quantifier__classifier__C': 100.0, 'quantifier__classifier__class_weight': 'balanced', 'quantifier__bandwidth': 0.01, 'confidence': None} [took 83.892s]
08/12/23 08:09:09| DEBUG       [size=11,place=2] best score = 0.02514155; best param = {'quantifier__classifier__C': 1000.0, 'quantifier__classifier__class_weight': 'balanced', 'quantifier__bandwidth': 0.09999999999999999, 'confidence': None} [took 83.893s]
08/12/23 08:15:00| DEBUG       [size=51,place=1] best score = 0.01698410; best param = {'quantifier__classifier__C': 0.01, 'quantifier__classifier__class_weight': 'balanced', 'quantifier__bandwidth': 0.01, 'confidence': None} [took 350.460s]
08/12/23 08:15:00| DEBUG       [size=51,place=2] best score = 0.01854034; best param = {'quantifier__classifier__C': 100.0, 'quantifier__classifier__class_weight': None, 'quantifier__bandwidth': 0.01, 'confidence': None} [took 350.461s]
08/12/23 08:18:55| DEBUG       [size=44,place=1] best score = 0.01697068; best param = {'quantifier__classifier__C': 100.0, 'quantifier__classifier__class_weight': None, 'quantifier__bandwidth': 0.01, 'confidence': ['isoft']} [took 235.380s]
08/12/23 08:18:55| DEBUG       [size=44,place=2] best score = 0.01735693; best param = {'quantifier__classifier__C': 0.1, 'quantifier__classifier__class_weight': None, 'quantifier__bandwidth': 0.01, 'confidence': None} [took 235.380s]
08/12/23 08:23:04| DEBUG       [size=44,place=1] best score = 0.01911803; best param = {'quantifier__classifier__C': 0.1, 'quantifier__classifier__class_weight': None, 'quantifier__bandwidth': 0.02, 'confidence': None} [took 249.453s]
08/12/23 08:23:04| DEBUG       [size=44,place=2] best score = 0.01964418; best param = {'quantifier__classifier__C': 1000.0, 'quantifier__classifier__class_weight': None, 'quantifier__bandwidth': 0.01, 'confidence': ['isoft']} [took 249.453s]
08/12/23 08:23:04| DEBUG       [BinaryQuantifierAccuracyEstimator] optimization finished: best params {'quantifier__classifier__C': 100.0, 'quantifier__classifier__class_weight': None, 'quantifier__bandwidth': 0.01, 'confidence': ['isoft']} (score=0.01697) [took 919.3069s]
08/12/23 08:29:31| INFO        bin_kde_gs finished [took 1306.2020s]
08/12/23 08:33:11| DEBUG       [size=11,place=1] best score = 0.02038703; best param = {'quantifier__classifier__C': 100.0, 'quantifier__classifier__class_weight': 'balanced', 'quantifier__bandwidth': 0.01, 'confidence': None} [took 217.720s]
08/12/23 08:33:11| DEBUG       [size=11,place=2] best score = 0.02186639; best param = {'quantifier__classifier__C': 0.1, 'quantifier__classifier__class_weight': 'balanced', 'quantifier__bandwidth': 0.060000000000000005, 'confidence': ['isoft']} [took 217.720s]
08/12/23 08:47:17| DEBUG       [size=53,place=1] best score = 0.01045687; best param = {'quantifier__classifier__C': 0.1, 'quantifier__classifier__class_weight': 'balanced', 'quantifier__bandwidth': 0.01, 'confidence': None} [took 846.047s]
08/12/23 08:47:17| DEBUG       [size=53,place=2] best score = 0.01137868; best param = {'quantifier__classifier__C': 100.0, 'quantifier__classifier__class_weight': None, 'quantifier__bandwidth': 0.01, 'confidence': None} [took 846.047s]
08/12/23 08:58:30| DEBUG       [size=43,place=1] best score = 0.01103107; best param = {'quantifier__classifier__C': 0.1, 'quantifier__classifier__class_weight': None, 'quantifier__bandwidth': 0.01, 'confidence': None} [took 673.593s]
08/12/23 08:58:30| DEBUG       [size=43,place=2] best score = 0.01310193; best param = {'quantifier__classifier__C': 1.0, 'quantifier__classifier__class_weight': None, 'quantifier__bandwidth': 0.01, 'confidence': None} [took 673.593s]
08/12/23 08:58:30| DEBUG       [MultiClassAccuracyEstimator] optimization finished: best params {'quantifier__classifier__C': 0.1, 'quantifier__classifier__class_weight': 'balanced', 'quantifier__bandwidth': 0.01, 'confidence': None} (score=0.01046) [took 1737.4760s]
08/12/23 09:05:32| INFO        mul_kde_gs finished [took 2159.5794s]
08/12/23 09:08:20| DEBUG       [size=11,place=1] best score = 0.01304121; best param = {'quantifier__classifier__C': 100.0, 'quantifier__classifier__class_weight': 'balanced', 'quantifier__bandwidth': 0.01, 'confidence': None} [took 166.038s]
08/12/23 09:08:20| DEBUG       [size=11,place=2] best score = 0.02852550; best param = {'quantifier__classifier__C': 100.0, 'quantifier__classifier__class_weight': None, 'quantifier__bandwidth': 0.05, 'confidence': None} [took 166.039s]
08/12/23 09:21:02| DEBUG       [size=52,place=1] best score = 0.01392993; best param = {'quantifier__classifier__C': 1.0, 'quantifier__classifier__class_weight': 'balanced', 'quantifier__bandwidth': 0.01, 'confidence': None} [took 762.866s]
08/12/23 09:21:02| DEBUG       [size=52,place=2] best score = 0.01536096; best param = {'quantifier__classifier__C': 10.0, 'quantifier__classifier__class_weight': 'balanced', 'quantifier__bandwidth': 0.01, 'confidence': None} [took 762.866s]
08/12/23 09:21:02| DEBUG       [MultiClassAccuracyEstimator] optimization finished: best params {'quantifier__classifier__C': 100.0, 'quantifier__classifier__class_weight': 'balanced', 'quantifier__bandwidth': 0.01, 'confidence': None} (score=0.01304) [took 929.0179s]
08/12/23 09:28:46| INFO        m3w_kde_gs finished [took 1392.5585s]
08/12/23 09:28:46| INFO     Dataset sample 0.70 of dataset imdb finished [took 4879.2065s]
08/12/23 09:28:46| INFO     Dataset sample 0.80 of dataset imdb started
08/12/23 09:29:03| INFO        ref finished [took 14.2105s]
08/12/23 09:30:24| DEBUG       [size=11,place=1] best score = 0.00826263; best param = {'quantifier__classifier__C': 0.1, 'quantifier__classifier__class_weight': 'balanced', 'quantifier__bandwidth': 0.060000000000000005, 'confidence': ['isoft']} [took 79.580s]
08/12/23 09:30:24| DEBUG       [size=11,place=2] best score = 0.01139361; best param = {'quantifier__classifier__C': 0.1, 'quantifier__classifier__class_weight': 'balanced', 'quantifier__bandwidth': 0.17, 'confidence': ['isoft']} [took 79.580s]
08/12/23 09:32:57| DEBUG       [size=34,place=1] best score = 0.00823491; best param = {'quantifier__classifier__C': 0.01, 'quantifier__classifier__class_weight': 'balanced', 'quantifier__bandwidth': 0.060000000000000005, 'confidence': ['isoft']} [took 153.219s]
08/12/23 09:32:57| DEBUG       [size=34,place=2] best score = 0.00826922; best param = {'quantifier__classifier__C': 0.1, 'quantifier__classifier__class_weight': 'balanced', 'quantifier__bandwidth': 0.05, 'confidence': ['isoft']} [took 153.219s]
08/12/23 09:34:56| DEBUG       [size=27,place=1] best score = 0.00813395; best param = {'quantifier__classifier__C': 0.01, 'quantifier__classifier__class_weight': 'balanced', 'quantifier__bandwidth': 0.05, 'confidence': ['isoft']} [took 118.676s]
08/12/23 09:34:56| DEBUG       [size=27,place=2] best score = 0.00830867; best param = {'quantifier__classifier__C': 1.0, 'quantifier__classifier__class_weight': 'balanced', 'quantifier__bandwidth': 0.05, 'confidence': ['isoft']} [took 118.677s]
08/12/23 09:36:49| DEBUG       [size=21,place=1] best score = 0.00818776; best param = {'quantifier__classifier__C': 1.0, 'quantifier__classifier__class_weight': 'balanced', 'quantifier__bandwidth': 0.04, 'confidence': ['isoft']} [took 113.607s]
08/12/23 09:36:49| DEBUG       [size=21,place=2] best score = 0.00823875; best param = {'quantifier__classifier__C': 1.0, 'quantifier__classifier__class_weight': 'balanced', 'quantifier__bandwidth': 0.03, 'confidence': ['isoft']} [took 113.608s]
08/12/23 09:36:49| DEBUG       [BinaryQuantifierAccuracyEstimator] optimization finished: best params {'quantifier__classifier__C': 0.01, 'quantifier__classifier__class_weight': 'balanced', 'quantifier__bandwidth': 0.05, 'confidence': ['isoft']} (score=0.00813) [took 465.1989s]
08/12/23 09:45:02| INFO        bin_kde_gs finished [took 958.1268s]
08/12/23 09:48:44| DEBUG       [size=11,place=1] best score = 0.00827836; best param = {'quantifier__classifier__C': 0.1, 'quantifier__classifier__class_weight': 'balanced', 'quantifier__bandwidth': 0.060000000000000005, 'confidence': ['isoft']} [took 220.807s]
08/12/23 09:48:44| DEBUG       [size=11,place=2] best score = 0.01131802; best param = {'quantifier__classifier__C': 100.0, 'quantifier__classifier__class_weight': 'balanced', 'quantifier__bandwidth': 0.01, 'confidence': None} [took 220.807s]
08/12/23 10:02:38| DEBUG       [size=53,place=1] best score = 0.00826673; best param = {'quantifier__classifier__C': 0.1, 'quantifier__classifier__class_weight': 'balanced', 'quantifier__bandwidth': 0.06999999999999999, 'confidence': ['isoft']} [took 833.413s]
08/12/23 10:02:38| DEBUG       [size=53,place=2] best score = 0.00843921; best param = {'quantifier__classifier__C': 0.1, 'quantifier__classifier__class_weight': 'balanced', 'quantifier__bandwidth': 0.08, 'confidence': ['isoft']} [took 833.413s]
08/12/23 10:06:31| DEBUG       [size=16,place=1] best score = 0.00880578; best param = {'quantifier__classifier__C': 10.0, 'quantifier__classifier__class_weight': 'balanced', 'quantifier__bandwidth': 0.06999999999999999, 'confidence': ['isoft']} [took 233.486s]
08/12/23 10:06:31| DEBUG       [size=16,place=2] best score = 0.00884233; best param = {'quantifier__classifier__C': 1.0, 'quantifier__classifier__class_weight': 'balanced', 'quantifier__bandwidth': 0.08, 'confidence': ['isoft']} [took 233.486s]
08/12/23 10:06:31| DEBUG       [MultiClassAccuracyEstimator] optimization finished: best params {'quantifier__classifier__C': 0.1, 'quantifier__classifier__class_weight': 'balanced', 'quantifier__bandwidth': 0.06999999999999999, 'confidence': ['isoft']} (score=0.00827) [took 1287.8151s]
08/12/23 10:17:16| INFO        mul_kde_gs finished [took 1932.1141s]
08/12/23 10:20:06| DEBUG       [size=11,place=1] best score = 0.00977879; best param = {'quantifier__classifier__C': 100.0, 'quantifier__classifier__class_weight': 'balanced', 'quantifier__bandwidth': 0.01, 'confidence': None} [took 169.352s]
08/12/23 10:20:06| DEBUG       [size=11,place=2] best score = 0.01379137; best param = {'quantifier__classifier__C': 0.1, 'quantifier__classifier__class_weight': 'balanced', 'quantifier__bandwidth': 0.060000000000000005, 'confidence': ['isoft']} [took 169.352s]
08/12/23 10:29:47| DEBUG       [size=53,place=1] best score = 0.00899819; best param = {'quantifier__classifier__C': 1.0, 'quantifier__classifier__class_weight': 'balanced', 'quantifier__bandwidth': 0.01, 'confidence': None} [took 581.374s]
08/12/23 10:29:47| DEBUG       [size=53,place=2] best score = 0.01014142; best param = {'quantifier__classifier__C': 0.01, 'quantifier__classifier__class_weight': 'balanced', 'quantifier__bandwidth': 0.01, 'confidence': None} [took 581.375s]
08/12/23 10:36:11| DEBUG       [size=42,place=1] best score = 0.01148795; best param = {'quantifier__classifier__C': 1.0, 'quantifier__classifier__class_weight': 'balanced', 'quantifier__bandwidth': 0.01, 'confidence': ['isoft']} [took 383.264s]
08/12/23 10:36:11| DEBUG       [size=42,place=2] best score = 0.01308784; best param = {'quantifier__classifier__C': 1.0, 'quantifier__classifier__class_weight': 'balanced', 'quantifier__bandwidth': 0.02, 'confidence': None} [took 383.264s]
08/12/23 10:36:11| DEBUG       [MultiClassAccuracyEstimator] optimization finished: best params {'quantifier__classifier__C': 1.0, 'quantifier__classifier__class_weight': 'balanced', 'quantifier__bandwidth': 0.01, 'confidence': None} (score=0.00900) [took 1134.1044s]
08/12/23 10:43:31| INFO        m3w_kde_gs finished [took 1574.1633s]
08/12/23 10:43:31| INFO     Dataset sample 0.80 of dataset imdb finished [took 4484.7910s]
08/12/23 10:43:31| INFO     Dataset sample 0.90 of dataset imdb started
08/12/23 10:43:47| INFO        ref finished [took 13.8770s]
08/12/23 10:43:54| WARNING     Method bin_kde_gs failed. Exception: unsupported format string passed to NoneType.__format__
08/12/23 10:47:35| DEBUG       [size=11,place=1] best score = 0.01110667; best param = {'quantifier__classifier__C': 100.0, 'quantifier__classifier__class_weight': 'balanced', 'quantifier__bandwidth': 0.01, 'confidence': None} [took 219.978s]
08/12/23 10:47:35| DEBUG       [size=11,place=2] best score = 0.01242913; best param = {'quantifier__classifier__C': 0.1, 'quantifier__classifier__class_weight': 'balanced', 'quantifier__bandwidth': 0.060000000000000005, 'confidence': ['isoft']} [took 219.978s]
08/12/23 11:01:03| DEBUG       [size=53,place=1] best score = 0.00966868; best param = {'quantifier__classifier__C': 1.0, 'quantifier__classifier__class_weight': 'balanced', 'quantifier__bandwidth': 0.060000000000000005, 'confidence': ['isoft']} [took 807.916s]
08/12/23 11:01:03| DEBUG       [size=53,place=2] best score = 0.00980785; best param = {'quantifier__classifier__C': 100.0, 'quantifier__classifier__class_weight': 'balanced', 'quantifier__bandwidth': 0.04, 'confidence': None} [took 807.917s]
08/12/23 11:08:03| DEBUG       [size=29,place=1] best score = 0.00955785; best param = {'quantifier__classifier__C': 1.0, 'quantifier__classifier__class_weight': 'balanced', 'quantifier__bandwidth': 0.060000000000000005, 'confidence': None} [took 420.116s]
08/12/23 11:08:03| DEBUG       [size=29,place=2] best score = 0.00957759; best param = {'quantifier__classifier__C': 1.0, 'quantifier__classifier__class_weight': 'balanced', 'quantifier__bandwidth': 0.04, 'confidence': ['isoft']} [took 420.117s]
08/12/23 11:15:28| DEBUG       [size=27,place=1] best score = 0.00958286; best param = {'quantifier__classifier__C': 1.0, 'quantifier__classifier__class_weight': 'balanced', 'quantifier__bandwidth': 0.05, 'confidence': None} [took 444.411s]
08/12/23 11:15:28| DEBUG       [size=27,place=2] best score = 0.00967909; best param = {'quantifier__classifier__C': 1.0, 'quantifier__classifier__class_weight': 'balanced', 'quantifier__bandwidth': 0.03, 'confidence': None} [took 444.411s]
08/12/23 11:15:28| DEBUG       [MultiClassAccuracyEstimator] optimization finished: best params {'quantifier__classifier__C': 1.0, 'quantifier__classifier__class_weight': 'balanced', 'quantifier__bandwidth': 0.060000000000000005, 'confidence': None} (score=0.00956) [took 1892.5369s]
08/12/23 11:26:21| INFO        mul_kde_gs finished [took 2545.5014s]
08/12/23 11:29:15| DEBUG       [size=11,place=1] best score = 0.01066111; best param = {'quantifier__classifier__C': 100.0, 'quantifier__classifier__class_weight': 'balanced', 'quantifier__bandwidth': 0.01, 'confidence': None} [took 173.839s]
08/12/23 11:29:15| DEBUG       [size=11,place=2] best score = 0.01221190; best param = {'quantifier__classifier__C': 0.1, 'quantifier__classifier__class_weight': 'balanced', 'quantifier__bandwidth': 0.060000000000000005, 'confidence': ['isoft']} [took 173.839s]
08/12/23 11:39:31| DEBUG       [size=53,place=1] best score = 0.00985405; best param = {'quantifier__classifier__C': 100.0, 'quantifier__classifier__class_weight': 'balanced', 'quantifier__bandwidth': 0.04, 'confidence': None} [took 615.668s]
08/12/23 11:39:31| DEBUG       [size=53,place=2] best score = 0.01127054; best param = {'quantifier__classifier__C': 100.0, 'quantifier__classifier__class_weight': 'balanced', 'quantifier__bandwidth': 0.02, 'confidence': None} [took 615.668s]
08/12/23 11:42:45| DEBUG       [size=16,place=1] best score = 0.00896948; best param = {'quantifier__classifier__C': 1.0, 'quantifier__classifier__class_weight': 'balanced', 'quantifier__bandwidth': 0.02, 'confidence': None} [took 193.750s]
08/12/23 11:42:45| DEBUG       [size=16,place=2] best score = 0.00940040; best param = {'quantifier__classifier__C': 10.0, 'quantifier__classifier__class_weight': 'balanced', 'quantifier__bandwidth': 0.02, 'confidence': None} [took 193.750s]
08/12/23 11:52:11| DEBUG       [size=38,place=1] best score = 0.00869971; best param = {'quantifier__classifier__C': 1.0, 'quantifier__classifier__class_weight': 'balanced', 'quantifier__bandwidth': 0.060000000000000005, 'confidence': None} [took 566.436s]
08/12/23 11:52:11| DEBUG       [size=38,place=2] best score = 0.00871415; best param = {'quantifier__classifier__C': 1.0, 'quantifier__classifier__class_weight': 'balanced', 'quantifier__bandwidth': 0.03, 'confidence': None} [took 566.436s]
08/12/23 11:53:55| DEBUG       [size=10,place=1] best score = 0.01080691; best param = {'quantifier__classifier__C': 0.1, 'quantifier__classifier__class_weight': 'balanced', 'quantifier__bandwidth': 0.03, 'confidence': None} [took 104.039s]
08/12/23 11:53:55| DEBUG       [size=10,place=2] best score = 0.01202835; best param = {'quantifier__classifier__C': 1.0, 'quantifier__classifier__class_weight': None, 'quantifier__bandwidth': 0.03, 'confidence': None} [took 104.039s]
08/12/23 11:53:55| DEBUG       [MultiClassAccuracyEstimator] optimization finished: best params {'quantifier__classifier__C': 1.0, 'quantifier__classifier__class_weight': 'balanced', 'quantifier__bandwidth': 0.060000000000000005, 'confidence': None} (score=0.00870) [took 1653.8501s]
08/12/23 12:04:12| INFO        m3w_kde_gs finished [took 2270.4839s]
08/12/23 12:04:12| INFO     Dataset sample 0.90 of dataset imdb finished [took 4841.2174s]
