----------------------------------------------------------------------------------------------------
18/01/24 12:13:32| INFO     dataset imdb [pool size: 10]
18/01/24 12:13:32| INFO     Dataset sample [0.1 0.9] of dataset imdb started
18/01/24 12:14:37| INFO        bin_sld_lr_ne finished [took 60.2160s]
18/01/24 12:14:52| INFO        m3w_sld_lr_c finished [took 75.2758s]
18/01/24 12:14:55| INFO        mul_sld_lr_ne finished [took 78.7540s]
18/01/24 12:14:56| INFO        mul_sld_lr_c finished [took 80.1676s]
18/01/24 12:14:57| INFO        m3w_sld_lr_mc finished [took 79.7966s]
18/01/24 12:14:58| INFO        m3w_sld_lr finished [took 81.4728s]
18/01/24 12:15:02| INFO        mul_sld_lr_mc finished [took 85.5711s]
18/01/24 12:15:13| INFO        bin_sld_lr_c finished [took 96.5596s]
18/01/24 12:15:17| INFO        bin_sld_lr_mc finished [took 99.8403s]
18/01/24 12:15:17| INFO        bin_sld_lr finished [took 100.0169s]
18/01/24 12:15:19| INFO        mul_sld_lr finished [took 103.1084s]
18/01/24 12:15:21| INFO        m3w_sld_lr_ne finished [took 43.3121s]
18/01/24 12:15:42| INFO        ref finished [took 27.2936s]
18/01/24 12:15:51| INFO        mul_sld_lr_a finished [took 51.3518s]
18/01/24 12:15:52| INFO        doc finished [took 34.5803s]
18/01/24 12:15:54| INFO        atc_mc finished [took 36.5444s]
18/01/24 12:15:58| INFO        m3w_sld_lr_is finished [took 61.6447s]
18/01/24 12:15:58| INFO        m3w_sld_lr_a finished [took 54.8289s]
18/01/24 12:16:00| INFO        mul_sld_lr_is finished [took 64.7653s]
18/01/24 12:16:03| INFO        bin_sld_lr_is finished [took 70.1273s]
18/01/24 12:16:10| INFO        bin_sld_lr_a finished [took 72.2704s]
18/01/24 12:16:51| DEBUG       [BinaryQuantifierAccuracyEstimator] optimization finished: best params {'quantifier__classifier__C': 1.0, 'quantifier__classifier__class_weight': None, 'quantifier__recalib': None, 'confidence': ['max_conf', 'entropy', 'isoft']} (score=0.01292) [took 39.9624s]
18/01/24 12:17:36| INFO        bin_sld_lr_gs finished [took 85.0448s]
18/01/24 12:26:02| DEBUG       [MultiClassAccuracyEstimator] optimization finished: best params {'quantifier__classifier__C': 1.0, 'quantifier__classifier__class_weight': None, 'quantifier__recalib': None, 'confidence': ['max_conf', 'entropy', 'isoft']} (score=0.02581) [took 505.4639s]
18/01/24 12:26:32| INFO        mul_sld_lr_gs finished [took 534.9016s]
18/01/24 12:32:55| DEBUG       [MultiClassAccuracyEstimator] optimization finished: best params {'quantifier__classifier__C': 1.0, 'quantifier__classifier__class_weight': 'balanced', 'quantifier__recalib': 'bcts', 'confidence': ['isoft']} (score=0.00803) [took 382.7368s]
18/01/24 12:33:22| INFO        m3w_sld_lr_gs finished [took 408.9131s]
18/01/24 12:33:22| INFO     Dataset sample [0.1 0.9] of dataset imdb finished [took 1189.1301s]
18/01/24 12:33:22| INFO     Dataset sample [0.2 0.8] of dataset imdb started
18/01/24 12:34:30| INFO        m3w_sld_lr_mc finished [took 66.9016s]
18/01/24 12:34:33| INFO        bin_sld_lr_ne finished [took 69.3264s]
18/01/24 12:34:36| INFO        m3w_sld_lr_c finished [took 71.5925s]
18/01/24 12:34:36| INFO        m3w_sld_lr finished [took 71.8968s]
18/01/24 12:34:53| INFO        mul_sld_lr_c finished [took 89.2696s]
18/01/24 12:34:54| INFO        mul_sld_lr_ne finished [took 89.5220s]
18/01/24 12:34:57| INFO        mul_sld_lr_mc finished [took 92.8556s]
18/01/24 12:34:58| INFO        mul_sld_lr finished [took 94.1037s]
18/01/24 12:35:01| INFO        bin_sld_lr_mc finished [took 97.2318s]
18/01/24 12:35:16| INFO        bin_sld_lr finished [took 112.4694s]
18/01/24 12:35:18| INFO        bin_sld_lr_c finished [took 113.5055s]
18/01/24 12:35:32| INFO        atc_mc finished [took 29.5165s]
18/01/24 12:35:34| INFO        ref finished [took 34.0987s]
18/01/24 12:35:39| INFO        m3w_sld_lr_ne finished [took 67.8459s]
18/01/24 12:35:39| INFO        m3w_sld_lr_is finished [took 61.7964s]
18/01/24 12:35:48| INFO        mul_sld_lr_is finished [took 70.5349s]
18/01/24 12:35:52| INFO        m3w_sld_lr_a finished [took 53.5168s]
18/01/24 12:35:57| INFO        mul_sld_lr_a finished [took 61.5738s]
18/01/24 12:35:59| INFO        doc finished [took 40.9832s]
18/01/24 12:35:59| INFO        bin_sld_lr_is finished [took 84.3985s]
18/01/24 12:36:04| INFO        bin_sld_lr_a finished [took 68.9877s]
18/01/24 12:38:30| DEBUG       [BinaryQuantifierAccuracyEstimator] optimization finished: best params {'quantifier__classifier__C': 1.0, 'quantifier__classifier__class_weight': None, 'quantifier__recalib': None, 'confidence': ['max_conf', 'entropy', 'isoft']} (score=0.01099) [took 145.1198s]
18/01/24 12:39:17| INFO        bin_sld_lr_gs finished [took 191.3483s]
18/01/24 12:48:19| DEBUG       [MultiClassAccuracyEstimator] optimization finished: best params {'quantifier__classifier__C': 1000.0, 'quantifier__classifier__class_weight': None, 'quantifier__recalib': 'bcts', 'confidence': ['max_conf', 'entropy']} (score=0.00699) [took 541.6487s]
18/01/24 12:48:47| INFO        mul_sld_lr_gs finished [took 569.1334s]
18/01/24 12:55:14| DEBUG       [MultiClassAccuracyEstimator] optimization finished: best params {'quantifier__classifier__C': 1.0, 'quantifier__classifier__class_weight': None, 'quantifier__recalib': 'bcts', 'confidence': ['max_conf', 'entropy', 'isoft']} (score=0.00803) [took 385.4395s]
18/01/24 12:55:40| INFO        m3w_sld_lr_gs finished [took 411.9632s]
18/01/24 12:55:40| INFO     Dataset sample [0.2 0.8] of dataset imdb finished [took 1338.6068s]
18/01/24 12:55:40| INFO     Dataset sample [0.3 0.7] of dataset imdb started
18/01/24 12:56:57| INFO        mul_sld_lr_ne finished [took 74.0317s]
18/01/24 12:56:57| INFO        mul_sld_lr_mc finished [took 74.4214s]
18/01/24 12:56:58| INFO        m3w_sld_lr_c finished [took 75.1007s]
18/01/24 12:56:59| INFO        m3w_sld_lr finished [took 75.8519s]
18/01/24 12:57:00| INFO        m3w_sld_lr_mc finished [took 77.1404s]
18/01/24 12:57:07| INFO        bin_sld_lr finished [took 85.5542s]
18/01/24 12:57:16| INFO        bin_sld_lr_mc finished [took 93.0715s]
18/01/24 12:57:18| INFO        mul_sld_lr finished [took 94.8796s]
18/01/24 12:57:19| INFO        bin_sld_lr_ne finished [took 96.5524s]
18/01/24 12:57:19| INFO        mul_sld_lr_c finished [took 96.6535s]
18/01/24 12:57:20| INFO        bin_sld_lr_c finished [took 97.0239s]
18/01/24 12:57:54| INFO        ref finished [took 34.7329s]
18/01/24 12:57:57| INFO        atc_mc finished [took 36.8749s]
18/01/24 12:57:57| INFO        m3w_sld_lr_ne finished [took 58.9402s]
18/01/24 12:57:59| INFO        bin_sld_lr_a finished [took 57.9151s]
18/01/24 12:58:01| INFO        m3w_sld_lr_is finished [took 60.9622s]
18/01/24 12:58:09| INFO        mul_sld_lr_is finished [took 69.2305s]
18/01/24 12:58:09| INFO        doc finished [took 48.7811s]
18/01/24 12:58:11| INFO        bin_sld_lr_is finished [took 73.3698s]
18/01/24 12:58:12| INFO        m3w_sld_lr_a finished [took 54.6532s]
18/01/24 12:58:17| INFO        mul_sld_lr_a finished [took 68.1518s]
18/01/24 13:00:57| DEBUG       [BinaryQuantifierAccuracyEstimator] optimization finished: best params {'quantifier__classifier__C': 100.0, 'quantifier__classifier__class_weight': 'balanced', 'quantifier__recalib': None, 'confidence': ['isoft']} (score=0.02132) [took 158.1038s]
18/01/24 13:01:24| INFO        bin_sld_lr_gs finished [took 185.6785s]
18/01/24 13:10:30| DEBUG       [MultiClassAccuracyEstimator] optimization finished: best params {'quantifier__classifier__C': 0.1, 'quantifier__classifier__class_weight': 'balanced', 'quantifier__recalib': 'bcts', 'confidence': ['max_conf', 'entropy', 'isoft']} (score=0.01115) [took 544.4851s]
18/01/24 13:11:04| INFO        mul_sld_lr_gs finished [took 578.2058s]
18/01/24 13:17:35| DEBUG       [MultiClassAccuracyEstimator] optimization finished: best params {'quantifier__classifier__C': 0.01, 'quantifier__classifier__class_weight': 'balanced', 'quantifier__recalib': 'bcts', 'confidence': ['max_conf', 'entropy', 'isoft']} (score=0.01139) [took 389.5902s]
18/01/24 13:18:02| INFO        m3w_sld_lr_gs finished [took 416.5286s]
18/01/24 13:18:02| INFO     Dataset sample [0.3 0.7] of dataset imdb finished [took 1341.4834s]
18/01/24 13:18:02| INFO     Dataset sample [0.4 0.6] of dataset imdb started
18/01/24 13:19:06| INFO        mul_sld_lr finished [took 63.0171s]
18/01/24 13:19:13| INFO        m3w_sld_lr_mc finished [took 70.2849s]
18/01/24 13:19:17| INFO        m3w_sld_lr finished [took 73.3342s]
18/01/24 13:19:21| INFO        m3w_sld_lr_c finished [took 77.2855s]
18/01/24 13:19:35| INFO        bin_sld_lr_c finished [took 91.3597s]
18/01/24 13:19:35| INFO        bin_sld_lr finished [took 91.3366s]
18/01/24 13:19:36| INFO        bin_sld_lr_mc finished [took 92.2188s]
18/01/24 13:19:38| INFO        bin_sld_lr_ne finished [took 93.9807s]
18/01/24 13:19:42| INFO        mul_sld_lr_c finished [took 97.9799s]
18/01/24 13:19:43| INFO        mul_sld_lr_mc finished [took 99.1492s]
18/01/24 13:19:43| INFO        mul_sld_lr_ne finished [took 99.4085s]
18/01/24 13:20:05| INFO        m3w_sld_lr_ne finished [took 57.9377s]
18/01/24 13:20:14| INFO        ref finished [took 34.9192s]
18/01/24 13:20:17| INFO        atc_mc finished [took 34.3419s]
18/01/24 13:20:20| INFO        bin_sld_lr_is finished [took 66.0739s]
18/01/24 13:20:26| INFO        m3w_sld_lr_is finished [took 64.2490s]
18/01/24 13:20:27| INFO        doc finished [took 43.6208s]
18/01/24 13:20:30| INFO        mul_sld_lr_is finished [took 72.2932s]
18/01/24 13:20:32| INFO        m3w_sld_lr_a finished [took 54.5167s]
18/01/24 13:20:35| INFO        bin_sld_lr_a finished [took 58.6370s]
18/01/24 13:20:38| INFO        mul_sld_lr_a finished [took 61.7971s]
18/01/24 13:23:26| DEBUG       [BinaryQuantifierAccuracyEstimator] optimization finished: best params {'quantifier__classifier__C': 1.0, 'quantifier__classifier__class_weight': 'balanced', 'quantifier__recalib': 'bcts', 'confidence': ['max_conf', 'entropy', 'isoft']} (score=0.01158) [took 166.7113s]
18/01/24 13:24:00| INFO        bin_sld_lr_gs finished [took 201.4144s]
18/01/24 13:33:06| DEBUG       [MultiClassAccuracyEstimator] optimization finished: best params {'quantifier__classifier__C': 10.0, 'quantifier__classifier__class_weight': 'balanced', 'quantifier__recalib': 'bcts', 'confidence': ['max_conf', 'entropy', 'isoft']} (score=0.00961) [took 544.4552s]
18/01/24 13:33:37| INFO        mul_sld_lr_gs finished [took 575.4836s]
18/01/24 13:40:04| DEBUG       [MultiClassAccuracyEstimator] optimization finished: best params {'quantifier__classifier__C': 0.1, 'quantifier__classifier__class_weight': 'balanced', 'quantifier__recalib': 'bcts', 'confidence': ['max_conf', 'entropy', 'isoft']} (score=0.01180) [took 386.1298s]
18/01/24 13:40:31| INFO        m3w_sld_lr_gs finished [took 413.4487s]
18/01/24 13:40:31| INFO     Dataset sample [0.4 0.6] of dataset imdb finished [took 1349.7281s]
18/01/24 13:40:31| INFO     Dataset sample [0.5 0.5] of dataset imdb started
18/01/24 13:41:37| INFO        mul_sld_lr_mc finished [took 64.4440s]
18/01/24 13:41:49| INFO        m3w_sld_lr finished [took 75.0196s]
18/01/24 13:41:50| INFO        m3w_sld_lr_c finished [took 76.3410s]
18/01/24 13:41:51| INFO        m3w_sld_lr_mc finished [took 77.2060s]
18/01/24 13:42:01| INFO        mul_sld_lr finished [took 87.4772s]
18/01/24 13:42:02| INFO        bin_sld_lr_mc finished [took 88.7292s]
18/01/24 13:42:04| INFO        bin_sld_lr_ne finished [took 90.4091s]
18/01/24 13:42:05| INFO        bin_sld_lr_c finished [took 91.2785s]
18/01/24 13:42:06| INFO        bin_sld_lr finished [took 92.3324s]
18/01/24 13:42:12| INFO        mul_sld_lr_c finished [took 98.0413s]
18/01/24 13:42:14| INFO        mul_sld_lr_ne finished [took 100.0799s]
18/01/24 13:42:39| INFO        m3w_sld_lr_ne finished [took 60.2868s]
18/01/24 13:42:42| INFO        ref finished [took 35.8792s]
18/01/24 13:42:48| INFO        mul_sld_lr_is finished [took 57.5413s]
18/01/24 13:42:53| INFO        atc_mc finished [took 45.4294s]
18/01/24 13:42:54| INFO        doc finished [took 41.1189s]
18/01/24 13:42:57| INFO        bin_sld_lr_is finished [took 66.8893s]
18/01/24 13:42:57| INFO        m3w_sld_lr_is finished [took 64.7293s]
18/01/24 13:43:03| INFO        m3w_sld_lr_a finished [took 57.8829s]
18/01/24 13:43:05| INFO        bin_sld_lr_a finished [took 63.0537s]
18/01/24 13:43:08| INFO        mul_sld_lr_a finished [took 64.3935s]
18/01/24 13:45:56| DEBUG       [BinaryQuantifierAccuracyEstimator] optimization finished: best params {'quantifier__classifier__C': 10.0, 'quantifier__classifier__class_weight': 'balanced', 'quantifier__recalib': 'bcts', 'confidence': ['max_conf', 'entropy']} (score=0.00941) [took 166.3501s]
18/01/24 13:46:27| INFO        bin_sld_lr_gs finished [took 197.5962s]
18/01/24 13:55:25| DEBUG       [MultiClassAccuracyEstimator] optimization finished: best params {'quantifier__classifier__C': 1.0, 'quantifier__classifier__class_weight': None, 'quantifier__recalib': 'bcts', 'confidence': ['max_conf', 'entropy']} (score=0.00887) [took 536.5534s]
18/01/24 13:55:58| INFO        mul_sld_lr_gs finished [took 569.2479s]
18/01/24 14:02:20| DEBUG       [MultiClassAccuracyEstimator] optimization finished: best params {'quantifier__classifier__C': 0.1, 'quantifier__classifier__class_weight': 'balanced', 'quantifier__recalib': 'bcts', 'confidence': ['max_conf', 'entropy', 'isoft']} (score=0.00994) [took 380.6770s]
18/01/24 14:02:46| INFO        m3w_sld_lr_gs finished [took 407.0440s]
18/01/24 14:02:46| INFO     Dataset sample [0.5 0.5] of dataset imdb finished [took 1334.4888s]
18/01/24 14:02:46| INFO     Dataset sample [0.6 0.4] of dataset imdb started
18/01/24 14:03:51| INFO        mul_sld_lr_mc finished [took 63.0662s]
18/01/24 14:03:58| INFO        m3w_sld_lr finished [took 71.0538s]
18/01/24 14:04:02| INFO        m3w_sld_lr_mc finished [took 74.1788s]
18/01/24 14:04:03| INFO        m3w_sld_lr_c finished [took 75.1516s]
18/01/24 14:04:17| INFO        bin_sld_lr_mc finished [took 88.4686s]
18/01/24 14:04:18| INFO        bin_sld_lr_ne finished [took 89.9400s]
18/01/24 14:04:24| INFO        bin_sld_lr_c finished [took 95.6875s]
18/01/24 14:04:25| INFO        bin_sld_lr finished [took 96.4154s]
18/01/24 14:04:29| INFO        mul_sld_lr_c finished [took 100.4106s]
18/01/24 14:04:30| INFO        mul_sld_lr finished [took 102.2076s]
18/01/24 14:04:32| INFO        mul_sld_lr_ne finished [took 103.4697s]
18/01/24 14:04:43| INFO        m3w_sld_lr_ne finished [took 50.7129s]
18/01/24 14:04:54| INFO        ref finished [took 27.5791s]
18/01/24 14:05:01| INFO        m3w_sld_lr_is finished [took 55.9574s]
18/01/24 14:05:10| INFO        mul_sld_lr_is finished [took 66.6663s]
18/01/24 14:05:13| INFO        atc_mc finished [took 43.4147s]
18/01/24 14:05:13| INFO        bin_sld_lr_is finished [took 73.8542s]
18/01/24 14:05:13| INFO        doc finished [took 41.6950s]
18/01/24 14:05:16| INFO        m3w_sld_lr_a finished [took 50.9053s]
18/01/24 14:05:21| INFO        bin_sld_lr_a finished [took 62.7120s]
18/01/24 14:05:28| INFO        mul_sld_lr_a finished [took 68.4344s]
18/01/24 14:08:15| DEBUG       [BinaryQuantifierAccuracyEstimator] optimization finished: best params {'quantifier__classifier__C': 1.0, 'quantifier__classifier__class_weight': None, 'quantifier__recalib': 'bcts', 'confidence': None} (score=0.01176) [took 165.9394s]
18/01/24 14:08:46| INFO        bin_sld_lr_gs finished [took 197.1922s]
18/01/24 14:17:46| DEBUG       [MultiClassAccuracyEstimator] optimization finished: best params {'quantifier__classifier__C': 1.0, 'quantifier__classifier__class_weight': 'balanced', 'quantifier__recalib': 'bcts', 'confidence': ['max_conf', 'entropy']} (score=0.01017) [took 538.6074s]
18/01/24 14:18:17| INFO        mul_sld_lr_gs finished [took 569.2516s]
18/01/24 14:24:44| DEBUG       [MultiClassAccuracyEstimator] optimization finished: best params {'quantifier__classifier__C': 1000.0, 'quantifier__classifier__class_weight': None, 'quantifier__recalib': 'bcts', 'confidence': None} (score=0.01265) [took 386.4548s]
18/01/24 14:25:11| INFO        m3w_sld_lr_gs finished [took 412.6916s]
18/01/24 14:25:11| INFO     Dataset sample [0.6 0.4] of dataset imdb finished [took 1344.5702s]
18/01/24 14:25:11| INFO     Dataset sample [0.7 0.3] of dataset imdb started
18/01/24 14:26:18| INFO        m3w_sld_lr finished [took 64.3185s]
18/01/24 14:26:27| INFO        m3w_sld_lr_mc finished [took 73.4712s]
18/01/24 14:26:30| INFO        m3w_sld_lr_c finished [took 76.2214s]
18/01/24 14:26:35| INFO        bin_sld_lr_mc finished [took 80.4875s]
18/01/24 14:26:41| INFO        bin_sld_lr_c finished [took 86.9205s]
18/01/24 14:26:45| INFO        bin_sld_lr finished [took 91.9664s]
18/01/24 14:26:48| INFO        mul_sld_lr_mc finished [took 94.1281s]
18/01/24 14:26:51| INFO        mul_sld_lr_c finished [took 97.4398s]
18/01/24 14:26:54| INFO        mul_sld_lr_ne finished [took 99.7309s]
18/01/24 14:26:55| INFO        bin_sld_lr_ne finished [took 100.9974s]
18/01/24 14:26:56| INFO        mul_sld_lr finished [took 103.1996s]
18/01/24 14:27:17| INFO        m3w_sld_lr_ne finished [took 56.5055s]
18/01/24 14:27:28| INFO        ref finished [took 34.2284s]
18/01/24 14:27:32| INFO        bin_sld_lr_is finished [took 62.5695s]
18/01/24 14:27:37| INFO        atc_mc finished [took 40.9507s]
18/01/24 14:27:39| INFO        m3w_sld_lr_is finished [took 62.3920s]
18/01/24 14:27:40| INFO        m3w_sld_lr_a finished [took 50.3499s]
18/01/24 14:27:42| INFO        doc finished [took 45.1879s]
18/01/24 14:27:45| INFO        bin_sld_lr_a finished [took 62.9905s]
18/01/24 14:27:46| INFO        mul_sld_lr_is finished [took 74.4986s]
18/01/24 14:27:55| INFO        mul_sld_lr_a finished [took 67.8720s]
18/01/24 14:30:31| DEBUG       [BinaryQuantifierAccuracyEstimator] optimization finished: best params {'quantifier__classifier__C': 1.0, 'quantifier__classifier__class_weight': 'balanced', 'quantifier__recalib': 'bcts', 'confidence': ['max_conf', 'entropy', 'isoft']} (score=0.01032) [took 154.2265s]
18/01/24 14:31:03| INFO        bin_sld_lr_gs finished [took 186.2234s]
18/01/24 14:40:04| DEBUG       [MultiClassAccuracyEstimator] optimization finished: best params {'quantifier__classifier__C': 100.0, 'quantifier__classifier__class_weight': None, 'quantifier__recalib': 'bcts', 'confidence': ['max_conf', 'entropy', 'isoft']} (score=0.00921) [took 539.2892s]
18/01/24 14:40:35| INFO        mul_sld_lr_gs finished [took 570.2751s]
18/01/24 14:47:01| DEBUG       [MultiClassAccuracyEstimator] optimization finished: best params {'quantifier__classifier__C': 1.0, 'quantifier__classifier__class_weight': 'balanced', 'quantifier__recalib': 'bcts', 'confidence': ['max_conf', 'entropy']} (score=0.00992) [took 383.2295s]
18/01/24 14:47:27| INFO        m3w_sld_lr_gs finished [took 409.5508s]
18/01/24 14:47:27| INFO     Dataset sample [0.7 0.3] of dataset imdb finished [took 1336.3076s]
18/01/24 14:47:27| INFO     Dataset sample [0.8 0.2] of dataset imdb started
18/01/24 14:48:16| INFO        m3w_sld_lr_mc finished [took 47.3330s]
18/01/24 14:48:39| INFO        m3w_sld_lr_c finished [took 70.4181s]
18/01/24 14:48:40| INFO        m3w_sld_lr finished [took 71.2586s]
18/01/24 14:49:14| INFO        mul_sld_lr_ne finished [took 105.0804s]
18/01/24 14:49:17| INFO        m3w_sld_lr_ne finished [took 59.3969s]
18/01/24 14:49:20| INFO        bin_sld_lr finished [took 110.6711s]
18/01/24 14:49:20| INFO        bin_sld_lr_mc finished [took 111.2021s]
18/01/24 14:49:24| INFO        bin_sld_lr_ne finished [took 116.0253s]
18/01/24 14:49:25| INFO        mul_sld_lr_c finished [took 115.8748s]
18/01/24 14:49:26| INFO        mul_sld_lr_mc finished [took 117.2840s]
18/01/24 14:49:32| INFO        bin_sld_lr_c finished [took 123.2700s]
18/01/24 14:49:32| INFO        mul_sld_lr finished [took 123.1412s]
18/01/24 14:49:49| INFO        ref finished [took 23.3993s]
18/01/24 14:50:02| INFO        atc_mc finished [took 36.5581s]
18/01/24 14:50:04| INFO        m3w_sld_lr_a finished [took 42.7997s]
18/01/24 14:50:05| INFO        doc finished [took 37.7403s]
18/01/24 14:50:06| INFO        mul_sld_lr_is finished [took 85.2858s]
18/01/24 14:50:10| INFO        m3w_sld_lr_is finished [took 55.5334s]
18/01/24 14:50:14| INFO        bin_sld_lr_is finished [took 93.1708s]
18/01/24 14:50:31| INFO        bin_sld_lr_a finished [took 73.6262s]
18/01/24 14:50:33| INFO        mul_sld_lr_a finished [took 71.9835s]
18/01/24 14:52:53| DEBUG       [BinaryQuantifierAccuracyEstimator] optimization finished: best params {'quantifier__classifier__C': 100.0, 'quantifier__classifier__class_weight': 'balanced', 'quantifier__recalib': 'bcts', 'confidence': ['isoft']} (score=0.00907) [took 138.9484s]
18/01/24 14:53:31| INFO        bin_sld_lr_gs finished [took 177.3538s]
18/01/24 15:02:34| DEBUG       [MultiClassAccuracyEstimator] optimization finished: best params {'quantifier__classifier__C': 100.0, 'quantifier__classifier__class_weight': 'balanced', 'quantifier__recalib': 'bcts', 'confidence': None} (score=0.01212) [took 541.6414s]
18/01/24 15:03:03| INFO        mul_sld_lr_gs finished [took 570.9833s]
18/01/24 15:09:27| DEBUG       [MultiClassAccuracyEstimator] optimization finished: best params {'quantifier__classifier__C': 10.0, 'quantifier__classifier__class_weight': 'balanced', 'quantifier__recalib': 'bcts', 'confidence': None} (score=0.01140) [took 382.6711s]
18/01/24 15:09:53| INFO        m3w_sld_lr_gs finished [took 408.7186s]
18/01/24 15:09:53| INFO     Dataset sample [0.8 0.2] of dataset imdb finished [took 1346.0489s]
18/01/24 15:09:53| INFO     Dataset sample [0.9 0.1] of dataset imdb started
18/01/24 15:11:05| INFO        m3w_sld_lr_c finished [took 69.8827s]
18/01/24 15:11:05| INFO        m3w_sld_lr_mc finished [took 70.4280s]
18/01/24 15:11:06| INFO        mul_sld_lr_ne finished [took 70.7799s]
18/01/24 15:11:08| INFO        m3w_sld_lr finished [took 73.7282s]
18/01/24 15:11:09| INFO        mul_sld_lr_c finished [took 73.8342s]
18/01/24 15:11:25| INFO        bin_sld_lr_c finished [took 90.6415s]
18/01/24 15:11:56| INFO        mul_sld_lr_mc finished [took 122.1864s]
18/01/24 15:11:57| INFO        bin_sld_lr_ne finished [took 121.9466s]
18/01/24 15:11:57| INFO        bin_sld_lr finished [took 122.2906s]
18/01/24 15:11:58| INFO        bin_sld_lr_mc finished [took 123.1468s]
18/01/24 15:12:13| INFO        m3w_sld_lr_ne finished [took 67.8442s]
18/01/24 15:12:14| INFO        m3w_sld_lr_is finished [took 64.7114s]
18/01/24 15:12:15| INFO        bin_sld_lr_is finished [took 68.3533s]
18/01/24 15:12:15| INFO        mul_sld_lr_is finished [took 68.6970s]
18/01/24 15:12:17| INFO        mul_sld_lr finished [took 142.0860s]
18/01/24 15:12:25| INFO        ref finished [took 26.6294s]
18/01/24 15:12:28| INFO        mul_sld_lr_a finished [took 61.2125s]
18/01/24 15:12:32| INFO        atc_mc finished [took 34.3591s]
18/01/24 15:12:37| INFO        doc finished [took 37.8511s]
18/01/24 15:12:40| INFO        m3w_sld_lr_a finished [took 42.2820s]
18/01/24 15:12:43| INFO        bin_sld_lr_a finished [took 93.3025s]
18/01/24 15:14:33| DEBUG       [BinaryQuantifierAccuracyEstimator] optimization finished: best params {'quantifier__classifier__C': 1.0, 'quantifier__classifier__class_weight': None, 'quantifier__recalib': None, 'confidence': ['max_conf', 'entropy', 'isoft']} (score=0.01720) [took 108.8139s]
18/01/24 15:15:21| INFO        bin_sld_lr_gs finished [took 156.3918s]
18/01/24 15:23:43| DEBUG       [MultiClassAccuracyEstimator] optimization finished: best params {'quantifier__classifier__C': 1.0, 'quantifier__classifier__class_weight': None, 'quantifier__recalib': None, 'confidence': ['max_conf', 'entropy', 'isoft']} (score=0.01821) [took 501.5651s]
18/01/24 15:24:12| INFO        mul_sld_lr_gs finished [took 530.0632s]
18/01/24 15:30:29| DEBUG       [MultiClassAccuracyEstimator] optimization finished: best params {'quantifier__classifier__C': 0.1, 'quantifier__classifier__class_weight': 'balanced', 'quantifier__recalib': 'bcts', 'confidence': None} (score=0.00902) [took 376.4360s]
18/01/24 15:30:55| INFO        m3w_sld_lr_gs finished [took 402.5838s]
18/01/24 15:30:55| INFO     Dataset sample [0.9 0.1] of dataset imdb finished [took 1261.9915s]
