----------------------------------------------------------------------------------------------------
16/01/24 13:53:49| INFO     dataset imdb [pool size: 10]
16/01/24 13:53:49| INFO     Dataset sample [0.1 0.9] of dataset imdb started
16/01/24 13:53:53| WARNING     Method d_bin_kde_lr_c failed. Exception: This solver needs samples of at least 2 classes in the data, but the data contains only one class: 0
16/01/24 13:53:53| WARNING     Method d_bin_kde_lr failed. Exception: This solver needs samples of at least 2 classes in the data, but the data contains only one class: 0
16/01/24 13:53:54| WARNING     Method d_bin_kde_lr_mc failed. Exception: This solver needs samples of at least 2 classes in the data, but the data contains only one class: 0
16/01/24 13:53:54| WARNING     Method d_bin_kde_lr_ne failed. Exception: This solver needs samples of at least 2 classes in the data, but the data contains only one class: 0
16/01/24 13:53:54| WARNING     Method d_bin_kde_lr_is failed. Exception: This solver needs samples of at least 2 classes in the data, but the data contains only one class: 0
16/01/24 13:53:55| WARNING     Method d_bin_kde_lr_a failed. Exception: This solver needs samples of at least 2 classes in the data, but the data contains only one class: 0
16/01/24 14:22:26| INFO        d_m3w_kde_lr finished [took 1712.7360s]
16/01/24 14:22:28| INFO        d_m3w_kde_lr_is finished [took 1713.7410s]
16/01/24 14:22:49| INFO        ref finished [took 20.4937s]
16/01/24 14:22:52| INFO        d_m3w_kde_lr_mc finished [took 1740.0818s]
16/01/24 14:23:00| INFO        d_m3w_kde_lr_ne finished [took 1746.1236s]
16/01/24 14:23:06| INFO        d_m3w_kde_lr_c finished [took 1752.6071s]
16/01/24 14:23:24| INFO        atc_mc finished [took 33.8018s]
16/01/24 14:23:25| INFO        doc finished [took 31.7482s]
16/01/24 14:23:32| INFO        d_mul_kde_lr_c finished [took 1778.9115s]
16/01/24 14:23:45| INFO        d_mul_kde_lr_ne finished [took 1791.6367s]
16/01/24 14:24:03| INFO        d_mul_kde_lr finished [took 1809.3353s]
16/01/24 14:24:28| INFO        d_mul_kde_lr_mc finished [took 1834.2829s]
16/01/24 14:24:57| INFO        d_mul_kde_lr_a finished [took 1861.2210s]
16/01/24 14:25:14| INFO        d_mul_kde_lr_is finished [took 1879.4664s]
16/01/24 14:42:04| INFO        d_m3w_kde_lr_a finished [took 1177.7494s]
16/01/24 14:42:28| WARNING     Method d_bin_kde_lr_gs failed. Exception: no combination of hyperparameters seem to work
16/01/24 14:43:19| DEBUG       [size=11,place=1] best score = 0.01299232; best param = {'quantifier__classifier__C': 1000.0, 'quantifier__classifier__class_weight': 'balanced', 'quantifier__bandwidth': 0.04, 'confidence': ['max_conf', 'entropy', 'isoft']} [took 49.675s]
16/01/24 14:43:19| DEBUG       [size=11,place=2] best score = 0.01684236; best param = {'quantifier__classifier__C': 100.0, 'quantifier__classifier__class_weight': 'balanced', 'quantifier__bandwidth': 0.05, 'confidence': None} [took 49.676s]
16/01/24 14:47:40| DEBUG       [size=56,place=1] best score = 0.01057939; best param = {'quantifier__classifier__C': 1000.0, 'quantifier__classifier__class_weight': 'balanced', 'quantifier__bandwidth': 0.12, 'confidence': ['max_conf', 'entropy', 'isoft']} [took 260.675s]
16/01/24 14:47:40| DEBUG       [size=56,place=2] best score = 0.01058431; best param = {'quantifier__classifier__C': 1000.0, 'quantifier__classifier__class_weight': 'balanced', 'quantifier__bandwidth': 0.13, 'confidence': ['max_conf', 'entropy', 'isoft']} [took 260.675s]
16/01/24 14:49:17| DEBUG       [size=18,place=1] best score = 0.01062124; best param = {'quantifier__classifier__C': 1.0, 'quantifier__classifier__class_weight': 'balanced', 'quantifier__bandwidth': 0.13, 'confidence': ['max_conf', 'entropy', 'isoft']} [took 96.918s]
16/01/24 14:49:17| DEBUG       [size=18,place=2] best score = 0.01065268; best param = {'quantifier__classifier__C': 1.0, 'quantifier__classifier__class_weight': 'balanced', 'quantifier__bandwidth': 0.12, 'confidence': ['max_conf', 'entropy', 'isoft']} [took 96.918s]
16/01/24 14:49:17| DEBUG       [MultiClassAccuracyEstimator] optimization finished: best params {'quantifier__classifier__C': 1000.0, 'quantifier__classifier__class_weight': 'balanced', 'quantifier__bandwidth': 0.12, 'confidence': ['max_conf', 'entropy', 'isoft']} (score=0.01058) [took 407.3795s]
16/01/24 15:01:33| INFO        d_mul_kde_lr_gs finished [took 1144.2388s]
16/01/24 15:02:22| DEBUG       [size=11,place=1] best score = 0.01582473; best param = {'quantifier__classifier__C': 100.0, 'quantifier__classifier__class_weight': 'balanced', 'quantifier__bandwidth': 0.05, 'confidence': None} [took 47.810s]
16/01/24 15:02:22| DEBUG       [size=11,place=2] best score = 0.01637261; best param = {'quantifier__classifier__C': 1000.0, 'quantifier__classifier__class_weight': 'balanced', 'quantifier__bandwidth': 0.04, 'confidence': ['max_conf', 'entropy', 'isoft']} [took 47.811s]
16/01/24 15:06:19| DEBUG       [size=56,place=1] best score = 0.01227872; best param = {'quantifier__classifier__C': 1000.0, 'quantifier__classifier__class_weight': 'balanced', 'quantifier__bandwidth': 0.15000000000000002, 'confidence': ['max_conf', 'entropy', 'isoft']} [took 237.010s]
16/01/24 15:06:19| DEBUG       [size=56,place=2] best score = 0.01246526; best param = {'quantifier__classifier__C': 1000.0, 'quantifier__classifier__class_weight': 'balanced', 'quantifier__bandwidth': 0.09, 'confidence': ['max_conf', 'entropy', 'isoft']} [took 237.011s]
16/01/24 15:07:48| DEBUG       [size=18,place=1] best score = 0.01227061; best param = {'quantifier__classifier__C': 0.1, 'quantifier__classifier__class_weight': 'balanced', 'quantifier__bandwidth': 0.09, 'confidence': ['max_conf', 'entropy', 'isoft']} [took 89.208s]
16/01/24 15:07:48| DEBUG       [size=18,place=2] best score = 0.01244143; best param = {'quantifier__classifier__C': 1000.0, 'quantifier__classifier__class_weight': 'balanced', 'quantifier__bandwidth': 0.09, 'confidence': ['isoft']} [took 89.208s]
16/01/24 15:10:57| DEBUG       [size=43,place=1] best score = 0.01167103; best param = {'quantifier__classifier__C': 0.1, 'quantifier__classifier__class_weight': 'balanced', 'quantifier__bandwidth': 0.09999999999999999, 'confidence': ['max_conf', 'entropy', 'isoft']} [took 188.676s]
16/01/24 15:10:57| DEBUG       [size=43,place=2] best score = 0.01168875; best param = {'quantifier__classifier__C': 0.1, 'quantifier__classifier__class_weight': 'balanced', 'quantifier__bandwidth': 0.09, 'confidence': ['isoft']} [took 188.677s]
16/01/24 15:13:02| DEBUG       [size=26,place=1] best score = 0.01160017; best param = {'quantifier__classifier__C': 0.1, 'quantifier__classifier__class_weight': 'balanced', 'quantifier__bandwidth': 0.09999999999999999, 'confidence': ['isoft']} [took 124.360s]
16/01/24 15:13:02| DEBUG       [size=26,place=2] best score = 0.01192728; best param = {'quantifier__classifier__C': 0.1, 'quantifier__classifier__class_weight': 'balanced', 'quantifier__bandwidth': 0.08, 'confidence': ['isoft']} [took 124.360s]
16/01/24 15:14:16| DEBUG       [size=13,place=1] best score = 0.01262094; best param = {'quantifier__classifier__C': 100.0, 'quantifier__classifier__class_weight': 'balanced', 'quantifier__bandwidth': 0.09999999999999999, 'confidence': ['isoft']} [took 74.701s]
16/01/24 15:14:16| DEBUG       [size=13,place=2] best score = 0.01263828; best param = {'quantifier__classifier__C': 10.0, 'quantifier__classifier__class_weight': 'balanced', 'quantifier__bandwidth': 0.09999999999999999, 'confidence': ['isoft']} [took 74.702s]
16/01/24 15:14:16| DEBUG       [MultiClassAccuracyEstimator] optimization finished: best params {'quantifier__classifier__C': 0.1, 'quantifier__classifier__class_weight': 'balanced', 'quantifier__bandwidth': 0.09999999999999999, 'confidence': ['isoft']} (score=0.01160) [took 761.8931s]
16/01/24 15:25:34| INFO        d_m3w_kde_lr_gs finished [took 1439.3166s]
16/01/24 15:25:34| INFO     Dataset sample [0.1 0.9] of dataset imdb finished [took 5504.4267s]
16/01/24 15:25:34| INFO     Dataset sample [0.2 0.8] of dataset imdb started
16/01/24 15:47:33| INFO        d_bin_kde_lr_ne finished [took 1314.6880s]
16/01/24 15:47:40| INFO        d_bin_kde_lr_mc finished [took 1320.8901s]
16/01/24 15:48:19| INFO        d_bin_kde_lr finished [took 1360.2539s]
16/01/24 15:48:22| INFO        d_bin_kde_lr_c finished [took 1363.8031s]
16/01/24 15:52:53| INFO        d_m3w_kde_lr_mc finished [took 1635.9732s]
16/01/24 15:52:53| INFO        d_m3w_kde_lr finished [took 1634.1442s]
16/01/24 15:52:56| INFO        d_m3w_kde_lr_c finished [took 1637.2163s]
16/01/24 15:54:48| INFO        d_mul_kde_lr finished [took 1749.6181s]
16/01/24 15:54:49| INFO        d_mul_kde_lr_c finished [took 1750.0105s]
16/01/24 15:54:49| INFO        d_mul_kde_lr_mc finished [took 1750.3249s]
16/01/24 15:55:14| INFO        ref finished [took 25.0821s]
16/01/24 15:55:24| INFO        atc_mc finished [took 34.2265s]
16/01/24 15:55:28| INFO        d_mul_kde_lr_ne finished [took 1788.7721s]
16/01/24 15:55:30| INFO        doc finished [took 40.1176s]
16/01/24 16:05:33| INFO        d_bin_kde_lr_is finished [took 1072.8564s]
16/01/24 16:08:53| INFO        d_m3w_kde_lr_ne finished [took 1278.3538s]
16/01/24 16:09:15| INFO        d_m3w_kde_lr_is finished [took 1252.1630s]
16/01/24 16:10:24| INFO        d_mul_kde_lr_is finished [took 1323.8609s]
16/01/24 16:10:27| INFO        d_bin_kde_lr_a finished [took 1053.7669s]
16/01/24 16:13:57| INFO        d_m3w_kde_lr_a finished [took 1260.0703s]
16/01/24 16:16:32| INFO        d_mul_kde_lr_a finished [took 1418.4211s]
16/01/24 16:17:10| DEBUG       [size=11,place=1] best score = 0.00861523; best param = {'quantifier__classifier__C': 100.0, 'quantifier__classifier__class_weight': 'balanced', 'quantifier__bandwidth': 0.05, 'confidence': None} [took 36.765s]
16/01/24 16:17:10| DEBUG       [size=11,place=2] best score = 0.00877095; best param = {'quantifier__classifier__C': 1000.0, 'quantifier__classifier__class_weight': 'balanced', 'quantifier__bandwidth': 0.04, 'confidence': ['max_conf', 'entropy', 'isoft']} [took 36.766s]
16/01/24 16:20:07| DEBUG       [size=56,place=1] best score = 0.00819457; best param = {'quantifier__classifier__C': 0.01, 'quantifier__classifier__class_weight': 'balanced', 'quantifier__bandwidth': 0.04, 'confidence': ['max_conf', 'entropy', 'isoft']} [took 177.509s]
16/01/24 16:20:07| DEBUG       [size=56,place=2] best score = 0.00847180; best param = {'quantifier__classifier__C': 0.1, 'quantifier__classifier__class_weight': 'balanced', 'quantifier__bandwidth': 0.04, 'confidence': ['max_conf', 'entropy', 'isoft']} [took 177.510s]
16/01/24 16:22:34| DEBUG       [size=44,place=1] best score = 0.00815196; best param = {'quantifier__classifier__C': 0.01, 'quantifier__classifier__class_weight': 'balanced', 'quantifier__bandwidth': 0.04, 'confidence': ['isoft']} [took 146.478s]
16/01/24 16:22:34| DEBUG       [size=44,place=2] best score = 0.00817557; best param = {'quantifier__classifier__C': 0.01, 'quantifier__classifier__class_weight': 'balanced', 'quantifier__bandwidth': 0.05, 'confidence': ['max_conf', 'entropy', 'isoft']} [took 146.479s]
16/01/24 16:24:10| DEBUG       [size=28,place=1] best score = 0.00815966; best param = {'quantifier__classifier__C': 0.01, 'quantifier__classifier__class_weight': 'balanced', 'quantifier__bandwidth': 0.05, 'confidence': ['isoft']} [took 96.084s]
16/01/24 16:24:10| DEBUG       [size=28,place=2] best score = 0.00824998; best param = {'quantifier__classifier__C': 0.01, 'quantifier__classifier__class_weight': 'balanced', 'quantifier__bandwidth': 0.060000000000000005, 'confidence': ['isoft']} [took 96.085s]
16/01/24 16:24:10| DEBUG       [BinaryQuantifierAccuracyEstimator] optimization finished: best params {'quantifier__classifier__C': 0.01, 'quantifier__classifier__class_weight': 'balanced', 'quantifier__bandwidth': 0.04, 'confidence': ['isoft']} (score=0.00815) [took 456.9533s]
16/01/24 16:31:57| INFO        d_bin_kde_lr_gs finished [took 924.1993s]
16/01/24 16:32:49| DEBUG       [size=11,place=1] best score = 0.00873410; best param = {'quantifier__classifier__C': 100.0, 'quantifier__classifier__class_weight': 'balanced', 'quantifier__bandwidth': 0.05, 'confidence': None} [took 50.586s]
16/01/24 16:32:49| DEBUG       [size=11,place=2] best score = 0.00954326; best param = {'quantifier__classifier__C': 100.0, 'quantifier__classifier__class_weight': 'balanced', 'quantifier__bandwidth': 0.03, 'confidence': ['max_conf', 'entropy', 'isoft']} [took 50.586s]
16/01/24 16:36:42| DEBUG       [size=54,place=1] best score = 0.00869793; best param = {'quantifier__classifier__C': 100.0, 'quantifier__classifier__class_weight': 'balanced', 'quantifier__bandwidth': 0.08, 'confidence': None} [took 232.781s]
16/01/24 16:36:42| DEBUG       [size=54,place=2] best score = 0.00873530; best param = {'quantifier__classifier__C': 100.0, 'quantifier__classifier__class_weight': 'balanced', 'quantifier__bandwidth': 0.060000000000000005, 'confidence': None} [took 232.781s]
16/01/24 16:38:00| DEBUG       [size=16,place=1] best score = 0.00885294; best param = {'quantifier__classifier__C': 100.0, 'quantifier__classifier__class_weight': 'balanced', 'quantifier__bandwidth': 0.060000000000000005, 'confidence': ['isoft']} [took 78.457s]
16/01/24 16:38:00| DEBUG       [size=16,place=2] best score = 0.00895916; best param = {'quantifier__classifier__C': 100.0, 'quantifier__classifier__class_weight': 'balanced', 'quantifier__bandwidth': 0.08, 'confidence': ['isoft']} [took 78.458s]
16/01/24 16:38:00| DEBUG       [MultiClassAccuracyEstimator] optimization finished: best params {'quantifier__classifier__C': 100.0, 'quantifier__classifier__class_weight': 'balanced', 'quantifier__bandwidth': 0.08, 'confidence': None} (score=0.00870) [took 361.9342s]
16/01/24 16:48:54| INFO        d_mul_kde_lr_gs finished [took 1016.0714s]
16/01/24 16:49:42| DEBUG       [size=11,place=1] best score = 0.00860071; best param = {'quantifier__classifier__C': 100.0, 'quantifier__classifier__class_weight': 'balanced', 'quantifier__bandwidth': 0.01, 'confidence': ['isoft']} [took 46.672s]
16/01/24 16:49:42| DEBUG       [size=11,place=2] best score = 0.00922505; best param = {'quantifier__classifier__C': 0.1, 'quantifier__classifier__class_weight': 'balanced', 'quantifier__bandwidth': 0.02, 'confidence': ['isoft']} [took 46.673s]
16/01/24 16:53:09| DEBUG       [size=54,place=1] best score = 0.00843250; best param = {'quantifier__classifier__C': 100.0, 'quantifier__classifier__class_weight': 'balanced', 'quantifier__bandwidth': 0.01, 'confidence': ['max_conf', 'entropy', 'isoft']} [took 207.169s]
16/01/24 16:53:09| DEBUG       [size=54,place=2] best score = 0.00865742; best param = {'quantifier__classifier__C': 10.0, 'quantifier__classifier__class_weight': 'balanced', 'quantifier__bandwidth': 0.01, 'confidence': ['isoft']} [took 207.170s]
16/01/24 16:56:09| DEBUG       [size=45,place=1] best score = 0.00870824; best param = {'quantifier__classifier__C': 10.0, 'quantifier__classifier__class_weight': 'balanced', 'quantifier__bandwidth': 0.01, 'confidence': ['max_conf', 'entropy', 'isoft']} [took 179.908s]
16/01/24 16:56:09| DEBUG       [size=45,place=2] best score = 0.00893140; best param = {'quantifier__classifier__C': 1000.0, 'quantifier__classifier__class_weight': 'balanced', 'quantifier__bandwidth': 0.01, 'confidence': ['max_conf', 'entropy', 'isoft']} [took 179.909s]
16/01/24 16:56:09| DEBUG       [MultiClassAccuracyEstimator] optimization finished: best params {'quantifier__classifier__C': 100.0, 'quantifier__classifier__class_weight': 'balanced', 'quantifier__bandwidth': 0.01, 'confidence': ['max_conf', 'entropy', 'isoft']} (score=0.00843) [took 433.8660s]
16/01/24 17:03:56| INFO        d_m3w_kde_lr_gs finished [took 900.8640s]
16/01/24 17:03:56| INFO     Dataset sample [0.2 0.8] of dataset imdb finished [took 5902.5582s]
16/01/24 17:03:56| INFO     Dataset sample [0.3 0.7] of dataset imdb started
16/01/24 17:19:54| INFO        d_bin_kde_lr_c finished [took 952.8428s]
16/01/24 17:20:08| INFO        d_bin_kde_lr_ne finished [took 966.6821s]
16/01/24 17:20:16| INFO        d_bin_kde_lr_mc finished [took 975.0898s]
16/01/24 17:20:34| INFO        d_bin_kde_lr finished [took 993.0069s]
16/01/24 17:27:03| INFO        d_m3w_kde_lr_c finished [took 1383.5826s]
16/01/24 17:27:30| INFO        d_m3w_kde_lr finished [took 1408.5153s]
16/01/24 17:27:33| INFO        d_m3w_kde_lr_mc finished [took 1412.1303s]
16/01/24 17:28:36| INFO        d_mul_kde_lr finished [took 1474.8569s]
16/01/24 17:28:50| INFO        d_mul_kde_lr_ne finished [took 1488.1913s]
16/01/24 17:29:01| INFO        ref finished [took 24.3639s]
16/01/24 17:29:05| INFO        d_mul_kde_lr_c finished [took 1503.7899s]
16/01/24 17:29:24| INFO        atc_mc finished [took 33.6095s]
16/01/24 17:29:42| INFO        doc finished [took 40.2610s]
16/01/24 17:29:45| INFO        d_mul_kde_lr_mc finished [took 1543.9746s]
16/01/24 17:34:34| INFO        d_bin_kde_lr_is finished [took 865.3479s]
16/01/24 17:38:10| INFO        d_m3w_kde_lr_ne finished [took 1095.0969s]
16/01/24 17:40:38| INFO        d_bin_kde_lr_a finished [took 814.3673s]
16/01/24 17:40:39| INFO        d_mul_kde_lr_is finished [took 1221.4336s]
16/01/24 17:40:50| INFO        d_m3w_kde_lr_is finished [took 1214.6067s]
16/01/24 17:44:16| INFO        d_m3w_kde_lr_a finished [took 1001.9135s]
16/01/24 17:44:57| INFO        d_mul_kde_lr_a finished [took 1046.5486s]
16/01/24 17:45:29| DEBUG       [size=11,place=1] best score = 0.02312771; best param = {'quantifier__classifier__C': 100.0, 'quantifier__classifier__class_weight': 'balanced', 'quantifier__bandwidth': 0.01, 'confidence': ['isoft']} [took 30.972s]
16/01/24 17:45:29| DEBUG       [size=11,place=2] best score = 0.02587217; best param = {'quantifier__classifier__C': 1000.0, 'quantifier__classifier__class_weight': 'balanced', 'quantifier__bandwidth': 0.04, 'confidence': ['max_conf', 'entropy', 'isoft']} [took 30.972s]
16/01/24 17:47:55| DEBUG       [size=56,place=1] best score = 0.01909495; best param = {'quantifier__classifier__C': 1000.0, 'quantifier__classifier__class_weight': 'balanced', 'quantifier__bandwidth': 0.01, 'confidence': ['max_conf', 'entropy', 'isoft']} [took 145.280s]
16/01/24 17:47:55| DEBUG       [size=56,place=2] best score = 0.02064875; best param = {'quantifier__classifier__C': 10.0, 'quantifier__classifier__class_weight': 'balanced', 'quantifier__bandwidth': 0.01, 'confidence': ['isoft']} [took 145.281s]
16/01/24 17:49:12| DEBUG       [size=28,place=1] best score = 0.02055537; best param = {'quantifier__classifier__C': 10.0, 'quantifier__classifier__class_weight': 'balanced', 'quantifier__bandwidth': 0.01, 'confidence': ['max_conf', 'entropy', 'isoft']} [took 77.375s]
16/01/24 17:49:12| DEBUG       [size=28,place=2] best score = 0.02091965; best param = {'quantifier__classifier__C': 1.0, 'quantifier__classifier__class_weight': 'balanced', 'quantifier__bandwidth': 0.01, 'confidence': ['max_conf', 'entropy', 'isoft']} [took 77.375s]
16/01/24 17:49:12| DEBUG       [BinaryQuantifierAccuracyEstimator] optimization finished: best params {'quantifier__classifier__C': 1000.0, 'quantifier__classifier__class_weight': 'balanced', 'quantifier__bandwidth': 0.01, 'confidence': ['max_conf', 'entropy', 'isoft']} (score=0.01909) [took 253.7399s]
16/01/24 17:55:10| INFO        d_bin_kde_lr_gs finished [took 611.2015s]
16/01/24 17:56:01| DEBUG       [size=11,place=1] best score = 0.02050422; best param = {'quantifier__classifier__C': 100.0, 'quantifier__classifier__class_weight': 'balanced', 'quantifier__bandwidth': 0.03, 'confidence': ['max_conf', 'entropy', 'isoft']} [took 50.688s]
16/01/24 17:56:01| DEBUG       [size=11,place=2] best score = 0.02144078; best param = {'quantifier__classifier__C': 100.0, 'quantifier__classifier__class_weight': 'balanced', 'quantifier__bandwidth': 0.01, 'confidence': ['isoft']} [took 50.688s]
16/01/24 17:59:47| DEBUG       [size=54,place=1] best score = 0.02012811; best param = {'quantifier__classifier__C': 100.0, 'quantifier__classifier__class_weight': 'balanced', 'quantifier__bandwidth': 0.03, 'confidence': ['isoft']} [took 225.419s]
16/01/24 17:59:47| DEBUG       [size=54,place=2] best score = 0.02029226; best param = {'quantifier__classifier__C': 100.0, 'quantifier__classifier__class_weight': 'balanced', 'quantifier__bandwidth': 0.04, 'confidence': ['isoft']} [took 225.419s]
16/01/24 18:00:51| DEBUG       [size=15,place=1] best score = 0.02133049; best param = {'quantifier__classifier__C': 1000.0, 'quantifier__classifier__class_weight': 'balanced', 'quantifier__bandwidth': 0.03, 'confidence': ['isoft']} [took 64.454s]
16/01/24 18:00:51| DEBUG       [size=15,place=2] best score = 0.02153347; best param = {'quantifier__classifier__C': 100.0, 'quantifier__classifier__class_weight': 'balanced', 'quantifier__bandwidth': 0.04, 'confidence': None} [took 64.455s]
16/01/24 18:00:51| DEBUG       [MultiClassAccuracyEstimator] optimization finished: best params {'quantifier__classifier__C': 100.0, 'quantifier__classifier__class_weight': 'balanced', 'quantifier__bandwidth': 0.03, 'confidence': ['isoft']} (score=0.02013) [took 340.6732s]
16/01/24 18:08:27| INFO        d_mul_kde_lr_gs finished [took 796.4487s]
16/01/24 18:09:15| DEBUG       [size=11,place=1] best score = 0.02212950; best param = {'quantifier__classifier__C': 100.0, 'quantifier__classifier__class_weight': 'balanced', 'quantifier__bandwidth': 0.01, 'confidence': ['isoft']} [took 46.511s]
16/01/24 18:09:15| DEBUG       [size=11,place=2] best score = 0.02570023; best param = {'quantifier__classifier__C': 0.1, 'quantifier__classifier__class_weight': 'balanced', 'quantifier__bandwidth': 0.02, 'confidence': ['isoft']} [took 46.511s]
16/01/24 18:12:37| DEBUG       [size=54,place=1] best score = 0.02032777; best param = {'quantifier__classifier__C': 100.0, 'quantifier__classifier__class_weight': 'balanced', 'quantifier__bandwidth': 0.01, 'confidence': ['max_conf', 'entropy', 'isoft']} [took 202.189s]
16/01/24 18:12:37| DEBUG       [size=54,place=2] best score = 0.02162442; best param = {'quantifier__classifier__C': 1000.0, 'quantifier__classifier__class_weight': 'balanced', 'quantifier__bandwidth': 0.01, 'confidence': ['isoft']} [took 202.189s]
16/01/24 18:15:40| DEBUG       [size=45,place=1] best score = 0.02111457; best param = {'quantifier__classifier__C': 1000.0, 'quantifier__classifier__class_weight': 'balanced', 'quantifier__bandwidth': 0.01, 'confidence': ['max_conf', 'entropy', 'isoft']} [took 183.761s]
16/01/24 18:15:40| DEBUG       [size=45,place=2] best score = 0.02221776; best param = {'quantifier__classifier__C': 1.0, 'quantifier__classifier__class_weight': 'balanced', 'quantifier__bandwidth': 0.01, 'confidence': ['max_conf', 'entropy', 'isoft']} [took 183.762s]
16/01/24 18:15:41| DEBUG       [MultiClassAccuracyEstimator] optimization finished: best params {'quantifier__classifier__C': 100.0, 'quantifier__classifier__class_weight': 'balanced', 'quantifier__bandwidth': 0.01, 'confidence': ['max_conf', 'entropy', 'isoft']} (score=0.02033) [took 432.5734s]
16/01/24 18:22:09| INFO        d_m3w_kde_lr_gs finished [took 820.6812s]
16/01/24 18:22:09| INFO     Dataset sample [0.3 0.7] of dataset imdb finished [took 4692.3463s]
16/01/24 18:22:09| INFO     Dataset sample [0.4 0.6] of dataset imdb started
16/01/24 18:36:08| INFO        d_bin_kde_lr_ne finished [took 835.0552s]
16/01/24 18:36:38| INFO        d_bin_kde_lr_mc finished [took 864.6850s]
16/01/24 18:37:08| INFO        d_bin_kde_lr_c finished [took 895.4922s]
16/01/24 18:37:22| INFO        d_bin_kde_lr finished [took 909.0953s]
16/01/24 18:46:56| INFO        d_mul_kde_lr_ne finished [took 1482.5346s]
16/01/24 18:47:18| INFO        d_m3w_kde_lr_mc finished [took 1504.4904s]
16/01/24 18:47:22| INFO        d_m3w_kde_lr_c finished [took 1509.2144s]
16/01/24 18:47:29| INFO        d_m3w_kde_lr finished [took 1515.5199s]
16/01/24 18:47:53| INFO        ref finished [took 23.8721s]
16/01/24 18:48:01| INFO        d_mul_kde_lr finished [took 1548.9346s]
16/01/24 18:48:11| INFO        d_mul_kde_lr_mc finished [took 1558.1342s]
16/01/24 18:48:13| INFO        d_mul_kde_lr_c finished [took 1560.1561s]
16/01/24 18:48:23| INFO        atc_mc finished [took 29.1516s]
16/01/24 18:48:36| INFO        doc finished [took 34.5420s]
16/01/24 18:50:41| INFO        d_bin_kde_lr_is finished [took 842.8423s]
16/01/24 18:57:09| INFO        d_m3w_kde_lr_ne finished [took 1260.5236s]
16/01/24 18:57:46| INFO        d_m3w_kde_lr_is finished [took 1223.1773s]
16/01/24 18:57:48| INFO        d_bin_kde_lr_a finished [took 651.1182s]
16/01/24 18:58:25| INFO        d_mul_kde_lr_is finished [took 1275.7564s]
16/01/24 19:05:08| INFO        d_m3w_kde_lr_a finished [took 1064.7977s]
16/01/24 19:06:02| INFO        d_mul_kde_lr_a finished [took 1123.6226s]
16/01/24 19:06:28| DEBUG       [size=11,place=1] best score = 0.01237457; best param = {'quantifier__classifier__C': 100.0, 'quantifier__classifier__class_weight': 'balanced', 'quantifier__bandwidth': 0.01, 'confidence': ['isoft']} [took 25.273s]
16/01/24 19:06:28| DEBUG       [size=11,place=2] best score = 0.01456114; best param = {'quantifier__classifier__C': 0.1, 'quantifier__classifier__class_weight': 'balanced', 'quantifier__bandwidth': 0.02, 'confidence': ['isoft']} [took 25.273s]
16/01/24 19:08:20| DEBUG       [size=54,place=1] best score = 0.01185206; best param = {'quantifier__classifier__C': 10.0, 'quantifier__classifier__class_weight': 'balanced', 'quantifier__bandwidth': 0.01, 'confidence': ['isoft']} [took 111.418s]
16/01/24 19:08:20| DEBUG       [size=54,place=2] best score = 0.01185547; best param = {'quantifier__classifier__C': 0.1, 'quantifier__classifier__class_weight': 'balanced', 'quantifier__bandwidth': 0.01, 'confidence': ['isoft']} [took 111.418s]
16/01/24 19:09:16| DEBUG       [size=24,place=1] best score = 0.01194507; best param = {'quantifier__classifier__C': 0.1, 'quantifier__classifier__class_weight': 'balanced', 'quantifier__bandwidth': 0.01, 'confidence': ['max_conf', 'entropy', 'isoft']} [took 56.400s]
16/01/24 19:09:16| DEBUG       [size=24,place=2] best score = 0.01213868; best param = {'quantifier__classifier__C': 10.0, 'quantifier__classifier__class_weight': 'balanced', 'quantifier__bandwidth': 0.01, 'confidence': None} [took 56.400s]
16/01/24 19:09:16| DEBUG       [BinaryQuantifierAccuracyEstimator] optimization finished: best params {'quantifier__classifier__C': 10.0, 'quantifier__classifier__class_weight': 'balanced', 'quantifier__bandwidth': 0.01, 'confidence': ['isoft']} (score=0.01185) [took 193.2036s]
16/01/24 19:13:54| INFO        d_bin_kde_lr_gs finished [took 471.3872s]
16/01/24 19:14:36| DEBUG       [size=11,place=1] best score = 0.01259414; best param = {'quantifier__classifier__C': 100.0, 'quantifier__classifier__class_weight': 'balanced', 'quantifier__bandwidth': 0.01, 'confidence': ['isoft']} [took 41.160s]
16/01/24 19:14:36| DEBUG       [size=11,place=2] best score = 0.01388087; best param = {'quantifier__classifier__C': 0.1, 'quantifier__classifier__class_weight': 'balanced', 'quantifier__bandwidth': 0.02, 'confidence': ['isoft']} [took 41.160s]
16/01/24 19:17:54| DEBUG       [size=54,place=1] best score = 0.01115449; best param = {'quantifier__classifier__C': 1000.0, 'quantifier__classifier__class_weight': 'balanced', 'quantifier__bandwidth': 0.01, 'confidence': ['isoft']} [took 197.220s]
16/01/24 19:17:54| DEBUG       [size=54,place=2] best score = 0.01218226; best param = {'quantifier__classifier__C': 1000.0, 'quantifier__classifier__class_weight': 'balanced', 'quantifier__bandwidth': 0.02, 'confidence': ['isoft']} [took 197.220s]
16/01/24 19:19:27| DEBUG       [size=24,place=1] best score = 0.01146148; best param = {'quantifier__classifier__C': 1000.0, 'quantifier__classifier__class_weight': 'balanced', 'quantifier__bandwidth': 0.01, 'confidence': None} [took 93.391s]
16/01/24 19:19:27| DEBUG       [size=24,place=2] best score = 0.01226814; best param = {'quantifier__classifier__C': 1000.0, 'quantifier__classifier__class_weight': 'balanced', 'quantifier__bandwidth': 0.02, 'confidence': None} [took 93.392s]
16/01/24 19:19:27| DEBUG       [MultiClassAccuracyEstimator] optimization finished: best params {'quantifier__classifier__C': 1000.0, 'quantifier__classifier__class_weight': 'balanced', 'quantifier__bandwidth': 0.01, 'confidence': ['isoft']} (score=0.01115) [took 331.8843s]
16/01/24 19:25:33| INFO        d_mul_kde_lr_gs finished [took 698.0193s]
16/01/24 19:26:16| DEBUG       [size=11,place=1] best score = 0.03038157; best param = {'quantifier__classifier__C': 0.1, 'quantifier__classifier__class_weight': 'balanced', 'quantifier__bandwidth': 0.02, 'confidence': ['isoft']} [took 41.621s]
16/01/24 19:26:16| DEBUG       [size=11,place=2] best score = 0.03117303; best param = {'quantifier__classifier__C': 100.0, 'quantifier__classifier__class_weight': 'balanced', 'quantifier__bandwidth': 0.05, 'confidence': None} [took 41.621s]
16/01/24 19:29:27| DEBUG       [size=56,place=1] best score = 0.02345694; best param = {'quantifier__classifier__C': 0.001, 'quantifier__classifier__class_weight': 'balanced', 'quantifier__bandwidth': 0.02, 'confidence': ['isoft']} [took 190.781s]
16/01/24 19:29:27| DEBUG       [size=56,place=2] best score = 0.02810741; best param = {'quantifier__classifier__C': 0.01, 'quantifier__classifier__class_weight': 'balanced', 'quantifier__bandwidth': 0.02, 'confidence': ['isoft']} [took 190.781s]
16/01/24 19:32:30| DEBUG       [size=44,place=1] best score = 0.01950316; best param = {'quantifier__classifier__C': 0.001, 'quantifier__classifier__class_weight': 'balanced', 'quantifier__bandwidth': 0.02, 'confidence': ['max_conf', 'entropy', 'isoft']} [took 183.371s]
16/01/24 19:32:30| DEBUG       [size=44,place=2] best score = 0.02285566; best param = {'quantifier__classifier__C': 0.001, 'quantifier__classifier__class_weight': 'balanced', 'quantifier__bandwidth': 0.01, 'confidence': ['isoft']} [took 183.371s]
16/01/24 19:34:32| DEBUG       [size=29,place=1] best score = 0.02030727; best param = {'quantifier__classifier__C': 0.001, 'quantifier__classifier__class_weight': 'balanced', 'quantifier__bandwidth': 0.03, 'confidence': ['max_conf', 'entropy', 'isoft']} [took 122.013s]
16/01/24 19:34:32| DEBUG       [size=29,place=2] best score = 0.02162956; best param = {'quantifier__classifier__C': 0.001, 'quantifier__classifier__class_weight': 'balanced', 'quantifier__bandwidth': 0.01, 'confidence': ['max_conf', 'entropy', 'isoft']} [took 122.013s]
16/01/24 19:34:32| DEBUG       [MultiClassAccuracyEstimator] optimization finished: best params {'quantifier__classifier__C': 0.001, 'quantifier__classifier__class_weight': 'balanced', 'quantifier__bandwidth': 0.02, 'confidence': ['max_conf', 'entropy', 'isoft']} (score=0.01950) [took 537.9092s]
16/01/24 19:45:27| INFO        d_m3w_kde_lr_gs finished [took 1192.7197s]
16/01/24 19:45:27| INFO     Dataset sample [0.4 0.6] of dataset imdb finished [took 4998.1274s]
16/01/24 19:45:27| INFO     Dataset sample [0.5 0.5] of dataset imdb started
16/01/24 19:58:45| INFO        d_bin_kde_lr_mc finished [took 793.9428s]
16/01/24 19:59:43| INFO        d_bin_kde_lr_c finished [took 851.0395s]
16/01/24 20:00:00| INFO        d_bin_kde_lr finished [took 868.7921s]
16/01/24 20:00:36| INFO        d_bin_kde_lr_ne finished [took 904.0669s]
16/01/24 20:11:31| INFO        d_m3w_kde_lr_mc finished [took 1559.6283s]
16/01/24 20:11:35| INFO        d_m3w_kde_lr finished [took 1563.7090s]
16/01/24 20:12:26| INFO        d_m3w_kde_lr_c finished [took 1614.1599s]
16/01/24 20:13:07| INFO        d_mul_kde_lr_c finished [took 1655.4866s]
16/01/24 20:13:10| INFO        d_mul_kde_lr_mc finished [took 1660.1641s]
16/01/24 20:13:34| INFO        ref finished [took 26.2471s]
16/01/24 20:13:47| INFO        d_mul_kde_lr finished [took 1695.9405s]
16/01/24 20:13:48| INFO        atc_mc finished [took 37.3128s]
16/01/24 20:13:54| INFO        d_mul_kde_lr_ne finished [took 1702.6779s]
16/01/24 20:14:09| INFO        doc finished [took 34.4948s]
16/01/24 20:14:37| INFO        d_bin_kde_lr_is finished [took 893.1942s]
16/01/24 20:22:03| INFO        d_m3w_kde_lr_ne finished [took 1396.8990s]
16/01/24 20:22:29| INFO        d_bin_kde_lr_a finished [took 657.2108s]
16/01/24 20:23:27| INFO        d_m3w_kde_lr_is finished [took 1370.7770s]
16/01/24 20:24:05| INFO        d_mul_kde_lr_is finished [took 1443.8466s]
16/01/24 20:31:03| INFO        d_m3w_kde_lr_a finished [took 1116.8128s]
16/01/24 20:31:53| INFO        d_mul_kde_lr_a finished [took 1216.7621s]
16/01/24 20:32:19| DEBUG       [size=11,place=1] best score = 0.01227994; best param = {'quantifier__classifier__C': 0.1, 'quantifier__classifier__class_weight': 'balanced', 'quantifier__bandwidth': 0.02, 'confidence': ['isoft']} [took 24.989s]
16/01/24 20:32:19| DEBUG       [size=11,place=2] best score = 0.01269927; best param = {'quantifier__classifier__C': 100.0, 'quantifier__classifier__class_weight': 'balanced', 'quantifier__bandwidth': 0.01, 'confidence': ['isoft']} [took 24.989s]
16/01/24 20:34:13| DEBUG       [size=54,place=1] best score = 0.01200764; best param = {'quantifier__classifier__C': 100.0, 'quantifier__classifier__class_weight': 'balanced', 'quantifier__bandwidth': 0.01, 'confidence': None} [took 113.408s]
16/01/24 20:34:13| DEBUG       [size=54,place=2] best score = 0.01204172; best param = {'quantifier__classifier__C': 0.1, 'quantifier__classifier__class_weight': 'balanced', 'quantifier__bandwidth': 0.02, 'confidence': None} [took 113.408s]
16/01/24 20:35:58| DEBUG       [size=49,place=1] best score = 0.01193887; best param = {'quantifier__classifier__C': 0.1, 'quantifier__classifier__class_weight': None, 'quantifier__bandwidth': 0.02, 'confidence': None} [took 105.725s]
16/01/24 20:35:58| DEBUG       [size=49,place=2] best score = 0.01200819; best param = {'quantifier__classifier__C': 1000.0, 'quantifier__classifier__class_weight': 'balanced', 'quantifier__bandwidth': 0.01, 'confidence': None} [took 105.725s]
16/01/24 20:37:43| DEBUG       [size=46,place=1] best score = 0.01251636; best param = {'quantifier__classifier__C': 0.1, 'quantifier__classifier__class_weight': None, 'quantifier__bandwidth': 0.02, 'confidence': ['max_conf', 'entropy', 'isoft']} [took 104.063s]
16/01/24 20:37:43| DEBUG       [size=46,place=2] best score = 0.01305037; best param = {'quantifier__classifier__C': 1000.0, 'quantifier__classifier__class_weight': None, 'quantifier__bandwidth': 0.01, 'confidence': None} [took 104.064s]
16/01/24 20:37:43| DEBUG       [BinaryQuantifierAccuracyEstimator] optimization finished: best params {'quantifier__classifier__C': 0.1, 'quantifier__classifier__class_weight': None, 'quantifier__bandwidth': 0.02, 'confidence': None} (score=0.01194) [took 348.3005s]
16/01/24 20:43:29| INFO        d_bin_kde_lr_gs finished [took 694.3836s]
16/01/24 20:44:16| DEBUG       [size=11,place=1] best score = 0.01380829; best param = {'quantifier__classifier__C': 100.0, 'quantifier__classifier__class_weight': 'balanced', 'quantifier__bandwidth': 0.01, 'confidence': ['isoft']} [took 46.558s]
16/01/24 20:44:16| DEBUG       [size=11,place=2] best score = 0.01495692; best param = {'quantifier__classifier__C': 100.0, 'quantifier__classifier__class_weight': 'balanced', 'quantifier__bandwidth': 0.03, 'confidence': ['max_conf', 'entropy', 'isoft']} [took 46.559s]
16/01/24 20:47:45| DEBUG       [size=54,place=1] best score = 0.01360795; best param = {'quantifier__classifier__C': 100.0, 'quantifier__classifier__class_weight': 'balanced', 'quantifier__bandwidth': 0.01, 'confidence': None} [took 208.632s]
16/01/24 20:47:45| DEBUG       [size=54,place=2] best score = 0.01388322; best param = {'quantifier__classifier__C': 10.0, 'quantifier__classifier__class_weight': 'balanced', 'quantifier__bandwidth': 0.01, 'confidence': ['isoft']} [took 208.632s]
16/01/24 20:50:42| DEBUG       [size=45,place=1] best score = 0.01324470; best param = {'quantifier__classifier__C': 10.0, 'quantifier__classifier__class_weight': 'balanced', 'quantifier__bandwidth': 0.01, 'confidence': None} [took 176.905s]
16/01/24 20:50:42| DEBUG       [size=45,place=2] best score = 0.01375573; best param = {'quantifier__classifier__C': 100.0, 'quantifier__classifier__class_weight': 'balanced', 'quantifier__bandwidth': 0.02, 'confidence': None} [took 176.906s]
16/01/24 20:52:20| DEBUG       [size=26,place=1] best score = 0.01386648; best param = {'quantifier__classifier__C': 1000.0, 'quantifier__classifier__class_weight': 'balanced', 'quantifier__bandwidth': 0.02, 'confidence': None} [took 98.589s]
16/01/24 20:52:20| DEBUG       [size=26,place=2] best score = 0.01418519; best param = {'quantifier__classifier__C': 10.0, 'quantifier__classifier__class_weight': 'balanced', 'quantifier__bandwidth': 0.02, 'confidence': None} [took 98.590s]
16/01/24 20:52:21| DEBUG       [MultiClassAccuracyEstimator] optimization finished: best params {'quantifier__classifier__C': 10.0, 'quantifier__classifier__class_weight': 'balanced', 'quantifier__bandwidth': 0.01, 'confidence': None} (score=0.01324) [took 530.8012s]
16/01/24 20:58:08| INFO        d_mul_kde_lr_gs finished [took 878.6687s]
16/01/24 20:58:55| DEBUG       [size=11,place=1] best score = 0.02240841; best param = {'quantifier__classifier__C': 100.0, 'quantifier__classifier__class_weight': 'balanced', 'quantifier__bandwidth': 0.01, 'confidence': ['isoft']} [took 45.135s]
16/01/24 20:58:55| DEBUG       [size=11,place=2] best score = 0.02369939; best param = {'quantifier__classifier__C': 0.1, 'quantifier__classifier__class_weight': 'balanced', 'quantifier__bandwidth': 0.02, 'confidence': ['isoft']} [took 45.136s]
16/01/24 21:02:12| DEBUG       [size=54,place=1] best score = 0.01721279; best param = {'quantifier__classifier__C': 0.1, 'quantifier__classifier__class_weight': 'balanced', 'quantifier__bandwidth': 0.16, 'confidence': ['isoft']} [took 196.912s]
16/01/24 21:02:12| DEBUG       [size=54,place=2] best score = 0.01723208; best param = {'quantifier__classifier__C': 0.1, 'quantifier__classifier__class_weight': 'balanced', 'quantifier__bandwidth': 0.15000000000000002, 'confidence': ['isoft']} [took 196.913s]
16/01/24 21:03:36| DEBUG       [size=16,place=1] best score = 0.01712448; best param = {'quantifier__classifier__C': 0.1, 'quantifier__classifier__class_weight': 'balanced', 'quantifier__bandwidth': 0.16, 'confidence': ['max_conf', 'entropy', 'isoft']} [took 84.854s]
16/01/24 21:03:36| DEBUG       [size=16,place=2] best score = 0.01713287; best param = {'quantifier__classifier__C': 0.1, 'quantifier__classifier__class_weight': 'balanced', 'quantifier__bandwidth': 0.15000000000000002, 'confidence': ['max_conf', 'entropy', 'isoft']} [took 84.855s]
16/01/24 21:05:59| DEBUG       [size=31,place=1] best score = 0.01727887; best param = {'quantifier__classifier__C': 0.1, 'quantifier__classifier__class_weight': 'balanced', 'quantifier__bandwidth': 0.14, 'confidence': ['max_conf', 'entropy', 'isoft']} [took 143.049s]
16/01/24 21:05:59| DEBUG       [size=31,place=2] best score = 0.01752306; best param = {'quantifier__classifier__C': 0.1, 'quantifier__classifier__class_weight': 'balanced', 'quantifier__bandwidth': 0.18000000000000002, 'confidence': ['max_conf', 'entropy', 'isoft']} [took 143.049s]
16/01/24 21:06:00| DEBUG       [MultiClassAccuracyEstimator] optimization finished: best params {'quantifier__classifier__C': 0.1, 'quantifier__classifier__class_weight': 'balanced', 'quantifier__bandwidth': 0.16, 'confidence': ['max_conf', 'entropy', 'isoft']} (score=0.01712) [took 470.0680s]
16/01/24 21:17:49| INFO        d_m3w_kde_lr_gs finished [took 1179.5657s]
16/01/24 21:17:49| INFO     Dataset sample [0.5 0.5] of dataset imdb finished [took 5542.2176s]
16/01/24 21:17:49| INFO     Dataset sample [0.6 0.4] of dataset imdb started
16/01/24 21:31:59| INFO        d_bin_kde_lr_c finished [took 845.4392s]
16/01/24 21:32:17| INFO        d_bin_kde_lr finished [took 863.0733s]
16/01/24 21:32:28| INFO        d_bin_kde_lr_mc finished [took 874.3695s]
16/01/24 21:32:39| INFO        d_bin_kde_lr_ne finished [took 885.4318s]
16/01/24 21:41:42| INFO        d_m3w_kde_lr finished [took 1430.2833s]
16/01/24 21:42:30| INFO        d_m3w_kde_lr_c finished [took 1476.5890s]
16/01/24 21:43:05| INFO        d_mul_kde_lr_ne finished [took 1510.8907s]
16/01/24 21:43:21| INFO        d_m3w_kde_lr_mc finished [took 1527.0473s]
16/01/24 21:43:21| INFO        d_mul_kde_lr finished [took 1527.7446s]
16/01/24 21:43:46| INFO        ref finished [took 24.4853s]
16/01/24 21:43:57| INFO        atc_mc finished [took 34.5364s]
16/01/24 21:44:11| INFO        d_mul_kde_lr_c finished [took 1576.8133s]
16/01/24 21:44:27| INFO        doc finished [took 39.9166s]
16/01/24 21:44:40| INFO        d_mul_kde_lr_mc finished [took 1606.4108s]
16/01/24 21:45:31| INFO        d_bin_kde_lr_is finished [took 792.9648s]
16/01/24 21:52:33| INFO        d_bin_kde_lr_a finished [took 650.1767s]
16/01/24 21:53:17| INFO        d_m3w_kde_lr_ne finished [took 1276.9138s]
16/01/24 21:54:04| INFO        d_m3w_kde_lr_is finished [took 1284.1221s]
16/01/24 21:54:28| INFO        d_mul_kde_lr_is finished [took 1318.6763s]
16/01/24 22:00:53| INFO        d_m3w_kde_lr_a finished [took 1067.0911s]
16/01/24 22:01:29| INFO        d_mul_kde_lr_a finished [took 1137.9256s]
16/01/24 22:01:57| DEBUG       [size=11,place=1] best score = 0.01683228; best param = {'quantifier__classifier__C': 0.1, 'quantifier__classifier__class_weight': 'balanced', 'quantifier__bandwidth': 0.02, 'confidence': ['isoft']} [took 26.639s]
16/01/24 22:01:57| DEBUG       [size=11,place=2] best score = 0.01814601; best param = {'quantifier__classifier__C': 100.0, 'quantifier__classifier__class_weight': 'balanced', 'quantifier__bandwidth': 0.03, 'confidence': ['max_conf', 'entropy', 'isoft']} [took 26.640s]
16/01/24 22:04:00| DEBUG       [size=56,place=1] best score = 0.01497173; best param = {'quantifier__classifier__C': 0.01, 'quantifier__classifier__class_weight': 'balanced', 'quantifier__bandwidth': 0.02, 'confidence': ['isoft']} [took 123.159s]
16/01/24 22:04:00| DEBUG       [size=56,place=2] best score = 0.01575528; best param = {'quantifier__classifier__C': 0.01, 'quantifier__classifier__class_weight': 'balanced', 'quantifier__bandwidth': 0.03, 'confidence': ['max_conf', 'entropy', 'isoft']} [took 123.159s]
16/01/24 22:05:40| DEBUG       [size=42,place=1] best score = 0.01361574; best param = {'quantifier__classifier__C': 0.01, 'quantifier__classifier__class_weight': 'balanced', 'quantifier__bandwidth': 0.01, 'confidence': ['max_conf', 'entropy', 'isoft']} [took 99.917s]
16/01/24 22:05:40| DEBUG       [size=42,place=2] best score = 0.01367236; best param = {'quantifier__classifier__C': 0.01, 'quantifier__classifier__class_weight': 'balanced', 'quantifier__bandwidth': 0.01, 'confidence': ['isoft']} [took 99.917s]
16/01/24 22:06:13| DEBUG       [size=12,place=1] best score = 0.01529907; best param = {'quantifier__classifier__C': 0.01, 'quantifier__classifier__class_weight': None, 'quantifier__bandwidth': 0.01, 'confidence': ['max_conf', 'entropy', 'isoft']} [took 32.633s]
16/01/24 22:06:13| DEBUG       [size=12,place=2] best score = 0.01564006; best param = {'quantifier__classifier__C': 0.01, 'quantifier__classifier__class_weight': None, 'quantifier__bandwidth': 0.01, 'confidence': ['isoft']} [took 32.633s]
16/01/24 22:06:13| DEBUG       [BinaryQuantifierAccuracyEstimator] optimization finished: best params {'quantifier__classifier__C': 0.01, 'quantifier__classifier__class_weight': 'balanced', 'quantifier__bandwidth': 0.01, 'confidence': ['max_conf', 'entropy', 'isoft']} (score=0.01362) [took 282.4640s]
16/01/24 22:10:54| INFO        d_bin_kde_lr_gs finished [took 563.7965s]
16/01/24 22:11:39| DEBUG       [size=11,place=1] best score = 0.01903567; best param = {'quantifier__classifier__C': 100.0, 'quantifier__classifier__class_weight': 'balanced', 'quantifier__bandwidth': 0.03, 'confidence': ['max_conf', 'entropy', 'isoft']} [took 43.847s]
16/01/24 22:11:39| DEBUG       [size=11,place=2] best score = 0.02007474; best param = {'quantifier__classifier__C': 1000.0, 'quantifier__classifier__class_weight': 'balanced', 'quantifier__bandwidth': 0.04, 'confidence': ['max_conf', 'entropy', 'isoft']} [took 43.847s]
16/01/24 22:15:10| DEBUG       [size=54,place=1] best score = 0.01613967; best param = {'quantifier__classifier__C': 1000.0, 'quantifier__classifier__class_weight': 'balanced', 'quantifier__bandwidth': 0.01, 'confidence': ['max_conf', 'entropy', 'isoft']} [took 210.989s]
16/01/24 22:15:10| DEBUG       [size=54,place=2] best score = 0.01885854; best param = {'quantifier__classifier__C': 100.0, 'quantifier__classifier__class_weight': 'balanced', 'quantifier__bandwidth': 0.02, 'confidence': ['max_conf', 'entropy', 'isoft']} [took 210.990s]
16/01/24 22:16:13| DEBUG       [size=16,place=1] best score = 0.01543220; best param = {'quantifier__classifier__C': 1000.0, 'quantifier__classifier__class_weight': None, 'quantifier__bandwidth': 0.01, 'confidence': ['max_conf', 'entropy', 'isoft']} [took 62.884s]
16/01/24 22:16:13| DEBUG       [size=16,place=2] best score = 0.01569212; best param = {'quantifier__classifier__C': 1000.0, 'quantifier__classifier__class_weight': 'balanced', 'quantifier__bandwidth': 0.01, 'confidence': ['isoft']} [took 62.885s]
16/01/24 22:19:24| DEBUG       [size=49,place=1] best score = 0.01583485; best param = {'quantifier__classifier__C': 1000.0, 'quantifier__classifier__class_weight': None, 'quantifier__bandwidth': 0.01, 'confidence': None} [took 191.063s]
16/01/24 22:19:24| DEBUG       [size=49,place=2] best score = 0.01611697; best param = {'quantifier__classifier__C': 1000.0, 'quantifier__classifier__class_weight': None, 'quantifier__bandwidth': 0.01, 'confidence': ['isoft']} [took 191.064s]
16/01/24 22:19:24| DEBUG       [MultiClassAccuracyEstimator] optimization finished: best params {'quantifier__classifier__C': 1000.0, 'quantifier__classifier__class_weight': None, 'quantifier__bandwidth': 0.01, 'confidence': ['max_conf', 'entropy', 'isoft']} (score=0.01543) [took 508.8994s]
16/01/24 22:25:49| INFO        d_mul_kde_lr_gs finished [took 894.2111s]
16/01/24 22:26:35| DEBUG       [size=11,place=1] best score = 0.02199701; best param = {'quantifier__classifier__C': 100.0, 'quantifier__classifier__class_weight': 'balanced', 'quantifier__bandwidth': 0.05, 'confidence': None} [took 44.613s]
16/01/24 22:26:35| DEBUG       [size=11,place=2] best score = 0.02204801; best param = {'quantifier__classifier__C': 0.1, 'quantifier__classifier__class_weight': 'balanced', 'quantifier__bandwidth': 0.02, 'confidence': ['isoft']} [took 44.614s]
16/01/24 22:30:04| DEBUG       [size=56,place=1] best score = 0.01963287; best param = {'quantifier__classifier__C': 0.1, 'quantifier__classifier__class_weight': 'balanced', 'quantifier__bandwidth': 0.09999999999999999, 'confidence': ['isoft']} [took 208.515s]
16/01/24 22:30:04| DEBUG       [size=56,place=2] best score = 0.01965614; best param = {'quantifier__classifier__C': 0.01, 'quantifier__classifier__class_weight': 'balanced', 'quantifier__bandwidth': 0.02, 'confidence': ['isoft']} [took 208.515s]
16/01/24 22:32:17| DEBUG       [size=30,place=1] best score = 0.01899730; best param = {'quantifier__classifier__C': 0.01, 'quantifier__classifier__class_weight': 'balanced', 'quantifier__bandwidth': 0.05, 'confidence': ['isoft']} [took 133.262s]
16/01/24 22:32:17| DEBUG       [size=30,place=2] best score = 0.01903873; best param = {'quantifier__classifier__C': 0.01, 'quantifier__classifier__class_weight': 'balanced', 'quantifier__bandwidth': 0.04, 'confidence': ['isoft']} [took 133.262s]
16/01/24 22:33:18| DEBUG       [size=14,place=1] best score = 0.01863826; best param = {'quantifier__classifier__C': 0.01, 'quantifier__classifier__class_weight': 'balanced', 'quantifier__bandwidth': 0.05, 'confidence': ['max_conf', 'entropy', 'isoft']} [took 61.182s]
16/01/24 22:33:18| DEBUG       [size=14,place=2] best score = 0.01877095; best param = {'quantifier__classifier__C': 0.01, 'quantifier__classifier__class_weight': 'balanced', 'quantifier__bandwidth': 0.04, 'confidence': ['max_conf', 'entropy', 'isoft']} [took 61.183s]
16/01/24 22:35:18| DEBUG       [size=29,place=1] best score = 0.01864794; best param = {'quantifier__classifier__C': 0.01, 'quantifier__classifier__class_weight': 'balanced', 'quantifier__bandwidth': 0.060000000000000005, 'confidence': ['max_conf', 'entropy', 'isoft']} [took 120.175s]
16/01/24 22:35:18| DEBUG       [size=29,place=2] best score = 0.01877684; best param = {'quantifier__classifier__C': 0.01, 'quantifier__classifier__class_weight': 'balanced', 'quantifier__bandwidth': 0.06999999999999999, 'confidence': ['max_conf', 'entropy', 'isoft']} [took 120.175s]
16/01/24 22:35:18| DEBUG       [MultiClassAccuracyEstimator] optimization finished: best params {'quantifier__classifier__C': 0.01, 'quantifier__classifier__class_weight': 'balanced', 'quantifier__bandwidth': 0.05, 'confidence': ['max_conf', 'entropy', 'isoft']} (score=0.01864) [took 567.8670s]
16/01/24 22:45:45| INFO        d_m3w_kde_lr_gs finished [took 1195.1303s]
16/01/24 22:45:45| INFO     Dataset sample [0.6 0.4] of dataset imdb finished [took 5276.3787s]
16/01/24 22:45:45| INFO     Dataset sample [0.7 0.3] of dataset imdb started
16/01/24 23:01:06| INFO        d_bin_kde_lr_mc finished [took 914.5014s]
16/01/24 23:01:39| INFO        d_bin_kde_lr_c finished [took 947.9313s]
16/01/24 23:02:08| INFO        d_bin_kde_lr finished [took 979.5745s]
16/01/24 23:02:26| INFO        d_bin_kde_lr_ne finished [took 995.2707s]
16/01/24 23:08:15| INFO        d_m3w_kde_lr_c finished [took 1344.3409s]
16/01/24 23:08:53| INFO        d_m3w_kde_lr_mc finished [took 1381.7527s]
16/01/24 23:09:46| INFO        d_m3w_kde_lr finished [took 1435.1448s]
16/01/24 23:10:50| INFO        d_mul_kde_lr_c finished [took 1499.0716s]
16/01/24 23:11:15| INFO        ref finished [took 23.8317s]
16/01/24 23:11:25| INFO        d_mul_kde_lr_ne finished [took 1533.4939s]
16/01/24 23:11:46| INFO        atc_mc finished [took 30.1472s]
16/01/24 23:11:47| INFO        d_mul_kde_lr finished [took 1555.4654s]
16/01/24 23:12:07| INFO        doc finished [took 40.7542s]
16/01/24 23:12:11| INFO        d_mul_kde_lr_mc finished [took 1579.6452s]
16/01/24 23:17:53| INFO        d_bin_kde_lr_is finished [took 973.0017s]
16/01/24 23:20:56| INFO        d_bin_kde_lr_a finished [took 759.5849s]
16/01/24 23:20:57| INFO        d_m3w_kde_lr_ne finished [took 1190.3664s]
16/01/24 23:21:43| INFO        d_m3w_kde_lr_is finished [took 1154.9607s]
16/01/24 23:23:04| INFO        d_mul_kde_lr_is finished [took 1255.3315s]
16/01/24 23:27:29| INFO        d_mul_kde_lr_a finished [took 1115.3875s]
16/01/24 23:27:43| INFO        d_m3w_kde_lr_a finished [took 1075.4176s]
16/01/24 23:28:17| DEBUG       [size=11,place=1] best score = 0.01090240; best param = {'quantifier__classifier__C': 100.0, 'quantifier__classifier__class_weight': 'balanced', 'quantifier__bandwidth': 0.01, 'confidence': ['isoft']} [took 31.722s]
16/01/24 23:28:17| DEBUG       [size=11,place=2] best score = 0.01117432; best param = {'quantifier__classifier__C': 1000.0, 'quantifier__classifier__class_weight': 'balanced', 'quantifier__bandwidth': 0.04, 'confidence': ['max_conf', 'entropy', 'isoft']} [took 31.722s]
16/01/24 23:30:47| DEBUG       [size=56,place=1] best score = 0.01094987; best param = {'quantifier__classifier__C': 100.0, 'quantifier__classifier__class_weight': 'balanced', 'quantifier__bandwidth': 0.01, 'confidence': None} [took 150.502s]
16/01/24 23:30:47| DEBUG       [size=56,place=2] best score = 0.01101072; best param = {'quantifier__classifier__C': 100.0, 'quantifier__classifier__class_weight': 'balanced', 'quantifier__bandwidth': 0.01, 'confidence': ['max_conf', 'entropy', 'isoft']} [took 150.502s]
16/01/24 23:30:47| DEBUG       [BinaryQuantifierAccuracyEstimator] optimization finished: best params {'quantifier__classifier__C': 100.0, 'quantifier__classifier__class_weight': 'balanced', 'quantifier__bandwidth': 0.01, 'confidence': ['isoft']} (score=0.01090) [took 182.3316s]
16/01/24 23:36:49| INFO        d_bin_kde_lr_gs finished [took 544.2784s]
16/01/24 23:37:40| DEBUG       [size=11,place=1] best score = 0.01140454; best param = {'quantifier__classifier__C': 100.0, 'quantifier__classifier__class_weight': 'balanced', 'quantifier__bandwidth': 0.05, 'confidence': None} [took 49.834s]
16/01/24 23:37:40| DEBUG       [size=11,place=2] best score = 0.01201201; best param = {'quantifier__classifier__C': 1000.0, 'quantifier__classifier__class_weight': 'balanced', 'quantifier__bandwidth': 0.04, 'confidence': ['max_conf', 'entropy', 'isoft']} [took 49.834s]
16/01/24 23:41:35| DEBUG       [size=56,place=1] best score = 0.01130230; best param = {'quantifier__classifier__C': 100.0, 'quantifier__classifier__class_weight': 'balanced', 'quantifier__bandwidth': 0.04, 'confidence': None} [took 234.793s]
16/01/24 23:41:35| DEBUG       [size=56,place=2] best score = 0.01137749; best param = {'quantifier__classifier__C': 100.0, 'quantifier__classifier__class_weight': 'balanced', 'quantifier__bandwidth': 0.05, 'confidence': ['max_conf', 'entropy', 'isoft']} [took 234.793s]
16/01/24 23:43:48| DEBUG       [size=29,place=1] best score = 0.01129377; best param = {'quantifier__classifier__C': 100.0, 'quantifier__classifier__class_weight': 'balanced', 'quantifier__bandwidth': 0.04, 'confidence': ['isoft']} [took 133.435s]
16/01/24 23:43:48| DEBUG       [size=29,place=2] best score = 0.01139869; best param = {'quantifier__classifier__C': 10.0, 'quantifier__classifier__class_weight': 'balanced', 'quantifier__bandwidth': 0.04, 'confidence': None} [took 133.436s]
16/01/24 23:47:04| DEBUG       [size=42,place=1] best score = 0.01134791; best param = {'quantifier__classifier__C': 100.0, 'quantifier__classifier__class_weight': 'balanced', 'quantifier__bandwidth': 0.03, 'confidence': ['isoft']} [took 195.944s]
16/01/24 23:47:04| DEBUG       [size=42,place=2] best score = 0.01150284; best param = {'quantifier__classifier__C': 10.0, 'quantifier__classifier__class_weight': 'balanced', 'quantifier__bandwidth': 0.03, 'confidence': None} [took 195.944s]
16/01/24 23:47:05| DEBUG       [MultiClassAccuracyEstimator] optimization finished: best params {'quantifier__classifier__C': 100.0, 'quantifier__classifier__class_weight': 'balanced', 'quantifier__bandwidth': 0.04, 'confidence': ['isoft']} (score=0.01129) [took 614.1180s]
16/01/24 23:54:22| INFO        d_mul_kde_lr_gs finished [took 1051.1854s]
16/01/24 23:55:11| DEBUG       [size=11,place=1] best score = 0.01137540; best param = {'quantifier__classifier__C': 100.0, 'quantifier__classifier__class_weight': 'balanced', 'quantifier__bandwidth': 0.01, 'confidence': ['isoft']} [took 47.479s]
16/01/24 23:55:11| DEBUG       [size=11,place=2] best score = 0.01270582; best param = {'quantifier__classifier__C': 100.0, 'quantifier__classifier__class_weight': 'balanced', 'quantifier__bandwidth': 0.03, 'confidence': ['max_conf', 'entropy', 'isoft']} [took 47.480s]
16/01/24 23:58:40| DEBUG       [size=54,place=1] best score = 0.01115020; best param = {'quantifier__classifier__C': 100.0, 'quantifier__classifier__class_weight': 'balanced', 'quantifier__bandwidth': 0.01, 'confidence': ['max_conf', 'entropy', 'isoft']} [took 209.581s]
16/01/24 23:58:40| DEBUG       [size=54,place=2] best score = 0.01141607; best param = {'quantifier__classifier__C': 1000.0, 'quantifier__classifier__class_weight': 'balanced', 'quantifier__bandwidth': 0.01, 'confidence': ['isoft']} [took 209.581s]
17/01/24 00:00:26| DEBUG       [size=28,place=1] best score = 0.01157209; best param = {'quantifier__classifier__C': 100.0, 'quantifier__classifier__class_weight': None, 'quantifier__bandwidth': 0.01, 'confidence': ['max_conf', 'entropy', 'isoft']} [took 105.309s]
17/01/24 00:00:26| DEBUG       [size=28,place=2] best score = 0.01171997; best param = {'quantifier__classifier__C': 1000.0, 'quantifier__classifier__class_weight': 'balanced', 'quantifier__bandwidth': 0.01, 'confidence': None} [took 105.309s]
17/01/24 00:00:26| DEBUG       [MultiClassAccuracyEstimator] optimization finished: best params {'quantifier__classifier__C': 100.0, 'quantifier__classifier__class_weight': 'balanced', 'quantifier__bandwidth': 0.01, 'confidence': ['max_conf', 'entropy', 'isoft']} (score=0.01115) [took 362.4819s]
17/01/24 00:07:02| INFO        d_m3w_kde_lr_gs finished [took 758.8156s]
17/01/24 00:07:02| INFO     Dataset sample [0.7 0.3] of dataset imdb finished [took 4876.6860s]
17/01/24 00:07:02| INFO     Dataset sample [0.8 0.2] of dataset imdb started
17/01/24 00:28:54| INFO        d_bin_kde_lr finished [took 1307.8396s]
17/01/24 00:29:59| INFO        d_bin_kde_lr_mc finished [took 1372.7031s]
17/01/24 00:30:08| INFO        d_bin_kde_lr_c finished [took 1381.0399s]
17/01/24 00:30:09| INFO        d_bin_kde_lr_ne finished [took 1384.0641s]
17/01/24 00:33:05| INFO        d_m3w_kde_lr_c finished [took 1558.7949s]
17/01/24 00:34:49| INFO        d_m3w_kde_lr_mc finished [took 1662.4337s]
17/01/24 00:35:07| INFO        d_m3w_kde_lr finished [took 1680.1278s]
17/01/24 00:37:36| INFO        d_mul_kde_lr_ne finished [took 1829.2092s]
17/01/24 00:37:56| INFO        d_mul_kde_lr_mc finished [took 1848.9650s]
17/01/24 00:38:01| INFO        ref finished [took 23.7898s]
17/01/24 00:38:04| INFO        d_mul_kde_lr finished [took 1856.9602s]
17/01/24 00:38:18| INFO        d_mul_kde_lr_c finished [took 1871.1871s]
17/01/24 00:38:30| INFO        atc_mc finished [took 33.4839s]
17/01/24 00:38:41| INFO        doc finished [took 39.5479s]
17/01/24 00:48:25| INFO        d_bin_kde_lr_is finished [took 1105.2425s]
17/01/24 00:50:52| INFO        d_bin_kde_lr_a finished [took 1065.8448s]
17/01/24 00:50:56| INFO        d_m3w_kde_lr_ne finished [took 1321.3303s]
17/01/24 00:52:32| INFO        d_m3w_kde_lr_is finished [took 1342.7117s]
17/01/24 00:53:39| INFO        d_mul_kde_lr_is finished [took 1410.3013s]
17/01/24 00:57:29| INFO        d_m3w_kde_lr_a finished [took 1342.0411s]
17/01/24 00:58:38| INFO        d_mul_kde_lr_a finished [took 1427.9293s]
17/01/24 00:59:17| DEBUG       [size=11,place=1] best score = 0.00992434; best param = {'quantifier__classifier__C': 100.0, 'quantifier__classifier__class_weight': 'balanced', 'quantifier__bandwidth': 0.01, 'confidence': ['isoft']} [took 37.898s]
17/01/24 00:59:17| DEBUG       [size=11,place=2] best score = 0.01104820; best param = {'quantifier__classifier__C': 100.0, 'quantifier__classifier__class_weight': 'balanced', 'quantifier__bandwidth': 0.03, 'confidence': ['max_conf', 'entropy', 'isoft']} [took 37.899s]
17/01/24 01:02:07| DEBUG       [size=54,place=1] best score = 0.00990534; best param = {'quantifier__classifier__C': 10.0, 'quantifier__classifier__class_weight': 'balanced', 'quantifier__bandwidth': 0.01, 'confidence': ['isoft']} [took 169.958s]
17/01/24 01:02:07| DEBUG       [size=54,place=2] best score = 0.01003389; best param = {'quantifier__classifier__C': 100.0, 'quantifier__classifier__class_weight': 'balanced', 'quantifier__bandwidth': 0.01, 'confidence': None} [took 169.958s]
17/01/24 01:04:33| DEBUG       [size=45,place=1] best score = 0.01002810; best param = {'quantifier__classifier__C': 10.0, 'quantifier__classifier__class_weight': 'balanced', 'quantifier__bandwidth': 0.01, 'confidence': ['max_conf', 'entropy', 'isoft']} [took 145.536s]
17/01/24 01:04:33| DEBUG       [size=45,place=2] best score = 0.01006582; best param = {'quantifier__classifier__C': 1000.0, 'quantifier__classifier__class_weight': 'balanced', 'quantifier__bandwidth': 0.01, 'confidence': None} [took 145.537s]
17/01/24 01:04:33| DEBUG       [BinaryQuantifierAccuracyEstimator] optimization finished: best params {'quantifier__classifier__C': 10.0, 'quantifier__classifier__class_weight': 'balanced', 'quantifier__bandwidth': 0.01, 'confidence': ['isoft']} (score=0.00991) [took 353.5035s]
17/01/24 01:11:52| INFO        d_bin_kde_lr_gs finished [took 792.4804s]
17/01/24 01:12:42| DEBUG       [size=11,place=1] best score = 0.01046577; best param = {'quantifier__classifier__C': 100.0, 'quantifier__classifier__class_weight': 'balanced', 'quantifier__bandwidth': 0.03, 'confidence': ['max_conf', 'entropy', 'isoft']} [took 49.581s]
17/01/24 01:12:42| DEBUG       [size=11,place=2] best score = 0.01217430; best param = {'quantifier__classifier__C': 100.0, 'quantifier__classifier__class_weight': 'balanced', 'quantifier__bandwidth': 0.05, 'confidence': None} [took 49.581s]
17/01/24 01:16:33| DEBUG       [size=54,place=1] best score = 0.01016588; best param = {'quantifier__classifier__C': 100.0, 'quantifier__classifier__class_weight': 'balanced', 'quantifier__bandwidth': 0.02, 'confidence': ['max_conf', 'entropy', 'isoft']} [took 230.678s]
17/01/24 01:16:33| DEBUG       [size=54,place=2] best score = 0.01070274; best param = {'quantifier__classifier__C': 100.0, 'quantifier__classifier__class_weight': None, 'quantifier__bandwidth': 0.03, 'confidence': ['max_conf', 'entropy', 'isoft']} [took 230.679s]
17/01/24 01:19:04| DEBUG       [size=34,place=1] best score = 0.00972739; best param = {'quantifier__classifier__C': 100.0, 'quantifier__classifier__class_weight': None, 'quantifier__bandwidth': 0.02, 'confidence': ['max_conf', 'entropy', 'isoft']} [took 151.293s]
17/01/24 01:19:04| DEBUG       [size=34,place=2] best score = 0.01059127; best param = {'quantifier__classifier__C': 100.0, 'quantifier__classifier__class_weight': None, 'quantifier__bandwidth': 0.03, 'confidence': ['isoft']} [took 151.294s]
17/01/24 01:21:23| DEBUG       [size=32,place=1] best score = 0.00969686; best param = {'quantifier__classifier__C': 100.0, 'quantifier__classifier__class_weight': None, 'quantifier__bandwidth': 0.02, 'confidence': ['isoft']} [took 139.107s]
17/01/24 01:21:23| DEBUG       [size=32,place=2] best score = 0.01058915; best param = {'quantifier__classifier__C': 1000.0, 'quantifier__classifier__class_weight': None, 'quantifier__bandwidth': 0.02, 'confidence': ['max_conf', 'entropy', 'isoft']} [took 139.107s]
17/01/24 01:23:23| DEBUG       [size=25,place=1] best score = 0.01122019; best param = {'quantifier__classifier__C': 10.0, 'quantifier__classifier__class_weight': None, 'quantifier__bandwidth': 0.02, 'confidence': ['isoft']} [took 119.413s]
17/01/24 01:23:23| DEBUG       [size=25,place=2] best score = 0.01211972; best param = {'quantifier__classifier__C': 1000.0, 'quantifier__classifier__class_weight': None, 'quantifier__bandwidth': 0.02, 'confidence': None} [took 119.414s]
17/01/24 01:23:23| DEBUG       [MultiClassAccuracyEstimator] optimization finished: best params {'quantifier__classifier__C': 100.0, 'quantifier__classifier__class_weight': None, 'quantifier__bandwidth': 0.02, 'confidence': ['isoft']} (score=0.00970) [took 690.1894s]
17/01/24 01:32:03| INFO        d_mul_kde_lr_gs finished [took 1210.3171s]
17/01/24 01:32:51| DEBUG       [size=11,place=1] best score = 0.00947145; best param = {'quantifier__classifier__C': 100.0, 'quantifier__classifier__class_weight': 'balanced', 'quantifier__bandwidth': 0.03, 'confidence': ['max_conf', 'entropy', 'isoft']} [took 47.282s]
17/01/24 01:32:51| DEBUG       [size=11,place=2] best score = 0.00986256; best param = {'quantifier__classifier__C': 1000.0, 'quantifier__classifier__class_weight': 'balanced', 'quantifier__bandwidth': 0.04, 'confidence': ['max_conf', 'entropy', 'isoft']} [took 47.282s]
17/01/24 01:36:27| DEBUG       [size=54,place=1] best score = 0.00917678; best param = {'quantifier__classifier__C': 100.0, 'quantifier__classifier__class_weight': 'balanced', 'quantifier__bandwidth': 0.03, 'confidence': None} [took 215.694s]
17/01/24 01:36:27| DEBUG       [size=54,place=2] best score = 0.00935714; best param = {'quantifier__classifier__C': 1000.0, 'quantifier__classifier__class_weight': 'balanced', 'quantifier__bandwidth': 0.04, 'confidence': None} [took 215.695s]
17/01/24 01:39:36| DEBUG       [size=49,place=1] best score = 0.00893980; best param = {'quantifier__classifier__C': 100.0, 'quantifier__classifier__class_weight': 'balanced', 'quantifier__bandwidth': 0.02, 'confidence': None} [took 189.432s]
17/01/24 01:39:36| DEBUG       [size=49,place=2] best score = 0.00908884; best param = {'quantifier__classifier__C': 1000.0, 'quantifier__classifier__class_weight': 'balanced', 'quantifier__bandwidth': 0.02, 'confidence': None} [took 189.432s]
17/01/24 01:40:12| DEBUG       [size=9,place=1] best score = 0.00909583; best param = {'quantifier__classifier__C': 10.0, 'quantifier__classifier__class_weight': 'balanced', 'quantifier__bandwidth': 0.02, 'confidence': None} [took 35.624s]
17/01/24 01:40:12| DEBUG       [size=9,place=2] best score = 0.00946370; best param = {'quantifier__classifier__C': 1.0, 'quantifier__classifier__class_weight': 'balanced', 'quantifier__bandwidth': 0.02, 'confidence': None} [took 35.624s]
17/01/24 01:40:12| DEBUG       [MultiClassAccuracyEstimator] optimization finished: best params {'quantifier__classifier__C': 100.0, 'quantifier__classifier__class_weight': 'balanced', 'quantifier__bandwidth': 0.02, 'confidence': None} (score=0.00894) [took 488.1469s]
17/01/24 01:48:10| INFO        d_m3w_kde_lr_gs finished [took 966.3752s]
17/01/24 01:48:10| INFO     Dataset sample [0.8 0.2] of dataset imdb finished [took 6067.9090s]
17/01/24 01:48:10| INFO     Dataset sample [0.9 0.1] of dataset imdb started
17/01/24 02:13:24| INFO        d_m3w_kde_lr_mc finished [took 1509.5435s]
17/01/24 02:15:19| INFO        d_bin_kde_lr_ne finished [took 1624.6952s]
17/01/24 02:15:31| INFO        d_bin_kde_lr_mc finished [took 1636.0424s]
17/01/24 02:15:44| INFO        d_bin_kde_lr_c finished [took 1649.4106s]
17/01/24 02:15:46| INFO        d_bin_kde_lr finished [took 1651.2307s]
17/01/24 02:16:25| INFO        d_m3w_kde_lr finished [took 1690.3548s]
17/01/24 02:16:28| INFO        d_m3w_kde_lr_c finished [took 1694.8955s]
17/01/24 02:17:23| INFO        d_mul_kde_lr_ne finished [took 1748.0623s]
17/01/24 02:17:39| INFO        ref finished [took 16.3416s]
17/01/24 02:18:03| INFO        atc_mc finished [took 22.9380s]
17/01/24 02:18:31| INFO        doc finished [took 27.8407s]
17/01/24 02:19:01| INFO        d_mul_kde_lr_mc finished [took 1846.7447s]
17/01/24 02:19:08| INFO        d_mul_kde_lr finished [took 1853.1850s]
17/01/24 02:19:28| INFO        d_mul_kde_lr_c finished [took 1874.1520s]
17/01/24 02:35:04| INFO        d_bin_kde_lr_is finished [took 1184.1655s]
17/01/24 02:35:41| INFO        d_bin_kde_lr_a finished [took 1195.0389s]
17/01/24 02:37:00| INFO        d_m3w_kde_lr_is finished [took 1276.0146s]
17/01/24 02:37:26| INFO        d_m3w_kde_lr_a finished [took 1257.6028s]
17/01/24 02:38:46| INFO        d_mul_kde_lr_a finished [took 1340.2308s]
17/01/24 02:39:53| INFO        d_m3w_kde_lr_ne finished [took 1588.1555s]
17/01/24 02:42:48| INFO        d_mul_kde_lr_is finished [took 1636.6164s]
17/01/24 02:43:24| WARNING     Method d_bin_kde_lr_gs failed. Exception: no combination of hyperparameters seem to work
17/01/24 02:44:14| DEBUG       [size=11,place=1] best score = 0.01455450; best param = {'quantifier__classifier__C': 1.0, 'quantifier__classifier__class_weight': None, 'quantifier__bandwidth': 0.060000000000000005, 'confidence': None} [took 49.112s]
17/01/24 02:44:14| DEBUG       [size=11,place=2] best score = 0.01900036; best param = {'quantifier__classifier__C': 100.0, 'quantifier__classifier__class_weight': None, 'quantifier__bandwidth': 0.15000000000000002, 'confidence': None} [took 49.113s]
17/01/24 02:48:15| DEBUG       [size=53,place=1] best score = 0.00865364; best param = {'quantifier__classifier__C': 1.0, 'quantifier__classifier__class_weight': None, 'quantifier__bandwidth': 0.01, 'confidence': None} [took 240.997s]
17/01/24 02:48:15| DEBUG       [size=53,place=2] best score = 0.01088000; best param = {'quantifier__classifier__C': 1.0, 'quantifier__classifier__class_weight': None, 'quantifier__bandwidth': 0.02, 'confidence': None} [took 240.998s]
17/01/24 02:49:30| DEBUG       [size=16,place=1] best score = 0.01168638; best param = {'quantifier__classifier__C': 1.0, 'quantifier__classifier__class_weight': None, 'quantifier__bandwidth': 0.02, 'confidence': ['isoft']} [took 74.962s]
17/01/24 02:49:30| DEBUG       [size=16,place=2] best score = 0.01728812; best param = {'quantifier__classifier__C': 0.01, 'quantifier__classifier__class_weight': None, 'quantifier__bandwidth': 0.01, 'confidence': None} [took 74.963s]
17/01/24 02:49:30| DEBUG       [MultiClassAccuracyEstimator] optimization finished: best params {'quantifier__classifier__C': 1.0, 'quantifier__classifier__class_weight': None, 'quantifier__bandwidth': 0.01, 'confidence': None} (score=0.00865) [took 365.1839s]
17/01/24 02:58:17| INFO        d_mul_kde_lr_gs finished [took 891.6035s]
17/01/24 02:59:05| DEBUG       [size=11,place=1] best score = 0.00922996; best param = {'quantifier__classifier__C': 100.0, 'quantifier__classifier__class_weight': 'balanced', 'quantifier__bandwidth': 0.01, 'confidence': ['isoft']} [took 47.839s]
17/01/24 02:59:05| DEBUG       [size=11,place=2] best score = 0.01119038; best param = {'quantifier__classifier__C': 100.0, 'quantifier__classifier__class_weight': None, 'quantifier__bandwidth': 0.04, 'confidence': None} [took 47.840s]
17/01/24 03:02:48| DEBUG       [size=55,place=1] best score = 0.00983987; best param = {'quantifier__classifier__C': 1000.0, 'quantifier__classifier__class_weight': 'balanced', 'quantifier__bandwidth': 0.01, 'confidence': ['isoft']} [took 222.328s]
17/01/24 03:02:48| DEBUG       [size=55,place=2] best score = 0.01049583; best param = {'quantifier__classifier__C': 10.0, 'quantifier__classifier__class_weight': 'balanced', 'quantifier__bandwidth': 0.01, 'confidence': ['isoft']} [took 222.328s]
17/01/24 03:02:48| DEBUG       [MultiClassAccuracyEstimator] optimization finished: best params {'quantifier__classifier__C': 100.0, 'quantifier__classifier__class_weight': 'balanced', 'quantifier__bandwidth': 0.01, 'confidence': ['isoft']} (score=0.00923) [took 270.2747s]
17/01/24 03:11:24| INFO        d_m3w_kde_lr_gs finished [took 786.5885s]
17/01/24 03:11:24| INFO     Dataset sample [0.9 0.1] of dataset imdb finished [took 4993.7722s]
