----------------------------------------------------------------------------------------------------
20/12/23 12:57:37| INFO     dataset imdb [pool size: 10]
20/12/23 12:57:37| INFO     Dataset sample [0.0999 0.9001] of dataset imdb started
20/12/23 12:58:43| INFO        mul_sld_lr_ne finished [took 61.5972s]
20/12/23 12:58:49| INFO        mul_sld_lr_mc finished [took 66.5722s]
20/12/23 12:58:56| INFO        m3w_sld_lr_c finished [took 74.3243s]
20/12/23 12:59:00| INFO        m3w_sld_lr_mc finished [took 78.3083s]
20/12/23 12:59:01| INFO        mul_sld_lr_c finished [took 78.8319s]
20/12/23 12:59:02| INFO        m3w_sld_lr finished [took 81.9795s]
20/12/23 12:59:16| INFO        bin_sld_lr_ne finished [took 94.3888s]
20/12/23 12:59:17| INFO        bin_sld_lr_c finished [took 95.5348s]
20/12/23 12:59:19| INFO        bin_sld_lr finished [took 96.9337s]
20/12/23 12:59:19| INFO        bin_sld_lr_mc finished [took 97.4236s]
20/12/23 12:59:22| INFO        mul_sld_lr finished [took 100.3872s]
20/12/23 12:59:30| INFO        ref finished [took 27.7916s]
20/12/23 12:59:32| INFO        m3w_sld_lr_ne finished [took 48.2242s]
20/12/23 12:59:36| INFO        atc_mc finished [took 33.1297s]
20/12/23 12:59:45| INFO        mul_sld_lr_is finished [took 47.7947s]
20/12/23 12:59:48| INFO        m3w_sld_lr_is finished [took 46.7013s]
20/12/23 12:59:49| INFO        doc finished [took 31.7951s]
20/12/23 12:59:49| INFO        bin_sld_lr_is finished [took 59.8902s]
20/12/23 13:00:20| DEBUG       [BinaryQuantifierAccuracyEstimator] optimization finished: best params {'quantifier__classifier__C': 1.0, 'quantifier__classifier__class_weight': None, 'quantifier__recalib': None, 'confidence': ['isoft']} (score=0.01318) [took 29.8630s]
20/12/23 13:01:03| INFO        bin_sld_lr_gs finished [took 72.6775s]
20/12/23 13:07:15| DEBUG       [MultiClassAccuracyEstimator] optimization finished: best params {'quantifier__classifier__C': 1.0, 'quantifier__classifier__class_weight': None, 'quantifier__recalib': None, 'confidence': ['isoft']} (score=0.02635) [took 370.9504s]
20/12/23 13:07:44| INFO        mul_sld_lr_gs finished [took 399.8188s]
20/12/23 13:12:24| DEBUG       [MultiClassAccuracyEstimator] optimization finished: best params {'quantifier__classifier__C': 1.0, 'quantifier__classifier__class_weight': 'balanced', 'quantifier__recalib': 'bcts', 'confidence': ['isoft']} (score=0.00803) [took 279.5130s]
20/12/23 13:12:50| INFO        m3w_sld_lr_gs finished [took 305.9039s]
20/12/23 13:12:50| INFO     Dataset sample [0.0999 0.9001] of dataset imdb finished [took 912.9335s]
20/12/23 13:12:50| INFO     Dataset sample [0.2 0.8] of dataset imdb started
20/12/23 13:13:47| INFO        mul_sld_lr_ne finished [took 55.3158s]
20/12/23 13:14:05| INFO        m3w_sld_lr finished [took 71.6230s]
20/12/23 13:14:05| INFO        m3w_sld_lr_c finished [took 71.9126s]
20/12/23 13:14:06| INFO        m3w_sld_lr_mc finished [took 73.5165s]
20/12/23 13:14:21| INFO        mul_sld_lr_c finished [took 88.4809s]
20/12/23 13:14:25| INFO        mul_sld_lr_mc finished [took 92.3296s]
20/12/23 13:14:26| INFO        mul_sld_lr finished [took 92.6885s]
20/12/23 13:14:41| INFO        bin_sld_lr_ne finished [took 108.5111s]
20/12/23 13:14:43| INFO        ref finished [took 21.1075s]
20/12/23 13:14:44| INFO        bin_sld_lr finished [took 111.3396s]
20/12/23 13:14:44| INFO        bin_sld_lr_c finished [took 111.5351s]
20/12/23 13:14:45| INFO        bin_sld_lr_mc finished [took 112.0581s]
20/12/23 13:14:45| INFO        m3w_sld_lr_ne finished [took 57.1689s]
20/12/23 13:14:56| INFO        m3w_sld_lr_is finished [took 48.5919s]
20/12/23 13:15:00| INFO        atc_mc finished [took 33.1402s]
20/12/23 13:15:05| INFO        doc finished [took 37.9058s]
20/12/23 13:15:06| INFO        mul_sld_lr_is finished [took 59.6382s]
20/12/23 13:15:15| INFO        bin_sld_lr_is finished [took 69.0864s]
20/12/23 13:17:04| DEBUG       [BinaryQuantifierAccuracyEstimator] optimization finished: best params {'quantifier__classifier__C': 1.0, 'quantifier__classifier__class_weight': None, 'quantifier__recalib': None, 'confidence': ['isoft']} (score=0.01156) [took 107.5397s]
20/12/23 13:17:50| INFO        bin_sld_lr_gs finished [took 153.4144s]
20/12/23 13:24:28| DEBUG       [MultiClassAccuracyEstimator] optimization finished: best params {'quantifier__classifier__C': 1000.0, 'quantifier__classifier__class_weight': None, 'quantifier__recalib': 'bcts', 'confidence': ['max_conf', 'entropy']} (score=0.00699) [took 396.2412s]
20/12/23 13:24:55| INFO        mul_sld_lr_gs finished [took 423.3101s]
20/12/23 13:29:38| DEBUG       [MultiClassAccuracyEstimator] optimization finished: best params {'quantifier__classifier__C': 1.0, 'quantifier__classifier__class_weight': None, 'quantifier__recalib': 'bcts', 'confidence': ['isoft']} (score=0.00820) [took 281.9755s]
20/12/23 13:30:04| INFO        m3w_sld_lr_gs finished [took 308.0762s]
20/12/23 13:30:04| INFO     Dataset sample [0.2 0.8] of dataset imdb finished [took 1033.6609s]
20/12/23 13:30:04| INFO     Dataset sample [0.3 0.7] of dataset imdb started
20/12/23 13:30:56| INFO        m3w_sld_lr_mc finished [took 49.0218s]
20/12/23 13:31:19| INFO        m3w_sld_lr finished [took 73.2455s]
20/12/23 13:31:22| INFO        m3w_sld_lr_c finished [took 75.5310s]
20/12/23 13:31:28| INFO        bin_sld_lr_ne finished [took 81.7957s]
20/12/23 13:31:36| INFO        mul_sld_lr_c finished [took 89.7612s]
20/12/23 13:31:40| INFO        bin_sld_lr finished [took 93.1285s]
20/12/23 13:31:41| INFO        bin_sld_lr_mc finished [took 94.1974s]
20/12/23 13:31:41| INFO        mul_sld_lr_mc finished [took 94.3873s]
20/12/23 13:31:42| INFO        bin_sld_lr_c finished [took 95.0842s]
20/12/23 13:31:42| INFO        mul_sld_lr_ne finished [took 95.2740s]
20/12/23 13:31:42| INFO        mul_sld_lr finished [took 95.4009s]
20/12/23 13:31:56| INFO        m3w_sld_lr_ne finished [took 59.9080s]
20/12/23 13:31:57| INFO        ref finished [took 19.8839s]
20/12/23 13:32:11| INFO        m3w_sld_lr_is finished [took 42.0596s]
20/12/23 13:32:12| INFO        atc_mc finished [took 31.0658s]
20/12/23 13:32:13| INFO        doc finished [took 30.8967s]
20/12/23 13:32:14| INFO        bin_sld_lr_is finished [took 54.0571s]
20/12/23 13:32:17| INFO        mul_sld_lr_is finished [took 53.6782s]
20/12/23 13:34:14| DEBUG       [BinaryQuantifierAccuracyEstimator] optimization finished: best params {'quantifier__classifier__C': 100.0, 'quantifier__classifier__class_weight': 'balanced', 'quantifier__recalib': None, 'confidence': ['isoft']} (score=0.02132) [took 115.4154s]
20/12/23 13:34:41| INFO        bin_sld_lr_gs finished [took 142.7203s]
20/12/23 13:41:27| DEBUG       [MultiClassAccuracyEstimator] optimization finished: best params {'quantifier__classifier__C': 0.1, 'quantifier__classifier__class_weight': 'balanced', 'quantifier__recalib': 'bcts', 'confidence': ['isoft']} (score=0.01141) [took 404.2205s]
20/12/23 13:42:01| INFO        mul_sld_lr_gs finished [took 437.7023s]
20/12/23 13:46:45| DEBUG       [MultiClassAccuracyEstimator] optimization finished: best params {'quantifier__classifier__C': 0.1, 'quantifier__classifier__class_weight': 'balanced', 'quantifier__recalib': 'bcts', 'confidence': ['isoft']} (score=0.01210) [took 283.6187s]
20/12/23 13:47:12| INFO        m3w_sld_lr_gs finished [took 310.0392s]
20/12/23 13:47:12| INFO     Dataset sample [0.3 0.7] of dataset imdb finished [took 1027.6413s]
20/12/23 13:47:12| INFO     Dataset sample [0.3999 0.6001] of dataset imdb started
20/12/23 13:48:07| INFO        m3w_sld_lr finished [took 53.2237s]
20/12/23 13:48:26| INFO        mul_sld_lr_mc finished [took 72.6366s]
20/12/23 13:48:30| INFO        m3w_sld_lr_c finished [took 76.7641s]
20/12/23 13:48:31| INFO        m3w_sld_lr_mc finished [took 77.4121s]
20/12/23 13:48:45| INFO        bin_sld_lr_c finished [took 91.0904s]
20/12/23 13:48:45| INFO        bin_sld_lr finished [took 91.2440s]
20/12/23 13:48:45| INFO        bin_sld_lr_mc finished [took 91.4866s]
20/12/23 13:48:47| INFO        bin_sld_lr_ne finished [took 92.8826s]
20/12/23 13:48:49| INFO        mul_sld_lr_c finished [took 95.7058s]
20/12/23 13:48:50| INFO        mul_sld_lr finished [took 96.1242s]
20/12/23 13:48:52| INFO        mul_sld_lr_ne finished [took 98.4242s]
20/12/23 13:49:07| INFO        ref finished [took 21.0760s]
20/12/23 13:49:13| INFO        m3w_sld_lr_ne finished [took 64.6431s]
20/12/23 13:49:13| INFO        m3w_sld_lr_is finished [took 41.0709s]
20/12/23 13:49:19| INFO        doc finished [took 32.8207s]
20/12/23 13:49:20| INFO        atc_mc finished [took 34.2113s]
20/12/23 13:49:22| INFO        bin_sld_lr_is finished [took 55.2599s]
20/12/23 13:49:25| INFO        mul_sld_lr_is finished [took 53.5033s]
20/12/23 13:51:29| DEBUG       [BinaryQuantifierAccuracyEstimator] optimization finished: best params {'quantifier__classifier__C': 1.0, 'quantifier__classifier__class_weight': 'balanced', 'quantifier__recalib': 'bcts', 'confidence': ['max_conf', 'entropy']} (score=0.01159) [took 123.0165s]
20/12/23 13:52:03| INFO        bin_sld_lr_gs finished [took 156.6800s]
20/12/23 13:58:45| DEBUG       [MultiClassAccuracyEstimator] optimization finished: best params {'quantifier__classifier__C': 10.0, 'quantifier__classifier__class_weight': 'balanced', 'quantifier__recalib': 'bcts', 'confidence': ['max_conf', 'entropy']} (score=0.00970) [took 401.1039s]
20/12/23 13:59:16| INFO        mul_sld_lr_gs finished [took 431.9059s]
20/12/23 14:03:57| DEBUG       [MultiClassAccuracyEstimator] optimization finished: best params {'quantifier__classifier__C': 0.1, 'quantifier__classifier__class_weight': 'balanced', 'quantifier__recalib': 'bcts', 'confidence': ['isoft']} (score=0.01192) [took 280.1688s]
20/12/23 14:04:24| INFO        m3w_sld_lr_gs finished [took 306.9035s]
20/12/23 14:04:24| INFO     Dataset sample [0.3999 0.6001] of dataset imdb finished [took 1031.7954s]
20/12/23 14:04:24| INFO     Dataset sample [0.5 0.5] of dataset imdb started
20/12/23 14:05:17| INFO        m3w_sld_lr_mc finished [took 52.2912s]
20/12/23 14:05:36| INFO        bin_sld_lr_mc finished [took 69.8062s]
20/12/23 14:05:40| INFO        m3w_sld_lr finished [took 73.8214s]
20/12/23 14:05:43| INFO        m3w_sld_lr_c finished [took 77.2894s]
20/12/23 14:05:54| INFO        bin_sld_lr finished [took 88.4124s]
20/12/23 14:05:55| INFO        bin_sld_lr_c finished [took 89.1350s]
20/12/23 14:05:56| INFO        bin_sld_lr_ne finished [took 89.8130s]
20/12/23 14:06:05| INFO        mul_sld_lr_c finished [took 98.7963s]
20/12/23 14:06:05| INFO        mul_sld_lr finished [took 99.3412s]
20/12/23 14:06:06| INFO        mul_sld_lr_ne finished [took 100.2525s]
20/12/23 14:06:07| INFO        mul_sld_lr_mc finished [took 100.7116s]
20/12/23 14:06:16| INFO        m3w_sld_lr_ne finished [took 57.3504s]
20/12/23 14:06:20| INFO        ref finished [took 24.1428s]
20/12/23 14:06:25| INFO        atc_mc finished [took 28.8437s]
20/12/23 14:06:31| INFO        m3w_sld_lr_is finished [took 45.9947s]
20/12/23 14:06:32| INFO        doc finished [took 35.5417s]
20/12/23 14:06:34| INFO        bin_sld_lr_is finished [took 57.6674s]
20/12/23 14:06:39| INFO        mul_sld_lr_is finished [took 58.2544s]
20/12/23 14:08:42| DEBUG       [BinaryQuantifierAccuracyEstimator] optimization finished: best params {'quantifier__classifier__C': 10.0, 'quantifier__classifier__class_weight': 'balanced', 'quantifier__recalib': 'bcts', 'confidence': ['max_conf', 'entropy']} (score=0.00941) [took 122.2190s]
20/12/23 14:09:13| INFO        bin_sld_lr_gs finished [took 153.1763s]
20/12/23 14:15:48| DEBUG       [MultiClassAccuracyEstimator] optimization finished: best params {'quantifier__classifier__C': 1.0, 'quantifier__classifier__class_weight': None, 'quantifier__recalib': 'bcts', 'confidence': ['max_conf', 'entropy']} (score=0.00887) [took 393.7488s]
20/12/23 14:16:21| INFO        mul_sld_lr_gs finished [took 426.2199s]
20/12/23 14:21:03| DEBUG       [MultiClassAccuracyEstimator] optimization finished: best params {'quantifier__classifier__C': 0.1, 'quantifier__classifier__class_weight': 'balanced', 'quantifier__recalib': 'bcts', 'confidence': ['isoft']} (score=0.01015) [took 280.7741s]
20/12/23 14:21:29| INFO        m3w_sld_lr_gs finished [took 307.1111s]
20/12/23 14:21:29| INFO     Dataset sample [0.5 0.5] of dataset imdb finished [took 1025.5560s]
20/12/23 14:21:29| INFO     Dataset sample [0.5999 0.4001] of dataset imdb started
20/12/23 14:22:29| INFO        m3w_sld_lr_mc finished [took 57.9305s]
20/12/23 14:22:44| INFO        m3w_sld_lr_c finished [took 72.9865s]
20/12/23 14:22:46| INFO        m3w_sld_lr finished [took 74.2347s]
20/12/23 14:22:52| INFO        bin_sld_lr_mc finished [took 80.5209s]
20/12/23 14:22:59| INFO        mul_sld_lr_c finished [took 87.3228s]
20/12/23 14:23:00| INFO        bin_sld_lr_ne finished [took 89.9164s]
20/12/23 14:23:04| INFO        bin_sld_lr_c finished [took 92.0986s]
20/12/23 14:23:04| INFO        bin_sld_lr finished [took 92.6462s]
20/12/23 14:23:10| INFO        mul_sld_lr_mc finished [took 98.8911s]
20/12/23 14:23:12| INFO        mul_sld_lr finished [took 100.7186s]
20/12/23 14:23:12| INFO        mul_sld_lr_ne finished [took 100.9044s]
20/12/23 14:23:26| INFO        m3w_sld_lr_ne finished [took 55.5418s]
20/12/23 14:23:29| INFO        atc_mc finished [took 27.2816s]
20/12/23 14:23:30| INFO        ref finished [took 29.7246s]
20/12/23 14:23:36| INFO        m3w_sld_lr_is finished [took 42.9390s]
20/12/23 14:23:39| INFO        doc finished [took 34.1907s]
20/12/23 14:23:40| INFO        bin_sld_lr_is finished [took 54.2937s]
20/12/23 14:23:49| INFO        mul_sld_lr_is finished [took 62.2669s]
20/12/23 14:25:51| DEBUG       [BinaryQuantifierAccuracyEstimator] optimization finished: best params {'quantifier__classifier__C': 1.0, 'quantifier__classifier__class_weight': None, 'quantifier__recalib': 'bcts', 'confidence': None} (score=0.01176) [took 120.4543s]
20/12/23 14:26:21| INFO        bin_sld_lr_gs finished [took 150.5546s]
20/12/23 14:32:58| DEBUG       [MultiClassAccuracyEstimator] optimization finished: best params {'quantifier__classifier__C': 1.0, 'quantifier__classifier__class_weight': 'balanced', 'quantifier__recalib': 'bcts', 'confidence': ['max_conf', 'entropy']} (score=0.01017) [took 396.1827s]
20/12/23 14:33:28| INFO        mul_sld_lr_gs finished [took 426.2252s]
20/12/23 14:38:09| DEBUG       [MultiClassAccuracyEstimator] optimization finished: best params {'quantifier__classifier__C': 1000.0, 'quantifier__classifier__class_weight': None, 'quantifier__recalib': 'bcts', 'confidence': None} (score=0.01265) [took 279.6761s]
20/12/23 14:38:35| INFO        m3w_sld_lr_gs finished [took 305.4313s]
20/12/23 14:38:35| INFO     Dataset sample [0.5999 0.4001] of dataset imdb finished [took 1025.8285s]
20/12/23 14:38:35| INFO     Dataset sample [0.7 0.3] of dataset imdb started
20/12/23 14:39:51| INFO        m3w_sld_lr finished [took 72.2676s]
20/12/23 14:39:53| INFO        m3w_sld_lr_c finished [took 74.5979s]
20/12/23 14:39:54| INFO        m3w_sld_lr_mc finished [took 75.6343s]
20/12/23 14:39:58| INFO        mul_sld_lr_ne finished [took 79.3095s]
20/12/23 14:39:59| INFO        bin_sld_lr_c finished [took 80.7520s]
20/12/23 14:40:03| INFO        mul_sld_lr_c finished [took 85.7378s]
20/12/23 14:40:13| INFO        bin_sld_lr finished [took 94.3908s]
20/12/23 14:40:15| INFO        bin_sld_lr_ne finished [took 96.1701s]
20/12/23 14:40:16| INFO        mul_sld_lr finished [took 97.8098s]
20/12/23 14:40:17| INFO        mul_sld_lr_mc finished [took 98.1503s]
20/12/23 14:40:17| INFO        bin_sld_lr_mc finished [took 98.3429s]
20/12/23 14:40:27| INFO        ref finished [took 25.9635s]
20/12/23 14:40:36| INFO        atc_mc finished [took 31.6787s]
20/12/23 14:40:42| INFO        m3w_sld_lr_is finished [took 43.1021s]
20/12/23 14:40:45| INFO        m3w_sld_lr_ne finished [took 52.3973s]
20/12/23 14:40:45| INFO        doc finished [took 31.4426s]
20/12/23 14:40:52| INFO        mul_sld_lr_is finished [took 56.1409s]
20/12/23 14:40:53| INFO        bin_sld_lr_is finished [took 58.4470s]
20/12/23 14:42:49| DEBUG       [BinaryQuantifierAccuracyEstimator] optimization finished: best params {'quantifier__classifier__C': 1.0, 'quantifier__classifier__class_weight': 'balanced', 'quantifier__recalib': 'bcts', 'confidence': ['isoft']} (score=0.01045) [took 113.7432s]
20/12/23 14:43:21| INFO        bin_sld_lr_gs finished [took 145.3702s]
20/12/23 14:49:58| DEBUG       [MultiClassAccuracyEstimator] optimization finished: best params {'quantifier__classifier__C': 10.0, 'quantifier__classifier__class_weight': 'balanced', 'quantifier__recalib': 'bcts', 'confidence': None} (score=0.00935) [took 394.8346s]
20/12/23 14:50:28| INFO        mul_sld_lr_gs finished [took 424.8915s]
20/12/23 14:55:11| DEBUG       [MultiClassAccuracyEstimator] optimization finished: best params {'quantifier__classifier__C': 1.0, 'quantifier__classifier__class_weight': 'balanced', 'quantifier__recalib': 'bcts', 'confidence': ['max_conf', 'entropy']} (score=0.00992) [took 281.8799s]
20/12/23 14:55:37| INFO        m3w_sld_lr_gs finished [took 307.8978s]
20/12/23 14:55:37| INFO     Dataset sample [0.7 0.3] of dataset imdb finished [took 1022.3741s]
20/12/23 14:55:37| INFO     Dataset sample [0.8 0.2] of dataset imdb started
20/12/23 14:56:50| INFO        m3w_sld_lr_c finished [took 70.2491s]
20/12/23 14:56:50| INFO        m3w_sld_lr finished [took 70.7592s]
20/12/23 14:56:50| INFO        m3w_sld_lr_mc finished [took 70.9571s]
20/12/23 14:57:02| INFO        bin_sld_lr_ne finished [took 82.4217s]
20/12/23 14:57:24| INFO        mul_sld_lr_ne finished [took 105.1769s]
20/12/23 14:57:24| INFO        bin_sld_lr_c finished [took 104.7578s]
20/12/23 14:57:34| INFO        bin_sld_lr finished [took 114.2722s]
20/12/23 14:57:35| INFO        mul_sld_lr_mc finished [took 115.0477s]
20/12/23 14:57:35| INFO        mul_sld_lr_c finished [took 115.8676s]
20/12/23 14:57:40| INFO        bin_sld_lr_mc finished [took 120.3269s]
20/12/23 14:57:41| INFO        mul_sld_lr finished [took 121.8233s]
20/12/23 14:57:46| INFO        m3w_sld_lr_ne finished [took 55.6325s]
20/12/23 14:57:53| INFO        ref finished [took 27.8797s]
20/12/23 14:57:57| INFO        m3w_sld_lr_is finished [took 54.0425s]
20/12/23 14:57:57| INFO        atc_mc finished [took 32.1460s]
20/12/23 14:58:05| INFO        doc finished [took 31.0140s]
20/12/23 14:58:07| INFO        mul_sld_lr_is finished [took 75.0690s]
20/12/23 14:58:11| INFO        bin_sld_lr_is finished [took 79.6194s]
20/12/23 14:59:54| DEBUG       [BinaryQuantifierAccuracyEstimator] optimization finished: best params {'quantifier__classifier__C': 100.0, 'quantifier__classifier__class_weight': 'balanced', 'quantifier__recalib': 'bcts', 'confidence': ['isoft']} (score=0.00907) [took 102.3948s]
20/12/23 15:00:33| INFO        bin_sld_lr_gs finished [took 140.8486s]
20/12/23 15:07:11| DEBUG       [MultiClassAccuracyEstimator] optimization finished: best params {'quantifier__classifier__C': 100.0, 'quantifier__classifier__class_weight': 'balanced', 'quantifier__recalib': 'bcts', 'confidence': None} (score=0.01212) [took 396.6391s]
20/12/23 15:07:39| INFO        mul_sld_lr_gs finished [took 425.0753s]
20/12/23 15:12:21| DEBUG       [MultiClassAccuracyEstimator] optimization finished: best params {'quantifier__classifier__C': 10.0, 'quantifier__classifier__class_weight': 'balanced', 'quantifier__recalib': 'bcts', 'confidence': None} (score=0.01140) [took 281.4640s]
20/12/23 15:12:47| INFO        m3w_sld_lr_gs finished [took 307.4877s]
20/12/23 15:12:47| INFO     Dataset sample [0.8 0.2] of dataset imdb finished [took 1029.8329s]
20/12/23 15:12:47| INFO     Dataset sample [0.8999 0.1001] of dataset imdb started
20/12/23 15:13:40| INFO        m3w_sld_lr_c finished [took 50.8547s]
20/12/23 15:13:59| INFO        m3w_sld_lr_mc finished [took 70.2399s]
20/12/23 15:14:02| INFO        mul_sld_lr_ne finished [took 72.4173s]
20/12/23 15:14:02| INFO        mul_sld_lr_c finished [took 73.0165s]
20/12/23 15:14:03| INFO        m3w_sld_lr finished [took 73.9580s]
20/12/23 15:14:21| INFO        m3w_sld_lr_ne finished [took 40.2693s]
20/12/23 15:14:38| INFO        ref finished [took 33.5177s]
20/12/23 15:14:41| INFO        bin_sld_lr finished [took 111.7160s]
20/12/23 15:14:47| INFO        bin_sld_lr_ne finished [took 118.7064s]
20/12/23 15:14:48| INFO        bin_sld_lr_c finished [took 119.1484s]
20/12/23 15:14:50| INFO        bin_sld_lr_mc finished [took 120.6418s]
20/12/23 15:14:51| INFO        mul_sld_lr_mc finished [took 121.7705s]
20/12/23 15:14:56| INFO        atc_mc finished [took 34.2286s]
20/12/23 15:14:56| INFO        m3w_sld_lr_is finished [took 53.2527s]
20/12/23 15:15:00| INFO        mul_sld_lr_is finished [took 57.6886s]
20/12/23 15:15:01| INFO        mul_sld_lr finished [took 131.7124s]
20/12/23 15:15:12| INFO        doc finished [took 33.9358s]
20/12/23 15:15:20| INFO        bin_sld_lr_is finished [took 79.4933s]
20/12/23 15:16:41| DEBUG       [BinaryQuantifierAccuracyEstimator] optimization finished: best params {'quantifier__classifier__C': 1.0, 'quantifier__classifier__class_weight': None, 'quantifier__recalib': None, 'confidence': ['isoft']} (score=0.01841) [took 79.9531s]
20/12/23 15:17:26| INFO        bin_sld_lr_gs finished [took 125.2002s]
20/12/23 15:23:38| DEBUG       [MultiClassAccuracyEstimator] optimization finished: best params {'quantifier__classifier__C': 1.0, 'quantifier__classifier__class_weight': None, 'quantifier__recalib': None, 'confidence': ['isoft']} (score=0.01936) [took 371.3828s]
20/12/23 15:24:07| INFO        mul_sld_lr_gs finished [took 400.0297s]
20/12/23 15:28:44| DEBUG       [MultiClassAccuracyEstimator] optimization finished: best params {'quantifier__classifier__C': 0.1, 'quantifier__classifier__class_weight': 'balanced', 'quantifier__recalib': 'bcts', 'confidence': None} (score=0.00902) [took 275.6269s]
20/12/23 15:29:10| INFO        m3w_sld_lr_gs finished [took 301.6966s]
20/12/23 15:29:10| INFO     Dataset sample [0.8999 0.1001] of dataset imdb finished [took 982.4254s]
