----------------------------------------------------------------------------------------------------
01/12/23 18:21:57| INFO     dataset imdb [pool size: 10]
01/12/23 18:22:07| INFO     Dataset sample 0.10 of dataset imdb started
01/12/23 18:50:37| INFO        binc_kde finished [took 1706.5886s]
01/12/23 18:52:36| INFO        binmc_kde finished [took 1820.5862s]
01/12/23 18:56:15| INFO        m3wmc_kde finished [took 2036.4647s]
01/12/23 18:56:29| INFO        binne_kde finished [took 2048.2804s]
01/12/23 18:56:39| INFO        ref finished [took 21.8280s]
01/12/23 18:57:01| INFO        binis_kde finished [took 2072.7774s]
01/12/23 18:57:30| INFO        m3wne_kde finished [took 2102.2886s]
01/12/23 18:58:44| INFO        m3wc_kde finished [took 2191.0064s]
01/12/23 18:59:53| INFO        mulc_kde finished [took 2262.2343s]
01/12/23 18:59:59| INFO        mulmc_kde finished [took 2262.9224s]
01/12/23 19:00:18| INFO        mulne_kde finished [took 2274.0423s]
01/12/23 19:14:14| INFO        m3wis_kde finished [took 1295.2629s]
01/12/23 19:14:31| INFO        mulis_kde finished [took 1431.9817s]
01/12/23 19:14:31| INFO     Dataset sample 0.10 of dataset imdb finished [took 3143.5700s]
01/12/23 19:14:31| INFO     Dataset sample 0.20 of dataset imdb started
01/12/23 19:39:40| INFO        binmc_kde finished [took 1500.5564s]
01/12/23 19:43:03| INFO        binc_kde finished [took 1709.7831s]
01/12/23 19:46:22| INFO        binne_kde finished [took 1891.8064s]
01/12/23 19:46:47| INFO        ref finished [took 22.5267s]
01/12/23 19:47:05| INFO        binis_kde finished [took 1930.1456s]
01/12/23 19:49:49| INFO        m3wmc_kde finished [took 2102.5841s]
01/12/23 19:51:52| INFO        m3wne_kde finished [took 2219.0501s]
01/12/23 19:52:52| INFO        mulmc_kde finished [took 2287.4877s]
01/12/23 19:52:59| INFO        m3wc_kde finished [took 2301.4907s]
01/12/23 19:53:28| INFO        mulne_kde finished [took 2316.1302s]
01/12/23 19:54:25| INFO        mulc_kde finished [took 2388.3932s]
01/12/23 20:04:54| INFO        m3wis_kde finished [took 1308.9256s]
01/12/23 20:04:55| INFO        mulis_kde finished [took 1512.2329s]
01/12/23 20:04:55| INFO     Dataset sample 0.20 of dataset imdb finished [took 3023.6976s]
01/12/23 20:04:55| INFO     Dataset sample 0.30 of dataset imdb started
01/12/23 20:26:29| INFO        binne_kde finished [took 1268.0784s]
01/12/23 20:30:04| INFO        binc_kde finished [took 1500.0161s]
01/12/23 20:31:44| INFO        binmc_kde finished [took 1588.5256s]
01/12/23 20:31:57| INFO        binis_kde finished [took 1590.5881s]
01/12/23 20:32:15| INFO        ref finished [took 24.4343s]
01/12/23 20:38:06| INFO        m3wmc_kde finished [took 1966.6377s]
01/12/23 20:39:15| INFO        m3wne_kde finished [took 2030.6260s]
01/12/23 20:40:49| INFO        mulne_kde finished [took 2128.2181s]
01/12/23 20:41:16| INFO        m3wc_kde finished [took 2163.7005s]
01/12/23 20:42:37| INFO        mulc_kde finished [took 2247.9966s]
01/12/23 20:42:43| INFO        mulmc_kde finished [took 2247.7458s]
01/12/23 20:49:17| INFO        mulis_kde finished [took 1363.6187s]
01/12/23 20:49:23| INFO        m3wis_kde finished [took 1153.9556s]
01/12/23 20:49:23| INFO     Dataset sample 0.30 of dataset imdb finished [took 2668.2451s]
01/12/23 20:49:23| INFO     Dataset sample 0.40 of dataset imdb started
01/12/23 21:10:59| INFO        binmc_kde finished [took 1285.4129s]
01/12/23 21:12:38| INFO        binne_kde finished [took 1376.7088s]
01/12/23 21:13:07| INFO        binis_kde finished [took 1401.9612s]
01/12/23 21:14:15| INFO        ref finished [took 65.1830s]
01/12/23 21:14:22| INFO        binc_kde finished [took 1496.5997s]
01/12/23 21:24:28| INFO        m3wne_kde finished [took 2083.4824s]
01/12/23 21:25:05| INFO        m3wmc_kde finished [took 2124.5631s]
01/12/23 21:25:12| INFO        mulc_kde finished [took 2141.3353s]
01/12/23 21:25:26| INFO        m3wc_kde finished [took 2154.8556s]
01/12/23 21:25:50| INFO        mulne_kde finished [took 2166.5927s]
01/12/23 21:26:45| INFO        mulmc_kde finished [took 2226.9142s]
01/12/23 21:33:02| INFO        m3wis_kde finished [took 1220.7114s]
01/12/23 21:36:33| INFO        mulis_kde finished [took 1530.5513s]
01/12/23 21:36:33| INFO     Dataset sample 0.40 of dataset imdb finished [took 2829.7239s]
01/12/23 21:36:33| INFO     Dataset sample 0.50 of dataset imdb started
01/12/23 21:56:58| INFO        binis_kde finished [took 1203.7161s]
01/12/23 22:00:31| INFO        binmc_kde finished [took 1426.3880s]
01/12/23 22:02:10| INFO        binne_kde finished [took 1520.3419s]
01/12/23 22:02:19| INFO        binc_kde finished [took 1542.3005s]
01/12/23 22:02:50| INFO        ref finished [took 36.3649s]
01/12/23 22:11:58| INFO        mulmc_kde finished [took 2111.4195s]
01/12/23 22:12:07| INFO        m3wmc_kde finished [took 2118.2852s]
01/12/23 22:13:30| INFO        mulc_kde finished [took 2208.3781s]
01/12/23 22:14:07| INFO        m3wc_kde finished [took 2244.1561s]
01/12/23 22:15:08| INFO        m3wne_kde finished [took 2296.1708s]
01/12/23 22:17:44| INFO        mulne_kde finished [took 2451.5672s]
01/12/23 22:21:16| INFO        m3wis_kde finished [took 1242.4087s]
01/12/23 22:24:44| INFO        mulis_kde finished [took 1662.3152s]
01/12/23 22:24:44| INFO     Dataset sample 0.50 of dataset imdb finished [took 2891.5947s]
01/12/23 22:24:44| INFO     Dataset sample 0.60 of dataset imdb started
01/12/23 22:45:18| INFO        binmc_kde finished [took 1224.1958s]
01/12/23 22:49:07| INFO        binc_kde finished [took 1458.2729s]
01/12/23 22:50:16| INFO        binis_kde finished [took 1511.4846s]
01/12/23 22:50:43| INFO        binne_kde finished [took 1543.7325s]
01/12/23 22:51:11| INFO        ref finished [took 51.3574s]
01/12/23 22:59:17| INFO        m3wmc_kde finished [took 2058.6874s]
01/12/23 23:00:03| INFO        m3wne_kde finished [took 2101.3192s]
01/12/23 23:00:23| INFO        m3wc_kde finished [took 2131.2866s]
01/12/23 23:01:20| INFO        mulc_kde finished [took 2189.7927s]
01/12/23 23:01:53| INFO        mulne_kde finished [took 2211.3025s]
01/12/23 23:03:08| INFO        mulmc_kde finished [took 2293.1507s]
01/12/23 23:10:49| INFO        mulis_kde finished [took 1528.5096s]
01/12/23 23:11:06| INFO        m3wis_kde finished [took 1315.9825s]
01/12/23 23:11:06| INFO     Dataset sample 0.60 of dataset imdb finished [took 2781.4374s]
01/12/23 23:11:06| INFO     Dataset sample 0.70 of dataset imdb started
01/12/23 23:33:48| INFO        binc_kde finished [took 1355.1966s]
01/12/23 23:35:32| INFO        binmc_kde finished [took 1453.0897s]
01/12/23 23:38:10| INFO        binis_kde finished [took 1598.4096s]
01/12/23 23:38:16| INFO        binne_kde finished [took 1611.4019s]
01/12/23 23:38:27| INFO        ref finished [took 15.2100s]
01/12/23 23:44:52| INFO        m3wc_kde finished [took 2015.0731s]
01/12/23 23:45:09| INFO        m3wne_kde finished [took 2017.5109s]
01/12/23 23:45:30| INFO        mulc_kde finished [took 2056.8182s]
01/12/23 23:46:50| INFO        m3wmc_kde finished [took 2127.1659s]
01/12/23 23:46:50| INFO        mulne_kde finished [took 2125.9269s]
01/12/23 23:47:38| INFO        mulmc_kde finished [took 2177.8423s]
01/12/23 23:56:32| INFO        m3wis_kde finished [took 1255.8876s]
01/12/23 23:58:21| INFO        mulis_kde finished [took 1469.0681s]
01/12/23 23:58:21| INFO     Dataset sample 0.70 of dataset imdb finished [took 2835.5340s]
01/12/23 23:58:21| INFO     Dataset sample 0.80 of dataset imdb started
02/12/23 00:24:23| INFO        binmc_kde finished [took 1549.6430s]
02/12/23 00:29:10| INFO        binc_kde finished [took 1841.0256s]
02/12/23 00:30:16| INFO        binis_kde finished [took 1890.9615s]
02/12/23 00:30:44| INFO        binne_kde finished [took 1925.4790s]
02/12/23 00:31:08| INFO        ref finished [took 47.7333s]
02/12/23 00:34:01| INFO        mulc_kde finished [took 2130.3719s]
02/12/23 00:35:42| INFO        m3wc_kde finished [took 2229.0964s]
02/12/23 00:36:27| INFO        m3wmc_kde finished [took 2268.4119s]
02/12/23 00:36:57| INFO        mulmc_kde finished [took 2298.7597s]
02/12/23 00:37:29| INFO        m3wne_kde finished [took 2326.2628s]
02/12/23 00:37:29| INFO        mulne_kde finished [took 2329.6249s]
02/12/23 00:48:55| INFO        mulis_kde finished [took 1469.1650s]
02/12/23 00:50:46| INFO        m3wis_kde finished [took 1292.8524s]
02/12/23 00:50:46| INFO     Dataset sample 0.80 of dataset imdb finished [took 3144.8910s]
02/12/23 00:50:46| INFO     Dataset sample 0.90 of dataset imdb started
02/12/23 00:50:53| WARNING     Method binc_kde failed. Exception: This solver needs samples of at least 2 classes in the data, but the data contains only one class: 0
02/12/23 00:50:57| WARNING     Method binmc_kde failed. Exception: This solver needs samples of at least 2 classes in the data, but the data contains only one class: 0
02/12/23 00:51:02| WARNING     Method binne_kde failed. Exception: This solver needs samples of at least 2 classes in the data, but the data contains only one class: 0
02/12/23 00:51:06| WARNING     Method binis_kde failed. Exception: This solver needs samples of at least 2 classes in the data, but the data contains only one class: 0
02/12/23 00:53:57| INFO        ref finished [took 168.0862s]
02/12/23 01:18:24| INFO        m3wis_kde finished [took 1637.6993s]
02/12/23 01:18:28| INFO        m3wne_kde finished [took 1647.6238s]
02/12/23 01:20:08| INFO        mulne_kde finished [took 1748.9920s]
02/12/23 01:20:13| INFO        mulis_kde finished [took 1747.1976s]
02/12/23 01:23:55| INFO        m3wmc_kde finished [took 1979.8881s]
02/12/23 01:24:07| INFO        m3wc_kde finished [took 1994.4665s]
02/12/23 01:25:48| INFO        mulmc_kde finished [took 2091.6110s]
02/12/23 01:26:11| INFO        mulc_kde finished [took 2119.6896s]
02/12/23 01:26:11| INFO     Dataset sample 0.90 of dataset imdb finished [took 2124.3824s]
