----------------------------------------------------------------------------------------------------
15/01/24 18:34:34| INFO     dataset imdb [pool size: 10]
15/01/24 18:34:34| INFO     Dataset sample [0.1 0.9] of dataset imdb started
15/01/24 18:35:11| INFO        d_bin_sld_lr finished [took 32.1577s]
15/01/24 18:35:20| INFO        d_m3w_sld_lr_c finished [took 42.7347s]
15/01/24 18:35:22| INFO        d_mul_sld_lr_c finished [took 43.7385s]
15/01/24 18:35:22| INFO        d_mul_sld_lr_ne finished [took 43.8990s]
15/01/24 18:35:25| INFO        d_mul_sld_lr_mc finished [took 46.2045s]
15/01/24 18:35:25| INFO        d_m3w_sld_lr_mc finished [took 46.3944s]
15/01/24 18:35:27| INFO        d_mul_sld_lr finished [took 48.7370s]
15/01/24 18:35:28| INFO        d_m3w_sld_lr finished [took 49.4940s]
15/01/24 18:35:34| INFO        d_bin_sld_lr_ne finished [took 55.2592s]
15/01/24 18:35:45| INFO        d_bin_sld_lr_mc finished [took 66.7221s]
15/01/24 18:35:46| INFO        d_bin_sld_lr_c finished [took 67.8742s]
15/01/24 18:35:50| INFO        d_m3w_sld_lr_ne finished [took 38.6304s]
15/01/24 18:35:55| INFO        ref finished [took 26.7075s]
15/01/24 18:35:58| INFO        d_mul_sld_lr_is finished [took 34.6392s]
15/01/24 18:36:02| INFO        d_m3w_sld_lr_is finished [took 38.8160s]
15/01/24 18:36:04| INFO        d_m3w_sld_lr_a finished [took 36.1268s]
15/01/24 18:36:06| INFO        d_mul_sld_lr_a finished [took 39.8205s]
15/01/24 18:36:09| INFO        atc_mc finished [took 33.9463s]
15/01/24 18:36:18| INFO        doc finished [took 32.4040s]
15/01/24 18:36:31| INFO        d_bin_sld_lr_is finished [took 70.3496s]
15/01/24 18:36:36| INFO        d_bin_sld_lr_a finished [took 70.6016s]
15/01/24 18:36:54| DEBUG       [BinaryQuantifierAccuracyEstimator] optimization finished: best params {'quantifier__classifier__C': 1000.0, 'quantifier__classifier__class_weight': None, 'quantifier__recalib': None, 'confidence': ['isoft']} (score=0.01022) [took 16.6239s]
15/01/24 18:37:21| INFO        d_bin_sld_lr_gs finished [took 43.3655s]
15/01/24 18:37:36| DEBUG       [MultiClassAccuracyEstimator] optimization finished: best params {'quantifier__classifier__C': 10.0, 'quantifier__classifier__class_weight': None, 'quantifier__recalib': None, 'confidence': ['isoft']} (score=0.00922) [took 14.9151s]
15/01/24 18:38:01| INFO        d_mul_sld_lr_gs finished [took 39.4561s]
15/01/24 18:38:24| DEBUG       [MultiClassAccuracyEstimator] optimization finished: best params {'quantifier__classifier__C': 10.0, 'quantifier__classifier__class_weight': None, 'quantifier__recalib': None, 'confidence': ['isoft']} (score=0.00928) [took 22.0910s]
15/01/24 18:38:43| INFO        d_m3w_sld_lr_gs finished [took 41.6837s]
15/01/24 18:38:43| INFO     Dataset sample [0.1 0.9] of dataset imdb finished [took 249.1108s]
15/01/24 18:38:43| INFO     Dataset sample [0.2 0.8] of dataset imdb started
15/01/24 18:39:25| INFO        d_m3w_sld_lr_mc finished [took 39.8727s]
15/01/24 18:39:27| INFO        d_m3w_sld_lr_c finished [took 41.2345s]
15/01/24 18:39:28| INFO        d_m3w_sld_lr finished [took 41.9770s]
15/01/24 18:39:37| INFO        d_mul_sld_lr_c finished [took 50.8611s]
15/01/24 18:39:38| INFO        d_mul_sld_lr_mc finished [took 51.8605s]
15/01/24 18:39:38| INFO        d_mul_sld_lr_ne finished [took 51.9405s]
15/01/24 18:39:39| INFO        d_mul_sld_lr finished [took 53.0883s]
15/01/24 18:40:06| INFO        d_m3w_sld_lr_ne finished [took 40.3898s]
15/01/24 18:40:10| INFO        d_mul_sld_lr_a finished [took 31.5318s]
15/01/24 18:40:18| INFO        d_m3w_sld_lr_is finished [took 40.2267s]
15/01/24 18:40:19| INFO        d_mul_sld_lr_is finished [took 49.6607s]
15/01/24 18:40:21| INFO        d_m3w_sld_lr_a finished [took 40.7133s]
15/01/24 18:40:28| INFO        d_bin_sld_lr_mc finished [took 101.7781s]
15/01/24 18:40:36| INFO        ref finished [took 28.3312s]
15/01/24 18:40:40| INFO        d_bin_sld_lr_c finished [took 114.0710s]
15/01/24 18:40:44| INFO        atc_mc finished [took 33.2823s]
15/01/24 18:40:49| INFO        doc finished [took 30.1633s]
15/01/24 18:40:52| INFO        d_bin_sld_lr_a finished [took 72.7693s]
15/01/24 18:40:54| INFO        d_bin_sld_lr_is finished [took 85.8695s]
15/01/24 18:40:57| INFO        d_bin_sld_lr_ne finished [took 131.3437s]
15/01/24 18:41:06| INFO        d_bin_sld_lr finished [took 139.8420s]
15/01/24 18:41:30| DEBUG       [BinaryQuantifierAccuracyEstimator] optimization finished: best params {'quantifier__classifier__C': 1000.0, 'quantifier__classifier__class_weight': None, 'quantifier__recalib': None, 'confidence': ['isoft']} (score=0.00883) [took 22.7952s]
15/01/24 18:42:20| INFO        d_bin_sld_lr_gs finished [took 73.2544s]
15/01/24 18:42:49| DEBUG       [MultiClassAccuracyEstimator] optimization finished: best params {'quantifier__classifier__C': 1000.0, 'quantifier__classifier__class_weight': None, 'quantifier__recalib': 'bcts', 'confidence': ['max_conf', 'entropy', 'isoft']} (score=0.00803) [took 27.0072s]
15/01/24 18:43:12| INFO        d_mul_sld_lr_gs finished [took 50.9008s]
15/01/24 18:43:38| DEBUG       [MultiClassAccuracyEstimator] optimization finished: best params {'quantifier__classifier__C': 1.0, 'quantifier__classifier__class_weight': 'balanced', 'quantifier__recalib': 'bcts', 'confidence': ['isoft']} (score=0.00795) [took 23.8934s]
15/01/24 18:43:57| INFO        d_m3w_sld_lr_gs finished [took 43.8165s]
15/01/24 18:43:57| INFO     Dataset sample [0.2 0.8] of dataset imdb finished [took 313.9182s]
15/01/24 18:43:57| INFO     Dataset sample [0.3 0.7] of dataset imdb started
15/01/24 18:44:36| INFO        d_mul_sld_lr finished [took 36.8581s]
15/01/24 18:44:41| INFO        d_m3w_sld_lr_c finished [took 41.8309s]
15/01/24 18:44:42| INFO        d_m3w_sld_lr_mc finished [took 41.9685s]
15/01/24 18:44:42| INFO        d_m3w_sld_lr finished [took 42.1691s]
15/01/24 18:44:57| INFO        d_mul_sld_lr_mc finished [took 57.1844s]
15/01/24 18:44:57| INFO        d_mul_sld_lr_ne finished [took 57.5740s]
15/01/24 18:44:57| INFO        d_mul_sld_lr_c finished [took 57.6689s]
15/01/24 18:45:04| INFO        d_m3w_sld_lr_ne finished [took 27.3062s]
15/01/24 18:45:07| INFO        d_bin_sld_lr_mc finished [took 67.8917s]
15/01/24 18:45:08| INFO        d_bin_sld_lr_c finished [took 68.8561s]
15/01/24 18:45:10| INFO        d_bin_sld_lr_ne finished [took 70.3036s]
15/01/24 18:45:12| INFO        d_bin_sld_lr finished [took 72.4829s]
15/01/24 18:45:25| INFO        d_m3w_sld_lr_is finished [took 42.2707s]
15/01/24 18:45:26| INFO        d_m3w_sld_lr_a finished [took 27.7115s]
15/01/24 18:45:32| INFO        ref finished [took 26.6420s]
15/01/24 18:45:34| INFO        d_mul_sld_lr_is finished [took 51.2219s]
15/01/24 18:45:35| INFO        atc_mc finished [took 26.7110s]
15/01/24 18:45:36| INFO        d_mul_sld_lr_a finished [took 37.7215s]
15/01/24 18:45:39| INFO        d_bin_sld_lr_is finished [took 56.3956s]
15/01/24 18:45:47| INFO        doc finished [took 37.4463s]
15/01/24 18:45:49| INFO        d_bin_sld_lr_a finished [took 50.6244s]
15/01/24 18:46:18| DEBUG       [BinaryQuantifierAccuracyEstimator] optimization finished: best params {'quantifier__classifier__C': 1000.0, 'quantifier__classifier__class_weight': None, 'quantifier__recalib': None, 'confidence': ['max_conf', 'entropy', 'isoft']} (score=0.03389) [took 27.6038s]
15/01/24 18:46:47| INFO        d_bin_sld_lr_gs finished [took 56.4629s]
15/01/24 18:47:14| DEBUG       [MultiClassAccuracyEstimator] optimization finished: best params {'quantifier__classifier__C': 0.01, 'quantifier__classifier__class_weight': None, 'quantifier__recalib': 'bcts', 'confidence': ['max_conf', 'entropy']} (score=0.01501) [took 26.2942s]
15/01/24 18:47:45| INFO        d_mul_sld_lr_gs finished [took 56.4787s]
15/01/24 18:48:05| DEBUG       [MultiClassAccuracyEstimator] optimization finished: best params {'quantifier__classifier__C': 0.01, 'quantifier__classifier__class_weight': 'balanced', 'quantifier__recalib': 'bcts', 'confidence': ['max_conf', 'entropy', 'isoft']} (score=0.01155) [took 19.2311s]
15/01/24 18:48:25| INFO        d_m3w_sld_lr_gs finished [took 39.4888s]
15/01/24 18:48:25| INFO     Dataset sample [0.3 0.7] of dataset imdb finished [took 267.8387s]
15/01/24 18:48:25| INFO     Dataset sample [0.4 0.6] of dataset imdb started
15/01/24 18:49:06| INFO        d_mul_sld_lr_mc finished [took 39.1843s]
15/01/24 18:49:08| INFO        d_m3w_sld_lr finished [took 41.0821s]
15/01/24 18:49:09| INFO        d_m3w_sld_lr_mc finished [took 41.8350s]
15/01/24 18:49:09| INFO        d_m3w_sld_lr_c finished [took 42.3297s]
15/01/24 18:49:28| INFO        d_mul_sld_lr_c finished [took 60.8728s]
15/01/24 18:49:29| INFO        d_bin_sld_lr_c finished [took 62.0108s]
15/01/24 18:49:29| INFO        d_mul_sld_lr_ne finished [took 62.3603s]
15/01/24 18:49:30| INFO        d_bin_sld_lr_mc finished [took 63.1341s]
15/01/24 18:49:31| INFO        d_bin_sld_lr_ne finished [took 63.8160s]
15/01/24 18:49:32| INFO        d_bin_sld_lr finished [took 65.4807s]
15/01/24 18:49:33| INFO        d_mul_sld_lr finished [took 65.8173s]
15/01/24 18:49:41| INFO        d_m3w_sld_lr_is finished [took 30.3034s]
15/01/24 18:49:47| INFO        d_m3w_sld_lr_ne finished [took 41.3102s]
15/01/24 18:49:54| INFO        d_bin_sld_lr_is finished [took 44.8911s]
15/01/24 18:49:55| INFO        d_mul_sld_lr_is finished [took 45.3673s]
15/01/24 18:49:58| INFO        ref finished [took 27.4118s]
15/01/24 18:50:02| INFO        d_m3w_sld_lr_a finished [took 32.0603s]
15/01/24 18:50:05| INFO        atc_mc finished [took 33.7537s]
15/01/24 18:50:09| INFO        d_mul_sld_lr_a finished [took 39.4782s]
15/01/24 18:50:11| INFO        doc finished [took 38.2392s]
15/01/24 18:50:13| INFO        d_bin_sld_lr_a finished [took 44.4331s]
15/01/24 18:50:43| DEBUG       [BinaryQuantifierAccuracyEstimator] optimization finished: best params {'quantifier__classifier__C': 1.0, 'quantifier__classifier__class_weight': None, 'quantifier__recalib': 'bcts', 'confidence': ['max_conf', 'entropy', 'isoft']} (score=0.01348) [took 28.9589s]
15/01/24 18:51:14| INFO        d_bin_sld_lr_gs finished [took 59.1600s]
15/01/24 18:51:39| DEBUG       [MultiClassAccuracyEstimator] optimization finished: best params {'quantifier__classifier__C': 1.0, 'quantifier__classifier__class_weight': None, 'quantifier__recalib': 'bcts', 'confidence': ['max_conf', 'entropy', 'isoft']} (score=0.01057) [took 24.2487s]
15/01/24 18:52:07| INFO        d_mul_sld_lr_gs finished [took 52.9713s]
15/01/24 18:52:27| DEBUG       [MultiClassAccuracyEstimator] optimization finished: best params {'quantifier__classifier__C': 0.1, 'quantifier__classifier__class_weight': 'balanced', 'quantifier__recalib': 'bcts', 'confidence': ['max_conf', 'entropy', 'isoft']} (score=0.01195) [took 18.6022s]
15/01/24 18:52:47| INFO        d_m3w_sld_lr_gs finished [took 38.7649s]
15/01/24 18:52:47| INFO     Dataset sample [0.4 0.6] of dataset imdb finished [took 261.5910s]
15/01/24 18:52:47| INFO     Dataset sample [0.5 0.5] of dataset imdb started
15/01/24 18:53:30| INFO        d_m3w_sld_lr finished [took 41.4769s]
15/01/24 18:53:31| INFO        d_m3w_sld_lr_mc finished [took 41.7188s]
15/01/24 18:53:31| INFO        d_bin_sld_lr_mc finished [took 42.3647s]
15/01/24 18:53:32| INFO        d_m3w_sld_lr_c finished [took 43.0951s]
15/01/24 18:53:40| INFO        d_bin_sld_lr finished [took 51.9476s]
15/01/24 18:53:45| INFO        d_mul_sld_lr_ne finished [took 56.0549s]
15/01/24 18:53:48| INFO        d_bin_sld_lr_c finished [took 58.8193s]
15/01/24 18:53:49| INFO        d_bin_sld_lr_ne finished [took 59.6243s]
15/01/24 18:53:51| INFO        d_mul_sld_lr_c finished [took 62.4757s]
15/01/24 18:53:52| INFO        d_mul_sld_lr_mc finished [took 63.2305s]
15/01/24 18:53:57| INFO        d_mul_sld_lr finished [took 68.3207s]
15/01/24 18:54:06| INFO        d_m3w_sld_lr_ne finished [took 35.0579s]
15/01/24 18:54:12| INFO        d_m3w_sld_lr_is finished [took 39.1817s]
15/01/24 18:54:18| INFO        ref finished [took 28.7904s]
15/01/24 18:54:19| INFO        d_bin_sld_lr_a finished [took 38.0173s]
15/01/24 18:54:19| INFO        d_mul_sld_lr_is finished [took 46.9757s]
15/01/24 18:54:25| INFO        d_bin_sld_lr_is finished [took 53.2082s]
15/01/24 18:54:25| INFO        atc_mc finished [took 32.9632s]
15/01/24 18:54:26| INFO        d_m3w_sld_lr_a finished [took 37.2188s]
15/01/24 18:54:32| INFO        d_mul_sld_lr_a finished [took 46.2094s]
15/01/24 18:54:33| INFO        doc finished [took 39.5646s]
15/01/24 18:55:02| DEBUG       [BinaryQuantifierAccuracyEstimator] optimization finished: best params {'quantifier__classifier__C': 0.1, 'quantifier__classifier__class_weight': None, 'quantifier__recalib': 'bcts', 'confidence': ['max_conf', 'entropy', 'isoft']} (score=0.01228) [took 27.9626s]
15/01/24 18:55:29| INFO        d_bin_sld_lr_gs finished [took 54.7993s]
15/01/24 18:55:53| DEBUG       [MultiClassAccuracyEstimator] optimization finished: best params {'quantifier__classifier__C': 1.0, 'quantifier__classifier__class_weight': None, 'quantifier__recalib': 'bcts', 'confidence': ['max_conf', 'entropy']} (score=0.00976) [took 23.5369s]
15/01/24 18:56:22| INFO        d_mul_sld_lr_gs finished [took 52.1586s]
15/01/24 18:56:40| DEBUG       [MultiClassAccuracyEstimator] optimization finished: best params {'quantifier__classifier__C': 0.1, 'quantifier__classifier__class_weight': 'balanced', 'quantifier__recalib': 'bcts', 'confidence': ['max_conf', 'entropy', 'isoft']} (score=0.01011) [took 17.2703s]
15/01/24 18:57:01| INFO        d_m3w_sld_lr_gs finished [took 37.4483s]
15/01/24 18:57:01| INFO     Dataset sample [0.5 0.5] of dataset imdb finished [took 253.6532s]
15/01/24 18:57:01| INFO     Dataset sample [0.6 0.4] of dataset imdb started
15/01/24 18:57:44| INFO        d_m3w_sld_lr finished [took 41.5123s]
15/01/24 18:57:45| INFO        d_m3w_sld_lr_mc finished [took 42.3593s]
15/01/24 18:57:46| INFO        d_m3w_sld_lr_c finished [took 42.9203s]
15/01/24 18:57:53| INFO        d_mul_sld_lr_ne finished [took 50.9599s]
15/01/24 18:57:53| INFO        d_bin_sld_lr_mc finished [took 50.1640s]
15/01/24 18:57:56| INFO        d_bin_sld_lr finished [took 53.3476s]
15/01/24 18:58:03| INFO        d_bin_sld_lr_c finished [took 60.5709s]
15/01/24 18:58:04| INFO        d_bin_sld_lr_ne finished [took 61.3628s]
15/01/24 18:58:05| INFO        d_mul_sld_lr_c finished [took 62.1935s]
15/01/24 18:58:05| INFO        d_mul_sld_lr_mc finished [took 62.9587s]
15/01/24 18:58:11| INFO        d_mul_sld_lr finished [took 68.4265s]
15/01/24 18:58:21| INFO        d_bin_sld_lr_is finished [took 35.0409s]
15/01/24 18:58:27| INFO        d_m3w_sld_lr_ne finished [took 42.0723s]
15/01/24 18:58:32| INFO        d_m3w_sld_lr_is finished [took 38.6544s]
15/01/24 18:58:33| INFO        d_mul_sld_lr_is finished [took 46.4674s]
15/01/24 18:58:34| INFO        ref finished [took 29.0591s]
15/01/24 18:58:38| INFO        d_bin_sld_lr_a finished [took 44.3785s]
15/01/24 18:58:41| INFO        d_m3w_sld_lr_a finished [took 37.0304s]
15/01/24 18:58:42| INFO        atc_mc finished [took 35.8854s]
15/01/24 18:58:42| INFO        doc finished [took 35.7585s]
15/01/24 18:58:46| INFO        d_mul_sld_lr_a finished [took 49.4510s]
15/01/24 18:59:17| DEBUG       [BinaryQuantifierAccuracyEstimator] optimization finished: best params {'quantifier__classifier__C': 0.1, 'quantifier__classifier__class_weight': None, 'quantifier__recalib': 'bcts', 'confidence': ['max_conf', 'entropy', 'isoft']} (score=0.01218) [took 29.3870s]
15/01/24 18:59:44| INFO        d_bin_sld_lr_gs finished [took 55.7561s]
15/01/24 19:00:09| DEBUG       [MultiClassAccuracyEstimator] optimization finished: best params {'quantifier__classifier__C': 1.0, 'quantifier__classifier__class_weight': 'balanced', 'quantifier__recalib': 'bcts', 'confidence': None} (score=0.01441) [took 23.5204s]
15/01/24 19:00:36| INFO        d_mul_sld_lr_gs finished [took 50.8689s]
15/01/24 19:00:55| DEBUG       [MultiClassAccuracyEstimator] optimization finished: best params {'quantifier__classifier__C': 0.1, 'quantifier__classifier__class_weight': 'balanced', 'quantifier__recalib': 'bcts', 'confidence': ['max_conf', 'entropy']} (score=0.01393) [took 17.8263s]
15/01/24 19:01:15| INFO        d_m3w_sld_lr_gs finished [took 38.2069s]
15/01/24 19:01:15| INFO     Dataset sample [0.6 0.4] of dataset imdb finished [took 254.5978s]
15/01/24 19:01:15| INFO     Dataset sample [0.7 0.3] of dataset imdb started
15/01/24 19:01:57| INFO        d_bin_sld_lr finished [took 39.7398s]
15/01/24 19:02:00| INFO        d_m3w_sld_lr_c finished [took 42.0386s]
15/01/24 19:02:01| INFO        d_m3w_sld_lr finished [took 42.5958s]
15/01/24 19:02:01| INFO        d_m3w_sld_lr_mc finished [took 42.7251s]
15/01/24 19:02:16| INFO        d_mul_sld_lr_c finished [took 58.2881s]
15/01/24 19:02:17| INFO        d_mul_sld_lr_ne finished [took 58.8384s]
15/01/24 19:02:19| INFO        d_mul_sld_lr_mc finished [took 61.0459s]
15/01/24 19:02:21| INFO        d_bin_sld_lr_mc finished [took 63.1003s]
15/01/24 19:02:22| INFO        d_bin_sld_lr_c finished [took 63.8069s]
15/01/24 19:02:24| INFO        d_mul_sld_lr finished [took 65.5960s]
15/01/24 19:02:26| INFO        d_bin_sld_lr_ne finished [took 67.9602s]
15/01/24 19:02:29| INFO        d_m3w_sld_lr_ne finished [took 30.7806s]
15/01/24 19:02:42| INFO        ref finished [took 19.4905s]
15/01/24 19:02:46| INFO        d_m3w_sld_lr_is finished [took 42.9246s]
15/01/24 19:02:51| INFO        atc_mc finished [took 27.2073s]
15/01/24 19:02:53| INFO        d_mul_sld_lr_is finished [took 50.7620s]
15/01/24 19:02:54| INFO        d_m3w_sld_lr_a finished [took 33.6643s]
15/01/24 19:02:56| INFO        d_bin_sld_lr_a finished [took 37.7163s]
15/01/24 19:02:56| INFO        d_bin_sld_lr_is finished [took 54.4468s]
15/01/24 19:02:59| INFO        d_mul_sld_lr_a finished [took 41.1762s]
15/01/24 19:03:04| INFO        doc finished [took 38.7801s]
15/01/24 19:03:31| DEBUG       [BinaryQuantifierAccuracyEstimator] optimization finished: best params {'quantifier__classifier__C': 1000.0, 'quantifier__classifier__class_weight': None, 'quantifier__recalib': None, 'confidence': ['max_conf', 'entropy']} (score=0.01080) [took 24.7753s]
15/01/24 19:03:57| INFO        d_bin_sld_lr_gs finished [took 51.0081s]
15/01/24 19:04:24| DEBUG       [MultiClassAccuracyEstimator] optimization finished: best params {'quantifier__classifier__C': 1000.0, 'quantifier__classifier__class_weight': None, 'quantifier__recalib': None, 'confidence': ['isoft']} (score=0.01032) [took 25.2376s]
15/01/24 19:04:47| INFO        d_mul_sld_lr_gs finished [took 48.4700s]
15/01/24 19:05:08| DEBUG       [MultiClassAccuracyEstimator] optimization finished: best params {'quantifier__classifier__C': 10.0, 'quantifier__classifier__class_weight': 'balanced', 'quantifier__recalib': 'bcts', 'confidence': ['max_conf', 'entropy']} (score=0.01037) [took 19.1590s]
15/01/24 19:05:29| INFO        d_m3w_sld_lr_gs finished [took 39.6059s]
15/01/24 19:05:29| INFO     Dataset sample [0.7 0.3] of dataset imdb finished [took 253.5598s]
15/01/24 19:05:29| INFO     Dataset sample [0.8 0.2] of dataset imdb started
15/01/24 19:06:12| INFO        d_m3w_sld_lr_c finished [took 41.1145s]
15/01/24 19:06:12| INFO        d_m3w_sld_lr_mc finished [took 41.3899s]
15/01/24 19:06:12| INFO        d_m3w_sld_lr finished [took 41.6376s]
15/01/24 19:06:24| INFO        d_mul_sld_lr_mc finished [took 53.1263s]
15/01/24 19:06:26| INFO        d_mul_sld_lr finished [took 55.0014s]
15/01/24 19:06:32| INFO        d_mul_sld_lr_c finished [took 61.7021s]
15/01/24 19:06:36| INFO        d_mul_sld_lr_ne finished [took 65.0075s]
15/01/24 19:06:54| INFO        d_m3w_sld_lr_ne finished [took 41.1112s]
15/01/24 19:07:05| INFO        d_m3w_sld_lr_is finished [took 40.6172s]
15/01/24 19:07:13| INFO        d_mul_sld_lr_is finished [took 60.1591s]
15/01/24 19:07:18| INFO        d_m3w_sld_lr_a finished [took 41.2881s]
15/01/24 19:07:23| INFO        d_mul_sld_lr_a finished [took 49.7899s]
15/01/24 19:07:24| INFO        ref finished [took 29.9179s]
15/01/24 19:07:35| INFO        d_bin_sld_lr_is finished [took 82.4203s]
15/01/24 19:07:37| INFO        atc_mc finished [took 31.2370s]
15/01/24 19:07:47| INFO        d_bin_sld_lr finished [took 136.7709s]
15/01/24 19:07:48| INFO        d_bin_sld_lr_mc finished [took 137.7988s]
15/01/24 19:07:49| INFO        d_bin_sld_lr_c finished [took 138.0314s]
15/01/24 19:07:51| INFO        d_bin_sld_lr_a finished [took 84.8377s]
15/01/24 19:07:52| INFO        doc finished [took 37.6957s]
15/01/24 19:07:57| INFO        d_bin_sld_lr_ne finished [took 146.8655s]
15/01/24 19:08:22| DEBUG       [BinaryQuantifierAccuracyEstimator] optimization finished: best params {'quantifier__classifier__C': 1.0, 'quantifier__classifier__class_weight': None, 'quantifier__recalib': None, 'confidence': ['isoft']} (score=0.01069) [took 23.0298s]
15/01/24 19:09:15| INFO        d_bin_sld_lr_gs finished [took 76.5549s]
15/01/24 19:09:44| DEBUG       [MultiClassAccuracyEstimator] optimization finished: best params {'quantifier__classifier__C': 1000.0, 'quantifier__classifier__class_weight': 'balanced', 'quantifier__recalib': 'bcts', 'confidence': ['isoft']} (score=0.01038) [took 27.5261s]
15/01/24 19:10:09| INFO        d_mul_sld_lr_gs finished [took 52.2236s]
15/01/24 19:10:32| DEBUG       [MultiClassAccuracyEstimator] optimization finished: best params {'quantifier__classifier__C': 1000.0, 'quantifier__classifier__class_weight': 'balanced', 'quantifier__recalib': 'bcts', 'confidence': ['max_conf', 'entropy', 'isoft']} (score=0.00976) [took 22.5253s]
15/01/24 19:10:53| INFO        d_m3w_sld_lr_gs finished [took 43.2509s]
15/01/24 19:10:53| INFO     Dataset sample [0.8 0.2] of dataset imdb finished [took 323.8944s]
15/01/24 19:10:53| INFO     Dataset sample [0.9 0.1] of dataset imdb started
15/01/24 19:11:25| INFO        d_mul_sld_lr_mc finished [took 31.1781s]
15/01/24 19:11:41| INFO        d_mul_sld_lr_c finished [took 46.2286s]
15/01/24 19:11:41| INFO        d_mul_sld_lr_ne finished [took 46.7431s]
15/01/24 19:11:42| INFO        d_m3w_sld_lr_c finished [took 47.2842s]
15/01/24 19:11:46| INFO        d_m3w_sld_lr_mc finished [took 51.1598s]
15/01/24 19:11:48| INFO        d_m3w_sld_lr finished [took 54.0732s]
15/01/24 19:11:49| INFO        d_mul_sld_lr finished [took 54.9646s]
15/01/24 19:11:56| INFO        d_m3w_sld_lr_ne finished [took 30.7533s]
15/01/24 19:12:18| INFO        ref finished [took 20.8612s]
15/01/24 19:12:28| INFO        d_mul_sld_lr_is finished [took 45.8350s]
15/01/24 19:12:29| INFO        d_m3w_sld_lr_is finished [took 46.1377s]
15/01/24 19:12:34| INFO        d_mul_sld_lr_a finished [took 45.3248s]
15/01/24 19:12:36| INFO        d_m3w_sld_lr_a finished [took 45.8586s]
15/01/24 19:12:40| INFO        d_bin_sld_lr_ne finished [took 105.1314s]
15/01/24 19:12:48| INFO        atc_mc finished [took 29.9007s]
15/01/24 19:12:50| INFO        d_bin_sld_lr finished [took 115.5340s]
15/01/24 19:13:00| INFO        doc finished [took 31.8195s]
15/01/24 19:13:08| INFO        d_bin_sld_lr_c finished [took 133.5277s]
15/01/24 19:13:10| INFO        d_bin_sld_lr_mc finished [took 136.1058s]
15/01/24 19:13:57| INFO        d_bin_sld_lr_is finished [took 135.3215s]
15/01/24 19:14:01| INFO        d_bin_sld_lr_a finished [took 134.5122s]
15/01/24 19:14:19| DEBUG       [BinaryQuantifierAccuracyEstimator] optimization finished: best params {'quantifier__classifier__C': 1000.0, 'quantifier__classifier__class_weight': None, 'quantifier__recalib': None, 'confidence': ['max_conf', 'entropy', 'isoft']} (score=0.01200) [took 16.8533s]
15/01/24 19:14:42| INFO        d_bin_sld_lr_gs finished [took 39.9054s]
15/01/24 19:14:57| DEBUG       [MultiClassAccuracyEstimator] optimization finished: best params {'quantifier__classifier__C': 10.0, 'quantifier__classifier__class_weight': None, 'quantifier__recalib': None, 'confidence': ['isoft']} (score=0.01135) [took 14.2076s]
15/01/24 19:15:24| INFO        d_mul_sld_lr_gs finished [took 40.9663s]
15/01/24 19:15:44| DEBUG       [MultiClassAccuracyEstimator] optimization finished: best params {'quantifier__classifier__C': 10.0, 'quantifier__classifier__class_weight': None, 'quantifier__recalib': 'bcts', 'confidence': ['max_conf', 'entropy', 'isoft']} (score=0.00859) [took 19.2065s]
15/01/24 19:16:05| INFO        d_m3w_sld_lr_gs finished [took 40.2685s]
15/01/24 19:16:05| INFO     Dataset sample [0.9 0.1] of dataset imdb finished [took 312.0999s]
