----------------------------------------------------------------------------------------------------
25/01/24 13:41:13| INFO     dataset rcv1_MCAT [pool size: 10]
25/01/24 13:41:13| INFO     Dataset sample [0.1 0.9] of dataset rcv1_MCAT started
25/01/24 13:42:48| INFO        ref finished [took 91.8894s]
25/01/24 13:42:52| INFO        atc_mc finished [took 96.1650s]
25/01/24 13:42:56| INFO        doc finished [took 100.4566s]
25/01/24 13:48:37| INFO        rca_star finished [took 440.4432s]
25/01/24 13:48:40| INFO        rca finished [took 443.6743s]
25/01/24 13:56:49| INFO        mandoline finished [took 932.8227s]
25/01/24 13:56:49| INFO     Dataset sample [0.1 0.9] of dataset rcv1_MCAT finished [took 935.4640s]
25/01/24 13:56:49| INFO     Dataset sample [0.2 0.8] of dataset rcv1_MCAT started
25/01/24 13:58:17| INFO        ref finished [took 87.4484s]
25/01/24 13:58:25| INFO        atc_mc finished [took 93.5795s]
25/01/24 13:58:32| INFO        doc finished [took 100.9422s]
25/01/24 14:05:00| INFO        rca finished [took 488.2718s]
25/01/24 14:05:02| INFO        rca_star finished [took 491.0657s]
25/01/24 14:12:22| INFO        mandoline finished [took 930.3638s]
25/01/24 14:12:22| INFO     Dataset sample [0.2 0.8] of dataset rcv1_MCAT finished [took 932.9191s]
25/01/24 14:12:22| INFO     Dataset sample [0.3 0.7] of dataset rcv1_MCAT started
25/01/24 14:13:51| INFO        ref finished [took 88.0385s]
25/01/24 14:14:00| INFO        atc_mc finished [took 95.9475s]
25/01/24 14:14:05| INFO        doc finished [took 100.7115s]
25/01/24 14:20:33| INFO        rca finished [took 488.6075s]
25/01/24 14:20:35| INFO        rca_star finished [took 490.6619s]
25/01/24 14:27:37| INFO        mandoline finished [took 912.1410s]
25/01/24 14:27:37| INFO     Dataset sample [0.3 0.7] of dataset rcv1_MCAT finished [took 914.8554s]
25/01/24 14:27:37| INFO     Dataset sample [0.4 0.6] of dataset rcv1_MCAT started
25/01/24 14:29:06| INFO        ref finished [took 88.1780s]
25/01/24 14:29:14| INFO        atc_mc finished [took 95.1463s]
25/01/24 14:29:21| INFO        doc finished [took 102.0665s]
25/01/24 14:35:46| INFO        rca_star finished [took 486.7376s]
25/01/24 14:35:52| INFO        rca finished [took 493.2990s]
25/01/24 14:42:58| INFO        mandoline finished [took 918.6429s]
25/01/24 14:42:58| INFO     Dataset sample [0.4 0.6] of dataset rcv1_MCAT finished [took 921.1681s]
25/01/24 14:42:58| INFO     Dataset sample [0.5 0.5] of dataset rcv1_MCAT started
25/01/24 14:44:26| INFO        ref finished [took 87.2694s]
25/01/24 14:44:35| INFO        atc_mc finished [took 94.2686s]
25/01/24 14:44:41| INFO        doc finished [took 100.3706s]
25/01/24 14:51:07| INFO        rca finished [took 487.0160s]
25/01/24 14:51:11| INFO        rca_star finished [took 490.3627s]
25/01/24 14:58:38| INFO        mandoline finished [took 937.9291s]
25/01/24 14:58:38| INFO     Dataset sample [0.5 0.5] of dataset rcv1_MCAT finished [took 940.5597s]
25/01/24 14:58:38| INFO     Dataset sample [0.6 0.4] of dataset rcv1_MCAT started
25/01/24 15:00:08| INFO        ref finished [took 88.5776s]
25/01/24 15:00:16| INFO        atc_mc finished [took 95.1581s]
25/01/24 15:00:21| INFO        doc finished [took 99.8099s]
25/01/24 15:06:51| INFO        rca finished [took 489.8960s]
25/01/24 15:06:55| INFO        rca_star finished [took 494.3795s]
25/01/24 15:14:07| INFO        mandoline finished [took 925.8516s]
25/01/24 15:14:07| INFO     Dataset sample [0.6 0.4] of dataset rcv1_MCAT finished [took 928.2753s]
25/01/24 15:14:07| INFO     Dataset sample [0.7 0.3] of dataset rcv1_MCAT started
25/01/24 15:15:36| INFO        ref finished [took 88.0580s]
25/01/24 15:15:45| INFO        atc_mc finished [took 96.0900s]
25/01/24 15:15:51| INFO        doc finished [took 101.1047s]
25/01/24 15:22:21| INFO        rca_star finished [took 491.9192s]
25/01/24 15:22:22| INFO        rca finished [took 492.0604s]
25/01/24 15:29:29| INFO        mandoline finished [took 919.4335s]
25/01/24 15:29:29| INFO     Dataset sample [0.7 0.3] of dataset rcv1_MCAT finished [took 922.0897s]
25/01/24 15:29:29| INFO     Dataset sample [0.8 0.2] of dataset rcv1_MCAT started
25/01/24 15:30:57| INFO        ref finished [took 87.8217s]
25/01/24 15:31:07| INFO        atc_mc finished [took 95.2762s]
25/01/24 15:31:12| INFO        doc finished [took 100.6940s]
25/01/24 15:37:18| INFO        rca_star finished [took 466.6618s]
25/01/24 15:37:23| INFO        rca finished [took 471.2736s]
25/01/24 15:44:40| INFO        mandoline finished [took 908.9283s]
25/01/24 15:44:40| INFO     Dataset sample [0.8 0.2] of dataset rcv1_MCAT finished [took 911.6243s]
25/01/24 15:44:40| INFO     Dataset sample [0.9 0.1] of dataset rcv1_MCAT started
25/01/24 15:46:13| INFO        ref finished [took 91.3125s]
25/01/24 15:46:27| INFO        atc_mc finished [took 103.8304s]
25/01/24 15:46:34| INFO        doc finished [took 110.6919s]
25/01/24 15:53:06| INFO        rca_star finished [took 502.9974s]
25/01/24 15:53:08| INFO        rca finished [took 504.4067s]
25/01/24 16:00:41| INFO        mandoline finished [took 957.8078s]
25/01/24 16:00:41| INFO     Dataset sample [0.9 0.1] of dataset rcv1_MCAT finished [took 960.6609s]
