----------------------------------------------------------------------------------------------------
24/01/24 00:01:59| INFO     dataset rcv1_MCAT [pool size: 10]
24/01/24 00:01:59| INFO     Dataset sample [0.1 0.9] of dataset rcv1_MCAT started
24/01/24 00:04:49| INFO        mul_sld_lr_ne finished [took 166.9680s]
24/01/24 00:05:04| INFO        m3w_sld_lr_c finished [took 180.6814s]
24/01/24 00:05:10| INFO        m3w_sld_lr_mc finished [took 186.3221s]
24/01/24 00:05:11| INFO        m3w_sld_lr finished [took 186.8165s]
24/01/24 00:05:28| INFO        bin_sld_lr_mc finished [took 204.2882s]
24/01/24 00:05:34| INFO        bin_sld_lr finished [took 210.2940s]
24/01/24 00:05:34| INFO        bin_sld_lr_ne finished [took 210.5574s]
24/01/24 00:05:42| INFO        bin_sld_lr_c finished [took 218.0365s]
24/01/24 00:06:03| INFO        mul_sld_lr_c finished [took 239.5998s]
24/01/24 00:06:27| INFO        mul_sld_lr_mc finished [took 262.6671s]
24/01/24 00:06:27| INFO        mul_sld_lr finished [took 263.6967s]
24/01/24 00:07:12| INFO        m3w_sld_lr_is finished [took 121.0861s]
24/01/24 00:07:21| INFO        m3w_sld_lr_ne finished [took 152.0447s]
24/01/24 00:07:27| INFO        ref finished [took 105.1326s]
24/01/24 00:07:43| INFO        mul_sld_lr_is finished [took 152.9885s]
24/01/24 00:07:44| INFO        bin_sld_lr_is finished [took 158.5123s]
24/01/24 00:07:44| INFO        atc_mc finished [took 100.2385s]
24/01/24 00:07:57| INFO        m3w_sld_lr_a finished [took 141.7863s]
24/01/24 00:08:00| INFO        doc finished [took 92.1760s]
24/01/24 00:08:13| INFO        bin_sld_lr_a finished [took 164.5672s]
24/01/24 00:08:15| INFO        mul_sld_lr_a finished [took 159.9112s]
24/01/24 00:08:45| DEBUG       [BinaryQuantifierAccuracyEstimator] optimization finished: best params {'quantifier__classifier__C': 100.0, 'quantifier__classifier__class_weight': 'balanced', 'quantifier__recalib': None, 'confidence': None} (score=0.00607) [took 29.3454s]
24/01/24 00:09:45| INFO        bin_sld_lr_gs finished [took 90.1004s]
24/01/24 00:18:42| DEBUG       [MultiClassAccuracyEstimator] optimization finished: best params {'quantifier__classifier__C': 1000.0, 'quantifier__classifier__class_weight': 'balanced', 'quantifier__recalib': None, 'confidence': ['max_conf', 'entropy', 'isoft']} (score=0.00758) [took 535.4998s]
24/01/24 00:19:43| INFO        mul_sld_lr_gs finished [took 596.3349s]
24/01/24 00:26:23| DEBUG       [MultiClassAccuracyEstimator] optimization finished: best params {'quantifier__classifier__C': 100.0, 'quantifier__classifier__class_weight': 'balanced', 'quantifier__recalib': 'bcts', 'confidence': ['isoft']} (score=0.00635) [took 400.0002s]
24/01/24 00:27:15| INFO        m3w_sld_lr_gs finished [took 451.5179s]
24/01/24 00:27:15| INFO     Dataset sample [0.1 0.9] of dataset rcv1_MCAT finished [took 1515.8194s]
24/01/24 00:27:15| INFO     Dataset sample [0.2 0.8] of dataset rcv1_MCAT started
24/01/24 00:29:34| INFO        m3w_sld_lr_c finished [took 137.6315s]
24/01/24 00:29:38| INFO        m3w_sld_lr finished [took 141.6595s]
24/01/24 00:30:06| INFO        m3w_sld_lr_mc finished [took 169.6621s]
24/01/24 00:30:35| INFO        bin_sld_lr_ne finished [took 198.5406s]
24/01/24 00:30:51| INFO        bin_sld_lr finished [took 214.3172s]
24/01/24 00:30:51| INFO        bin_sld_lr_c finished [took 214.6789s]
24/01/24 00:30:55| INFO        bin_sld_lr_mc finished [took 218.7291s]
24/01/24 00:31:01| INFO        mul_sld_lr_ne finished [took 224.3339s]
24/01/24 00:31:01| INFO        mul_sld_lr_c finished [took 224.8041s]
24/01/24 00:31:37| INFO        mul_sld_lr finished [took 260.7963s]
24/01/24 00:31:42| INFO        mul_sld_lr_mc finished [took 264.9864s]
24/01/24 00:31:50| INFO        m3w_sld_lr_ne finished [took 136.0529s]
24/01/24 00:32:16| INFO        bin_sld_lr_is finished [took 157.6230s]
24/01/24 00:32:32| INFO        atc_mc finished [took 90.0872s]
24/01/24 00:32:44| INFO        ref finished [took 102.0195s]
24/01/24 00:32:45| INFO        m3w_sld_lr_is finished [took 128.9993s]
24/01/24 00:32:57| INFO        doc finished [took 78.9857s]
24/01/24 00:33:03| INFO        m3w_sld_lr_a finished [took 126.2764s]
24/01/24 00:33:17| INFO        mul_sld_lr_is finished [took 189.8058s]
24/01/24 00:33:25| INFO        bin_sld_lr_a finished [took 153.2788s]
24/01/24 00:33:30| INFO        mul_sld_lr_a finished [took 157.7645s]
24/01/24 00:35:45| DEBUG       [BinaryQuantifierAccuracyEstimator] optimization finished: best params {'quantifier__classifier__C': 0.1, 'quantifier__classifier__class_weight': None, 'quantifier__recalib': 'bcts', 'confidence': None} (score=0.00653) [took 134.5152s]
24/01/24 00:36:46| INFO        bin_sld_lr_gs finished [took 195.5106s]
24/01/24 00:46:25| DEBUG       [MultiClassAccuracyEstimator] optimization finished: best params {'quantifier__classifier__C': 1000.0, 'quantifier__classifier__class_weight': 'balanced', 'quantifier__recalib': 'bcts', 'confidence': ['max_conf', 'entropy', 'isoft']} (score=0.00718) [took 578.6239s]
24/01/24 00:47:28| INFO        mul_sld_lr_gs finished [took 641.6285s]
24/01/24 00:54:26| DEBUG       [MultiClassAccuracyEstimator] optimization finished: best params {'quantifier__classifier__C': 1.0, 'quantifier__classifier__class_weight': 'balanced', 'quantifier__recalib': 'bcts', 'confidence': ['isoft']} (score=0.00794) [took 417.0822s]
24/01/24 00:55:18| INFO        m3w_sld_lr_gs finished [took 468.9654s]
24/01/24 00:55:18| INFO     Dataset sample [0.2 0.8] of dataset rcv1_MCAT finished [took 1682.9551s]
24/01/24 00:55:18| INFO     Dataset sample [0.3 0.7] of dataset rcv1_MCAT started
24/01/24 00:57:21| INFO        m3w_sld_lr_c finished [took 121.2746s]
24/01/24 00:58:05| INFO        m3w_sld_lr finished [took 164.7798s]
24/01/24 00:58:12| INFO        m3w_sld_lr_mc finished [took 171.8819s]
24/01/24 00:58:33| INFO        bin_sld_lr_mc finished [took 192.9892s]
24/01/24 00:58:34| INFO        bin_sld_lr finished [took 194.0404s]
24/01/24 00:58:37| INFO        bin_sld_lr_c finished [took 197.0447s]
24/01/24 00:58:44| INFO        mul_sld_lr_ne finished [took 203.7280s]
24/01/24 00:58:46| INFO        mul_sld_lr_mc finished [took 206.4184s]
24/01/24 00:58:50| INFO        mul_sld_lr finished [took 210.7679s]
24/01/24 00:58:54| INFO        bin_sld_lr_ne finished [took 214.3268s]
24/01/24 00:58:58| INFO        mul_sld_lr_c finished [took 218.1463s]
24/01/24 00:59:43| INFO        m3w_sld_lr_ne finished [took 141.3847s]
24/01/24 01:00:26| INFO        ref finished [took 98.6262s]
24/01/24 01:00:34| INFO        m3w_sld_lr_is finished [took 120.3733s]
24/01/24 01:00:35| INFO        mul_sld_lr_a finished [took 117.3937s]
24/01/24 01:00:40| INFO        m3w_sld_lr_a finished [took 116.2720s]
24/01/24 01:00:45| INFO        bin_sld_lr_is finished [took 159.5471s]
24/01/24 01:00:53| INFO        atc_mc finished [took 121.9504s]
24/01/24 01:00:57| INFO        mul_sld_lr_is finished [took 164.8147s]
24/01/24 01:00:57| INFO        doc finished [took 122.5431s]
24/01/24 01:01:07| INFO        bin_sld_lr_a finished [took 152.2939s]
24/01/24 01:03:18| DEBUG       [BinaryQuantifierAccuracyEstimator] optimization finished: best params {'quantifier__classifier__C': 1.0, 'quantifier__classifier__class_weight': 'balanced', 'quantifier__recalib': 'bcts', 'confidence': None} (score=0.00733) [took 130.5147s]
24/01/24 01:04:19| INFO        bin_sld_lr_gs finished [took 191.1320s]
24/01/24 01:13:53| DEBUG       [MultiClassAccuracyEstimator] optimization finished: best params {'quantifier__classifier__C': 0.1, 'quantifier__classifier__class_weight': 'balanced', 'quantifier__recalib': 'bcts', 'confidence': ['max_conf', 'entropy']} (score=0.00519) [took 574.0554s]
24/01/24 01:14:55| INFO        mul_sld_lr_gs finished [took 635.9596s]
24/01/24 01:21:42| DEBUG       [MultiClassAccuracyEstimator] optimization finished: best params {'quantifier__classifier__C': 0.1, 'quantifier__classifier__class_weight': 'balanced', 'quantifier__recalib': 'bcts', 'confidence': ['max_conf', 'entropy']} (score=0.00592) [took 406.6821s]
24/01/24 01:22:33| INFO        m3w_sld_lr_gs finished [took 457.1614s]
24/01/24 01:22:33| INFO     Dataset sample [0.3 0.7] of dataset rcv1_MCAT finished [took 1635.0841s]
24/01/24 01:22:33| INFO     Dataset sample [0.4 0.6] of dataset rcv1_MCAT started
24/01/24 01:25:05| INFO        m3w_sld_lr_mc finished [took 150.8489s]
24/01/24 01:25:24| INFO        m3w_sld_lr_c finished [took 168.9088s]
24/01/24 01:25:25| INFO        mul_sld_lr finished [took 170.0036s]
24/01/24 01:25:27| INFO        m3w_sld_lr finished [took 171.8442s]
24/01/24 01:25:44| INFO        bin_sld_lr finished [took 188.5053s]
24/01/24 01:25:48| INFO        bin_sld_lr_ne finished [took 192.1149s]
24/01/24 01:25:55| INFO        mul_sld_lr_c finished [took 199.2055s]
24/01/24 01:25:58| INFO        bin_sld_lr_mc finished [took 202.5023s]
24/01/24 01:25:59| INFO        bin_sld_lr_c finished [took 203.6023s]
24/01/24 01:26:04| INFO        mul_sld_lr_ne finished [took 208.4737s]
24/01/24 01:26:11| INFO        mul_sld_lr_mc finished [took 215.5752s]
24/01/24 01:27:23| INFO        m3w_sld_lr_ne finished [took 137.0192s]
24/01/24 01:27:33| INFO        m3w_sld_lr_is finished [took 125.0535s]
24/01/24 01:27:38| INFO        bin_sld_lr_is finished [took 133.4605s]
24/01/24 01:27:50| INFO        ref finished [took 111.3297s]
24/01/24 01:27:53| INFO        mul_sld_lr_is finished [took 146.7411s]
24/01/24 01:28:03| INFO        m3w_sld_lr_a finished [took 127.7571s]
24/01/24 01:28:03| INFO        doc finished [took 118.4900s]
24/01/24 01:28:09| INFO        atc_mc finished [took 129.4812s]
24/01/24 01:28:16| INFO        bin_sld_lr_a finished [took 151.2034s]
24/01/24 01:28:16| INFO        mul_sld_lr_a finished [took 147.8169s]
24/01/24 01:30:47| DEBUG       [BinaryQuantifierAccuracyEstimator] optimization finished: best params {'quantifier__classifier__C': 100.0, 'quantifier__classifier__class_weight': 'balanced', 'quantifier__recalib': None, 'confidence': None} (score=0.00722) [took 150.0523s]
24/01/24 01:31:48| INFO        bin_sld_lr_gs finished [took 210.5375s]
24/01/24 01:41:35| DEBUG       [MultiClassAccuracyEstimator] optimization finished: best params {'quantifier__classifier__C': 100.0, 'quantifier__classifier__class_weight': 'balanced', 'quantifier__recalib': None, 'confidence': ['max_conf', 'entropy', 'isoft']} (score=0.00829) [took 585.9382s]
24/01/24 01:42:35| INFO        mul_sld_lr_gs finished [took 646.9312s]
24/01/24 01:49:33| DEBUG       [MultiClassAccuracyEstimator] optimization finished: best params {'quantifier__classifier__C': 100.0, 'quantifier__classifier__class_weight': 'balanced', 'quantifier__recalib': None, 'confidence': None} (score=0.00849) [took 416.6419s]
24/01/24 01:50:23| INFO        m3w_sld_lr_gs finished [took 467.2107s]
24/01/24 01:50:23| INFO     Dataset sample [0.4 0.6] of dataset rcv1_MCAT finished [took 1670.6468s]
24/01/24 01:50:24| INFO     Dataset sample [0.5 0.5] of dataset rcv1_MCAT started
24/01/24 01:52:41| INFO        m3w_sld_lr finished [took 135.0499s]
24/01/24 01:52:49| INFO        m3w_sld_lr_mc finished [took 143.2863s]
24/01/24 01:53:14| INFO        m3w_sld_lr_c finished [took 167.7222s]
24/01/24 01:53:29| INFO        bin_sld_lr_mc finished [took 183.2378s]
24/01/24 01:53:42| INFO        bin_sld_lr_ne finished [took 195.5559s]
24/01/24 01:53:47| INFO        bin_sld_lr_c finished [took 200.4236s]
24/01/24 01:53:52| INFO        bin_sld_lr finished [took 206.4158s]
24/01/24 01:53:53| INFO        mul_sld_lr_c finished [took 207.1745s]
24/01/24 01:53:54| INFO        mul_sld_lr_mc finished [took 207.6878s]
24/01/24 01:53:54| INFO        mul_sld_lr finished [took 208.5943s]
24/01/24 01:53:56| INFO        mul_sld_lr_ne finished [took 209.7137s]
24/01/24 01:54:51| INFO        bin_sld_lr_is finished [took 120.7640s]
24/01/24 01:55:05| INFO        m3w_sld_lr_ne finished [took 142.7312s]
24/01/24 01:55:35| INFO        doc finished [took 99.8396s]
24/01/24 01:55:35| INFO        ref finished [took 101.0488s]
24/01/24 01:55:40| INFO        m3w_sld_lr_is finished [took 129.6169s]
24/01/24 01:55:53| INFO        mul_sld_lr_a finished [took 125.7306s]
24/01/24 01:55:55| INFO        atc_mc finished [took 119.9460s]
24/01/24 01:55:58| INFO        mul_sld_lr_is finished [took 163.2644s]
24/01/24 01:55:59| INFO        m3w_sld_lr_a finished [took 125.4270s]
24/01/24 01:56:08| INFO        bin_sld_lr_a finished [took 144.8807s]
24/01/24 01:58:39| DEBUG       [BinaryQuantifierAccuracyEstimator] optimization finished: best params {'quantifier__classifier__C': 10.0, 'quantifier__classifier__class_weight': None, 'quantifier__recalib': 'bcts', 'confidence': ['max_conf', 'entropy', 'isoft']} (score=0.00866) [took 150.2275s]
24/01/24 01:59:41| INFO        bin_sld_lr_gs finished [took 212.9453s]
24/01/24 02:09:31| DEBUG       [MultiClassAccuracyEstimator] optimization finished: best params {'quantifier__classifier__C': 100.0, 'quantifier__classifier__class_weight': 'balanced', 'quantifier__recalib': None, 'confidence': ['max_conf', 'entropy']} (score=0.00834) [took 588.6728s]
24/01/24 02:10:31| INFO        mul_sld_lr_gs finished [took 648.9945s]
24/01/24 02:17:34| DEBUG       [MultiClassAccuracyEstimator] optimization finished: best params {'quantifier__classifier__C': 100.0, 'quantifier__classifier__class_weight': 'balanced', 'quantifier__recalib': None, 'confidence': None} (score=0.00880) [took 421.6920s]
24/01/24 02:18:24| INFO        m3w_sld_lr_gs finished [took 472.3793s]
24/01/24 02:18:24| INFO     Dataset sample [0.5 0.5] of dataset rcv1_MCAT finished [took 1680.8271s]
24/01/24 02:18:24| INFO     Dataset sample [0.6 0.4] of dataset rcv1_MCAT started
24/01/24 02:21:03| INFO        m3w_sld_lr finished [took 157.5910s]
24/01/24 02:21:05| INFO        bin_sld_lr_mc finished [took 158.8499s]
24/01/24 02:21:16| INFO        m3w_sld_lr_mc finished [took 169.9854s]
24/01/24 02:21:19| INFO        m3w_sld_lr_c finished [took 172.8098s]
24/01/24 02:21:26| INFO        mul_sld_lr_mc finished [took 179.3801s]
24/01/24 02:21:32| INFO        bin_sld_lr_ne finished [took 185.6850s]
24/01/24 02:21:37| INFO        bin_sld_lr_c finished [took 191.5006s]
24/01/24 02:21:48| INFO        mul_sld_lr_c finished [took 202.0099s]
24/01/24 02:21:48| INFO        mul_sld_lr_ne finished [took 201.7266s]
24/01/24 02:21:50| INFO        bin_sld_lr finished [took 204.2941s]
24/01/24 02:21:55| INFO        mul_sld_lr finished [took 209.2947s]
24/01/24 02:23:24| INFO        bin_sld_lr_a finished [took 117.8885s]
24/01/24 02:23:30| INFO        atc_mc finished [took 101.7247s]
24/01/24 02:23:31| INFO        bin_sld_lr_is finished [took 145.9243s]
24/01/24 02:23:32| INFO        m3w_sld_lr_ne finished [took 148.2393s]
24/01/24 02:23:42| INFO        ref finished [took 113.3756s]
24/01/24 02:23:45| INFO        m3w_sld_lr_is finished [took 145.1965s]
24/01/24 02:23:51| INFO        doc finished [took 120.0294s]
24/01/24 02:23:53| INFO        mul_sld_lr_is finished [took 156.4622s]
24/01/24 02:23:54| INFO        m3w_sld_lr_a finished [took 135.9513s]
24/01/24 02:24:09| INFO        mul_sld_lr_a finished [took 156.3456s]
24/01/24 02:26:40| DEBUG       [BinaryQuantifierAccuracyEstimator] optimization finished: best params {'quantifier__classifier__C': 1.0, 'quantifier__classifier__class_weight': None, 'quantifier__recalib': 'bcts', 'confidence': None} (score=0.00682) [took 150.3477s]
24/01/24 02:27:41| INFO        bin_sld_lr_gs finished [took 211.7571s]
24/01/24 02:37:26| DEBUG       [MultiClassAccuracyEstimator] optimization finished: best params {'quantifier__classifier__C': 1.0, 'quantifier__classifier__class_weight': 'balanced', 'quantifier__recalib': 'bcts', 'confidence': None} (score=0.00612) [took 584.3332s]
24/01/24 02:38:27| INFO        mul_sld_lr_gs finished [took 645.6005s]
24/01/24 02:45:25| DEBUG       [MultiClassAccuracyEstimator] optimization finished: best params {'quantifier__classifier__C': 1.0, 'quantifier__classifier__class_weight': 'balanced', 'quantifier__recalib': 'bcts', 'confidence': None} (score=0.00638) [took 417.0968s]
24/01/24 02:46:15| INFO        m3w_sld_lr_gs finished [took 467.6498s]
24/01/24 02:46:15| INFO     Dataset sample [0.6 0.4] of dataset rcv1_MCAT finished [took 1670.9796s]
24/01/24 02:46:15| INFO     Dataset sample [0.7 0.3] of dataset rcv1_MCAT started
24/01/24 02:49:01| INFO        m3w_sld_lr_c finished [took 163.2450s]
24/01/24 02:49:05| INFO        bin_sld_lr_ne finished [took 167.1674s]
24/01/24 02:49:07| INFO        m3w_sld_lr_mc finished [took 169.6052s]
24/01/24 02:49:09| INFO        m3w_sld_lr finished [took 171.8981s]
24/01/24 02:49:19| INFO        mul_sld_lr_mc finished [took 181.4065s]
24/01/24 02:49:34| INFO        mul_sld_lr finished [took 196.9045s]
24/01/24 02:49:42| INFO        bin_sld_lr_c finished [took 204.1823s]
24/01/24 02:49:43| INFO        mul_sld_lr_c finished [took 205.1290s]
24/01/24 02:49:44| INFO        mul_sld_lr_ne finished [took 205.8599s]
24/01/24 02:49:52| INFO        bin_sld_lr finished [took 214.6285s]
24/01/24 02:49:54| INFO        bin_sld_lr_mc finished [took 215.9918s]
24/01/24 02:51:10| INFO        m3w_sld_lr_is finished [took 120.0696s]
24/01/24 02:51:28| INFO        ref finished [took 104.0877s]
24/01/24 02:51:39| INFO        m3w_sld_lr_ne finished [took 157.1968s]
24/01/24 02:51:46| INFO        doc finished [took 113.1143s]
24/01/24 02:51:46| INFO        mul_sld_lr_is finished [took 158.1249s]
24/01/24 02:51:48| INFO        atc_mc finished [took 122.5914s]
24/01/24 02:51:48| INFO        bin_sld_lr_a finished [took 148.0978s]
24/01/24 02:51:52| INFO        m3w_sld_lr_a finished [took 129.4885s]
24/01/24 02:51:53| INFO        bin_sld_lr_is finished [took 167.3315s]
24/01/24 02:52:07| INFO        mul_sld_lr_a finished [took 151.9861s]
24/01/24 02:54:31| DEBUG       [BinaryQuantifierAccuracyEstimator] optimization finished: best params {'quantifier__classifier__C': 100.0, 'quantifier__classifier__class_weight': 'balanced', 'quantifier__recalib': None, 'confidence': ['isoft']} (score=0.00460) [took 142.7757s]
24/01/24 02:55:32| INFO        bin_sld_lr_gs finished [took 203.4423s]
24/01/24 03:05:18| DEBUG       [MultiClassAccuracyEstimator] optimization finished: best params {'quantifier__classifier__C': 100.0, 'quantifier__classifier__class_weight': 'balanced', 'quantifier__recalib': None, 'confidence': ['max_conf', 'entropy']} (score=0.00717) [took 585.6963s]
24/01/24 03:06:18| INFO        mul_sld_lr_gs finished [took 645.9606s]
24/01/24 03:13:20| DEBUG       [MultiClassAccuracyEstimator] optimization finished: best params {'quantifier__classifier__C': 100.0, 'quantifier__classifier__class_weight': 'balanced', 'quantifier__recalib': None, 'confidence': ['max_conf', 'entropy']} (score=0.00688) [took 420.3713s]
24/01/24 03:14:10| INFO        m3w_sld_lr_gs finished [took 470.3505s]
24/01/24 03:14:10| INFO     Dataset sample [0.7 0.3] of dataset rcv1_MCAT finished [took 1674.2306s]
24/01/24 03:14:10| INFO     Dataset sample [0.8 0.2] of dataset rcv1_MCAT started
24/01/24 03:16:51| INFO        mul_sld_lr_ne finished [took 158.0083s]
24/01/24 03:16:52| INFO        m3w_sld_lr_c finished [took 160.8010s]
24/01/24 03:16:59| INFO        m3w_sld_lr_mc finished [took 166.6549s]
24/01/24 03:17:01| INFO        m3w_sld_lr finished [took 167.9485s]
24/01/24 03:17:15| INFO        bin_sld_lr finished [took 182.3350s]
24/01/24 03:17:20| INFO        mul_sld_lr_c finished [took 187.0720s]
24/01/24 03:17:32| INFO        mul_sld_lr_mc finished [took 198.7769s]
24/01/24 03:17:35| INFO        bin_sld_lr_mc finished [took 202.2199s]
24/01/24 03:17:35| INFO        mul_sld_lr finished [took 202.3051s]
24/01/24 03:17:37| INFO        bin_sld_lr_c finished [took 204.1809s]
24/01/24 03:17:38| INFO        bin_sld_lr_ne finished [took 204.9762s]
24/01/24 03:19:28| INFO        m3w_sld_lr_ne finished [took 156.0878s]
24/01/24 03:19:28| INFO        bin_sld_lr_is finished [took 155.0475s]
24/01/24 03:19:30| INFO        ref finished [took 113.6015s]
24/01/24 03:19:30| INFO        atc_mc finished [took 113.3508s]
24/01/24 03:19:31| INFO        m3w_sld_lr_is finished [took 149.1235s]
24/01/24 03:19:31| INFO        mul_sld_lr_is finished [took 150.6210s]
24/01/24 03:19:32| INFO        doc finished [took 114.0635s]
24/01/24 03:19:46| INFO        m3w_sld_lr_a finished [took 133.5169s]
24/01/24 03:19:49| INFO        mul_sld_lr_a finished [took 147.9885s]
24/01/24 03:19:53| INFO        bin_sld_lr_a finished [took 157.5550s]
24/01/24 03:22:19| DEBUG       [BinaryQuantifierAccuracyEstimator] optimization finished: best params {'quantifier__classifier__C': 10.0, 'quantifier__classifier__class_weight': None, 'quantifier__recalib': None, 'confidence': None} (score=0.00631) [took 144.8788s]
24/01/24 03:23:19| INFO        bin_sld_lr_gs finished [took 204.1518s]
24/01/24 03:33:09| DEBUG       [MultiClassAccuracyEstimator] optimization finished: best params {'quantifier__classifier__C': 10.0, 'quantifier__classifier__class_weight': None, 'quantifier__recalib': None, 'confidence': ['max_conf', 'entropy']} (score=0.00856) [took 588.9724s]
24/01/24 03:34:09| INFO        mul_sld_lr_gs finished [took 649.0040s]
24/01/24 03:41:12| DEBUG       [MultiClassAccuracyEstimator] optimization finished: best params {'quantifier__classifier__C': 10.0, 'quantifier__classifier__class_weight': None, 'quantifier__recalib': None, 'confidence': ['max_conf', 'entropy']} (score=0.01118) [took 422.1004s]
24/01/24 03:42:03| INFO        m3w_sld_lr_gs finished [took 473.1664s]
24/01/24 03:42:03| INFO     Dataset sample [0.8 0.2] of dataset rcv1_MCAT finished [took 1673.3095s]
24/01/24 03:42:03| INFO     Dataset sample [0.9 0.1] of dataset rcv1_MCAT started
24/01/24 03:44:23| INFO        m3w_sld_lr_mc finished [took 137.4651s]
24/01/24 03:44:25| INFO        m3w_sld_lr_c finished [took 140.1862s]
24/01/24 03:44:57| INFO        m3w_sld_lr finished [took 172.2285s]
24/01/24 03:45:03| INFO        bin_sld_lr_c finished [took 178.5655s]
24/01/24 03:45:10| INFO        bin_sld_lr_mc finished [took 185.0614s]
24/01/24 03:45:29| INFO        bin_sld_lr finished [took 203.4371s]
24/01/24 03:45:37| INFO        bin_sld_lr_ne finished [took 211.7739s]
24/01/24 03:46:04| INFO        mul_sld_lr_c finished [took 238.4635s]
24/01/24 03:46:25| INFO        mul_sld_lr_ne finished [took 259.5414s]
24/01/24 03:46:38| INFO        mul_sld_lr finished [took 273.0012s]
24/01/24 03:46:50| INFO        m3w_sld_lr_ne finished [took 146.3614s]
24/01/24 03:46:54| INFO        mul_sld_lr_mc finished [took 288.8044s]
24/01/24 03:47:03| INFO        m3w_sld_lr_is finished [took 119.5808s]
24/01/24 03:47:11| INFO        bin_sld_lr_is finished [took 165.1667s]
24/01/24 03:47:13| INFO        mul_sld_lr_is finished [took 134.8140s]
24/01/24 03:47:35| INFO        ref finished [took 90.7145s]
24/01/24 03:47:37| INFO        bin_sld_lr_a finished [took 146.4492s]
24/01/24 03:47:42| INFO        m3w_sld_lr_a finished [took 124.7267s]
24/01/24 03:47:43| INFO        mul_sld_lr_a finished [took 134.0232s]
24/01/24 03:47:57| INFO        atc_mc finished [took 90.8726s]
24/01/24 03:47:59| INFO        doc finished [took 80.4206s]
24/01/24 03:50:12| DEBUG       [BinaryQuantifierAccuracyEstimator] optimization finished: best params {'quantifier__classifier__C': 10.0, 'quantifier__classifier__class_weight': None, 'quantifier__recalib': None, 'confidence': ['isoft']} (score=0.00684) [took 131.3903s]
24/01/24 03:51:12| INFO        bin_sld_lr_gs finished [took 191.5359s]
24/01/24 04:00:58| DEBUG       [MultiClassAccuracyEstimator] optimization finished: best params {'quantifier__classifier__C': 1.0, 'quantifier__classifier__class_weight': 'balanced', 'quantifier__recalib': 'bcts', 'confidence': ['isoft']} (score=0.00719) [took 585.2903s]
24/01/24 04:01:59| INFO        mul_sld_lr_gs finished [took 646.1004s]
24/01/24 04:08:58| DEBUG       [MultiClassAccuracyEstimator] optimization finished: best params {'quantifier__classifier__C': 1.0, 'quantifier__classifier__class_weight': 'balanced', 'quantifier__recalib': 'bcts', 'confidence': ['max_conf', 'entropy', 'isoft']} (score=0.00733) [took 419.1876s]
24/01/24 04:09:50| INFO        m3w_sld_lr_gs finished [took 470.2422s]
24/01/24 04:09:50| INFO     Dataset sample [0.9 0.1] of dataset rcv1_MCAT finished [took 1666.5274s]
