----------------------------------------------------------------------------------------------------
01/01/24 16:42:57| INFO     dataset rcv1_MCAT [pool size: 10]
01/01/24 16:42:57| INFO     Dataset sample [0.1 0.9] of dataset rcv1_MCAT started
01/01/24 16:45:06| INFO        d_m3w_sld_lr finished [took 124.7822s]
01/01/24 16:45:17| INFO        d_m3w_sld_lr_c finished [took 135.6784s]
01/01/24 16:45:26| INFO        d_mul_sld_lr_ne finished [took 144.1138s]
01/01/24 16:45:35| INFO        d_m3w_sld_lr_mc finished [took 153.1231s]
01/01/24 16:45:39| INFO        d_bin_sld_lr_c finished [took 157.3941s]
01/01/24 16:45:42| INFO        d_bin_sld_lr_ne finished [took 160.2783s]
01/01/24 16:45:44| INFO        d_mul_sld_lr_c finished [took 162.2779s]
01/01/24 16:45:51| INFO        d_bin_sld_lr_mc finished [took 169.4110s]
01/01/24 16:45:51| INFO        d_bin_sld_lr finished [took 169.4420s]
01/01/24 16:45:53| INFO        d_mul_sld_lr_mc finished [took 172.5928s]
01/01/24 16:45:54| INFO        d_mul_sld_lr finished [took 173.7622s]
01/01/24 16:46:43| INFO        d_m3w_sld_lr_ne finished [took 95.8415s]
01/01/24 16:46:51| INFO        d_m3w_sld_lr_is finished [took 75.8622s]
01/01/24 16:46:54| INFO        ref finished [took 74.3204s]
01/01/24 16:46:58| INFO        d_bin_sld_lr_is finished [took 99.7174s]
01/01/24 16:47:03| INFO        doc finished [took 78.1784s]
01/01/24 16:47:15| INFO        d_mul_sld_lr_is finished [took 108.9696s]
01/01/24 16:47:16| INFO        atc_mc finished [took 93.6369s]
01/01/24 16:47:37| DEBUG       [BinaryQuantifierAccuracyEstimator] optimization finished: best params {'quantifier__classifier__C': 1.0, 'quantifier__classifier__class_weight': None, 'quantifier__recalib': None, 'confidence': ['isoft']} (score=0.01027) [took 19.6770s]
01/01/24 16:48:34| INFO        d_bin_sld_lr_gs finished [took 77.1838s]
01/01/24 16:48:49| DEBUG       [MultiClassAccuracyEstimator] optimization finished: best params {'quantifier__classifier__C': 10.0, 'quantifier__classifier__class_weight': None, 'quantifier__recalib': None, 'confidence': None} (score=0.01135) [took 13.9130s]
01/01/24 16:49:46| INFO        d_mul_sld_lr_gs finished [took 71.1997s]
01/01/24 16:50:00| DEBUG       [MultiClassAccuracyEstimator] optimization finished: best params {'quantifier__classifier__C': 1000.0, 'quantifier__classifier__class_weight': 'balanced', 'quantifier__recalib': 'bcts', 'confidence': ['isoft']} (score=0.00660) [took 14.2900s]
01/01/24 16:50:48| INFO        d_m3w_sld_lr_gs finished [took 61.7914s]
01/01/24 16:50:48| INFO     Dataset sample [0.1 0.9] of dataset rcv1_MCAT finished [took 470.9928s]
01/01/24 16:50:48| INFO     Dataset sample [0.2 0.8] of dataset rcv1_MCAT started
01/01/24 16:52:59| INFO        d_m3w_sld_lr_c finished [took 129.5050s]
01/01/24 16:53:15| INFO        d_m3w_sld_lr_mc finished [took 144.8890s]
01/01/24 16:53:21| INFO        d_m3w_sld_lr finished [took 150.7831s]
01/01/24 16:53:32| INFO        d_mul_sld_lr finished [took 161.7195s]
01/01/24 16:53:37| INFO        d_bin_sld_lr_ne finished [took 166.7989s]
01/01/24 16:53:41| INFO        d_mul_sld_lr_c finished [took 171.1269s]
01/01/24 16:53:44| INFO        d_mul_sld_lr_ne finished [took 174.3028s]
01/01/24 16:53:45| INFO        d_mul_sld_lr_mc finished [took 174.9312s]
01/01/24 16:53:49| INFO        d_bin_sld_lr_c finished [took 179.4062s]
01/01/24 16:53:57| INFO        d_bin_sld_lr_mc finished [took 187.4074s]
01/01/24 16:54:01| INFO        d_bin_sld_lr finished [took 190.8836s]
01/01/24 16:54:52| INFO        d_m3w_sld_lr_ne finished [took 112.6664s]
01/01/24 16:54:52| INFO        ref finished [took 75.2327s]
01/01/24 16:54:55| INFO        d_mul_sld_lr_is finished [took 93.8140s]
01/01/24 16:54:59| INFO        atc_mc finished [took 77.0871s]
01/01/24 16:54:59| INFO        doc finished [took 74.2569s]
01/01/24 16:55:08| INFO        d_bin_sld_lr_is finished [took 112.4767s]
01/01/24 16:55:14| INFO        d_m3w_sld_lr_is finished [took 102.3247s]
01/01/24 16:55:54| DEBUG       [BinaryQuantifierAccuracyEstimator] optimization finished: best params {'quantifier__classifier__C': 0.1, 'quantifier__classifier__class_weight': None, 'quantifier__recalib': 'bcts', 'confidence': None} (score=0.00735) [took 38.9038s]
01/01/24 16:56:50| INFO        d_bin_sld_lr_gs finished [took 94.8303s]
01/01/24 16:57:14| DEBUG       [MultiClassAccuracyEstimator] optimization finished: best params {'quantifier__classifier__C': 10.0, 'quantifier__classifier__class_weight': None, 'quantifier__recalib': 'bcts', 'confidence': None} (score=0.01054) [took 22.9959s]
01/01/24 16:58:12| INFO        d_mul_sld_lr_gs finished [took 81.2816s]
01/01/24 16:58:25| DEBUG       [MultiClassAccuracyEstimator] optimization finished: best params {'quantifier__classifier__C': 100.0, 'quantifier__classifier__class_weight': None, 'quantifier__recalib': 'bcts', 'confidence': ['max_conf', 'entropy']} (score=0.00818) [took 12.2107s]
01/01/24 16:59:11| INFO        d_m3w_sld_lr_gs finished [took 59.0716s]
01/01/24 16:59:11| INFO     Dataset sample [0.2 0.8] of dataset rcv1_MCAT finished [took 503.4656s]
01/01/24 16:59:11| INFO     Dataset sample [0.3 0.7] of dataset rcv1_MCAT started
01/01/24 17:01:26| INFO        d_m3w_sld_lr_c finished [took 132.0314s]
01/01/24 17:01:38| INFO        d_m3w_sld_lr finished [took 144.1609s]
01/01/24 17:01:43| INFO        d_m3w_sld_lr_mc finished [took 149.2184s]
01/01/24 17:02:01| INFO        d_bin_sld_lr finished [took 167.7982s]
01/01/24 17:02:04| INFO        d_mul_sld_lr_c finished [took 170.4234s]
01/01/24 17:02:08| INFO        d_mul_sld_lr_mc finished [took 174.2016s]
01/01/24 17:02:08| INFO        d_bin_sld_lr_c finished [took 175.0109s]
01/01/24 17:02:11| INFO        d_bin_sld_lr_mc finished [took 178.3991s]
01/01/24 17:02:16| INFO        d_bin_sld_lr_ne finished [took 182.2430s]
01/01/24 17:02:16| INFO        d_mul_sld_lr finished [took 182.6070s]
01/01/24 17:02:19| INFO        d_mul_sld_lr_ne finished [took 185.0286s]
01/01/24 17:02:58| INFO        d_m3w_sld_lr_ne finished [took 91.5501s]
01/01/24 17:03:22| INFO        d_m3w_sld_lr_is finished [took 79.8587s]
01/01/24 17:03:24| INFO        atc_mc finished [took 75.9350s]
01/01/24 17:03:25| INFO        d_bin_sld_lr_is finished [took 106.5378s]
01/01/24 17:03:28| INFO        doc finished [took 78.4224s]
01/01/24 17:03:28| INFO        d_mul_sld_lr_is finished [took 104.6330s]
01/01/24 17:03:30| INFO        ref finished [took 85.1632s]
01/01/24 17:03:53| DEBUG       [BinaryQuantifierAccuracyEstimator] optimization finished: best params {'quantifier__classifier__C': 1000.0, 'quantifier__classifier__class_weight': None, 'quantifier__recalib': None, 'confidence': ['isoft']} (score=0.00949) [took 22.6363s]
01/01/24 17:04:51| INFO        d_bin_sld_lr_gs finished [took 80.7673s]
01/01/24 17:05:12| DEBUG       [MultiClassAccuracyEstimator] optimization finished: best params {'quantifier__classifier__C': 1.0, 'quantifier__classifier__class_weight': 'balanced', 'quantifier__recalib': 'bcts', 'confidence': ['isoft']} (score=0.00700) [took 19.6711s]
01/01/24 17:06:07| INFO        d_mul_sld_lr_gs finished [took 75.4333s]
01/01/24 17:06:19| DEBUG       [MultiClassAccuracyEstimator] optimization finished: best params {'quantifier__classifier__C': 1.0, 'quantifier__classifier__class_weight': None, 'quantifier__recalib': 'bcts', 'confidence': ['max_conf', 'entropy']} (score=0.00663) [took 11.3224s]
01/01/24 17:07:06| INFO        d_m3w_sld_lr_gs finished [took 58.3535s]
01/01/24 17:07:06| INFO     Dataset sample [0.3 0.7] of dataset rcv1_MCAT finished [took 474.7733s]
01/01/24 17:07:06| INFO     Dataset sample [0.4 0.6] of dataset rcv1_MCAT started
01/01/24 17:09:13| INFO        d_m3w_sld_lr_mc finished [took 123.6493s]
01/01/24 17:09:26| INFO        d_m3w_sld_lr finished [took 136.9719s]
01/01/24 17:09:37| INFO        d_m3w_sld_lr_c finished [took 148.3302s]
01/01/24 17:09:44| INFO        d_mul_sld_lr_ne finished [took 155.5119s]
01/01/24 17:09:52| INFO        d_bin_sld_lr_ne finished [took 162.9593s]
01/01/24 17:09:56| INFO        d_bin_sld_lr_c finished [took 167.2148s]
01/01/24 17:10:05| INFO        d_bin_sld_lr finished [took 176.5240s]
01/01/24 17:10:10| INFO        d_bin_sld_lr_mc finished [took 181.3359s]
01/01/24 17:10:12| INFO        d_mul_sld_lr_mc finished [took 183.0548s]
01/01/24 17:10:15| INFO        d_mul_sld_lr_c finished [took 186.6952s]
01/01/24 17:10:20| INFO        d_mul_sld_lr finished [took 192.1249s]
01/01/24 17:10:40| INFO        d_m3w_sld_lr_ne finished [took 86.5003s]
01/01/24 17:11:08| INFO        d_m3w_sld_lr_is finished [took 83.0835s]
01/01/24 17:11:09| INFO        ref finished [took 76.3452s]
01/01/24 17:11:17| INFO        atc_mc finished [took 80.5121s]
01/01/24 17:11:22| INFO        d_mul_sld_lr_is finished [took 104.3107s]
01/01/24 17:11:22| INFO        d_bin_sld_lr_is finished [took 115.7806s]
01/01/24 17:11:27| INFO        doc finished [took 80.7904s]
01/01/24 17:11:52| DEBUG       [BinaryQuantifierAccuracyEstimator] optimization finished: best params {'quantifier__classifier__C': 0.001, 'quantifier__classifier__class_weight': None, 'quantifier__recalib': 'bcts', 'confidence': None} (score=0.00759) [took 24.6312s]
01/01/24 17:13:04| INFO        d_bin_sld_lr_gs finished [took 96.3295s]
01/01/24 17:13:26| DEBUG       [MultiClassAccuracyEstimator] optimization finished: best params {'quantifier__classifier__C': 100.0, 'quantifier__classifier__class_weight': None, 'quantifier__recalib': 'bcts', 'confidence': ['max_conf', 'entropy']} (score=0.01991) [took 21.5986s]
01/01/24 17:14:24| INFO        d_mul_sld_lr_gs finished [took 79.9449s]
01/01/24 17:14:38| DEBUG       [MultiClassAccuracyEstimator] optimization finished: best params {'quantifier__classifier__C': 0.001, 'quantifier__classifier__class_weight': None, 'quantifier__recalib': 'bcts', 'confidence': ['max_conf', 'entropy']} (score=0.01231) [took 12.6797s]
01/01/24 17:15:25| INFO        d_m3w_sld_lr_gs finished [took 60.4208s]
01/01/24 17:15:25| INFO     Dataset sample [0.4 0.6] of dataset rcv1_MCAT finished [took 499.1470s]
01/01/24 17:15:25| INFO     Dataset sample [0.5 0.5] of dataset rcv1_MCAT started
01/01/24 17:17:29| INFO        d_m3w_sld_lr finished [took 120.9339s]
01/01/24 17:17:32| INFO        d_m3w_sld_lr_c finished [took 123.7499s]
01/01/24 17:17:55| INFO        d_m3w_sld_lr_mc finished [took 146.8231s]
01/01/24 17:18:03| INFO        d_bin_sld_lr_mc finished [took 154.7413s]
01/01/24 17:18:22| INFO        d_bin_sld_lr finished [took 173.6684s]
01/01/24 17:18:24| INFO        d_bin_sld_lr_ne finished [took 176.5977s]
01/01/24 17:18:25| INFO        d_bin_sld_lr_c finished [took 176.9152s]
01/01/24 17:18:30| INFO        d_mul_sld_lr_mc finished [took 182.1827s]
01/01/24 17:18:31| INFO        d_mul_sld_lr finished [took 183.0389s]
01/01/24 17:18:36| INFO        d_mul_sld_lr_ne finished [took 187.4554s]
01/01/24 17:18:37| INFO        d_mul_sld_lr_c finished [took 188.4078s]
01/01/24 17:19:09| INFO        d_m3w_sld_lr_ne finished [took 98.7287s]
01/01/24 17:19:18| INFO        d_m3w_sld_lr_is finished [took 74.2111s]
01/01/24 17:19:34| INFO        ref finished [took 71.0368s]
01/01/24 17:19:34| INFO        d_bin_sld_lr_is finished [took 121.8153s]
01/01/24 17:19:38| INFO        doc finished [took 71.8703s]
01/01/24 17:19:41| INFO        atc_mc finished [took 76.3957s]
01/01/24 17:19:53| INFO        d_mul_sld_lr_is finished [took 116.7752s]
01/01/24 17:20:18| DEBUG       [BinaryQuantifierAccuracyEstimator] optimization finished: best params {'quantifier__classifier__C': 1000.0, 'quantifier__classifier__class_weight': None, 'quantifier__recalib': None, 'confidence': ['isoft']} (score=0.00866) [took 24.1865s]
01/01/24 17:21:17| INFO        d_bin_sld_lr_gs finished [took 83.6151s]
01/01/24 17:21:37| DEBUG       [MultiClassAccuracyEstimator] optimization finished: best params {'quantifier__classifier__C': 100.0, 'quantifier__classifier__class_weight': None, 'quantifier__recalib': 'bcts', 'confidence': ['isoft']} (score=0.00839) [took 19.3585s]
01/01/24 17:22:35| INFO        d_mul_sld_lr_gs finished [took 76.6534s]
01/01/24 17:22:47| DEBUG       [MultiClassAccuracyEstimator] optimization finished: best params {'quantifier__classifier__C': 1.0, 'quantifier__classifier__class_weight': None, 'quantifier__recalib': 'bcts', 'confidence': ['isoft']} (score=0.00866) [took 11.4788s]
01/01/24 17:23:33| INFO        d_m3w_sld_lr_gs finished [took 57.5050s]
01/01/24 17:23:33| INFO     Dataset sample [0.5 0.5] of dataset rcv1_MCAT finished [took 487.3774s]
01/01/24 17:23:33| INFO     Dataset sample [0.6 0.4] of dataset rcv1_MCAT started
01/01/24 17:25:37| INFO        d_m3w_sld_lr finished [took 123.2905s]
01/01/24 17:25:40| INFO        d_m3w_sld_lr_mc finished [took 125.7046s]
01/01/24 17:25:53| INFO        d_m3w_sld_lr_c finished [took 138.6585s]
01/01/24 17:26:16| INFO        d_mul_sld_lr_c finished [took 161.0186s]
01/01/24 17:26:19| INFO        d_mul_sld_lr_ne finished [took 164.8812s]
01/01/24 17:26:30| INFO        d_bin_sld_lr finished [took 175.1068s]
01/01/24 17:26:33| INFO        d_bin_sld_lr_ne finished [took 178.2224s]
01/01/24 17:26:35| INFO        d_bin_sld_lr_c finished [took 180.6764s]
01/01/24 17:26:37| INFO        d_bin_sld_lr_mc finished [took 182.6496s]
01/01/24 17:26:42| INFO        d_mul_sld_lr finished [took 187.3003s]
01/01/24 17:26:42| INFO        d_mul_sld_lr_mc finished [took 187.6797s]
01/01/24 17:27:14| INFO        d_m3w_sld_lr_ne finished [took 95.4854s]
01/01/24 17:27:30| INFO        ref finished [took 70.0330s]
01/01/24 17:27:32| INFO        d_bin_sld_lr_is finished [took 111.4729s]
01/01/24 17:27:44| INFO        doc finished [took 70.9028s]
01/01/24 17:27:48| INFO        atc_mc finished [took 77.6856s]
01/01/24 17:27:48| INFO        d_m3w_sld_lr_is finished [took 91.9956s]
01/01/24 17:27:54| INFO        d_mul_sld_lr_is finished [took 119.9567s]
01/01/24 17:28:18| DEBUG       [BinaryQuantifierAccuracyEstimator] optimization finished: best params {'quantifier__classifier__C': 10.0, 'quantifier__classifier__class_weight': 'balanced', 'quantifier__recalib': 'bcts', 'confidence': None} (score=0.00790) [took 24.1339s]
01/01/24 17:29:17| INFO        d_bin_sld_lr_gs finished [took 82.3987s]
01/01/24 17:29:38| DEBUG       [MultiClassAccuracyEstimator] optimization finished: best params {'quantifier__classifier__C': 10.0, 'quantifier__classifier__class_weight': None, 'quantifier__recalib': 'bcts', 'confidence': None} (score=0.00668) [took 20.4410s]
01/01/24 17:30:38| INFO        d_mul_sld_lr_gs finished [took 80.6461s]
01/01/24 17:30:50| DEBUG       [MultiClassAccuracyEstimator] optimization finished: best params {'quantifier__classifier__C': 0.1, 'quantifier__classifier__class_weight': 'balanced', 'quantifier__recalib': 'bcts', 'confidence': ['isoft']} (score=0.00656) [took 11.5327s]
01/01/24 17:31:36| INFO        d_m3w_sld_lr_gs finished [took 58.1343s]
01/01/24 17:31:36| INFO     Dataset sample [0.6 0.4] of dataset rcv1_MCAT finished [took 483.6011s]
01/01/24 17:31:36| INFO     Dataset sample [0.7 0.3] of dataset rcv1_MCAT started
01/01/24 17:33:59| INFO        d_m3w_sld_lr finished [took 139.6783s]
01/01/24 17:34:02| INFO        d_m3w_sld_lr_mc finished [took 142.9558s]
01/01/24 17:34:03| INFO        d_m3w_sld_lr_c finished [took 144.9223s]
01/01/24 17:34:11| INFO        d_bin_sld_lr finished [took 151.9622s]
01/01/24 17:34:15| INFO        d_mul_sld_lr_mc finished [took 155.9456s]
01/01/24 17:34:31| INFO        d_bin_sld_lr_c finished [took 172.3452s]
01/01/24 17:34:34| INFO        d_mul_sld_lr_ne finished [took 174.7654s]
01/01/24 17:34:43| INFO        d_mul_sld_lr_c finished [took 184.0133s]
01/01/24 17:34:44| INFO        d_bin_sld_lr_mc finished [took 185.0585s]
01/01/24 17:34:46| INFO        d_mul_sld_lr finished [took 187.3882s]
01/01/24 17:34:51| INFO        d_bin_sld_lr_ne finished [took 191.4343s]
01/01/24 17:35:39| INFO        ref finished [took 83.2089s]
01/01/24 17:35:44| INFO        d_m3w_sld_lr_is finished [took 92.3426s]
01/01/24 17:35:48| INFO        atc_mc finished [took 75.9225s]
01/01/24 17:35:52| INFO        d_m3w_sld_lr_ne finished [took 112.6218s]
01/01/24 17:35:53| INFO        d_mul_sld_lr_is finished [took 109.4609s]
01/01/24 17:35:55| INFO        doc finished [took 80.5590s]
01/01/24 17:36:11| INFO        d_bin_sld_lr_is finished [took 128.2953s]
01/01/24 17:36:35| DEBUG       [BinaryQuantifierAccuracyEstimator] optimization finished: best params {'quantifier__classifier__C': 1000.0, 'quantifier__classifier__class_weight': None, 'quantifier__recalib': 'bcts', 'confidence': ['max_conf', 'entropy']} (score=0.01682) [took 23.3541s]
01/01/24 17:37:34| INFO        d_bin_sld_lr_gs finished [took 82.2046s]
01/01/24 17:37:55| DEBUG       [MultiClassAccuracyEstimator] optimization finished: best params {'quantifier__classifier__C': 1.0, 'quantifier__classifier__class_weight': None, 'quantifier__recalib': 'bcts', 'confidence': ['isoft']} (score=0.00995) [took 19.8435s]
01/01/24 17:38:59| INFO        d_mul_sld_lr_gs finished [took 84.3469s]
01/01/24 17:39:13| DEBUG       [MultiClassAccuracyEstimator] optimization finished: best params {'quantifier__classifier__C': 1.0, 'quantifier__classifier__class_weight': 'balanced', 'quantifier__recalib': 'bcts', 'confidence': ['isoft']} (score=0.00889) [took 12.3208s]
01/01/24 17:39:59| INFO        d_m3w_sld_lr_gs finished [took 58.6751s]
01/01/24 17:39:59| INFO     Dataset sample [0.7 0.3] of dataset rcv1_MCAT finished [took 502.4286s]
01/01/24 17:39:59| INFO     Dataset sample [0.8 0.2] of dataset rcv1_MCAT started
01/01/24 17:42:16| INFO        d_m3w_sld_lr finished [took 134.0253s]
01/01/24 17:42:26| INFO        d_m3w_sld_lr_c finished [took 144.4818s]
01/01/24 17:42:30| INFO        d_m3w_sld_lr_mc finished [took 147.6249s]
01/01/24 17:42:49| INFO        d_mul_sld_lr finished [took 166.9410s]
01/01/24 17:42:58| INFO        d_mul_sld_lr_mc finished [took 176.4616s]
01/01/24 17:43:00| INFO        d_mul_sld_lr_c finished [took 177.9824s]
01/01/24 17:43:00| INFO        d_bin_sld_lr_ne finished [took 179.1509s]
01/01/24 17:43:01| INFO        d_bin_sld_lr_c finished [took 178.8391s]
01/01/24 17:43:10| INFO        d_mul_sld_lr_ne finished [took 187.8743s]
01/01/24 17:43:18| INFO        d_bin_sld_lr_mc finished [took 195.8931s]
01/01/24 17:43:45| INFO        d_bin_sld_lr finished [took 223.6390s]
01/01/24 17:43:47| INFO        d_m3w_sld_lr_ne finished [took 90.5535s]
01/01/24 17:44:08| INFO        ref finished [took 68.9140s]
01/01/24 17:44:15| INFO        d_m3w_sld_lr_is finished [took 85.2894s]
01/01/24 17:44:20| INFO        doc finished [took 79.3147s]
01/01/24 17:44:28| INFO        d_mul_sld_lr_is finished [took 117.3355s]
01/01/24 17:44:28| INFO        atc_mc finished [took 87.7850s]
01/01/24 17:44:34| INFO        d_bin_sld_lr_is finished [took 126.8518s]
01/01/24 17:45:05| DEBUG       [BinaryQuantifierAccuracyEstimator] optimization finished: best params {'quantifier__classifier__C': 0.001, 'quantifier__classifier__class_weight': None, 'quantifier__recalib': 'bcts', 'confidence': ['max_conf', 'entropy']} (score=0.05613) [took 30.0502s]
01/01/24 17:46:01| INFO        d_bin_sld_lr_gs finished [took 85.9709s]
01/01/24 17:46:24| DEBUG       [MultiClassAccuracyEstimator] optimization finished: best params {'quantifier__classifier__C': 0.01, 'quantifier__classifier__class_weight': None, 'quantifier__recalib': 'bcts', 'confidence': None} (score=0.03643) [took 21.9138s]
01/01/24 17:47:21| INFO        d_mul_sld_lr_gs finished [took 79.1328s]
01/01/24 17:47:35| DEBUG       [MultiClassAccuracyEstimator] optimization finished: best params {'quantifier__classifier__C': 0.01, 'quantifier__classifier__class_weight': None, 'quantifier__recalib': 'bcts', 'confidence': None} (score=0.03516) [took 12.8513s]
01/01/24 17:48:22| INFO        d_m3w_sld_lr_gs finished [took 59.7831s]
01/01/24 17:48:22| INFO     Dataset sample [0.8 0.2] of dataset rcv1_MCAT finished [took 502.7829s]
01/01/24 17:48:22| INFO     Dataset sample [0.9 0.1] of dataset rcv1_MCAT started
01/01/24 17:50:26| INFO        d_mul_sld_lr_mc finished [took 122.3401s]
01/01/24 17:50:33| INFO        d_m3w_sld_lr_c finished [took 128.5785s]
01/01/24 17:50:54| INFO        d_m3w_sld_lr finished [took 149.8553s]
01/01/24 17:50:54| INFO        d_m3w_sld_lr_mc finished [took 149.8619s]
01/01/24 17:51:03| INFO        d_mul_sld_lr finished [took 158.7995s]
01/01/24 17:51:04| INFO        d_mul_sld_lr_ne finished [took 159.8438s]
01/01/24 17:51:12| INFO        d_bin_sld_lr_mc finished [took 168.3052s]
01/01/24 17:51:15| INFO        d_mul_sld_lr_c finished [took 170.9829s]
01/01/24 17:51:18| INFO        d_bin_sld_lr finished [took 174.3724s]
01/01/24 17:51:21| INFO        d_bin_sld_lr_ne finished [took 177.1422s]
01/01/24 17:51:28| INFO        d_bin_sld_lr_c finished [took 183.7880s]
01/01/24 17:52:03| INFO        d_m3w_sld_lr_ne finished [took 96.8359s]
01/01/24 17:52:18| INFO        d_m3w_sld_lr_is finished [took 83.3614s]
01/01/24 17:52:19| INFO        ref finished [took 76.0695s]
01/01/24 17:52:20| INFO        atc_mc finished [took 75.0147s]
01/01/24 17:52:23| INFO        d_mul_sld_lr_is finished [took 88.2129s]
01/01/24 17:52:40| INFO        doc finished [took 86.8992s]
01/01/24 17:52:51| INFO        d_bin_sld_lr_is finished [took 137.6642s]
01/01/24 17:53:20| DEBUG       [BinaryQuantifierAccuracyEstimator] optimization finished: best params {'quantifier__classifier__C': 0.01, 'quantifier__classifier__class_weight': 'balanced', 'quantifier__recalib': 'bcts', 'confidence': ['isoft']} (score=0.01390) [took 28.0119s]
01/01/24 17:54:15| INFO        d_bin_sld_lr_gs finished [took 83.5588s]
01/01/24 17:54:47| DEBUG       [MultiClassAccuracyEstimator] optimization finished: best params {'quantifier__classifier__C': 0.01, 'quantifier__classifier__class_weight': 'balanced', 'quantifier__recalib': 'bcts', 'confidence': ['max_conf', 'entropy']} (score=0.00806) [took 31.1567s]
01/01/24 17:55:42| INFO        d_mul_sld_lr_gs finished [took 86.2955s]
01/01/24 17:56:01| DEBUG       [MultiClassAccuracyEstimator] optimization finished: best params {'quantifier__classifier__C': 1.0, 'quantifier__classifier__class_weight': 'balanced', 'quantifier__recalib': 'bcts', 'confidence': ['isoft']} (score=0.00678) [took 18.2265s]
01/01/24 17:56:48| INFO        d_m3w_sld_lr_gs finished [took 65.3132s]
01/01/24 17:56:48| INFO     Dataset sample [0.9 0.1] of dataset rcv1_MCAT finished [took 506.3709s]
