----------------------------------------------------------------------------------------------------
01/01/24 21:24:57| INFO     dataset rcv1_MCAT [pool size: 10]
01/01/24 21:24:58| INFO     Dataset sample [0.1 0.9] of dataset rcv1_MCAT started
01/01/24 21:25:02| WARNING     Method d_bin_kde_lr_mc failed. Exception: This solver needs samples of at least 2 classes in the data, but the data contains only one class: 0
01/01/24 21:25:02| WARNING     Method d_bin_kde_lr failed. Exception: This solver needs samples of at least 2 classes in the data, but the data contains only one class: 0
01/01/24 21:25:02| WARNING     Method d_bin_kde_lr_c failed. Exception: This solver needs samples of at least 2 classes in the data, but the data contains only one class: 0
01/01/24 21:25:02| WARNING     Method d_bin_kde_lr_ne failed. Exception: This solver needs samples of at least 2 classes in the data, but the data contains only one class: 0
01/01/24 21:25:03| WARNING     Method d_bin_kde_lr_is failed. Exception: This solver needs samples of at least 2 classes in the data, but the data contains only one class: 0
01/01/24 21:27:09| INFO        ref finished [took 125.4658s]
01/01/24 21:28:35| INFO        atc_mc finished [took 84.8051s]
01/01/24 21:30:06| INFO        doc finished [took 90.3754s]
01/01/24 21:36:17| INFO        d_m3w_kde_lr_mc finished [took 674.8680s]
01/01/24 21:37:37| INFO        d_m3w_kde_lr finished [took 755.1957s]
01/01/24 21:37:38| INFO        d_m3w_kde_lr_c finished [took 756.3081s]
01/01/24 21:37:43| INFO        d_m3w_kde_lr_is finished [took 760.0722s]
01/01/24 21:37:46| INFO        d_mul_kde_lr_is finished [took 762.8687s]
01/01/24 21:37:58| INFO        d_m3w_kde_lr_ne finished [took 775.6628s]
01/01/24 21:38:09| INFO        d_mul_kde_lr_ne finished [took 786.7805s]
01/01/24 21:38:23| INFO        d_mul_kde_lr finished [took 802.0373s]
01/01/24 21:38:37| INFO        d_mul_kde_lr_c finished [took 815.1570s]
01/01/24 21:39:02| INFO        d_mul_kde_lr_mc finished [took 840.6507s]
01/01/24 21:39:12| WARNING     Method d_bin_kde_lr_gs failed. Exception: no combination of hyperparameters seem to work
01/01/24 21:39:38| DEBUG       [size=11,place=1] best score = 0.01144759; best param = {'quantifier__classifier__C': 0.1, 'quantifier__classifier__class_weight': 'balanced', 'quantifier__bandwidth': 0.17, 'confidence': ['isoft']} [took 25.398s]
01/01/24 21:39:38| DEBUG       [size=11,place=2] best score = 0.01335604; best param = {'quantifier__classifier__C': 0.1, 'quantifier__classifier__class_weight': 'balanced', 'quantifier__bandwidth': 0.060000000000000005, 'confidence': ['isoft']} [took 25.398s]
01/01/24 21:40:59| DEBUG       [size=34,place=1] best score = 0.00849789; best param = {'quantifier__classifier__C': 0.1, 'quantifier__classifier__class_weight': 'balanced', 'quantifier__bandwidth': 0.15000000000000002, 'confidence': ['isoft']} [took 80.341s]
01/01/24 21:40:59| DEBUG       [size=34,place=2] best score = 0.00906934; best param = {'quantifier__classifier__C': 0.1, 'quantifier__classifier__class_weight': 'balanced', 'quantifier__bandwidth': 0.16, 'confidence': ['isoft']} [took 80.341s]
01/01/24 21:41:45| DEBUG       [size=16,place=1] best score = 0.01153357; best param = {'quantifier__classifier__C': 1.0, 'quantifier__classifier__class_weight': 'balanced', 'quantifier__bandwidth': 0.15000000000000002, 'confidence': ['isoft']} [took 46.183s]
01/01/24 21:41:45| DEBUG       [size=16,place=2] best score = 0.01188841; best param = {'quantifier__classifier__C': 1.0, 'quantifier__classifier__class_weight': 'balanced', 'quantifier__bandwidth': 0.16, 'confidence': ['isoft']} [took 46.183s]
01/01/24 21:41:45| DEBUG       [MultiClassAccuracyEstimator] optimization finished: best params {'quantifier__classifier__C': 0.1, 'quantifier__classifier__class_weight': 'balanced', 'quantifier__bandwidth': 0.15000000000000002, 'confidence': ['isoft']} (score=0.00850) [took 152.0401s]
01/01/24 21:48:44| INFO        d_mul_kde_lr_gs finished [took 570.8654s]
01/01/24 21:49:09| DEBUG       [size=11,place=1] best score = 0.00855722; best param = {'quantifier__classifier__C': 0.1, 'quantifier__classifier__class_weight': 'balanced', 'quantifier__bandwidth': 0.17, 'confidence': ['isoft']} [took 24.996s]
01/01/24 21:49:09| DEBUG       [size=11,place=2] best score = 0.01232063; best param = {'quantifier__classifier__C': 0.1, 'quantifier__classifier__class_weight': 'balanced', 'quantifier__bandwidth': 0.060000000000000005, 'confidence': ['isoft']} [took 24.996s]
01/01/24 21:50:18| DEBUG       [size=34,place=1] best score = 0.00814046; best param = {'quantifier__classifier__C': 0.1, 'quantifier__classifier__class_weight': 'balanced', 'quantifier__bandwidth': 0.19, 'confidence': ['isoft']} [took 68.960s]
01/01/24 21:50:18| DEBUG       [size=34,place=2] best score = 0.00815766; best param = {'quantifier__classifier__C': 0.1, 'quantifier__classifier__class_weight': 'balanced', 'quantifier__bandwidth': 0.18000000000000002, 'confidence': ['isoft']} [took 68.961s]
01/01/24 21:51:01| DEBUG       [size=16,place=1] best score = 0.01306769; best param = {'quantifier__classifier__C': 1.0, 'quantifier__classifier__class_weight': 'balanced', 'quantifier__bandwidth': 0.18000000000000002, 'confidence': ['isoft']} [took 42.546s]
01/01/24 21:51:01| DEBUG       [size=16,place=2] best score = 0.01383573; best param = {'quantifier__classifier__C': 1.0, 'quantifier__classifier__class_weight': 'balanced', 'quantifier__bandwidth': 0.19, 'confidence': ['isoft']} [took 42.546s]
01/01/24 21:51:01| DEBUG       [MultiClassAccuracyEstimator] optimization finished: best params {'quantifier__classifier__C': 0.1, 'quantifier__classifier__class_weight': 'balanced', 'quantifier__bandwidth': 0.19, 'confidence': ['isoft']} (score=0.00814) [took 136.6136s]
01/01/24 21:57:24| INFO        d_m3w_kde_lr_gs finished [took 520.0138s]
01/01/24 21:57:24| INFO     Dataset sample [0.1 0.9] of dataset rcv1_MCAT finished [took 1946.7431s]
01/01/24 21:57:24| INFO     Dataset sample [0.2 0.8] of dataset rcv1_MCAT started
01/01/24 22:07:36| INFO        d_bin_kde_lr_mc finished [took 607.0704s]
01/01/24 22:07:56| INFO        d_bin_kde_lr finished [took 626.7906s]
01/01/24 22:08:04| INFO        d_bin_kde_lr_ne finished [took 634.8514s]
01/01/24 22:08:24| INFO        d_bin_kde_lr_c finished [took 655.5506s]
01/01/24 22:10:55| INFO        d_m3w_kde_lr finished [took 806.2320s]
01/01/24 22:11:07| INFO        d_m3w_kde_lr_mc finished [took 819.6319s]
01/01/24 22:11:24| INFO        d_m3w_kde_lr_c finished [took 835.0851s]
01/01/24 22:11:29| INFO        d_mul_kde_lr_ne finished [took 839.8359s]
01/01/24 22:11:57| INFO        d_mul_kde_lr finished [took 868.2089s]
01/01/24 22:12:04| INFO        d_mul_kde_lr_mc finished [took 874.7912s]
01/01/24 22:12:11| INFO        d_mul_kde_lr_c finished [took 881.7606s]
01/01/24 22:12:13| INFO        ref finished [took 77.0632s]
01/01/24 22:12:26| INFO        atc_mc finished [took 78.8436s]
01/01/24 22:12:35| INFO        doc finished [took 71.1637s]
01/01/24 22:15:49| INFO        d_bin_kde_lr_is finished [took 472.7305s]
01/01/24 22:17:40| INFO        d_m3w_kde_lr_ne finished [took 602.9919s]
01/01/24 22:18:28| INFO        d_m3w_kde_lr_is finished [took 603.2606s]
01/01/24 22:19:10| INFO        d_mul_kde_lr_is finished [took 665.3705s]
01/01/24 22:19:27| DEBUG       [size=11,place=1] best score = 0.00900705; best param = {'quantifier__classifier__C': 100.0, 'quantifier__classifier__class_weight': 'balanced', 'quantifier__bandwidth': 0.01, 'confidence': None} [took 16.919s]
01/01/24 22:19:27| DEBUG       [size=11,place=2] best score = 0.02098850; best param = {'quantifier__classifier__C': 1000.0, 'quantifier__classifier__class_weight': 'balanced', 'quantifier__bandwidth': 0.09999999999999999, 'confidence': None} [took 16.919s]
01/01/24 22:20:36| DEBUG       [size=51,place=1] best score = 0.01105968; best param = {'quantifier__classifier__C': 10.0, 'quantifier__classifier__class_weight': 'balanced', 'quantifier__bandwidth': 0.01, 'confidence': None} [took 69.101s]
01/01/24 22:20:36| DEBUG       [size=51,place=2] best score = 0.01108049; best param = {'quantifier__classifier__C': 1000.0, 'quantifier__classifier__class_weight': 'balanced', 'quantifier__bandwidth': 0.01, 'confidence': None} [took 69.101s]
01/01/24 22:20:36| DEBUG       [BinaryQuantifierAccuracyEstimator] optimization finished: best params {'quantifier__classifier__C': 100.0, 'quantifier__classifier__class_weight': 'balanced', 'quantifier__bandwidth': 0.01, 'confidence': None} (score=0.00901) [took 86.1315s]
01/01/24 22:24:07| INFO        d_bin_kde_lr_gs finished [took 296.8120s]
01/01/24 22:24:32| DEBUG       [size=11,place=1] best score = 0.00822970; best param = {'quantifier__classifier__C': 0.1, 'quantifier__classifier__class_weight': 'balanced', 'quantifier__bandwidth': 0.060000000000000005, 'confidence': ['isoft']} [took 24.491s]
01/01/24 22:24:32| DEBUG       [size=11,place=2] best score = 0.02185633; best param = {'quantifier__classifier__C': 1000.0, 'quantifier__classifier__class_weight': 'balanced', 'quantifier__bandwidth': 0.09999999999999999, 'confidence': None} [took 24.492s]
01/01/24 22:26:26| DEBUG       [size=52,place=1] best score = 0.00801518; best param = {'quantifier__classifier__C': 0.1, 'quantifier__classifier__class_weight': 'balanced', 'quantifier__bandwidth': 0.08, 'confidence': ['isoft']} [took 113.594s]
01/01/24 22:26:26| DEBUG       [size=52,place=2] best score = 0.00802216; best param = {'quantifier__classifier__C': 0.1, 'quantifier__classifier__class_weight': 'balanced', 'quantifier__bandwidth': 0.06999999999999999, 'confidence': ['isoft']} [took 113.595s]
01/01/24 22:27:05| DEBUG       [size=16,place=1] best score = 0.01213952; best param = {'quantifier__classifier__C': 100.0, 'quantifier__classifier__class_weight': 'balanced', 'quantifier__bandwidth': 0.06999999999999999, 'confidence': ['isoft']} [took 39.271s]
01/01/24 22:27:05| DEBUG       [size=16,place=2] best score = 0.01272400; best param = {'quantifier__classifier__C': 100.0, 'quantifier__classifier__class_weight': 'balanced', 'quantifier__bandwidth': 0.08, 'confidence': ['isoft']} [took 39.271s]
01/01/24 22:27:05| DEBUG       [MultiClassAccuracyEstimator] optimization finished: best params {'quantifier__classifier__C': 0.1, 'quantifier__classifier__class_weight': 'balanced', 'quantifier__bandwidth': 0.08, 'confidence': ['isoft']} (score=0.00802) [took 177.4731s]
01/01/24 22:33:26| INFO        d_mul_kde_lr_gs finished [took 558.9074s]
01/01/24 22:33:52| DEBUG       [size=11,place=1] best score = 0.00879835; best param = {'quantifier__classifier__C': 0.1, 'quantifier__classifier__class_weight': 'balanced', 'quantifier__bandwidth': 0.060000000000000005, 'confidence': ['isoft']} [took 25.213s]
01/01/24 22:33:52| DEBUG       [size=11,place=2] best score = 0.01034366; best param = {'quantifier__classifier__C': 1000.0, 'quantifier__classifier__class_weight': 'balanced', 'quantifier__bandwidth': 0.09999999999999999, 'confidence': None} [took 25.213s]
01/01/24 22:35:33| DEBUG       [size=52,place=1] best score = 0.00814745; best param = {'quantifier__classifier__C': 1000.0, 'quantifier__classifier__class_weight': 'balanced', 'quantifier__bandwidth': 0.19, 'confidence': None} [took 100.695s]
01/01/24 22:35:33| DEBUG       [size=52,place=2] best score = 0.00817144; best param = {'quantifier__classifier__C': 1000.0, 'quantifier__classifier__class_weight': 'balanced', 'quantifier__bandwidth': 0.18000000000000002, 'confidence': None} [took 100.695s]
01/01/24 22:36:15| DEBUG       [size=16,place=1] best score = 0.00813010; best param = {'quantifier__classifier__C': 100.0, 'quantifier__classifier__class_weight': 'balanced', 'quantifier__bandwidth': 0.18000000000000002, 'confidence': None} [took 42.209s]
01/01/24 22:36:15| DEBUG       [size=16,place=2] best score = 0.00815117; best param = {'quantifier__classifier__C': 100.0, 'quantifier__classifier__class_weight': 'balanced', 'quantifier__bandwidth': 0.19, 'confidence': None} [took 42.209s]
01/01/24 22:36:59| DEBUG       [size=20,place=1] best score = 0.00825066; best param = {'quantifier__classifier__C': 100.0, 'quantifier__classifier__class_weight': 'balanced', 'quantifier__bandwidth': 0.17, 'confidence': None} [took 44.206s]
01/01/24 22:36:59| DEBUG       [size=20,place=2] best score = 0.00828018; best param = {'quantifier__classifier__C': 100.0, 'quantifier__classifier__class_weight': 'balanced', 'quantifier__bandwidth': 0.2, 'confidence': None} [took 44.206s]
01/01/24 22:36:59| DEBUG       [MultiClassAccuracyEstimator] optimization finished: best params {'quantifier__classifier__C': 100.0, 'quantifier__classifier__class_weight': 'balanced', 'quantifier__bandwidth': 0.18000000000000002, 'confidence': None} (score=0.00813) [took 212.3389s]
01/01/24 22:43:25| INFO        d_m3w_kde_lr_gs finished [took 597.7513s]
01/01/24 22:43:25| INFO     Dataset sample [0.2 0.8] of dataset rcv1_MCAT finished [took 2760.4927s]
01/01/24 22:43:25| INFO     Dataset sample [0.3 0.7] of dataset rcv1_MCAT started
01/01/24 22:52:04| INFO        d_bin_kde_lr_mc finished [took 514.6447s]
01/01/24 22:52:06| INFO        d_bin_kde_lr_c finished [took 516.5472s]
01/01/24 22:52:34| INFO        d_bin_kde_lr finished [took 544.4214s]
01/01/24 22:52:42| INFO        d_bin_kde_lr_ne finished [took 552.5421s]
01/01/24 22:53:48| INFO        d_m3w_kde_lr finished [took 618.4188s]
01/01/24 22:54:26| INFO        d_m3w_kde_lr_c finished [took 656.3758s]
01/01/24 22:54:27| INFO        d_mul_kde_lr_ne finished [took 657.7584s]
01/01/24 22:54:32| INFO        d_m3w_kde_lr_mc finished [took 662.1477s]
01/01/24 22:54:58| INFO        d_mul_kde_lr_c finished [took 690.2152s]
01/01/24 22:55:00| INFO        ref finished [took 71.7256s]
01/01/24 22:55:02| INFO        d_mul_kde_lr_mc finished [took 693.0483s]
01/01/24 22:55:14| INFO        d_mul_kde_lr finished [took 705.0184s]
01/01/24 22:55:39| INFO        atc_mc finished [took 72.4720s]
01/01/24 22:55:40| INFO        doc finished [took 72.1096s]
01/01/24 22:58:49| INFO        d_bin_kde_lr_is finished [took 402.5078s]
01/01/24 22:59:58| INFO        d_m3w_kde_lr_ne finished [took 473.5037s]
01/01/24 23:00:33| INFO        d_m3w_kde_lr_is finished [took 470.4312s]
01/01/24 23:00:38| INFO        d_mul_kde_lr_is finished [took 483.2732s]
01/01/24 23:00:54| DEBUG       [size=11,place=1] best score = 0.01147540; best param = {'quantifier__classifier__C': 0.1, 'quantifier__classifier__class_weight': 'balanced', 'quantifier__bandwidth': 0.060000000000000005, 'confidence': ['isoft']} [took 15.263s]
01/01/24 23:00:54| DEBUG       [size=11,place=2] best score = 0.01217611; best param = {'quantifier__classifier__C': 1000.0, 'quantifier__classifier__class_weight': 'balanced', 'quantifier__bandwidth': 0.09999999999999999, 'confidence': None} [took 15.264s]
01/01/24 23:01:59| DEBUG       [size=52,place=1] best score = 0.00966447; best param = {'quantifier__classifier__C': 0.1, 'quantifier__classifier__class_weight': 'balanced', 'quantifier__bandwidth': 0.01, 'confidence': ['isoft']} [took 65.191s]
01/01/24 23:01:59| DEBUG       [size=52,place=2] best score = 0.01068999; best param = {'quantifier__classifier__C': 0.1, 'quantifier__classifier__class_weight': 'balanced', 'quantifier__bandwidth': 0.02, 'confidence': ['isoft']} [took 65.192s]
01/01/24 23:02:21| DEBUG       [size=16,place=1] best score = 0.00972549; best param = {'quantifier__classifier__C': 0.01, 'quantifier__classifier__class_weight': 'balanced', 'quantifier__bandwidth': 0.02, 'confidence': ['isoft']} [took 22.040s]
01/01/24 23:02:21| DEBUG       [size=16,place=2] best score = 0.00975466; best param = {'quantifier__classifier__C': 0.1, 'quantifier__classifier__class_weight': 'balanced', 'quantifier__bandwidth': 0.01, 'confidence': None} [took 22.041s]
01/01/24 23:02:21| DEBUG       [BinaryQuantifierAccuracyEstimator] optimization finished: best params {'quantifier__classifier__C': 0.1, 'quantifier__classifier__class_weight': 'balanced', 'quantifier__bandwidth': 0.01, 'confidence': ['isoft']} (score=0.00966) [took 102.5044s]
01/01/24 23:05:42| INFO        d_bin_kde_lr_gs finished [took 303.9222s]
01/01/24 23:06:07| DEBUG       [size=11,place=1] best score = 0.01190909; best param = {'quantifier__classifier__C': 0.1, 'quantifier__classifier__class_weight': 'balanced', 'quantifier__bandwidth': 0.060000000000000005, 'confidence': ['isoft']} [took 24.738s]
01/01/24 23:06:07| DEBUG       [size=11,place=2] best score = 0.01237798; best param = {'quantifier__classifier__C': 1000.0, 'quantifier__classifier__class_weight': 'balanced', 'quantifier__bandwidth': 0.09999999999999999, 'confidence': None} [took 24.738s]
01/01/24 23:08:05| DEBUG       [size=52,place=1] best score = 0.01129391; best param = {'quantifier__classifier__C': 1000.0, 'quantifier__classifier__class_weight': 'balanced', 'quantifier__bandwidth': 0.05, 'confidence': None} [took 117.562s]
01/01/24 23:08:05| DEBUG       [size=52,place=2] best score = 0.01157920; best param = {'quantifier__classifier__C': 1000.0, 'quantifier__classifier__class_weight': 'balanced', 'quantifier__bandwidth': 0.060000000000000005, 'confidence': None} [took 117.563s]
01/01/24 23:08:42| DEBUG       [size=14,place=1] best score = 0.01315054; best param = {'quantifier__classifier__C': 1.0, 'quantifier__classifier__class_weight': 'balanced', 'quantifier__bandwidth': 0.060000000000000005, 'confidence': None} [took 36.565s]
01/01/24 23:08:42| DEBUG       [size=14,place=2] best score = 0.01352815; best param = {'quantifier__classifier__C': 1.0, 'quantifier__classifier__class_weight': 'balanced', 'quantifier__bandwidth': 0.05, 'confidence': None} [took 36.566s]
01/01/24 23:08:42| DEBUG       [MultiClassAccuracyEstimator] optimization finished: best params {'quantifier__classifier__C': 1000.0, 'quantifier__classifier__class_weight': 'balanced', 'quantifier__bandwidth': 0.05, 'confidence': None} (score=0.01129) [took 178.9797s]
01/01/24 23:13:20| INFO        d_mul_kde_lr_gs finished [took 456.9115s]
01/01/24 23:13:42| DEBUG       [size=11,place=1] best score = 0.01102299; best param = {'quantifier__classifier__C': 0.1, 'quantifier__classifier__class_weight': 'balanced', 'quantifier__bandwidth': 0.060000000000000005, 'confidence': ['isoft']} [took 22.066s]
01/01/24 23:13:42| DEBUG       [size=11,place=2] best score = 0.01141440; best param = {'quantifier__classifier__C': 1000.0, 'quantifier__classifier__class_weight': 'balanced', 'quantifier__bandwidth': 0.09999999999999999, 'confidence': None} [took 22.066s]
01/01/24 23:15:26| DEBUG       [size=52,place=1] best score = 0.00925370; best param = {'quantifier__classifier__C': 0.1, 'quantifier__classifier__class_weight': 'balanced', 'quantifier__bandwidth': 0.01, 'confidence': ['isoft']} [took 104.006s]
01/01/24 23:15:26| DEBUG       [size=52,place=2] best score = 0.00992504; best param = {'quantifier__classifier__C': 1000.0, 'quantifier__classifier__class_weight': 'balanced', 'quantifier__bandwidth': 0.02, 'confidence': None} [took 104.006s]
01/01/24 23:15:53| DEBUG       [size=16,place=1] best score = 0.00882355; best param = {'quantifier__classifier__C': 0.01, 'quantifier__classifier__class_weight': 'balanced', 'quantifier__bandwidth': 0.01, 'confidence': ['isoft']} [took 26.955s]
01/01/24 23:15:53| DEBUG       [size=16,place=2] best score = 0.00993108; best param = {'quantifier__classifier__C': 100.0, 'quantifier__classifier__class_weight': 'balanced', 'quantifier__bandwidth': 0.02, 'confidence': None} [took 26.956s]
01/01/24 23:17:16| DEBUG       [size=39,place=1] best score = 0.00937701; best param = {'quantifier__classifier__C': 0.01, 'quantifier__classifier__class_weight': 'balanced', 'quantifier__bandwidth': 0.04, 'confidence': ['isoft']} [took 82.546s]
01/01/24 23:17:16| DEBUG       [size=39,place=2] best score = 0.00946074; best param = {'quantifier__classifier__C': 0.01, 'quantifier__classifier__class_weight': 'balanced', 'quantifier__bandwidth': 0.05, 'confidence': ['isoft']} [took 82.547s]
01/01/24 23:17:16| DEBUG       [MultiClassAccuracyEstimator] optimization finished: best params {'quantifier__classifier__C': 0.01, 'quantifier__classifier__class_weight': 'balanced', 'quantifier__bandwidth': 0.01, 'confidence': ['isoft']} (score=0.00882) [took 235.6866s]
01/01/24 23:21:19| INFO        d_m3w_kde_lr_gs finished [took 479.1869s]
01/01/24 23:21:19| INFO     Dataset sample [0.3 0.7] of dataset rcv1_MCAT finished [took 2274.4587s]
01/01/24 23:21:19| INFO     Dataset sample [0.4 0.6] of dataset rcv1_MCAT started
01/01/24 23:29:23| INFO        d_bin_kde_lr_c finished [took 481.1314s]
01/01/24 23:30:12| INFO        d_bin_kde_lr_ne finished [took 530.4737s]
01/01/24 23:30:23| INFO        d_bin_kde_lr_mc finished [took 540.7155s]
01/01/24 23:30:24| INFO        d_bin_kde_lr finished [took 542.6461s]
01/01/24 23:31:31| INFO        d_m3w_kde_lr finished [took 608.8175s]
01/01/24 23:31:58| INFO        d_mul_kde_lr finished [took 636.5757s]
01/01/24 23:32:14| INFO        d_m3w_kde_lr_mc finished [took 653.3255s]
01/01/24 23:32:34| INFO        d_mul_kde_lr_ne finished [took 671.8673s]
01/01/24 23:32:34| INFO        ref finished [took 62.5042s]
01/01/24 23:33:06| INFO        d_m3w_kde_lr_c finished [took 704.2431s]
01/01/24 23:33:19| INFO        d_mul_kde_lr_mc finished [took 717.5224s]
01/01/24 23:33:25| INFO        atc_mc finished [took 86.6198s]
01/01/24 23:33:31| INFO        d_mul_kde_lr_c finished [took 728.9840s]
01/01/24 23:33:38| INFO        doc finished [took 82.6919s]
01/01/24 23:36:43| INFO        d_bin_kde_lr_is finished [took 390.0015s]
01/01/24 23:37:45| INFO        d_m3w_kde_lr_ne finished [took 501.7329s]
01/01/24 23:38:30| INFO        d_m3w_kde_lr_is finished [took 484.8984s]
01/01/24 23:39:03| INFO        d_mul_kde_lr_is finished [took 519.4599s]
01/01/24 23:39:18| DEBUG       [size=11,place=1] best score = 0.00963123; best param = {'quantifier__classifier__C': 1000.0, 'quantifier__classifier__class_weight': None, 'quantifier__bandwidth': 0.09999999999999999, 'confidence': None} [took 14.910s]
01/01/24 23:39:18| DEBUG       [size=11,place=2] best score = 0.01044261; best param = {'quantifier__classifier__C': 10.0, 'quantifier__classifier__class_weight': None, 'quantifier__bandwidth': 0.09999999999999999, 'confidence': None} [took 14.911s]
01/01/24 23:40:12| DEBUG       [size=45,place=1] best score = 0.00926629; best param = {'quantifier__classifier__C': 10.0, 'quantifier__classifier__class_weight': None, 'quantifier__bandwidth': 0.08, 'confidence': None} [took 54.280s]
01/01/24 23:40:13| DEBUG       [size=45,place=2] best score = 0.00928115; best param = {'quantifier__classifier__C': 1000.0, 'quantifier__classifier__class_weight': None, 'quantifier__bandwidth': 0.09, 'confidence': None} [took 54.280s]
01/01/24 23:40:35| DEBUG       [size=14,place=1] best score = 0.00921641; best param = {'quantifier__classifier__C': 10.0, 'quantifier__classifier__class_weight': None, 'quantifier__bandwidth': 0.08, 'confidence': ['isoft']} [took 22.133s]
01/01/24 23:40:35| DEBUG       [size=14,place=2] best score = 0.00928015; best param = {'quantifier__classifier__C': 100.0, 'quantifier__classifier__class_weight': None, 'quantifier__bandwidth': 0.09, 'confidence': None} [took 22.134s]
01/01/24 23:41:26| DEBUG       [size=42,place=1] best score = 0.00925211; best param = {'quantifier__classifier__C': 10.0, 'quantifier__classifier__class_weight': None, 'quantifier__bandwidth': 0.09, 'confidence': ['isoft']} [took 51.803s]
01/01/24 23:41:26| DEBUG       [size=42,place=2] best score = 0.00937830; best param = {'quantifier__classifier__C': 100.0, 'quantifier__classifier__class_weight': None, 'quantifier__bandwidth': 0.09, 'confidence': ['isoft']} [took 51.803s]
01/01/24 23:41:27| DEBUG       [BinaryQuantifierAccuracyEstimator] optimization finished: best params {'quantifier__classifier__C': 10.0, 'quantifier__classifier__class_weight': None, 'quantifier__bandwidth': 0.08, 'confidence': ['isoft']} (score=0.00922) [took 143.2370s]
01/01/24 23:45:09| INFO        d_bin_kde_lr_gs finished [took 365.8168s]
01/01/24 23:45:34| DEBUG       [size=11,place=1] best score = 0.00911547; best param = {'quantifier__classifier__C': 0.1, 'quantifier__classifier__class_weight': 'balanced', 'quantifier__bandwidth': 0.17, 'confidence': ['isoft']} [took 24.021s]
01/01/24 23:45:34| DEBUG       [size=11,place=2] best score = 0.01047562; best param = {'quantifier__classifier__C': 100.0, 'quantifier__classifier__class_weight': None, 'quantifier__bandwidth': 0.05, 'confidence': None} [took 24.022s]
01/01/24 23:47:23| DEBUG       [size=53,place=1] best score = 0.00890160; best param = {'quantifier__classifier__C': 0.1, 'quantifier__classifier__class_weight': None, 'quantifier__bandwidth': 0.05, 'confidence': None} [took 109.169s]
01/01/24 23:47:23| DEBUG       [size=53,place=2] best score = 0.00890354; best param = {'quantifier__classifier__C': 100.0, 'quantifier__classifier__class_weight': 'balanced', 'quantifier__bandwidth': 0.17, 'confidence': ['isoft']} [took 109.169s]
01/01/24 23:48:55| DEBUG       [size=42,place=1] best score = 0.00890585; best param = {'quantifier__classifier__C': 100.0, 'quantifier__classifier__class_weight': 'balanced', 'quantifier__bandwidth': 0.17, 'confidence': None} [took 91.709s]
01/01/24 23:48:55| DEBUG       [size=42,place=2] best score = 0.00896045; best param = {'quantifier__classifier__C': 0.1, 'quantifier__classifier__class_weight': None, 'quantifier__bandwidth': 0.04, 'confidence': None} [took 91.710s]
01/01/24 23:48:55| DEBUG       [MultiClassAccuracyEstimator] optimization finished: best params {'quantifier__classifier__C': 0.1, 'quantifier__classifier__class_weight': None, 'quantifier__bandwidth': 0.05, 'confidence': None} (score=0.00890) [took 225.0103s]
01/01/24 23:53:22| INFO        d_mul_kde_lr_gs finished [took 492.3981s]
01/01/24 23:53:44| DEBUG       [size=11,place=1] best score = 0.01168833; best param = {'quantifier__classifier__C': 1000.0, 'quantifier__classifier__class_weight': None, 'quantifier__bandwidth': 0.13, 'confidence': None} [took 21.382s]
01/01/24 23:53:44| DEBUG       [size=11,place=2] best score = 0.01266095; best param = {'quantifier__classifier__C': 1000.0, 'quantifier__classifier__class_weight': None, 'quantifier__bandwidth': 0.14, 'confidence': ['isoft']} [took 21.383s]
01/01/24 23:55:16| DEBUG       [size=51,place=1] best score = 0.01151283; best param = {'quantifier__classifier__C': 1.0, 'quantifier__classifier__class_weight': None, 'quantifier__bandwidth': 0.14, 'confidence': ['isoft']} [took 92.032s]
01/01/24 23:55:16| DEBUG       [size=51,place=2] best score = 0.01161646; best param = {'quantifier__classifier__C': 1000.0, 'quantifier__classifier__class_weight': None, 'quantifier__bandwidth': 0.14, 'confidence': None} [took 92.032s]
01/01/24 23:56:12| DEBUG       [size=27,place=1] best score = 0.01132403; best param = {'quantifier__classifier__C': 1.0, 'quantifier__classifier__class_weight': None, 'quantifier__bandwidth': 0.13, 'confidence': ['isoft']} [took 55.680s]
01/01/24 23:56:12| DEBUG       [size=27,place=2] best score = 0.01161695; best param = {'quantifier__classifier__C': 1.0, 'quantifier__classifier__class_weight': None, 'quantifier__bandwidth': 0.12, 'confidence': ['isoft']} [took 55.681s]
01/01/24 23:56:46| DEBUG       [size=13,place=1] best score = 0.01164288; best param = {'quantifier__classifier__C': 0.1, 'quantifier__classifier__class_weight': None, 'quantifier__bandwidth': 0.12, 'confidence': ['isoft']} [took 33.533s]
01/01/24 23:56:46| DEBUG       [size=13,place=2] best score = 0.01190891; best param = {'quantifier__classifier__C': 10.0, 'quantifier__classifier__class_weight': None, 'quantifier__bandwidth': 0.12, 'confidence': ['isoft']} [took 33.534s]
01/01/24 23:56:46| DEBUG       [MultiClassAccuracyEstimator] optimization finished: best params {'quantifier__classifier__C': 1.0, 'quantifier__classifier__class_weight': None, 'quantifier__bandwidth': 0.13, 'confidence': ['isoft']} (score=0.01132) [took 202.7466s]
02/01/24 00:02:14| INFO        d_m3w_kde_lr_gs finished [took 530.6456s]
02/01/24 00:02:14| INFO     Dataset sample [0.4 0.6] of dataset rcv1_MCAT finished [took 2454.3010s]
02/01/24 00:02:14| INFO     Dataset sample [0.5 0.5] of dataset rcv1_MCAT started
02/01/24 00:11:08| INFO        d_bin_kde_lr_ne finished [took 528.6032s]
02/01/24 00:11:10| INFO        d_bin_kde_lr_mc finished [took 531.5894s]
02/01/24 00:11:39| INFO        d_bin_kde_lr_c finished [took 562.4947s]
02/01/24 00:11:40| INFO        d_bin_kde_lr finished [took 561.3113s]
02/01/24 00:14:45| INFO        d_m3w_kde_lr_c finished [took 746.5365s]
02/01/24 00:14:57| INFO        d_m3w_kde_lr finished [took 758.1924s]
02/01/24 00:15:27| INFO        d_mul_kde_lr_ne finished [took 787.6005s]
02/01/24 00:15:29| INFO        d_mul_kde_lr finished [took 790.0761s]
02/01/24 00:15:33| INFO        d_mul_kde_lr_c finished [took 793.9736s]
02/01/24 00:15:47| INFO        d_m3w_kde_lr_mc finished [took 808.2253s]
02/01/24 00:15:54| INFO        d_mul_kde_lr_mc finished [took 814.9912s]
02/01/24 00:16:01| INFO        ref finished [took 74.8201s]
02/01/24 00:16:14| INFO        atc_mc finished [took 76.5909s]
02/01/24 00:16:31| INFO        doc finished [took 63.4654s]
02/01/24 00:18:24| INFO        d_bin_kde_lr_is finished [took 432.4777s]
02/01/24 00:20:23| INFO        d_m3w_kde_lr_ne finished [took 554.8485s]
02/01/24 00:21:49| INFO        d_m3w_kde_lr_is finished [took 608.4758s]
02/01/24 00:22:05| INFO        d_mul_kde_lr_is finished [took 624.9484s]
02/01/24 00:22:20| DEBUG       [size=11,place=1] best score = 0.00738092; best param = {'quantifier__classifier__C': 100.0, 'quantifier__classifier__class_weight': 'balanced', 'quantifier__bandwidth': 0.01, 'confidence': None} [took 14.794s]
02/01/24 00:22:20| DEBUG       [size=11,place=2] best score = 0.00938031; best param = {'quantifier__classifier__C': 1000.0, 'quantifier__classifier__class_weight': 'balanced', 'quantifier__bandwidth': 0.09999999999999999, 'confidence': None} [took 14.795s]
02/01/24 00:23:20| DEBUG       [size=51,place=1] best score = 0.00736699; best param = {'quantifier__classifier__C': 10.0, 'quantifier__classifier__class_weight': 'balanced', 'quantifier__bandwidth': 0.01, 'confidence': None} [took 60.251s]
02/01/24 00:23:20| DEBUG       [size=51,place=2] best score = 0.00738554; best param = {'quantifier__classifier__C': 1000.0, 'quantifier__classifier__class_weight': 'balanced', 'quantifier__bandwidth': 0.01, 'confidence': None} [took 60.252s]
02/01/24 00:23:46| DEBUG       [size=22,place=1] best score = 0.00759545; best param = {'quantifier__classifier__C': 10.0, 'quantifier__classifier__class_weight': 'balanced', 'quantifier__bandwidth': 0.01, 'confidence': ['isoft']} [took 25.772s]
02/01/24 00:23:46| DEBUG       [size=22,place=2] best score = 0.00759667; best param = {'quantifier__classifier__C': 1000.0, 'quantifier__classifier__class_weight': 'balanced', 'quantifier__bandwidth': 0.01, 'confidence': ['isoft']} [took 25.773s]
02/01/24 00:23:46| DEBUG       [BinaryQuantifierAccuracyEstimator] optimization finished: best params {'quantifier__classifier__C': 10.0, 'quantifier__classifier__class_weight': 'balanced', 'quantifier__bandwidth': 0.01, 'confidence': None} (score=0.00737) [took 100.9309s]
02/01/24 00:26:56| INFO        d_bin_kde_lr_gs finished [took 290.9659s]
02/01/24 00:27:21| DEBUG       [size=11,place=1] best score = 0.00867675; best param = {'quantifier__classifier__C': 0.1, 'quantifier__classifier__class_weight': 'balanced', 'quantifier__bandwidth': 0.060000000000000005, 'confidence': ['isoft']} [took 24.347s]
02/01/24 00:27:21| DEBUG       [size=11,place=2] best score = 0.00882464; best param = {'quantifier__classifier__C': 1000.0, 'quantifier__classifier__class_weight': 'balanced', 'quantifier__bandwidth': 0.09999999999999999, 'confidence': None} [took 24.348s]
02/01/24 00:29:16| DEBUG       [size=52,place=1] best score = 0.00828823; best param = {'quantifier__classifier__C': 1.0, 'quantifier__classifier__class_weight': 'balanced', 'quantifier__bandwidth': 0.060000000000000005, 'confidence': ['isoft']} [took 114.270s]
02/01/24 00:29:16| DEBUG       [size=52,place=2] best score = 0.00832494; best param = {'quantifier__classifier__C': 0.1, 'quantifier__classifier__class_weight': 'balanced', 'quantifier__bandwidth': 0.03, 'confidence': ['isoft']} [took 114.270s]
02/01/24 00:30:18| DEBUG       [size=28,place=1] best score = 0.00825616; best param = {'quantifier__classifier__C': 1.0, 'quantifier__classifier__class_weight': 'balanced', 'quantifier__bandwidth': 0.04, 'confidence': ['isoft']} [took 62.152s]
02/01/24 00:30:18| DEBUG       [size=28,place=2] best score = 0.00826136; best param = {'quantifier__classifier__C': 1.0, 'quantifier__classifier__class_weight': 'balanced', 'quantifier__bandwidth': 0.03, 'confidence': ['isoft']} [took 62.153s]
02/01/24 00:30:37| DEBUG       [size=9,place=1] best score = 0.00808106; best param = {'quantifier__classifier__C': 100.0, 'quantifier__classifier__class_weight': 'balanced', 'quantifier__bandwidth': 0.04, 'confidence': ['isoft']} [took 19.753s]
02/01/24 00:30:37| DEBUG       [size=9,place=2] best score = 0.00839937; best param = {'quantifier__classifier__C': 10.0, 'quantifier__classifier__class_weight': 'balanced', 'quantifier__bandwidth': 0.04, 'confidence': ['isoft']} [took 19.753s]
02/01/24 00:32:04| DEBUG       [size=38,place=1] best score = 0.00779456; best param = {'quantifier__classifier__C': 10.0, 'quantifier__classifier__class_weight': 'balanced', 'quantifier__bandwidth': 0.01, 'confidence': ['isoft']} [took 86.938s]
02/01/24 00:32:04| DEBUG       [size=38,place=2] best score = 0.00804303; best param = {'quantifier__classifier__C': 100.0, 'quantifier__classifier__class_weight': 'balanced', 'quantifier__bandwidth': 0.05, 'confidence': ['isoft']} [took 86.938s]
02/01/24 00:32:27| DEBUG       [size=10,place=1] best score = 0.00752031; best param = {'quantifier__classifier__C': 10.0, 'quantifier__classifier__class_weight': 'balanced', 'quantifier__bandwidth': 0.01, 'confidence': None} [took 22.705s]
02/01/24 00:32:27| DEBUG       [size=10,place=2] best score = 0.00837450; best param = {'quantifier__classifier__C': 100.0, 'quantifier__classifier__class_weight': 'balanced', 'quantifier__bandwidth': 0.05, 'confidence': None} [took 22.705s]
02/01/24 00:33:58| DEBUG       [size=42,place=1] best score = 0.00846737; best param = {'quantifier__classifier__C': 10.0, 'quantifier__classifier__class_weight': 'balanced', 'quantifier__bandwidth': 0.02, 'confidence': None} [took 90.926s]
02/01/24 00:33:58| DEBUG       [size=42,place=2] best score = 0.00848140; best param = {'quantifier__classifier__C': 1.0, 'quantifier__classifier__class_weight': 'balanced', 'quantifier__bandwidth': 0.05, 'confidence': None} [took 90.927s]
02/01/24 00:33:58| DEBUG       [MultiClassAccuracyEstimator] optimization finished: best params {'quantifier__classifier__C': 10.0, 'quantifier__classifier__class_weight': 'balanced', 'quantifier__bandwidth': 0.01, 'confidence': None} (score=0.00752) [took 421.2211s]
02/01/24 00:38:33| INFO        d_mul_kde_lr_gs finished [took 696.3281s]
02/01/24 00:38:56| DEBUG       [size=11,place=1] best score = 0.00764003; best param = {'quantifier__classifier__C': 100.0, 'quantifier__classifier__class_weight': 'balanced', 'quantifier__bandwidth': 0.01, 'confidence': None} [took 22.042s]
02/01/24 00:38:56| DEBUG       [size=11,place=2] best score = 0.00911037; best param = {'quantifier__classifier__C': 100.0, 'quantifier__classifier__class_weight': None, 'quantifier__bandwidth': 0.05, 'confidence': None} [took 22.042s]
02/01/24 00:40:23| DEBUG       [size=52,place=1] best score = 0.00761354; best param = {'quantifier__classifier__C': 100.0, 'quantifier__classifier__class_weight': 'balanced', 'quantifier__bandwidth': 0.01, 'confidence': ['isoft']} [took 87.013s]
02/01/24 00:40:23| DEBUG       [size=52,place=2] best score = 0.00763174; best param = {'quantifier__classifier__C': 1000.0, 'quantifier__classifier__class_weight': 'balanced', 'quantifier__bandwidth': 0.01, 'confidence': None} [took 87.014s]
02/01/24 00:41:47| DEBUG       [size=45,place=1] best score = 0.00717209; best param = {'quantifier__classifier__C': 10.0, 'quantifier__classifier__class_weight': 'balanced', 'quantifier__bandwidth': 0.01, 'confidence': ['isoft']} [took 83.455s]
02/01/24 00:41:47| DEBUG       [size=45,place=2] best score = 0.00766292; best param = {'quantifier__classifier__C': 1000.0, 'quantifier__classifier__class_weight': 'balanced', 'quantifier__bandwidth': 0.01, 'confidence': ['isoft']} [took 83.455s]
02/01/24 00:43:03| DEBUG       [size=40,place=1] best score = 0.00790373; best param = {'quantifier__classifier__C': 1000.0, 'quantifier__classifier__class_weight': None, 'quantifier__bandwidth': 0.01, 'confidence': ['isoft']} [took 76.791s]
02/01/24 00:43:03| DEBUG       [size=40,place=2] best score = 0.00859460; best param = {'quantifier__classifier__C': 1000.0, 'quantifier__classifier__class_weight': 'balanced', 'quantifier__bandwidth': 0.02, 'confidence': ['isoft']} [took 76.792s]
02/01/24 00:43:03| DEBUG       [MultiClassAccuracyEstimator] optimization finished: best params {'quantifier__classifier__C': 10.0, 'quantifier__classifier__class_weight': 'balanced', 'quantifier__bandwidth': 0.01, 'confidence': ['isoft']} (score=0.00717) [took 269.4161s]
02/01/24 00:46:35| INFO        d_m3w_kde_lr_gs finished [took 481.2456s]
02/01/24 00:46:35| INFO     Dataset sample [0.5 0.5] of dataset rcv1_MCAT finished [took 2661.6274s]
02/01/24 00:46:35| INFO     Dataset sample [0.6 0.4] of dataset rcv1_MCAT started
02/01/24 00:54:51| INFO        d_bin_kde_lr_c finished [took 493.7427s]
02/01/24 00:55:14| INFO        d_bin_kde_lr finished [took 517.0591s]
02/01/24 00:55:33| INFO        d_bin_kde_lr_ne finished [took 536.3094s]
02/01/24 00:55:49| INFO        d_bin_kde_lr_mc finished [took 552.1085s]
02/01/24 00:57:50| INFO        d_m3w_kde_lr finished [took 672.6358s]
02/01/24 00:58:04| INFO        d_mul_kde_lr finished [took 687.3319s]
02/01/24 00:58:25| INFO        d_mul_kde_lr_ne finished [took 708.2123s]
02/01/24 00:58:30| INFO        d_mul_kde_lr_mc finished [took 712.9544s]
02/01/24 00:58:49| INFO        d_m3w_kde_lr_mc finished [took 732.8050s]
02/01/24 00:58:58| INFO        ref finished [took 68.5480s]
02/01/24 00:59:02| INFO        d_m3w_kde_lr_c finished [took 744.7319s]
02/01/24 00:59:23| INFO        atc_mc finished [took 77.7688s]
02/01/24 00:59:28| INFO        d_mul_kde_lr_c finished [took 771.4705s]
02/01/24 00:59:45| INFO        doc finished [took 79.2073s]
02/01/24 01:02:17| INFO        d_bin_kde_lr_is finished [took 422.6464s]
02/01/24 01:03:28| INFO        d_m3w_kde_lr_ne finished [took 516.4100s]
02/01/24 01:04:32| INFO        d_m3w_kde_lr_is finished [took 522.1618s]
02/01/24 01:04:55| INFO        d_mul_kde_lr_is finished [took 561.4826s]
02/01/24 01:05:12| DEBUG       [size=11,place=1] best score = 0.00747444; best param = {'quantifier__classifier__C': 100.0, 'quantifier__classifier__class_weight': 'balanced', 'quantifier__bandwidth': 0.01, 'confidence': None} [took 15.367s]
02/01/24 01:05:12| DEBUG       [size=11,place=2] best score = 0.00846890; best param = {'quantifier__classifier__C': 1000.0, 'quantifier__classifier__class_weight': 'balanced', 'quantifier__bandwidth': 0.09999999999999999, 'confidence': None} [took 15.367s]
02/01/24 01:06:13| DEBUG       [size=51,place=1] best score = 0.00743911; best param = {'quantifier__classifier__C': 10.0, 'quantifier__classifier__class_weight': 'balanced', 'quantifier__bandwidth': 0.01, 'confidence': None} [took 60.998s]
02/01/24 01:06:13| DEBUG       [size=51,place=2] best score = 0.00747735; best param = {'quantifier__classifier__C': 1000.0, 'quantifier__classifier__class_weight': 'balanced', 'quantifier__bandwidth': 0.01, 'confidence': None} [took 60.999s]
02/01/24 01:06:39| DEBUG       [size=22,place=1] best score = 0.00769536; best param = {'quantifier__classifier__C': 1000.0, 'quantifier__classifier__class_weight': 'balanced', 'quantifier__bandwidth': 0.01, 'confidence': ['isoft']} [took 26.513s]
02/01/24 01:06:39| DEBUG       [size=22,place=2] best score = 0.00774043; best param = {'quantifier__classifier__C': 10.0, 'quantifier__classifier__class_weight': 'balanced', 'quantifier__bandwidth': 0.01, 'confidence': ['isoft']} [took 26.513s]
02/01/24 01:06:39| DEBUG       [BinaryQuantifierAccuracyEstimator] optimization finished: best params {'quantifier__classifier__C': 10.0, 'quantifier__classifier__class_weight': 'balanced', 'quantifier__bandwidth': 0.01, 'confidence': None} (score=0.00744) [took 102.9874s]
02/01/24 01:09:47| INFO        d_bin_kde_lr_gs finished [took 290.7269s]
02/01/24 01:10:11| DEBUG       [size=11,place=1] best score = 0.00708446; best param = {'quantifier__classifier__C': 100.0, 'quantifier__classifier__class_weight': 'balanced', 'quantifier__bandwidth': 0.01, 'confidence': None} [took 23.589s]
02/01/24 01:10:11| DEBUG       [size=11,place=2] best score = 0.00922869; best param = {'quantifier__classifier__C': 1000.0, 'quantifier__classifier__class_weight': 'balanced', 'quantifier__bandwidth': 0.09999999999999999, 'confidence': None} [took 23.590s]
02/01/24 01:12:00| DEBUG       [size=51,place=1] best score = 0.00778949; best param = {'quantifier__classifier__C': 100.0, 'quantifier__classifier__class_weight': 'balanced', 'quantifier__bandwidth': 0.01, 'confidence': ['isoft']} [took 108.841s]
02/01/24 01:12:00| DEBUG       [size=51,place=2] best score = 0.00799302; best param = {'quantifier__classifier__C': 100.0, 'quantifier__classifier__class_weight': 'balanced', 'quantifier__bandwidth': 0.02, 'confidence': None} [took 108.841s]
02/01/24 01:12:00| DEBUG       [MultiClassAccuracyEstimator] optimization finished: best params {'quantifier__classifier__C': 100.0, 'quantifier__classifier__class_weight': 'balanced', 'quantifier__bandwidth': 0.01, 'confidence': None} (score=0.00708) [took 132.4460s]
02/01/24 01:16:13| INFO        d_mul_kde_lr_gs finished [took 385.5660s]
02/01/24 01:16:35| DEBUG       [size=11,place=1] best score = 0.00618227; best param = {'quantifier__classifier__C': 100.0, 'quantifier__classifier__class_weight': 'balanced', 'quantifier__bandwidth': 0.01, 'confidence': None} [took 21.780s]
02/01/24 01:16:35| DEBUG       [size=11,place=2] best score = 0.00943937; best param = {'quantifier__classifier__C': 100.0, 'quantifier__classifier__class_weight': None, 'quantifier__bandwidth': 0.05, 'confidence': None} [took 21.781s]
02/01/24 01:18:03| DEBUG       [size=52,place=1] best score = 0.00613689; best param = {'quantifier__classifier__C': 100.0, 'quantifier__classifier__class_weight': 'balanced', 'quantifier__bandwidth': 0.01, 'confidence': ['isoft']} [took 87.828s]
02/01/24 01:18:03| DEBUG       [size=52,place=2] best score = 0.00617846; best param = {'quantifier__classifier__C': 1000.0, 'quantifier__classifier__class_weight': 'balanced', 'quantifier__bandwidth': 0.01, 'confidence': None} [took 87.828s]
02/01/24 01:19:27| DEBUG       [size=45,place=1] best score = 0.00615852; best param = {'quantifier__classifier__C': 1000.0, 'quantifier__classifier__class_weight': 'balanced', 'quantifier__bandwidth': 0.01, 'confidence': ['isoft']} [took 83.965s]
02/01/24 01:19:27| DEBUG       [size=45,place=2] best score = 0.00622833; best param = {'quantifier__classifier__C': 10.0, 'quantifier__classifier__class_weight': 'balanced', 'quantifier__bandwidth': 0.01, 'confidence': ['isoft']} [took 83.965s]
02/01/24 01:19:27| DEBUG       [MultiClassAccuracyEstimator] optimization finished: best params {'quantifier__classifier__C': 100.0, 'quantifier__classifier__class_weight': 'balanced', 'quantifier__bandwidth': 0.01, 'confidence': ['isoft']} (score=0.00614) [took 193.6832s]
02/01/24 01:23:03| INFO        d_m3w_kde_lr_gs finished [took 410.2144s]
02/01/24 01:23:03| INFO     Dataset sample [0.6 0.4] of dataset rcv1_MCAT finished [took 2188.0278s]
02/01/24 01:23:03| INFO     Dataset sample [0.7 0.3] of dataset rcv1_MCAT started
02/01/24 01:31:36| INFO        d_bin_kde_lr_ne finished [took 510.3996s]
02/01/24 01:31:59| INFO        d_bin_kde_lr finished [took 533.5087s]
02/01/24 01:32:29| INFO        d_bin_kde_lr_c finished [took 562.8858s]
02/01/24 01:32:35| INFO        d_bin_kde_lr_mc finished [took 569.4781s]
02/01/24 01:33:43| INFO        d_m3w_kde_lr_c finished [took 637.1820s]
02/01/24 01:34:07| INFO        d_m3w_kde_lr_mc finished [took 660.7430s]
02/01/24 01:34:29| INFO        d_m3w_kde_lr finished [took 683.5342s]
02/01/24 01:35:06| INFO        ref finished [took 81.9215s]
02/01/24 01:35:28| INFO        d_mul_kde_lr_mc finished [took 742.1094s]
02/01/24 01:35:31| INFO        d_mul_kde_lr finished [took 745.9381s]
02/01/24 01:35:31| INFO        doc finished [took 61.5654s]
02/01/24 01:35:33| INFO        atc_mc finished [took 86.1419s]
02/01/24 01:35:42| INFO        d_mul_kde_lr_ne finished [took 755.5809s]
02/01/24 01:35:52| INFO        d_mul_kde_lr_c finished [took 766.1627s]
02/01/24 01:38:55| INFO        d_bin_kde_lr_is finished [took 415.3772s]
02/01/24 01:40:13| INFO        d_m3w_kde_lr_ne finished [took 516.3272s]
02/01/24 01:40:57| INFO        d_m3w_kde_lr_is finished [took 501.1015s]
02/01/24 01:41:22| INFO        d_mul_kde_lr_is finished [took 532.4332s]
02/01/24 01:41:39| DEBUG       [size=11,place=1] best score = 0.01047164; best param = {'quantifier__classifier__C': 0.1, 'quantifier__classifier__class_weight': 'balanced', 'quantifier__bandwidth': 0.17, 'confidence': ['isoft']} [took 16.482s]
02/01/24 01:41:39| DEBUG       [size=11,place=2] best score = 0.01225428; best param = {'quantifier__classifier__C': 100.0, 'quantifier__classifier__class_weight': 'balanced', 'quantifier__bandwidth': 0.01, 'confidence': None} [took 16.483s]
02/01/24 01:42:50| DEBUG       [size=53,place=1] best score = 0.00702833; best param = {'quantifier__classifier__C': 0.01, 'quantifier__classifier__class_weight': 'balanced', 'quantifier__bandwidth': 0.01, 'confidence': None} [took 70.515s]
02/01/24 01:42:50| DEBUG       [size=53,place=2] best score = 0.00969143; best param = {'quantifier__classifier__C': 1.0, 'quantifier__classifier__class_weight': 'balanced', 'quantifier__bandwidth': 0.01, 'confidence': None} [took 70.515s]
02/01/24 01:43:46| DEBUG       [size=42,place=1] best score = 0.00700448; best param = {'quantifier__classifier__C': 1.0, 'quantifier__classifier__class_weight': None, 'quantifier__bandwidth': 0.01, 'confidence': None} [took 56.817s]
02/01/24 01:43:46| DEBUG       [size=42,place=2] best score = 0.00994469; best param = {'quantifier__classifier__C': 0.01, 'quantifier__classifier__class_weight': 'balanced', 'quantifier__bandwidth': 0.02, 'confidence': None} [took 56.817s]
02/01/24 01:44:29| DEBUG       [size=30,place=1] best score = 0.00857540; best param = {'quantifier__classifier__C': 1.0, 'quantifier__classifier__class_weight': None, 'quantifier__bandwidth': 0.02, 'confidence': None} [took 42.682s]
02/01/24 01:44:29| DEBUG       [size=30,place=2] best score = 0.00862989; best param = {'quantifier__classifier__C': 0.1, 'quantifier__classifier__class_weight': None, 'quantifier__bandwidth': 0.01, 'confidence': None} [took 42.683s]
02/01/24 01:44:29| DEBUG       [BinaryQuantifierAccuracyEstimator] optimization finished: best params {'quantifier__classifier__C': 1.0, 'quantifier__classifier__class_weight': None, 'quantifier__bandwidth': 0.01, 'confidence': None} (score=0.00700) [took 186.6091s]
02/01/24 01:48:05| INFO        d_bin_kde_lr_gs finished [took 402.8685s]
02/01/24 01:48:32| DEBUG       [size=11,place=1] best score = 0.01138464; best param = {'quantifier__classifier__C': 1000.0, 'quantifier__classifier__class_weight': 'balanced', 'quantifier__bandwidth': 0.09999999999999999, 'confidence': None} [took 25.697s]
02/01/24 01:48:32| DEBUG       [size=11,place=2] best score = 0.01168259; best param = {'quantifier__classifier__C': 100.0, 'quantifier__classifier__class_weight': None, 'quantifier__bandwidth': 0.05, 'confidence': None} [took 25.698s]
02/01/24 01:50:28| DEBUG       [size=53,place=1] best score = 0.00707573; best param = {'quantifier__classifier__C': 100.0, 'quantifier__classifier__class_weight': None, 'quantifier__bandwidth': 0.01, 'confidence': None} [took 116.264s]
02/01/24 01:50:28| DEBUG       [size=53,place=2] best score = 0.00857135; best param = {'quantifier__classifier__C': 100.0, 'quantifier__classifier__class_weight': None, 'quantifier__bandwidth': 0.02, 'confidence': None} [took 116.264s]
02/01/24 01:51:00| DEBUG       [size=15,place=1] best score = 0.00720080; best param = {'quantifier__classifier__C': 10.0, 'quantifier__classifier__class_weight': None, 'quantifier__bandwidth': 0.01, 'confidence': None} [took 31.609s]
02/01/24 01:51:00| DEBUG       [size=15,place=2] best score = 0.00764380; best param = {'quantifier__classifier__C': 100.0, 'quantifier__classifier__class_weight': None, 'quantifier__bandwidth': 0.01, 'confidence': ['isoft']} [took 31.610s]
02/01/24 01:51:00| DEBUG       [MultiClassAccuracyEstimator] optimization finished: best params {'quantifier__classifier__C': 100.0, 'quantifier__classifier__class_weight': None, 'quantifier__bandwidth': 0.01, 'confidence': None} (score=0.00708) [took 173.6867s]
02/01/24 01:56:02| INFO        d_mul_kde_lr_gs finished [took 475.8973s]
02/01/24 01:56:29| DEBUG       [size=11,place=1] best score = 0.00545517; best param = {'quantifier__classifier__C': 100.0, 'quantifier__classifier__class_weight': 'balanced', 'quantifier__bandwidth': 0.01, 'confidence': None} [took 25.844s]
02/01/24 01:56:29| DEBUG       [size=11,place=2] best score = 0.01299648; best param = {'quantifier__classifier__C': 100.0, 'quantifier__classifier__class_weight': None, 'quantifier__bandwidth': 0.05, 'confidence': None} [took 25.845s]
02/01/24 01:58:02| DEBUG       [size=52,place=1] best score = 0.00542654; best param = {'quantifier__classifier__C': 1000.0, 'quantifier__classifier__class_weight': 'balanced', 'quantifier__bandwidth': 0.01, 'confidence': None} [took 93.683s]
02/01/24 01:58:02| DEBUG       [size=52,place=2] best score = 0.00573656; best param = {'quantifier__classifier__C': 10.0, 'quantifier__classifier__class_weight': 'balanced', 'quantifier__bandwidth': 0.01, 'confidence': None} [took 93.683s]
02/01/24 01:59:23| DEBUG       [size=41,place=1] best score = 0.00560917; best param = {'quantifier__classifier__C': 10.0, 'quantifier__classifier__class_weight': 'balanced', 'quantifier__bandwidth': 0.01, 'confidence': ['isoft']} [took 80.259s]
02/01/24 01:59:23| DEBUG       [size=41,place=2] best score = 0.00592014; best param = {'quantifier__classifier__C': 1000.0, 'quantifier__classifier__class_weight': 'balanced', 'quantifier__bandwidth': 0.01, 'confidence': ['isoft']} [took 80.260s]
02/01/24 01:59:23| DEBUG       [MultiClassAccuracyEstimator] optimization finished: best params {'quantifier__classifier__C': 1000.0, 'quantifier__classifier__class_weight': 'balanced', 'quantifier__bandwidth': 0.01, 'confidence': None} (score=0.00543) [took 199.8981s]
02/01/24 02:03:15| INFO        d_m3w_kde_lr_gs finished [took 432.5187s]
02/01/24 02:03:15| INFO     Dataset sample [0.7 0.3] of dataset rcv1_MCAT finished [took 2411.8898s]
02/01/24 02:03:15| INFO     Dataset sample [0.8 0.2] of dataset rcv1_MCAT started
02/01/24 02:13:24| INFO        d_bin_kde_lr_ne finished [took 605.9253s]
02/01/24 02:14:18| INFO        d_bin_kde_lr_mc finished [took 659.3314s]
02/01/24 02:14:22| INFO        d_bin_kde_lr_c finished [took 663.4089s]
02/01/24 02:14:25| INFO        d_bin_kde_lr finished [took 666.5858s]
02/01/24 02:16:24| INFO        d_m3w_kde_lr_c finished [took 786.1994s]
02/01/24 02:16:28| INFO        d_m3w_kde_lr finished [took 789.2548s]
02/01/24 02:17:19| INFO        d_m3w_kde_lr_mc finished [took 840.5325s]
02/01/24 02:17:31| INFO        d_mul_kde_lr finished [took 852.3630s]
02/01/24 02:17:35| INFO        d_mul_kde_lr_mc finished [took 856.4655s]
02/01/24 02:17:37| INFO        atc_mc finished [took 69.3956s]
02/01/24 02:17:38| INFO        d_mul_kde_lr_c finished [took 859.2938s]
02/01/24 02:17:47| INFO        ref finished [took 81.8459s]
02/01/24 02:17:54| INFO        d_mul_kde_lr_ne finished [took 877.0768s]
02/01/24 02:18:21| INFO        doc finished [took 61.7699s]
02/01/24 02:21:59| INFO        d_bin_kde_lr_is finished [took 460.7997s]
02/01/24 02:23:48| INFO        d_m3w_kde_lr_ne finished [took 623.0858s]
02/01/24 02:24:29| INFO        d_m3w_kde_lr_is finished [took 603.0987s]
02/01/24 02:25:09| INFO        d_mul_kde_lr_is finished [took 646.9583s]
02/01/24 02:25:28| DEBUG       [size=11,place=1] best score = 0.01158711; best param = {'quantifier__classifier__C': 10.0, 'quantifier__classifier__class_weight': None, 'quantifier__bandwidth': 0.18000000000000002, 'confidence': ['isoft']} [took 17.511s]
02/01/24 02:25:28| DEBUG       [size=11,place=2] best score = 0.01238506; best param = {'quantifier__classifier__C': 1000.0, 'quantifier__classifier__class_weight': None, 'quantifier__bandwidth': 0.13, 'confidence': None} [took 17.511s]
02/01/24 02:26:44| DEBUG       [size=53,place=1] best score = 0.01019197; best param = {'quantifier__classifier__C': 1000.0, 'quantifier__classifier__class_weight': None, 'quantifier__bandwidth': 0.2, 'confidence': None} [took 75.983s]
02/01/24 02:26:44| DEBUG       [size=53,place=2] best score = 0.01043696; best param = {'quantifier__classifier__C': 1000.0, 'quantifier__classifier__class_weight': None, 'quantifier__bandwidth': 0.19, 'confidence': None} [took 75.984s]
02/01/24 02:27:12| DEBUG       [size=16,place=1] best score = 0.00995009; best param = {'quantifier__classifier__C': 10.0, 'quantifier__classifier__class_weight': None, 'quantifier__bandwidth': 0.2, 'confidence': None} [took 28.467s]
02/01/24 02:27:12| DEBUG       [size=16,place=2] best score = 0.01016914; best param = {'quantifier__classifier__C': 100.0, 'quantifier__classifier__class_weight': None, 'quantifier__bandwidth': 0.2, 'confidence': None} [took 28.468s]
02/01/24 02:28:02| DEBUG       [size=34,place=1] best score = 0.01069510; best param = {'quantifier__classifier__C': 100.0, 'quantifier__classifier__class_weight': None, 'quantifier__bandwidth': 0.18000000000000002, 'confidence': None} [took 49.530s]
02/01/24 02:28:02| DEBUG       [size=34,place=2] best score = 0.01072716; best param = {'quantifier__classifier__C': 10.0, 'quantifier__classifier__class_weight': None, 'quantifier__bandwidth': 0.17, 'confidence': None} [took 49.530s]
02/01/24 02:28:02| DEBUG       [BinaryQuantifierAccuracyEstimator] optimization finished: best params {'quantifier__classifier__C': 10.0, 'quantifier__classifier__class_weight': None, 'quantifier__bandwidth': 0.2, 'confidence': None} (score=0.00995) [took 171.6088s]
02/01/24 02:32:25| INFO        d_bin_kde_lr_gs finished [took 434.7860s]
02/01/24 02:32:50| DEBUG       [size=11,place=1] best score = 0.01332707; best param = {'quantifier__classifier__C': 1000.0, 'quantifier__classifier__class_weight': None, 'quantifier__bandwidth': 0.13, 'confidence': None} [took 23.638s]
02/01/24 02:32:50| DEBUG       [size=11,place=2] best score = 0.01535734; best param = {'quantifier__classifier__C': 1000.0, 'quantifier__classifier__class_weight': None, 'quantifier__bandwidth': 0.14, 'confidence': ['isoft']} [took 23.639s]
02/01/24 02:34:38| DEBUG       [size=51,place=1] best score = 0.01052349; best param = {'quantifier__classifier__C': 1000.0, 'quantifier__classifier__class_weight': None, 'quantifier__bandwidth': 0.2, 'confidence': None} [took 108.011s]
02/01/24 02:34:38| DEBUG       [size=51,place=2] best score = 0.01086786; best param = {'quantifier__classifier__C': 1000.0, 'quantifier__classifier__class_weight': None, 'quantifier__bandwidth': 0.19, 'confidence': None} [took 108.011s]
02/01/24 02:35:22| DEBUG       [size=14,place=1] best score = 0.01142487; best param = {'quantifier__classifier__C': 100.0, 'quantifier__classifier__class_weight': None, 'quantifier__bandwidth': 0.2, 'confidence': None} [took 44.546s]
02/01/24 02:35:22| DEBUG       [size=14,place=2] best score = 0.01179857; best param = {'quantifier__classifier__C': 100.0, 'quantifier__classifier__class_weight': None, 'quantifier__bandwidth': 0.19, 'confidence': None} [took 44.546s]
02/01/24 02:35:22| DEBUG       [MultiClassAccuracyEstimator] optimization finished: best params {'quantifier__classifier__C': 1000.0, 'quantifier__classifier__class_weight': None, 'quantifier__bandwidth': 0.2, 'confidence': None} (score=0.01052) [took 176.2179s]
02/01/24 02:42:21| INFO        d_mul_kde_lr_gs finished [took 594.9460s]
02/01/24 02:42:47| DEBUG       [size=11,place=1] best score = 0.02806977; best param = {'quantifier__classifier__C': 10.0, 'quantifier__classifier__class_weight': None, 'quantifier__bandwidth': 0.18000000000000002, 'confidence': ['isoft']} [took 24.844s]
02/01/24 02:42:47| DEBUG       [size=11,place=2] best score = 0.02926440; best param = {'quantifier__classifier__C': 1000.0, 'quantifier__classifier__class_weight': None, 'quantifier__bandwidth': 0.14, 'confidence': ['isoft']} [took 24.844s]
02/01/24 02:44:25| DEBUG       [size=52,place=1] best score = 0.01478891; best param = {'quantifier__classifier__C': 0.1, 'quantifier__classifier__class_weight': None, 'quantifier__bandwidth': 0.18000000000000002, 'confidence': ['isoft']} [took 97.648s]
02/01/24 02:44:25| DEBUG       [size=52,place=2] best score = 0.02499789; best param = {'quantifier__classifier__C': 1000.0, 'quantifier__classifier__class_weight': None, 'quantifier__bandwidth': 0.2, 'confidence': ['isoft']} [took 97.649s]
02/01/24 02:45:21| DEBUG       [size=26,place=1] best score = 0.01304300; best param = {'quantifier__classifier__C': 0.1, 'quantifier__classifier__class_weight': None, 'quantifier__bandwidth': 0.2, 'confidence': ['isoft']} [took 56.605s]
02/01/24 02:45:21| DEBUG       [size=26,place=2] best score = 0.01327623; best param = {'quantifier__classifier__C': 0.1, 'quantifier__classifier__class_weight': None, 'quantifier__bandwidth': 0.19, 'confidence': ['isoft']} [took 56.606s]
02/01/24 02:45:44| DEBUG       [size=8,place=1] best score = 0.02547609; best param = {'quantifier__classifier__C': 100.0, 'quantifier__classifier__class_weight': None, 'quantifier__bandwidth': 0.19, 'confidence': ['isoft']} [took 22.685s]
02/01/24 02:45:44| DEBUG       [size=8,place=2] best score = 0.02937472; best param = {'quantifier__classifier__C': 1.0, 'quantifier__classifier__class_weight': None, 'quantifier__bandwidth': 0.19, 'confidence': ['isoft']} [took 22.686s]
02/01/24 02:45:44| DEBUG       [MultiClassAccuracyEstimator] optimization finished: best params {'quantifier__classifier__C': 0.1, 'quantifier__classifier__class_weight': None, 'quantifier__bandwidth': 0.2, 'confidence': ['isoft']} (score=0.01304) [took 201.8962s]
02/01/24 02:52:10| INFO        d_m3w_kde_lr_gs finished [took 587.9926s]
02/01/24 02:52:10| INFO     Dataset sample [0.8 0.2] of dataset rcv1_MCAT finished [took 2934.9184s]
02/01/24 02:52:10| INFO     Dataset sample [0.9 0.1] of dataset rcv1_MCAT started
02/01/24 03:03:40| INFO        d_bin_kde_lr finished [took 685.0387s]
02/01/24 03:04:02| INFO        d_bin_kde_lr_ne finished [took 706.9629s]
02/01/24 03:04:07| INFO        d_bin_kde_lr_c finished [took 711.6533s]
02/01/24 03:04:18| INFO        d_bin_kde_lr_mc finished [took 723.3094s]
02/01/24 03:04:42| INFO        d_m3w_kde_lr_mc finished [took 746.5004s]
02/01/24 03:05:04| INFO        d_m3w_kde_lr finished [took 770.5230s]
02/01/24 03:05:35| INFO        d_mul_kde_lr_c finished [took 799.5692s]
02/01/24 03:05:38| INFO        d_mul_kde_lr_mc finished [took 803.4744s]
02/01/24 03:05:42| INFO        d_m3w_kde_lr_c finished [took 806.4412s]
02/01/24 03:06:06| INFO        ref finished [took 84.0524s]
02/01/24 03:06:26| INFO        d_mul_kde_lr_ne finished [took 850.5748s]
02/01/24 03:06:26| INFO        d_mul_kde_lr finished [took 851.1803s]
02/01/24 03:06:31| INFO        atc_mc finished [took 87.1131s]
02/01/24 03:06:52| INFO        doc finished [took 76.5982s]
02/01/24 03:12:12| INFO        d_bin_kde_lr_is finished [took 489.3363s]
02/01/24 03:13:05| INFO        d_m3w_kde_lr_ne finished [took 564.6204s]
02/01/24 03:13:19| INFO        d_m3w_kde_lr_is finished [took 539.8868s]
02/01/24 03:14:12| INFO        d_mul_kde_lr_is finished [took 604.7773s]
02/01/24 03:14:33| DEBUG       [size=11,place=1] best score = 0.00765783; best param = {'quantifier__classifier__C': 1000.0, 'quantifier__classifier__class_weight': 'balanced', 'quantifier__bandwidth': 0.09999999999999999, 'confidence': None} [took 20.441s]
02/01/24 03:14:33| DEBUG       [size=11,place=2] best score = 0.00775744; best param = {'quantifier__classifier__C': 100.0, 'quantifier__classifier__class_weight': None, 'quantifier__bandwidth': 0.05, 'confidence': None} [took 20.442s]
02/01/24 03:15:58| DEBUG       [size=53,place=1] best score = 0.00598730; best param = {'quantifier__classifier__C': 100.0, 'quantifier__classifier__class_weight': None, 'quantifier__bandwidth': 0.05, 'confidence': ['isoft']} [took 85.222s]
02/01/24 03:15:58| DEBUG       [size=53,place=2] best score = 0.00615771; best param = {'quantifier__classifier__C': 1000.0, 'quantifier__classifier__class_weight': 'balanced', 'quantifier__bandwidth': 0.03, 'confidence': None} [took 85.223s]
02/01/24 03:16:55| DEBUG       [size=34,place=1] best score = 0.00575938; best param = {'quantifier__classifier__C': 0.1, 'quantifier__classifier__class_weight': 'balanced', 'quantifier__bandwidth': 0.03, 'confidence': None} [took 56.790s]
02/01/24 03:16:55| DEBUG       [size=34,place=2] best score = 0.00595006; best param = {'quantifier__classifier__C': 1000.0, 'quantifier__classifier__class_weight': None, 'quantifier__bandwidth': 0.05, 'confidence': ['isoft']} [took 56.790s]
02/01/24 03:18:02| DEBUG       [size=39,place=1] best score = 0.00533077; best param = {'quantifier__classifier__C': 0.1, 'quantifier__classifier__class_weight': 'balanced', 'quantifier__bandwidth': 0.02, 'confidence': None} [took 66.885s]
02/01/24 03:18:02| DEBUG       [size=39,place=2] best score = 0.00606284; best param = {'quantifier__classifier__C': 1000.0, 'quantifier__classifier__class_weight': None, 'quantifier__bandwidth': 0.04, 'confidence': ['isoft']} [took 66.886s]
02/01/24 03:18:27| DEBUG       [size=14,place=1] best score = 0.00614861; best param = {'quantifier__classifier__C': 10.0, 'quantifier__classifier__class_weight': None, 'quantifier__bandwidth': 0.04, 'confidence': ['isoft']} [took 25.365s]
02/01/24 03:18:27| DEBUG       [size=14,place=2] best score = 0.00630921; best param = {'quantifier__classifier__C': 100.0, 'quantifier__classifier__class_weight': 'balanced', 'quantifier__bandwidth': 0.02, 'confidence': None} [took 25.365s]
02/01/24 03:18:28| DEBUG       [BinaryQuantifierAccuracyEstimator] optimization finished: best params {'quantifier__classifier__C': 0.1, 'quantifier__classifier__class_weight': 'balanced', 'quantifier__bandwidth': 0.02, 'confidence': None} (score=0.00533) [took 254.8284s]
02/01/24 03:22:24| INFO        d_bin_kde_lr_gs finished [took 491.4977s]
02/01/24 03:22:49| DEBUG       [size=11,place=1] best score = 0.00588141; best param = {'quantifier__classifier__C': 0.1, 'quantifier__classifier__class_weight': 'balanced', 'quantifier__bandwidth': 0.060000000000000005, 'confidence': ['isoft']} [took 24.606s]
02/01/24 03:22:49| DEBUG       [size=11,place=2] best score = 0.00821772; best param = {'quantifier__classifier__C': 1000.0, 'quantifier__classifier__class_weight': 'balanced', 'quantifier__bandwidth': 0.09999999999999999, 'confidence': None} [took 24.606s]
02/01/24 03:24:44| DEBUG       [size=52,place=1] best score = 0.00584475; best param = {'quantifier__classifier__C': 0.1, 'quantifier__classifier__class_weight': 'balanced', 'quantifier__bandwidth': 0.06999999999999999, 'confidence': ['isoft']} [took 114.371s]
02/01/24 03:24:44| DEBUG       [size=52,place=2] best score = 0.00592057; best param = {'quantifier__classifier__C': 0.1, 'quantifier__classifier__class_weight': 'balanced', 'quantifier__bandwidth': 0.08, 'confidence': ['isoft']} [took 114.372s]
02/01/24 03:25:22| DEBUG       [size=16,place=1] best score = 0.00570282; best param = {'quantifier__classifier__C': 1.0, 'quantifier__classifier__class_weight': 'balanced', 'quantifier__bandwidth': 0.08, 'confidence': ['isoft']} [took 38.564s]
02/01/24 03:25:22| DEBUG       [size=16,place=2] best score = 0.00584926; best param = {'quantifier__classifier__C': 1.0, 'quantifier__classifier__class_weight': 'balanced', 'quantifier__bandwidth': 0.06999999999999999, 'confidence': ['isoft']} [took 38.565s]
02/01/24 03:26:11| DEBUG       [size=21,place=1] best score = 0.00552898; best param = {'quantifier__classifier__C': 1.0, 'quantifier__classifier__class_weight': 'balanced', 'quantifier__bandwidth': 0.06999999999999999, 'confidence': None} [took 48.581s]
02/01/24 03:26:11| DEBUG       [size=21,place=2] best score = 0.00558434; best param = {'quantifier__classifier__C': 1.0, 'quantifier__classifier__class_weight': 'balanced', 'quantifier__bandwidth': 0.08, 'confidence': None} [took 48.581s]
02/01/24 03:27:17| DEBUG       [size=27,place=1] best score = 0.00615957; best param = {'quantifier__classifier__C': 1.0, 'quantifier__classifier__class_weight': 'balanced', 'quantifier__bandwidth': 0.09, 'confidence': None} [took 65.655s]
02/01/24 03:27:17| DEBUG       [size=27,place=2] best score = 0.00623726; best param = {'quantifier__classifier__C': 1.0, 'quantifier__classifier__class_weight': 'balanced', 'quantifier__bandwidth': 0.060000000000000005, 'confidence': None} [took 65.655s]
02/01/24 03:27:17| DEBUG       [MultiClassAccuracyEstimator] optimization finished: best params {'quantifier__classifier__C': 1.0, 'quantifier__classifier__class_weight': 'balanced', 'quantifier__bandwidth': 0.06999999999999999, 'confidence': None} (score=0.00553) [took 291.8962s]
02/01/24 03:32:36| INFO        d_mul_kde_lr_gs finished [took 611.6517s]
02/01/24 03:33:02| DEBUG       [size=11,place=1] best score = 0.00718745; best param = {'quantifier__classifier__C': 100.0, 'quantifier__classifier__class_weight': 'balanced', 'quantifier__bandwidth': 0.01, 'confidence': None} [took 24.493s]
02/01/24 03:33:02| DEBUG       [size=11,place=2] best score = 0.00993395; best param = {'quantifier__classifier__C': 0.1, 'quantifier__classifier__class_weight': 'balanced', 'quantifier__bandwidth': 0.060000000000000005, 'confidence': ['isoft']} [took 24.494s]
02/01/24 03:34:42| DEBUG       [size=53,place=1] best score = 0.00548869; best param = {'quantifier__classifier__C': 1000.0, 'quantifier__classifier__class_weight': 'balanced', 'quantifier__bandwidth': 0.060000000000000005, 'confidence': ['isoft']} [took 100.327s]
02/01/24 03:34:42| DEBUG       [size=53,place=2] best score = 0.00599700; best param = {'quantifier__classifier__C': 100.0, 'quantifier__classifier__class_weight': 'balanced', 'quantifier__bandwidth': 0.060000000000000005, 'confidence': ['isoft']} [took 100.328s]
02/01/24 03:36:04| DEBUG       [size=40,place=1] best score = 0.00550440; best param = {'quantifier__classifier__C': 1000.0, 'quantifier__classifier__class_weight': 'balanced', 'quantifier__bandwidth': 0.05, 'confidence': ['isoft']} [took 82.460s]
02/01/24 03:36:04| DEBUG       [size=40,place=2] best score = 0.00553429; best param = {'quantifier__classifier__C': 1000.0, 'quantifier__classifier__class_weight': 'balanced', 'quantifier__bandwidth': 0.06999999999999999, 'confidence': ['isoft']} [took 82.460s]
02/01/24 03:36:04| DEBUG       [MultiClassAccuracyEstimator] optimization finished: best params {'quantifier__classifier__C': 1000.0, 'quantifier__classifier__class_weight': 'balanced', 'quantifier__bandwidth': 0.060000000000000005, 'confidence': ['isoft']} (score=0.00549) [took 207.2917s]
02/01/24 03:40:58| INFO        d_m3w_kde_lr_gs finished [took 500.8967s]
02/01/24 03:40:58| INFO     Dataset sample [0.9 0.1] of dataset rcv1_MCAT finished [took 2927.7341s]
