----------------------------------------------------------------------------------------------------
24/01/24 11:04:30| INFO     dataset rcv1_MCAT [pool size: 10]
24/01/24 11:04:30| INFO     Dataset sample [0.1 0.9] of dataset rcv1_MCAT started
24/01/24 11:04:40| WARNING     Method bin_kde_lr_c failed. Exception: This solver needs samples of at least 2 classes in the data, but the data contains only one class: 0
24/01/24 11:04:40| WARNING     Method bin_kde_lr failed. Exception: This solver needs samples of at least 2 classes in the data, but the data contains only one class: 0
24/01/24 11:04:41| WARNING     Method bin_kde_lr_ne failed. Exception: This solver needs samples of at least 2 classes in the data, but the data contains only one class: 0
24/01/24 11:04:41| WARNING     Method bin_kde_lr_mc failed. Exception: This solver needs samples of at least 2 classes in the data, but the data contains only one class: 0
24/01/24 11:04:50| WARNING     Method bin_kde_lr_is failed. Exception: This solver needs samples of at least 2 classes in the data, but the data contains only one class: 0
24/01/24 11:04:59| WARNING     Method bin_kde_lr_a failed. Exception: This solver needs samples of at least 2 classes in the data, but the data contains only one class: 0
24/01/24 11:19:24| INFO        m3w_kde_lr_c finished [took 889.4715s]
24/01/24 11:20:13| INFO        m3w_kde_lr finished [took 938.2744s]
24/01/24 11:20:18| INFO        m3w_kde_lr_mc finished [took 945.3551s]
24/01/24 11:20:34| INFO        m3w_kde_lr_is finished [took 950.9270s]
24/01/24 11:20:45| INFO        m3w_kde_lr_ne finished [took 962.9233s]
24/01/24 11:21:18| INFO        ref finished [took 64.7432s]
24/01/24 11:21:28| INFO        atc_mc finished [took 69.3339s]
24/01/24 11:21:32| INFO        mul_kde_lr finished [took 1017.3983s]
24/01/24 11:21:34| INFO        mul_kde_lr_mc finished [took 1019.3661s]
24/01/24 11:21:55| INFO        mul_kde_lr_is finished [took 1031.4135s]
24/01/24 11:21:57| INFO        doc finished [took 82.1661s]
24/01/24 11:21:57| INFO        mul_kde_lr_a finished [took 1016.1809s]
24/01/24 11:22:04| INFO        mul_kde_lr_ne finished [took 1048.9677s]
24/01/24 11:22:07| INFO        mul_kde_lr_c finished [took 1052.2644s]
24/01/24 11:28:36| INFO        m3w_kde_lr_a finished [took 551.4275s]
24/01/24 11:32:50| WARNING     Method bin_kde_lr_gs failed. Exception: no combination of hyperparameters seem to work
24/01/24 11:36:07| DEBUG       [size=11,place=1] best score = 0.00705832; best param = {'quantifier__classifier__C': 0.1, 'quantifier__classifier__class_weight': 'balanced', 'quantifier__bandwidth': 0.02, 'confidence': ['isoft']} [took 196.160s]
24/01/24 11:36:07| DEBUG       [size=11,place=2] best score = 0.00759633; best param = {'quantifier__classifier__C': 1000.0, 'quantifier__classifier__class_weight': 'balanced', 'quantifier__bandwidth': 0.04, 'confidence': ['max_conf', 'entropy', 'isoft']} [took 196.160s]
24/01/24 11:51:55| DEBUG       [size=56,place=1] best score = 0.00582630; best param = {'quantifier__classifier__C': 0.1, 'quantifier__classifier__class_weight': 'balanced', 'quantifier__bandwidth': 0.04, 'confidence': ['isoft']} [took 948.741s]
24/01/24 11:51:55| DEBUG       [size=56,place=2] best score = 0.00585714; best param = {'quantifier__classifier__C': 0.1, 'quantifier__classifier__class_weight': 'balanced', 'quantifier__bandwidth': 0.05, 'confidence': ['isoft']} [took 948.742s]
24/01/24 11:55:39| DEBUG       [size=16,place=1] best score = 0.00598904; best param = {'quantifier__classifier__C': 0.1, 'quantifier__classifier__class_weight': 'balanced', 'quantifier__bandwidth': 0.05, 'confidence': ['max_conf', 'entropy', 'isoft']} [took 223.873s]
24/01/24 11:55:39| DEBUG       [size=16,place=2] best score = 0.00604693; best param = {'quantifier__classifier__C': 0.1, 'quantifier__classifier__class_weight': 'balanced', 'quantifier__bandwidth': 0.04, 'confidence': None} [took 223.873s]
24/01/24 11:55:39| DEBUG       [MultiClassAccuracyEstimator] optimization finished: best params {'quantifier__classifier__C': 0.1, 'quantifier__classifier__class_weight': 'balanced', 'quantifier__bandwidth': 0.04, 'confidence': ['isoft']} (score=0.00583) [took 1368.8874s]
24/01/24 12:00:44| INFO        mul_kde_lr_gs finished [took 1673.9669s]
24/01/24 12:03:22| DEBUG       [size=11,place=1] best score = 0.00753340; best param = {'quantifier__classifier__C': 0.1, 'quantifier__classifier__class_weight': 'balanced', 'quantifier__bandwidth': 0.02, 'confidence': ['isoft']} [took 156.844s]
24/01/24 12:03:22| DEBUG       [size=11,place=2] best score = 0.00815183; best param = {'quantifier__classifier__C': 100.0, 'quantifier__classifier__class_weight': None, 'quantifier__bandwidth': 0.04, 'confidence': None} [took 156.845s]
24/01/24 12:14:39| DEBUG       [size=55,place=1] best score = 0.00582010; best param = {'quantifier__classifier__C': 0.1, 'quantifier__classifier__class_weight': 'balanced', 'quantifier__bandwidth': 0.03, 'confidence': ['isoft']} [took 677.101s]
24/01/24 12:14:39| DEBUG       [size=55,place=2] best score = 0.00608479; best param = {'quantifier__classifier__C': 0.1, 'quantifier__classifier__class_weight': 'balanced', 'quantifier__bandwidth': 0.04, 'confidence': ['isoft']} [took 677.101s]
24/01/24 12:17:42| DEBUG       [size=18,place=1] best score = 0.00602257; best param = {'quantifier__classifier__C': 0.1, 'quantifier__classifier__class_weight': 'balanced', 'quantifier__bandwidth': 0.04, 'confidence': ['max_conf', 'entropy', 'isoft']} [took 182.476s]
24/01/24 12:17:42| DEBUG       [size=18,place=2] best score = 0.00608606; best param = {'quantifier__classifier__C': 0.1, 'quantifier__classifier__class_weight': 'balanced', 'quantifier__bandwidth': 0.04, 'confidence': None} [took 182.477s]
24/01/24 12:17:42| DEBUG       [MultiClassAccuracyEstimator] optimization finished: best params {'quantifier__classifier__C': 0.1, 'quantifier__classifier__class_weight': 'balanced', 'quantifier__bandwidth': 0.03, 'confidence': ['isoft']} (score=0.00582) [took 1016.5372s]
24/01/24 12:22:00| INFO        m3w_kde_lr_gs finished [took 1274.2245s]
24/01/24 12:22:00| INFO     Dataset sample [0.1 0.9] of dataset rcv1_MCAT finished [took 4649.7115s]
24/01/24 12:22:00| INFO     Dataset sample [0.2 0.8] of dataset rcv1_MCAT started
24/01/24 12:33:44| INFO        bin_kde_lr_mc finished [took 702.5661s]
24/01/24 12:34:26| INFO        bin_kde_lr_c finished [took 745.1933s]
24/01/24 12:34:34| INFO        bin_kde_lr finished [took 752.6833s]
24/01/24 12:34:46| INFO        bin_kde_lr_ne finished [took 760.0081s]
24/01/24 12:36:38| INFO        m3w_kde_lr finished [took 876.7641s]
24/01/24 12:37:03| INFO        m3w_kde_lr_mc finished [took 899.4405s]
24/01/24 12:37:09| INFO        m3w_kde_lr_c finished [took 908.0753s]
24/01/24 12:37:22| INFO        mul_kde_lr finished [took 921.1947s]
24/01/24 12:38:10| INFO        mul_kde_lr_mc finished [took 969.0278s]
24/01/24 12:38:19| INFO        mul_kde_lr_ne finished [took 973.2979s]
24/01/24 12:38:42| INFO        mul_kde_lr_c finished [took 1001.2933s]
24/01/24 12:39:09| INFO        ref finished [took 106.1158s]
24/01/24 12:39:48| INFO        atc_mc finished [took 97.5625s]
24/01/24 12:40:03| INFO        doc finished [took 103.3867s]
24/01/24 12:44:16| INFO        bin_kde_lr_is finished [took 588.8016s]
24/01/24 12:44:48| INFO        m3w_kde_lr_ne finished [took 663.6614s]
24/01/24 12:45:22| INFO        bin_kde_lr_a finished [took 523.9912s]
24/01/24 12:46:45| INFO        mul_kde_lr_is finished [took 730.3188s]
24/01/24 12:46:52| INFO        m3w_kde_lr_is finished [took 725.1970s]
24/01/24 12:48:12| INFO        m3w_kde_lr_a finished [took 662.2724s]
24/01/24 12:49:08| INFO        mul_kde_lr_a finished [took 725.0702s]
24/01/24 12:50:01| DEBUG       [size=11,place=1] best score = 0.04470998; best param = {'quantifier__classifier__C': 0.1, 'quantifier__classifier__class_weight': 'balanced', 'quantifier__bandwidth': 0.02, 'confidence': ['isoft']} [took 51.983s]
24/01/24 12:50:01| DEBUG       [size=11,place=2] best score = 0.04819642; best param = {'quantifier__classifier__C': 100.0, 'quantifier__classifier__class_weight': 'balanced', 'quantifier__bandwidth': 0.01, 'confidence': ['isoft']} [took 51.984s]
24/01/24 12:53:46| DEBUG       [size=54,place=1] best score = 0.01948045; best param = {'quantifier__classifier__C': 1.0, 'quantifier__classifier__class_weight': 'balanced', 'quantifier__bandwidth': 0.01, 'confidence': ['isoft']} [took 225.050s]
24/01/24 12:53:46| DEBUG       [size=54,place=2] best score = 0.02072283; best param = {'quantifier__classifier__C': 1.0, 'quantifier__classifier__class_weight': 'balanced', 'quantifier__bandwidth': 0.02, 'confidence': ['isoft']} [took 225.051s]
24/01/24 12:55:32| DEBUG       [size=24,place=1] best score = 0.01803427; best param = {'quantifier__classifier__C': 1.0, 'quantifier__classifier__class_weight': 'balanced', 'quantifier__bandwidth': 0.01, 'confidence': ['max_conf', 'entropy', 'isoft']} [took 105.588s]
24/01/24 12:55:32| DEBUG       [size=24,place=2] best score = 0.01834546; best param = {'quantifier__classifier__C': 1.0, 'quantifier__classifier__class_weight': 'balanced', 'quantifier__bandwidth': 0.01, 'confidence': None} [took 105.589s]
24/01/24 12:58:22| DEBUG       [size=48,place=1] best score = 0.02256716; best param = {'quantifier__classifier__C': 0.1, 'quantifier__classifier__class_weight': 'balanced', 'quantifier__bandwidth': 0.01, 'confidence': ['max_conf', 'entropy', 'isoft']} [took 170.726s]
24/01/24 12:58:22| DEBUG       [size=48,place=2] best score = 0.02400858; best param = {'quantifier__classifier__C': 10.0, 'quantifier__classifier__class_weight': 'balanced', 'quantifier__bandwidth': 0.01, 'confidence': None} [took 170.727s]
24/01/24 12:58:22| DEBUG       [BinaryQuantifierAccuracyEstimator] optimization finished: best params {'quantifier__classifier__C': 1.0, 'quantifier__classifier__class_weight': 'balanced', 'quantifier__bandwidth': 0.01, 'confidence': ['max_conf', 'entropy', 'isoft']} (score=0.01803) [took 553.3723s]
24/01/24 13:01:57| INFO        bin_kde_lr_gs finished [took 767.8506s]
24/01/24 13:05:30| DEBUG       [size=11,place=1] best score = 0.00786927; best param = {'quantifier__classifier__C': 0.1, 'quantifier__classifier__class_weight': 'balanced', 'quantifier__bandwidth': 0.02, 'confidence': ['isoft']} [took 212.678s]
24/01/24 13:05:30| DEBUG       [size=11,place=2] best score = 0.01212044; best param = {'quantifier__classifier__C': 1000.0, 'quantifier__classifier__class_weight': 'balanced', 'quantifier__bandwidth': 0.04, 'confidence': ['max_conf', 'entropy', 'isoft']} [took 212.678s]
24/01/24 13:22:27| DEBUG       [size=56,place=1] best score = 0.00761093; best param = {'quantifier__classifier__C': 0.1, 'quantifier__classifier__class_weight': 'balanced', 'quantifier__bandwidth': 0.02, 'confidence': ['max_conf', 'entropy', 'isoft']} [took 1016.885s]
24/01/24 13:22:27| DEBUG       [size=56,place=2] best score = 0.00864693; best param = {'quantifier__classifier__C': 0.1, 'quantifier__classifier__class_weight': 'balanced', 'quantifier__bandwidth': 0.01, 'confidence': ['isoft']} [took 1016.885s]
24/01/24 13:29:09| DEBUG       [size=31,place=1] best score = 0.00877264; best param = {'quantifier__classifier__C': 0.1, 'quantifier__classifier__class_weight': 'balanced', 'quantifier__bandwidth': 0.03, 'confidence': ['max_conf', 'entropy', 'isoft']} [took 402.224s]
24/01/24 13:29:09| DEBUG       [size=31,place=2] best score = 0.00883078; best param = {'quantifier__classifier__C': 0.1, 'quantifier__classifier__class_weight': 'balanced', 'quantifier__bandwidth': 0.01, 'confidence': ['max_conf', 'entropy', 'isoft']} [took 402.224s]
24/01/24 13:29:09| DEBUG       [MultiClassAccuracyEstimator] optimization finished: best params {'quantifier__classifier__C': 0.1, 'quantifier__classifier__class_weight': 'balanced', 'quantifier__bandwidth': 0.02, 'confidence': ['max_conf', 'entropy', 'isoft']} (score=0.00761) [took 1631.8964s]
24/01/24 13:33:53| INFO        mul_kde_lr_gs finished [took 1916.1970s]
24/01/24 13:36:30| DEBUG       [size=11,place=1] best score = 0.00617467; best param = {'quantifier__classifier__C': 0.1, 'quantifier__classifier__class_weight': 'balanced', 'quantifier__bandwidth': 0.02, 'confidence': ['isoft']} [took 155.187s]
24/01/24 13:36:30| DEBUG       [size=11,place=2] best score = 0.01003435; best param = {'quantifier__classifier__C': 100.0, 'quantifier__classifier__class_weight': 'balanced', 'quantifier__bandwidth': 0.05, 'confidence': None} [took 155.188s]
24/01/24 13:48:41| DEBUG       [size=56,place=1] best score = 0.00627225; best param = {'quantifier__classifier__C': 0.1, 'quantifier__classifier__class_weight': 'balanced', 'quantifier__bandwidth': 0.02, 'confidence': ['max_conf', 'entropy', 'isoft']} [took 731.323s]
24/01/24 13:48:41| DEBUG       [size=56,place=2] best score = 0.00649392; best param = {'quantifier__classifier__C': 1.0, 'quantifier__classifier__class_weight': 'balanced', 'quantifier__bandwidth': 0.05, 'confidence': None} [took 731.323s]
24/01/24 13:48:41| DEBUG       [MultiClassAccuracyEstimator] optimization finished: best params {'quantifier__classifier__C': 0.1, 'quantifier__classifier__class_weight': 'balanced', 'quantifier__bandwidth': 0.02, 'confidence': ['isoft']} (score=0.00617) [took 886.6172s]
24/01/24 13:52:51| INFO        m3w_kde_lr_gs finished [took 1136.8829s]
24/01/24 13:52:51| INFO     Dataset sample [0.2 0.8] of dataset rcv1_MCAT finished [took 5451.6332s]
24/01/24 13:52:51| INFO     Dataset sample [0.3 0.7] of dataset rcv1_MCAT started
24/01/24 14:03:24| INFO        bin_kde_lr_ne finished [took 625.4002s]
24/01/24 14:03:33| INFO        bin_kde_lr_mc finished [took 640.2779s]
24/01/24 14:03:47| INFO        bin_kde_lr finished [took 654.3848s]
24/01/24 14:03:50| INFO        bin_kde_lr_c finished [took 657.5431s]
24/01/24 14:05:16| INFO        m3w_kde_lr finished [took 743.2161s]
24/01/24 14:05:24| INFO        m3w_kde_lr_c finished [took 751.2415s]
24/01/24 14:05:25| INFO        mul_kde_lr_mc finished [took 752.4198s]
24/01/24 14:05:58| INFO        m3w_kde_lr_mc finished [took 779.9496s]
24/01/24 14:06:20| INFO        mul_kde_lr_c finished [took 807.4932s]
24/01/24 14:06:32| INFO        mul_kde_lr finished [took 818.9937s]
24/01/24 14:07:31| INFO        mul_kde_lr_ne finished [took 872.4001s]
24/01/24 14:07:46| INFO        ref finished [took 107.3372s]
24/01/24 14:07:49| INFO        atc_mc finished [took 88.9084s]
24/01/24 14:08:15| INFO        doc finished [took 102.0560s]
24/01/24 14:11:13| INFO        bin_kde_lr_is finished [took 459.5102s]
24/01/24 14:12:32| INFO        m3w_kde_lr_ne finished [took 547.8353s]
24/01/24 14:12:55| INFO        m3w_kde_lr_is finished [took 544.0389s]
24/01/24 14:13:18| INFO        bin_kde_lr_a finished [took 481.2542s]
24/01/24 14:13:31| INFO        mul_kde_lr_is finished [took 583.6349s]
24/01/24 14:14:14| INFO        m3w_kde_lr_a finished [took 528.0912s]
24/01/24 14:15:24| INFO        mul_kde_lr_a finished [took 599.1751s]
24/01/24 14:16:16| DEBUG       [size=11,place=1] best score = 0.01020953; best param = {'quantifier__classifier__C': 0.1, 'quantifier__classifier__class_weight': 'balanced', 'quantifier__bandwidth': 0.02, 'confidence': ['isoft']} [took 51.259s]
24/01/24 14:16:16| DEBUG       [size=11,place=2] best score = 0.02674592; best param = {'quantifier__classifier__C': 100.0, 'quantifier__classifier__class_weight': 'balanced', 'quantifier__bandwidth': 0.03, 'confidence': ['max_conf', 'entropy', 'isoft']} [took 51.260s]
24/01/24 14:20:08| DEBUG       [size=56,place=1] best score = 0.00951412; best param = {'quantifier__classifier__C': 1.0, 'quantifier__classifier__class_weight': 'balanced', 'quantifier__bandwidth': 0.02, 'confidence': ['isoft']} [took 232.147s]
24/01/24 14:20:08| DEBUG       [size=56,place=2] best score = 0.01005433; best param = {'quantifier__classifier__C': 0.01, 'quantifier__classifier__class_weight': 'balanced', 'quantifier__bandwidth': 0.02, 'confidence': ['isoft']} [took 232.147s]
24/01/24 14:22:17| DEBUG       [size=44,place=1] best score = 0.00916373; best param = {'quantifier__classifier__C': 0.01, 'quantifier__classifier__class_weight': 'balanced', 'quantifier__bandwidth': 0.01, 'confidence': ['isoft']} [took 129.451s]
24/01/24 14:22:17| DEBUG       [size=44,place=2] best score = 0.00936242; best param = {'quantifier__classifier__C': 0.01, 'quantifier__classifier__class_weight': 'balanced', 'quantifier__bandwidth': 0.02, 'confidence': ['max_conf', 'entropy', 'isoft']} [took 129.451s]
24/01/24 14:23:31| DEBUG       [size=27,place=1] best score = 0.00928028; best param = {'quantifier__classifier__C': 0.01, 'quantifier__classifier__class_weight': 'balanced', 'quantifier__bandwidth': 0.01, 'confidence': ['max_conf', 'entropy', 'isoft']} [took 73.570s]
24/01/24 14:23:31| DEBUG       [size=27,place=2] best score = 0.01325195; best param = {'quantifier__classifier__C': 0.001, 'quantifier__classifier__class_weight': 'balanced', 'quantifier__bandwidth': 0.01, 'confidence': ['isoft']} [took 73.570s]
24/01/24 14:23:31| DEBUG       [BinaryQuantifierAccuracyEstimator] optimization finished: best params {'quantifier__classifier__C': 0.01, 'quantifier__classifier__class_weight': 'balanced', 'quantifier__bandwidth': 0.01, 'confidence': ['isoft']} (score=0.00916) [took 486.5494s]
24/01/24 14:26:57| INFO        bin_kde_lr_gs finished [took 693.0679s]
24/01/24 14:30:19| DEBUG       [size=11,place=1] best score = 0.01166022; best param = {'quantifier__classifier__C': 0.1, 'quantifier__classifier__class_weight': 'balanced', 'quantifier__bandwidth': 0.02, 'confidence': ['isoft']} [took 201.547s]
24/01/24 14:30:19| DEBUG       [size=11,place=2] best score = 0.02921307; best param = {'quantifier__classifier__C': 1.0, 'quantifier__classifier__class_weight': None, 'quantifier__bandwidth': 0.060000000000000005, 'confidence': None} [took 201.547s]
24/01/24 14:41:19| DEBUG       [size=56,place=1] best score = 0.01115833; best param = {'quantifier__classifier__C': 0.1, 'quantifier__classifier__class_weight': 'balanced', 'quantifier__bandwidth': 0.02, 'confidence': ['max_conf', 'entropy', 'isoft']} [took 660.039s]
24/01/24 14:41:19| DEBUG       [size=56,place=2] best score = 0.01143373; best param = {'quantifier__classifier__C': 0.01, 'quantifier__classifier__class_weight': 'balanced', 'quantifier__bandwidth': 0.02, 'confidence': ['isoft']} [took 660.039s]
24/01/24 14:48:46| DEBUG       [size=47,place=1] best score = 0.00870961; best param = {'quantifier__classifier__C': 0.01, 'quantifier__classifier__class_weight': 'balanced', 'quantifier__bandwidth': 0.01, 'confidence': ['isoft']} [took 446.824s]
24/01/24 14:48:46| DEBUG       [size=47,place=2] best score = 0.01085050; best param = {'quantifier__classifier__C': 0.01, 'quantifier__classifier__class_weight': 'balanced', 'quantifier__bandwidth': 0.02, 'confidence': ['max_conf', 'entropy', 'isoft']} [took 446.825s]
24/01/24 14:52:12| DEBUG       [size=26,place=1] best score = 0.00873221; best param = {'quantifier__classifier__C': 0.01, 'quantifier__classifier__class_weight': 'balanced', 'quantifier__bandwidth': 0.01, 'confidence': ['max_conf', 'entropy', 'isoft']} [took 205.835s]
24/01/24 14:52:12| DEBUG       [size=26,place=2] best score = 0.01221712; best param = {'quantifier__classifier__C': 0.01, 'quantifier__classifier__class_weight': 'balanced', 'quantifier__bandwidth': 0.03, 'confidence': ['max_conf', 'entropy', 'isoft']} [took 205.836s]
24/01/24 14:52:12| DEBUG       [MultiClassAccuracyEstimator] optimization finished: best params {'quantifier__classifier__C': 0.01, 'quantifier__classifier__class_weight': 'balanced', 'quantifier__bandwidth': 0.01, 'confidence': ['isoft']} (score=0.00871) [took 1514.2691s]
24/01/24 14:56:58| INFO        mul_kde_lr_gs finished [took 1800.3607s]
24/01/24 14:59:23| DEBUG       [size=11,place=1] best score = 0.00826323; best param = {'quantifier__classifier__C': 0.1, 'quantifier__classifier__class_weight': 'balanced', 'quantifier__bandwidth': 0.02, 'confidence': ['isoft']} [took 144.419s]
24/01/24 14:59:23| DEBUG       [size=11,place=2] best score = 0.02183303; best param = {'quantifier__classifier__C': 1.0, 'quantifier__classifier__class_weight': None, 'quantifier__bandwidth': 0.060000000000000005, 'confidence': None} [took 144.420s]
24/01/24 15:06:52| DEBUG       [size=56,place=1] best score = 0.00821508; best param = {'quantifier__classifier__C': 0.1, 'quantifier__classifier__class_weight': 'balanced', 'quantifier__bandwidth': 0.02, 'confidence': ['max_conf', 'entropy', 'isoft']} [took 448.989s]
24/01/24 15:06:52| DEBUG       [size=56,place=2] best score = 0.01014390; best param = {'quantifier__classifier__C': 0.1, 'quantifier__classifier__class_weight': 'balanced', 'quantifier__bandwidth': 0.060000000000000005, 'confidence': ['isoft']} [took 448.990s]
24/01/24 15:11:43| DEBUG       [size=34,place=1] best score = 0.00969789; best param = {'quantifier__classifier__C': 0.01, 'quantifier__classifier__class_weight': 'balanced', 'quantifier__bandwidth': 0.060000000000000005, 'confidence': ['isoft']} [took 290.445s]
24/01/24 15:11:43| DEBUG       [size=34,place=2] best score = 0.01013154; best param = {'quantifier__classifier__C': 0.1, 'quantifier__classifier__class_weight': 'balanced', 'quantifier__bandwidth': 0.060000000000000005, 'confidence': ['max_conf', 'entropy', 'isoft']} [took 290.446s]
24/01/24 15:11:43| DEBUG       [MultiClassAccuracyEstimator] optimization finished: best params {'quantifier__classifier__C': 0.1, 'quantifier__classifier__class_weight': 'balanced', 'quantifier__bandwidth': 0.02, 'confidence': ['max_conf', 'entropy', 'isoft']} (score=0.00822) [took 883.9691s]
24/01/24 15:16:25| INFO        m3w_kde_lr_gs finished [took 1165.8974s]
24/01/24 15:16:25| INFO     Dataset sample [0.3 0.7] of dataset rcv1_MCAT finished [took 5013.4803s]
24/01/24 15:16:25| INFO     Dataset sample [0.4 0.6] of dataset rcv1_MCAT started
24/01/24 15:26:34| INFO        bin_kde_lr_mc finished [took 603.8370s]
24/01/24 15:26:40| INFO        bin_kde_lr_c finished [took 613.3042s]
24/01/24 15:26:59| INFO        bin_kde_lr finished [took 632.4138s]
24/01/24 15:27:13| INFO        bin_kde_lr_ne finished [took 641.9089s]
24/01/24 15:28:16| INFO        m3w_kde_lr finished [took 710.0831s]
24/01/24 15:29:26| INFO        mul_kde_lr finished [took 779.8757s]
24/01/24 15:29:34| INFO        mul_kde_lr_ne finished [took 782.4934s]
24/01/24 15:29:45| INFO        m3w_kde_lr_c finished [took 793.8505s]
24/01/24 15:30:04| INFO        mul_kde_lr_mc finished [took 812.6978s]
24/01/24 15:30:40| INFO        m3w_kde_lr_mc finished [took 849.8022s]
24/01/24 15:31:27| INFO        ref finished [took 101.7180s]
24/01/24 15:31:34| INFO        mul_kde_lr_c finished [took 905.5269s]
24/01/24 15:31:55| INFO        atc_mc finished [took 110.2290s]
24/01/24 15:32:15| INFO        doc finished [took 93.9833s]
24/01/24 15:34:18| INFO        bin_kde_lr_is finished [took 457.7209s]
24/01/24 15:34:48| INFO        bin_kde_lr_a finished [took 391.0838s]
24/01/24 15:36:01| INFO        m3w_kde_lr_ne finished [took 566.1486s]
24/01/24 15:36:22| INFO        m3w_kde_lr_is finished [took 548.0344s]
24/01/24 15:37:07| INFO        mul_kde_lr_is finished [took 608.0263s]
24/01/24 15:38:57| INFO        mul_kde_lr_a finished [took 570.1904s]
24/01/24 15:38:59| INFO        m3w_kde_lr_a finished [took 564.2177s]
24/01/24 15:39:59| DEBUG       [size=11,place=1] best score = 0.00719131; best param = {'quantifier__classifier__C': 1000.0, 'quantifier__classifier__class_weight': 'balanced', 'quantifier__bandwidth': 0.04, 'confidence': ['max_conf', 'entropy', 'isoft']} [took 59.053s]
24/01/24 15:39:59| DEBUG       [size=11,place=2] best score = 0.00922208; best param = {'quantifier__classifier__C': 1.0, 'quantifier__classifier__class_weight': None, 'quantifier__bandwidth': 0.060000000000000005, 'confidence': None} [took 59.053s]
24/01/24 15:45:12| DEBUG       [size=56,place=1] best score = 0.00671314; best param = {'quantifier__classifier__C': 1000.0, 'quantifier__classifier__class_weight': 'balanced', 'quantifier__bandwidth': 0.05, 'confidence': ['max_conf', 'entropy', 'isoft']} [took 313.568s]
24/01/24 15:45:12| DEBUG       [size=56,place=2] best score = 0.00682442; best param = {'quantifier__classifier__C': 1000.0, 'quantifier__classifier__class_weight': 'balanced', 'quantifier__bandwidth': 0.060000000000000005, 'confidence': ['max_conf', 'entropy', 'isoft']} [took 313.569s]
24/01/24 15:46:49| DEBUG       [size=18,place=1] best score = 0.00677462; best param = {'quantifier__classifier__C': 1000.0, 'quantifier__classifier__class_weight': 'balanced', 'quantifier__bandwidth': 0.05, 'confidence': None} [took 96.662s]
24/01/24 15:46:49| DEBUG       [size=18,place=2] best score = 0.00678003; best param = {'quantifier__classifier__C': 1000.0, 'quantifier__classifier__class_weight': 'balanced', 'quantifier__bandwidth': 0.05, 'confidence': ['isoft']} [took 96.662s]
24/01/24 15:46:49| DEBUG       [BinaryQuantifierAccuracyEstimator] optimization finished: best params {'quantifier__classifier__C': 1000.0, 'quantifier__classifier__class_weight': 'balanced', 'quantifier__bandwidth': 0.05, 'confidence': ['max_conf', 'entropy', 'isoft']} (score=0.00671) [took 469.3009s]
24/01/24 15:50:36| INFO        bin_kde_lr_gs finished [took 696.3403s]
24/01/24 15:54:01| DEBUG       [size=11,place=1] best score = 0.00761192; best param = {'quantifier__classifier__C': 1.0, 'quantifier__classifier__class_weight': None, 'quantifier__bandwidth': 0.060000000000000005, 'confidence': None} [took 204.569s]
24/01/24 15:54:01| DEBUG       [size=11,place=2] best score = 0.00932525; best param = {'quantifier__classifier__C': 0.1, 'quantifier__classifier__class_weight': None, 'quantifier__bandwidth': 0.11, 'confidence': ['max_conf', 'entropy', 'isoft']} [took 204.569s]
24/01/24 16:05:30| DEBUG       [size=56,place=1] best score = 0.00760188; best param = {'quantifier__classifier__C': 1.0, 'quantifier__classifier__class_weight': None, 'quantifier__bandwidth': 0.05, 'confidence': None} [took 688.788s]
24/01/24 16:05:30| DEBUG       [size=56,place=2] best score = 0.00779358; best param = {'quantifier__classifier__C': 1.0, 'quantifier__classifier__class_weight': None, 'quantifier__bandwidth': 0.060000000000000005, 'confidence': ['isoft']} [took 688.788s]
24/01/24 16:13:57| DEBUG       [size=34,place=1] best score = 0.00769568; best param = {'quantifier__classifier__C': 1.0, 'quantifier__classifier__class_weight': None, 'quantifier__bandwidth': 0.06999999999999999, 'confidence': ['isoft']} [took 507.174s]
24/01/24 16:13:57| DEBUG       [size=34,place=2] best score = 0.00780054; best param = {'quantifier__classifier__C': 1.0, 'quantifier__classifier__class_weight': None, 'quantifier__bandwidth': 0.08, 'confidence': ['isoft']} [took 507.175s]
24/01/24 16:13:57| DEBUG       [MultiClassAccuracyEstimator] optimization finished: best params {'quantifier__classifier__C': 1.0, 'quantifier__classifier__class_weight': None, 'quantifier__bandwidth': 0.05, 'confidence': None} (score=0.00760) [took 1400.6437s]
24/01/24 16:18:28| INFO        mul_kde_lr_gs finished [took 1671.7045s]
24/01/24 16:20:56| DEBUG       [size=11,place=1] best score = 0.00917347; best param = {'quantifier__classifier__C': 100.0, 'quantifier__classifier__class_weight': None, 'quantifier__bandwidth': 0.15000000000000002, 'confidence': None} [took 147.268s]
24/01/24 16:20:56| DEBUG       [size=11,place=2] best score = 0.00933312; best param = {'quantifier__classifier__C': 100.0, 'quantifier__classifier__class_weight': 'balanced', 'quantifier__bandwidth': 0.01, 'confidence': ['isoft']} [took 147.269s]
24/01/24 16:37:46| DEBUG       [size=55,place=1] best score = 0.00768987; best param = {'quantifier__classifier__C': 100.0, 'quantifier__classifier__class_weight': None, 'quantifier__bandwidth': 0.01, 'confidence': ['isoft']} [took 1009.967s]
24/01/24 16:37:46| DEBUG       [size=55,place=2] best score = 0.00862264; best param = {'quantifier__classifier__C': 100.0, 'quantifier__classifier__class_weight': None, 'quantifier__bandwidth': 0.13, 'confidence': None} [took 1009.967s]
24/01/24 16:47:05| DEBUG       [size=33,place=1] best score = 0.00738109; best param = {'quantifier__classifier__C': 100.0, 'quantifier__classifier__class_weight': None, 'quantifier__bandwidth': 0.01, 'confidence': ['max_conf', 'entropy', 'isoft']} [took 559.035s]
24/01/24 16:47:05| DEBUG       [size=33,place=2] best score = 0.00845973; best param = {'quantifier__classifier__C': 100.0, 'quantifier__classifier__class_weight': None, 'quantifier__bandwidth': 0.14, 'confidence': ['isoft']} [took 559.035s]
24/01/24 16:54:55| DEBUG       [size=29,place=1] best score = 0.00856965; best param = {'quantifier__classifier__C': 100.0, 'quantifier__classifier__class_weight': None, 'quantifier__bandwidth': 0.14, 'confidence': ['max_conf', 'entropy', 'isoft']} [took 469.973s]
24/01/24 16:54:55| DEBUG       [size=29,place=2] best score = 0.00874626; best param = {'quantifier__classifier__C': 10.0, 'quantifier__classifier__class_weight': None, 'quantifier__bandwidth': 0.14, 'confidence': ['isoft']} [took 469.974s]
24/01/24 16:54:55| DEBUG       [MultiClassAccuracyEstimator] optimization finished: best params {'quantifier__classifier__C': 100.0, 'quantifier__classifier__class_weight': None, 'quantifier__bandwidth': 0.01, 'confidence': ['max_conf', 'entropy', 'isoft']} (score=0.00738) [took 2186.3644s]
24/01/24 16:59:14| INFO        m3w_kde_lr_gs finished [took 2445.1322s]
24/01/24 16:59:14| INFO     Dataset sample [0.4 0.6] of dataset rcv1_MCAT finished [took 6169.4757s]
24/01/24 16:59:14| INFO     Dataset sample [0.5 0.5] of dataset rcv1_MCAT started
24/01/24 17:10:21| INFO        bin_kde_lr_ne finished [took 663.7276s]
24/01/24 17:10:23| INFO        bin_kde_lr finished [took 665.6925s]
24/01/24 17:10:23| INFO        bin_kde_lr_mc finished [took 666.4864s]
24/01/24 17:10:30| INFO        bin_kde_lr_c finished [took 673.0489s]
24/01/24 17:14:26| INFO        m3w_kde_lr_mc finished [took 909.1297s]
24/01/24 17:14:35| INFO        m3w_kde_lr_c finished [took 917.5501s]
24/01/24 17:14:35| INFO        m3w_kde_lr finished [took 917.9584s]
24/01/24 17:15:39| INFO        mul_kde_lr_mc finished [took 982.2124s]
24/01/24 17:15:42| INFO        mul_kde_lr finished [took 984.6856s]
24/01/24 17:15:46| INFO        mul_kde_lr_ne finished [took 982.8181s]
24/01/24 17:15:49| INFO        mul_kde_lr_c finished [took 992.0160s]
24/01/24 17:17:01| INFO        ref finished [took 81.8242s]
24/01/24 17:17:23| INFO        atc_mc finished [took 100.5384s]
24/01/24 17:17:30| INFO        doc finished [took 103.3503s]
24/01/24 17:19:32| INFO        bin_kde_lr_is finished [took 548.5610s]
24/01/24 17:22:12| INFO        m3w_kde_lr_ne finished [took 711.0240s]
24/01/24 17:22:19| INFO        bin_kde_lr_a finished [took 472.4256s]
24/01/24 17:22:28| INFO        m3w_kde_lr_is finished [took 716.8825s]
24/01/24 17:23:02| INFO        mul_kde_lr_is finished [took 757.4501s]
24/01/24 17:24:21| INFO        m3w_kde_lr_a finished [took 585.5948s]
24/01/24 17:25:55| INFO        mul_kde_lr_a finished [took 679.9612s]
24/01/24 17:26:58| DEBUG       [size=11,place=1] best score = 0.00774243; best param = {'quantifier__classifier__C': 100.0, 'quantifier__classifier__class_weight': 'balanced', 'quantifier__bandwidth': 0.01, 'confidence': ['isoft']} [took 61.406s]
24/01/24 17:26:58| DEBUG       [size=11,place=2] best score = 0.00834784; best param = {'quantifier__classifier__C': 100.0, 'quantifier__classifier__class_weight': 'balanced', 'quantifier__bandwidth': 0.03, 'confidence': ['max_conf', 'entropy', 'isoft']} [took 61.407s]
24/01/24 17:33:36| DEBUG       [size=54,place=1] best score = 0.00720964; best param = {'quantifier__classifier__C': 100.0, 'quantifier__classifier__class_weight': 'balanced', 'quantifier__bandwidth': 0.03, 'confidence': None} [took 398.083s]
24/01/24 17:33:36| DEBUG       [size=54,place=2] best score = 0.00751823; best param = {'quantifier__classifier__C': 100.0, 'quantifier__classifier__class_weight': 'balanced', 'quantifier__bandwidth': 0.02, 'confidence': ['max_conf', 'entropy', 'isoft']} [took 398.084s]
24/01/24 17:36:27| DEBUG       [size=31,place=1] best score = 0.00674382; best param = {'quantifier__classifier__C': 100.0, 'quantifier__classifier__class_weight': 'balanced', 'quantifier__bandwidth': 0.02, 'confidence': None} [took 170.836s]
24/01/24 17:36:27| DEBUG       [size=31,place=2] best score = 0.00692442; best param = {'quantifier__classifier__C': 100.0, 'quantifier__classifier__class_weight': None, 'quantifier__bandwidth': 0.02, 'confidence': ['max_conf', 'entropy', 'isoft']} [took 170.836s]
24/01/24 17:39:52| DEBUG       [size=32,place=1] best score = 0.00651409; best param = {'quantifier__classifier__C': 1000.0, 'quantifier__classifier__class_weight': 'balanced', 'quantifier__bandwidth': 0.02, 'confidence': None} [took 205.167s]
24/01/24 17:39:52| DEBUG       [size=32,place=2] best score = 0.00669961; best param = {'quantifier__classifier__C': 100.0, 'quantifier__classifier__class_weight': None, 'quantifier__bandwidth': 0.02, 'confidence': ['isoft']} [took 205.167s]
24/01/24 17:45:02| DEBUG       [size=44,place=1] best score = 0.00729807; best param = {'quantifier__classifier__C': 1000.0, 'quantifier__classifier__class_weight': 'balanced', 'quantifier__bandwidth': 0.02, 'confidence': ['isoft']} [took 309.524s]
24/01/24 17:45:02| DEBUG       [size=44,place=2] best score = 0.00815170; best param = {'quantifier__classifier__C': 100.0, 'quantifier__classifier__class_weight': None, 'quantifier__bandwidth': 0.03, 'confidence': ['isoft']} [took 309.539s]
24/01/24 17:45:02| DEBUG       [BinaryQuantifierAccuracyEstimator] optimization finished: best params {'quantifier__classifier__C': 1000.0, 'quantifier__classifier__class_weight': 'balanced', 'quantifier__bandwidth': 0.02, 'confidence': None} (score=0.00651) [took 1145.1583s]
24/01/24 17:48:53| INFO        bin_kde_lr_gs finished [took 1375.7783s]
24/01/24 17:52:26| DEBUG       [size=11,place=1] best score = 0.00675389; best param = {'quantifier__classifier__C': 100.0, 'quantifier__classifier__class_weight': 'balanced', 'quantifier__bandwidth': 0.05, 'confidence': None} [took 211.917s]
24/01/24 17:52:26| DEBUG       [size=11,place=2] best score = 0.00937851; best param = {'quantifier__classifier__C': 100.0, 'quantifier__classifier__class_weight': 'balanced', 'quantifier__bandwidth': 0.01, 'confidence': ['isoft']} [took 211.918s]
24/01/24 18:14:20| DEBUG       [size=54,place=1] best score = 0.00696843; best param = {'quantifier__classifier__C': 100.0, 'quantifier__classifier__class_weight': 'balanced', 'quantifier__bandwidth': 0.060000000000000005, 'confidence': None} [took 1314.863s]
24/01/24 18:14:20| DEBUG       [size=54,place=2] best score = 0.00702078; best param = {'quantifier__classifier__C': 100.0, 'quantifier__classifier__class_weight': 'balanced', 'quantifier__bandwidth': 0.060000000000000005, 'confidence': ['isoft']} [took 1314.864s]
24/01/24 18:14:20| DEBUG       [MultiClassAccuracyEstimator] optimization finished: best params {'quantifier__classifier__C': 100.0, 'quantifier__classifier__class_weight': 'balanced', 'quantifier__bandwidth': 0.05, 'confidence': None} (score=0.00675) [took 1526.7864s]
24/01/24 18:19:09| INFO        mul_kde_lr_gs finished [took 1814.9656s]
24/01/24 18:21:36| DEBUG       [size=11,place=1] best score = 0.00845556; best param = {'quantifier__classifier__C': 1.0, 'quantifier__classifier__class_weight': None, 'quantifier__bandwidth': 0.060000000000000005, 'confidence': None} [took 146.719s]
24/01/24 18:21:36| DEBUG       [size=11,place=2] best score = 0.00920313; best param = {'quantifier__classifier__C': 100.0, 'quantifier__classifier__class_weight': None, 'quantifier__bandwidth': 0.04, 'confidence': None} [took 146.719s]
24/01/24 18:33:53| DEBUG       [size=53,place=1] best score = 0.00799767; best param = {'quantifier__classifier__C': 1.0, 'quantifier__classifier__class_weight': None, 'quantifier__bandwidth': 0.05, 'confidence': None} [took 737.082s]
24/01/24 18:33:53| DEBUG       [size=53,place=2] best score = 0.00836873; best param = {'quantifier__classifier__C': 1.0, 'quantifier__classifier__class_weight': None, 'quantifier__bandwidth': 0.060000000000000005, 'confidence': ['max_conf', 'entropy', 'isoft']} [took 737.083s]
24/01/24 18:40:15| DEBUG       [size=33,place=1] best score = 0.00788063; best param = {'quantifier__classifier__C': 1.0, 'quantifier__classifier__class_weight': None, 'quantifier__bandwidth': 0.02, 'confidence': ['max_conf', 'entropy', 'isoft']} [took 382.017s]
24/01/24 18:40:15| DEBUG       [size=33,place=2] best score = 0.00819981; best param = {'quantifier__classifier__C': 1.0, 'quantifier__classifier__class_weight': None, 'quantifier__bandwidth': 0.05, 'confidence': ['max_conf', 'entropy', 'isoft']} [took 382.018s]
24/01/24 18:43:28| DEBUG       [size=15,place=1] best score = 0.00788895; best param = {'quantifier__classifier__C': 1.0, 'quantifier__classifier__class_weight': None, 'quantifier__bandwidth': 0.02, 'confidence': ['isoft']} [took 192.825s]
24/01/24 18:43:28| DEBUG       [size=15,place=2] best score = 0.00922262; best param = {'quantifier__classifier__C': 10.0, 'quantifier__classifier__class_weight': None, 'quantifier__bandwidth': 0.02, 'confidence': ['max_conf', 'entropy', 'isoft']} [took 192.826s]
24/01/24 18:43:28| DEBUG       [MultiClassAccuracyEstimator] optimization finished: best params {'quantifier__classifier__C': 1.0, 'quantifier__classifier__class_weight': None, 'quantifier__bandwidth': 0.02, 'confidence': ['max_conf', 'entropy', 'isoft']} (score=0.00788) [took 1458.7760s]
24/01/24 18:47:24| INFO        m3w_kde_lr_gs finished [took 1694.7309s]
24/01/24 18:47:24| INFO     Dataset sample [0.5 0.5] of dataset rcv1_MCAT finished [took 6489.8860s]
24/01/24 18:47:24| INFO     Dataset sample [0.6 0.4] of dataset rcv1_MCAT started
24/01/24 18:57:37| INFO        bin_kde_lr_c finished [took 610.7041s]
24/01/24 18:57:41| INFO        bin_kde_lr finished [took 615.5024s]
24/01/24 18:58:06| INFO        bin_kde_lr_ne finished [took 634.4348s]
24/01/24 18:58:20| INFO        bin_kde_lr_mc finished [took 653.6934s]
24/01/24 18:59:34| INFO        m3w_kde_lr finished [took 728.1788s]
24/01/24 19:00:32| INFO        m3w_kde_lr_mc finished [took 786.7412s]
24/01/24 19:00:34| INFO        m3w_kde_lr_c finished [took 787.9781s]
24/01/24 19:00:39| INFO        mul_kde_lr_mc finished [took 793.2032s]
24/01/24 19:00:45| INFO        mul_kde_lr_ne finished [took 793.6669s]
24/01/24 19:01:08| INFO        mul_kde_lr finished [took 822.0806s]
24/01/24 19:01:09| INFO        mul_kde_lr_c finished [took 823.4072s]
24/01/24 19:02:11| INFO        atc_mc finished [took 85.1006s]
24/01/24 19:02:21| INFO        ref finished [took 101.1534s]
24/01/24 19:02:43| INFO        doc finished [took 94.4352s]
24/01/24 19:06:00| INFO        bin_kde_lr_is finished [took 498.4988s]
24/01/24 19:06:31| INFO        bin_kde_lr_a finished [took 416.3706s]
24/01/24 19:07:30| INFO        m3w_kde_lr_ne finished [took 593.0950s]
24/01/24 19:07:44| INFO        m3w_kde_lr_is finished [took 564.1291s]
24/01/24 19:08:17| INFO        mul_kde_lr_is finished [took 610.8550s]
24/01/24 19:09:27| INFO        m3w_kde_lr_a finished [took 532.8943s]
24/01/24 19:10:17| INFO        mul_kde_lr_a finished [took 583.8788s]
24/01/24 19:11:16| DEBUG       [size=11,place=1] best score = 0.00748704; best param = {'quantifier__classifier__C': 0.1, 'quantifier__classifier__class_weight': 'balanced', 'quantifier__bandwidth': 0.02, 'confidence': ['isoft']} [took 59.019s]
24/01/24 19:11:16| DEBUG       [size=11,place=2] best score = 0.01844680; best param = {'quantifier__classifier__C': 1000.0, 'quantifier__classifier__class_weight': 'balanced', 'quantifier__bandwidth': 0.04, 'confidence': ['max_conf', 'entropy', 'isoft']} [took 59.020s]
24/01/24 19:16:07| DEBUG       [size=56,place=1] best score = 0.00745125; best param = {'quantifier__classifier__C': 0.1, 'quantifier__classifier__class_weight': 'balanced', 'quantifier__bandwidth': 0.03, 'confidence': ['isoft']} [took 290.705s]
24/01/24 19:16:07| DEBUG       [size=56,place=2] best score = 0.00749446; best param = {'quantifier__classifier__C': 0.1, 'quantifier__classifier__class_weight': 'balanced', 'quantifier__bandwidth': 0.02, 'confidence': ['max_conf', 'entropy', 'isoft']} [took 290.705s]
24/01/24 19:17:46| DEBUG       [size=32,place=1] best score = 0.00742045; best param = {'quantifier__classifier__C': 0.1, 'quantifier__classifier__class_weight': 'balanced', 'quantifier__bandwidth': 0.03, 'confidence': ['max_conf', 'entropy', 'isoft']} [took 99.241s]
24/01/24 19:17:46| DEBUG       [size=32,place=2] best score = 0.00759004; best param = {'quantifier__classifier__C': 0.1, 'quantifier__classifier__class_weight': 'balanced', 'quantifier__bandwidth': 0.05, 'confidence': ['max_conf', 'entropy', 'isoft']} [took 99.242s]
24/01/24 19:18:37| DEBUG       [size=12,place=1] best score = 0.00780895; best param = {'quantifier__classifier__C': 0.01, 'quantifier__classifier__class_weight': 'balanced', 'quantifier__bandwidth': 0.05, 'confidence': ['max_conf', 'entropy', 'isoft']} [took 50.788s]
24/01/24 19:18:37| DEBUG       [size=12,place=2] best score = 0.00869272; best param = {'quantifier__classifier__C': 0.01, 'quantifier__classifier__class_weight': 'balanced', 'quantifier__bandwidth': 0.03, 'confidence': ['max_conf', 'entropy', 'isoft']} [took 50.788s]
24/01/24 19:18:37| DEBUG       [BinaryQuantifierAccuracyEstimator] optimization finished: best params {'quantifier__classifier__C': 0.1, 'quantifier__classifier__class_weight': 'balanced', 'quantifier__bandwidth': 0.03, 'confidence': ['max_conf', 'entropy', 'isoft']} (score=0.00742) [took 499.8688s]
24/01/24 19:21:56| INFO        bin_kde_lr_gs finished [took 698.6343s]
24/01/24 19:25:20| DEBUG       [size=11,place=1] best score = 0.01149779; best param = {'quantifier__classifier__C': 100.0, 'quantifier__classifier__class_weight': 'balanced', 'quantifier__bandwidth': 0.05, 'confidence': None} [took 203.972s]
24/01/24 19:25:20| DEBUG       [size=11,place=2] best score = 0.01179284; best param = {'quantifier__classifier__C': 100.0, 'quantifier__classifier__class_weight': 'balanced', 'quantifier__bandwidth': 0.03, 'confidence': ['max_conf', 'entropy', 'isoft']} [took 203.972s]
24/01/24 19:47:16| DEBUG       [size=54,place=1] best score = 0.00652653; best param = {'quantifier__classifier__C': 0.1, 'quantifier__classifier__class_weight': 'balanced', 'quantifier__bandwidth': 0.03, 'confidence': ['max_conf', 'entropy', 'isoft']} [took 1315.319s]
24/01/24 19:47:16| DEBUG       [size=54,place=2] best score = 0.00726079; best param = {'quantifier__classifier__C': 10.0, 'quantifier__classifier__class_weight': 'balanced', 'quantifier__bandwidth': 0.05, 'confidence': None} [took 1315.320s]
24/01/24 20:00:58| DEBUG       [size=44,place=1] best score = 0.00655354; best param = {'quantifier__classifier__C': 0.1, 'quantifier__classifier__class_weight': 'balanced', 'quantifier__bandwidth': 0.03, 'confidence': ['isoft']} [took 822.618s]
24/01/24 20:00:58| DEBUG       [size=44,place=2] best score = 0.00679654; best param = {'quantifier__classifier__C': 10.0, 'quantifier__classifier__class_weight': 'balanced', 'quantifier__bandwidth': 0.04, 'confidence': None} [took 822.619s]
24/01/24 20:00:58| DEBUG       [MultiClassAccuracyEstimator] optimization finished: best params {'quantifier__classifier__C': 0.1, 'quantifier__classifier__class_weight': 'balanced', 'quantifier__bandwidth': 0.03, 'confidence': ['max_conf', 'entropy', 'isoft']} (score=0.00653) [took 2341.9202s]
24/01/24 20:06:20| INFO        mul_kde_lr_gs finished [took 2663.7632s]
24/01/24 20:08:49| DEBUG       [size=11,place=1] best score = 0.00770326; best param = {'quantifier__classifier__C': 0.1, 'quantifier__classifier__class_weight': 'balanced', 'quantifier__bandwidth': 0.02, 'confidence': ['isoft']} [took 148.167s]
24/01/24 20:08:49| DEBUG       [size=11,place=2] best score = 0.01467365; best param = {'quantifier__classifier__C': 1.0, 'quantifier__classifier__class_weight': None, 'quantifier__bandwidth': 0.060000000000000005, 'confidence': None} [took 148.168s]
24/01/24 20:16:03| DEBUG       [size=56,place=1] best score = 0.00680081; best param = {'quantifier__classifier__C': 0.1, 'quantifier__classifier__class_weight': 'balanced', 'quantifier__bandwidth': 0.01, 'confidence': ['isoft']} [took 434.389s]
24/01/24 20:16:03| DEBUG       [size=56,place=2] best score = 0.00768001; best param = {'quantifier__classifier__C': 1.0, 'quantifier__classifier__class_weight': None, 'quantifier__bandwidth': 0.02, 'confidence': None} [took 434.389s]
24/01/24 20:19:00| DEBUG       [size=17,place=1] best score = 0.00681030; best param = {'quantifier__classifier__C': 0.1, 'quantifier__classifier__class_weight': 'balanced', 'quantifier__bandwidth': 0.01, 'confidence': ['max_conf', 'entropy', 'isoft']} [took 177.181s]
24/01/24 20:19:00| DEBUG       [size=17,place=2] best score = 0.00775601; best param = {'quantifier__classifier__C': 0.1, 'quantifier__classifier__class_weight': None, 'quantifier__bandwidth': 0.01, 'confidence': ['isoft']} [took 177.181s]
24/01/24 20:19:00| DEBUG       [MultiClassAccuracyEstimator] optimization finished: best params {'quantifier__classifier__C': 0.1, 'quantifier__classifier__class_weight': 'balanced', 'quantifier__bandwidth': 0.01, 'confidence': ['isoft']} (score=0.00680) [took 759.8550s]
24/01/24 20:22:48| INFO        m3w_kde_lr_gs finished [took 987.7506s]
24/01/24 20:22:48| INFO     Dataset sample [0.6 0.4] of dataset rcv1_MCAT finished [took 5724.0548s]
24/01/24 20:22:48| INFO     Dataset sample [0.7 0.3] of dataset rcv1_MCAT started
24/01/24 20:33:12| INFO        bin_kde_lr_mc finished [took 621.1190s]
24/01/24 20:33:26| INFO        bin_kde_lr finished [took 635.0391s]
24/01/24 20:33:47| INFO        bin_kde_lr_ne finished [took 656.3249s]
24/01/24 20:33:53| INFO        bin_kde_lr_c finished [took 661.7934s]
24/01/24 20:35:20| INFO        m3w_kde_lr finished [took 750.4622s]
24/01/24 20:35:59| INFO        mul_kde_lr_mc finished [took 787.6985s]
24/01/24 20:36:08| INFO        m3w_kde_lr_mc finished [took 797.5299s]
24/01/24 20:36:42| INFO        m3w_kde_lr_c finished [took 830.9061s]
24/01/24 20:37:03| INFO        mul_kde_lr finished [took 852.5486s]
24/01/24 20:37:07| INFO        mul_kde_lr_ne finished [took 848.7942s]
24/01/24 20:37:16| INFO        mul_kde_lr_c finished [took 865.2538s]
24/01/24 20:38:00| INFO        ref finished [took 77.4031s]
24/01/24 20:38:30| INFO        doc finished [took 82.3225s]
24/01/24 20:38:42| INFO        atc_mc finished [took 98.5573s]
24/01/24 20:41:12| INFO        bin_kde_lr_is finished [took 465.8863s]
24/01/24 20:42:45| INFO        m3w_kde_lr_ne finished [took 572.4586s]
24/01/24 20:43:20| INFO        bin_kde_lr_a finished [took 478.7889s]
24/01/24 20:43:21| INFO        mul_kde_lr_is finished [took 573.1312s]
24/01/24 20:43:57| INFO        m3w_kde_lr_is finished [took 603.9433s]
24/01/24 20:44:45| INFO        m3w_kde_lr_a finished [took 516.0873s]
24/01/24 20:45:54| INFO        mul_kde_lr_a finished [took 594.3581s]
24/01/24 20:46:51| DEBUG       [size=11,place=1] best score = 0.00551758; best param = {'quantifier__classifier__C': 100.0, 'quantifier__classifier__class_weight': 'balanced', 'quantifier__bandwidth': 0.03, 'confidence': ['max_conf', 'entropy', 'isoft']} [took 56.904s]
24/01/24 20:46:51| DEBUG       [size=11,place=2] best score = 0.00812352; best param = {'quantifier__classifier__C': 100.0, 'quantifier__classifier__class_weight': 'balanced', 'quantifier__bandwidth': 0.01, 'confidence': ['isoft']} [took 56.904s]
24/01/24 20:52:44| DEBUG       [size=54,place=1] best score = 0.00522204; best param = {'quantifier__classifier__C': 100.0, 'quantifier__classifier__class_weight': 'balanced', 'quantifier__bandwidth': 0.02, 'confidence': ['max_conf', 'entropy', 'isoft']} [took 352.422s]
24/01/24 20:52:44| DEBUG       [size=54,place=2] best score = 0.00534310; best param = {'quantifier__classifier__C': 100.0, 'quantifier__classifier__class_weight': 'balanced', 'quantifier__bandwidth': 0.02, 'confidence': ['isoft']} [took 352.422s]
24/01/24 20:53:53| DEBUG       [size=14,place=1] best score = 0.00531296; best param = {'quantifier__classifier__C': 1000.0, 'quantifier__classifier__class_weight': 'balanced', 'quantifier__bandwidth': 0.02, 'confidence': ['isoft']} [took 68.912s]
24/01/24 20:53:53| DEBUG       [size=14,place=2] best score = 0.00589376; best param = {'quantifier__classifier__C': 1000.0, 'quantifier__classifier__class_weight': 'balanced', 'quantifier__bandwidth': 0.02, 'confidence': ['max_conf', 'entropy', 'isoft']} [took 68.912s]
24/01/24 20:53:53| DEBUG       [BinaryQuantifierAccuracyEstimator] optimization finished: best params {'quantifier__classifier__C': 100.0, 'quantifier__classifier__class_weight': 'balanced', 'quantifier__bandwidth': 0.02, 'confidence': ['max_conf', 'entropy', 'isoft']} (score=0.00522) [took 478.2472s]
24/01/24 20:57:45| INFO        bin_kde_lr_gs finished [took 710.1829s]
24/01/24 21:01:08| DEBUG       [size=11,place=1] best score = 0.00940675; best param = {'quantifier__classifier__C': 100.0, 'quantifier__classifier__class_weight': 'balanced', 'quantifier__bandwidth': 0.03, 'confidence': ['max_conf', 'entropy', 'isoft']} [took 202.634s]
24/01/24 21:01:08| DEBUG       [size=11,place=2] best score = 0.00987008; best param = {'quantifier__classifier__C': 1000.0, 'quantifier__classifier__class_weight': 'balanced', 'quantifier__bandwidth': 0.04, 'confidence': ['max_conf', 'entropy', 'isoft']} [took 202.635s]
24/01/24 21:23:18| DEBUG       [size=54,place=1] best score = 0.00714109; best param = {'quantifier__classifier__C': 10.0, 'quantifier__classifier__class_weight': 'balanced', 'quantifier__bandwidth': 0.04, 'confidence': ['max_conf', 'entropy', 'isoft']} [took 1330.532s]
24/01/24 21:23:18| DEBUG       [size=54,place=2] best score = 0.00730610; best param = {'quantifier__classifier__C': 100.0, 'quantifier__classifier__class_weight': 'balanced', 'quantifier__bandwidth': 0.02, 'confidence': ['max_conf', 'entropy', 'isoft']} [took 1330.532s]
24/01/24 21:34:55| DEBUG       [size=28,place=1] best score = 0.00698760; best param = {'quantifier__classifier__C': 10.0, 'quantifier__classifier__class_weight': 'balanced', 'quantifier__bandwidth': 0.04, 'confidence': ['isoft']} [took 696.625s]
24/01/24 21:34:55| DEBUG       [size=28,place=2] best score = 0.00719735; best param = {'quantifier__classifier__C': 10.0, 'quantifier__classifier__class_weight': 'balanced', 'quantifier__bandwidth': 0.05, 'confidence': ['max_conf', 'entropy', 'isoft']} [took 696.625s]
24/01/24 21:46:33| DEBUG       [size=31,place=1] best score = 0.00705573; best param = {'quantifier__classifier__C': 10.0, 'quantifier__classifier__class_weight': 'balanced', 'quantifier__bandwidth': 0.05, 'confidence': ['isoft']} [took 697.976s]
24/01/24 21:46:33| DEBUG       [size=31,place=2] best score = 0.00709717; best param = {'quantifier__classifier__C': 10.0, 'quantifier__classifier__class_weight': 'balanced', 'quantifier__bandwidth': 0.02, 'confidence': ['isoft']} [took 697.976s]
24/01/24 21:46:33| DEBUG       [MultiClassAccuracyEstimator] optimization finished: best params {'quantifier__classifier__C': 10.0, 'quantifier__classifier__class_weight': 'balanced', 'quantifier__bandwidth': 0.04, 'confidence': ['isoft']} (score=0.00699) [took 2927.7894s]
24/01/24 21:51:23| INFO        mul_kde_lr_gs finished [took 3217.7377s]
24/01/24 21:53:49| DEBUG       [size=11,place=1] best score = 0.01114144; best param = {'quantifier__classifier__C': 100.0, 'quantifier__classifier__class_weight': None, 'quantifier__bandwidth': 0.04, 'confidence': None} [took 144.885s]
24/01/24 21:53:49| DEBUG       [size=11,place=2] best score = 0.01157721; best param = {'quantifier__classifier__C': 0.1, 'quantifier__classifier__class_weight': 'balanced', 'quantifier__bandwidth': 0.02, 'confidence': ['isoft']} [took 144.885s]
24/01/24 22:05:09| DEBUG       [size=55,place=1] best score = 0.00586888; best param = {'quantifier__classifier__C': 0.1, 'quantifier__classifier__class_weight': 'balanced', 'quantifier__bandwidth': 0.01, 'confidence': ['isoft']} [took 680.026s]
24/01/24 22:05:09| DEBUG       [size=55,place=2] best score = 0.00884623; best param = {'quantifier__classifier__C': 1000.0, 'quantifier__classifier__class_weight': None, 'quantifier__bandwidth': 0.04, 'confidence': None} [took 680.027s]
24/01/24 22:13:43| DEBUG       [size=30,place=1] best score = 0.00564130; best param = {'quantifier__classifier__C': 0.1, 'quantifier__classifier__class_weight': 'balanced', 'quantifier__bandwidth': 0.01, 'confidence': ['max_conf', 'entropy', 'isoft']} [took 514.737s]
24/01/24 22:13:43| DEBUG       [size=30,place=2] best score = 0.00854046; best param = {'quantifier__classifier__C': 1000.0, 'quantifier__classifier__class_weight': None, 'quantifier__bandwidth': 0.03, 'confidence': None} [took 514.738s]
24/01/24 22:19:06| DEBUG       [size=33,place=1] best score = 0.01011544; best param = {'quantifier__classifier__C': 1.0, 'quantifier__classifier__class_weight': None, 'quantifier__bandwidth': 0.03, 'confidence': None} [took 322.914s]
24/01/24 22:19:06| DEBUG       [size=33,place=2] best score = 0.01013225; best param = {'quantifier__classifier__C': 1000.0, 'quantifier__classifier__class_weight': 'balanced', 'quantifier__bandwidth': 0.03, 'confidence': None} [took 322.942s]
24/01/24 22:19:07| DEBUG       [MultiClassAccuracyEstimator] optimization finished: best params {'quantifier__classifier__C': 0.1, 'quantifier__classifier__class_weight': 'balanced', 'quantifier__bandwidth': 0.01, 'confidence': ['max_conf', 'entropy', 'isoft']} (score=0.00564) [took 1662.7116s]
24/01/24 22:23:09| INFO        m3w_kde_lr_gs finished [took 1905.0556s]
24/01/24 22:23:09| INFO     Dataset sample [0.7 0.3] of dataset rcv1_MCAT finished [took 7220.6008s]
24/01/24 22:23:09| INFO     Dataset sample [0.8 0.2] of dataset rcv1_MCAT started
24/01/24 22:35:22| INFO        bin_kde_lr_ne finished [took 729.5555s]
24/01/24 22:35:31| INFO        bin_kde_lr_c finished [took 738.2082s]
24/01/24 22:35:34| INFO        bin_kde_lr_mc finished [took 741.0045s]
24/01/24 22:35:35| INFO        bin_kde_lr finished [took 742.3012s]
24/01/24 22:37:05| INFO        m3w_kde_lr finished [took 832.5621s]
24/01/24 22:38:04| INFO        m3w_kde_lr_mc finished [took 891.0176s]
24/01/24 22:38:19| INFO        m3w_kde_lr_c finished [took 905.8708s]
24/01/24 22:38:28| INFO        mul_kde_lr_c finished [took 915.7379s]
24/01/24 22:38:49| INFO        mul_kde_lr_ne finished [took 934.6296s]
24/01/24 22:38:58| INFO        mul_kde_lr finished [took 945.5047s]
24/01/24 22:39:03| INFO        mul_kde_lr_mc finished [took 949.7470s]
24/01/24 22:40:03| INFO        ref finished [took 93.6991s]
24/01/24 22:40:26| INFO        doc finished [took 86.5960s]
24/01/24 22:40:36| INFO        atc_mc finished [took 105.7822s]
24/01/24 22:44:10| INFO        bin_kde_lr_is finished [took 517.8401s]
24/01/24 22:45:12| INFO        bin_kde_lr_a finished [took 486.4538s]
24/01/24 22:46:29| INFO        m3w_kde_lr_is finished [took 653.2293s]
24/01/24 22:46:56| INFO        m3w_kde_lr_ne finished [took 693.1555s]
24/01/24 22:47:30| INFO        mul_kde_lr_is finished [took 715.5068s]
24/01/24 22:48:07| INFO        m3w_kde_lr_a finished [took 587.4140s]
24/01/24 22:50:11| INFO        mul_kde_lr_a finished [took 726.7974s]
24/01/24 22:51:08| DEBUG       [size=11,place=1] best score = 0.00971279; best param = {'quantifier__classifier__C': 100.0, 'quantifier__classifier__class_weight': None, 'quantifier__bandwidth': 0.15000000000000002, 'confidence': None} [took 55.328s]
24/01/24 22:51:08| DEBUG       [size=11,place=2] best score = 0.01009537; best param = {'quantifier__classifier__C': 100.0, 'quantifier__classifier__class_weight': 'balanced', 'quantifier__bandwidth': 0.03, 'confidence': ['max_conf', 'entropy', 'isoft']} [took 55.328s]
24/01/24 22:56:47| DEBUG       [size=55,place=1] best score = 0.00850902; best param = {'quantifier__classifier__C': 1.0, 'quantifier__classifier__class_weight': None, 'quantifier__bandwidth': 0.15000000000000002, 'confidence': None} [took 339.618s]
24/01/24 22:56:47| DEBUG       [size=55,place=2] best score = 0.00851674; best param = {'quantifier__classifier__C': 100.0, 'quantifier__classifier__class_weight': None, 'quantifier__bandwidth': 0.12, 'confidence': None} [took 339.619s]
24/01/24 22:58:38| DEBUG       [size=29,place=1] best score = 0.00845436; best param = {'quantifier__classifier__C': 1.0, 'quantifier__classifier__class_weight': None, 'quantifier__bandwidth': 0.13, 'confidence': None} [took 110.437s]
24/01/24 22:58:38| DEBUG       [size=29,place=2] best score = 0.00849172; best param = {'quantifier__classifier__C': 1.0, 'quantifier__classifier__class_weight': None, 'quantifier__bandwidth': 0.14, 'confidence': None} [took 110.437s]
24/01/24 22:59:39| DEBUG       [size=16,place=1] best score = 0.00931381; best param = {'quantifier__classifier__C': 10.0, 'quantifier__classifier__class_weight': None, 'quantifier__bandwidth': 0.14, 'confidence': None} [took 61.505s]
24/01/24 22:59:39| DEBUG       [size=16,place=2] best score = 0.00932823; best param = {'quantifier__classifier__C': 10.0, 'quantifier__classifier__class_weight': None, 'quantifier__bandwidth': 0.13, 'confidence': None} [took 61.506s]
24/01/24 22:59:39| DEBUG       [BinaryQuantifierAccuracyEstimator] optimization finished: best params {'quantifier__classifier__C': 1.0, 'quantifier__classifier__class_weight': None, 'quantifier__bandwidth': 0.13, 'confidence': None} (score=0.00845) [took 567.0109s]
24/01/24 23:04:03| INFO        bin_kde_lr_gs finished [took 830.9395s]
24/01/24 23:07:31| DEBUG       [size=11,place=1] best score = 0.01072983; best param = {'quantifier__classifier__C': 100.0, 'quantifier__classifier__class_weight': None, 'quantifier__bandwidth': 0.04, 'confidence': None} [took 206.724s]
24/01/24 23:07:31| DEBUG       [size=11,place=2] best score = 0.01088628; best param = {'quantifier__classifier__C': 100.0, 'quantifier__classifier__class_weight': None, 'quantifier__bandwidth': 0.15000000000000002, 'confidence': None} [took 206.725s]
24/01/24 23:21:01| DEBUG       [size=36,place=1] best score = 0.00875400; best param = {'quantifier__classifier__C': 100.0, 'quantifier__classifier__class_weight': None, 'quantifier__bandwidth': 0.15000000000000002, 'confidence': ['isoft']} [took 810.793s]
24/01/24 23:21:01| DEBUG       [size=36,place=2] best score = 0.00890199; best param = {'quantifier__classifier__C': 100.0, 'quantifier__classifier__class_weight': None, 'quantifier__bandwidth': 0.15000000000000002, 'confidence': ['max_conf', 'entropy', 'isoft']} [took 810.793s]
24/01/24 23:41:07| DEBUG       [size=50,place=1] best score = 0.00836540; best param = {'quantifier__classifier__C': 100.0, 'quantifier__classifier__class_weight': None, 'quantifier__bandwidth': 0.2, 'confidence': ['isoft']} [took 1205.627s]
24/01/24 23:41:07| DEBUG       [size=50,place=2] best score = 0.00836973; best param = {'quantifier__classifier__C': 100.0, 'quantifier__classifier__class_weight': None, 'quantifier__bandwidth': 0.19, 'confidence': ['isoft']} [took 1205.627s]
24/01/24 23:45:01| DEBUG       [size=14,place=1] best score = 0.00813714; best param = {'quantifier__classifier__C': 1000.0, 'quantifier__classifier__class_weight': None, 'quantifier__bandwidth': 0.19, 'confidence': ['isoft']} [took 233.457s]
24/01/24 23:45:01| DEBUG       [size=14,place=2] best score = 0.00815440; best param = {'quantifier__classifier__C': 1000.0, 'quantifier__classifier__class_weight': None, 'quantifier__bandwidth': 0.2, 'confidence': ['isoft']} [took 233.471s]
24/01/24 23:55:41| DEBUG       [size=23,place=1] best score = 0.00813754; best param = {'quantifier__classifier__C': 1000.0, 'quantifier__classifier__class_weight': None, 'quantifier__bandwidth': 0.18000000000000002, 'confidence': ['isoft']} [took 640.029s]
24/01/24 23:55:41| DEBUG       [size=23,place=2] best score = 0.00819589; best param = {'quantifier__classifier__C': 1000.0, 'quantifier__classifier__class_weight': None, 'quantifier__bandwidth': 0.17, 'confidence': ['isoft']} [took 640.030s]
24/01/24 23:55:41| DEBUG       [MultiClassAccuracyEstimator] optimization finished: best params {'quantifier__classifier__C': 1000.0, 'quantifier__classifier__class_weight': None, 'quantifier__bandwidth': 0.19, 'confidence': ['isoft']} (score=0.00814) [took 3096.6760s]
25/01/24 00:02:43| INFO        mul_kde_lr_gs finished [took 3518.6969s]
25/01/24 00:05:10| DEBUG       [size=11,place=1] best score = 0.01384305; best param = {'quantifier__classifier__C': 100.0, 'quantifier__classifier__class_weight': None, 'quantifier__bandwidth': 0.15000000000000002, 'confidence': None} [took 146.721s]
25/01/24 00:05:10| DEBUG       [size=11,place=2] best score = 0.01986871; best param = {'quantifier__classifier__C': 100.0, 'quantifier__classifier__class_weight': None, 'quantifier__bandwidth': 0.04, 'confidence': None} [took 146.722s]
25/01/24 00:14:54| DEBUG       [size=36,place=1] best score = 0.01074612; best param = {'quantifier__classifier__C': 0.01, 'quantifier__classifier__class_weight': None, 'quantifier__bandwidth': 0.04, 'confidence': None} [took 583.462s]
25/01/24 00:14:54| DEBUG       [size=36,place=2] best score = 0.01310234; best param = {'quantifier__classifier__C': 100.0, 'quantifier__classifier__class_weight': None, 'quantifier__bandwidth': 0.2, 'confidence': None} [took 583.463s]
25/01/24 00:18:10| DEBUG       [size=29,place=1] best score = 0.01170317; best param = {'quantifier__classifier__C': 0.01, 'quantifier__classifier__class_weight': None, 'quantifier__bandwidth': 0.05, 'confidence': None} [took 196.182s]
25/01/24 00:18:10| DEBUG       [size=29,place=2] best score = 0.01298819; best param = {'quantifier__classifier__C': 10.0, 'quantifier__classifier__class_weight': None, 'quantifier__bandwidth': 0.2, 'confidence': None} [took 196.182s]
25/01/24 00:18:10| DEBUG       [MultiClassAccuracyEstimator] optimization finished: best params {'quantifier__classifier__C': 0.01, 'quantifier__classifier__class_weight': None, 'quantifier__bandwidth': 0.04, 'confidence': None} (score=0.01075) [took 926.3781s]
25/01/24 00:23:32| INFO        m3w_kde_lr_gs finished [took 1248.0347s]
25/01/24 00:23:32| INFO     Dataset sample [0.8 0.2] of dataset rcv1_MCAT finished [took 7222.6708s]
25/01/24 00:23:32| INFO     Dataset sample [0.9 0.1] of dataset rcv1_MCAT started
25/01/24 00:35:50| INFO        bin_kde_lr_c finished [took 735.0013s]
25/01/24 00:36:09| INFO        bin_kde_lr_ne finished [took 752.4076s]
25/01/24 00:36:23| INFO        bin_kde_lr_mc finished [took 766.0832s]
25/01/24 00:36:52| INFO        bin_kde_lr finished [took 795.5876s]
25/01/24 00:38:20| INFO        m3w_kde_lr_c finished [took 883.0930s]
25/01/24 00:38:32| INFO        m3w_kde_lr_mc finished [took 895.3030s]
25/01/24 00:38:43| INFO        m3w_kde_lr finished [took 906.1516s]
25/01/24 00:38:54| INFO        mul_kde_lr_ne finished [took 917.0140s]
25/01/24 00:39:28| INFO        mul_kde_lr_c finished [took 951.3356s]
25/01/24 00:39:58| INFO        mul_kde_lr_mc finished [took 981.6373s]
25/01/24 00:40:04| INFO        mul_kde_lr finished [took 987.3614s]
25/01/24 00:40:40| INFO        ref finished [took 105.1421s]
25/01/24 00:41:02| INFO        atc_mc finished [took 93.3232s]
25/01/24 00:41:34| INFO        doc finished [took 94.9003s]
25/01/24 00:45:31| INFO        bin_kde_lr_is finished [took 561.0979s]
25/01/24 00:46:41| INFO        m3w_kde_lr_ne finished [took 650.9166s]
25/01/24 00:47:00| INFO        m3w_kde_lr_is finished [took 607.2744s]
25/01/24 00:47:34| INFO        mul_kde_lr_is finished [took 670.8525s]
25/01/24 00:48:07| INFO        m3w_kde_lr_a finished [took 563.8100s]
25/01/24 00:48:33| INFO        bin_kde_lr_a finished [took 612.6438s]
25/01/24 00:50:22| INFO        mul_kde_lr_a finished [took 709.4284s]
25/01/24 00:51:18| DEBUG       [size=11,place=1] best score = 0.00715291; best param = {'quantifier__classifier__C': 100.0, 'quantifier__classifier__class_weight': 'balanced', 'quantifier__bandwidth': 0.01, 'confidence': ['isoft']} [took 53.874s]
25/01/24 00:51:18| DEBUG       [size=11,place=2] best score = 0.00730665; best param = {'quantifier__classifier__C': 0.1, 'quantifier__classifier__class_weight': 'balanced', 'quantifier__bandwidth': 0.02, 'confidence': ['isoft']} [took 53.875s]
25/01/24 00:55:00| DEBUG       [size=54,place=1] best score = 0.00527870; best param = {'quantifier__classifier__C': 0.1, 'quantifier__classifier__class_weight': 'balanced', 'quantifier__bandwidth': 0.02, 'confidence': None} [took 221.654s]
25/01/24 00:55:00| DEBUG       [size=54,place=2] best score = 0.00572131; best param = {'quantifier__classifier__C': 10.0, 'quantifier__classifier__class_weight': 'balanced', 'quantifier__bandwidth': 0.01, 'confidence': ['isoft']} [took 221.654s]
25/01/24 00:57:58| DEBUG       [size=47,place=1] best score = 0.00472139; best param = {'quantifier__classifier__C': 0.1, 'quantifier__classifier__class_weight': 'balanced', 'quantifier__bandwidth': 0.03, 'confidence': None} [took 178.587s]
25/01/24 00:57:58| DEBUG       [size=47,place=2] best score = 0.00479071; best param = {'quantifier__classifier__C': 0.1, 'quantifier__classifier__class_weight': 'balanced', 'quantifier__bandwidth': 0.04, 'confidence': None} [took 178.587s]
25/01/24 00:58:58| DEBUG       [size=16,place=1] best score = 0.00455215; best param = {'quantifier__classifier__C': 1.0, 'quantifier__classifier__class_weight': 'balanced', 'quantifier__bandwidth': 0.04, 'confidence': None} [took 59.762s]
25/01/24 00:58:58| DEBUG       [size=16,place=2] best score = 0.00467292; best param = {'quantifier__classifier__C': 1.0, 'quantifier__classifier__class_weight': 'balanced', 'quantifier__bandwidth': 0.03, 'confidence': None} [took 59.763s]
25/01/24 01:00:25| DEBUG       [size=23,place=1] best score = 0.00471257; best param = {'quantifier__classifier__C': 1.0, 'quantifier__classifier__class_weight': 'balanced', 'quantifier__bandwidth': 0.05, 'confidence': None} [took 87.219s]
25/01/24 01:00:25| DEBUG       [size=23,place=2] best score = 0.00500443; best param = {'quantifier__classifier__C': 1.0, 'quantifier__classifier__class_weight': 'balanced', 'quantifier__bandwidth': 0.060000000000000005, 'confidence': None} [took 87.233s]
25/01/24 01:00:25| DEBUG       [BinaryQuantifierAccuracyEstimator] optimization finished: best params {'quantifier__classifier__C': 1.0, 'quantifier__classifier__class_weight': 'balanced', 'quantifier__bandwidth': 0.04, 'confidence': None} (score=0.00455) [took 601.1333s]
25/01/24 01:04:26| INFO        bin_kde_lr_gs finished [took 842.0425s]
25/01/24 01:07:51| DEBUG       [size=11,place=1] best score = 0.01099208; best param = {'quantifier__classifier__C': 0.1, 'quantifier__classifier__class_weight': 'balanced', 'quantifier__bandwidth': 0.02, 'confidence': ['isoft']} [took 204.352s]
25/01/24 01:07:51| DEBUG       [size=11,place=2] best score = 0.01657625; best param = {'quantifier__classifier__C': 100.0, 'quantifier__classifier__class_weight': 'balanced', 'quantifier__bandwidth': 0.01, 'confidence': ['isoft']} [took 204.352s]
25/01/24 01:23:32| DEBUG       [size=54,place=1] best score = 0.00704831; best param = {'quantifier__classifier__C': 1.0, 'quantifier__classifier__class_weight': 'balanced', 'quantifier__bandwidth': 0.02, 'confidence': ['isoft']} [took 940.710s]
25/01/24 01:23:32| DEBUG       [size=54,place=2] best score = 0.00763711; best param = {'quantifier__classifier__C': 0.1, 'quantifier__classifier__class_weight': 'balanced', 'quantifier__bandwidth': 0.05, 'confidence': ['isoft']} [took 940.711s]
25/01/24 01:31:16| DEBUG       [size=28,place=1] best score = 0.00664071; best param = {'quantifier__classifier__C': 1.0, 'quantifier__classifier__class_weight': 'balanced', 'quantifier__bandwidth': 0.02, 'confidence': ['max_conf', 'entropy', 'isoft']} [took 464.540s]
25/01/24 01:31:16| DEBUG       [size=28,place=2] best score = 0.00694597; best param = {'quantifier__classifier__C': 1.0, 'quantifier__classifier__class_weight': 'balanced', 'quantifier__bandwidth': 0.03, 'confidence': ['isoft']} [took 464.540s]
25/01/24 01:41:24| DEBUG       [size=31,place=1] best score = 0.00671874; best param = {'quantifier__classifier__C': 1.0, 'quantifier__classifier__class_weight': 'balanced', 'quantifier__bandwidth': 0.03, 'confidence': ['max_conf', 'entropy', 'isoft']} [took 607.706s]
25/01/24 01:41:24| DEBUG       [size=31,place=2] best score = 0.00763922; best param = {'quantifier__classifier__C': 1.0, 'quantifier__classifier__class_weight': 'balanced', 'quantifier__bandwidth': 0.04, 'confidence': ['max_conf', 'entropy', 'isoft']} [took 607.706s]
25/01/24 01:41:24| DEBUG       [MultiClassAccuracyEstimator] optimization finished: best params {'quantifier__classifier__C': 1.0, 'quantifier__classifier__class_weight': 'balanced', 'quantifier__bandwidth': 0.02, 'confidence': ['max_conf', 'entropy', 'isoft']} (score=0.00664) [took 2217.4229s]
25/01/24 01:46:17| INFO        mul_kde_lr_gs finished [took 2510.4992s]
25/01/24 01:48:45| DEBUG       [size=11,place=1] best score = 0.00961761; best param = {'quantifier__classifier__C': 0.1, 'quantifier__classifier__class_weight': 'balanced', 'quantifier__bandwidth': 0.02, 'confidence': ['isoft']} [took 147.409s]
25/01/24 01:48:45| DEBUG       [size=11,place=2] best score = 0.01003228; best param = {'quantifier__classifier__C': 1.0, 'quantifier__classifier__class_weight': None, 'quantifier__bandwidth': 0.060000000000000005, 'confidence': None} [took 147.410s]
25/01/24 01:55:58| DEBUG       [size=56,place=1] best score = 0.00688976; best param = {'quantifier__classifier__C': 0.1, 'quantifier__classifier__class_weight': 'balanced', 'quantifier__bandwidth': 0.04, 'confidence': ['isoft']} [took 432.229s]
25/01/24 01:55:58| DEBUG       [size=56,place=2] best score = 0.00689715; best param = {'quantifier__classifier__C': 0.1, 'quantifier__classifier__class_weight': None, 'quantifier__bandwidth': 0.02, 'confidence': ['isoft']} [took 432.229s]
25/01/24 02:00:30| DEBUG       [size=35,place=1] best score = 0.00677359; best param = {'quantifier__classifier__C': 0.1, 'quantifier__classifier__class_weight': 'balanced', 'quantifier__bandwidth': 0.04, 'confidence': ['max_conf', 'entropy', 'isoft']} [took 272.670s]
25/01/24 02:00:30| DEBUG       [size=35,place=2] best score = 0.00685405; best param = {'quantifier__classifier__C': 0.1, 'quantifier__classifier__class_weight': None, 'quantifier__bandwidth': 0.02, 'confidence': ['max_conf', 'entropy', 'isoft']} [took 272.670s]
25/01/24 02:07:01| DEBUG       [size=47,place=1] best score = 0.00669181; best param = {'quantifier__classifier__C': 0.1, 'quantifier__classifier__class_weight': 'balanced', 'quantifier__bandwidth': 0.05, 'confidence': ['max_conf', 'entropy', 'isoft']} [took 390.809s]
25/01/24 02:07:01| DEBUG       [size=47,place=2] best score = 0.00689240; best param = {'quantifier__classifier__C': 0.1, 'quantifier__classifier__class_weight': 'balanced', 'quantifier__bandwidth': 0.060000000000000005, 'confidence': ['max_conf', 'entropy', 'isoft']} [took 390.809s]
25/01/24 02:10:03| DEBUG       [size=14,place=1] best score = 0.00703448; best param = {'quantifier__classifier__C': 1.0, 'quantifier__classifier__class_weight': 'balanced', 'quantifier__bandwidth': 0.05, 'confidence': ['max_conf', 'entropy', 'isoft']} [took 181.502s]
25/01/24 02:10:03| DEBUG       [size=14,place=2] best score = 0.00706970; best param = {'quantifier__classifier__C': 1.0, 'quantifier__classifier__class_weight': 'balanced', 'quantifier__bandwidth': 0.060000000000000005, 'confidence': ['max_conf', 'entropy', 'isoft']} [took 181.503s]
25/01/24 02:10:03| DEBUG       [MultiClassAccuracyEstimator] optimization finished: best params {'quantifier__classifier__C': 0.1, 'quantifier__classifier__class_weight': 'balanced', 'quantifier__bandwidth': 0.05, 'confidence': ['max_conf', 'entropy', 'isoft']} (score=0.00669) [took 1424.6475s]
25/01/24 02:14:42| INFO        m3w_kde_lr_gs finished [took 1704.2556s]
25/01/24 02:14:42| INFO     Dataset sample [0.9 0.1] of dataset rcv1_MCAT finished [took 6670.5696s]
