----------------------------------------------------------------------------------------------------
31/01/24 20:08:20| INFO        dataset rcv1_MCAT [pool size: 205]
31/01/24 20:08:20| INFO        Dataset sample [0.1 0.9] of dataset rcv1_MCAT started
31/01/24 20:09:01| INFO        ref finished [took 39.5102s]
31/01/24 20:09:06| DEBUG       [BinaryQuantifierAccuracyEstimator] optimization finished: best params {'quantifier__classifier__C': 0.1, 'quantifier__classifier__class_weight': 'balanced', 'confidence': ['max_conf', 'entropy', 'isoft']} (score=0.03595) [took 2.8611s]
31/01/24 20:09:54| INFO        bin_cc_lr_gs finished [took 50.9309s]
31/01/24 20:10:01| DEBUG       [MultiClassAccuracyEstimator] optimization finished: best params {'quantifier__classifier__C': 1.0, 'quantifier__classifier__class_weight': 'balanced', 'confidence': ['max_conf', 'entropy']} (score=0.03086) [took 5.0165s]
31/01/24 20:10:50| INFO        mul_cc_lr_gs finished [took 53.4269s]
31/01/24 20:10:56| DEBUG       [MultiClassAccuracyEstimator] optimization finished: best params {'quantifier__classifier__C': 1.0, 'quantifier__classifier__class_weight': 'balanced', 'confidence': ['max_conf', 'entropy']} (score=0.03060) [took 4.6640s]
31/01/24 20:11:40| INFO        m3w_cc_lr_gs finished [took 48.9316s]
31/01/24 20:11:40| INFO        Dataset sample [0.1 0.9] of dataset rcv1_MCAT finished [took 200.6064s]
31/01/24 20:11:40| INFO        Dataset sample [0.2 0.8] of dataset rcv1_MCAT started
31/01/24 20:12:21| INFO        ref finished [took 39.4725s]
31/01/24 20:12:28| DEBUG       [BinaryQuantifierAccuracyEstimator] optimization finished: best params {'quantifier__classifier__C': 1.0, 'quantifier__classifier__class_weight': 'balanced', 'confidence': None} (score=0.03064) [took 2.4901s]
31/01/24 20:13:15| INFO        bin_cc_lr_gs finished [took 49.6857s]
31/01/24 20:13:26| DEBUG       [MultiClassAccuracyEstimator] optimization finished: best params {'quantifier__classifier__C': 10.0, 'quantifier__classifier__class_weight': 'balanced', 'confidence': ['max_conf', 'entropy', 'isoft']} (score=0.01937) [took 7.4998s]
31/01/24 20:14:15| INFO        mul_cc_lr_gs finished [took 56.0471s]
31/01/24 20:14:20| DEBUG       [MultiClassAccuracyEstimator] optimization finished: best params {'quantifier__classifier__C': 1.0, 'quantifier__classifier__class_weight': 'balanced', 'confidence': ['max_conf', 'entropy']} (score=0.02208) [took 3.1894s]
31/01/24 20:15:04| INFO        m3w_cc_lr_gs finished [took 47.1464s]
31/01/24 20:15:04| INFO        Dataset sample [0.2 0.8] of dataset rcv1_MCAT finished [took 203.3744s]
31/01/24 20:15:04| INFO        Dataset sample [0.3 0.7] of dataset rcv1_MCAT started
31/01/24 20:15:45| INFO        ref finished [took 38.8835s]
31/01/24 20:15:53| DEBUG       [BinaryQuantifierAccuracyEstimator] optimization finished: best params {'quantifier__classifier__C': 1.0, 'quantifier__classifier__class_weight': 'balanced', 'confidence': None} (score=0.01423) [took 2.8685s]
31/01/24 20:16:41| INFO        bin_cc_lr_gs finished [took 50.4953s]
31/01/24 20:16:48| DEBUG       [MultiClassAccuracyEstimator] optimization finished: best params {'quantifier__classifier__C': 1.0, 'quantifier__classifier__class_weight': 'balanced', 'confidence': ['max_conf', 'entropy']} (score=0.01341) [took 4.4824s]
31/01/24 20:17:36| INFO        mul_cc_lr_gs finished [took 52.4607s]
31/01/24 20:17:43| DEBUG       [MultiClassAccuracyEstimator] optimization finished: best params {'quantifier__classifier__C': 1.0, 'quantifier__classifier__class_weight': 'balanced', 'confidence': None} (score=0.01221) [took 5.1440s]
31/01/24 20:18:26| INFO        m3w_cc_lr_gs finished [took 48.4475s]
31/01/24 20:18:26| INFO        Dataset sample [0.3 0.7] of dataset rcv1_MCAT finished [took 202.1037s]
31/01/24 20:18:26| INFO        Dataset sample [0.4 0.6] of dataset rcv1_MCAT started
31/01/24 20:19:06| INFO        ref finished [took 38.6296s]
31/01/24 20:19:11| DEBUG       [BinaryQuantifierAccuracyEstimator] optimization finished: best params {'quantifier__classifier__C': 10.0, 'quantifier__classifier__class_weight': 'balanced', 'confidence': None} (score=0.00741) [took 2.3958s]
31/01/24 20:19:59| INFO        bin_cc_lr_gs finished [took 49.5173s]
31/01/24 20:20:08| DEBUG       [MultiClassAccuracyEstimator] optimization finished: best params {'quantifier__classifier__C': 1.0, 'quantifier__classifier__class_weight': 'balanced', 'confidence': None} (score=0.00729) [took 7.7921s]
31/01/24 20:20:56| INFO        mul_cc_lr_gs finished [took 55.7176s]
31/01/24 20:21:02| DEBUG       [MultiClassAccuracyEstimator] optimization finished: best params {'quantifier__classifier__C': 100.0, 'quantifier__classifier__class_weight': 'balanced', 'confidence': ['max_conf', 'entropy']} (score=0.00646) [took 3.5503s]
31/01/24 20:21:46| INFO        m3w_cc_lr_gs finished [took 46.8401s]
31/01/24 20:21:46| INFO        Dataset sample [0.4 0.6] of dataset rcv1_MCAT finished [took 199.8308s]
31/01/24 20:21:46| INFO        Dataset sample [0.5 0.5] of dataset rcv1_MCAT started
31/01/24 20:22:25| INFO        ref finished [took 38.0956s]
31/01/24 20:22:30| DEBUG       [BinaryQuantifierAccuracyEstimator] optimization finished: best params {'quantifier__classifier__C': 100.0, 'quantifier__classifier__class_weight': 'balanced', 'confidence': ['max_conf', 'entropy']} (score=0.01196) [took 2.9186s]
31/01/24 20:23:17| INFO        bin_cc_lr_gs finished [took 50.4549s]
31/01/24 20:23:28| DEBUG       [MultiClassAccuracyEstimator] optimization finished: best params {'quantifier__classifier__C': 0.01, 'quantifier__classifier__class_weight': 'balanced', 'confidence': None} (score=0.00973) [took 5.6760s]
31/01/24 20:24:16| INFO        mul_cc_lr_gs finished [took 53.5400s]
31/01/24 20:24:25| DEBUG       [MultiClassAccuracyEstimator] optimization finished: best params {'quantifier__classifier__C': 1000.0, 'quantifier__classifier__class_weight': 'balanced', 'confidence': ['max_conf', 'entropy', 'isoft']} (score=0.00900) [took 5.8481s]
31/01/24 20:25:08| INFO        m3w_cc_lr_gs finished [took 49.4283s]
31/01/24 20:25:08| INFO        Dataset sample [0.5 0.5] of dataset rcv1_MCAT finished [took 202.5183s]
31/01/24 20:25:08| INFO        Dataset sample [0.6 0.4] of dataset rcv1_MCAT started
31/01/24 20:25:49| INFO        ref finished [took 39.1584s]
31/01/24 20:25:52| DEBUG       [BinaryQuantifierAccuracyEstimator] optimization finished: best params {'quantifier__classifier__C': 10.0, 'quantifier__classifier__class_weight': 'balanced', 'confidence': ['max_conf', 'entropy', 'isoft']} (score=0.01543) [took 2.3082s]
31/01/24 20:26:40| INFO        bin_cc_lr_gs finished [took 49.9234s]
31/01/24 20:26:49| DEBUG       [MultiClassAccuracyEstimator] optimization finished: best params {'quantifier__classifier__C': 10.0, 'quantifier__classifier__class_weight': 'balanced', 'confidence': ['isoft']} (score=0.01466) [took 8.1730s]
31/01/24 20:27:37| INFO        mul_cc_lr_gs finished [took 56.1528s]
31/01/24 20:27:42| DEBUG       [MultiClassAccuracyEstimator] optimization finished: best params {'quantifier__classifier__C': 0.01, 'quantifier__classifier__class_weight': 'balanced', 'confidence': None} (score=0.01255) [took 4.2790s]
31/01/24 20:28:25| INFO        m3w_cc_lr_gs finished [took 47.0572s]
31/01/24 20:28:25| INFO        Dataset sample [0.6 0.4] of dataset rcv1_MCAT finished [took 196.7515s]
31/01/24 20:28:25| INFO        Dataset sample [0.7 0.3] of dataset rcv1_MCAT started
31/01/24 20:29:05| INFO        ref finished [took 38.6228s]
31/01/24 20:29:12| DEBUG       [BinaryQuantifierAccuracyEstimator] optimization finished: best params {'quantifier__classifier__C': 1.0, 'quantifier__classifier__class_weight': 'balanced', 'confidence': None} (score=0.01784) [took 2.8857s]
31/01/24 20:29:59| INFO        bin_cc_lr_gs finished [took 49.8967s]
31/01/24 20:30:06| DEBUG       [MultiClassAccuracyEstimator] optimization finished: best params {'quantifier__classifier__C': 10.0, 'quantifier__classifier__class_weight': 'balanced', 'confidence': ['isoft']} (score=0.01230) [took 5.1569s]
31/01/24 20:30:54| INFO        mul_cc_lr_gs finished [took 53.0545s]
31/01/24 20:31:04| DEBUG       [MultiClassAccuracyEstimator] optimization finished: best params {'quantifier__classifier__C': 1.0, 'quantifier__classifier__class_weight': 'balanced', 'confidence': None} (score=0.01541) [took 5.4882s]
31/01/24 20:31:47| INFO        m3w_cc_lr_gs finished [took 49.3065s]
31/01/24 20:31:47| INFO        Dataset sample [0.7 0.3] of dataset rcv1_MCAT finished [took 202.4413s]
31/01/24 20:31:47| INFO        Dataset sample [0.8 0.2] of dataset rcv1_MCAT started
31/01/24 20:32:28| INFO        ref finished [took 39.4267s]
31/01/24 20:32:33| DEBUG       [BinaryQuantifierAccuracyEstimator] optimization finished: best params {'quantifier__classifier__C': 10.0, 'quantifier__classifier__class_weight': 'balanced', 'confidence': ['isoft']} (score=0.02781) [took 2.3978s]
31/01/24 20:33:20| INFO        bin_cc_lr_gs finished [took 49.4183s]
31/01/24 20:33:33| DEBUG       [MultiClassAccuracyEstimator] optimization finished: best params {'quantifier__classifier__C': 0.1, 'quantifier__classifier__class_weight': 'balanced', 'confidence': None} (score=0.02088) [took 8.4252s]
31/01/24 20:34:21| INFO        mul_cc_lr_gs finished [took 56.0392s]
31/01/24 20:34:27| DEBUG       [MultiClassAccuracyEstimator] optimization finished: best params {'quantifier__classifier__C': 100.0, 'quantifier__classifier__class_weight': 'balanced', 'confidence': ['max_conf', 'entropy']} (score=0.01968) [took 3.4202s]
31/01/24 20:35:11| INFO        m3w_cc_lr_gs finished [took 47.4865s]
31/01/24 20:35:11| INFO        Dataset sample [0.8 0.2] of dataset rcv1_MCAT finished [took 203.4452s]
31/01/24 20:35:11| INFO        Dataset sample [0.9 0.1] of dataset rcv1_MCAT started
31/01/24 20:35:52| INFO        ref finished [took 39.6033s]
31/01/24 20:35:56| DEBUG       [BinaryQuantifierAccuracyEstimator] optimization finished: best params {'quantifier__classifier__C': 1.0, 'quantifier__classifier__class_weight': 'balanced', 'confidence': ['max_conf', 'entropy']} (score=0.02743) [took 2.9578s]
31/01/24 20:36:43| INFO        bin_cc_lr_gs finished [took 49.9743s]
31/01/24 20:36:50| DEBUG       [MultiClassAccuracyEstimator] optimization finished: best params {'quantifier__classifier__C': 0.1, 'quantifier__classifier__class_weight': None, 'confidence': ['isoft']} (score=0.01794) [took 4.3838s]
31/01/24 20:37:38| INFO        mul_cc_lr_gs finished [took 52.5999s]
31/01/24 20:37:48| DEBUG       [MultiClassAccuracyEstimator] optimization finished: best params {'quantifier__classifier__C': 0.1, 'quantifier__classifier__class_weight': None, 'confidence': ['isoft']} (score=0.01546) [took 5.5301s]
31/01/24 20:38:31| INFO        m3w_cc_lr_gs finished [took 49.1362s]
31/01/24 20:38:31| INFO        Dataset sample [0.9 0.1] of dataset rcv1_MCAT finished [took 200.3619s]
