----------------------------------------------------------------------------------------------------
30/01/24 23:44:47| INFO     dataset rcv1_MCAT [pool size: 205]
30/01/24 23:44:47| INFO     Dataset sample [0.1 0.9] of dataset rcv1_MCAT started
30/01/24 23:45:30| INFO        ref finished [took 39.5908s]
30/01/24 23:45:52| WARNING     Method bin_kde_lr_gs failed. Exception: no combination of hyperparameters seem to work
30/01/24 23:50:41| DEBUG       [MultiClassAccuracyEstimator] optimization finished: best params {'quantifier__classifier__C': 0.1, 'quantifier__classifier__class_weight': 'balanced', 'quantifier__bandwidth': 0.060000000000000005, 'confidence': ['max_conf', 'entropy', 'isoft']} (score=0.00558) [took 287.2225s]
30/01/24 23:55:40| INFO        mul_kde_lr_gs finished [took 586.3352s]
30/01/24 23:59:53| DEBUG       [MultiClassAccuracyEstimator] optimization finished: best params {'quantifier__classifier__C': 0.1, 'quantifier__classifier__class_weight': 'balanced', 'quantifier__bandwidth': 0.03, 'confidence': ['isoft']} (score=0.00554) [took 250.2454s]
31/01/24 00:03:37| INFO        m3w_kde_lr_gs finished [took 473.6794s]
31/01/24 00:03:37| INFO     Dataset sample [0.1 0.9] of dataset rcv1_MCAT finished [took 1129.9908s]
31/01/24 00:03:37| INFO     Dataset sample [0.2 0.8] of dataset rcv1_MCAT started
31/01/24 00:04:17| INFO        ref finished [took 39.2496s]
31/01/24 00:06:40| DEBUG       [BinaryQuantifierAccuracyEstimator] optimization finished: best params {'quantifier__classifier__C': 1.0, 'quantifier__classifier__class_weight': 'balanced', 'quantifier__bandwidth': 0.01, 'confidence': None} (score=0.01814) [took 140.2938s]
31/01/24 00:09:41| INFO        bin_kde_lr_gs finished [took 320.8988s]
31/01/24 00:14:27| DEBUG       [MultiClassAccuracyEstimator] optimization finished: best params {'quantifier__classifier__C': 0.1, 'quantifier__classifier__class_weight': 'balanced', 'quantifier__bandwidth': 0.02, 'confidence': ['max_conf', 'entropy', 'isoft']} (score=0.00757) [took 285.2610s]
31/01/24 00:18:16| INFO        mul_kde_lr_gs finished [took 514.0472s]
31/01/24 00:22:07| DEBUG       [MultiClassAccuracyEstimator] optimization finished: best params {'quantifier__classifier__C': 0.1, 'quantifier__classifier__class_weight': 'balanced', 'quantifier__bandwidth': 0.02, 'confidence': ['isoft']} (score=0.00617) [took 229.1480s]
31/01/24 00:25:37| INFO        m3w_kde_lr_gs finished [took 438.7563s]
31/01/24 00:25:37| INFO     Dataset sample [0.2 0.8] of dataset rcv1_MCAT finished [took 1320.0743s]
31/01/24 00:25:37| INFO     Dataset sample [0.3 0.7] of dataset rcv1_MCAT started
31/01/24 00:26:18| INFO        ref finished [took 39.8925s]
31/01/24 00:28:32| DEBUG       [BinaryQuantifierAccuracyEstimator] optimization finished: best params {'quantifier__classifier__C': 0.1, 'quantifier__classifier__class_weight': 'balanced', 'quantifier__bandwidth': 0.01, 'confidence': None} (score=0.00801) [took 129.9079s]
31/01/24 00:31:28| INFO        bin_kde_lr_gs finished [took 306.0236s]
31/01/24 00:36:19| DEBUG       [MultiClassAccuracyEstimator] optimization finished: best params {'quantifier__classifier__C': 0.01, 'quantifier__classifier__class_weight': 'balanced', 'quantifier__bandwidth': 0.01, 'confidence': ['isoft']} (score=0.00848) [took 287.1005s]
31/01/24 00:40:06| INFO        mul_kde_lr_gs finished [took 513.9415s]
31/01/24 00:44:00| DEBUG       [MultiClassAccuracyEstimator] optimization finished: best params {'quantifier__classifier__C': 0.001, 'quantifier__classifier__class_weight': 'balanced', 'quantifier__bandwidth': 0.01, 'confidence': ['max_conf', 'entropy', 'isoft']} (score=0.00768) [took 230.0167s]
31/01/24 00:48:54| INFO        m3w_kde_lr_gs finished [took 523.8452s]
31/01/24 00:48:54| INFO     Dataset sample [0.3 0.7] of dataset rcv1_MCAT finished [took 1396.8919s]
31/01/24 00:48:54| INFO     Dataset sample [0.4 0.6] of dataset rcv1_MCAT started
31/01/24 00:49:45| INFO        ref finished [took 39.9657s]
31/01/24 00:52:03| DEBUG       [BinaryQuantifierAccuracyEstimator] optimization finished: best params {'quantifier__classifier__C': 1000.0, 'quantifier__classifier__class_weight': 'balanced', 'quantifier__bandwidth': 0.03, 'confidence': ['max_conf', 'entropy', 'isoft']} (score=0.00723) [took 135.8904s]
31/01/24 00:55:20| INFO        bin_kde_lr_gs finished [took 333.3749s]
31/01/24 01:00:54| DEBUG       [MultiClassAccuracyEstimator] optimization finished: best params {'quantifier__classifier__C': 10.0, 'quantifier__classifier__class_weight': 'balanced', 'quantifier__bandwidth': 0.12, 'confidence': None} (score=0.00689) [took 332.5910s]
31/01/24 01:05:16| INFO        mul_kde_lr_gs finished [took 594.7581s]
31/01/24 01:09:26| DEBUG       [MultiClassAccuracyEstimator] optimization finished: best params {'quantifier__classifier__C': 100.0, 'quantifier__classifier__class_weight': 'balanced', 'quantifier__bandwidth': 0.01, 'confidence': None} (score=0.00641) [took 248.1862s]
31/01/24 01:12:52| INFO        m3w_kde_lr_gs finished [took 454.1469s]
31/01/24 01:12:52| INFO     Dataset sample [0.4 0.6] of dataset rcv1_MCAT finished [took 1438.5089s]
31/01/24 01:12:52| INFO     Dataset sample [0.5 0.5] of dataset rcv1_MCAT started
31/01/24 01:13:34| INFO        ref finished [took 40.4790s]
31/01/24 01:15:45| DEBUG       [BinaryQuantifierAccuracyEstimator] optimization finished: best params {'quantifier__classifier__C': 100.0, 'quantifier__classifier__class_weight': 'balanced', 'quantifier__bandwidth': 0.03, 'confidence': ['isoft']} (score=0.00656) [took 128.8684s]
31/01/24 01:18:55| INFO        bin_kde_lr_gs finished [took 319.1736s]
31/01/24 01:24:26| DEBUG       [MultiClassAccuracyEstimator] optimization finished: best params {'quantifier__classifier__C': 10.0, 'quantifier__classifier__class_weight': None, 'quantifier__bandwidth': 0.04, 'confidence': ['max_conf', 'entropy', 'isoft']} (score=0.00583) [took 328.4109s]
31/01/24 01:28:28| INFO        mul_kde_lr_gs finished [took 570.4134s]
31/01/24 01:32:48| DEBUG       [MultiClassAccuracyEstimator] optimization finished: best params {'quantifier__classifier__C': 100.0, 'quantifier__classifier__class_weight': None, 'quantifier__bandwidth': 0.01, 'confidence': None} (score=0.00677) [took 257.2258s]
31/01/24 01:36:18| INFO        m3w_kde_lr_gs finished [took 466.8344s]
31/01/24 01:36:18| INFO     Dataset sample [0.5 0.5] of dataset rcv1_MCAT finished [took 1405.6244s]
31/01/24 01:36:18| INFO     Dataset sample [0.6 0.4] of dataset rcv1_MCAT started
31/01/24 01:36:58| INFO        ref finished [took 39.2219s]
31/01/24 01:39:13| DEBUG       [BinaryQuantifierAccuracyEstimator] optimization finished: best params {'quantifier__classifier__C': 0.1, 'quantifier__classifier__class_weight': 'balanced', 'quantifier__bandwidth': 0.03, 'confidence': ['max_conf', 'entropy', 'isoft']} (score=0.00746) [took 132.9275s]
31/01/24 01:42:05| INFO        bin_kde_lr_gs finished [took 305.2934s]
31/01/24 01:47:24| DEBUG       [MultiClassAccuracyEstimator] optimization finished: best params {'quantifier__classifier__C': 0.1, 'quantifier__classifier__class_weight': 'balanced', 'quantifier__bandwidth': 0.03, 'confidence': ['isoft']} (score=0.00650) [took 317.8830s]
31/01/24 01:52:03| INFO        mul_kde_lr_gs finished [took 596.9991s]
31/01/24 01:56:53| DEBUG       [MultiClassAccuracyEstimator] optimization finished: best params {'quantifier__classifier__C': 0.1, 'quantifier__classifier__class_weight': 'balanced', 'quantifier__bandwidth': 0.01, 'confidence': ['max_conf', 'entropy', 'isoft']} (score=0.00683) [took 288.2062s]
31/01/24 01:59:53| INFO        m3w_kde_lr_gs finished [took 468.8337s]
31/01/24 01:59:53| INFO     Dataset sample [0.6 0.4] of dataset rcv1_MCAT finished [took 1415.6825s]
31/01/24 01:59:54| INFO     Dataset sample [0.7 0.3] of dataset rcv1_MCAT started
31/01/24 02:00:34| INFO        ref finished [took 38.8556s]
31/01/24 02:03:09| DEBUG       [BinaryQuantifierAccuracyEstimator] optimization finished: best params {'quantifier__classifier__C': 100.0, 'quantifier__classifier__class_weight': 'balanced', 'quantifier__bandwidth': 0.01, 'confidence': ['isoft']} (score=0.00467) [took 152.5363s]
31/01/24 02:06:20| INFO        bin_kde_lr_gs finished [took 343.2676s]
31/01/24 02:12:30| DEBUG       [MultiClassAccuracyEstimator] optimization finished: best params {'quantifier__classifier__C': 1.0, 'quantifier__classifier__class_weight': 'balanced', 'quantifier__bandwidth': 0.04, 'confidence': None} (score=0.00493) [took 367.3696s]
31/01/24 02:16:32| INFO        mul_kde_lr_gs finished [took 609.9868s]
31/01/24 02:21:19| DEBUG       [MultiClassAccuracyEstimator] optimization finished: best params {'quantifier__classifier__C': 0.1, 'quantifier__classifier__class_weight': 'balanced', 'quantifier__bandwidth': 0.01, 'confidence': ['max_conf', 'entropy', 'isoft']} (score=0.00566) [took 283.3796s]
31/01/24 02:24:32| INFO        m3w_kde_lr_gs finished [took 475.7777s]
31/01/24 02:24:32| INFO     Dataset sample [0.7 0.3] of dataset rcv1_MCAT finished [took 1478.3637s]
31/01/24 02:24:32| INFO     Dataset sample [0.8 0.2] of dataset rcv1_MCAT started
31/01/24 02:25:12| INFO        ref finished [took 38.9271s]
31/01/24 02:27:54| DEBUG       [BinaryQuantifierAccuracyEstimator] optimization finished: best params {'quantifier__classifier__C': 0.1, 'quantifier__classifier__class_weight': 'balanced', 'quantifier__bandwidth': 0.19, 'confidence': None} (score=0.00718) [took 157.2033s]
31/01/24 02:31:47| INFO        bin_kde_lr_gs finished [took 390.6657s]
31/01/24 02:37:44| DEBUG       [MultiClassAccuracyEstimator] optimization finished: best params {'quantifier__classifier__C': 100.0, 'quantifier__classifier__class_weight': None, 'quantifier__bandwidth': 0.2, 'confidence': ['isoft']} (score=0.00827) [took 354.9594s]
31/01/24 02:43:42| INFO        mul_kde_lr_gs finished [took 712.8716s]
31/01/24 02:48:32| DEBUG       [MultiClassAccuracyEstimator] optimization finished: best params {'quantifier__classifier__C': 0.001, 'quantifier__classifier__class_weight': 'balanced', 'quantifier__bandwidth': 0.01, 'confidence': None} (score=0.00868) [took 289.0752s]
31/01/24 02:53:28| INFO        m3w_kde_lr_gs finished [took 584.7510s]
31/01/24 02:53:28| INFO     Dataset sample [0.8 0.2] of dataset rcv1_MCAT finished [took 1736.0810s]
31/01/24 02:53:28| INFO     Dataset sample [0.9 0.1] of dataset rcv1_MCAT started
31/01/24 02:54:23| INFO        ref finished [took 37.9987s]
31/01/24 02:57:19| DEBUG       [BinaryQuantifierAccuracyEstimator] optimization finished: best params {'quantifier__classifier__C': 1.0, 'quantifier__classifier__class_weight': 'balanced', 'quantifier__bandwidth': 0.04, 'confidence': None} (score=0.00459) [took 174.0972s]
31/01/24 03:00:52| INFO        bin_kde_lr_gs finished [took 386.3554s]
31/01/24 03:06:03| DEBUG       [MultiClassAccuracyEstimator] optimization finished: best params {'quantifier__classifier__C': 0.1, 'quantifier__classifier__class_weight': 'balanced', 'quantifier__bandwidth': 0.05, 'confidence': ['max_conf', 'entropy', 'isoft']} (score=0.00644) [took 309.3938s]
31/01/24 03:10:40| INFO        mul_kde_lr_gs finished [took 586.5305s]
31/01/24 03:15:04| DEBUG       [MultiClassAccuracyEstimator] optimization finished: best params {'quantifier__classifier__C': 0.1, 'quantifier__classifier__class_weight': None, 'quantifier__bandwidth': 0.01, 'confidence': None} (score=0.00587) [took 261.7297s]
31/01/24 03:19:07| INFO        m3w_kde_lr_gs finished [took 505.2514s]
31/01/24 03:19:07| INFO     Dataset sample [0.9 0.1] of dataset rcv1_MCAT finished [took 1539.5090s]
