----------------------------------------------------------------------------------------------------
04/01/24 16:23:32| INFO     dataset rcv1_MCAT [pool size: 10]
04/01/24 16:23:32| INFO     Dataset sample [0.1 0.9] of dataset rcv1_MCAT started
04/01/24 16:26:19| INFO        d_bin_sld_rbf_mc finished [took 162.6153s]
04/01/24 16:26:55| INFO        d_bin_sld_rbf finished [took 197.9336s]
04/01/24 16:26:55| INFO        d_bin_sld_rbf_c finished [took 198.6225s]
04/01/24 16:27:09| INFO        d_m3w_sld_rbf finished [took 212.0829s]
04/01/24 16:27:09| INFO        d_m3w_sld_rbf_mc finished [took 212.1716s]
04/01/24 16:27:14| INFO        d_bin_sld_rbf_ne finished [took 217.0881s]
04/01/24 16:27:14| INFO        d_m3w_sld_rbf_c finished [took 217.1151s]
04/01/24 16:27:27| INFO        d_mul_sld_rbf_mc finished [took 232.0726s]
04/01/24 16:27:44| INFO        d_mul_sld_rbf finished [took 247.5468s]
04/01/24 16:27:45| INFO        d_mul_sld_rbf_ne finished [took 248.1777s]
04/01/24 16:27:49| INFO        d_mul_sld_rbf_c finished [took 252.4865s]
04/01/24 16:28:23| INFO        ref finished [took 73.5268s]
04/01/24 16:28:24| INFO        d_m3w_sld_rbf_ne finished [took 124.5769s]
04/01/24 16:28:36| INFO        doc finished [took 81.0773s]
04/01/24 16:28:48| INFO        atc_mc finished [took 93.5163s]
04/01/24 16:28:54| INFO        d_bin_sld_rbf_is finished [took 118.1968s]
04/01/24 16:29:13| INFO        d_m3w_sld_rbf_is finished [took 123.6937s]
04/01/24 16:29:26| INFO        d_mul_sld_rbf_is finished [took 150.1996s]
04/01/24 16:29:40| DEBUG       [size=11,place=1] best score = 0.01686184; best param = {'quantifier__classifier__C': 0.01, 'quantifier__classifier__class_weight': None, 'quantifier__classifier__gamma': 27.964060143228515, 'quantifier__recalib': None, 'confidence': None} [took 13.045s]
04/01/24 16:29:40| DEBUG       [size=11,place=2] best score = 0.04231075; best param = {'quantifier__classifier__C': 0.1, 'quantifier__classifier__class_weight': 'balanced', 'quantifier__classifier__gamma': 279.64060143228517, 'quantifier__recalib': None, 'confidence': ['isoft']} [took 13.046s]
04/01/24 16:30:07| DEBUG       [size=28,place=1] best score = 0.00970781; best param = {'quantifier__classifier__C': 1.0, 'quantifier__classifier__class_weight': None, 'quantifier__classifier__gamma': 27.964060143228515, 'quantifier__recalib': None, 'confidence': None} [took 26.436s]
04/01/24 16:30:07| DEBUG       [size=28,place=2] best score = 0.01002171; best param = {'quantifier__classifier__C': 0.1, 'quantifier__classifier__class_weight': None, 'quantifier__classifier__gamma': 27.964060143228515, 'quantifier__recalib': None, 'confidence': None} [took 26.436s]
04/01/24 16:30:13| DEBUG       [size=14,place=1] best score = 0.00875958; best param = {'quantifier__classifier__C': 1.0, 'quantifier__classifier__class_weight': None, 'quantifier__classifier__gamma': 27.964060143228515, 'quantifier__recalib': None, 'confidence': ['max_conf', 'entropy']} [took 6.534s]
04/01/24 16:30:13| DEBUG       [size=14,place=2] best score = 0.00875993; best param = {'quantifier__classifier__C': 0.1, 'quantifier__classifier__class_weight': None, 'quantifier__classifier__gamma': 279.64060143228517, 'quantifier__recalib': None, 'confidence': None} [took 6.535s]
04/01/24 16:30:28| DEBUG       [size=16,place=1] best score = 0.00874979; best param = {'quantifier__classifier__C': 0.1, 'quantifier__classifier__class_weight': None, 'quantifier__classifier__gamma': 279.64060143228517, 'quantifier__recalib': None, 'confidence': ['max_conf', 'entropy']} [took 14.441s]
04/01/24 16:30:28| DEBUG       [size=16,place=2] best score = 0.00920132; best param = {'quantifier__classifier__C': 1.0, 'quantifier__classifier__class_weight': None, 'quantifier__classifier__gamma': 279.64060143228517, 'quantifier__recalib': None, 'confidence': ['max_conf', 'entropy']} [took 14.442s]
04/01/24 16:30:42| DEBUG       [size=12,place=1] best score = 0.01379807; best param = {'quantifier__classifier__C': 0.1, 'quantifier__classifier__class_weight': None, 'quantifier__classifier__gamma': 0.27964060143228514, 'quantifier__recalib': None, 'confidence': ['max_conf', 'entropy']} [took 13.996s]
04/01/24 16:30:42| DEBUG       [size=12,place=2] best score = 0.01487496; best param = {'quantifier__classifier__C': 0.1, 'quantifier__classifier__class_weight': None, 'quantifier__classifier__gamma': 0.027964060143228515, 'quantifier__recalib': None, 'confidence': ['max_conf', 'entropy']} [took 13.996s]
04/01/24 16:30:42| DEBUG       [BinaryQuantifierAccuracyEstimator] optimization finished: best params {'quantifier__classifier__C': 0.1, 'quantifier__classifier__class_weight': None, 'quantifier__classifier__gamma': 279.64060143228517, 'quantifier__recalib': None, 'confidence': ['max_conf', 'entropy']} (score=0.00875) [took 74.4734s]
04/01/24 16:32:12| INFO        d_bin_sld_rbf_gs finished [took 164.6859s]
04/01/24 16:32:27| DEBUG       [size=11,place=1] best score = 0.15364909; best param = {'quantifier__classifier__C': 1.0, 'quantifier__classifier__class_weight': None, 'quantifier__classifier__gamma': 0.27964060143228514, 'quantifier__recalib': None, 'confidence': None} [took 14.656s]
04/01/24 16:32:27| DEBUG       [size=11,place=2] best score = 0.16741171; best param = {'quantifier__classifier__C': 0.1, 'quantifier__classifier__class_weight': None, 'quantifier__classifier__gamma': 2.7964060143228515, 'quantifier__recalib': None, 'confidence': None} [took 14.656s]
04/01/24 16:32:41| DEBUG       [size=26,place=1] best score = 0.00896799; best param = {'quantifier__classifier__C': 10.0, 'quantifier__classifier__class_weight': None, 'quantifier__classifier__gamma': 2.7964060143228515, 'quantifier__recalib': None, 'confidence': None} [took 14.236s]
04/01/24 16:32:41| DEBUG       [size=26,place=2] best score = 0.01018724; best param = {'quantifier__classifier__C': 1000.0, 'quantifier__classifier__class_weight': None, 'quantifier__classifier__gamma': 0.27964060143228514, 'quantifier__recalib': None, 'confidence': None} [took 14.236s]
04/01/24 16:32:58| DEBUG       [size=14,place=1] best score = 0.01104681; best param = {'quantifier__classifier__C': 1000.0, 'quantifier__classifier__class_weight': None, 'quantifier__classifier__gamma': 0.27964060143228514, 'quantifier__recalib': None, 'confidence': ['max_conf', 'entropy']} [took 16.699s]
04/01/24 16:32:58| DEBUG       [size=14,place=2] best score = 0.05905547; best param = {'quantifier__classifier__C': 1000.0, 'quantifier__classifier__class_weight': None, 'quantifier__classifier__gamma': 0.27964060143228514, 'quantifier__recalib': None, 'confidence': ['isoft']} [took 16.699s]
04/01/24 16:32:58| DEBUG       [MultiClassAccuracyEstimator] optimization finished: best params {'quantifier__classifier__C': 10.0, 'quantifier__classifier__class_weight': None, 'quantifier__classifier__gamma': 2.7964060143228515, 'quantifier__recalib': None, 'confidence': None} (score=0.00897) [took 45.7068s]
04/01/24 16:34:27| INFO        d_mul_sld_rbf_gs finished [took 134.4619s]
04/01/24 16:34:43| DEBUG       [size=11,place=1] best score = 0.00795978; best param = {'quantifier__classifier__C': 100.0, 'quantifier__classifier__class_weight': None, 'quantifier__classifier__gamma': 0.027964060143228515, 'quantifier__recalib': 'bcts', 'confidence': None} [took 15.378s]
04/01/24 16:34:43| DEBUG       [size=11,place=2] best score = 0.00822745; best param = {'quantifier__classifier__C': 0.01, 'quantifier__classifier__class_weight': None, 'quantifier__classifier__gamma': 27.964060143228515, 'quantifier__recalib': None, 'confidence': None} [took 15.379s]
04/01/24 16:34:58| DEBUG       [size=28,place=1] best score = 0.00834486; best param = {'quantifier__classifier__C': 0.001, 'quantifier__classifier__class_weight': None, 'quantifier__classifier__gamma': 27.964060143228515, 'quantifier__recalib': None, 'confidence': None} [took 15.303s]
04/01/24 16:34:58| DEBUG       [size=28,place=2] best score = 0.00851900; best param = {'quantifier__classifier__C': 100.0, 'quantifier__classifier__class_weight': None, 'quantifier__classifier__gamma': 0.027964060143228515, 'quantifier__recalib': 'bcts', 'confidence': ['isoft']} [took 15.303s]
04/01/24 16:34:58| DEBUG       [MultiClassAccuracyEstimator] optimization finished: best params {'quantifier__classifier__C': 100.0, 'quantifier__classifier__class_weight': None, 'quantifier__classifier__gamma': 0.027964060143228515, 'quantifier__recalib': 'bcts', 'confidence': None} (score=0.00796) [took 30.6898s]
04/01/24 16:36:09| INFO        d_m3w_sld_rbf_gs finished [took 101.2521s]
04/01/24 16:36:09| INFO     Dataset sample [0.1 0.9] of dataset rcv1_MCAT finished [took 756.4315s]
04/01/24 16:36:09| INFO     Dataset sample [0.2 0.8] of dataset rcv1_MCAT started
04/01/24 16:38:40| INFO        d_bin_sld_rbf_c finished [took 150.3074s]
04/01/24 16:40:04| INFO        d_m3w_sld_rbf finished [took 234.0387s]
04/01/24 16:40:05| INFO        d_bin_sld_rbf finished [took 234.4392s]
04/01/24 16:40:05| INFO        d_bin_sld_rbf_mc finished [took 234.7146s]
04/01/24 16:40:07| INFO        d_m3w_sld_rbf_mc finished [took 236.3389s]
04/01/24 16:40:10| INFO        d_bin_sld_rbf_ne finished [took 239.6654s]
04/01/24 16:40:18| INFO        d_m3w_sld_rbf_c finished [took 247.8512s]
04/01/24 16:40:37| INFO        d_m3w_sld_rbf_ne finished [took 116.8618s]
04/01/24 16:40:46| INFO        d_mul_sld_rbf_ne finished [took 275.2690s]
04/01/24 16:40:52| INFO        d_mul_sld_rbf finished [took 281.3133s]
04/01/24 16:40:56| INFO        d_mul_sld_rbf_c finished [took 285.6652s]
04/01/24 16:41:01| INFO        d_mul_sld_rbf_mc finished [took 290.9970s]
04/01/24 16:41:28| INFO        ref finished [took 80.8344s]
04/01/24 16:41:34| INFO        atc_mc finished [took 83.3159s]
04/01/24 16:41:38| INFO        doc finished [took 79.5063s]
04/01/24 16:42:31| INFO        d_bin_sld_rbf_is finished [took 145.7439s]
04/01/24 16:42:32| INFO        d_m3w_sld_rbf_is finished [took 145.8764s]
04/01/24 16:43:07| INFO        d_mul_sld_rbf_is finished [took 181.7308s]
04/01/24 16:43:18| DEBUG       [size=11,place=1] best score = 0.00673779; best param = {'quantifier__classifier__C': 0.001, 'quantifier__classifier__class_weight': None, 'quantifier__classifier__gamma': 0.35704068584740667, 'quantifier__recalib': 'bcts', 'confidence': ['isoft']} [took 9.811s]
04/01/24 16:43:18| DEBUG       [size=11,place=2] best score = 0.00730551; best param = {'quantifier__classifier__C': 100.0, 'quantifier__classifier__class_weight': 'balanced', 'quantifier__classifier__gamma': 0.35704068584740667, 'quantifier__recalib': 'bcts', 'confidence': ['max_conf', 'entropy']} [took 9.812s]
04/01/24 16:43:41| DEBUG       [size=28,place=1] best score = 0.00660354; best param = {'quantifier__classifier__C': 10.0, 'quantifier__classifier__class_weight': 'balanced', 'quantifier__classifier__gamma': 0.35704068584740667, 'quantifier__recalib': 'bcts', 'confidence': ['max_conf', 'entropy']} [took 23.626s]
04/01/24 16:43:41| DEBUG       [size=28,place=2] best score = 0.00766132; best param = {'quantifier__classifier__C': 1000.0, 'quantifier__classifier__class_weight': 'balanced', 'quantifier__classifier__gamma': 0.35704068584740667, 'quantifier__recalib': 'bcts', 'confidence': ['max_conf', 'entropy']} [took 23.626s]
04/01/24 16:44:18| DEBUG       [size=16,place=1] best score = 0.00661899; best param = {'quantifier__classifier__C': 1000.0, 'quantifier__classifier__class_weight': 'balanced', 'quantifier__classifier__gamma': 0.035704068584740664, 'quantifier__recalib': 'bcts', 'confidence': ['max_conf', 'entropy']} [took 36.356s]
04/01/24 16:44:18| DEBUG       [size=16,place=2] best score = 0.00709346; best param = {'quantifier__classifier__C': 1000.0, 'quantifier__classifier__class_weight': 'balanced', 'quantifier__classifier__gamma': 0.35704068584740667, 'quantifier__recalib': 'bcts', 'confidence': None} [took 36.356s]
04/01/24 16:44:18| DEBUG       [BinaryQuantifierAccuracyEstimator] optimization finished: best params {'quantifier__classifier__C': 10.0, 'quantifier__classifier__class_weight': 'balanced', 'quantifier__classifier__gamma': 0.35704068584740667, 'quantifier__recalib': 'bcts', 'confidence': ['max_conf', 'entropy']} (score=0.00660) [took 69.9084s]
04/01/24 16:45:57| INFO        d_bin_sld_rbf_gs finished [took 168.9568s]
04/01/24 16:46:14| DEBUG       [size=11,place=1] best score = 0.01385448; best param = {'quantifier__classifier__C': 0.001, 'quantifier__classifier__class_weight': None, 'quantifier__classifier__gamma': 0.35704068584740667, 'quantifier__recalib': 'bcts', 'confidence': ['isoft']} [took 16.984s]
04/01/24 16:46:14| DEBUG       [size=11,place=2] best score = 0.01834783; best param = {'quantifier__classifier__C': 100.0, 'quantifier__classifier__class_weight': None, 'quantifier__classifier__gamma': 0.035704068584740664, 'quantifier__recalib': 'bcts', 'confidence': None} [took 16.985s]
04/01/24 16:46:51| DEBUG       [size=28,place=1] best score = 0.01047168; best param = {'quantifier__classifier__C': 0.1, 'quantifier__classifier__class_weight': None, 'quantifier__classifier__gamma': 0.35704068584740667, 'quantifier__recalib': 'bcts', 'confidence': ['isoft']} [took 36.805s]
04/01/24 16:46:51| DEBUG       [size=28,place=2] best score = 0.01171519; best param = {'quantifier__classifier__C': 10.0, 'quantifier__classifier__class_weight': None, 'quantifier__classifier__gamma': 0.035704068584740664, 'quantifier__recalib': 'bcts', 'confidence': None} [took 36.806s]
04/01/24 16:47:05| DEBUG       [size=15,place=1] best score = 0.01023761; best param = {'quantifier__classifier__C': 10.0, 'quantifier__classifier__class_weight': None, 'quantifier__classifier__gamma': 0.035704068584740664, 'quantifier__recalib': 'bcts', 'confidence': ['isoft']} [took 14.216s]
04/01/24 16:47:05| DEBUG       [size=15,place=2] best score = 0.01203808; best param = {'quantifier__classifier__C': 0.1, 'quantifier__classifier__class_weight': 'balanced', 'quantifier__classifier__gamma': 0.35704068584740667, 'quantifier__recalib': 'bcts', 'confidence': ['isoft']} [took 14.217s]
04/01/24 16:47:40| DEBUG       [size=20,place=1] best score = 0.00921386; best param = {'quantifier__classifier__C': 10.0, 'quantifier__classifier__class_weight': 'balanced', 'quantifier__classifier__gamma': 0.35704068584740667, 'quantifier__recalib': 'bcts', 'confidence': ['isoft']} [took 35.024s]
04/01/24 16:47:40| DEBUG       [size=20,place=2] best score = 0.01167202; best param = {'quantifier__classifier__C': 100.0, 'quantifier__classifier__class_weight': 'balanced', 'quantifier__classifier__gamma': 0.35704068584740667, 'quantifier__recalib': 'bcts', 'confidence': ['isoft']} [took 35.025s]
04/01/24 16:48:11| DEBUG       [size=12,place=1] best score = 0.01073005; best param = {'quantifier__classifier__C': 10.0, 'quantifier__classifier__class_weight': 'balanced', 'quantifier__classifier__gamma': 357.0406858474066, 'quantifier__recalib': 'bcts', 'confidence': ['isoft']} [took 30.148s]
04/01/24 16:48:11| DEBUG       [size=12,place=2] best score = 0.01101119; best param = {'quantifier__classifier__C': 10.0, 'quantifier__classifier__class_weight': 'balanced', 'quantifier__classifier__gamma': 3.5704068584740662, 'quantifier__recalib': 'bcts', 'confidence': ['isoft']} [took 30.148s]
04/01/24 16:48:11| DEBUG       [MultiClassAccuracyEstimator] optimization finished: best params {'quantifier__classifier__C': 10.0, 'quantifier__classifier__class_weight': 'balanced', 'quantifier__classifier__gamma': 0.35704068584740667, 'quantifier__recalib': 'bcts', 'confidence': ['isoft']} (score=0.00921) [took 133.2981s]
04/01/24 16:50:29| INFO        d_mul_sld_rbf_gs finished [took 271.5548s]
04/01/24 16:50:45| DEBUG       [size=11,place=1] best score = 0.00970296; best param = {'quantifier__classifier__C': 100.0, 'quantifier__classifier__class_weight': None, 'quantifier__classifier__gamma': 0.035704068584740664, 'quantifier__recalib': 'bcts', 'confidence': None} [took 15.120s]
04/01/24 16:50:45| DEBUG       [size=11,place=2] best score = 0.00988607; best param = {'quantifier__classifier__C': 0.1, 'quantifier__classifier__class_weight': 'balanced', 'quantifier__classifier__gamma': 357.0406858474066, 'quantifier__recalib': None, 'confidence': ['isoft']} [took 15.120s]
04/01/24 16:51:24| DEBUG       [size=28,place=1] best score = 0.00817591; best param = {'quantifier__classifier__C': 10.0, 'quantifier__classifier__class_weight': 'balanced', 'quantifier__classifier__gamma': 357.0406858474066, 'quantifier__recalib': None, 'confidence': ['isoft']} [took 39.231s]
04/01/24 16:51:24| DEBUG       [size=28,place=2] best score = 0.00880206; best param = {'quantifier__classifier__C': 1.0, 'quantifier__classifier__class_weight': 'balanced', 'quantifier__classifier__gamma': 357.0406858474066, 'quantifier__recalib': None, 'confidence': ['isoft']} [took 39.231s]
04/01/24 16:51:42| DEBUG       [size=16,place=1] best score = 0.00756128; best param = {'quantifier__classifier__C': 10.0, 'quantifier__classifier__class_weight': 'balanced', 'quantifier__classifier__gamma': 357.0406858474066, 'quantifier__recalib': None, 'confidence': ['max_conf', 'entropy']} [took 17.823s]
04/01/24 16:51:42| DEBUG       [size=16,place=2] best score = 0.00864251; best param = {'quantifier__classifier__C': 1.0, 'quantifier__classifier__class_weight': 'balanced', 'quantifier__classifier__gamma': 35.70406858474066, 'quantifier__recalib': None, 'confidence': ['isoft']} [took 17.823s]
04/01/24 16:52:27| DEBUG       [size=18,place=1] best score = 0.00658723; best param = {'quantifier__classifier__C': 100.0, 'quantifier__classifier__class_weight': 'balanced', 'quantifier__classifier__gamma': 357.0406858474066, 'quantifier__recalib': None, 'confidence': ['max_conf', 'entropy']} [took 45.363s]
04/01/24 16:52:27| DEBUG       [size=18,place=2] best score = 0.00709295; best param = {'quantifier__classifier__C': 100.0, 'quantifier__classifier__class_weight': 'balanced', 'quantifier__classifier__gamma': 35.70406858474066, 'quantifier__recalib': None, 'confidence': ['isoft']} [took 45.363s]
04/01/24 16:52:55| DEBUG       [size=13,place=1] best score = 0.00703414; best param = {'quantifier__classifier__C': 100.0, 'quantifier__classifier__class_weight': 'balanced', 'quantifier__classifier__gamma': 357.0406858474066, 'quantifier__recalib': None, 'confidence': None} [took 27.763s]
04/01/24 16:52:55| DEBUG       [size=13,place=2] best score = 0.00731927; best param = {'quantifier__classifier__C': 100.0, 'quantifier__classifier__class_weight': 'balanced', 'quantifier__classifier__gamma': 35.70406858474066, 'quantifier__recalib': None, 'confidence': ['max_conf', 'entropy']} [took 27.764s]
04/01/24 16:52:55| DEBUG       [MultiClassAccuracyEstimator] optimization finished: best params {'quantifier__classifier__C': 100.0, 'quantifier__classifier__class_weight': 'balanced', 'quantifier__classifier__gamma': 357.0406858474066, 'quantifier__recalib': None, 'confidence': ['max_conf', 'entropy']} (score=0.00659) [took 145.4195s]
04/01/24 16:54:59| INFO        d_m3w_sld_rbf_gs finished [took 269.7683s]
04/01/24 16:54:59| INFO     Dataset sample [0.2 0.8] of dataset rcv1_MCAT finished [took 1130.5660s]
04/01/24 16:54:59| INFO     Dataset sample [0.3 0.7] of dataset rcv1_MCAT started
04/01/24 16:57:46| INFO        d_m3w_sld_rbf_mc finished [took 164.8013s]
04/01/24 16:58:43| INFO        d_bin_sld_rbf_c finished [took 221.8355s]
04/01/24 16:58:49| INFO        d_m3w_sld_rbf finished [took 227.5045s]
04/01/24 16:58:50| INFO        d_m3w_sld_rbf_c finished [took 228.9994s]
04/01/24 16:59:05| INFO        d_bin_sld_rbf finished [took 244.1978s]
04/01/24 16:59:09| INFO        d_mul_sld_rbf_c finished [took 248.1884s]
04/01/24 16:59:14| INFO        d_mul_sld_rbf_ne finished [took 253.1041s]
04/01/24 16:59:21| INFO        d_bin_sld_rbf_ne finished [took 259.6263s]
04/01/24 16:59:27| INFO        d_bin_sld_rbf_mc finished [took 266.0658s]
04/01/24 16:59:54| INFO        d_mul_sld_rbf_mc finished [took 293.0138s]
04/01/24 17:00:15| INFO        ref finished [took 69.1896s]
04/01/24 17:00:16| INFO        d_mul_sld_rbf finished [took 314.8929s]
04/01/24 17:00:31| INFO        d_m3w_sld_rbf_ne finished [took 164.6215s]
04/01/24 17:00:35| INFO        atc_mc finished [took 84.7339s]
04/01/24 17:00:37| INFO        doc finished [took 82.7400s]
04/01/24 17:01:10| INFO        d_bin_sld_rbf_is finished [took 147.0067s]
04/01/24 17:01:27| INFO        d_m3w_sld_rbf_is finished [took 156.3086s]
04/01/24 17:01:47| INFO        d_mul_sld_rbf_is finished [took 177.2512s]
04/01/24 17:01:56| DEBUG       [size=11,place=1] best score = 0.01136726; best param = {'quantifier__classifier__C': 100.0, 'quantifier__classifier__class_weight': 'balanced', 'quantifier__classifier__gamma': 0.41019659818785464, 'quantifier__recalib': 'bcts', 'confidence': ['max_conf', 'entropy']} [took 8.402s]
04/01/24 17:01:56| DEBUG       [size=11,place=2] best score = 0.01470061; best param = {'quantifier__classifier__C': 0.1, 'quantifier__classifier__class_weight': 'balanced', 'quantifier__classifier__gamma': 410.19659818785465, 'quantifier__recalib': None, 'confidence': ['isoft']} [took 8.403s]
04/01/24 17:02:21| DEBUG       [size=28,place=1] best score = 0.00813787; best param = {'quantifier__classifier__C': 10.0, 'quantifier__classifier__class_weight': 'balanced', 'quantifier__classifier__gamma': 0.41019659818785464, 'quantifier__recalib': 'bcts', 'confidence': ['max_conf', 'entropy']} [took 24.966s]
04/01/24 17:02:21| DEBUG       [size=28,place=2] best score = 0.00822617; best param = {'quantifier__classifier__C': 100.0, 'quantifier__classifier__class_weight': 'balanced', 'quantifier__classifier__gamma': 0.41019659818785464, 'quantifier__recalib': 'bcts', 'confidence': None} [took 24.967s]
04/01/24 17:02:37| DEBUG       [size=19,place=1] best score = 0.00821366; best param = {'quantifier__classifier__C': 10.0, 'quantifier__classifier__class_weight': 'balanced', 'quantifier__classifier__gamma': 0.41019659818785464, 'quantifier__recalib': 'bcts', 'confidence': ['isoft']} [took 16.525s]
04/01/24 17:02:37| DEBUG       [size=19,place=2] best score = 0.00917898; best param = {'quantifier__classifier__C': 10.0, 'quantifier__classifier__class_weight': 'balanced', 'quantifier__classifier__gamma': 0.41019659818785464, 'quantifier__recalib': None, 'confidence': ['max_conf', 'entropy']} [took 16.526s]
04/01/24 17:02:37| DEBUG       [BinaryQuantifierAccuracyEstimator] optimization finished: best params {'quantifier__classifier__C': 10.0, 'quantifier__classifier__class_weight': 'balanced', 'quantifier__classifier__gamma': 0.41019659818785464, 'quantifier__recalib': 'bcts', 'confidence': ['max_conf', 'entropy']} (score=0.00814) [took 50.0163s]
04/01/24 17:04:18| INFO        d_bin_sld_rbf_gs finished [took 150.7581s]
04/01/24 17:04:37| DEBUG       [size=11,place=1] best score = 0.00867270; best param = {'quantifier__classifier__C': 100.0, 'quantifier__classifier__class_weight': 'balanced', 'quantifier__classifier__gamma': 0.41019659818785464, 'quantifier__recalib': 'bcts', 'confidence': ['max_conf', 'entropy']} [took 18.548s]
04/01/24 17:04:37| DEBUG       [size=11,place=2] best score = 0.02531788; best param = {'quantifier__classifier__C': 0.1, 'quantifier__classifier__class_weight': 'balanced', 'quantifier__classifier__gamma': 410.19659818785465, 'quantifier__recalib': None, 'confidence': ['isoft']} [took 18.549s]
04/01/24 17:05:25| DEBUG       [size=28,place=1] best score = 0.00688281; best param = {'quantifier__classifier__C': 100.0, 'quantifier__classifier__class_weight': 'balanced', 'quantifier__classifier__gamma': 0.41019659818785464, 'quantifier__recalib': 'bcts', 'confidence': ['isoft']} [took 47.471s]
04/01/24 17:05:25| DEBUG       [size=28,place=2] best score = 0.00728591; best param = {'quantifier__classifier__C': 10.0, 'quantifier__classifier__class_weight': 'balanced', 'quantifier__classifier__gamma': 0.41019659818785464, 'quantifier__recalib': 'bcts', 'confidence': ['max_conf', 'entropy']} [took 47.471s]
04/01/24 17:05:53| DEBUG       [size=19,place=1] best score = 0.00666136; best param = {'quantifier__classifier__C': 10.0, 'quantifier__classifier__class_weight': 'balanced', 'quantifier__classifier__gamma': 0.41019659818785464, 'quantifier__recalib': 'bcts', 'confidence': ['isoft']} [took 28.252s]
04/01/24 17:05:53| DEBUG       [size=19,place=2] best score = 0.00687012; best param = {'quantifier__classifier__C': 0.1, 'quantifier__classifier__class_weight': 'balanced', 'quantifier__classifier__gamma': 0.41019659818785464, 'quantifier__recalib': 'bcts', 'confidence': ['isoft']} [took 28.252s]
04/01/24 17:06:14| DEBUG       [size=11,place=1] best score = 0.00754079; best param = {'quantifier__classifier__C': 10.0, 'quantifier__classifier__class_weight': 'balanced', 'quantifier__classifier__gamma': 0.04101965981878546, 'quantifier__recalib': 'bcts', 'confidence': ['isoft']} [took 21.101s]
04/01/24 17:06:14| DEBUG       [size=11,place=2] best score = 0.00765905; best param = {'quantifier__classifier__C': 0.1, 'quantifier__classifier__class_weight': 'balanced', 'quantifier__classifier__gamma': 4.101965981878546, 'quantifier__recalib': 'bcts', 'confidence': ['isoft']} [took 21.101s]
04/01/24 17:06:14| DEBUG       [MultiClassAccuracyEstimator] optimization finished: best params {'quantifier__classifier__C': 10.0, 'quantifier__classifier__class_weight': 'balanced', 'quantifier__classifier__gamma': 0.41019659818785464, 'quantifier__recalib': 'bcts', 'confidence': ['isoft']} (score=0.00666) [took 115.4860s]
04/01/24 17:08:32| INFO        d_mul_sld_rbf_gs finished [took 253.2155s]
04/01/24 17:08:47| DEBUG       [size=11,place=1] best score = 0.00932812; best param = {'quantifier__classifier__C': 100.0, 'quantifier__classifier__class_weight': None, 'quantifier__classifier__gamma': 0.04101965981878546, 'quantifier__recalib': 'bcts', 'confidence': None} [took 15.039s]
04/01/24 17:08:47| DEBUG       [size=11,place=2] best score = 0.01005964; best param = {'quantifier__classifier__C': 100.0, 'quantifier__classifier__class_weight': 'balanced', 'quantifier__classifier__gamma': 0.41019659818785464, 'quantifier__recalib': 'bcts', 'confidence': ['max_conf', 'entropy']} [took 15.040s]
04/01/24 17:09:23| DEBUG       [size=28,place=1] best score = 0.00659159; best param = {'quantifier__classifier__C': 1.0, 'quantifier__classifier__class_weight': 'balanced', 'quantifier__classifier__gamma': 0.41019659818785464, 'quantifier__recalib': 'bcts', 'confidence': ['max_conf', 'entropy']} [took 35.066s]
04/01/24 17:09:23| DEBUG       [size=28,place=2] best score = 0.00696962; best param = {'quantifier__classifier__C': 100.0, 'quantifier__classifier__class_weight': 'balanced', 'quantifier__classifier__gamma': 41.01965981878546, 'quantifier__recalib': 'bcts', 'confidence': ['max_conf', 'entropy']} [took 35.066s]
04/01/24 17:09:51| DEBUG       [size=17,place=1] best score = 0.00662364; best param = {'quantifier__classifier__C': 1.0, 'quantifier__classifier__class_weight': 'balanced', 'quantifier__classifier__gamma': 4.101965981878546, 'quantifier__recalib': 'bcts', 'confidence': ['max_conf', 'entropy']} [took 28.520s]
04/01/24 17:09:51| DEBUG       [size=17,place=2] best score = 0.00771656; best param = {'quantifier__classifier__C': 10.0, 'quantifier__classifier__class_weight': 'balanced', 'quantifier__classifier__gamma': 41.01965981878546, 'quantifier__recalib': 'bcts', 'confidence': ['max_conf', 'entropy']} [took 28.521s]
04/01/24 17:09:51| DEBUG       [MultiClassAccuracyEstimator] optimization finished: best params {'quantifier__classifier__C': 1.0, 'quantifier__classifier__class_weight': 'balanced', 'quantifier__classifier__gamma': 0.41019659818785464, 'quantifier__recalib': 'bcts', 'confidence': ['max_conf', 'entropy']} (score=0.00659) [took 78.7388s]
04/01/24 17:11:47| INFO        d_m3w_sld_rbf_gs finished [took 194.5038s]
04/01/24 17:11:47| INFO     Dataset sample [0.3 0.7] of dataset rcv1_MCAT finished [took 1007.5763s]
04/01/24 17:11:47| INFO     Dataset sample [0.4 0.6] of dataset rcv1_MCAT started
04/01/24 17:15:06| INFO        d_m3w_sld_rbf_c finished [took 196.3112s]
04/01/24 17:15:19| INFO        d_m3w_sld_rbf_mc finished [took 209.4324s]
04/01/24 17:15:36| INFO        d_m3w_sld_rbf finished [took 226.7601s]
04/01/24 17:16:23| INFO        d_bin_sld_rbf finished [took 274.0847s]
04/01/24 17:16:24| INFO        d_mul_sld_rbf_ne finished [took 274.3287s]
04/01/24 17:16:34| INFO        d_bin_sld_rbf_mc finished [took 284.4081s]
04/01/24 17:17:16| INFO        d_mul_sld_rbf_c finished [took 326.4651s]
04/01/24 17:17:59| INFO        ref finished [took 94.3186s]
04/01/24 17:18:05| INFO        d_mul_sld_rbf finished [took 375.6670s]
04/01/24 17:18:06| INFO        d_mul_sld_rbf_mc finished [took 376.6286s]
04/01/24 17:18:07| INFO        atc_mc finished [took 92.8693s]
04/01/24 17:18:13| INFO        d_m3w_sld_rbf_ne finished [took 186.5074s]
04/01/24 17:18:36| INFO        doc finished [took 79.0356s]
04/01/24 17:19:00| INFO        d_m3w_sld_rbf_is finished [took 155.5414s]
04/01/24 17:19:00| INFO        d_bin_sld_rbf_is finished [took 220.5769s]
04/01/24 17:19:41| INFO        d_bin_sld_rbf_c finished [took 471.5391s]
04/01/24 17:19:56| INFO        d_bin_sld_rbf_ne finished [took 487.1015s]
04/01/24 17:19:56| INFO        d_mul_sld_rbf_is finished [took 259.1814s]
04/01/24 17:20:12| DEBUG       [size=11,place=1] best score = 0.00652604; best param = {'quantifier__classifier__C': 0.1, 'quantifier__classifier__class_weight': None, 'quantifier__classifier__gamma': 0.04390785711781626, 'quantifier__recalib': 'bcts', 'confidence': ['isoft']} [took 14.987s]
04/01/24 17:20:12| DEBUG       [size=11,place=2] best score = 0.02324053; best param = {'quantifier__classifier__C': 100.0, 'quantifier__classifier__class_weight': 'balanced', 'quantifier__classifier__gamma': 0.4390785711781626, 'quantifier__recalib': 'bcts', 'confidence': ['max_conf', 'entropy']} [took 14.987s]
04/01/24 17:20:36| DEBUG       [size=28,place=1] best score = 0.00657921; best param = {'quantifier__classifier__C': 0.001, 'quantifier__classifier__class_weight': 'balanced', 'quantifier__classifier__gamma': 0.4390785711781626, 'quantifier__recalib': 'bcts', 'confidence': ['max_conf', 'entropy']} [took 23.452s]
04/01/24 17:20:36| DEBUG       [size=28,place=2] best score = 0.00663791; best param = {'quantifier__classifier__C': 0.1, 'quantifier__classifier__class_weight': None, 'quantifier__classifier__gamma': 0.04390785711781626, 'quantifier__recalib': 'bcts', 'confidence': ['max_conf', 'entropy']} [took 23.452s]
04/01/24 17:20:36| DEBUG       [BinaryQuantifierAccuracyEstimator] optimization finished: best params {'quantifier__classifier__C': 0.1, 'quantifier__classifier__class_weight': None, 'quantifier__classifier__gamma': 0.04390785711781626, 'quantifier__recalib': 'bcts', 'confidence': ['isoft']} (score=0.00653) [took 38.4490s]
04/01/24 17:21:47| INFO        d_bin_sld_rbf_gs finished [took 109.8753s]
04/01/24 17:22:07| DEBUG       [size=11,place=1] best score = 0.02219340; best param = {'quantifier__classifier__C': 100.0, 'quantifier__classifier__class_weight': 'balanced', 'quantifier__classifier__gamma': 0.4390785711781626, 'quantifier__recalib': 'bcts', 'confidence': ['max_conf', 'entropy']} [took 18.687s]
04/01/24 17:22:07| DEBUG       [size=11,place=2] best score = 0.02660960; best param = {'quantifier__classifier__C': 0.001, 'quantifier__classifier__class_weight': None, 'quantifier__classifier__gamma': 0.4390785711781626, 'quantifier__recalib': 'bcts', 'confidence': ['isoft']} [took 18.688s]
04/01/24 17:23:03| DEBUG       [size=28,place=1] best score = 0.01705821; best param = {'quantifier__classifier__C': 100.0, 'quantifier__classifier__class_weight': 'balanced', 'quantifier__classifier__gamma': 0.04390785711781626, 'quantifier__recalib': 'bcts', 'confidence': ['max_conf', 'entropy']} [took 56.352s]
04/01/24 17:23:03| DEBUG       [size=28,place=2] best score = 0.01709217; best param = {'quantifier__classifier__C': 100.0, 'quantifier__classifier__class_weight': 'balanced', 'quantifier__classifier__gamma': 0.4390785711781626, 'quantifier__recalib': 'bcts', 'confidence': None} [took 56.353s]
04/01/24 17:23:46| DEBUG       [size=21,place=1] best score = 0.01126451; best param = {'quantifier__classifier__C': 1000.0, 'quantifier__classifier__class_weight': 'balanced', 'quantifier__classifier__gamma': 0.04390785711781626, 'quantifier__recalib': 'bcts', 'confidence': ['max_conf', 'entropy']} [took 43.386s]
04/01/24 17:23:46| DEBUG       [size=21,place=2] best score = 0.01222336; best param = {'quantifier__classifier__C': 10.0, 'quantifier__classifier__class_weight': 'balanced', 'quantifier__classifier__gamma': 0.04390785711781626, 'quantifier__recalib': 'bcts', 'confidence': ['max_conf', 'entropy']} [took 43.387s]
04/01/24 17:24:09| DEBUG       [size=14,place=1] best score = 0.01012238; best param = {'quantifier__classifier__C': 10.0, 'quantifier__classifier__class_weight': 'balanced', 'quantifier__classifier__gamma': 4.390785711781626, 'quantifier__recalib': 'bcts', 'confidence': ['max_conf', 'entropy']} [took 23.101s]
04/01/24 17:24:09| DEBUG       [size=14,place=2] best score = 0.01094007; best param = {'quantifier__classifier__C': 10.0, 'quantifier__classifier__class_weight': 'balanced', 'quantifier__classifier__gamma': 43.907857117816256, 'quantifier__recalib': 'bcts', 'confidence': ['max_conf', 'entropy']} [took 23.102s]
04/01/24 17:24:39| DEBUG       [size=15,place=1] best score = 0.00957236; best param = {'quantifier__classifier__C': 0.1, 'quantifier__classifier__class_weight': 'balanced', 'quantifier__classifier__gamma': 43.907857117816256, 'quantifier__recalib': 'bcts', 'confidence': ['max_conf', 'entropy']} [took 29.553s]
04/01/24 17:24:39| DEBUG       [size=15,place=2] best score = 0.01081882; best param = {'quantifier__classifier__C': 10.0, 'quantifier__classifier__class_weight': 'balanced', 'quantifier__classifier__gamma': 4.390785711781626, 'quantifier__recalib': 'bcts', 'confidence': ['isoft']} [took 29.554s]
04/01/24 17:25:08| DEBUG       [size=15,place=1] best score = 0.00962677; best param = {'quantifier__classifier__C': 0.1, 'quantifier__classifier__class_weight': 'balanced', 'quantifier__classifier__gamma': 43.907857117816256, 'quantifier__recalib': 'bcts', 'confidence': ['isoft']} [took 28.992s]
04/01/24 17:25:08| DEBUG       [size=15,place=2] best score = 0.01160849; best param = {'quantifier__classifier__C': 1.0, 'quantifier__classifier__class_weight': 'balanced', 'quantifier__classifier__gamma': 4.390785711781626, 'quantifier__recalib': 'bcts', 'confidence': ['isoft']} [took 28.993s]
04/01/24 17:25:08| DEBUG       [MultiClassAccuracyEstimator] optimization finished: best params {'quantifier__classifier__C': 0.1, 'quantifier__classifier__class_weight': 'balanced', 'quantifier__classifier__gamma': 43.907857117816256, 'quantifier__recalib': 'bcts', 'confidence': ['max_conf', 'entropy']} (score=0.00957) [took 200.2004s]
04/01/24 17:28:16| INFO        d_mul_sld_rbf_gs finished [took 388.5255s]
04/01/24 17:28:34| DEBUG       [size=11,place=1] best score = 0.01051589; best param = {'quantifier__classifier__C': 0.001, 'quantifier__classifier__class_weight': None, 'quantifier__classifier__gamma': 43.907857117816256, 'quantifier__recalib': 'bcts', 'confidence': None} [took 16.465s]
04/01/24 17:28:34| DEBUG       [size=11,place=2] best score = 0.01428668; best param = {'quantifier__classifier__C': 10.0, 'quantifier__classifier__class_weight': None, 'quantifier__classifier__gamma': 43.907857117816256, 'quantifier__recalib': 'bcts', 'confidence': ['max_conf', 'entropy']} [took 16.465s]
04/01/24 17:29:37| DEBUG       [size=26,place=1] best score = 0.00952655; best param = {'quantifier__classifier__C': 0.001, 'quantifier__classifier__class_weight': None, 'quantifier__classifier__gamma': 439.0785711781626, 'quantifier__recalib': 'bcts', 'confidence': None} [took 63.590s]
04/01/24 17:29:37| DEBUG       [size=26,place=2] best score = 0.00988233; best param = {'quantifier__classifier__C': 10.0, 'quantifier__classifier__class_weight': None, 'quantifier__classifier__gamma': 439.0785711781626, 'quantifier__recalib': 'bcts', 'confidence': ['max_conf', 'entropy']} [took 63.591s]
04/01/24 17:30:52| DEBUG       [size=18,place=1] best score = 0.00898908; best param = {'quantifier__classifier__C': 1000.0, 'quantifier__classifier__class_weight': None, 'quantifier__classifier__gamma': 439.0785711781626, 'quantifier__recalib': 'bcts', 'confidence': ['max_conf', 'entropy']} [took 74.563s]
04/01/24 17:30:52| DEBUG       [size=18,place=2] best score = 0.00943667; best param = {'quantifier__classifier__C': 0.001, 'quantifier__classifier__class_weight': None, 'quantifier__classifier__gamma': 439.0785711781626, 'quantifier__recalib': 'bcts', 'confidence': ['max_conf', 'entropy']} [took 74.564s]
04/01/24 17:31:40| DEBUG       [size=11,place=1] best score = 0.01219180; best param = {'quantifier__classifier__C': 0.001, 'quantifier__classifier__class_weight': 'balanced', 'quantifier__classifier__gamma': 439.0785711781626, 'quantifier__recalib': 'bcts', 'confidence': ['max_conf', 'entropy']} [took 48.128s]
04/01/24 17:31:40| DEBUG       [size=11,place=2] best score = 0.01252993; best param = {'quantifier__classifier__C': 0.001, 'quantifier__classifier__class_weight': None, 'quantifier__classifier__gamma': 4.390785711781626, 'quantifier__recalib': 'bcts', 'confidence': ['max_conf', 'entropy']} [took 48.129s]
04/01/24 17:31:40| DEBUG       [MultiClassAccuracyEstimator] optimization finished: best params {'quantifier__classifier__C': 1000.0, 'quantifier__classifier__class_weight': None, 'quantifier__classifier__gamma': 439.0785711781626, 'quantifier__recalib': 'bcts', 'confidence': ['max_conf', 'entropy']} (score=0.00899) [took 202.7613s]
04/01/24 17:33:45| INFO        d_m3w_sld_rbf_gs finished [took 328.0908s]
04/01/24 17:33:45| INFO     Dataset sample [0.4 0.6] of dataset rcv1_MCAT finished [took 1318.1846s]
04/01/24 17:33:45| INFO     Dataset sample [0.5 0.5] of dataset rcv1_MCAT started
04/01/24 17:37:19| INFO        d_m3w_sld_rbf finished [took 211.0267s]
04/01/24 17:37:35| INFO        d_bin_sld_rbf finished [took 227.0418s]
04/01/24 17:37:35| INFO        d_bin_sld_rbf_ne finished [took 227.3054s]
04/01/24 17:37:36| INFO        d_m3w_sld_rbf_mc finished [took 227.8558s]
04/01/24 17:37:52| INFO        d_m3w_sld_rbf_c finished [took 244.2201s]
04/01/24 17:38:10| INFO        d_mul_sld_rbf_mc finished [took 262.7210s]
04/01/24 17:38:23| INFO        d_mul_sld_rbf finished [took 275.2777s]
04/01/24 17:38:31| INFO        d_mul_sld_rbf_c finished [took 283.5451s]
04/01/24 17:38:36| INFO        d_mul_sld_rbf_ne finished [took 287.7745s]
04/01/24 17:39:15| INFO        ref finished [took 82.5071s]
04/01/24 17:39:30| INFO        atc_mc finished [took 78.5439s]
04/01/24 17:39:35| INFO        d_bin_sld_rbf_mc finished [took 348.4374s]
04/01/24 17:39:45| INFO        d_bin_sld_rbf_c finished [took 357.1813s]
04/01/24 17:39:51| INFO        doc finished [took 86.8950s]
04/01/24 17:40:04| INFO        d_m3w_sld_rbf_is finished [took 147.7626s]
04/01/24 17:40:11| INFO        d_m3w_sld_rbf_ne finished [took 171.8619s]
04/01/24 17:40:48| INFO        d_mul_sld_rbf_is finished [took 191.9057s]
04/01/24 17:40:57| INFO        d_bin_sld_rbf_is finished [took 202.0489s]
04/01/24 17:41:14| DEBUG       [size=11,place=1] best score = 0.00961308; best param = {'quantifier__classifier__C': 100.0, 'quantifier__classifier__class_weight': 'balanced', 'quantifier__classifier__gamma': 0.44749702176267603, 'quantifier__recalib': 'bcts', 'confidence': ['max_conf', 'entropy']} [took 15.770s]
04/01/24 17:41:14| DEBUG       [size=11,place=2] best score = 0.02736527; best param = {'quantifier__classifier__C': 10.0, 'quantifier__classifier__class_weight': None, 'quantifier__classifier__gamma': 44.749702176267604, 'quantifier__recalib': 'bcts', 'confidence': ['max_conf', 'entropy']} [took 15.770s]
04/01/24 17:42:02| DEBUG       [size=28,place=1] best score = 0.00801541; best param = {'quantifier__classifier__C': 100.0, 'quantifier__classifier__class_weight': 'balanced', 'quantifier__classifier__gamma': 0.0447497021762676, 'quantifier__recalib': 'bcts', 'confidence': ['max_conf', 'entropy']} [took 47.380s]
04/01/24 17:42:02| DEBUG       [size=28,place=2] best score = 0.00843366; best param = {'quantifier__classifier__C': 1.0, 'quantifier__classifier__class_weight': 'balanced', 'quantifier__classifier__gamma': 0.44749702176267603, 'quantifier__recalib': 'bcts', 'confidence': ['max_conf', 'entropy']} [took 47.381s]
04/01/24 17:42:24| DEBUG       [size=17,place=1] best score = 0.00797147; best param = {'quantifier__classifier__C': 100.0, 'quantifier__classifier__class_weight': 'balanced', 'quantifier__classifier__gamma': 0.0447497021762676, 'quantifier__recalib': 'bcts', 'confidence': ['isoft']} [took 22.745s]
04/01/24 17:42:24| DEBUG       [size=17,place=2] best score = 0.00851595; best param = {'quantifier__classifier__C': 100.0, 'quantifier__classifier__class_weight': 'balanced', 'quantifier__classifier__gamma': 0.0447497021762676, 'quantifier__recalib': None, 'confidence': ['max_conf', 'entropy']} [took 22.745s]
04/01/24 17:42:47| DEBUG       [size=22,place=1] best score = 0.00861999; best param = {'quantifier__classifier__C': 1000.0, 'quantifier__classifier__class_weight': 'balanced', 'quantifier__classifier__gamma': 0.0447497021762676, 'quantifier__recalib': 'bcts', 'confidence': ['isoft']} [took 23.032s]
04/01/24 17:42:47| DEBUG       [size=22,place=2] best score = 0.00876811; best param = {'quantifier__classifier__C': 100.0, 'quantifier__classifier__class_weight': 'balanced', 'quantifier__classifier__gamma': 0.0447497021762676, 'quantifier__recalib': None, 'confidence': ['isoft']} [took 23.033s]
04/01/24 17:42:47| DEBUG       [BinaryQuantifierAccuracyEstimator] optimization finished: best params {'quantifier__classifier__C': 100.0, 'quantifier__classifier__class_weight': 'balanced', 'quantifier__classifier__gamma': 0.0447497021762676, 'quantifier__recalib': 'bcts', 'confidence': ['isoft']} (score=0.00797) [took 109.0459s]
04/01/24 17:44:34| INFO        d_bin_sld_rbf_gs finished [took 215.2872s]
04/01/24 17:44:53| DEBUG       [size=11,place=1] best score = 0.00972414; best param = {'quantifier__classifier__C': 100.0, 'quantifier__classifier__class_weight': 'balanced', 'quantifier__classifier__gamma': 0.44749702176267603, 'quantifier__recalib': 'bcts', 'confidence': ['max_conf', 'entropy']} [took 18.580s]
04/01/24 17:44:53| DEBUG       [size=11,place=2] best score = 0.02399336; best param = {'quantifier__classifier__C': 0.001, 'quantifier__classifier__class_weight': None, 'quantifier__classifier__gamma': 0.44749702176267603, 'quantifier__recalib': 'bcts', 'confidence': ['isoft']} [took 18.581s]
04/01/24 17:45:51| DEBUG       [size=28,place=1] best score = 0.00765141; best param = {'quantifier__classifier__C': 1.0, 'quantifier__classifier__class_weight': 'balanced', 'quantifier__classifier__gamma': 0.44749702176267603, 'quantifier__recalib': 'bcts', 'confidence': ['max_conf', 'entropy']} [took 57.401s]
04/01/24 17:45:51| DEBUG       [size=28,place=2] best score = 0.00771520; best param = {'quantifier__classifier__C': 100.0, 'quantifier__classifier__class_weight': 'balanced', 'quantifier__classifier__gamma': 0.0447497021762676, 'quantifier__recalib': 'bcts', 'confidence': ['max_conf', 'entropy']} [took 57.401s]
04/01/24 17:46:24| DEBUG       [size=17,place=1] best score = 0.00774165; best param = {'quantifier__classifier__C': 100.0, 'quantifier__classifier__class_weight': 'balanced', 'quantifier__classifier__gamma': 0.0447497021762676, 'quantifier__recalib': 'bcts', 'confidence': ['isoft']} [took 33.801s]
04/01/24 17:46:24| DEBUG       [size=17,place=2] best score = 0.00775783; best param = {'quantifier__classifier__C': 10.0, 'quantifier__classifier__class_weight': 'balanced', 'quantifier__classifier__gamma': 0.0447497021762676, 'quantifier__recalib': 'bcts', 'confidence': ['max_conf', 'entropy']} [took 33.801s]
04/01/24 17:46:24| DEBUG       [MultiClassAccuracyEstimator] optimization finished: best params {'quantifier__classifier__C': 1.0, 'quantifier__classifier__class_weight': 'balanced', 'quantifier__classifier__gamma': 0.44749702176267603, 'quantifier__recalib': 'bcts', 'confidence': ['max_conf', 'entropy']} (score=0.00765) [took 109.8960s]
04/01/24 17:49:10| INFO        d_mul_sld_rbf_gs finished [took 275.3187s]
04/01/24 17:49:28| DEBUG       [size=11,place=1] best score = 0.00943379; best param = {'quantifier__classifier__C': 100.0, 'quantifier__classifier__class_weight': None, 'quantifier__classifier__gamma': 0.0447497021762676, 'quantifier__recalib': 'bcts', 'confidence': None} [took 17.050s]
04/01/24 17:49:28| DEBUG       [size=11,place=2] best score = 0.01083687; best param = {'quantifier__classifier__C': 1.0, 'quantifier__classifier__class_weight': None, 'quantifier__classifier__gamma': 0.44749702176267603, 'quantifier__recalib': None, 'confidence': None} [took 17.051s]
04/01/24 17:49:53| DEBUG       [size=28,place=1] best score = 0.00885859; best param = {'quantifier__classifier__C': 10.0, 'quantifier__classifier__class_weight': None, 'quantifier__classifier__gamma': 0.0447497021762676, 'quantifier__recalib': 'bcts', 'confidence': None} [took 25.656s]
04/01/24 17:49:53| DEBUG       [size=28,place=2] best score = 0.00893802; best param = {'quantifier__classifier__C': 1.0, 'quantifier__classifier__class_weight': None, 'quantifier__classifier__gamma': 0.44749702176267603, 'quantifier__recalib': 'bcts', 'confidence': None} [took 25.656s]
04/01/24 17:50:15| DEBUG       [size=18,place=1] best score = 0.00897335; best param = {'quantifier__classifier__C': 1.0, 'quantifier__classifier__class_weight': 'balanced', 'quantifier__classifier__gamma': 0.44749702176267603, 'quantifier__recalib': 'bcts', 'confidence': None} [took 21.415s]
04/01/24 17:50:15| DEBUG       [size=18,place=2] best score = 0.00898251; best param = {'quantifier__classifier__C': 10.0, 'quantifier__classifier__class_weight': None, 'quantifier__classifier__gamma': 0.44749702176267603, 'quantifier__recalib': 'bcts', 'confidence': None} [took 21.416s]
04/01/24 17:50:15| DEBUG       [MultiClassAccuracyEstimator] optimization finished: best params {'quantifier__classifier__C': 10.0, 'quantifier__classifier__class_weight': None, 'quantifier__classifier__gamma': 0.0447497021762676, 'quantifier__recalib': 'bcts', 'confidence': None} (score=0.00886) [took 64.2344s]
04/01/24 17:51:38| INFO        d_m3w_sld_rbf_gs finished [took 147.2479s]
04/01/24 17:51:38| INFO     Dataset sample [0.5 0.5] of dataset rcv1_MCAT finished [took 1072.7900s]
04/01/24 17:51:38| INFO     Dataset sample [0.6 0.4] of dataset rcv1_MCAT started
04/01/24 17:54:56| INFO        d_m3w_sld_rbf_c finished [took 196.0924s]
04/01/24 17:55:12| INFO        d_bin_sld_rbf_mc finished [took 211.8805s]
04/01/24 17:55:13| INFO        d_bin_sld_rbf finished [took 213.4383s]
04/01/24 17:55:14| INFO        d_mul_sld_rbf finished [took 214.5443s]
04/01/24 17:55:20| INFO        d_bin_sld_rbf_c finished [took 220.3302s]
04/01/24 17:55:26| INFO        d_m3w_sld_rbf finished [took 226.3786s]
04/01/24 17:55:41| INFO        d_m3w_sld_rbf_mc finished [took 241.7036s]
04/01/24 17:56:03| INFO        d_mul_sld_rbf_ne finished [took 263.7080s]
04/01/24 17:56:21| INFO        d_mul_sld_rbf_c finished [took 281.9436s]
04/01/24 17:56:22| INFO        d_mul_sld_rbf_mc finished [took 282.4380s]
04/01/24 17:56:49| INFO        ref finished [took 88.6186s]
04/01/24 17:57:05| INFO        atc_mc finished [took 98.4208s]
04/01/24 17:57:15| INFO        doc finished [took 93.0668s]
04/01/24 17:57:18| INFO        d_bin_sld_rbf_is finished [took 125.8277s]
04/01/24 17:57:21| INFO        d_m3w_sld_rbf_ne finished [took 144.6802s]
04/01/24 17:57:43| INFO        d_m3w_sld_rbf_is finished [took 148.4988s]
04/01/24 17:58:03| INFO        d_bin_sld_rbf_ne finished [took 383.4559s]
04/01/24 17:58:16| INFO        d_mul_sld_rbf_is finished [took 182.4417s]
04/01/24 17:58:27| DEBUG       [size=11,place=1] best score = 0.01106664; best param = {'quantifier__classifier__C': 0.1, 'quantifier__classifier__class_weight': 'balanced', 'quantifier__classifier__gamma': 437.0824772847713, 'quantifier__recalib': None, 'confidence': ['isoft']} [took 10.301s]
04/01/24 17:58:27| DEBUG       [size=11,place=2] best score = 0.01127388; best param = {'quantifier__classifier__C': 100.0, 'quantifier__classifier__class_weight': 'balanced', 'quantifier__classifier__gamma': 0.4370824772847713, 'quantifier__recalib': 'bcts', 'confidence': ['max_conf', 'entropy']} [took 10.301s]
04/01/24 17:58:52| DEBUG       [size=28,place=1] best score = 0.00737811; best param = {'quantifier__classifier__C': 0.1, 'quantifier__classifier__class_weight': 'balanced', 'quantifier__classifier__gamma': 0.4370824772847713, 'quantifier__recalib': None, 'confidence': ['isoft']} [took 25.780s]
04/01/24 17:58:52| DEBUG       [size=28,place=2] best score = 0.00766650; best param = {'quantifier__classifier__C': 100.0, 'quantifier__classifier__class_weight': 'balanced', 'quantifier__classifier__gamma': 0.4370824772847713, 'quantifier__recalib': 'bcts', 'confidence': None} [took 25.780s]
04/01/24 17:59:14| DEBUG       [size=22,place=1] best score = 0.00734912; best param = {'quantifier__classifier__C': 0.1, 'quantifier__classifier__class_weight': 'balanced', 'quantifier__classifier__gamma': 0.4370824772847713, 'quantifier__recalib': 'bcts', 'confidence': ['isoft']} [took 21.857s]
04/01/24 17:59:14| DEBUG       [size=22,place=2] best score = 0.00765833; best param = {'quantifier__classifier__C': 100.0, 'quantifier__classifier__class_weight': 'balanced', 'quantifier__classifier__gamma': 0.4370824772847713, 'quantifier__recalib': None, 'confidence': None} [took 21.858s]
04/01/24 17:59:30| DEBUG       [size=18,place=1] best score = 0.00786593; best param = {'quantifier__classifier__C': 10.0, 'quantifier__classifier__class_weight': 'balanced', 'quantifier__classifier__gamma': 0.4370824772847713, 'quantifier__recalib': 'bcts', 'confidence': ['isoft']} [took 16.131s]
04/01/24 17:59:30| DEBUG       [size=18,place=2] best score = 0.00835903; best param = {'quantifier__classifier__C': 1.0, 'quantifier__classifier__class_weight': 'balanced', 'quantifier__classifier__gamma': 0.4370824772847713, 'quantifier__recalib': None, 'confidence': None} [took 16.132s]
04/01/24 17:59:30| DEBUG       [BinaryQuantifierAccuracyEstimator] optimization finished: best params {'quantifier__classifier__C': 0.1, 'quantifier__classifier__class_weight': 'balanced', 'quantifier__classifier__gamma': 0.4370824772847713, 'quantifier__recalib': 'bcts', 'confidence': ['isoft']} (score=0.00735) [took 74.1827s]
04/01/24 18:01:23| INFO        d_bin_sld_rbf_gs finished [took 186.7590s]
04/01/24 18:01:42| DEBUG       [size=11,place=1] best score = 0.00854867; best param = {'quantifier__classifier__C': 100.0, 'quantifier__classifier__class_weight': 'balanced', 'quantifier__classifier__gamma': 0.4370824772847713, 'quantifier__recalib': 'bcts', 'confidence': ['max_conf', 'entropy']} [took 18.702s]
04/01/24 18:01:42| DEBUG       [size=11,place=2] best score = 0.00895910; best param = {'quantifier__classifier__C': 10.0, 'quantifier__classifier__class_weight': None, 'quantifier__classifier__gamma': 43.708247728477126, 'quantifier__recalib': 'bcts', 'confidence': ['max_conf', 'entropy']} [took 18.703s]
04/01/24 18:02:32| DEBUG       [size=28,place=1] best score = 0.00676099; best param = {'quantifier__classifier__C': 100.0, 'quantifier__classifier__class_weight': 'balanced', 'quantifier__classifier__gamma': 0.4370824772847713, 'quantifier__recalib': 'bcts', 'confidence': None} [took 49.602s]
04/01/24 18:02:32| DEBUG       [size=28,place=2] best score = 0.00769322; best param = {'quantifier__classifier__C': 10.0, 'quantifier__classifier__class_weight': None, 'quantifier__classifier__gamma': 437.0824772847713, 'quantifier__recalib': 'bcts', 'confidence': ['max_conf', 'entropy']} [took 49.603s]
04/01/24 18:03:41| DEBUG       [size=22,place=1] best score = 0.00753704; best param = {'quantifier__classifier__C': 10.0, 'quantifier__classifier__class_weight': None, 'quantifier__classifier__gamma': 437.0824772847713, 'quantifier__recalib': 'bcts', 'confidence': ['isoft']} [took 69.044s]
04/01/24 18:03:41| DEBUG       [size=22,place=2] best score = 0.00757925; best param = {'quantifier__classifier__C': 0.1, 'quantifier__classifier__class_weight': 'balanced', 'quantifier__classifier__gamma': 0.4370824772847713, 'quantifier__recalib': 'bcts', 'confidence': None} [took 69.044s]
04/01/24 18:03:41| DEBUG       [MultiClassAccuracyEstimator] optimization finished: best params {'quantifier__classifier__C': 100.0, 'quantifier__classifier__class_weight': 'balanced', 'quantifier__classifier__gamma': 0.4370824772847713, 'quantifier__recalib': 'bcts', 'confidence': None} (score=0.00676) [took 137.3584s]
04/01/24 18:05:58| INFO        d_mul_sld_rbf_gs finished [took 274.8533s]
04/01/24 18:06:14| DEBUG       [size=11,place=1] best score = 0.00788461; best param = {'quantifier__classifier__C': 0.1, 'quantifier__classifier__class_weight': None, 'quantifier__classifier__gamma': 0.04370824772847713, 'quantifier__recalib': 'bcts', 'confidence': ['isoft']} [took 15.172s]
04/01/24 18:06:14| DEBUG       [size=11,place=2] best score = 0.00796189; best param = {'quantifier__classifier__C': 0.001, 'quantifier__classifier__class_weight': None, 'quantifier__classifier__gamma': 43.708247728477126, 'quantifier__recalib': 'bcts', 'confidence': None} [took 15.173s]
04/01/24 18:07:03| DEBUG       [size=28,place=1] best score = 0.00718805; best param = {'quantifier__classifier__C': 0.01, 'quantifier__classifier__class_weight': None, 'quantifier__classifier__gamma': 0.04370824772847713, 'quantifier__recalib': 'bcts', 'confidence': ['isoft']} [took 48.649s]
04/01/24 18:07:03| DEBUG       [size=28,place=2] best score = 0.00756333; best param = {'quantifier__classifier__C': 1.0, 'quantifier__classifier__class_weight': None, 'quantifier__classifier__gamma': 0.04370824772847713, 'quantifier__recalib': 'bcts', 'confidence': ['isoft']} [took 48.650s]
04/01/24 18:07:28| DEBUG       [size=16,place=1] best score = 0.00718633; best param = {'quantifier__classifier__C': 0.01, 'quantifier__classifier__class_weight': None, 'quantifier__classifier__gamma': 4.370824772847713, 'quantifier__recalib': 'bcts', 'confidence': ['isoft']} [took 25.641s]
04/01/24 18:07:28| DEBUG       [size=16,place=2] best score = 0.00746508; best param = {'quantifier__classifier__C': 0.01, 'quantifier__classifier__class_weight': None, 'quantifier__classifier__gamma': 0.04370824772847713, 'quantifier__recalib': 'bcts', 'confidence': ['max_conf', 'entropy']} [took 25.642s]
04/01/24 18:07:58| DEBUG       [size=17,place=1] best score = 0.00770910; best param = {'quantifier__classifier__C': 0.01, 'quantifier__classifier__class_weight': None, 'quantifier__classifier__gamma': 437.0824772847713, 'quantifier__recalib': 'bcts', 'confidence': ['max_conf', 'entropy']} [took 29.459s]
04/01/24 18:07:58| DEBUG       [size=17,place=2] best score = 0.00799554; best param = {'quantifier__classifier__C': 0.01, 'quantifier__classifier__class_weight': 'balanced', 'quantifier__classifier__gamma': 4.370824772847713, 'quantifier__recalib': 'bcts', 'confidence': ['isoft']} [took 29.459s]
04/01/24 18:07:58| DEBUG       [MultiClassAccuracyEstimator] optimization finished: best params {'quantifier__classifier__C': 0.01, 'quantifier__classifier__class_weight': None, 'quantifier__classifier__gamma': 4.370824772847713, 'quantifier__recalib': 'bcts', 'confidence': ['isoft']} (score=0.00719) [took 118.9440s]
04/01/24 18:10:14| INFO        d_m3w_sld_rbf_gs finished [took 254.8730s]
04/01/24 18:10:14| INFO     Dataset sample [0.6 0.4] of dataset rcv1_MCAT finished [took 1115.7052s]
04/01/24 18:10:14| INFO     Dataset sample [0.7 0.3] of dataset rcv1_MCAT started
04/01/24 18:13:25| INFO        d_bin_sld_rbf finished [took 188.5048s]
04/01/24 18:13:49| INFO        d_m3w_sld_rbf_c finished [took 213.2110s]
04/01/24 18:13:53| INFO        d_bin_sld_rbf_mc finished [took 216.2726s]
04/01/24 18:13:55| INFO        d_m3w_sld_rbf finished [took 220.0591s]
04/01/24 18:14:11| INFO        d_mul_sld_rbf_ne finished [took 234.3845s]
04/01/24 18:14:11| INFO        d_bin_sld_rbf_ne finished [took 234.6360s]
04/01/24 18:14:13| INFO        d_bin_sld_rbf_c finished [took 236.6620s]
04/01/24 18:14:15| INFO        d_m3w_sld_rbf_mc finished [took 239.0267s]
04/01/24 18:14:35| INFO        d_mul_sld_rbf_mc finished [took 258.2791s]
04/01/24 18:14:44| INFO        d_mul_sld_rbf_c finished [took 267.8999s]
04/01/24 18:15:19| INFO        d_mul_sld_rbf finished [took 303.3047s]
04/01/24 18:15:26| INFO        ref finished [took 74.6551s]
04/01/24 18:15:47| INFO        doc finished [took 93.6984s]
04/01/24 18:15:48| INFO        atc_mc finished [took 96.1770s]
04/01/24 18:16:12| INFO        d_m3w_sld_rbf_ne finished [took 166.6003s]
04/01/24 18:16:14| INFO        d_m3w_sld_rbf_is finished [took 137.5760s]
04/01/24 18:16:16| INFO        d_bin_sld_rbf_is finished [took 145.9688s]
04/01/24 18:16:40| INFO        d_mul_sld_rbf_is finished [took 166.4200s]
04/01/24 18:16:50| DEBUG       [size=11,place=1] best score = 0.00861260; best param = {'quantifier__classifier__C': 0.001, 'quantifier__classifier__class_weight': None, 'quantifier__classifier__gamma': 0.38622025859471776, 'quantifier__recalib': 'bcts', 'confidence': ['isoft']} [took 9.758s]
04/01/24 18:16:50| DEBUG       [size=11,place=2] best score = 0.01169786; best param = {'quantifier__classifier__C': 0.001, 'quantifier__classifier__class_weight': None, 'quantifier__classifier__gamma': 38.622025859471776, 'quantifier__recalib': 'bcts', 'confidence': None} [took 9.759s]
04/01/24 18:17:44| DEBUG       [size=26,place=1] best score = 0.00789145; best param = {'quantifier__classifier__C': 0.001, 'quantifier__classifier__class_weight': None, 'quantifier__classifier__gamma': 0.038622025859471776, 'quantifier__recalib': 'bcts', 'confidence': None} [took 53.071s]
04/01/24 18:17:44| DEBUG       [size=26,place=2] best score = 0.01200790; best param = {'quantifier__classifier__C': 0.001, 'quantifier__classifier__class_weight': None, 'quantifier__classifier__gamma': 38.622025859471776, 'quantifier__recalib': 'bcts', 'confidence': ['max_conf', 'entropy']} [took 53.072s]
04/01/24 18:18:58| DEBUG       [size=17,place=1] best score = 0.01191064; best param = {'quantifier__classifier__C': 0.01, 'quantifier__classifier__class_weight': None, 'quantifier__classifier__gamma': 38.622025859471776, 'quantifier__recalib': 'bcts', 'confidence': ['max_conf', 'entropy']} [took 74.764s]
04/01/24 18:18:58| DEBUG       [size=17,place=2] best score = 0.01205051; best param = {'quantifier__classifier__C': 0.001, 'quantifier__classifier__class_weight': None, 'quantifier__classifier__gamma': 3.8622025859471774, 'quantifier__recalib': 'bcts', 'confidence': ['max_conf', 'entropy']} [took 74.765s]
04/01/24 18:18:58| DEBUG       [BinaryQuantifierAccuracyEstimator] optimization finished: best params {'quantifier__classifier__C': 0.001, 'quantifier__classifier__class_weight': None, 'quantifier__classifier__gamma': 0.038622025859471776, 'quantifier__recalib': 'bcts', 'confidence': None} (score=0.00789) [took 137.7041s]
04/01/24 18:20:17| INFO        d_bin_sld_rbf_gs finished [took 215.9228s]
04/01/24 18:20:35| DEBUG       [size=11,place=1] best score = 0.00926977; best param = {'quantifier__classifier__C': 100.0, 'quantifier__classifier__class_weight': None, 'quantifier__classifier__gamma': 0.038622025859471776, 'quantifier__recalib': 'bcts', 'confidence': None} [took 17.382s]
04/01/24 18:20:35| DEBUG       [size=11,place=2] best score = 0.01130126; best param = {'quantifier__classifier__C': 0.001, 'quantifier__classifier__class_weight': None, 'quantifier__classifier__gamma': 0.38622025859471776, 'quantifier__recalib': 'bcts', 'confidence': ['isoft']} [took 17.383s]
04/01/24 18:21:19| DEBUG       [size=28,place=1] best score = 0.00900250; best param = {'quantifier__classifier__C': 1.0, 'quantifier__classifier__class_weight': None, 'quantifier__classifier__gamma': 0.038622025859471776, 'quantifier__recalib': 'bcts', 'confidence': None} [took 44.215s]
04/01/24 18:21:19| DEBUG       [size=28,place=2] best score = 0.00949465; best param = {'quantifier__classifier__C': 100.0, 'quantifier__classifier__class_weight': 'balanced', 'quantifier__classifier__gamma': 0.038622025859471776, 'quantifier__recalib': 'bcts', 'confidence': None} [took 44.215s]
04/01/24 18:21:57| DEBUG       [size=20,place=1] best score = 0.00916906; best param = {'quantifier__classifier__C': 100.0, 'quantifier__classifier__class_weight': 'balanced', 'quantifier__classifier__gamma': 0.038622025859471776, 'quantifier__recalib': 'bcts', 'confidence': ['isoft']} [took 38.283s]
04/01/24 18:21:57| DEBUG       [size=20,place=2] best score = 0.00943048; best param = {'quantifier__classifier__C': 100.0, 'quantifier__classifier__class_weight': 'balanced', 'quantifier__classifier__gamma': 0.038622025859471776, 'quantifier__recalib': 'bcts', 'confidence': ['max_conf', 'entropy']} [took 38.284s]
04/01/24 18:21:57| DEBUG       [MultiClassAccuracyEstimator] optimization finished: best params {'quantifier__classifier__C': 1.0, 'quantifier__classifier__class_weight': None, 'quantifier__classifier__gamma': 0.038622025859471776, 'quantifier__recalib': 'bcts', 'confidence': None} (score=0.00900) [took 99.9972s]
04/01/24 18:23:36| INFO        d_mul_sld_rbf_gs finished [took 199.2584s]
04/01/24 18:23:54| DEBUG       [size=11,place=1] best score = 0.00924001; best param = {'quantifier__classifier__C': 100.0, 'quantifier__classifier__class_weight': 'balanced', 'quantifier__classifier__gamma': 0.38622025859471776, 'quantifier__recalib': 'bcts', 'confidence': ['max_conf', 'entropy']} [took 16.715s]
04/01/24 18:23:54| DEBUG       [size=11,place=2] best score = 0.01008753; best param = {'quantifier__classifier__C': 0.001, 'quantifier__classifier__class_weight': None, 'quantifier__classifier__gamma': 38.622025859471776, 'quantifier__recalib': 'bcts', 'confidence': None} [took 16.716s]
04/01/24 18:24:54| DEBUG       [size=28,place=1] best score = 0.00953989; best param = {'quantifier__classifier__C': 1000.0, 'quantifier__classifier__class_weight': 'balanced', 'quantifier__classifier__gamma': 0.38622025859471776, 'quantifier__recalib': 'bcts', 'confidence': ['max_conf', 'entropy']} [took 59.886s]
04/01/24 18:24:54| DEBUG       [size=28,place=2] best score = 0.00971457; best param = {'quantifier__classifier__C': 0.001, 'quantifier__classifier__class_weight': None, 'quantifier__classifier__gamma': 38.622025859471776, 'quantifier__recalib': 'bcts', 'confidence': ['max_conf', 'entropy']} [took 59.886s]
04/01/24 18:24:54| DEBUG       [MultiClassAccuracyEstimator] optimization finished: best params {'quantifier__classifier__C': 100.0, 'quantifier__classifier__class_weight': 'balanced', 'quantifier__classifier__gamma': 0.38622025859471776, 'quantifier__recalib': 'bcts', 'confidence': ['max_conf', 'entropy']} (score=0.00924) [took 76.7117s]
04/01/24 18:26:40| INFO        d_m3w_sld_rbf_gs finished [took 182.8930s]
04/01/24 18:26:40| INFO     Dataset sample [0.7 0.3] of dataset rcv1_MCAT finished [took 986.4656s]
04/01/24 18:26:40| INFO     Dataset sample [0.8 0.2] of dataset rcv1_MCAT started
04/01/24 18:30:22| INFO        d_m3w_sld_rbf finished [took 219.1201s]
04/01/24 18:30:30| INFO        d_mul_sld_rbf_c finished [took 226.6135s]
04/01/24 18:30:38| INFO        d_m3w_sld_rbf_c finished [took 235.7981s]
04/01/24 18:30:40| INFO        d_bin_sld_rbf_c finished [took 236.6344s]
04/01/24 18:30:40| INFO        d_m3w_sld_rbf_mc finished [took 237.3110s]
04/01/24 18:30:47| INFO        d_bin_sld_rbf_ne finished [took 243.8164s]
04/01/24 18:31:14| INFO        d_mul_sld_rbf finished [took 270.9127s]
04/01/24 18:31:16| INFO        d_mul_sld_rbf_mc finished [took 273.4045s]
04/01/24 18:31:21| INFO        d_mul_sld_rbf_ne finished [took 278.0461s]
04/01/24 18:32:03| INFO        ref finished [took 81.9814s]
04/01/24 18:32:06| INFO        d_bin_sld_rbf finished [took 322.7817s]
04/01/24 18:32:25| INFO        doc finished [took 69.8393s]
04/01/24 18:32:30| INFO        atc_mc finished [took 102.3547s]
04/01/24 18:32:37| INFO        d_bin_sld_rbf_is finished [took 126.7343s]
04/01/24 18:33:16| INFO        d_m3w_sld_rbf_ne finished [took 172.6686s]
04/01/24 18:33:22| INFO        d_m3w_sld_rbf_is finished [took 161.0340s]
04/01/24 18:33:51| INFO        d_mul_sld_rbf_is finished [took 191.4741s]
04/01/24 18:33:56| INFO        d_bin_sld_rbf_mc finished [took 433.7590s]
04/01/24 18:34:09| DEBUG       [size=11,place=1] best score = 0.02624517; best param = {'quantifier__classifier__C': 1.0, 'quantifier__classifier__class_weight': None, 'quantifier__classifier__gamma': 0.33334502397336124, 'quantifier__recalib': None, 'confidence': None} [took 11.455s]
04/01/24 18:34:09| DEBUG       [size=11,place=2] best score = 0.02839635; best param = {'quantifier__classifier__C': 0.1, 'quantifier__classifier__class_weight': None, 'quantifier__classifier__gamma': 3.333450239733612, 'quantifier__recalib': None, 'confidence': None} [took 11.456s]
04/01/24 18:34:30| DEBUG       [size=26,place=1] best score = 0.01037448; best param = {'quantifier__classifier__C': 0.001, 'quantifier__classifier__class_weight': None, 'quantifier__classifier__gamma': 0.33334502397336124, 'quantifier__recalib': None, 'confidence': None} [took 21.188s]
04/01/24 18:34:30| DEBUG       [size=26,place=2] best score = 0.02578820; best param = {'quantifier__classifier__C': 10.0, 'quantifier__classifier__class_weight': None, 'quantifier__classifier__gamma': 0.33334502397336124, 'quantifier__recalib': None, 'confidence': None} [took 21.188s]
04/01/24 18:34:42| DEBUG       [size=14,place=1] best score = 0.02442257; best param = {'quantifier__classifier__C': 10.0, 'quantifier__classifier__class_weight': None, 'quantifier__classifier__gamma': 0.033334502397336124, 'quantifier__recalib': None, 'confidence': None} [took 11.615s]
04/01/24 18:34:42| DEBUG       [size=14,place=2] best score = 0.02977048; best param = {'quantifier__classifier__C': 0.001, 'quantifier__classifier__class_weight': None, 'quantifier__classifier__gamma': 0.33334502397336124, 'quantifier__recalib': None, 'confidence': ['isoft']} [took 11.615s]
04/01/24 18:34:42| DEBUG       [BinaryQuantifierAccuracyEstimator] optimization finished: best params {'quantifier__classifier__C': 0.001, 'quantifier__classifier__class_weight': None, 'quantifier__classifier__gamma': 0.33334502397336124, 'quantifier__recalib': None, 'confidence': None} (score=0.01037) [took 44.2761s]
04/01/24 18:36:06| INFO        d_bin_sld_rbf_gs finished [took 128.0560s]
04/01/24 18:36:24| DEBUG       [size=11,place=1] best score = 0.03171508; best param = {'quantifier__classifier__C': 0.001, 'quantifier__classifier__class_weight': None, 'quantifier__classifier__gamma': 33.334502397336124, 'quantifier__recalib': 'bcts', 'confidence': None} [took 17.939s]
04/01/24 18:36:24| DEBUG       [size=11,place=2] best score = 0.03609135; best param = {'quantifier__classifier__C': 0.1, 'quantifier__classifier__class_weight': None, 'quantifier__classifier__gamma': 0.033334502397336124, 'quantifier__recalib': 'bcts', 'confidence': ['isoft']} [took 17.940s]
04/01/24 18:37:03| DEBUG       [size=28,place=1] best score = 0.01610824; best param = {'quantifier__classifier__C': 0.001, 'quantifier__classifier__class_weight': None, 'quantifier__classifier__gamma': 333.3450239733612, 'quantifier__recalib': 'bcts', 'confidence': None} [took 38.658s]
04/01/24 18:37:03| DEBUG       [size=28,place=2] best score = 0.01912381; best param = {'quantifier__classifier__C': 0.01, 'quantifier__classifier__class_weight': None, 'quantifier__classifier__gamma': 0.033334502397336124, 'quantifier__recalib': 'bcts', 'confidence': ['isoft']} [took 38.658s]
04/01/24 18:38:08| DEBUG       [size=18,place=1] best score = 0.02985905; best param = {'quantifier__classifier__C': 0.01, 'quantifier__classifier__class_weight': None, 'quantifier__classifier__gamma': 333.3450239733612, 'quantifier__recalib': 'bcts', 'confidence': ['isoft']} [took 65.493s]
04/01/24 18:38:08| DEBUG       [size=18,place=2] best score = 0.03119018; best param = {'quantifier__classifier__C': 0.01, 'quantifier__classifier__class_weight': None, 'quantifier__classifier__gamma': 33.334502397336124, 'quantifier__recalib': 'bcts', 'confidence': ['isoft']} [took 65.494s]
04/01/24 18:38:08| DEBUG       [MultiClassAccuracyEstimator] optimization finished: best params {'quantifier__classifier__C': 0.001, 'quantifier__classifier__class_weight': None, 'quantifier__classifier__gamma': 333.3450239733612, 'quantifier__recalib': 'bcts', 'confidence': None} (score=0.01611) [took 122.0995s]
04/01/24 18:40:27| INFO        d_mul_sld_rbf_gs finished [took 260.4212s]
04/01/24 18:40:43| DEBUG       [size=11,place=1] best score = 0.03538521; best param = {'quantifier__classifier__C': 100.0, 'quantifier__classifier__class_weight': 'balanced', 'quantifier__classifier__gamma': 0.33334502397336124, 'quantifier__recalib': 'bcts', 'confidence': ['max_conf', 'entropy']} [took 14.755s]
04/01/24 18:40:43| DEBUG       [size=11,place=2] best score = 0.04116686; best param = {'quantifier__classifier__C': 0.001, 'quantifier__classifier__class_weight': None, 'quantifier__classifier__gamma': 0.33334502397336124, 'quantifier__recalib': 'bcts', 'confidence': ['isoft']} [took 14.756s]
04/01/24 18:41:18| DEBUG       [size=28,place=1] best score = 0.02265339; best param = {'quantifier__classifier__C': 0.1, 'quantifier__classifier__class_weight': None, 'quantifier__classifier__gamma': 0.33334502397336124, 'quantifier__recalib': 'bcts', 'confidence': ['isoft']} [took 35.672s]
04/01/24 18:41:18| DEBUG       [size=28,place=2] best score = 0.03179429; best param = {'quantifier__classifier__C': 1000.0, 'quantifier__classifier__class_weight': 'balanced', 'quantifier__classifier__gamma': 0.33334502397336124, 'quantifier__recalib': 'bcts', 'confidence': ['max_conf', 'entropy']} [took 35.672s]
04/01/24 18:42:04| DEBUG       [size=15,place=1] best score = 0.03200127; best param = {'quantifier__classifier__C': 0.1, 'quantifier__classifier__class_weight': None, 'quantifier__classifier__gamma': 0.33334502397336124, 'quantifier__recalib': 'bcts', 'confidence': ['max_conf', 'entropy']} [took 45.685s]
04/01/24 18:42:04| DEBUG       [size=15,place=2] best score = 0.03235715; best param = {'quantifier__classifier__C': 0.1, 'quantifier__classifier__class_weight': None, 'quantifier__classifier__gamma': 0.33334502397336124, 'quantifier__recalib': 'bcts', 'confidence': None} [took 45.686s]
04/01/24 18:42:04| DEBUG       [MultiClassAccuracyEstimator] optimization finished: best params {'quantifier__classifier__C': 0.1, 'quantifier__classifier__class_weight': None, 'quantifier__classifier__gamma': 0.33334502397336124, 'quantifier__recalib': 'bcts', 'confidence': ['isoft']} (score=0.02265) [took 96.2246s]
04/01/24 18:43:42| INFO        d_m3w_sld_rbf_gs finished [took 193.7957s]
04/01/24 18:43:42| INFO     Dataset sample [0.8 0.2] of dataset rcv1_MCAT finished [took 1021.3531s]
04/01/24 18:43:42| INFO     Dataset sample [0.9 0.1] of dataset rcv1_MCAT started
04/01/24 18:46:47| INFO        d_bin_sld_rbf finished [took 183.4926s]
04/01/24 18:46:57| INFO        d_m3w_sld_rbf finished [took 193.9443s]
04/01/24 18:47:09| INFO        d_mul_sld_rbf finished [took 205.7887s]
04/01/24 18:47:17| INFO        d_m3w_sld_rbf_mc finished [took 213.1709s]
04/01/24 18:47:21| INFO        d_m3w_sld_rbf_c finished [took 217.1724s]
04/01/24 18:47:22| INFO        d_bin_sld_rbf_mc finished [took 218.3761s]
04/01/24 18:47:23| INFO        d_mul_sld_rbf_mc finished [took 219.4574s]
04/01/24 18:47:35| INFO        d_mul_sld_rbf_ne finished [took 231.1688s]
04/01/24 18:47:49| INFO        d_mul_sld_rbf_c finished [took 245.2825s]
04/01/24 18:48:06| INFO        d_bin_sld_rbf_ne finished [took 262.5574s]
04/01/24 18:48:45| INFO        doc finished [took 81.4177s]
04/01/24 18:48:52| INFO        atc_mc finished [took 89.2418s]
04/01/24 18:48:55| INFO        ref finished [took 93.7136s]
04/01/24 18:49:08| INFO        d_bin_sld_rbf_is finished [took 129.7419s]
04/01/24 18:49:16| INFO        d_m3w_sld_rbf_ne finished [took 148.3660s]
04/01/24 18:49:18| INFO        d_bin_sld_rbf_c finished [took 333.9121s]
04/01/24 18:49:19| INFO        d_m3w_sld_rbf_is finished [took 121.9569s]
04/01/24 18:49:56| INFO        d_mul_sld_rbf_is finished [took 166.1050s]
04/01/24 18:50:10| DEBUG       [size=11,place=1] best score = 0.00887228; best param = {'quantifier__classifier__C': 100.0, 'quantifier__classifier__class_weight': 'balanced', 'quantifier__classifier__gamma': 0.2768138612022021, 'quantifier__recalib': 'bcts', 'confidence': ['max_conf', 'entropy']} [took 12.939s]
04/01/24 18:50:10| DEBUG       [size=11,place=2] best score = 0.01716665; best param = {'quantifier__classifier__C': 0.1, 'quantifier__classifier__class_weight': None, 'quantifier__classifier__gamma': 0.027681386120220208, 'quantifier__recalib': 'bcts', 'confidence': ['isoft']} [took 12.940s]
04/01/24 18:50:35| DEBUG       [size=28,place=1] best score = 0.00588213; best param = {'quantifier__classifier__C': 100.0, 'quantifier__classifier__class_weight': 'balanced', 'quantifier__classifier__gamma': 276.8138612022021, 'quantifier__recalib': 'bcts', 'confidence': ['max_conf', 'entropy']} [took 25.225s]
04/01/24 18:50:35| DEBUG       [size=28,place=2] best score = 0.00702381; best param = {'quantifier__classifier__C': 100.0, 'quantifier__classifier__class_weight': 'balanced', 'quantifier__classifier__gamma': 0.2768138612022021, 'quantifier__recalib': None, 'confidence': ['max_conf', 'entropy']} [took 25.226s]
04/01/24 18:51:24| DEBUG       [size=22,place=1] best score = 0.00597307; best param = {'quantifier__classifier__C': 100.0, 'quantifier__classifier__class_weight': 'balanced', 'quantifier__classifier__gamma': 276.8138612022021, 'quantifier__recalib': 'bcts', 'confidence': None} [took 49.042s]
04/01/24 18:51:24| DEBUG       [size=22,place=2] best score = 0.00714481; best param = {'quantifier__classifier__C': 10.0, 'quantifier__classifier__class_weight': 'balanced', 'quantifier__classifier__gamma': 276.8138612022021, 'quantifier__recalib': 'bcts', 'confidence': ['max_conf', 'entropy']} [took 49.043s]
04/01/24 18:51:24| DEBUG       [BinaryQuantifierAccuracyEstimator] optimization finished: best params {'quantifier__classifier__C': 100.0, 'quantifier__classifier__class_weight': 'balanced', 'quantifier__classifier__gamma': 276.8138612022021, 'quantifier__recalib': 'bcts', 'confidence': ['max_conf', 'entropy']} (score=0.00588) [took 87.3249s]
04/01/24 18:53:00| INFO        d_bin_sld_rbf_gs finished [took 183.1305s]
04/01/24 18:53:18| DEBUG       [size=11,place=1] best score = 0.01130742; best param = {'quantifier__classifier__C': 100.0, 'quantifier__classifier__class_weight': None, 'quantifier__classifier__gamma': 0.027681386120220208, 'quantifier__recalib': 'bcts', 'confidence': None} [took 16.834s]
04/01/24 18:53:18| DEBUG       [size=11,place=2] best score = 0.01663448; best param = {'quantifier__classifier__C': 100.0, 'quantifier__classifier__class_weight': 'balanced', 'quantifier__classifier__gamma': 0.2768138612022021, 'quantifier__recalib': 'bcts', 'confidence': ['max_conf', 'entropy']} [took 16.834s]
04/01/24 18:53:57| DEBUG       [size=28,place=1] best score = 0.00579266; best param = {'quantifier__classifier__C': 10.0, 'quantifier__classifier__class_weight': 'balanced', 'quantifier__classifier__gamma': 0.2768138612022021, 'quantifier__recalib': 'bcts', 'confidence': ['max_conf', 'entropy']} [took 39.497s]
04/01/24 18:53:57| DEBUG       [size=28,place=2] best score = 0.00624082; best param = {'quantifier__classifier__C': 1.0, 'quantifier__classifier__class_weight': 'balanced', 'quantifier__classifier__gamma': 0.2768138612022021, 'quantifier__recalib': 'bcts', 'confidence': ['max_conf', 'entropy']} [took 39.498s]
04/01/24 18:54:15| DEBUG       [size=16,place=1] best score = 0.00576702; best param = {'quantifier__classifier__C': 10.0, 'quantifier__classifier__class_weight': 'balanced', 'quantifier__classifier__gamma': 0.027681386120220208, 'quantifier__recalib': 'bcts', 'confidence': ['max_conf', 'entropy']} [took 17.832s]
04/01/24 18:54:15| DEBUG       [size=16,place=2] best score = 0.00694873; best param = {'quantifier__classifier__C': 1.0, 'quantifier__classifier__class_weight': 'balanced', 'quantifier__classifier__gamma': 0.2768138612022021, 'quantifier__recalib': 'bcts', 'confidence': None} [took 17.832s]
04/01/24 18:54:50| DEBUG       [size=18,place=1] best score = 0.00663103; best param = {'quantifier__classifier__C': 1.0, 'quantifier__classifier__class_weight': 'balanced', 'quantifier__classifier__gamma': 2.7681386120220206, 'quantifier__recalib': 'bcts', 'confidence': None} [took 34.995s]
04/01/24 18:54:50| DEBUG       [size=18,place=2] best score = 0.00720367; best param = {'quantifier__classifier__C': 10.0, 'quantifier__classifier__class_weight': 'balanced', 'quantifier__classifier__gamma': 0.027681386120220208, 'quantifier__recalib': 'bcts', 'confidence': None} [took 34.996s]
04/01/24 18:54:50| DEBUG       [MultiClassAccuracyEstimator] optimization finished: best params {'quantifier__classifier__C': 10.0, 'quantifier__classifier__class_weight': 'balanced', 'quantifier__classifier__gamma': 0.027681386120220208, 'quantifier__recalib': 'bcts', 'confidence': ['max_conf', 'entropy']} (score=0.00577) [took 109.1780s]
04/01/24 18:57:04| INFO        d_mul_sld_rbf_gs finished [took 243.7445s]
04/01/24 18:57:21| DEBUG       [size=11,place=1] best score = 0.00692790; best param = {'quantifier__classifier__C': 0.1, 'quantifier__classifier__class_weight': 'balanced', 'quantifier__classifier__gamma': 276.8138612022021, 'quantifier__recalib': None, 'confidence': ['isoft']} [took 15.760s]
04/01/24 18:57:21| DEBUG       [size=11,place=2] best score = 0.02566057; best param = {'quantifier__classifier__C': 0.1, 'quantifier__classifier__class_weight': None, 'quantifier__classifier__gamma': 0.027681386120220208, 'quantifier__recalib': 'bcts', 'confidence': ['isoft']} [took 15.760s]
04/01/24 18:57:52| DEBUG       [size=28,place=1] best score = 0.00675198; best param = {'quantifier__classifier__C': 0.1, 'quantifier__classifier__class_weight': 'balanced', 'quantifier__classifier__gamma': 0.2768138612022021, 'quantifier__recalib': None, 'confidence': ['isoft']} [took 31.493s]
04/01/24 18:57:52| DEBUG       [size=28,place=2] best score = 0.00784875; best param = {'quantifier__classifier__C': 0.001, 'quantifier__classifier__class_weight': None, 'quantifier__classifier__gamma': 0.027681386120220208, 'quantifier__recalib': 'bcts', 'confidence': ['isoft']} [took 31.493s]
04/01/24 18:58:20| DEBUG       [size=17,place=1] best score = 0.00731704; best param = {'quantifier__classifier__C': 0.001, 'quantifier__classifier__class_weight': None, 'quantifier__classifier__gamma': 0.027681386120220208, 'quantifier__recalib': 'bcts', 'confidence': None} [took 27.531s]
04/01/24 18:58:20| DEBUG       [size=17,place=2] best score = 0.00781412; best param = {'quantifier__classifier__C': 0.001, 'quantifier__classifier__class_weight': None, 'quantifier__classifier__gamma': 0.027681386120220208, 'quantifier__recalib': 'bcts', 'confidence': ['max_conf', 'entropy']} [took 27.531s]
04/01/24 18:58:20| DEBUG       [MultiClassAccuracyEstimator] optimization finished: best params {'quantifier__classifier__C': 0.1, 'quantifier__classifier__class_weight': 'balanced', 'quantifier__classifier__gamma': 0.2768138612022021, 'quantifier__recalib': None, 'confidence': ['isoft']} (score=0.00675) [took 74.8956s]
04/01/24 19:00:33| INFO        d_m3w_sld_rbf_gs finished [took 207.9234s]
04/01/24 19:00:33| INFO     Dataset sample [0.9 0.1] of dataset rcv1_MCAT finished [took 1011.4615s]
