----------------------------------------------------------------------------------------------------
31/12/23 12:06:40| INFO     dataset rcv1_GCAT [pool size: 10]
31/12/23 12:06:40| INFO     Dataset sample [0.1 0.9] of dataset rcv1_GCAT started
31/12/23 12:06:44| WARNING     Method d_mul_kde_lr_mc failed. Exception: Found array with 0 sample(s) (shape=(0, 3)) while a minimum of 1 is required by KernelDensity.
31/12/23 12:06:44| WARNING     Method d_bin_kde_lr_mc failed. Exception: This solver needs samples of at least 2 classes in the data, but the data contains only one class: 0
31/12/23 12:06:45| WARNING     Method d_bin_kde_lr failed. Exception: This solver needs samples of at least 2 classes in the data, but the data contains only one class: 0
31/12/23 12:06:45| WARNING     Method d_bin_kde_lr_c failed. Exception: This solver needs samples of at least 2 classes in the data, but the data contains only one class: 0
31/12/23 12:06:45| WARNING     Method d_bin_kde_lr_ne failed. Exception: This solver needs samples of at least 2 classes in the data, but the data contains only one class: 0
31/12/23 12:06:45| WARNING     Method d_mul_kde_lr failed. Exception: Found array with 0 sample(s) (shape=(0, 3)) while a minimum of 1 is required by KernelDensity.
31/12/23 12:06:46| WARNING     Method d_bin_kde_lr_is failed. Exception: This solver needs samples of at least 2 classes in the data, but the data contains only one class: 0
31/12/23 12:06:46| WARNING     Method d_mul_kde_lr_ne failed. Exception: Found array with 0 sample(s) (shape=(0, 3)) while a minimum of 1 is required by KernelDensity.
31/12/23 12:06:46| WARNING     Method d_mul_kde_lr_c failed. Exception: Found array with 0 sample(s) (shape=(0, 3)) while a minimum of 1 is required by KernelDensity.
31/12/23 12:06:47| WARNING     Method d_mul_kde_lr_is failed. Exception: Found array with 0 sample(s) (shape=(0, 3)) while a minimum of 1 is required by KernelDensity.
31/12/23 12:08:03| INFO        doc finished [took 77.2888s]
31/12/23 12:08:32| INFO        ref finished [took 105.5161s]
31/12/23 12:08:39| INFO        atc_mc finished [took 112.1617s]
31/12/23 12:17:09| INFO        d_m3w_kde_lr finished [took 623.6934s]
31/12/23 12:17:09| INFO        d_m3w_kde_lr_c finished [took 624.3019s]
31/12/23 12:17:14| INFO        d_m3w_kde_lr_is finished [took 628.1811s]
31/12/23 12:17:15| INFO        d_m3w_kde_lr_mc finished [took 630.1446s]
31/12/23 12:17:20| INFO        d_m3w_kde_lr_ne finished [took 634.2051s]
31/12/23 12:17:31| WARNING     Method d_bin_kde_lr_gs failed. Exception: no combination of hyperparameters seem to work
31/12/23 12:18:00| WARNING     Method d_mul_kde_lr_gs failed. Exception: no combination of hyperparameters seem to work
31/12/23 12:18:27| DEBUG       [size=11,place=1] best score = 0.00560234; best param = {'quantifier__classifier__C': 0.1, 'quantifier__classifier__class_weight': 'balanced', 'quantifier__bandwidth': 0.060000000000000005, 'confidence': ['isoft']} [took 25.885s]
31/12/23 12:18:27| DEBUG       [size=11,place=2] best score = 0.00650517; best param = {'quantifier__classifier__C': 1000.0, 'quantifier__classifier__class_weight': 'balanced', 'quantifier__bandwidth': 0.09999999999999999, 'confidence': None} [took 25.886s]
31/12/23 12:20:24| DEBUG       [size=52,place=1] best score = 0.00545600; best param = {'quantifier__classifier__C': 1.0, 'quantifier__classifier__class_weight': 'balanced', 'quantifier__bandwidth': 0.09999999999999999, 'confidence': None} [took 117.263s]
31/12/23 12:20:24| DEBUG       [size=52,place=2] best score = 0.00555356; best param = {'quantifier__classifier__C': 0.1, 'quantifier__classifier__class_weight': 'balanced', 'quantifier__bandwidth': 0.08, 'confidence': ['isoft']} [took 117.264s]
31/12/23 12:21:31| DEBUG       [size=29,place=1] best score = 0.00525826; best param = {'quantifier__classifier__C': 1.0, 'quantifier__classifier__class_weight': 'balanced', 'quantifier__bandwidth': 0.09999999999999999, 'confidence': ['isoft']} [took 66.959s]
31/12/23 12:21:31| DEBUG       [size=29,place=2] best score = 0.00526635; best param = {'quantifier__classifier__C': 1.0, 'quantifier__classifier__class_weight': 'balanced', 'quantifier__bandwidth': 0.08, 'confidence': ['isoft']} [took 66.959s]
31/12/23 12:22:26| DEBUG       [size=23,place=1] best score = 0.00525354; best param = {'quantifier__classifier__C': 1.0, 'quantifier__classifier__class_weight': 'balanced', 'quantifier__bandwidth': 0.09, 'confidence': ['isoft']} [took 54.561s]
31/12/23 12:22:26| DEBUG       [size=23,place=2] best score = 0.00527046; best param = {'quantifier__classifier__C': 1.0, 'quantifier__classifier__class_weight': 'balanced', 'quantifier__bandwidth': 0.11, 'confidence': ['isoft']} [took 54.561s]
31/12/23 12:23:00| DEBUG       [size=12,place=1] best score = 0.00575803; best param = {'quantifier__classifier__C': 10.0, 'quantifier__classifier__class_weight': 'balanced', 'quantifier__bandwidth': 0.11, 'confidence': ['isoft']} [took 34.183s]
31/12/23 12:23:00| DEBUG       [size=12,place=2] best score = 0.00575832; best param = {'quantifier__classifier__C': 10.0, 'quantifier__classifier__class_weight': 'balanced', 'quantifier__bandwidth': 0.09, 'confidence': ['isoft']} [took 34.183s]
31/12/23 12:23:00| DEBUG       [MultiClassAccuracyEstimator] optimization finished: best params {'quantifier__classifier__C': 1.0, 'quantifier__classifier__class_weight': 'balanced', 'quantifier__bandwidth': 0.09, 'confidence': ['isoft']} (score=0.00525) [took 298.9736s]
31/12/23 12:28:56| INFO        d_m3w_kde_lr_gs finished [took 654.8256s]
31/12/23 12:28:56| INFO     Dataset sample [0.1 0.9] of dataset rcv1_GCAT finished [took 1335.7231s]
31/12/23 12:28:56| INFO     Dataset sample [0.2 0.8] of dataset rcv1_GCAT started
31/12/23 12:40:16| INFO        d_bin_kde_lr_mc finished [took 674.9057s]
31/12/23 12:40:23| INFO        d_bin_kde_lr_c finished [took 683.8804s]
31/12/23 12:40:27| INFO        d_bin_kde_lr_ne finished [took 685.1134s]
31/12/23 12:40:37| INFO        d_bin_kde_lr finished [took 695.5570s]
31/12/23 12:43:40| INFO        d_m3w_kde_lr_c finished [took 878.5515s]
31/12/23 12:44:01| INFO        d_m3w_kde_lr_mc finished [took 899.7878s]
31/12/23 12:44:02| INFO        d_m3w_kde_lr finished [took 900.9292s]
31/12/23 12:44:04| INFO        d_mul_kde_lr_c finished [took 902.3431s]
31/12/23 12:44:42| INFO        d_mul_kde_lr_ne finished [took 941.6789s]
31/12/23 12:44:45| INFO        ref finished [took 64.2231s]
31/12/23 12:45:13| INFO        d_mul_kde_lr finished [took 972.6061s]
31/12/23 12:45:21| INFO        doc finished [took 77.3555s]
31/12/23 12:45:32| INFO        d_mul_kde_lr_mc finished [took 990.7052s]
31/12/23 12:45:34| INFO        atc_mc finished [took 91.4858s]
31/12/23 12:49:24| INFO        d_bin_kde_lr_is finished [took 539.9356s]
31/12/23 12:51:31| INFO        d_m3w_kde_lr_is finished [took 653.1885s]
31/12/23 12:51:34| INFO        d_m3w_kde_lr_ne finished [took 676.9458s]
31/12/23 12:52:18| INFO        d_mul_kde_lr_is finished [took 710.5415s]
31/12/23 12:52:38| DEBUG       [size=11,place=1] best score = 0.00546945; best param = {'quantifier__classifier__C': 0.1, 'quantifier__classifier__class_weight': 'balanced', 'quantifier__bandwidth': 0.17, 'confidence': ['isoft']} [took 19.133s]
31/12/23 12:52:38| DEBUG       [size=11,place=2] best score = 0.00892257; best param = {'quantifier__classifier__C': 0.1, 'quantifier__classifier__class_weight': 'balanced', 'quantifier__bandwidth': 0.060000000000000005, 'confidence': ['isoft']} [took 19.133s]
31/12/23 12:53:37| DEBUG       [size=34,place=1] best score = 0.00548559; best param = {'quantifier__classifier__C': 0.1, 'quantifier__classifier__class_weight': 'balanced', 'quantifier__bandwidth': 0.16, 'confidence': ['isoft']} [took 59.126s]
31/12/23 12:53:37| DEBUG       [size=34,place=2] best score = 0.00549191; best param = {'quantifier__classifier__C': 0.1, 'quantifier__classifier__class_weight': 'balanced', 'quantifier__bandwidth': 0.18000000000000002, 'confidence': ['isoft']} [took 59.127s]
31/12/23 12:53:38| DEBUG       [BinaryQuantifierAccuracyEstimator] optimization finished: best params {'quantifier__classifier__C': 0.1, 'quantifier__classifier__class_weight': 'balanced', 'quantifier__bandwidth': 0.17, 'confidence': ['isoft']} (score=0.00547) [took 78.3662s]
31/12/23 12:58:22| INFO        d_bin_kde_lr_gs finished [took 362.7772s]
31/12/23 12:58:50| DEBUG       [size=11,place=1] best score = 0.00751715; best param = {'quantifier__classifier__C': 1000.0, 'quantifier__classifier__class_weight': 'balanced', 'quantifier__bandwidth': 0.09999999999999999, 'confidence': None} [took 27.485s]
31/12/23 12:58:50| DEBUG       [size=11,place=2] best score = 0.00932389; best param = {'quantifier__classifier__C': 0.1, 'quantifier__classifier__class_weight': 'balanced', 'quantifier__bandwidth': 0.060000000000000005, 'confidence': ['isoft']} [took 27.486s]
31/12/23 13:01:01| DEBUG       [size=52,place=1] best score = 0.00662468; best param = {'quantifier__classifier__C': 100.0, 'quantifier__classifier__class_weight': 'balanced', 'quantifier__bandwidth': 0.09999999999999999, 'confidence': None} [took 130.768s]
31/12/23 13:01:01| DEBUG       [size=52,place=2] best score = 0.00664647; best param = {'quantifier__classifier__C': 100.0, 'quantifier__classifier__class_weight': 'balanced', 'quantifier__bandwidth': 0.060000000000000005, 'confidence': ['isoft']} [took 130.769s]
31/12/23 13:02:47| DEBUG       [size=39,place=1] best score = 0.00646103; best param = {'quantifier__classifier__C': 100.0, 'quantifier__classifier__class_weight': 'balanced', 'quantifier__bandwidth': 0.17, 'confidence': None} [took 106.329s]
31/12/23 13:02:47| DEBUG       [size=39,place=2] best score = 0.00647145; best param = {'quantifier__classifier__C': 100.0, 'quantifier__classifier__class_weight': 'balanced', 'quantifier__bandwidth': 0.18000000000000002, 'confidence': None} [took 106.329s]
31/12/23 13:03:34| DEBUG       [size=12,place=1] best score = 0.00734361; best param = {'quantifier__classifier__C': 10.0, 'quantifier__classifier__class_weight': 'balanced', 'quantifier__bandwidth': 0.17, 'confidence': None} [took 46.516s]
31/12/23 13:03:34| DEBUG       [size=12,place=2] best score = 0.00759760; best param = {'quantifier__classifier__C': 10.0, 'quantifier__classifier__class_weight': 'balanced', 'quantifier__bandwidth': 0.18000000000000002, 'confidence': None} [took 46.517s]
31/12/23 13:03:34| DEBUG       [MultiClassAccuracyEstimator] optimization finished: best params {'quantifier__classifier__C': 100.0, 'quantifier__classifier__class_weight': 'balanced', 'quantifier__bandwidth': 0.17, 'confidence': None} (score=0.00646) [took 311.2195s]
31/12/23 13:11:19| INFO        d_mul_kde_lr_gs finished [took 775.9752s]
31/12/23 13:11:49| DEBUG       [size=11,place=1] best score = 0.00657993; best param = {'quantifier__classifier__C': 100.0, 'quantifier__classifier__class_weight': None, 'quantifier__bandwidth': 0.05, 'confidence': None} [took 28.826s]
31/12/23 13:11:49| DEBUG       [size=11,place=2] best score = 0.00840696; best param = {'quantifier__classifier__C': 1000.0, 'quantifier__classifier__class_weight': None, 'quantifier__bandwidth': 0.09999999999999999, 'confidence': None} [took 28.826s]
31/12/23 13:13:35| DEBUG       [size=49,place=1] best score = 0.00575234; best param = {'quantifier__classifier__C': 100.0, 'quantifier__classifier__class_weight': None, 'quantifier__bandwidth': 0.05, 'confidence': ['isoft']} [took 106.778s]
31/12/23 13:13:35| DEBUG       [size=49,place=2] best score = 0.00612694; best param = {'quantifier__classifier__C': 100.0, 'quantifier__classifier__class_weight': None, 'quantifier__bandwidth': 0.02, 'confidence': None} [took 106.778s]
31/12/23 13:14:43| DEBUG       [size=32,place=1] best score = 0.00559125; best param = {'quantifier__classifier__C': 100.0, 'quantifier__classifier__class_weight': None, 'quantifier__bandwidth': 0.04, 'confidence': ['isoft']} [took 67.897s]
31/12/23 13:14:43| DEBUG       [size=32,place=2] best score = 0.00573950; best param = {'quantifier__classifier__C': 100.0, 'quantifier__classifier__class_weight': None, 'quantifier__bandwidth': 0.03, 'confidence': ['isoft']} [took 67.897s]
31/12/23 13:15:20| DEBUG       [size=14,place=1] best score = 0.00560337; best param = {'quantifier__classifier__C': 1000.0, 'quantifier__classifier__class_weight': None, 'quantifier__bandwidth': 0.04, 'confidence': ['isoft']} [took 36.278s]
31/12/23 13:15:20| DEBUG       [size=14,place=2] best score = 0.00578190; best param = {'quantifier__classifier__C': 10.0, 'quantifier__classifier__class_weight': None, 'quantifier__bandwidth': 0.04, 'confidence': ['isoft']} [took 36.278s]
31/12/23 13:15:20| DEBUG       [MultiClassAccuracyEstimator] optimization finished: best params {'quantifier__classifier__C': 100.0, 'quantifier__classifier__class_weight': None, 'quantifier__bandwidth': 0.04, 'confidence': ['isoft']} (score=0.00559) [took 239.8986s]
31/12/23 13:19:49| INFO        d_m3w_kde_lr_gs finished [took 509.7543s]
31/12/23 13:19:49| INFO     Dataset sample [0.2 0.8] of dataset rcv1_GCAT finished [took 3053.4509s]
31/12/23 13:19:49| INFO     Dataset sample [0.3 0.7] of dataset rcv1_GCAT started
31/12/23 13:30:58| INFO        d_bin_kde_lr_ne finished [took 666.1762s]
31/12/23 13:31:03| INFO        d_bin_kde_lr finished [took 671.2058s]
31/12/23 13:31:12| INFO        d_bin_kde_lr_mc finished [took 679.8859s]
31/12/23 13:31:15| INFO        d_bin_kde_lr_c finished [took 682.4604s]
31/12/23 13:34:09| INFO        d_m3w_kde_lr_c finished [took 856.6240s]
31/12/23 13:34:12| INFO        d_m3w_kde_lr_mc finished [took 859.7735s]
31/12/23 13:35:16| INFO        d_m3w_kde_lr finished [took 923.8143s]
31/12/23 13:35:29| INFO        ref finished [took 79.1513s]
31/12/23 13:35:44| INFO        atc_mc finished [took 91.3567s]
31/12/23 13:36:01| INFO        d_mul_kde_lr finished [took 968.7042s]
31/12/23 13:36:09| INFO        d_mul_kde_lr_mc finished [took 977.1133s]
31/12/23 13:36:18| INFO        doc finished [took 61.7129s]
31/12/23 13:36:29| INFO        d_mul_kde_lr_c finished [took 997.2926s]
31/12/23 13:36:37| INFO        d_mul_kde_lr_ne finished [took 1004.5901s]
31/12/23 13:39:25| INFO        d_bin_kde_lr_is finished [took 500.7158s]
31/12/23 13:42:14| INFO        d_m3w_kde_lr_ne finished [took 675.3242s]
31/12/23 13:42:18| INFO        d_m3w_kde_lr_is finished [took 662.7262s]
31/12/23 13:42:54| INFO        d_mul_kde_lr_is finished [took 701.1595s]
31/12/23 13:43:12| DEBUG       [size=11,place=1] best score = 0.01207423; best param = {'quantifier__classifier__C': 0.1, 'quantifier__classifier__class_weight': 'balanced', 'quantifier__bandwidth': 0.060000000000000005, 'confidence': ['isoft']} [took 17.512s]
31/12/23 13:43:12| DEBUG       [size=11,place=2] best score = 0.01343104; best param = {'quantifier__classifier__C': 1000.0, 'quantifier__classifier__class_weight': 'balanced', 'quantifier__bandwidth': 0.09999999999999999, 'confidence': None} [took 17.512s]
31/12/23 13:44:26| DEBUG       [size=52,place=1] best score = 0.01201490; best param = {'quantifier__classifier__C': 1000.0, 'quantifier__classifier__class_weight': 'balanced', 'quantifier__bandwidth': 0.09999999999999999, 'confidence': ['isoft']} [took 73.761s]
31/12/23 13:44:26| DEBUG       [size=52,place=2] best score = 0.01207441; best param = {'quantifier__classifier__C': 0.1, 'quantifier__classifier__class_weight': 'balanced', 'quantifier__bandwidth': 0.06999999999999999, 'confidence': ['isoft']} [took 73.761s]
31/12/23 13:45:12| DEBUG       [size=31,place=1] best score = 0.01192268; best param = {'quantifier__classifier__C': 1000.0, 'quantifier__classifier__class_weight': 'balanced', 'quantifier__bandwidth': 0.12, 'confidence': ['isoft']} [took 45.882s]
31/12/23 13:45:12| DEBUG       [size=31,place=2] best score = 0.01194898; best param = {'quantifier__classifier__C': 1000.0, 'quantifier__classifier__class_weight': 'balanced', 'quantifier__bandwidth': 0.11, 'confidence': ['isoft']} [took 45.883s]
31/12/23 13:45:35| DEBUG       [size=12,place=1] best score = 0.01232621; best param = {'quantifier__classifier__C': 100.0, 'quantifier__classifier__class_weight': 'balanced', 'quantifier__bandwidth': 0.11, 'confidence': ['isoft']} [took 22.589s]
31/12/23 13:45:35| DEBUG       [size=12,place=2] best score = 0.01238549; best param = {'quantifier__classifier__C': 100.0, 'quantifier__classifier__class_weight': 'balanced', 'quantifier__bandwidth': 0.12, 'confidence': ['isoft']} [took 22.590s]
31/12/23 13:45:35| DEBUG       [BinaryQuantifierAccuracyEstimator] optimization finished: best params {'quantifier__classifier__C': 1000.0, 'quantifier__classifier__class_weight': 'balanced', 'quantifier__bandwidth': 0.12, 'confidence': ['isoft']} (score=0.01192) [took 159.8567s]
31/12/23 13:49:46| INFO        d_bin_kde_lr_gs finished [took 411.1548s]
31/12/23 13:50:15| DEBUG       [size=11,place=1] best score = 0.01186411; best param = {'quantifier__classifier__C': 100.0, 'quantifier__classifier__class_weight': 'balanced', 'quantifier__bandwidth': 0.01, 'confidence': None} [took 28.220s]
31/12/23 13:50:15| DEBUG       [size=11,place=2] best score = 0.01350003; best param = {'quantifier__classifier__C': 1000.0, 'quantifier__classifier__class_weight': 'balanced', 'quantifier__bandwidth': 0.09999999999999999, 'confidence': None} [took 28.220s]
31/12/23 13:52:20| DEBUG       [size=51,place=1] best score = 0.01173254; best param = {'quantifier__classifier__C': 1000.0, 'quantifier__classifier__class_weight': 'balanced', 'quantifier__bandwidth': 0.09999999999999999, 'confidence': ['isoft']} [took 125.201s]
31/12/23 13:52:20| DEBUG       [size=51,place=2] best score = 0.01331959; best param = {'quantifier__classifier__C': 100.0, 'quantifier__classifier__class_weight': 'balanced', 'quantifier__bandwidth': 0.02, 'confidence': None} [took 125.202s]
31/12/23 13:53:44| DEBUG       [size=33,place=1] best score = 0.01167762; best param = {'quantifier__classifier__C': 1000.0, 'quantifier__classifier__class_weight': 'balanced', 'quantifier__bandwidth': 0.11, 'confidence': ['isoft']} [took 83.980s]
31/12/23 13:53:44| DEBUG       [size=33,place=2] best score = 0.01175515; best param = {'quantifier__classifier__C': 1000.0, 'quantifier__classifier__class_weight': 'balanced', 'quantifier__bandwidth': 0.12, 'confidence': ['isoft']} [took 83.980s]
31/12/23 13:54:34| DEBUG       [size=14,place=1] best score = 0.01404539; best param = {'quantifier__classifier__C': 100.0, 'quantifier__classifier__class_weight': 'balanced', 'quantifier__bandwidth': 0.11, 'confidence': ['isoft']} [took 50.058s]
31/12/23 13:54:34| DEBUG       [size=14,place=2] best score = 0.01438945; best param = {'quantifier__classifier__C': 100.0, 'quantifier__classifier__class_weight': 'balanced', 'quantifier__bandwidth': 0.12, 'confidence': ['isoft']} [took 50.059s]
31/12/23 13:54:34| DEBUG       [MultiClassAccuracyEstimator] optimization finished: best params {'quantifier__classifier__C': 1000.0, 'quantifier__classifier__class_weight': 'balanced', 'quantifier__bandwidth': 0.11, 'confidence': ['isoft']} (score=0.01168) [took 287.5750s]
31/12/23 14:01:17| INFO        d_mul_kde_lr_gs finished [took 690.5670s]
31/12/23 14:01:46| DEBUG       [size=11,place=1] best score = 0.00755614; best param = {'quantifier__classifier__C': 0.1, 'quantifier__classifier__class_weight': 'balanced', 'quantifier__bandwidth': 0.060000000000000005, 'confidence': ['isoft']} [took 27.441s]
31/12/23 14:01:46| DEBUG       [size=11,place=2] best score = 0.00873600; best param = {'quantifier__classifier__C': 1000.0, 'quantifier__classifier__class_weight': 'balanced', 'quantifier__bandwidth': 0.09999999999999999, 'confidence': None} [took 27.442s]
31/12/23 14:03:42| DEBUG       [size=52,place=1] best score = 0.00745337; best param = {'quantifier__classifier__C': 0.1, 'quantifier__classifier__class_weight': 'balanced', 'quantifier__bandwidth': 0.05, 'confidence': ['isoft']} [took 116.358s]
31/12/23 14:03:42| DEBUG       [size=52,place=2] best score = 0.00746821; best param = {'quantifier__classifier__C': 0.1, 'quantifier__classifier__class_weight': 'balanced', 'quantifier__bandwidth': 0.04, 'confidence': ['isoft']} [took 116.358s]
31/12/23 14:04:15| DEBUG       [size=16,place=1] best score = 0.00803786; best param = {'quantifier__classifier__C': 0.01, 'quantifier__classifier__class_weight': 'balanced', 'quantifier__bandwidth': 0.04, 'confidence': ['isoft']} [took 32.957s]
31/12/23 14:04:15| DEBUG       [size=16,place=2] best score = 0.00843927; best param = {'quantifier__classifier__C': 1.0, 'quantifier__classifier__class_weight': 'balanced', 'quantifier__bandwidth': 0.05, 'confidence': ['isoft']} [took 32.957s]
31/12/23 14:04:15| DEBUG       [MultiClassAccuracyEstimator] optimization finished: best params {'quantifier__classifier__C': 0.1, 'quantifier__classifier__class_weight': 'balanced', 'quantifier__bandwidth': 0.05, 'confidence': ['isoft']} (score=0.00745) [took 176.8737s]
31/12/23 14:09:18| INFO        d_m3w_kde_lr_gs finished [took 480.1391s]
31/12/23 14:09:18| INFO     Dataset sample [0.3 0.7] of dataset rcv1_GCAT finished [took 2968.8965s]
31/12/23 14:09:18| INFO     Dataset sample [0.4 0.6] of dataset rcv1_GCAT started
31/12/23 14:18:54| INFO        d_bin_kde_lr finished [took 573.0264s]
31/12/23 14:19:15| INFO        d_bin_kde_lr_ne finished [took 591.2163s]
31/12/23 14:19:18| INFO        d_bin_kde_lr_mc finished [took 595.1228s]
31/12/23 14:19:44| INFO        d_bin_kde_lr_c finished [took 620.5682s]
31/12/23 14:21:41| INFO        d_mul_kde_lr finished [took 737.4221s]
31/12/23 14:22:39| INFO        d_m3w_kde_lr finished [took 796.2187s]
31/12/23 14:22:45| INFO        d_m3w_kde_lr_mc finished [took 801.3335s]
31/12/23 14:22:58| INFO        ref finished [took 76.2930s]
31/12/23 14:23:39| INFO        d_mul_kde_lr_ne finished [took 855.4809s]
31/12/23 14:23:51| INFO        d_m3w_kde_lr_c finished [took 867.1265s]
31/12/23 14:24:00| INFO        atc_mc finished [took 79.9546s]
31/12/23 14:24:05| INFO        d_mul_kde_lr_mc finished [took 881.6328s]
31/12/23 14:24:14| INFO        doc finished [took 88.1236s]
31/12/23 14:24:34| INFO        d_mul_kde_lr_c finished [took 910.9922s]
31/12/23 14:26:43| INFO        d_bin_kde_lr_is finished [took 448.0265s]
31/12/23 14:30:11| INFO        d_m3w_kde_lr_ne finished [took 675.8455s]
31/12/23 14:30:39| INFO        d_m3w_kde_lr_is finished [took 654.7111s]
31/12/23 14:30:53| INFO        d_mul_kde_lr_is finished [took 694.3688s]
31/12/23 14:31:12| DEBUG       [size=11,place=1] best score = 0.00752567; best param = {'quantifier__classifier__C': 1000.0, 'quantifier__classifier__class_weight': 'balanced', 'quantifier__bandwidth': 0.09999999999999999, 'confidence': None} [took 17.300s]
31/12/23 14:31:12| DEBUG       [size=11,place=2] best score = 0.00809629; best param = {'quantifier__classifier__C': 0.1, 'quantifier__classifier__class_weight': 'balanced', 'quantifier__bandwidth': 0.060000000000000005, 'confidence': ['isoft']} [took 17.301s]
31/12/23 14:32:26| DEBUG       [size=52,place=1] best score = 0.00733754; best param = {'quantifier__classifier__C': 100.0, 'quantifier__classifier__class_weight': 'balanced', 'quantifier__bandwidth': 0.060000000000000005, 'confidence': ['isoft']} [took 74.506s]
31/12/23 14:32:26| DEBUG       [size=52,place=2] best score = 0.00734099; best param = {'quantifier__classifier__C': 10.0, 'quantifier__classifier__class_weight': 'balanced', 'quantifier__bandwidth': 0.060000000000000005, 'confidence': ['isoft']} [took 74.506s]
31/12/23 14:33:28| DEBUG       [size=42,place=1] best score = 0.00734500; best param = {'quantifier__classifier__C': 10.0, 'quantifier__classifier__class_weight': 'balanced', 'quantifier__bandwidth': 0.06999999999999999, 'confidence': ['isoft']} [took 61.779s]
31/12/23 14:33:28| DEBUG       [size=42,place=2] best score = 0.00737745; best param = {'quantifier__classifier__C': 100.0, 'quantifier__classifier__class_weight': 'balanced', 'quantifier__bandwidth': 0.06999999999999999, 'confidence': ['isoft']} [took 61.779s]
31/12/23 14:33:28| DEBUG       [BinaryQuantifierAccuracyEstimator] optimization finished: best params {'quantifier__classifier__C': 100.0, 'quantifier__classifier__class_weight': 'balanced', 'quantifier__bandwidth': 0.060000000000000005, 'confidence': ['isoft']} (score=0.00734) [took 153.7021s]
31/12/23 14:37:22| INFO        d_bin_kde_lr_gs finished [took 387.8261s]
31/12/23 14:37:52| DEBUG       [size=11,place=1] best score = 0.00691869; best param = {'quantifier__classifier__C': 0.1, 'quantifier__classifier__class_weight': 'balanced', 'quantifier__bandwidth': 0.060000000000000005, 'confidence': ['isoft']} [took 29.401s]
31/12/23 14:37:52| DEBUG       [size=11,place=2] best score = 0.00740065; best param = {'quantifier__classifier__C': 1000.0, 'quantifier__classifier__class_weight': 'balanced', 'quantifier__bandwidth': 0.09999999999999999, 'confidence': None} [took 29.401s]
31/12/23 14:40:13| DEBUG       [size=52,place=1] best score = 0.00671200; best param = {'quantifier__classifier__C': 0.1, 'quantifier__classifier__class_weight': 'balanced', 'quantifier__bandwidth': 0.05, 'confidence': ['isoft']} [took 140.500s]
31/12/23 14:40:13| DEBUG       [size=52,place=2] best score = 0.00678907; best param = {'quantifier__classifier__C': 0.1, 'quantifier__classifier__class_weight': 'balanced', 'quantifier__bandwidth': 0.04, 'confidence': ['isoft']} [took 140.500s]
31/12/23 14:40:53| DEBUG       [size=16,place=1] best score = 0.00691467; best param = {'quantifier__classifier__C': 1.0, 'quantifier__classifier__class_weight': 'balanced', 'quantifier__bandwidth': 0.05, 'confidence': ['isoft']} [took 39.859s]
31/12/23 14:40:53| DEBUG       [size=16,place=2] best score = 0.00698267; best param = {'quantifier__classifier__C': 0.1, 'quantifier__classifier__class_weight': 'balanced', 'quantifier__bandwidth': 0.04, 'confidence': None} [took 39.859s]
31/12/23 14:40:53| DEBUG       [MultiClassAccuracyEstimator] optimization finished: best params {'quantifier__classifier__C': 0.1, 'quantifier__classifier__class_weight': 'balanced', 'quantifier__bandwidth': 0.05, 'confidence': ['isoft']} (score=0.00671) [took 209.8730s]
31/12/23 14:47:18| INFO        d_mul_kde_lr_gs finished [took 595.6705s]
31/12/23 14:47:47| DEBUG       [size=11,place=1] best score = 0.01043733; best param = {'quantifier__classifier__C': 100.0, 'quantifier__classifier__class_weight': 'balanced', 'quantifier__bandwidth': 0.01, 'confidence': None} [took 28.258s]
31/12/23 14:47:47| DEBUG       [size=11,place=2] best score = 0.01056988; best param = {'quantifier__classifier__C': 0.1, 'quantifier__classifier__class_weight': 'balanced', 'quantifier__bandwidth': 0.17, 'confidence': ['isoft']} [took 28.258s]
31/12/23 14:49:50| DEBUG       [size=53,place=1] best score = 0.00719852; best param = {'quantifier__classifier__C': 100.0, 'quantifier__classifier__class_weight': None, 'quantifier__bandwidth': 0.01, 'confidence': None} [took 122.243s]
31/12/23 14:49:50| DEBUG       [size=53,place=2] best score = 0.00768863; best param = {'quantifier__classifier__C': 100.0, 'quantifier__classifier__class_weight': 'balanced', 'quantifier__bandwidth': 0.17, 'confidence': None} [took 122.244s]
31/12/23 14:51:00| DEBUG       [size=30,place=1] best score = 0.00701043; best param = {'quantifier__classifier__C': 100.0, 'quantifier__classifier__class_weight': None, 'quantifier__bandwidth': 0.01, 'confidence': ['isoft']} [took 69.834s]
31/12/23 14:51:00| DEBUG       [size=30,place=2] best score = 0.00713442; best param = {'quantifier__classifier__C': 1000.0, 'quantifier__classifier__class_weight': None, 'quantifier__bandwidth': 0.01, 'confidence': None} [took 69.834s]
31/12/23 14:52:27| DEBUG       [size=42,place=1] best score = 0.00685984; best param = {'quantifier__classifier__C': 1000.0, 'quantifier__classifier__class_weight': None, 'quantifier__bandwidth': 0.01, 'confidence': ['isoft']} [took 87.165s]
31/12/23 14:52:27| DEBUG       [size=42,place=2] best score = 0.00764834; best param = {'quantifier__classifier__C': 10.0, 'quantifier__classifier__class_weight': None, 'quantifier__bandwidth': 0.01, 'confidence': ['isoft']} [took 87.166s]
31/12/23 14:53:47| DEBUG       [size=38,place=1] best score = 0.00984234; best param = {'quantifier__classifier__C': 1000.0, 'quantifier__classifier__class_weight': 'balanced', 'quantifier__bandwidth': 0.01, 'confidence': ['isoft']} [took 80.508s]
31/12/23 14:53:47| DEBUG       [size=38,place=2] best score = 0.01001682; best param = {'quantifier__classifier__C': 1000.0, 'quantifier__classifier__class_weight': None, 'quantifier__bandwidth': 0.02, 'confidence': ['isoft']} [took 80.508s]
31/12/23 14:53:47| DEBUG       [MultiClassAccuracyEstimator] optimization finished: best params {'quantifier__classifier__C': 1000.0, 'quantifier__classifier__class_weight': None, 'quantifier__bandwidth': 0.01, 'confidence': ['isoft']} (score=0.00686) [took 388.1310s]
31/12/23 14:58:22| INFO        d_m3w_kde_lr_gs finished [took 662.7868s]
31/12/23 14:58:22| INFO     Dataset sample [0.4 0.6] of dataset rcv1_GCAT finished [took 2943.5961s]
31/12/23 14:58:22| INFO     Dataset sample [0.5 0.5] of dataset rcv1_GCAT started
31/12/23 15:07:54| INFO        d_bin_kde_lr_mc finished [took 571.1421s]
31/12/23 15:08:05| INFO        d_bin_kde_lr finished [took 581.0277s]
31/12/23 15:08:32| INFO        d_bin_kde_lr_ne finished [took 608.2687s]
31/12/23 15:08:43| INFO        d_bin_kde_lr_c finished [took 619.7136s]
31/12/23 15:11:26| INFO        d_m3w_kde_lr finished [took 782.5001s]
31/12/23 15:11:49| INFO        d_mul_kde_lr_mc finished [took 804.8717s]
31/12/23 15:12:25| INFO        d_m3w_kde_lr_mc finished [took 841.6918s]
31/12/23 15:12:29| INFO        d_m3w_kde_lr_c finished [took 845.0167s]
31/12/23 15:12:45| INFO        ref finished [took 78.8028s]
31/12/23 15:13:05| INFO        atc_mc finished [took 76.0877s]
31/12/23 15:13:16| INFO        d_mul_kde_lr_ne finished [took 892.1506s]
31/12/23 15:13:24| INFO        d_mul_kde_lr finished [took 900.5367s]
31/12/23 15:13:41| INFO        doc finished [took 75.2958s]
31/12/23 15:14:08| INFO        d_mul_kde_lr_c finished [took 944.2537s]
31/12/23 15:16:02| INFO        d_bin_kde_lr_is finished [took 476.5972s]
31/12/23 15:19:23| INFO        d_m3w_kde_lr_is finished [took 638.8024s]
31/12/23 15:19:27| INFO        d_m3w_kde_lr_ne finished [took 692.6794s]
31/12/23 15:20:14| INFO        d_mul_kde_lr_is finished [took 701.4169s]
31/12/23 15:20:31| DEBUG       [size=11,place=1] best score = 0.01023366; best param = {'quantifier__classifier__C': 1000.0, 'quantifier__classifier__class_weight': 'balanced', 'quantifier__bandwidth': 0.09999999999999999, 'confidence': None} [took 16.251s]
31/12/23 15:20:31| DEBUG       [size=11,place=2] best score = 0.01047307; best param = {'quantifier__classifier__C': 0.1, 'quantifier__classifier__class_weight': 'balanced', 'quantifier__bandwidth': 0.060000000000000005, 'confidence': ['isoft']} [took 16.251s]
31/12/23 15:21:39| DEBUG       [size=52,place=1] best score = 0.00984704; best param = {'quantifier__classifier__C': 0.1, 'quantifier__classifier__class_weight': 'balanced', 'quantifier__bandwidth': 0.060000000000000005, 'confidence': None} [took 68.820s]
31/12/23 15:21:39| DEBUG       [size=52,place=2] best score = 0.01018853; best param = {'quantifier__classifier__C': 1000.0, 'quantifier__classifier__class_weight': 'balanced', 'quantifier__bandwidth': 0.08, 'confidence': None} [took 68.821s]
31/12/23 15:22:21| DEBUG       [size=31,place=1] best score = 0.01018998; best param = {'quantifier__classifier__C': 100.0, 'quantifier__classifier__class_weight': 'balanced', 'quantifier__bandwidth': 0.08, 'confidence': None} [took 41.978s]
31/12/23 15:22:21| DEBUG       [size=31,place=2] best score = 0.01020192; best param = {'quantifier__classifier__C': 10.0, 'quantifier__classifier__class_weight': 'balanced', 'quantifier__bandwidth': 0.08, 'confidence': None} [took 41.978s]
31/12/23 15:22:22| DEBUG       [BinaryQuantifierAccuracyEstimator] optimization finished: best params {'quantifier__classifier__C': 0.1, 'quantifier__classifier__class_weight': 'balanced', 'quantifier__bandwidth': 0.060000000000000005, 'confidence': None} (score=0.00985) [took 127.1579s]
31/12/23 15:26:19| INFO        d_bin_kde_lr_gs finished [took 364.5053s]
31/12/23 15:26:46| DEBUG       [size=11,place=1] best score = 0.01009789; best param = {'quantifier__classifier__C': 1000.0, 'quantifier__classifier__class_weight': 'balanced', 'quantifier__bandwidth': 0.09999999999999999, 'confidence': None} [took 26.853s]
31/12/23 15:26:46| DEBUG       [size=11,place=2] best score = 0.01084313; best param = {'quantifier__classifier__C': 0.1, 'quantifier__classifier__class_weight': 'balanced', 'quantifier__bandwidth': 0.060000000000000005, 'confidence': ['isoft']} [took 26.853s]
31/12/23 15:28:55| DEBUG       [size=52,place=1] best score = 0.00999761; best param = {'quantifier__classifier__C': 1000.0, 'quantifier__classifier__class_weight': 'balanced', 'quantifier__bandwidth': 0.12, 'confidence': None} [took 129.172s]
31/12/23 15:28:55| DEBUG       [size=52,place=2] best score = 0.01000562; best param = {'quantifier__classifier__C': 1000.0, 'quantifier__classifier__class_weight': 'balanced', 'quantifier__bandwidth': 0.13, 'confidence': None} [took 129.173s]
31/12/23 15:29:44| DEBUG       [size=15,place=1] best score = 0.01037213; best param = {'quantifier__classifier__C': 1000.0, 'quantifier__classifier__class_weight': 'balanced', 'quantifier__bandwidth': 0.13, 'confidence': ['isoft']} [took 48.856s]
31/12/23 15:29:44| DEBUG       [size=15,place=2] best score = 0.01038980; best param = {'quantifier__classifier__C': 1000.0, 'quantifier__classifier__class_weight': 'balanced', 'quantifier__bandwidth': 0.12, 'confidence': ['isoft']} [took 48.857s]
31/12/23 15:29:44| DEBUG       [MultiClassAccuracyEstimator] optimization finished: best params {'quantifier__classifier__C': 1000.0, 'quantifier__classifier__class_weight': 'balanced', 'quantifier__bandwidth': 0.12, 'confidence': None} (score=0.01000) [took 204.9983s]
31/12/23 15:37:09| INFO        d_mul_kde_lr_gs finished [took 649.7456s]
31/12/23 15:37:36| DEBUG       [size=11,place=1] best score = 0.00938663; best param = {'quantifier__classifier__C': 1000.0, 'quantifier__classifier__class_weight': 'balanced', 'quantifier__bandwidth': 0.09999999999999999, 'confidence': None} [took 26.708s]
31/12/23 15:37:36| DEBUG       [size=11,place=2] best score = 0.00939312; best param = {'quantifier__classifier__C': 100.0, 'quantifier__classifier__class_weight': 'balanced', 'quantifier__bandwidth': 0.01, 'confidence': None} [took 26.709s]
31/12/23 15:39:22| DEBUG       [size=51,place=1] best score = 0.00908576; best param = {'quantifier__classifier__C': 100.0, 'quantifier__classifier__class_weight': 'balanced', 'quantifier__bandwidth': 0.01, 'confidence': ['isoft']} [took 105.834s]
31/12/23 15:39:22| DEBUG       [size=51,place=2] best score = 0.00926007; best param = {'quantifier__classifier__C': 1000.0, 'quantifier__classifier__class_weight': 'balanced', 'quantifier__bandwidth': 0.01, 'confidence': None} [took 105.834s]
31/12/23 15:40:18| DEBUG       [size=27,place=1] best score = 0.00916850; best param = {'quantifier__classifier__C': 10.0, 'quantifier__classifier__class_weight': 'balanced', 'quantifier__bandwidth': 0.01, 'confidence': ['isoft']} [took 55.450s]
31/12/23 15:40:18| DEBUG       [size=27,place=2] best score = 0.00926569; best param = {'quantifier__classifier__C': 1.0, 'quantifier__classifier__class_weight': 'balanced', 'quantifier__bandwidth': 0.01, 'confidence': ['isoft']} [took 55.450s]
31/12/23 15:40:18| DEBUG       [MultiClassAccuracyEstimator] optimization finished: best params {'quantifier__classifier__C': 100.0, 'quantifier__classifier__class_weight': 'balanced', 'quantifier__bandwidth': 0.01, 'confidence': ['isoft']} (score=0.00909) [took 188.1087s]
31/12/23 15:44:15| INFO        d_m3w_kde_lr_gs finished [took 425.8182s]
31/12/23 15:44:15| INFO     Dataset sample [0.5 0.5] of dataset rcv1_GCAT finished [took 2753.3931s]
31/12/23 15:44:15| INFO     Dataset sample [0.6 0.4] of dataset rcv1_GCAT started
31/12/23 15:54:32| INFO        d_bin_kde_lr_ne finished [took 613.7645s]
31/12/23 15:54:34| INFO        d_bin_kde_lr_c finished [took 616.1243s]
31/12/23 15:54:37| INFO        d_bin_kde_lr finished [took 618.9641s]
31/12/23 15:54:38| INFO        d_bin_kde_lr_mc finished [took 619.8938s]
31/12/23 15:56:44| INFO        d_mul_kde_lr finished [took 745.7867s]
31/12/23 15:57:47| INFO        d_m3w_kde_lr finished [took 809.4852s]
31/12/23 15:58:01| INFO        ref finished [took 76.8044s]
31/12/23 15:58:16| INFO        d_m3w_kde_lr_c finished [took 838.5424s]
31/12/23 15:58:29| INFO        d_mul_kde_lr_c finished [took 851.8652s]
31/12/23 15:58:29| INFO        d_m3w_kde_lr_mc finished [took 851.6036s]
31/12/23 15:58:36| INFO        d_mul_kde_lr_ne finished [took 858.9832s]
31/12/23 15:59:11| INFO        doc finished [took 69.3650s]
31/12/23 15:59:14| INFO        atc_mc finished [took 85.8927s]
31/12/23 15:59:56| INFO        d_mul_kde_lr_mc finished [took 938.5268s]
31/12/23 16:02:09| INFO        d_bin_kde_lr_is finished [took 454.0845s]
31/12/23 16:05:33| INFO        d_m3w_kde_lr_ne finished [took 660.6474s]
31/12/23 16:05:40| INFO        d_m3w_kde_lr_is finished [took 662.0380s]
31/12/23 16:06:15| INFO        d_mul_kde_lr_is finished [took 697.8607s]
31/12/23 16:06:34| DEBUG       [size=11,place=1] best score = 0.00926199; best param = {'quantifier__classifier__C': 0.1, 'quantifier__classifier__class_weight': 'balanced', 'quantifier__bandwidth': 0.060000000000000005, 'confidence': ['isoft']} [took 17.708s]
31/12/23 16:06:34| DEBUG       [size=11,place=2] best score = 0.00943991; best param = {'quantifier__classifier__C': 1000.0, 'quantifier__classifier__class_weight': 'balanced', 'quantifier__bandwidth': 0.09999999999999999, 'confidence': None} [took 17.709s]
31/12/23 16:07:49| DEBUG       [size=52,place=1] best score = 0.00905370; best param = {'quantifier__classifier__C': 0.1, 'quantifier__classifier__class_weight': 'balanced', 'quantifier__bandwidth': 0.060000000000000005, 'confidence': None} [took 75.586s]
31/12/23 16:07:49| DEBUG       [size=52,place=2] best score = 0.00913371; best param = {'quantifier__classifier__C': 0.1, 'quantifier__classifier__class_weight': 'balanced', 'quantifier__bandwidth': 0.03, 'confidence': ['isoft']} [took 75.587s]
31/12/23 16:08:36| DEBUG       [size=31,place=1] best score = 0.00889463; best param = {'quantifier__classifier__C': 0.1, 'quantifier__classifier__class_weight': 'balanced', 'quantifier__bandwidth': 0.05, 'confidence': None} [took 46.122s]
31/12/23 16:08:36| DEBUG       [size=31,place=2] best score = 0.00903304; best param = {'quantifier__classifier__C': 0.1, 'quantifier__classifier__class_weight': 'balanced', 'quantifier__bandwidth': 0.04, 'confidence': None} [took 46.122s]
31/12/23 16:08:57| DEBUG       [size=12,place=1] best score = 0.00902277; best param = {'quantifier__classifier__C': 1.0, 'quantifier__classifier__class_weight': 'balanced', 'quantifier__bandwidth': 0.04, 'confidence': None} [took 21.102s]
31/12/23 16:08:57| DEBUG       [size=12,place=2] best score = 0.00904340; best param = {'quantifier__classifier__C': 1.0, 'quantifier__classifier__class_weight': 'balanced', 'quantifier__bandwidth': 0.05, 'confidence': None} [took 21.103s]
31/12/23 16:08:57| DEBUG       [BinaryQuantifierAccuracyEstimator] optimization finished: best params {'quantifier__classifier__C': 0.1, 'quantifier__classifier__class_weight': 'balanced', 'quantifier__bandwidth': 0.05, 'confidence': None} (score=0.00889) [took 160.6391s]
31/12/23 16:13:08| INFO        d_bin_kde_lr_gs finished [took 412.3118s]
31/12/23 16:13:39| DEBUG       [size=11,place=1] best score = 0.00938623; best param = {'quantifier__classifier__C': 1000.0, 'quantifier__classifier__class_weight': 'balanced', 'quantifier__bandwidth': 0.09999999999999999, 'confidence': None} [took 29.668s]
31/12/23 16:13:39| DEBUG       [size=11,place=2] best score = 0.00993810; best param = {'quantifier__classifier__C': 0.1, 'quantifier__classifier__class_weight': 'balanced', 'quantifier__bandwidth': 0.060000000000000005, 'confidence': ['isoft']} [took 29.668s]
31/12/23 16:15:59| DEBUG       [size=52,place=1] best score = 0.00901460; best param = {'quantifier__classifier__C': 1000.0, 'quantifier__classifier__class_weight': 'balanced', 'quantifier__bandwidth': 0.060000000000000005, 'confidence': None} [took 140.627s]
31/12/23 16:15:59| DEBUG       [size=52,place=2] best score = 0.00902488; best param = {'quantifier__classifier__C': 1000.0, 'quantifier__classifier__class_weight': 'balanced', 'quantifier__bandwidth': 0.05, 'confidence': None} [took 140.627s]
31/12/23 16:16:42| DEBUG       [size=14,place=1] best score = 0.00927310; best param = {'quantifier__classifier__C': 100.0, 'quantifier__classifier__class_weight': 'balanced', 'quantifier__bandwidth': 0.060000000000000005, 'confidence': None} [took 42.420s]
31/12/23 16:16:42| DEBUG       [size=14,place=2] best score = 0.00929318; best param = {'quantifier__classifier__C': 100.0, 'quantifier__classifier__class_weight': 'balanced', 'quantifier__bandwidth': 0.05, 'confidence': None} [took 42.420s]
31/12/23 16:16:42| DEBUG       [MultiClassAccuracyEstimator] optimization finished: best params {'quantifier__classifier__C': 1000.0, 'quantifier__classifier__class_weight': 'balanced', 'quantifier__bandwidth': 0.060000000000000005, 'confidence': None} (score=0.00901) [took 212.8257s]
31/12/23 16:22:26| INFO        d_mul_kde_lr_gs finished [took 557.2379s]
31/12/23 16:22:57| DEBUG       [size=11,place=1] best score = 0.01022782; best param = {'quantifier__classifier__C': 1000.0, 'quantifier__classifier__class_weight': 'balanced', 'quantifier__bandwidth': 0.09999999999999999, 'confidence': None} [took 29.522s]
31/12/23 16:22:57| DEBUG       [size=11,place=2] best score = 0.01052411; best param = {'quantifier__classifier__C': 0.1, 'quantifier__classifier__class_weight': 'balanced', 'quantifier__bandwidth': 0.060000000000000005, 'confidence': ['isoft']} [took 29.523s]
31/12/23 16:25:01| DEBUG       [size=52,place=1] best score = 0.00997560; best param = {'quantifier__classifier__C': 0.01, 'quantifier__classifier__class_weight': 'balanced', 'quantifier__bandwidth': 0.060000000000000005, 'confidence': ['isoft']} [took 124.477s]
31/12/23 16:25:01| DEBUG       [size=52,place=2] best score = 0.01001120; best param = {'quantifier__classifier__C': 0.1, 'quantifier__classifier__class_weight': 'balanced', 'quantifier__bandwidth': 0.09, 'confidence': ['isoft']} [took 124.478s]
31/12/23 16:26:17| DEBUG       [size=28,place=1] best score = 0.00978263; best param = {'quantifier__classifier__C': 0.01, 'quantifier__classifier__class_weight': 'balanced', 'quantifier__bandwidth': 0.06999999999999999, 'confidence': ['isoft']} [took 75.676s]
31/12/23 16:26:17| DEBUG       [size=28,place=2] best score = 0.00988801; best param = {'quantifier__classifier__C': 0.01, 'quantifier__classifier__class_weight': 'balanced', 'quantifier__bandwidth': 0.08, 'confidence': ['isoft']} [took 75.676s]
31/12/23 16:27:01| DEBUG       [size=14,place=1] best score = 0.01046232; best param = {'quantifier__classifier__C': 1.0, 'quantifier__classifier__class_weight': 'balanced', 'quantifier__bandwidth': 0.08, 'confidence': ['isoft']} [took 44.551s]
31/12/23 16:27:01| DEBUG       [size=14,place=2] best score = 0.01046917; best param = {'quantifier__classifier__C': 1.0, 'quantifier__classifier__class_weight': 'balanced', 'quantifier__bandwidth': 0.06999999999999999, 'confidence': ['isoft']} [took 44.552s]
31/12/23 16:27:01| DEBUG       [MultiClassAccuracyEstimator] optimization finished: best params {'quantifier__classifier__C': 0.01, 'quantifier__classifier__class_weight': 'balanced', 'quantifier__bandwidth': 0.06999999999999999, 'confidence': ['isoft']} (score=0.00978) [took 274.3448s]
31/12/23 16:34:21| INFO        d_m3w_kde_lr_gs finished [took 713.9853s]
31/12/23 16:34:21| INFO     Dataset sample [0.6 0.4] of dataset rcv1_GCAT finished [took 3005.6684s]
31/12/23 16:34:21| INFO     Dataset sample [0.7 0.3] of dataset rcv1_GCAT started
31/12/23 16:45:05| INFO        d_bin_kde_lr_ne finished [took 640.7512s]
31/12/23 16:45:34| INFO        d_bin_kde_lr_c finished [took 667.6669s]
31/12/23 16:45:35| INFO        d_bin_kde_lr finished [took 668.7758s]
31/12/23 16:45:44| INFO        d_bin_kde_lr_mc finished [took 677.8405s]
31/12/23 16:46:48| INFO        d_m3w_kde_lr finished [took 741.6409s]
31/12/23 16:47:35| INFO        d_mul_kde_lr finished [took 788.6166s]
31/12/23 16:48:06| INFO        ref finished [took 77.2648s]
31/12/23 16:49:05| INFO        atc_mc finished [took 89.2486s]
31/12/23 16:49:15| INFO        d_m3w_kde_lr_c finished [took 888.8457s]
31/12/23 16:49:20| INFO        d_mul_kde_lr_ne finished [took 894.1623s]
31/12/23 16:49:31| INFO        d_m3w_kde_lr_mc finished [took 904.5483s]
31/12/23 16:49:31| INFO        doc finished [took 85.1605s]
31/12/23 16:49:45| INFO        d_mul_kde_lr_mc finished [took 919.2026s]
31/12/23 16:50:12| INFO        d_mul_kde_lr_c finished [took 946.2518s]
31/12/23 16:53:58| INFO        d_bin_kde_lr_is finished [took 503.0182s]
31/12/23 16:55:40| INFO        d_m3w_kde_lr_ne finished [took 634.6144s]
31/12/23 16:57:11| INFO        d_m3w_kde_lr_is finished [took 686.3339s]
31/12/23 16:57:19| INFO        d_mul_kde_lr_is finished [took 703.7869s]
31/12/23 16:57:39| DEBUG       [size=11,place=1] best score = 0.00560311; best param = {'quantifier__classifier__C': 0.1, 'quantifier__classifier__class_weight': 'balanced', 'quantifier__bandwidth': 0.060000000000000005, 'confidence': ['isoft']} [took 18.262s]
31/12/23 16:57:39| DEBUG       [size=11,place=2] best score = 0.00620825; best param = {'quantifier__classifier__C': 1000.0, 'quantifier__classifier__class_weight': 'balanced', 'quantifier__bandwidth': 0.09999999999999999, 'confidence': None} [took 18.262s]
31/12/23 16:58:56| DEBUG       [size=52,place=1] best score = 0.00515094; best param = {'quantifier__classifier__C': 0.01, 'quantifier__classifier__class_weight': 'balanced', 'quantifier__bandwidth': 0.060000000000000005, 'confidence': ['isoft']} [took 76.871s]
31/12/23 16:58:56| DEBUG       [size=52,place=2] best score = 0.00560374; best param = {'quantifier__classifier__C': 0.1, 'quantifier__classifier__class_weight': 'balanced', 'quantifier__bandwidth': 0.06999999999999999, 'confidence': ['isoft']} [took 76.871s]
31/12/23 16:59:40| DEBUG       [size=28,place=1] best score = 0.00518253; best param = {'quantifier__classifier__C': 0.01, 'quantifier__classifier__class_weight': 'balanced', 'quantifier__bandwidth': 0.05, 'confidence': ['isoft']} [took 44.054s]
31/12/23 16:59:40| DEBUG       [size=28,place=2] best score = 0.00529956; best param = {'quantifier__classifier__C': 0.01, 'quantifier__classifier__class_weight': 'balanced', 'quantifier__bandwidth': 0.04, 'confidence': ['isoft']} [took 44.055s]
31/12/23 16:59:40| DEBUG       [BinaryQuantifierAccuracyEstimator] optimization finished: best params {'quantifier__classifier__C': 0.01, 'quantifier__classifier__class_weight': 'balanced', 'quantifier__bandwidth': 0.060000000000000005, 'confidence': ['isoft']} (score=0.00515) [took 139.1986s]
31/12/23 17:03:54| INFO        d_bin_kde_lr_gs finished [took 393.9464s]
31/12/23 17:04:24| DEBUG       [size=11,place=1] best score = 0.00643480; best param = {'quantifier__classifier__C': 1000.0, 'quantifier__classifier__class_weight': 'balanced', 'quantifier__bandwidth': 0.09999999999999999, 'confidence': None} [took 28.456s]
31/12/23 17:04:24| DEBUG       [size=11,place=2] best score = 0.01020764; best param = {'quantifier__classifier__C': 0.1, 'quantifier__classifier__class_weight': 'balanced', 'quantifier__bandwidth': 0.060000000000000005, 'confidence': ['isoft']} [took 28.457s]
31/12/23 17:06:36| DEBUG       [size=52,place=1] best score = 0.00532939; best param = {'quantifier__classifier__C': 1000.0, 'quantifier__classifier__class_weight': 'balanced', 'quantifier__bandwidth': 0.060000000000000005, 'confidence': ['isoft']} [took 132.528s]
31/12/23 17:06:36| DEBUG       [size=52,place=2] best score = 0.00566622; best param = {'quantifier__classifier__C': 100.0, 'quantifier__classifier__class_weight': 'balanced', 'quantifier__bandwidth': 0.060000000000000005, 'confidence': ['isoft']} [took 132.528s]
31/12/23 17:08:14| DEBUG       [size=40,place=1] best score = 0.00536495; best param = {'quantifier__classifier__C': 1000.0, 'quantifier__classifier__class_weight': 'balanced', 'quantifier__bandwidth': 0.06999999999999999, 'confidence': ['isoft']} [took 98.195s]
31/12/23 17:08:14| DEBUG       [size=40,place=2] best score = 0.00545780; best param = {'quantifier__classifier__C': 1000.0, 'quantifier__classifier__class_weight': 'balanced', 'quantifier__bandwidth': 0.05, 'confidence': ['isoft']} [took 98.196s]
31/12/23 17:08:14| DEBUG       [MultiClassAccuracyEstimator] optimization finished: best params {'quantifier__classifier__C': 1000.0, 'quantifier__classifier__class_weight': 'balanced', 'quantifier__bandwidth': 0.060000000000000005, 'confidence': ['isoft']} (score=0.00533) [took 259.2890s]
31/12/23 17:13:30| INFO        d_mul_kde_lr_gs finished [took 574.4968s]
31/12/23 17:13:58| DEBUG       [size=11,place=1] best score = 0.00577341; best param = {'quantifier__classifier__C': 0.1, 'quantifier__classifier__class_weight': 'balanced', 'quantifier__bandwidth': 0.060000000000000005, 'confidence': ['isoft']} [took 27.427s]
31/12/23 17:13:58| DEBUG       [size=11,place=2] best score = 0.00656387; best param = {'quantifier__classifier__C': 1000.0, 'quantifier__classifier__class_weight': 'balanced', 'quantifier__bandwidth': 0.09999999999999999, 'confidence': None} [took 27.428s]
31/12/23 17:15:56| DEBUG       [size=52,place=1] best score = 0.00518782; best param = {'quantifier__classifier__C': 0.1, 'quantifier__classifier__class_weight': 'balanced', 'quantifier__bandwidth': 0.02, 'confidence': ['isoft']} [took 117.650s]
31/12/23 17:15:56| DEBUG       [size=52,place=2] best score = 0.00545295; best param = {'quantifier__classifier__C': 1000.0, 'quantifier__classifier__class_weight': 'balanced', 'quantifier__bandwidth': 0.03, 'confidence': None} [took 117.650s]
31/12/23 17:16:28| DEBUG       [size=16,place=1] best score = 0.00540229; best param = {'quantifier__classifier__C': 10.0, 'quantifier__classifier__class_weight': 'balanced', 'quantifier__bandwidth': 0.03, 'confidence': None} [took 32.083s]
31/12/23 17:16:28| DEBUG       [size=16,place=2] best score = 0.00544676; best param = {'quantifier__classifier__C': 100.0, 'quantifier__classifier__class_weight': 'balanced', 'quantifier__bandwidth': 0.03, 'confidence': None} [took 32.083s]
31/12/23 17:16:28| DEBUG       [MultiClassAccuracyEstimator] optimization finished: best params {'quantifier__classifier__C': 0.1, 'quantifier__classifier__class_weight': 'balanced', 'quantifier__bandwidth': 0.02, 'confidence': ['isoft']} (score=0.00519) [took 177.1733s]
31/12/23 17:21:02| INFO        d_m3w_kde_lr_gs finished [took 451.9544s]
31/12/23 17:21:02| INFO     Dataset sample [0.7 0.3] of dataset rcv1_GCAT finished [took 2801.2372s]
31/12/23 17:21:02| INFO     Dataset sample [0.8 0.2] of dataset rcv1_GCAT started
31/12/23 17:32:48| INFO        d_bin_kde_lr_c finished [took 703.3071s]
31/12/23 17:32:56| INFO        d_bin_kde_lr_mc finished [took 711.4017s]
31/12/23 17:33:11| INFO        d_bin_kde_lr finished [took 726.6407s]
31/12/23 17:33:18| INFO        d_bin_kde_lr_ne finished [took 733.3814s]
31/12/23 17:35:09| INFO        d_m3w_kde_lr_mc finished [took 844.1906s]
31/12/23 17:35:19| INFO        d_m3w_kde_lr finished [took 853.6037s]
31/12/23 17:35:34| INFO        d_m3w_kde_lr_c finished [took 869.3182s]
31/12/23 17:36:10| INFO        d_mul_kde_lr_ne finished [took 905.1205s]
31/12/23 17:36:23| INFO        d_mul_kde_lr finished [took 918.0049s]
31/12/23 17:36:25| INFO        d_mul_kde_lr_mc finished [took 920.2286s]
31/12/23 17:36:30| INFO        ref finished [took 79.6238s]
31/12/23 17:36:31| INFO        d_mul_kde_lr_c finished [took 926.4050s]
31/12/23 17:36:51| INFO        atc_mc finished [took 91.3221s]
31/12/23 17:36:56| INFO        doc finished [took 81.1662s]
31/12/23 17:41:50| INFO        d_bin_kde_lr_is finished [took 532.6468s]
31/12/23 17:43:20| INFO        d_m3w_kde_lr_ne finished [took 630.6764s]
31/12/23 17:43:38| INFO        d_m3w_kde_lr_is finished [took 619.0046s]
31/12/23 17:44:25| INFO        d_mul_kde_lr_is finished [took 673.7239s]
31/12/23 17:44:45| DEBUG       [size=11,place=1] best score = 0.01210209; best param = {'quantifier__classifier__C': 100.0, 'quantifier__classifier__class_weight': 'balanced', 'quantifier__bandwidth': 0.01, 'confidence': None} [took 18.873s]
31/12/23 17:44:45| DEBUG       [size=11,place=2] best score = 0.03793930; best param = {'quantifier__classifier__C': 1000.0, 'quantifier__classifier__class_weight': 'balanced', 'quantifier__bandwidth': 0.09999999999999999, 'confidence': None} [took 18.873s]
31/12/23 17:46:06| DEBUG       [size=51,place=1] best score = 0.00777243; best param = {'quantifier__classifier__C': 1000.0, 'quantifier__classifier__class_weight': 'balanced', 'quantifier__bandwidth': 0.03, 'confidence': None} [took 80.432s]
31/12/23 17:46:06| DEBUG       [size=51,place=2] best score = 0.00777317; best param = {'quantifier__classifier__C': 100.0, 'quantifier__classifier__class_weight': 'balanced', 'quantifier__bandwidth': 0.03, 'confidence': None} [took 80.432s]
31/12/23 17:46:21| DEBUG       [size=9,place=1] best score = 0.00784312; best param = {'quantifier__classifier__C': 1.0, 'quantifier__classifier__class_weight': 'balanced', 'quantifier__bandwidth': 0.03, 'confidence': None} [took 15.561s]
31/12/23 17:46:21| DEBUG       [size=9,place=2] best score = 0.00784928; best param = {'quantifier__classifier__C': 10.0, 'quantifier__classifier__class_weight': 'balanced', 'quantifier__bandwidth': 0.03, 'confidence': None} [took 15.561s]
31/12/23 17:46:21| DEBUG       [BinaryQuantifierAccuracyEstimator] optimization finished: best params {'quantifier__classifier__C': 1000.0, 'quantifier__classifier__class_weight': 'balanced', 'quantifier__bandwidth': 0.03, 'confidence': None} (score=0.00777) [took 114.8754s]
31/12/23 17:50:23| INFO        d_bin_kde_lr_gs finished [took 356.5080s]
31/12/23 17:50:52| DEBUG       [size=11,place=1] best score = 0.00796073; best param = {'quantifier__classifier__C': 10.0, 'quantifier__classifier__class_weight': None, 'quantifier__bandwidth': 0.18000000000000002, 'confidence': ['isoft']} [took 28.555s]
31/12/23 17:50:52| DEBUG       [size=11,place=2] best score = 0.00837674; best param = {'quantifier__classifier__C': 100.0, 'quantifier__classifier__class_weight': None, 'quantifier__bandwidth': 0.05, 'confidence': None} [took 28.555s]
31/12/23 17:53:03| DEBUG       [size=54,place=1] best score = 0.00681110; best param = {'quantifier__classifier__C': 100.0, 'quantifier__classifier__class_weight': None, 'quantifier__bandwidth': 0.05, 'confidence': ['isoft']} [took 130.461s]
31/12/23 17:53:03| DEBUG       [size=54,place=2] best score = 0.00750883; best param = {'quantifier__classifier__C': 100.0, 'quantifier__classifier__class_weight': None, 'quantifier__bandwidth': 0.06999999999999999, 'confidence': None} [took 130.461s]
31/12/23 17:54:16| DEBUG       [size=31,place=1] best score = 0.00692086; best param = {'quantifier__classifier__C': 100.0, 'quantifier__classifier__class_weight': None, 'quantifier__bandwidth': 0.060000000000000005, 'confidence': ['isoft']} [took 73.481s]
31/12/23 17:54:16| DEBUG       [size=31,place=2] best score = 0.00702617; best param = {'quantifier__classifier__C': 100.0, 'quantifier__classifier__class_weight': None, 'quantifier__bandwidth': 0.06999999999999999, 'confidence': ['isoft']} [took 73.481s]
31/12/23 17:54:16| DEBUG       [MultiClassAccuracyEstimator] optimization finished: best params {'quantifier__classifier__C': 100.0, 'quantifier__classifier__class_weight': None, 'quantifier__bandwidth': 0.05, 'confidence': ['isoft']} (score=0.00681) [took 232.6128s]
31/12/23 17:59:13| INFO        d_mul_kde_lr_gs finished [took 529.3983s]
31/12/23 17:59:42| DEBUG       [size=11,place=1] best score = 0.00711645; best param = {'quantifier__classifier__C': 1000.0, 'quantifier__classifier__class_weight': None, 'quantifier__bandwidth': 0.14, 'confidence': ['isoft']} [took 27.851s]
31/12/23 17:59:42| DEBUG       [size=11,place=2] best score = 0.00741973; best param = {'quantifier__classifier__C': 1000.0, 'quantifier__classifier__class_weight': None, 'quantifier__bandwidth': 0.09999999999999999, 'confidence': None} [took 27.852s]
31/12/23 18:01:28| DEBUG       [size=49,place=1] best score = 0.00690087; best param = {'quantifier__classifier__C': 1000.0, 'quantifier__classifier__class_weight': None, 'quantifier__bandwidth': 0.11, 'confidence': ['isoft']} [took 106.785s]
31/12/23 18:01:28| DEBUG       [size=49,place=2] best score = 0.00690575; best param = {'quantifier__classifier__C': 1000.0, 'quantifier__classifier__class_weight': None, 'quantifier__bandwidth': 0.12, 'confidence': ['isoft']} [took 106.785s]
31/12/23 18:02:09| DEBUG       [size=14,place=1] best score = 0.00713497; best param = {'quantifier__classifier__C': 100.0, 'quantifier__classifier__class_weight': None, 'quantifier__bandwidth': 0.12, 'confidence': ['isoft']} [took 40.167s]
31/12/23 18:02:09| DEBUG       [size=14,place=2] best score = 0.00719079; best param = {'quantifier__classifier__C': 100.0, 'quantifier__classifier__class_weight': None, 'quantifier__bandwidth': 0.11, 'confidence': ['isoft']} [took 40.167s]
31/12/23 18:02:09| DEBUG       [MultiClassAccuracyEstimator] optimization finished: best params {'quantifier__classifier__C': 1000.0, 'quantifier__classifier__class_weight': None, 'quantifier__bandwidth': 0.11, 'confidence': ['isoft']} (score=0.00690) [took 174.9241s]
31/12/23 18:07:33| INFO        d_m3w_kde_lr_gs finished [took 499.0991s]
31/12/23 18:07:33| INFO     Dataset sample [0.8 0.2] of dataset rcv1_GCAT finished [took 2790.3985s]
31/12/23 18:07:33| INFO     Dataset sample [0.9 0.1] of dataset rcv1_GCAT started
31/12/23 18:07:36| WARNING     Method d_bin_kde_lr_c failed. Exception: This solver needs samples of at least 2 classes in the data, but the data contains only one class: 1
31/12/23 18:07:38| WARNING     Method d_bin_kde_lr failed. Exception: This solver needs samples of at least 2 classes in the data, but the data contains only one class: 1
31/12/23 18:07:38| WARNING     Method d_bin_kde_lr_mc failed. Exception: This solver needs samples of at least 2 classes in the data, but the data contains only one class: 1
31/12/23 18:07:38| WARNING     Method d_bin_kde_lr_ne failed. Exception: This solver needs samples of at least 2 classes in the data, but the data contains only one class: 1
31/12/23 18:07:39| WARNING     Method d_bin_kde_lr_is failed. Exception: This solver needs samples of at least 2 classes in the data, but the data contains only one class: 1
31/12/23 18:09:31| INFO        ref finished [took 111.4139s]
31/12/23 18:10:59| INFO        atc_mc finished [took 87.3619s]
31/12/23 18:12:26| INFO        doc finished [took 86.9977s]
31/12/23 18:20:17| INFO        d_m3w_kde_lr_mc finished [took 759.9474s]
31/12/23 18:21:02| INFO        d_m3w_kde_lr_is finished [took 803.4286s]
31/12/23 18:21:03| INFO        d_mul_kde_lr_mc finished [took 805.7349s]
31/12/23 18:21:11| INFO        d_m3w_kde_lr_c finished [took 814.3388s]
31/12/23 18:21:12| INFO        d_m3w_kde_lr finished [took 814.6256s]
31/12/23 18:21:25| INFO        d_m3w_kde_lr_ne finished [took 827.6942s]
31/12/23 18:21:40| INFO        d_mul_kde_lr_is finished [took 841.2213s]
31/12/23 18:21:49| INFO        d_mul_kde_lr finished [took 851.6291s]
31/12/23 18:21:50| INFO        d_mul_kde_lr_c finished [took 852.4264s]
31/12/23 18:21:54| INFO        d_mul_kde_lr_ne finished [took 856.4482s]
31/12/23 18:22:16| WARNING     Method d_bin_kde_lr_gs failed. Exception: no combination of hyperparameters seem to work
31/12/23 18:22:45| DEBUG       [size=11,place=1] best score = 0.00716252; best param = {'quantifier__classifier__C': 100.0, 'quantifier__classifier__class_weight': None, 'quantifier__bandwidth': 0.05, 'confidence': None} [took 28.351s]
31/12/23 18:22:45| DEBUG       [size=11,place=2] best score = 0.00734139; best param = {'quantifier__classifier__C': 0.1, 'quantifier__classifier__class_weight': 'balanced', 'quantifier__bandwidth': 0.060000000000000005, 'confidence': ['isoft']} [took 28.351s]
31/12/23 18:24:55| DEBUG       [size=53,place=1] best score = 0.00666226; best param = {'quantifier__classifier__C': 0.01, 'quantifier__classifier__class_weight': 'balanced', 'quantifier__bandwidth': 0.060000000000000005, 'confidence': ['isoft']} [took 130.087s]
31/12/23 18:24:55| DEBUG       [size=53,place=2] best score = 0.00672109; best param = {'quantifier__classifier__C': 0.1, 'quantifier__classifier__class_weight': 'balanced', 'quantifier__bandwidth': 0.02, 'confidence': ['isoft']} [took 130.087s]
31/12/23 18:26:07| DEBUG       [size=28,place=1] best score = 0.00520906; best param = {'quantifier__classifier__C': 0.1, 'quantifier__classifier__class_weight': 'balanced', 'quantifier__bandwidth': 0.02, 'confidence': None} [took 72.148s]
31/12/23 18:26:07| DEBUG       [size=28,place=2] best score = 0.00522329; best param = {'quantifier__classifier__C': 0.1, 'quantifier__classifier__class_weight': None, 'quantifier__bandwidth': 0.02, 'confidence': ['isoft']} [took 72.149s]
31/12/23 18:28:08| DEBUG       [size=49,place=1] best score = 0.00538839; best param = {'quantifier__classifier__C': 0.1, 'quantifier__classifier__class_weight': 'balanced', 'quantifier__bandwidth': 0.03, 'confidence': None} [took 120.353s]
31/12/23 18:28:08| DEBUG       [size=49,place=2] best score = 0.00538841; best param = {'quantifier__classifier__C': 0.1, 'quantifier__classifier__class_weight': None, 'quantifier__bandwidth': 0.03, 'confidence': ['isoft']} [took 120.353s]
31/12/23 18:28:08| DEBUG       [MultiClassAccuracyEstimator] optimization finished: best params {'quantifier__classifier__C': 0.1, 'quantifier__classifier__class_weight': 'balanced', 'quantifier__bandwidth': 0.02, 'confidence': None} (score=0.00521) [took 351.0566s]
31/12/23 18:33:16| INFO        d_mul_kde_lr_gs finished [took 658.9809s]
31/12/23 18:33:44| DEBUG       [size=11,place=1] best score = 0.00544808; best param = {'quantifier__classifier__C': 0.1, 'quantifier__classifier__class_weight': 'balanced', 'quantifier__bandwidth': 0.060000000000000005, 'confidence': ['isoft']} [took 27.986s]
31/12/23 18:33:44| DEBUG       [size=11,place=2] best score = 0.00721840; best param = {'quantifier__classifier__C': 100.0, 'quantifier__classifier__class_weight': None, 'quantifier__bandwidth': 0.05, 'confidence': None} [took 27.987s]
31/12/23 18:35:38| DEBUG       [size=53,place=1] best score = 0.00541587; best param = {'quantifier__classifier__C': 0.1, 'quantifier__classifier__class_weight': 'balanced', 'quantifier__bandwidth': 0.06999999999999999, 'confidence': ['isoft']} [took 113.315s]
31/12/23 18:35:38| DEBUG       [size=53,place=2] best score = 0.00542086; best param = {'quantifier__classifier__C': 0.1, 'quantifier__classifier__class_weight': 'balanced', 'quantifier__bandwidth': 0.08, 'confidence': ['isoft']} [took 113.316s]
31/12/23 18:36:19| DEBUG       [size=16,place=1] best score = 0.00583996; best param = {'quantifier__classifier__C': 0.01, 'quantifier__classifier__class_weight': 'balanced', 'quantifier__bandwidth': 0.06999999999999999, 'confidence': ['isoft']} [took 40.987s]
31/12/23 18:36:19| DEBUG       [size=16,place=2] best score = 0.00635524; best param = {'quantifier__classifier__C': 0.01, 'quantifier__classifier__class_weight': 'balanced', 'quantifier__bandwidth': 0.08, 'confidence': ['isoft']} [took 40.988s]
31/12/23 18:36:19| DEBUG       [MultiClassAccuracyEstimator] optimization finished: best params {'quantifier__classifier__C': 0.1, 'quantifier__classifier__class_weight': 'balanced', 'quantifier__bandwidth': 0.06999999999999999, 'confidence': ['isoft']} (score=0.00542) [took 182.4011s]
31/12/23 18:41:45| INFO        d_m3w_kde_lr_gs finished [took 508.3477s]
31/12/23 18:41:45| INFO     Dataset sample [0.9 0.1] of dataset rcv1_GCAT finished [took 2051.9618s]
