----------------------------------------------------------------------------------------------------
04/01/24 11:19:02| INFO     dataset rcv1_GCAT [pool size: 10]
04/01/24 11:19:02| INFO     Dataset sample [0.1 0.9] of dataset rcv1_GCAT started
04/01/24 11:19:06| WARNING     Method d_bin_sld_rbf failed. Exception: The number of classes has to be greater than one; got 1 class
04/01/24 11:19:07| WARNING     Method d_bin_sld_rbf_c failed. Exception: The number of classes has to be greater than one; got 1 class
04/01/24 11:19:07| WARNING     Method d_bin_sld_rbf_mc failed. Exception: The number of classes has to be greater than one; got 1 class
04/01/24 11:19:07| WARNING     Method d_bin_sld_rbf_ne failed. Exception: The number of classes has to be greater than one; got 1 class
04/01/24 11:19:08| WARNING     Method d_bin_sld_rbf_is failed. Exception: The number of classes has to be greater than one; got 1 class
04/01/24 11:21:05| INFO        ref finished [took 116.7835s]
04/01/24 11:22:27| INFO        d_m3w_sld_rbf_c finished [took 200.5309s]
04/01/24 11:22:36| INFO        d_m3w_sld_rbf finished [took 209.0450s]
04/01/24 11:22:39| INFO        d_m3w_sld_rbf_is finished [took 211.8908s]
04/01/24 11:22:39| INFO        atc_mc finished [took 93.8029s]
04/01/24 11:22:56| INFO        d_m3w_sld_rbf_ne finished [took 228.5424s]
04/01/24 11:22:58| INFO        d_mul_sld_rbf_c finished [took 233.1672s]
04/01/24 11:23:04| INFO        d_m3w_sld_rbf_mc finished [took 237.1894s]
04/01/24 11:23:05| INFO        d_mul_sld_rbf_mc finished [took 238.4391s]
04/01/24 11:23:10| INFO        d_mul_sld_rbf finished [took 243.6118s]
04/01/24 11:23:14| INFO        d_mul_sld_rbf_ne finished [took 247.2925s]
04/01/24 11:23:16| INFO        d_mul_sld_rbf_is finished [took 248.7828s]
04/01/24 11:23:28| INFO        doc finished [took 60.1637s]
04/01/24 11:23:35| WARNING     Method d_bin_sld_rbf_gs failed. Exception: no combination of hyperparameters seem to work
04/01/24 11:23:52| DEBUG       [size=11,place=1] best score = 0.00901216; best param = {'quantifier__classifier__C': 0.1, 'quantifier__classifier__class_weight': 'balanced', 'quantifier__classifier__gamma': 277.41039162846886, 'quantifier__recalib': None, 'confidence': ['isoft']} [took 16.397s]
04/01/24 11:23:52| DEBUG       [size=11,place=2] best score = 0.01586408; best param = {'quantifier__classifier__C': 1.0, 'quantifier__classifier__class_weight': None, 'quantifier__classifier__gamma': 0.27741039162846887, 'quantifier__recalib': None, 'confidence': None} [took 16.397s]
04/01/24 11:24:35| DEBUG       [size=28,place=1] best score = 0.00668552; best param = {'quantifier__classifier__C': 0.1, 'quantifier__classifier__class_weight': 'balanced', 'quantifier__classifier__gamma': 0.27741039162846887, 'quantifier__recalib': None, 'confidence': ['isoft']} [took 43.273s]
04/01/24 11:24:35| DEBUG       [size=28,place=2] best score = 0.00782528; best param = {'quantifier__classifier__C': 0.01, 'quantifier__classifier__class_weight': None, 'quantifier__classifier__gamma': 0.27741039162846887, 'quantifier__recalib': None, 'confidence': None} [took 43.274s]
04/01/24 11:24:56| DEBUG       [size=16,place=1] best score = 0.00611622; best param = {'quantifier__classifier__C': 1.0, 'quantifier__classifier__class_weight': 'balanced', 'quantifier__classifier__gamma': 0.27741039162846887, 'quantifier__recalib': None, 'confidence': ['isoft']} [took 20.558s]
04/01/24 11:24:56| DEBUG       [size=16,place=2] best score = 0.00733278; best param = {'quantifier__classifier__C': 0.1, 'quantifier__classifier__class_weight': None, 'quantifier__classifier__gamma': 0.27741039162846887, 'quantifier__recalib': None, 'confidence': ['isoft']} [took 20.558s]
04/01/24 11:25:04| DEBUG       [size=14,place=1] best score = 0.00867012; best param = {'quantifier__classifier__C': 1.0, 'quantifier__classifier__class_weight': 'balanced', 'quantifier__classifier__gamma': 2.7741039162846883, 'quantifier__recalib': None, 'confidence': ['isoft']} [took 8.795s]
04/01/24 11:25:04| DEBUG       [size=14,place=2] best score = 0.00975069; best param = {'quantifier__classifier__C': 1.0, 'quantifier__classifier__class_weight': 'balanced', 'quantifier__classifier__gamma': 27.74103916284688, 'quantifier__recalib': None, 'confidence': ['isoft']} [took 8.796s]
04/01/24 11:25:04| DEBUG       [MultiClassAccuracyEstimator] optimization finished: best params {'quantifier__classifier__C': 1.0, 'quantifier__classifier__class_weight': 'balanced', 'quantifier__classifier__gamma': 0.27741039162846887, 'quantifier__recalib': None, 'confidence': ['isoft']} (score=0.00612) [took 89.1352s]
04/01/24 11:27:01| INFO        d_mul_sld_rbf_gs finished [took 205.9997s]
04/01/24 11:27:19| DEBUG       [size=11,place=1] best score = 0.00656518; best param = {'quantifier__classifier__C': 0.1, 'quantifier__classifier__class_weight': None, 'quantifier__classifier__gamma': 0.027741039162846884, 'quantifier__recalib': 'bcts', 'confidence': ['isoft']} [took 16.961s]
04/01/24 11:27:19| DEBUG       [size=11,place=2] best score = 0.00860014; best param = {'quantifier__classifier__C': 0.001, 'quantifier__classifier__class_weight': None, 'quantifier__classifier__gamma': 0.27741039162846887, 'quantifier__recalib': 'bcts', 'confidence': ['isoft']} [took 16.962s]
04/01/24 11:27:53| DEBUG       [size=26,place=1] best score = 0.00606658; best param = {'quantifier__classifier__C': 10.0, 'quantifier__classifier__class_weight': None, 'quantifier__classifier__gamma': 0.027741039162846884, 'quantifier__recalib': 'bcts', 'confidence': ['isoft']} [took 34.009s]
04/01/24 11:27:53| DEBUG       [size=26,place=2] best score = 0.00646683; best param = {'quantifier__classifier__C': 1.0, 'quantifier__classifier__class_weight': None, 'quantifier__classifier__gamma': 0.027741039162846884, 'quantifier__recalib': 'bcts', 'confidence': ['isoft']} [took 34.009s]
04/01/24 11:28:09| DEBUG       [size=14,place=1] best score = 0.00626281; best param = {'quantifier__classifier__C': 10.0, 'quantifier__classifier__class_weight': 'balanced', 'quantifier__classifier__gamma': 0.027741039162846884, 'quantifier__recalib': 'bcts', 'confidence': ['isoft']} [took 16.178s]
04/01/24 11:28:09| DEBUG       [size=14,place=2] best score = 0.00629881; best param = {'quantifier__classifier__C': 1.0, 'quantifier__classifier__class_weight': 'balanced', 'quantifier__classifier__gamma': 0.027741039162846884, 'quantifier__recalib': 'bcts', 'confidence': ['isoft']} [took 16.178s]
04/01/24 11:28:09| DEBUG       [MultiClassAccuracyEstimator] optimization finished: best params {'quantifier__classifier__C': 10.0, 'quantifier__classifier__class_weight': None, 'quantifier__classifier__gamma': 0.027741039162846884, 'quantifier__recalib': 'bcts', 'confidence': ['isoft']} (score=0.00607) [took 67.2615s]
04/01/24 11:29:36| INFO        d_m3w_sld_rbf_gs finished [took 153.5893s]
04/01/24 11:29:36| INFO     Dataset sample [0.1 0.9] of dataset rcv1_GCAT finished [took 634.0420s]
04/01/24 11:29:36| INFO     Dataset sample [0.2 0.8] of dataset rcv1_GCAT started
04/01/24 11:32:43| INFO        d_bin_sld_rbf finished [took 184.6472s]
04/01/24 11:33:05| INFO        d_mul_sld_rbf finished [took 207.1939s]
04/01/24 11:33:26| INFO        d_bin_sld_rbf_c finished [took 226.9375s]
04/01/24 11:33:32| INFO        d_bin_sld_rbf_ne finished [took 233.5862s]
04/01/24 11:33:45| INFO        d_bin_sld_rbf_mc finished [took 245.9072s]
04/01/24 11:33:53| INFO        d_m3w_sld_rbf finished [took 253.9559s]
04/01/24 11:33:56| INFO        d_m3w_sld_rbf_mc finished [took 257.3459s]
04/01/24 11:34:01| INFO        d_m3w_sld_rbf_c finished [took 262.4911s]
04/01/24 11:34:23| INFO        d_mul_sld_rbf_mc finished [took 284.9617s]
04/01/24 11:34:44| INFO        d_mul_sld_rbf_ne finished [took 305.5013s]
04/01/24 11:35:04| INFO        atc_mc finished [took 70.3051s]
04/01/24 11:35:05| INFO        d_mul_sld_rbf_c finished [took 326.3081s]
04/01/24 11:35:07| INFO        ref finished [took 81.4915s]
04/01/24 11:35:25| INFO        doc finished [took 88.3515s]
04/01/24 11:35:45| INFO        d_m3w_sld_rbf_ne finished [took 180.6040s]
04/01/24 11:36:00| INFO        d_mul_sld_rbf_is finished [took 153.9714s]
04/01/24 11:36:24| INFO        d_m3w_sld_rbf_is finished [took 171.5508s]
04/01/24 11:37:37| INFO        d_bin_sld_rbf_is finished [took 271.9914s]
04/01/24 11:37:49| DEBUG       [size=11,place=1] best score = 0.00686258; best param = {'quantifier__classifier__C': 1.0, 'quantifier__classifier__class_weight': None, 'quantifier__classifier__gamma': 0.3374058287439483, 'quantifier__recalib': None, 'confidence': None} [took 10.207s]
04/01/24 11:37:49| DEBUG       [size=11,place=2] best score = 0.01079415; best param = {'quantifier__classifier__C': 10.0, 'quantifier__classifier__class_weight': None, 'quantifier__classifier__gamma': 33.740582874394825, 'quantifier__recalib': 'bcts', 'confidence': ['max_conf', 'entropy']} [took 10.207s]
04/01/24 11:38:20| DEBUG       [size=28,place=1] best score = 0.00724502; best param = {'quantifier__classifier__C': 10.0, 'quantifier__classifier__class_weight': 'balanced', 'quantifier__classifier__gamma': 33.740582874394825, 'quantifier__recalib': 'bcts', 'confidence': ['max_conf', 'entropy']} [took 31.080s]
04/01/24 11:38:20| DEBUG       [size=28,place=2] best score = 0.00844321; best param = {'quantifier__classifier__C': 1.0, 'quantifier__classifier__class_weight': None, 'quantifier__classifier__gamma': 33.740582874394825, 'quantifier__recalib': None, 'confidence': None} [took 31.080s]
04/01/24 11:38:20| DEBUG       [BinaryQuantifierAccuracyEstimator] optimization finished: best params {'quantifier__classifier__C': 1.0, 'quantifier__classifier__class_weight': None, 'quantifier__classifier__gamma': 0.3374058287439483, 'quantifier__recalib': None, 'confidence': None} (score=0.00686) [took 41.3916s]
04/01/24 11:39:40| INFO        d_bin_sld_rbf_gs finished [took 121.6748s]
04/01/24 11:40:01| DEBUG       [size=11,place=1] best score = 0.01027361; best param = {'quantifier__classifier__C': 100.0, 'quantifier__classifier__class_weight': 'balanced', 'quantifier__classifier__gamma': 0.3374058287439483, 'quantifier__recalib': 'bcts', 'confidence': ['max_conf', 'entropy']} [took 19.691s]
04/01/24 11:40:01| DEBUG       [size=11,place=2] best score = 0.01621916; best param = {'quantifier__classifier__C': 10.0, 'quantifier__classifier__class_weight': None, 'quantifier__classifier__gamma': 33.740582874394825, 'quantifier__recalib': 'bcts', 'confidence': ['max_conf', 'entropy']} [took 19.691s]
04/01/24 11:40:52| DEBUG       [size=28,place=1] best score = 0.00785272; best param = {'quantifier__classifier__C': 100.0, 'quantifier__classifier__class_weight': 'balanced', 'quantifier__classifier__gamma': 3.3740582874394827, 'quantifier__recalib': 'bcts', 'confidence': ['max_conf', 'entropy']} [took 50.738s]
04/01/24 11:40:52| DEBUG       [size=28,place=2] best score = 0.00844626; best param = {'quantifier__classifier__C': 10.0, 'quantifier__classifier__class_weight': 'balanced', 'quantifier__classifier__gamma': 33.740582874394825, 'quantifier__recalib': 'bcts', 'confidence': ['max_conf', 'entropy']} [took 50.738s]
04/01/24 11:41:36| DEBUG       [size=20,place=1] best score = 0.00871653; best param = {'quantifier__classifier__C': 1000.0, 'quantifier__classifier__class_weight': 'balanced', 'quantifier__classifier__gamma': 3.3740582874394827, 'quantifier__recalib': 'bcts', 'confidence': ['max_conf', 'entropy']} [took 44.057s]
04/01/24 11:41:36| DEBUG       [size=20,place=2] best score = 0.00872032; best param = {'quantifier__classifier__C': 10.0, 'quantifier__classifier__class_weight': 'balanced', 'quantifier__classifier__gamma': 0.033740582874394826, 'quantifier__recalib': 'bcts', 'confidence': ['max_conf', 'entropy']} [took 44.058s]
04/01/24 11:41:36| DEBUG       [MultiClassAccuracyEstimator] optimization finished: best params {'quantifier__classifier__C': 100.0, 'quantifier__classifier__class_weight': 'balanced', 'quantifier__classifier__gamma': 3.3740582874394827, 'quantifier__recalib': 'bcts', 'confidence': ['max_conf', 'entropy']} (score=0.00785) [took 114.5956s]
04/01/24 11:43:35| INFO        d_mul_sld_rbf_gs finished [took 234.0509s]
04/01/24 11:43:54| DEBUG       [size=11,place=1] best score = 0.00991259; best param = {'quantifier__classifier__C': 10.0, 'quantifier__classifier__class_weight': None, 'quantifier__classifier__gamma': 33.740582874394825, 'quantifier__recalib': 'bcts', 'confidence': ['max_conf', 'entropy']} [took 17.974s]
04/01/24 11:43:54| DEBUG       [size=11,place=2] best score = 0.01454289; best param = {'quantifier__classifier__C': 0.001, 'quantifier__classifier__class_weight': None, 'quantifier__classifier__gamma': 0.3374058287439483, 'quantifier__recalib': 'bcts', 'confidence': ['isoft']} [took 17.974s]
04/01/24 11:44:32| DEBUG       [size=28,place=1] best score = 0.00618553; best param = {'quantifier__classifier__C': 10.0, 'quantifier__classifier__class_weight': 'balanced', 'quantifier__classifier__gamma': 33.740582874394825, 'quantifier__recalib': 'bcts', 'confidence': ['max_conf', 'entropy']} [took 37.643s]
04/01/24 11:44:32| DEBUG       [size=28,place=2] best score = 0.00800294; best param = {'quantifier__classifier__C': 1000.0, 'quantifier__classifier__class_weight': None, 'quantifier__classifier__gamma': 0.3374058287439483, 'quantifier__recalib': 'bcts', 'confidence': ['isoft']} [took 37.644s]
04/01/24 11:46:56| DEBUG       [size=21,place=1] best score = 0.00591734; best param = {'quantifier__classifier__C': 100.0, 'quantifier__classifier__class_weight': 'balanced', 'quantifier__classifier__gamma': 33.740582874394825, 'quantifier__recalib': 'bcts', 'confidence': ['max_conf', 'entropy']} [took 143.714s]
04/01/24 11:46:56| DEBUG       [size=21,place=2] best score = 0.00644927; best param = {'quantifier__classifier__C': 1000.0, 'quantifier__classifier__class_weight': 'balanced', 'quantifier__classifier__gamma': 33.740582874394825, 'quantifier__recalib': 'bcts', 'confidence': ['max_conf', 'entropy']} [took 143.714s]
04/01/24 11:50:29| DEBUG       [size=13,place=1] best score = 0.00555731; best param = {'quantifier__classifier__C': 100.0, 'quantifier__classifier__class_weight': 'balanced', 'quantifier__classifier__gamma': 33.740582874394825, 'quantifier__recalib': 'bcts', 'confidence': None} [took 213.755s]
04/01/24 11:50:29| DEBUG       [size=13,place=2] best score = 0.00596637; best param = {'quantifier__classifier__C': 1000.0, 'quantifier__classifier__class_weight': 'balanced', 'quantifier__classifier__gamma': 3.3740582874394827, 'quantifier__recalib': 'bcts', 'confidence': ['max_conf', 'entropy']} [took 213.755s]
04/01/24 11:51:03| DEBUG       [size=18,place=1] best score = 0.00595246; best param = {'quantifier__classifier__C': 1000.0, 'quantifier__classifier__class_weight': 'balanced', 'quantifier__classifier__gamma': 3.3740582874394827, 'quantifier__recalib': 'bcts', 'confidence': ['isoft']} [took 33.247s]
04/01/24 11:51:03| DEBUG       [size=18,place=2] best score = 0.00622515; best param = {'quantifier__classifier__C': 100.0, 'quantifier__classifier__class_weight': 'balanced', 'quantifier__classifier__gamma': 3.3740582874394827, 'quantifier__recalib': 'bcts', 'confidence': None} [took 33.247s]
04/01/24 11:51:03| DEBUG       [MultiClassAccuracyEstimator] optimization finished: best params {'quantifier__classifier__C': 100.0, 'quantifier__classifier__class_weight': 'balanced', 'quantifier__classifier__gamma': 33.740582874394825, 'quantifier__recalib': 'bcts', 'confidence': None} (score=0.00556) [took 446.4524s]
04/01/24 11:52:36| INFO        d_m3w_sld_rbf_gs finished [took 539.5701s]
04/01/24 11:52:36| INFO     Dataset sample [0.2 0.8] of dataset rcv1_GCAT finished [took 1380.1322s]
04/01/24 11:52:36| INFO     Dataset sample [0.3 0.7] of dataset rcv1_GCAT started
04/01/24 11:56:11| INFO        d_mul_sld_rbf_c finished [took 212.7795s]
04/01/24 11:56:16| INFO        d_bin_sld_rbf_ne finished [took 217.5226s]
04/01/24 11:56:21| INFO        d_bin_sld_rbf_mc finished [took 222.7652s]
04/01/24 11:56:23| INFO        d_bin_sld_rbf_c finished [took 224.3967s]
04/01/24 11:57:00| INFO        d_m3w_sld_rbf finished [took 261.7302s]
04/01/24 11:57:04| INFO        d_m3w_sld_rbf_mc finished [took 265.2412s]
04/01/24 11:57:08| INFO        d_m3w_sld_rbf_c finished [took 269.2310s]
04/01/24 11:57:10| INFO        d_mul_sld_rbf_ne finished [took 272.4678s]
04/01/24 11:57:20| INFO        d_mul_sld_rbf_mc finished [took 281.9019s]
04/01/24 11:57:51| INFO        d_mul_sld_rbf finished [took 312.2680s]
04/01/24 11:58:01| INFO        d_bin_sld_rbf finished [took 322.5640s]
04/01/24 11:58:12| INFO        atc_mc finished [took 67.8959s]
04/01/24 11:58:25| INFO        ref finished [took 84.2561s]
04/01/24 11:58:32| INFO        doc finished [took 83.2275s]
04/01/24 11:58:44| INFO        d_bin_sld_rbf_is finished [took 147.5339s]
04/01/24 11:59:04| INFO        d_mul_sld_rbf_is finished [took 162.1686s]
04/01/24 11:59:12| INFO        d_m3w_sld_rbf_ne finished [took 180.6929s]
04/01/24 11:59:12| INFO        d_m3w_sld_rbf_is finished [took 168.9259s]
04/01/24 11:59:27| DEBUG       [size=11,place=1] best score = 0.00804607; best param = {'quantifier__classifier__C': 0.01, 'quantifier__classifier__class_weight': None, 'quantifier__classifier__gamma': 37.9646405232147, 'quantifier__recalib': None, 'confidence': None} [took 13.805s]
04/01/24 11:59:27| DEBUG       [size=11,place=2] best score = 0.01021119; best param = {'quantifier__classifier__C': 100.0, 'quantifier__classifier__class_weight': 'balanced', 'quantifier__classifier__gamma': 0.37964640523214704, 'quantifier__recalib': 'bcts', 'confidence': ['max_conf', 'entropy']} [took 13.805s]
04/01/24 12:00:03| DEBUG       [size=28,place=1] best score = 0.00831758; best param = {'quantifier__classifier__C': 0.001, 'quantifier__classifier__class_weight': None, 'quantifier__classifier__gamma': 37.9646405232147, 'quantifier__recalib': None, 'confidence': None} [took 35.186s]
04/01/24 12:00:03| DEBUG       [size=28,place=2] best score = 0.00870043; best param = {'quantifier__classifier__C': 100.0, 'quantifier__classifier__class_weight': 'balanced', 'quantifier__classifier__gamma': 0.37964640523214704, 'quantifier__recalib': 'bcts', 'confidence': ['isoft']} [took 35.187s]
04/01/24 12:00:03| DEBUG       [BinaryQuantifierAccuracyEstimator] optimization finished: best params {'quantifier__classifier__C': 0.01, 'quantifier__classifier__class_weight': None, 'quantifier__classifier__gamma': 37.9646405232147, 'quantifier__recalib': None, 'confidence': None} (score=0.00805) [took 49.0982s]
04/01/24 12:01:22| INFO        d_bin_sld_rbf_gs finished [took 128.8302s]
04/01/24 12:01:45| DEBUG       [size=11,place=1] best score = 0.01136150; best param = {'quantifier__classifier__C': 0.1, 'quantifier__classifier__class_weight': 'balanced', 'quantifier__classifier__gamma': 379.646405232147, 'quantifier__recalib': None, 'confidence': ['isoft']} [took 21.474s]
04/01/24 12:01:45| DEBUG       [size=11,place=2] best score = 0.01138655; best param = {'quantifier__classifier__C': 100.0, 'quantifier__classifier__class_weight': 'balanced', 'quantifier__classifier__gamma': 0.37964640523214704, 'quantifier__recalib': 'bcts', 'confidence': ['max_conf', 'entropy']} [took 21.474s]
04/01/24 12:02:44| DEBUG       [size=28,place=1] best score = 0.00912671; best param = {'quantifier__classifier__C': 100.0, 'quantifier__classifier__class_weight': 'balanced', 'quantifier__classifier__gamma': 3.79646405232147, 'quantifier__recalib': 'bcts', 'confidence': ['max_conf', 'entropy']} [took 58.933s]
04/01/24 12:02:44| DEBUG       [size=28,place=2] best score = 0.00922606; best param = {'quantifier__classifier__C': 1.0, 'quantifier__classifier__class_weight': 'balanced', 'quantifier__classifier__gamma': 379.646405232147, 'quantifier__recalib': None, 'confidence': ['isoft']} [took 58.933s]
04/01/24 12:03:16| DEBUG       [size=18,place=1] best score = 0.00829488; best param = {'quantifier__classifier__C': 10.0, 'quantifier__classifier__class_weight': 'balanced', 'quantifier__classifier__gamma': 3.79646405232147, 'quantifier__recalib': 'bcts', 'confidence': ['max_conf', 'entropy']} [took 31.895s]
04/01/24 12:03:16| DEBUG       [size=18,place=2] best score = 0.00865699; best param = {'quantifier__classifier__C': 100.0, 'quantifier__classifier__class_weight': 'balanced', 'quantifier__classifier__gamma': 3.79646405232147, 'quantifier__recalib': 'bcts', 'confidence': None} [took 31.895s]
04/01/24 12:03:47| DEBUG       [size=17,place=1] best score = 0.00860660; best param = {'quantifier__classifier__C': 10.0, 'quantifier__classifier__class_weight': 'balanced', 'quantifier__classifier__gamma': 3.79646405232147, 'quantifier__recalib': 'bcts', 'confidence': ['isoft']} [took 31.593s]
04/01/24 12:03:47| DEBUG       [size=17,place=2] best score = 0.00914374; best param = {'quantifier__classifier__C': 1000.0, 'quantifier__classifier__class_weight': 'balanced', 'quantifier__classifier__gamma': 3.79646405232147, 'quantifier__recalib': 'bcts', 'confidence': None} [took 31.594s]
04/01/24 12:03:47| DEBUG       [MultiClassAccuracyEstimator] optimization finished: best params {'quantifier__classifier__C': 10.0, 'quantifier__classifier__class_weight': 'balanced', 'quantifier__classifier__gamma': 3.79646405232147, 'quantifier__recalib': 'bcts', 'confidence': ['max_conf', 'entropy']} (score=0.00829) [took 144.0062s]
04/01/24 12:06:04| INFO        d_mul_sld_rbf_gs finished [took 280.8184s]
04/01/24 12:06:22| DEBUG       [size=11,place=1] best score = 0.00891793; best param = {'quantifier__classifier__C': 0.1, 'quantifier__classifier__class_weight': 'balanced', 'quantifier__classifier__gamma': 379.646405232147, 'quantifier__recalib': None, 'confidence': ['isoft']} [took 16.538s]
04/01/24 12:06:22| DEBUG       [size=11,place=2] best score = 0.00956361; best param = {'quantifier__classifier__C': 100.0, 'quantifier__classifier__class_weight': 'balanced', 'quantifier__classifier__gamma': 0.37964640523214704, 'quantifier__recalib': 'bcts', 'confidence': ['max_conf', 'entropy']} [took 16.538s]
04/01/24 12:07:17| DEBUG       [size=28,place=1] best score = 0.00657673; best param = {'quantifier__classifier__C': 100.0, 'quantifier__classifier__class_weight': 'balanced', 'quantifier__classifier__gamma': 0.37964640523214704, 'quantifier__recalib': None, 'confidence': ['max_conf', 'entropy']} [took 55.442s]
04/01/24 12:07:17| DEBUG       [size=28,place=2] best score = 0.00732831; best param = {'quantifier__classifier__C': 0.1, 'quantifier__classifier__class_weight': 'balanced', 'quantifier__classifier__gamma': 0.0379646405232147, 'quantifier__recalib': None, 'confidence': ['isoft']} [took 55.443s]
04/01/24 12:07:51| DEBUG       [size=23,place=1] best score = 0.00661614; best param = {'quantifier__classifier__C': 1000.0, 'quantifier__classifier__class_weight': 'balanced', 'quantifier__classifier__gamma': 0.37964640523214704, 'quantifier__recalib': None, 'confidence': ['max_conf', 'entropy']} [took 33.521s]
04/01/24 12:07:51| DEBUG       [size=23,place=2] best score = 0.00670376; best param = {'quantifier__classifier__C': 100.0, 'quantifier__classifier__class_weight': 'balanced', 'quantifier__classifier__gamma': 0.0379646405232147, 'quantifier__recalib': None, 'confidence': ['isoft']} [took 33.522s]
04/01/24 12:07:51| DEBUG       [MultiClassAccuracyEstimator] optimization finished: best params {'quantifier__classifier__C': 100.0, 'quantifier__classifier__class_weight': 'balanced', 'quantifier__classifier__gamma': 0.37964640523214704, 'quantifier__recalib': None, 'confidence': ['max_conf', 'entropy']} (score=0.00658) [took 105.6187s]
04/01/24 12:09:37| INFO        d_m3w_sld_rbf_gs finished [took 211.8147s]
04/01/24 12:09:37| INFO     Dataset sample [0.3 0.7] of dataset rcv1_GCAT finished [took 1020.8794s]
04/01/24 12:09:37| INFO     Dataset sample [0.4 0.6] of dataset rcv1_GCAT started
04/01/24 12:13:20| INFO        d_m3w_sld_rbf_mc finished [took 221.3180s]
04/01/24 12:13:38| INFO        d_m3w_sld_rbf finished [took 238.9713s]
04/01/24 12:13:43| INFO        d_m3w_sld_rbf_c finished [took 243.4372s]
04/01/24 12:13:53| INFO        d_bin_sld_rbf_c finished [took 254.2886s]
04/01/24 12:13:59| INFO        d_bin_sld_rbf_ne finished [took 260.0437s]
04/01/24 12:14:17| INFO        d_bin_sld_rbf finished [took 277.6201s]
04/01/24 12:14:26| INFO        d_mul_sld_rbf_ne finished [took 286.9254s]
04/01/24 12:14:36| INFO        d_bin_sld_rbf_mc finished [took 296.9914s]
04/01/24 12:14:57| INFO        d_mul_sld_rbf_mc finished [took 318.1279s]
04/01/24 12:15:17| INFO        d_mul_sld_rbf_c finished [took 337.5436s]
04/01/24 12:15:22| INFO        d_mul_sld_rbf finished [took 342.7690s]
04/01/24 12:15:24| INFO        atc_mc finished [took 66.4123s]
04/01/24 12:15:26| INFO        ref finished [took 85.7483s]
04/01/24 12:15:49| INFO        doc finished [took 82.5167s]
04/01/24 12:15:55| INFO        d_m3w_sld_rbf_ne finished [took 154.8958s]
04/01/24 12:16:37| INFO        d_m3w_sld_rbf_is finished [took 163.1474s]
04/01/24 12:17:43| INFO        d_mul_sld_rbf_is finished [took 240.2537s]
04/01/24 12:17:49| INFO        d_bin_sld_rbf_is finished [took 250.6061s]
04/01/24 12:18:01| DEBUG       [size=11,place=1] best score = 0.01753310; best param = {'quantifier__classifier__C': 100.0, 'quantifier__classifier__class_weight': 'balanced', 'quantifier__classifier__gamma': 0.4141846552524939, 'quantifier__recalib': 'bcts', 'confidence': ['max_conf', 'entropy']} [took 10.372s]
04/01/24 12:18:01| DEBUG       [size=11,place=2] best score = 0.01891110; best param = {'quantifier__classifier__C': 0.001, 'quantifier__classifier__class_weight': None, 'quantifier__classifier__gamma': 41.41846552524939, 'quantifier__recalib': 'bcts', 'confidence': None} [took 10.372s]
04/01/24 12:18:36| DEBUG       [size=28,place=1] best score = 0.00716281; best param = {'quantifier__classifier__C': 0.1, 'quantifier__classifier__class_weight': 'balanced', 'quantifier__classifier__gamma': 0.4141846552524939, 'quantifier__recalib': 'bcts', 'confidence': ['max_conf', 'entropy']} [took 35.202s]
04/01/24 12:18:36| DEBUG       [size=28,place=2] best score = 0.00727528; best param = {'quantifier__classifier__C': 1.0, 'quantifier__classifier__class_weight': 'balanced', 'quantifier__classifier__gamma': 0.4141846552524939, 'quantifier__recalib': 'bcts', 'confidence': ['max_conf', 'entropy']} [took 35.203s]
04/01/24 12:18:53| DEBUG       [size=16,place=1] best score = 0.00709829; best param = {'quantifier__classifier__C': 1.0, 'quantifier__classifier__class_weight': 'balanced', 'quantifier__classifier__gamma': 0.04141846552524939, 'quantifier__recalib': 'bcts', 'confidence': ['max_conf', 'entropy']} [took 16.683s]
04/01/24 12:18:53| DEBUG       [size=16,place=2] best score = 0.00713609; best param = {'quantifier__classifier__C': 0.1, 'quantifier__classifier__class_weight': 'balanced', 'quantifier__classifier__gamma': 0.4141846552524939, 'quantifier__recalib': 'bcts', 'confidence': ['isoft']} [took 16.684s]
04/01/24 12:19:15| DEBUG       [size=18,place=1] best score = 0.00691563; best param = {'quantifier__classifier__C': 1.0, 'quantifier__classifier__class_weight': 'balanced', 'quantifier__classifier__gamma': 0.04141846552524939, 'quantifier__recalib': 'bcts', 'confidence': ['isoft']} [took 22.402s]
04/01/24 12:19:15| DEBUG       [size=18,place=2] best score = 0.00691737; best param = {'quantifier__classifier__C': 1.0, 'quantifier__classifier__class_weight': 'balanced', 'quantifier__classifier__gamma': 0.04141846552524939, 'quantifier__recalib': None, 'confidence': ['max_conf', 'entropy']} [took 22.403s]
04/01/24 12:19:37| DEBUG       [size=21,place=1] best score = 0.00693948; best param = {'quantifier__classifier__C': 10.0, 'quantifier__classifier__class_weight': 'balanced', 'quantifier__classifier__gamma': 0.04141846552524939, 'quantifier__recalib': 'bcts', 'confidence': ['isoft']} [took 21.473s]
04/01/24 12:19:37| DEBUG       [size=21,place=2] best score = 0.00712748; best param = {'quantifier__classifier__C': 10.0, 'quantifier__classifier__class_weight': 'balanced', 'quantifier__classifier__gamma': 0.04141846552524939, 'quantifier__recalib': None, 'confidence': ['max_conf', 'entropy']} [took 21.473s]
04/01/24 12:19:37| DEBUG       [BinaryQuantifierAccuracyEstimator] optimization finished: best params {'quantifier__classifier__C': 1.0, 'quantifier__classifier__class_weight': 'balanced', 'quantifier__classifier__gamma': 0.04141846552524939, 'quantifier__recalib': 'bcts', 'confidence': ['isoft']} (score=0.00692) [took 106.2472s]
04/01/24 12:21:38| INFO        d_bin_sld_rbf_gs finished [took 227.9407s]
04/01/24 12:22:00| DEBUG       [size=11,place=1] best score = 0.01209765; best param = {'quantifier__classifier__C': 100.0, 'quantifier__classifier__class_weight': 'balanced', 'quantifier__classifier__gamma': 0.4141846552524939, 'quantifier__recalib': 'bcts', 'confidence': ['max_conf', 'entropy']} [took 21.157s]
04/01/24 12:22:00| DEBUG       [size=11,place=2] best score = 0.01400943; best param = {'quantifier__classifier__C': 10.0, 'quantifier__classifier__class_weight': None, 'quantifier__classifier__gamma': 41.41846552524939, 'quantifier__recalib': 'bcts', 'confidence': ['max_conf', 'entropy']} [took 21.158s]
04/01/24 12:23:05| DEBUG       [size=28,place=1] best score = 0.00569014; best param = {'quantifier__classifier__C': 0.01, 'quantifier__classifier__class_weight': 'balanced', 'quantifier__classifier__gamma': 0.4141846552524939, 'quantifier__recalib': 'bcts', 'confidence': ['max_conf', 'entropy']} [took 64.381s]
04/01/24 12:23:05| DEBUG       [size=28,place=2] best score = 0.00724619; best param = {'quantifier__classifier__C': 1.0, 'quantifier__classifier__class_weight': 'balanced', 'quantifier__classifier__gamma': 0.4141846552524939, 'quantifier__recalib': 'bcts', 'confidence': ['max_conf', 'entropy']} [took 64.381s]
04/01/24 12:23:48| DEBUG       [size=16,place=1] best score = 0.00713187; best param = {'quantifier__classifier__C': 0.01, 'quantifier__classifier__class_weight': 'balanced', 'quantifier__classifier__gamma': 0.4141846552524939, 'quantifier__recalib': 'bcts', 'confidence': ['isoft']} [took 43.229s]
04/01/24 12:23:48| DEBUG       [size=16,place=2] best score = 0.00787274; best param = {'quantifier__classifier__C': 1.0, 'quantifier__classifier__class_weight': 'balanced', 'quantifier__classifier__gamma': 4.141846552524939, 'quantifier__recalib': 'bcts', 'confidence': ['max_conf', 'entropy']} [took 43.229s]
04/01/24 12:23:48| DEBUG       [MultiClassAccuracyEstimator] optimization finished: best params {'quantifier__classifier__C': 0.01, 'quantifier__classifier__class_weight': 'balanced', 'quantifier__classifier__gamma': 0.4141846552524939, 'quantifier__recalib': 'bcts', 'confidence': ['max_conf', 'entropy']} (score=0.00569) [took 128.8765s]
04/01/24 12:29:03| INFO        d_mul_sld_rbf_gs finished [took 444.3125s]
04/01/24 12:29:25| DEBUG       [size=11,place=1] best score = 0.00706886; best param = {'quantifier__classifier__C': 100.0, 'quantifier__classifier__class_weight': 'balanced', 'quantifier__classifier__gamma': 0.4141846552524939, 'quantifier__recalib': 'bcts', 'confidence': ['max_conf', 'entropy']} [took 21.166s]
04/01/24 12:29:25| DEBUG       [size=11,place=2] best score = 0.00854233; best param = {'quantifier__classifier__C': 0.001, 'quantifier__classifier__class_weight': None, 'quantifier__classifier__gamma': 41.41846552524939, 'quantifier__recalib': 'bcts', 'confidence': None} [took 21.167s]
04/01/24 12:30:25| DEBUG       [size=28,place=1] best score = 0.00703442; best param = {'quantifier__classifier__C': 1.0, 'quantifier__classifier__class_weight': 'balanced', 'quantifier__classifier__gamma': 0.4141846552524939, 'quantifier__recalib': 'bcts', 'confidence': ['max_conf', 'entropy']} [took 59.373s]
04/01/24 12:30:25| DEBUG       [size=28,place=2] best score = 0.00725190; best param = {'quantifier__classifier__C': 0.1, 'quantifier__classifier__class_weight': 'balanced', 'quantifier__classifier__gamma': 0.4141846552524939, 'quantifier__recalib': 'bcts', 'confidence': ['max_conf', 'entropy']} [took 59.374s]
04/01/24 12:30:52| DEBUG       [size=16,place=1] best score = 0.00671030; best param = {'quantifier__classifier__C': 1.0, 'quantifier__classifier__class_weight': 'balanced', 'quantifier__classifier__gamma': 0.4141846552524939, 'quantifier__recalib': 'bcts', 'confidence': ['isoft']} [took 27.615s]
04/01/24 12:30:52| DEBUG       [size=16,place=2] best score = 0.00687896; best param = {'quantifier__classifier__C': 0.1, 'quantifier__classifier__class_weight': 'balanced', 'quantifier__classifier__gamma': 4.141846552524939, 'quantifier__recalib': 'bcts', 'confidence': ['max_conf', 'entropy']} [took 27.615s]
04/01/24 12:31:30| DEBUG       [size=18,place=1] best score = 0.00629104; best param = {'quantifier__classifier__C': 0.1, 'quantifier__classifier__class_weight': 'balanced', 'quantifier__classifier__gamma': 4.141846552524939, 'quantifier__recalib': 'bcts', 'confidence': ['isoft']} [took 37.447s]
04/01/24 12:31:30| DEBUG       [size=18,place=2] best score = 0.00654356; best param = {'quantifier__classifier__C': 0.01, 'quantifier__classifier__class_weight': 'balanced', 'quantifier__classifier__gamma': 4.141846552524939, 'quantifier__recalib': 'bcts', 'confidence': ['max_conf', 'entropy']} [took 37.447s]
04/01/24 12:32:12| DEBUG       [size=16,place=1] best score = 0.00653268; best param = {'quantifier__classifier__C': 10.0, 'quantifier__classifier__class_weight': 'balanced', 'quantifier__classifier__gamma': 4.141846552524939, 'quantifier__recalib': 'bcts', 'confidence': ['isoft']} [took 42.672s]
04/01/24 12:32:12| DEBUG       [size=16,place=2] best score = 0.00694679; best param = {'quantifier__classifier__C': 0.01, 'quantifier__classifier__class_weight': 'balanced', 'quantifier__classifier__gamma': 4.141846552524939, 'quantifier__recalib': 'bcts', 'confidence': ['isoft']} [took 42.672s]
04/01/24 12:32:13| DEBUG       [MultiClassAccuracyEstimator] optimization finished: best params {'quantifier__classifier__C': 0.1, 'quantifier__classifier__class_weight': 'balanced', 'quantifier__classifier__gamma': 4.141846552524939, 'quantifier__recalib': 'bcts', 'confidence': ['isoft']} (score=0.00629) [took 188.3998s]
04/01/24 12:34:27| INFO        d_m3w_sld_rbf_gs finished [took 322.9568s]
04/01/24 12:34:27| INFO     Dataset sample [0.4 0.6] of dataset rcv1_GCAT finished [took 1490.2069s]
04/01/24 12:34:27| INFO     Dataset sample [0.5 0.5] of dataset rcv1_GCAT started
04/01/24 12:37:55| INFO        d_bin_sld_rbf_ne finished [took 206.0253s]
04/01/24 12:38:02| INFO        d_mul_sld_rbf_ne finished [took 213.9979s]
04/01/24 12:38:09| INFO        d_bin_sld_rbf_c finished [took 220.4990s]
04/01/24 12:38:12| INFO        d_bin_sld_rbf finished [took 223.2561s]
04/01/24 12:38:19| INFO        d_bin_sld_rbf_mc finished [took 230.2558s]
04/01/24 12:38:25| INFO        d_m3w_sld_rbf_c finished [took 236.0904s]
04/01/24 12:38:37| INFO        d_m3w_sld_rbf finished [took 247.9630s]
04/01/24 12:38:37| INFO        d_m3w_sld_rbf_mc finished [took 248.4108s]
04/01/24 12:38:53| INFO        d_mul_sld_rbf finished [took 263.9295s]
04/01/24 12:38:54| INFO        d_mul_sld_rbf_c finished [took 265.1996s]
04/01/24 12:39:04| INFO        d_mul_sld_rbf_mc finished [took 275.5170s]
04/01/24 12:39:34| INFO        ref finished [took 74.5725s]
04/01/24 12:39:48| INFO        atc_mc finished [took 82.7947s]
04/01/24 12:39:54| INFO        doc finished [took 76.9170s]
04/01/24 12:40:28| INFO        d_bin_sld_rbf_is finished [took 145.1566s]
04/01/24 12:40:28| INFO        d_m3w_sld_rbf_ne finished [took 152.9311s]
04/01/24 12:40:50| INFO        d_m3w_sld_rbf_is finished [took 157.4790s]
04/01/24 12:41:04| INFO        d_mul_sld_rbf_is finished [took 174.1611s]
04/01/24 12:41:18| DEBUG       [size=11,place=1] best score = 0.01111293; best param = {'quantifier__classifier__C': 100.0, 'quantifier__classifier__class_weight': 'balanced', 'quantifier__classifier__gamma': 0.42948668007886115, 'quantifier__recalib': 'bcts', 'confidence': ['max_conf', 'entropy']} [took 12.887s]
04/01/24 12:41:18| DEBUG       [size=11,place=2] best score = 0.02673176; best param = {'quantifier__classifier__C': 0.1, 'quantifier__classifier__class_weight': 'balanced', 'quantifier__classifier__gamma': 429.4866800788611, 'quantifier__recalib': None, 'confidence': ['isoft']} [took 12.888s]
04/01/24 12:41:49| DEBUG       [size=28,place=1] best score = 0.00981059; best param = {'quantifier__classifier__C': 0.001, 'quantifier__classifier__class_weight': 'balanced', 'quantifier__classifier__gamma': 0.42948668007886115, 'quantifier__recalib': 'bcts', 'confidence': ['max_conf', 'entropy']} [took 31.469s]
04/01/24 12:41:49| DEBUG       [size=28,place=2] best score = 0.01008088; best param = {'quantifier__classifier__C': 100.0, 'quantifier__classifier__class_weight': 'balanced', 'quantifier__classifier__gamma': 0.42948668007886115, 'quantifier__recalib': 'bcts', 'confidence': ['isoft']} [took 31.469s]
04/01/24 12:42:21| DEBUG       [size=19,place=1] best score = 0.00944766; best param = {'quantifier__classifier__C': 0.001, 'quantifier__classifier__class_weight': 'balanced', 'quantifier__classifier__gamma': 0.04294866800788611, 'quantifier__recalib': 'bcts', 'confidence': ['max_conf', 'entropy']} [took 32.289s]
04/01/24 12:42:21| DEBUG       [size=19,place=2] best score = 0.00956986; best param = {'quantifier__classifier__C': 0.001, 'quantifier__classifier__class_weight': 'balanced', 'quantifier__classifier__gamma': 0.42948668007886115, 'quantifier__recalib': 'bcts', 'confidence': None} [took 32.289s]
04/01/24 12:42:51| DEBUG       [size=19,place=1] best score = 0.00931384; best param = {'quantifier__classifier__C': 0.001, 'quantifier__classifier__class_weight': 'balanced', 'quantifier__classifier__gamma': 0.04294866800788611, 'quantifier__recalib': 'bcts', 'confidence': ['isoft']} [took 29.266s]
04/01/24 12:42:51| DEBUG       [size=19,place=2] best score = 0.00933671; best param = {'quantifier__classifier__C': 0.001, 'quantifier__classifier__class_weight': 'balanced', 'quantifier__classifier__gamma': 0.04294866800788611, 'quantifier__recalib': 'bcts', 'confidence': None} [took 29.266s]
04/01/24 12:43:15| DEBUG       [size=18,place=1] best score = 0.00941337; best param = {'quantifier__classifier__C': 0.01, 'quantifier__classifier__class_weight': 'balanced', 'quantifier__classifier__gamma': 0.04294866800788611, 'quantifier__recalib': 'bcts', 'confidence': None} [took 24.495s]
04/01/24 12:43:15| DEBUG       [size=18,place=2] best score = 0.00954945; best param = {'quantifier__classifier__C': 0.001, 'quantifier__classifier__class_weight': 'balanced', 'quantifier__classifier__gamma': 42.94866800788611, 'quantifier__recalib': 'bcts', 'confidence': ['isoft']} [took 24.496s]
04/01/24 12:43:15| DEBUG       [BinaryQuantifierAccuracyEstimator] optimization finished: best params {'quantifier__classifier__C': 0.001, 'quantifier__classifier__class_weight': 'balanced', 'quantifier__classifier__gamma': 0.04294866800788611, 'quantifier__recalib': 'bcts', 'confidence': ['isoft']} (score=0.00931) [took 130.5205s]
04/01/24 12:46:19| INFO        d_bin_sld_rbf_gs finished [took 314.5915s]
04/01/24 12:46:46| DEBUG       [size=11,place=1] best score = 0.00979453; best param = {'quantifier__classifier__C': 100.0, 'quantifier__classifier__class_weight': 'balanced', 'quantifier__classifier__gamma': 0.42948668007886115, 'quantifier__recalib': 'bcts', 'confidence': ['max_conf', 'entropy']} [took 25.723s]
04/01/24 12:46:46| DEBUG       [size=11,place=2] best score = 0.02669162; best param = {'quantifier__classifier__C': 0.1, 'quantifier__classifier__class_weight': 'balanced', 'quantifier__classifier__gamma': 429.4866800788611, 'quantifier__recalib': None, 'confidence': ['isoft']} [took 25.724s]
04/01/24 12:47:54| DEBUG       [size=28,place=1] best score = 0.00931298; best param = {'quantifier__classifier__C': 0.1, 'quantifier__classifier__class_weight': 'balanced', 'quantifier__classifier__gamma': 0.42948668007886115, 'quantifier__recalib': 'bcts', 'confidence': ['max_conf', 'entropy']} [took 68.652s]
04/01/24 12:47:54| DEBUG       [size=28,place=2] best score = 0.00977812; best param = {'quantifier__classifier__C': 1000.0, 'quantifier__classifier__class_weight': 'balanced', 'quantifier__classifier__gamma': 0.42948668007886115, 'quantifier__recalib': 'bcts', 'confidence': ['max_conf', 'entropy']} [took 68.652s]
04/01/24 12:48:48| DEBUG       [size=16,place=1] best score = 0.00933297; best param = {'quantifier__classifier__C': 1000.0, 'quantifier__classifier__class_weight': 'balanced', 'quantifier__classifier__gamma': 0.42948668007886115, 'quantifier__recalib': 'bcts', 'confidence': None} [took 53.574s]
04/01/24 12:48:48| DEBUG       [size=16,place=2] best score = 0.01065410; best param = {'quantifier__classifier__C': 0.1, 'quantifier__classifier__class_weight': 'balanced', 'quantifier__classifier__gamma': 0.42948668007886115, 'quantifier__recalib': 'bcts', 'confidence': ['isoft']} [took 53.574s]
04/01/24 12:48:48| DEBUG       [MultiClassAccuracyEstimator] optimization finished: best params {'quantifier__classifier__C': 0.1, 'quantifier__classifier__class_weight': 'balanced', 'quantifier__classifier__gamma': 0.42948668007886115, 'quantifier__recalib': 'bcts', 'confidence': ['max_conf', 'entropy']} (score=0.00931) [took 148.0593s]
04/01/24 12:52:23| INFO        d_mul_sld_rbf_gs finished [took 363.2251s]
04/01/24 12:52:46| DEBUG       [size=11,place=1] best score = 0.00918636; best param = {'quantifier__classifier__C': 100.0, 'quantifier__classifier__class_weight': 'balanced', 'quantifier__classifier__gamma': 0.42948668007886115, 'quantifier__recalib': 'bcts', 'confidence': ['max_conf', 'entropy']} [took 21.796s]
04/01/24 12:52:46| DEBUG       [size=11,place=2] best score = 0.01009758; best param = {'quantifier__classifier__C': 0.1, 'quantifier__classifier__class_weight': None, 'quantifier__classifier__gamma': 0.04294866800788611, 'quantifier__recalib': 'bcts', 'confidence': ['isoft']} [took 21.796s]
04/01/24 12:53:36| DEBUG       [size=28,place=1] best score = 0.00731812; best param = {'quantifier__classifier__C': 100.0, 'quantifier__classifier__class_weight': 'balanced', 'quantifier__classifier__gamma': 0.42948668007886115, 'quantifier__recalib': 'bcts', 'confidence': ['isoft']} [took 50.123s]
04/01/24 12:53:36| DEBUG       [size=28,place=2] best score = 0.00754074; best param = {'quantifier__classifier__C': 0.01, 'quantifier__classifier__class_weight': None, 'quantifier__classifier__gamma': 0.04294866800788611, 'quantifier__recalib': 'bcts', 'confidence': ['isoft']} [took 50.124s]
04/01/24 12:54:28| DEBUG       [size=20,place=1] best score = 0.00764551; best param = {'quantifier__classifier__C': 10.0, 'quantifier__classifier__class_weight': 'balanced', 'quantifier__classifier__gamma': 0.42948668007886115, 'quantifier__recalib': 'bcts', 'confidence': ['isoft']} [took 51.796s]
04/01/24 12:54:28| DEBUG       [size=20,place=2] best score = 0.00771542; best param = {'quantifier__classifier__C': 100.0, 'quantifier__classifier__class_weight': 'balanced', 'quantifier__classifier__gamma': 0.04294866800788611, 'quantifier__recalib': 'bcts', 'confidence': ['isoft']} [took 51.797s]
04/01/24 12:54:28| DEBUG       [MultiClassAccuracyEstimator] optimization finished: best params {'quantifier__classifier__C': 100.0, 'quantifier__classifier__class_weight': 'balanced', 'quantifier__classifier__gamma': 0.42948668007886115, 'quantifier__recalib': 'bcts', 'confidence': ['isoft']} (score=0.00732) [took 123.8352s]
04/01/24 12:56:37| INFO        d_m3w_sld_rbf_gs finished [took 253.4800s]
04/01/24 12:56:37| INFO     Dataset sample [0.5 0.5] of dataset rcv1_GCAT finished [took 1330.2090s]
04/01/24 12:56:37| INFO     Dataset sample [0.6 0.4] of dataset rcv1_GCAT started
04/01/24 13:00:21| INFO        d_m3w_sld_rbf_c finished [took 221.6678s]
04/01/24 13:00:33| INFO        d_bin_sld_rbf_c finished [took 233.3608s]
04/01/24 13:00:44| INFO        d_m3w_sld_rbf finished [took 244.3343s]
04/01/24 13:00:45| INFO        d_bin_sld_rbf_mc finished [took 245.9037s]
04/01/24 13:00:57| INFO        d_m3w_sld_rbf_mc finished [took 257.6997s]
04/01/24 13:01:15| INFO        d_bin_sld_rbf_ne finished [took 276.5599s]
04/01/24 13:01:19| INFO        d_mul_sld_rbf_c finished [took 279.1292s]
04/01/24 13:01:29| INFO        d_mul_sld_rbf_ne finished [took 289.9085s]
04/01/24 13:01:49| INFO        d_mul_sld_rbf_mc finished [took 308.9848s]
04/01/24 13:01:52| INFO        d_mul_sld_rbf finished [took 312.2802s]
04/01/24 13:02:14| INFO        d_bin_sld_rbf finished [took 334.1261s]
04/01/24 13:02:29| INFO        ref finished [took 91.4362s]
04/01/24 13:02:36| INFO        doc finished [took 76.5089s]
04/01/24 13:02:51| INFO        atc_mc finished [took 95.0827s]
04/01/24 13:03:01| INFO        d_m3w_sld_rbf_ne finished [took 159.4522s]
04/01/24 13:03:23| INFO        d_bin_sld_rbf_is finished [took 169.1550s]
04/01/24 13:03:30| INFO        d_m3w_sld_rbf_is finished [took 163.8194s]
04/01/24 13:04:01| INFO        d_mul_sld_rbf_is finished [took 196.2586s]
04/01/24 13:04:13| DEBUG       [size=11,place=1] best score = 0.00931021; best param = {'quantifier__classifier__C': 100.0, 'quantifier__classifier__class_weight': 'balanced', 'quantifier__classifier__gamma': 0.4111271098001601, 'quantifier__recalib': 'bcts', 'confidence': ['max_conf', 'entropy']} [took 10.761s]
04/01/24 13:04:13| DEBUG       [size=11,place=2] best score = 0.01152919; best param = {'quantifier__classifier__C': 0.1, 'quantifier__classifier__class_weight': 'balanced', 'quantifier__classifier__gamma': 411.1271098001601, 'quantifier__recalib': None, 'confidence': ['isoft']} [took 10.762s]
04/01/24 13:04:46| DEBUG       [size=28,place=1] best score = 0.00779148; best param = {'quantifier__classifier__C': 0.1, 'quantifier__classifier__class_weight': 'balanced', 'quantifier__classifier__gamma': 0.04111271098001601, 'quantifier__recalib': None, 'confidence': ['isoft']} [took 33.329s]
04/01/24 13:04:46| DEBUG       [size=28,place=2] best score = 0.00879794; best param = {'quantifier__classifier__C': 0.01, 'quantifier__classifier__class_weight': 'balanced', 'quantifier__classifier__gamma': 0.4111271098001601, 'quantifier__recalib': 'bcts', 'confidence': ['max_conf', 'entropy']} [took 33.329s]
04/01/24 13:05:20| DEBUG       [size=18,place=1] best score = 0.00659635; best param = {'quantifier__classifier__C': 0.01, 'quantifier__classifier__class_weight': 'balanced', 'quantifier__classifier__gamma': 0.4111271098001601, 'quantifier__recalib': None, 'confidence': ['max_conf', 'entropy']} [took 34.059s]
04/01/24 13:05:20| DEBUG       [size=18,place=2] best score = 0.00725730; best param = {'quantifier__classifier__C': 0.01, 'quantifier__classifier__class_weight': 'balanced', 'quantifier__classifier__gamma': 411.1271098001601, 'quantifier__recalib': 'bcts', 'confidence': ['max_conf', 'entropy']} [took 34.059s]
04/01/24 13:05:49| DEBUG       [size=19,place=1] best score = 0.00736902; best param = {'quantifier__classifier__C': 0.01, 'quantifier__classifier__class_weight': 'balanced', 'quantifier__classifier__gamma': 411.1271098001601, 'quantifier__recalib': None, 'confidence': ['max_conf', 'entropy']} [took 28.882s]
04/01/24 13:05:49| DEBUG       [size=19,place=2] best score = 0.00864219; best param = {'quantifier__classifier__C': 0.1, 'quantifier__classifier__class_weight': 'balanced', 'quantifier__classifier__gamma': 0.4111271098001601, 'quantifier__recalib': None, 'confidence': ['max_conf', 'entropy']} [took 28.882s]
04/01/24 13:05:49| DEBUG       [BinaryQuantifierAccuracyEstimator] optimization finished: best params {'quantifier__classifier__C': 0.01, 'quantifier__classifier__class_weight': 'balanced', 'quantifier__classifier__gamma': 0.4111271098001601, 'quantifier__recalib': None, 'confidence': ['max_conf', 'entropy']} (score=0.00660) [took 107.1448s]
04/01/24 13:08:57| INFO        d_bin_sld_rbf_gs finished [took 294.8183s]
04/01/24 13:09:21| DEBUG       [size=11,place=1] best score = 0.00917865; best param = {'quantifier__classifier__C': 100.0, 'quantifier__classifier__class_weight': 'balanced', 'quantifier__classifier__gamma': 0.4111271098001601, 'quantifier__recalib': 'bcts', 'confidence': ['max_conf', 'entropy']} [took 23.245s]
04/01/24 13:09:21| DEBUG       [size=11,place=2] best score = 0.01035925; best param = {'quantifier__classifier__C': 0.1, 'quantifier__classifier__class_weight': 'balanced', 'quantifier__classifier__gamma': 411.1271098001601, 'quantifier__recalib': None, 'confidence': ['isoft']} [took 23.246s]
04/01/24 13:10:22| DEBUG       [size=28,place=1] best score = 0.00691668; best param = {'quantifier__classifier__C': 0.01, 'quantifier__classifier__class_weight': 'balanced', 'quantifier__classifier__gamma': 0.4111271098001601, 'quantifier__recalib': 'bcts', 'confidence': ['max_conf', 'entropy']} [took 61.025s]
04/01/24 13:10:22| DEBUG       [size=28,place=2] best score = 0.00735120; best param = {'quantifier__classifier__C': 0.1, 'quantifier__classifier__class_weight': 'balanced', 'quantifier__classifier__gamma': 0.4111271098001601, 'quantifier__recalib': 'bcts', 'confidence': ['max_conf', 'entropy']} [took 61.025s]
04/01/24 13:11:11| DEBUG       [size=16,place=1] best score = 0.00771978; best param = {'quantifier__classifier__C': 0.1, 'quantifier__classifier__class_weight': 'balanced', 'quantifier__classifier__gamma': 4.111271098001601, 'quantifier__recalib': 'bcts', 'confidence': ['max_conf', 'entropy']} [took 48.884s]
04/01/24 13:11:11| DEBUG       [size=16,place=2] best score = 0.00844288; best param = {'quantifier__classifier__C': 0.01, 'quantifier__classifier__class_weight': 'balanced', 'quantifier__classifier__gamma': 4.111271098001601, 'quantifier__recalib': 'bcts', 'confidence': ['max_conf', 'entropy']} [took 48.884s]
04/01/24 13:11:11| DEBUG       [MultiClassAccuracyEstimator] optimization finished: best params {'quantifier__classifier__C': 0.01, 'quantifier__classifier__class_weight': 'balanced', 'quantifier__classifier__gamma': 0.4111271098001601, 'quantifier__recalib': 'bcts', 'confidence': ['max_conf', 'entropy']} (score=0.00692) [took 133.2635s]
04/01/24 13:16:31| INFO        d_mul_sld_rbf_gs finished [took 453.9158s]
04/01/24 13:16:54| DEBUG       [size=11,place=1] best score = 0.00844730; best param = {'quantifier__classifier__C': 100.0, 'quantifier__classifier__class_weight': 'balanced', 'quantifier__classifier__gamma': 0.4111271098001601, 'quantifier__recalib': 'bcts', 'confidence': ['max_conf', 'entropy']} [took 21.828s]
04/01/24 13:16:54| DEBUG       [size=11,place=2] best score = 0.01006541; best param = {'quantifier__classifier__C': 100.0, 'quantifier__classifier__class_weight': None, 'quantifier__classifier__gamma': 0.04111271098001601, 'quantifier__recalib': 'bcts', 'confidence': None} [took 21.828s]
04/01/24 13:17:46| DEBUG       [size=28,place=1] best score = 0.00810074; best param = {'quantifier__classifier__C': 100.0, 'quantifier__classifier__class_weight': 'balanced', 'quantifier__classifier__gamma': 41.11271098001601, 'quantifier__recalib': 'bcts', 'confidence': ['max_conf', 'entropy']} [took 52.094s]
04/01/24 13:17:46| DEBUG       [size=28,place=2] best score = 0.00813809; best param = {'quantifier__classifier__C': 1000.0, 'quantifier__classifier__class_weight': 'balanced', 'quantifier__classifier__gamma': 0.4111271098001601, 'quantifier__recalib': 'bcts', 'confidence': ['max_conf', 'entropy']} [took 52.095s]
04/01/24 13:19:04| DEBUG       [size=17,place=1] best score = 0.00804980; best param = {'quantifier__classifier__C': 0.1, 'quantifier__classifier__class_weight': 'balanced', 'quantifier__classifier__gamma': 41.11271098001601, 'quantifier__recalib': 'bcts', 'confidence': ['max_conf', 'entropy']} [took 77.943s]
04/01/24 13:19:04| DEBUG       [size=17,place=2] best score = 0.00824874; best param = {'quantifier__classifier__C': 1000.0, 'quantifier__classifier__class_weight': 'balanced', 'quantifier__classifier__gamma': 41.11271098001601, 'quantifier__recalib': 'bcts', 'confidence': ['max_conf', 'entropy']} [took 77.944s]
04/01/24 13:22:44| DEBUG       [size=11,place=1] best score = 0.00776942; best param = {'quantifier__classifier__C': 0.1, 'quantifier__classifier__class_weight': 'balanced', 'quantifier__classifier__gamma': 411.1271098001601, 'quantifier__recalib': 'bcts', 'confidence': ['max_conf', 'entropy']} [took 219.302s]
04/01/24 13:22:44| DEBUG       [size=11,place=2] best score = 0.00783426; best param = {'quantifier__classifier__C': 0.1, 'quantifier__classifier__class_weight': 'balanced', 'quantifier__classifier__gamma': 4.111271098001601, 'quantifier__recalib': 'bcts', 'confidence': ['max_conf', 'entropy']} [took 219.302s]
04/01/24 13:23:23| DEBUG       [size=16,place=1] best score = 0.00770306; best param = {'quantifier__classifier__C': 0.1, 'quantifier__classifier__class_weight': 'balanced', 'quantifier__classifier__gamma': 4.111271098001601, 'quantifier__recalib': 'bcts', 'confidence': ['isoft']} [took 39.041s]
04/01/24 13:23:23| DEBUG       [size=16,place=2] best score = 0.00779286; best param = {'quantifier__classifier__C': 1.0, 'quantifier__classifier__class_weight': 'balanced', 'quantifier__classifier__gamma': 4.111271098001601, 'quantifier__recalib': 'bcts', 'confidence': ['max_conf', 'entropy']} [took 39.041s]
04/01/24 13:23:50| DEBUG       [size=14,place=1] best score = 0.00778910; best param = {'quantifier__classifier__C': 0.1, 'quantifier__classifier__class_weight': 'balanced', 'quantifier__classifier__gamma': 0.04111271098001601, 'quantifier__recalib': 'bcts', 'confidence': ['isoft']} [took 27.632s]
04/01/24 13:23:50| DEBUG       [size=14,place=2] best score = 0.00797215; best param = {'quantifier__classifier__C': 1.0, 'quantifier__classifier__class_weight': 'balanced', 'quantifier__classifier__gamma': 4.111271098001601, 'quantifier__recalib': 'bcts', 'confidence': ['isoft']} [took 27.632s]
04/01/24 13:23:50| DEBUG       [MultiClassAccuracyEstimator] optimization finished: best params {'quantifier__classifier__C': 0.1, 'quantifier__classifier__class_weight': 'balanced', 'quantifier__classifier__gamma': 4.111271098001601, 'quantifier__recalib': 'bcts', 'confidence': ['isoft']} (score=0.00770) [took 437.8573s]
04/01/24 13:26:11| INFO        d_m3w_sld_rbf_gs finished [took 578.6150s]
04/01/24 13:26:11| INFO     Dataset sample [0.6 0.4] of dataset rcv1_GCAT finished [took 1773.6254s]
04/01/24 13:26:11| INFO     Dataset sample [0.7 0.3] of dataset rcv1_GCAT started
04/01/24 13:28:58| INFO        d_m3w_sld_rbf_c finished [took 164.9888s]
04/01/24 13:30:00| INFO        d_m3w_sld_rbf_mc finished [took 227.3256s]
04/01/24 13:30:05| INFO        d_bin_sld_rbf_mc finished [took 231.5711s]
04/01/24 13:30:07| INFO        d_bin_sld_rbf_ne finished [took 234.0276s]
04/01/24 13:30:13| INFO        d_m3w_sld_rbf finished [took 239.9023s]
04/01/24 13:30:40| INFO        d_bin_sld_rbf_c finished [took 266.6825s]
04/01/24 13:31:01| INFO        d_mul_sld_rbf finished [took 287.2152s]
04/01/24 13:31:08| INFO        d_mul_sld_rbf_c finished [took 295.0942s]
04/01/24 13:31:20| INFO        d_mul_sld_rbf_ne finished [took 306.2243s]
04/01/24 13:31:25| INFO        d_mul_sld_rbf_mc finished [took 311.5058s]
04/01/24 13:31:32| INFO        ref finished [took 77.8133s]
04/01/24 13:31:46| INFO        atc_mc finished [took 65.1938s]
04/01/24 13:31:52| INFO        d_m3w_sld_rbf_ne finished [took 172.8842s]
04/01/24 13:31:54| INFO        d_bin_sld_rbf finished [took 340.6928s]
04/01/24 13:32:09| INFO        doc finished [took 67.8940s]
04/01/24 13:32:23| INFO        d_bin_sld_rbf_is finished [took 142.4513s]
04/01/24 13:33:08| INFO        d_m3w_sld_rbf_is finished [took 180.2028s]
04/01/24 13:33:13| INFO        d_mul_sld_rbf_is finished [took 187.7594s]
04/01/24 13:33:25| DEBUG       [size=11,place=1] best score = 0.00524084; best param = {'quantifier__classifier__C': 0.1, 'quantifier__classifier__class_weight': None, 'quantifier__classifier__gamma': 0.038358540836103815, 'quantifier__recalib': 'bcts', 'confidence': ['isoft']} [took 10.955s]
04/01/24 13:33:25| DEBUG       [size=11,place=2] best score = 0.00579352; best param = {'quantifier__classifier__C': 100.0, 'quantifier__classifier__class_weight': 'balanced', 'quantifier__classifier__gamma': 0.38358540836103816, 'quantifier__recalib': 'bcts', 'confidence': ['max_conf', 'entropy']} [took 10.956s]
04/01/24 13:33:56| DEBUG       [size=28,place=1] best score = 0.00505526; best param = {'quantifier__classifier__C': 1.0, 'quantifier__classifier__class_weight': 'balanced', 'quantifier__classifier__gamma': 0.38358540836103816, 'quantifier__recalib': 'bcts', 'confidence': ['max_conf', 'entropy']} [took 30.815s]
04/01/24 13:33:56| DEBUG       [size=28,place=2] best score = 0.00521920; best param = {'quantifier__classifier__C': 0.1, 'quantifier__classifier__class_weight': None, 'quantifier__classifier__gamma': 0.038358540836103815, 'quantifier__recalib': 'bcts', 'confidence': None} [took 30.816s]
04/01/24 13:34:16| DEBUG       [size=19,place=1] best score = 0.00517386; best param = {'quantifier__classifier__C': 1.0, 'quantifier__classifier__class_weight': None, 'quantifier__classifier__gamma': 0.038358540836103815, 'quantifier__recalib': 'bcts', 'confidence': None} [took 19.702s]
04/01/24 13:34:16| DEBUG       [size=19,place=2] best score = 0.00533539; best param = {'quantifier__classifier__C': 1.0, 'quantifier__classifier__class_weight': 'balanced', 'quantifier__classifier__gamma': 0.38358540836103816, 'quantifier__recalib': 'bcts', 'confidence': ['isoft']} [took 19.702s]
04/01/24 13:34:16| DEBUG       [BinaryQuantifierAccuracyEstimator] optimization finished: best params {'quantifier__classifier__C': 1.0, 'quantifier__classifier__class_weight': 'balanced', 'quantifier__classifier__gamma': 0.38358540836103816, 'quantifier__recalib': 'bcts', 'confidence': ['max_conf', 'entropy']} (score=0.00506) [took 61.5832s]
04/01/24 13:36:06| INFO        d_bin_sld_rbf_gs finished [took 171.7080s]
04/01/24 13:36:29| DEBUG       [size=11,place=1] best score = 0.00913668; best param = {'quantifier__classifier__C': 0.1, 'quantifier__classifier__class_weight': 'balanced', 'quantifier__classifier__gamma': 383.58540836103816, 'quantifier__recalib': None, 'confidence': ['isoft']} [took 22.403s]
04/01/24 13:36:29| DEBUG       [size=11,place=2] best score = 0.00948679; best param = {'quantifier__classifier__C': 100.0, 'quantifier__classifier__class_weight': 'balanced', 'quantifier__classifier__gamma': 0.38358540836103816, 'quantifier__recalib': 'bcts', 'confidence': ['max_conf', 'entropy']} [took 22.403s]
04/01/24 13:37:26| DEBUG       [size=28,place=1] best score = 0.00667598; best param = {'quantifier__classifier__C': 0.1, 'quantifier__classifier__class_weight': 'balanced', 'quantifier__classifier__gamma': 0.038358540836103815, 'quantifier__recalib': None, 'confidence': ['isoft']} [took 57.236s]
04/01/24 13:37:26| DEBUG       [size=28,place=2] best score = 0.00755526; best param = {'quantifier__classifier__C': 0.1, 'quantifier__classifier__class_weight': 'balanced', 'quantifier__classifier__gamma': 383.58540836103816, 'quantifier__recalib': None, 'confidence': ['max_conf', 'entropy']} [took 57.237s]
04/01/24 13:38:14| DEBUG       [size=21,place=1] best score = 0.00652281; best param = {'quantifier__classifier__C': 10.0, 'quantifier__classifier__class_weight': 'balanced', 'quantifier__classifier__gamma': 0.038358540836103815, 'quantifier__recalib': None, 'confidence': ['isoft']} [took 47.244s]
04/01/24 13:38:14| DEBUG       [size=21,place=2] best score = 0.00687523; best param = {'quantifier__classifier__C': 1.0, 'quantifier__classifier__class_weight': 'balanced', 'quantifier__classifier__gamma': 0.038358540836103815, 'quantifier__recalib': None, 'confidence': ['isoft']} [took 47.244s]
04/01/24 13:38:33| DEBUG       [size=14,place=1] best score = 0.00610705; best param = {'quantifier__classifier__C': 10.0, 'quantifier__classifier__class_weight': 'balanced', 'quantifier__classifier__gamma': 0.038358540836103815, 'quantifier__recalib': None, 'confidence': None} [took 19.383s]
04/01/24 13:38:33| DEBUG       [size=14,place=2] best score = 0.00613196; best param = {'quantifier__classifier__C': 10.0, 'quantifier__classifier__class_weight': 'balanced', 'quantifier__classifier__gamma': 0.038358540836103815, 'quantifier__recalib': None, 'confidence': ['max_conf', 'entropy']} [took 19.383s]
04/01/24 13:39:11| DEBUG       [size=19,place=1] best score = 0.00653965; best param = {'quantifier__classifier__C': 100.0, 'quantifier__classifier__class_weight': 'balanced', 'quantifier__classifier__gamma': 0.038358540836103815, 'quantifier__recalib': None, 'confidence': None} [took 38.313s]
04/01/24 13:39:11| DEBUG       [size=19,place=2] best score = 0.00657447; best param = {'quantifier__classifier__C': 10.0, 'quantifier__classifier__class_weight': 'balanced', 'quantifier__classifier__gamma': 38.35854083610381, 'quantifier__recalib': None, 'confidence': None} [took 38.313s]
04/01/24 13:39:11| DEBUG       [MultiClassAccuracyEstimator] optimization finished: best params {'quantifier__classifier__C': 10.0, 'quantifier__classifier__class_weight': 'balanced', 'quantifier__classifier__gamma': 0.038358540836103815, 'quantifier__recalib': None, 'confidence': None} (score=0.00611) [took 184.6940s]
04/01/24 13:41:58| INFO        d_mul_sld_rbf_gs finished [took 351.1935s]
04/01/24 13:42:17| DEBUG       [size=11,place=1] best score = 0.00634576; best param = {'quantifier__classifier__C': 0.1, 'quantifier__classifier__class_weight': None, 'quantifier__classifier__gamma': 0.038358540836103815, 'quantifier__recalib': 'bcts', 'confidence': ['isoft']} [took 18.494s]
04/01/24 13:42:17| DEBUG       [size=11,place=2] best score = 0.00655663; best param = {'quantifier__classifier__C': 100.0, 'quantifier__classifier__class_weight': 'balanced', 'quantifier__classifier__gamma': 0.38358540836103816, 'quantifier__recalib': 'bcts', 'confidence': ['max_conf', 'entropy']} [took 18.494s]
04/01/24 13:43:04| DEBUG       [size=28,place=1] best score = 0.00559102; best param = {'quantifier__classifier__C': 100.0, 'quantifier__classifier__class_weight': 'balanced', 'quantifier__classifier__gamma': 0.38358540836103816, 'quantifier__recalib': 'bcts', 'confidence': None} [took 46.316s]
04/01/24 13:43:04| DEBUG       [size=28,place=2] best score = 0.00560394; best param = {'quantifier__classifier__C': 100.0, 'quantifier__classifier__class_weight': 'balanced', 'quantifier__classifier__gamma': 3.8358540836103816, 'quantifier__recalib': 'bcts', 'confidence': ['max_conf', 'entropy']} [took 46.316s]
04/01/24 13:43:40| DEBUG       [size=21,place=1] best score = 0.00557679; best param = {'quantifier__classifier__C': 1000.0, 'quantifier__classifier__class_weight': 'balanced', 'quantifier__classifier__gamma': 0.38358540836103816, 'quantifier__recalib': 'bcts', 'confidence': None} [took 36.652s]
04/01/24 13:43:40| DEBUG       [size=21,place=2] best score = 0.00593858; best param = {'quantifier__classifier__C': 100.0, 'quantifier__classifier__class_weight': 'balanced', 'quantifier__classifier__gamma': 3.8358540836103816, 'quantifier__recalib': 'bcts', 'confidence': None} [took 36.653s]
04/01/24 13:44:43| DEBUG       [size=14,place=1] best score = 0.00558831; best param = {'quantifier__classifier__C': 1.0, 'quantifier__classifier__class_weight': 'balanced', 'quantifier__classifier__gamma': 3.8358540836103816, 'quantifier__recalib': 'bcts', 'confidence': None} [took 62.836s]
04/01/24 13:44:43| DEBUG       [size=14,place=2] best score = 0.00565359; best param = {'quantifier__classifier__C': 10.0, 'quantifier__classifier__class_weight': 'balanced', 'quantifier__classifier__gamma': 3.8358540836103816, 'quantifier__recalib': 'bcts', 'confidence': None} [took 62.836s]
04/01/24 13:44:43| DEBUG       [MultiClassAccuracyEstimator] optimization finished: best params {'quantifier__classifier__C': 1000.0, 'quantifier__classifier__class_weight': 'balanced', 'quantifier__classifier__gamma': 0.38358540836103816, 'quantifier__recalib': 'bcts', 'confidence': None} (score=0.00558) [took 164.3158s]
04/01/24 13:46:35| INFO        d_m3w_sld_rbf_gs finished [took 276.6883s]
04/01/24 13:46:35| INFO     Dataset sample [0.7 0.3] of dataset rcv1_GCAT finished [took 1224.4134s]
04/01/24 13:46:35| INFO     Dataset sample [0.8 0.2] of dataset rcv1_GCAT started
04/01/24 13:49:24| INFO        d_bin_sld_rbf_ne finished [took 166.3949s]
04/01/24 13:50:19| INFO        d_bin_sld_rbf finished [took 221.1158s]
04/01/24 13:50:20| INFO        d_bin_sld_rbf_mc finished [took 222.1022s]
04/01/24 13:50:24| INFO        d_m3w_sld_rbf_c finished [took 226.1186s]
04/01/24 13:50:30| INFO        d_m3w_sld_rbf finished [took 232.0746s]
04/01/24 13:50:33| INFO        d_bin_sld_rbf_c finished [took 234.5421s]
04/01/24 13:50:36| INFO        d_m3w_sld_rbf_mc finished [took 237.7455s]
04/01/24 13:50:46| INFO        d_mul_sld_rbf finished [took 248.0891s]
04/01/24 13:50:59| INFO        d_mul_sld_rbf_mc finished [took 261.0446s]
04/01/24 13:51:08| INFO        d_mul_sld_rbf_ne finished [took 269.6489s]
04/01/24 13:51:12| INFO        d_mul_sld_rbf_c finished [took 274.5208s]
04/01/24 13:51:28| INFO        d_m3w_sld_rbf_ne finished [took 124.2759s]
04/01/24 13:51:44| INFO        ref finished [took 73.7358s]
04/01/24 13:51:57| INFO        atc_mc finished [took 84.0683s]
04/01/24 13:51:58| INFO        doc finished [took 81.1965s]
04/01/24 13:52:38| INFO        d_bin_sld_rbf_is finished [took 138.5401s]
04/01/24 13:52:52| INFO        d_m3w_sld_rbf_is finished [took 146.9897s]
04/01/24 13:53:08| INFO        d_mul_sld_rbf_is finished [took 167.0751s]
04/01/24 13:53:22| DEBUG       [size=11,place=1] best score = 0.00619598; best param = {'quantifier__classifier__C': 0.001, 'quantifier__classifier__class_weight': None, 'quantifier__classifier__gamma': 0.3289484261125142, 'quantifier__recalib': 'bcts', 'confidence': ['isoft']} [took 12.576s]
04/01/24 13:53:22| DEBUG       [size=11,place=2] best score = 0.00626423; best param = {'quantifier__classifier__C': 0.1, 'quantifier__classifier__class_weight': None, 'quantifier__classifier__gamma': 0.03289484261125142, 'quantifier__recalib': 'bcts', 'confidence': ['isoft']} [took 12.577s]
04/01/24 13:53:43| DEBUG       [size=26,place=1] best score = 0.00675400; best param = {'quantifier__classifier__C': 0.1, 'quantifier__classifier__class_weight': 'balanced', 'quantifier__classifier__gamma': 0.03289484261125142, 'quantifier__recalib': 'bcts', 'confidence': ['isoft']} [took 21.291s]
04/01/24 13:53:43| DEBUG       [size=26,place=2] best score = 0.00714796; best param = {'quantifier__classifier__C': 0.001, 'quantifier__classifier__class_weight': None, 'quantifier__classifier__gamma': 3.289484261125142, 'quantifier__recalib': 'bcts', 'confidence': ['isoft']} [took 21.292s]
04/01/24 13:53:43| DEBUG       [BinaryQuantifierAccuracyEstimator] optimization finished: best params {'quantifier__classifier__C': 0.001, 'quantifier__classifier__class_weight': None, 'quantifier__classifier__gamma': 0.3289484261125142, 'quantifier__recalib': 'bcts', 'confidence': ['isoft']} (score=0.00620) [took 33.9745s]
04/01/24 13:55:02| INFO        d_bin_sld_rbf_gs finished [took 112.6652s]
04/01/24 13:55:21| DEBUG       [size=11,place=1] best score = 0.01274357; best param = {'quantifier__classifier__C': 0.001, 'quantifier__classifier__class_weight': None, 'quantifier__classifier__gamma': 32.89484261125142, 'quantifier__recalib': 'bcts', 'confidence': None} [took 18.307s]
04/01/24 13:55:21| DEBUG       [size=11,place=2] best score = 0.01582448; best param = {'quantifier__classifier__C': 100.0, 'quantifier__classifier__class_weight': 'balanced', 'quantifier__classifier__gamma': 0.3289484261125142, 'quantifier__recalib': 'bcts', 'confidence': ['max_conf', 'entropy']} [took 18.307s]
04/01/24 13:56:18| DEBUG       [size=28,place=1] best score = 0.00923843; best param = {'quantifier__classifier__C': 0.01, 'quantifier__classifier__class_weight': None, 'quantifier__classifier__gamma': 32.89484261125142, 'quantifier__recalib': 'bcts', 'confidence': None} [took 56.761s]
04/01/24 13:56:18| DEBUG       [size=28,place=2] best score = 0.00928207; best param = {'quantifier__classifier__C': 0.001, 'quantifier__classifier__class_weight': None, 'quantifier__classifier__gamma': 32.89484261125142, 'quantifier__recalib': 'bcts', 'confidence': ['max_conf', 'entropy']} [took 56.761s]
04/01/24 13:57:32| DEBUG       [size=17,place=1] best score = 0.00901995; best param = {'quantifier__classifier__C': 0.1, 'quantifier__classifier__class_weight': None, 'quantifier__classifier__gamma': 32.89484261125142, 'quantifier__recalib': 'bcts', 'confidence': ['max_conf', 'entropy']} [took 74.522s]
04/01/24 13:57:32| DEBUG       [size=17,place=2] best score = 0.00959055; best param = {'quantifier__classifier__C': 1.0, 'quantifier__classifier__class_weight': None, 'quantifier__classifier__gamma': 32.89484261125142, 'quantifier__recalib': 'bcts', 'confidence': ['max_conf', 'entropy']} [took 74.522s]
04/01/24 13:57:51| DEBUG       [size=14,place=1] best score = 0.00865627; best param = {'quantifier__classifier__C': 1.0, 'quantifier__classifier__class_weight': None, 'quantifier__classifier__gamma': 3.289484261125142, 'quantifier__recalib': 'bcts', 'confidence': ['max_conf', 'entropy']} [took 19.177s]
04/01/24 13:57:51| DEBUG       [size=14,place=2] best score = 0.00886360; best param = {'quantifier__classifier__C': 0.1, 'quantifier__classifier__class_weight': None, 'quantifier__classifier__gamma': 3.289484261125142, 'quantifier__recalib': 'bcts', 'confidence': ['max_conf', 'entropy']} [took 19.177s]
04/01/24 13:58:04| DEBUG       [size=12,place=1] best score = 0.00864159; best param = {'quantifier__classifier__C': 1.0, 'quantifier__classifier__class_weight': None, 'quantifier__classifier__gamma': 3.289484261125142, 'quantifier__recalib': 'bcts', 'confidence': ['isoft']} [took 13.112s]
04/01/24 13:58:04| DEBUG       [size=12,place=2] best score = 0.00884385; best param = {'quantifier__classifier__C': 100.0, 'quantifier__classifier__class_weight': None, 'quantifier__classifier__gamma': 3.289484261125142, 'quantifier__recalib': 'bcts', 'confidence': ['max_conf', 'entropy']} [took 13.112s]
04/01/24 13:58:38| DEBUG       [size=14,place=1] best score = 0.00838609; best param = {'quantifier__classifier__C': 100.0, 'quantifier__classifier__class_weight': None, 'quantifier__classifier__gamma': 0.03289484261125142, 'quantifier__recalib': 'bcts', 'confidence': ['max_conf', 'entropy']} [took 33.675s]
04/01/24 13:58:38| DEBUG       [size=14,place=2] best score = 0.00892746; best param = {'quantifier__classifier__C': 10.0, 'quantifier__classifier__class_weight': None, 'quantifier__classifier__gamma': 3.289484261125142, 'quantifier__recalib': 'bcts', 'confidence': ['isoft']} [took 33.676s]
04/01/24 13:58:58| DEBUG       [size=12,place=1] best score = 0.00869818; best param = {'quantifier__classifier__C': 10.0, 'quantifier__classifier__class_weight': None, 'quantifier__classifier__gamma': 0.3289484261125142, 'quantifier__recalib': 'bcts', 'confidence': ['isoft']} [took 19.422s]
04/01/24 13:58:58| DEBUG       [size=12,place=2] best score = 0.00919337; best param = {'quantifier__classifier__C': 10.0, 'quantifier__classifier__class_weight': 'balanced', 'quantifier__classifier__gamma': 3.289484261125142, 'quantifier__recalib': 'bcts', 'confidence': ['isoft']} [took 19.423s]
04/01/24 13:58:58| DEBUG       [MultiClassAccuracyEstimator] optimization finished: best params {'quantifier__classifier__C': 100.0, 'quantifier__classifier__class_weight': None, 'quantifier__classifier__gamma': 0.03289484261125142, 'quantifier__recalib': 'bcts', 'confidence': ['max_conf', 'entropy']} (score=0.00839) [took 234.9974s]
04/01/24 14:00:24| INFO        d_mul_sld_rbf_gs finished [took 321.7887s]
04/01/24 14:00:42| DEBUG       [size=11,place=1] best score = 0.00914582; best param = {'quantifier__classifier__C': 10.0, 'quantifier__classifier__class_weight': None, 'quantifier__classifier__gamma': 32.89484261125142, 'quantifier__recalib': 'bcts', 'confidence': ['max_conf', 'entropy']} [took 17.210s]
04/01/24 14:00:42| DEBUG       [size=11,place=2] best score = 0.00927034; best param = {'quantifier__classifier__C': 100.0, 'quantifier__classifier__class_weight': 'balanced', 'quantifier__classifier__gamma': 0.3289484261125142, 'quantifier__recalib': 'bcts', 'confidence': ['max_conf', 'entropy']} [took 17.211s]
04/01/24 14:01:59| DEBUG       [size=28,place=1] best score = 0.00848826; best param = {'quantifier__classifier__C': 10.0, 'quantifier__classifier__class_weight': None, 'quantifier__classifier__gamma': 32.89484261125142, 'quantifier__recalib': 'bcts', 'confidence': None} [took 76.306s]
04/01/24 14:01:59| DEBUG       [size=28,place=2] best score = 0.00876583; best param = {'quantifier__classifier__C': 1000.0, 'quantifier__classifier__class_weight': None, 'quantifier__classifier__gamma': 32.89484261125142, 'quantifier__recalib': 'bcts', 'confidence': ['max_conf', 'entropy']} [took 76.307s]
04/01/24 14:04:05| DEBUG       [size=18,place=1] best score = 0.00886676; best param = {'quantifier__classifier__C': 1.0, 'quantifier__classifier__class_weight': None, 'quantifier__classifier__gamma': 32.89484261125142, 'quantifier__recalib': 'bcts', 'confidence': None} [took 126.517s]
04/01/24 14:04:05| DEBUG       [size=18,place=2] best score = 0.00896464; best param = {'quantifier__classifier__C': 1000.0, 'quantifier__classifier__class_weight': None, 'quantifier__classifier__gamma': 32.89484261125142, 'quantifier__recalib': 'bcts', 'confidence': None} [took 126.518s]
04/01/24 14:04:05| DEBUG       [MultiClassAccuracyEstimator] optimization finished: best params {'quantifier__classifier__C': 10.0, 'quantifier__classifier__class_weight': None, 'quantifier__classifier__gamma': 32.89484261125142, 'quantifier__recalib': 'bcts', 'confidence': None} (score=0.00849) [took 220.1491s]
04/01/24 14:05:20| INFO        d_m3w_sld_rbf_gs finished [took 294.4855s]
04/01/24 14:05:20| INFO     Dataset sample [0.8 0.2] of dataset rcv1_GCAT finished [took 1124.2704s]
04/01/24 14:05:20| INFO     Dataset sample [0.9 0.1] of dataset rcv1_GCAT started
04/01/24 14:07:44| INFO        d_bin_sld_rbf finished [took 142.6992s]
04/01/24 14:08:43| INFO        d_bin_sld_rbf_c finished [took 201.5703s]
04/01/24 14:08:52| INFO        d_bin_sld_rbf_mc finished [took 210.0484s]
04/01/24 14:08:54| INFO        d_m3w_sld_rbf finished [took 212.8778s]
04/01/24 14:08:59| INFO        d_m3w_sld_rbf_mc finished [took 217.1081s]
04/01/24 14:09:03| INFO        d_bin_sld_rbf_ne finished [took 221.6905s]
04/01/24 14:09:07| INFO        d_m3w_sld_rbf_c finished [took 225.0241s]
04/01/24 14:09:08| INFO        d_mul_sld_rbf finished [took 226.6039s]
04/01/24 14:09:29| INFO        d_mul_sld_rbf_mc finished [took 246.8090s]
04/01/24 14:09:39| INFO        d_mul_sld_rbf_ne finished [took 257.7313s]
04/01/24 14:09:56| INFO        d_mul_sld_rbf_c finished [took 274.2714s]
04/01/24 14:10:03| INFO        d_m3w_sld_rbf_ne finished [took 139.3250s]
04/01/24 14:10:16| INFO        ref finished [took 76.7872s]
04/01/24 14:10:33| INFO        atc_mc finished [took 89.1551s]
04/01/24 14:10:35| INFO        doc finished [took 87.6538s]
04/01/24 14:10:50| INFO        d_bin_sld_rbf_is finished [took 126.6638s]
04/01/24 14:10:56| INFO        d_m3w_sld_rbf_is finished [took 120.9876s]
04/01/24 14:11:25| INFO        d_mul_sld_rbf_is finished [took 152.9899s]
04/01/24 14:11:43| DEBUG       [size=11,place=1] best score = 0.12720022; best param = {'quantifier__classifier__C': 0.01, 'quantifier__classifier__class_weight': 'balanced', 'quantifier__classifier__gamma': 0.27266674375981287, 'quantifier__recalib': None, 'confidence': None} [took 16.763s]
04/01/24 14:11:43| DEBUG       [size=11,place=2] best score = 0.17573423; best param = {'quantifier__classifier__C': 1.0, 'quantifier__classifier__class_weight': None, 'quantifier__classifier__gamma': 0.27266674375981287, 'quantifier__recalib': None, 'confidence': None} [took 16.764s]
04/01/24 14:12:08| DEBUG       [size=26,place=1] best score = 0.01812658; best param = {'quantifier__classifier__C': 100.0, 'quantifier__classifier__class_weight': None, 'quantifier__classifier__gamma': 0.27266674375981287, 'quantifier__recalib': None, 'confidence': None} [took 25.559s]
04/01/24 14:12:08| DEBUG       [size=26,place=2] best score = 0.02750708; best param = {'quantifier__classifier__C': 1.0, 'quantifier__classifier__class_weight': None, 'quantifier__classifier__gamma': 2.7266674375981284, 'quantifier__recalib': None, 'confidence': None} [took 25.560s]
04/01/24 14:12:16| DEBUG       [size=15,place=1] best score = 0.02699881; best param = {'quantifier__classifier__C': 1.0, 'quantifier__classifier__class_weight': None, 'quantifier__classifier__gamma': 2.7266674375981284, 'quantifier__recalib': None, 'confidence': ['max_conf', 'entropy']} [took 7.175s]
04/01/24 14:12:16| DEBUG       [size=15,place=2] best score = 0.05259984; best param = {'quantifier__classifier__C': 10.0, 'quantifier__classifier__class_weight': None, 'quantifier__classifier__gamma': 2.7266674375981284, 'quantifier__recalib': None, 'confidence': None} [took 7.176s]
04/01/24 14:12:16| DEBUG       [BinaryQuantifierAccuracyEstimator] optimization finished: best params {'quantifier__classifier__C': 100.0, 'quantifier__classifier__class_weight': None, 'quantifier__classifier__gamma': 0.27266674375981287, 'quantifier__recalib': None, 'confidence': None} (score=0.01813) [took 49.6068s]
04/01/24 14:13:28| INFO        d_bin_sld_rbf_gs finished [took 121.8315s]
04/01/24 14:13:47| DEBUG       [size=11,place=1] best score = 0.44622297; best param = {'quantifier__classifier__C': 0.1, 'quantifier__classifier__class_weight': None, 'quantifier__classifier__gamma': 2.7266674375981284, 'quantifier__recalib': None, 'confidence': None} [took 18.682s]
04/01/24 14:13:47| DEBUG       [size=11,place=2] best score = 0.44868307; best param = {'quantifier__classifier__C': 1.0, 'quantifier__classifier__class_weight': None, 'quantifier__classifier__gamma': 0.27266674375981287, 'quantifier__recalib': None, 'confidence': None} [took 18.683s]
04/01/24 14:14:04| DEBUG       [size=26,place=1] best score = 0.14216569; best param = {'quantifier__classifier__C': 0.001, 'quantifier__classifier__class_weight': None, 'quantifier__classifier__gamma': 0.27266674375981287, 'quantifier__recalib': None, 'confidence': None} [took 16.875s]
04/01/24 14:14:04| DEBUG       [size=26,place=2] best score = 0.31742522; best param = {'quantifier__classifier__C': 1000.0, 'quantifier__classifier__class_weight': None, 'quantifier__classifier__gamma': 0.27266674375981287, 'quantifier__recalib': None, 'confidence': None} [took 16.875s]
04/01/24 14:14:28| DEBUG       [size=14,place=1] best score = 0.15579576; best param = {'quantifier__classifier__C': 0.001, 'quantifier__classifier__class_weight': None, 'quantifier__classifier__gamma': 0.27266674375981287, 'quantifier__recalib': None, 'confidence': ['max_conf', 'entropy']} [took 23.518s]
04/01/24 14:14:28| DEBUG       [size=14,place=2] best score = 0.24814867; best param = {'quantifier__classifier__C': 0.001, 'quantifier__classifier__class_weight': None, 'quantifier__classifier__gamma': 0.027266674375981285, 'quantifier__recalib': None, 'confidence': None} [took 23.519s]
04/01/24 14:14:28| DEBUG       [MultiClassAccuracyEstimator] optimization finished: best params {'quantifier__classifier__C': 0.001, 'quantifier__classifier__class_weight': None, 'quantifier__classifier__gamma': 0.27266674375981287, 'quantifier__recalib': None, 'confidence': None} (score=0.14217) [took 59.1842s]
04/01/24 14:16:22| INFO        d_mul_sld_rbf_gs finished [took 173.7137s]
04/01/24 14:16:41| DEBUG       [size=11,place=1] best score = 0.00681338; best param = {'quantifier__classifier__C': 0.1, 'quantifier__classifier__class_weight': None, 'quantifier__classifier__gamma': 0.027266674375981285, 'quantifier__recalib': 'bcts', 'confidence': ['isoft']} [took 18.119s]
04/01/24 14:16:41| DEBUG       [size=11,place=2] best score = 0.00771308; best param = {'quantifier__classifier__C': 100.0, 'quantifier__classifier__class_weight': 'balanced', 'quantifier__classifier__gamma': 0.27266674375981287, 'quantifier__recalib': 'bcts', 'confidence': ['max_conf', 'entropy']} [took 18.120s]
04/01/24 14:17:19| DEBUG       [size=28,place=1] best score = 0.00534484; best param = {'quantifier__classifier__C': 1.0, 'quantifier__classifier__class_weight': 'balanced', 'quantifier__classifier__gamma': 0.27266674375981287, 'quantifier__recalib': 'bcts', 'confidence': ['max_conf', 'entropy']} [took 38.445s]
04/01/24 14:17:19| DEBUG       [size=28,place=2] best score = 0.00546287; best param = {'quantifier__classifier__C': 1000.0, 'quantifier__classifier__class_weight': 'balanced', 'quantifier__classifier__gamma': 0.27266674375981287, 'quantifier__recalib': 'bcts', 'confidence': ['max_conf', 'entropy']} [took 38.445s]
04/01/24 14:18:29| DEBUG       [size=16,place=1] best score = 0.00513243; best param = {'quantifier__classifier__C': 1.0, 'quantifier__classifier__class_weight': 'balanced', 'quantifier__classifier__gamma': 0.27266674375981287, 'quantifier__recalib': 'bcts', 'confidence': ['isoft']} [took 69.928s]
04/01/24 14:18:29| DEBUG       [size=16,place=2] best score = 0.00574793; best param = {'quantifier__classifier__C': 1.0, 'quantifier__classifier__class_weight': 'balanced', 'quantifier__classifier__gamma': 2.7266674375981284, 'quantifier__recalib': 'bcts', 'confidence': ['max_conf', 'entropy']} [took 69.928s]
04/01/24 14:19:08| DEBUG       [size=17,place=1] best score = 0.00498843; best param = {'quantifier__classifier__C': 10.0, 'quantifier__classifier__class_weight': 'balanced', 'quantifier__classifier__gamma': 0.27266674375981287, 'quantifier__recalib': 'bcts', 'confidence': ['isoft']} [took 38.317s]
04/01/24 14:19:08| DEBUG       [size=17,place=2] best score = 0.00536860; best param = {'quantifier__classifier__C': 0.01, 'quantifier__classifier__class_weight': 'balanced', 'quantifier__classifier__gamma': 2.7266674375981284, 'quantifier__recalib': 'bcts', 'confidence': ['max_conf', 'entropy']} [took 38.317s]
04/01/24 14:19:37| DEBUG       [size=14,place=1] best score = 0.00559080; best param = {'quantifier__classifier__C': 10.0, 'quantifier__classifier__class_weight': 'balanced', 'quantifier__classifier__gamma': 0.027266674375981285, 'quantifier__recalib': 'bcts', 'confidence': ['isoft']} [took 29.752s]
04/01/24 14:19:37| DEBUG       [size=14,place=2] best score = 0.00610676; best param = {'quantifier__classifier__C': 10.0, 'quantifier__classifier__class_weight': 'balanced', 'quantifier__classifier__gamma': 2.7266674375981284, 'quantifier__recalib': 'bcts', 'confidence': ['isoft']} [took 29.752s]
04/01/24 14:19:38| DEBUG       [MultiClassAccuracyEstimator] optimization finished: best params {'quantifier__classifier__C': 10.0, 'quantifier__classifier__class_weight': 'balanced', 'quantifier__classifier__gamma': 0.27266674375981287, 'quantifier__recalib': 'bcts', 'confidence': ['isoft']} (score=0.00499) [took 194.6814s]
04/01/24 14:21:17| INFO        d_m3w_sld_rbf_gs finished [took 294.5265s]
04/01/24 14:21:17| INFO     Dataset sample [0.9 0.1] of dataset rcv1_GCAT finished [took 957.6250s]
