----------------------------------------------------------------------------------------------------
21/01/24 19:28:30| INFO     dataset rcv1_GCAT [pool size: 10]
21/01/24 19:28:30| INFO     Dataset sample [0.1 0.9] of dataset rcv1_GCAT started
21/01/24 19:28:35| WARNING     Method bin_kde_lr failed. Exception: This solver needs samples of at least 2 classes in the data, but the data contains only one class: 0
21/01/24 19:28:35| WARNING     Method bin_kde_lr_mc failed. Exception: This solver needs samples of at least 2 classes in the data, but the data contains only one class: 0
21/01/24 19:28:35| WARNING     Method bin_kde_lr_c failed. Exception: This solver needs samples of at least 2 classes in the data, but the data contains only one class: 0
21/01/24 19:28:35| WARNING     Method bin_kde_lr_ne failed. Exception: This solver needs samples of at least 2 classes in the data, but the data contains only one class: 0
21/01/24 19:28:39| WARNING     Method bin_kde_lr_is failed. Exception: This solver needs samples of at least 2 classes in the data, but the data contains only one class: 0
21/01/24 19:28:41| WARNING     Method bin_kde_lr_a failed. Exception: This solver needs samples of at least 2 classes in the data, but the data contains only one class: 0
21/01/24 19:30:29| WARNING     Method mul_kde_lr failed. Exception: Found array with 0 sample(s) (shape=(0, 3)) while a minimum of 1 is required by KernelDensity.
21/01/24 19:30:43| WARNING     Method mul_kde_lr_ne failed. Exception: Found array with 0 sample(s) (shape=(0, 3)) while a minimum of 1 is required by KernelDensity.
21/01/24 19:30:44| WARNING     Method mul_kde_lr_mc failed. Exception: Found array with 0 sample(s) (shape=(0, 3)) while a minimum of 1 is required by KernelDensity.
21/01/24 19:30:46| WARNING     Method mul_kde_lr_is failed. Exception: Found array with 0 sample(s) (shape=(0, 3)) while a minimum of 1 is required by KernelDensity.
21/01/24 19:30:48| WARNING     Method mul_kde_lr_c failed. Exception: Found array with 0 sample(s) (shape=(0, 3)) while a minimum of 1 is required by KernelDensity.
21/01/24 19:31:02| WARNING     Method mul_kde_lr_a failed. Exception: Found array with 0 sample(s) (shape=(0, 3)) while a minimum of 1 is required by KernelDensity.
21/01/24 19:32:24| INFO        ref finished [took 97.7488s]
21/01/24 19:32:24| INFO        doc finished [took 96.5573s]
21/01/24 19:32:48| INFO        atc_mc finished [took 121.0170s]
21/01/24 19:41:12| INFO        m3w_kde_lr_ne finished [took 754.0043s]
21/01/24 19:41:18| INFO        m3w_kde_lr finished [took 762.6308s]
21/01/24 19:41:27| INFO        m3w_kde_lr_is finished [took 768.6382s]
21/01/24 19:41:30| INFO        m3w_kde_lr_a finished [took 659.0871s]
21/01/24 19:41:33| INFO        m3w_kde_lr_mc finished [took 779.9016s]
21/01/24 19:41:48| INFO        m3w_kde_lr_c finished [took 793.0703s]
21/01/24 19:42:07| WARNING     Method bin_kde_lr_gs failed. Exception: no combination of hyperparameters seem to work
21/01/24 22:07:48| WARNING     Method mul_kde_lr_gs failed. Exception: no combination of hyperparameters seem to work
21/01/24 22:10:20| DEBUG       [size=11,place=1] best score = 0.00688376; best param = {'quantifier__classifier__C': 100.0, 'quantifier__classifier__class_weight': 'balanced', 'quantifier__bandwidth': 0.03, 'confidence': ['max_conf', 'entropy', 'isoft']} [took 150.814s]
21/01/24 22:10:20| DEBUG       [size=11,place=2] best score = 0.00844661; best param = {'quantifier__classifier__C': 1000.0, 'quantifier__classifier__class_weight': 'balanced', 'quantifier__bandwidth': 0.04, 'confidence': ['max_conf', 'entropy', 'isoft']} [took 150.815s]
21/01/24 22:26:59| DEBUG       [size=54,place=1] best score = 0.00633046; best param = {'quantifier__classifier__C': 1.0, 'quantifier__classifier__class_weight': 'balanced', 'quantifier__bandwidth': 0.04, 'confidence': ['max_conf', 'entropy', 'isoft']} [took 998.862s]
21/01/24 22:26:59| DEBUG       [size=54,place=2] best score = 0.00646829; best param = {'quantifier__classifier__C': 1.0, 'quantifier__classifier__class_weight': 'balanced', 'quantifier__bandwidth': 0.03, 'confidence': ['max_conf', 'entropy', 'isoft']} [took 998.863s]
21/01/24 22:32:23| DEBUG       [size=24,place=1] best score = 0.00610283; best param = {'quantifier__classifier__C': 1.0, 'quantifier__classifier__class_weight': 'balanced', 'quantifier__bandwidth': 0.14, 'confidence': ['max_conf', 'entropy', 'isoft']} [took 324.724s]
21/01/24 22:32:23| DEBUG       [size=24,place=2] best score = 0.00611330; best param = {'quantifier__classifier__C': 1.0, 'quantifier__classifier__class_weight': 'balanced', 'quantifier__bandwidth': 0.13, 'confidence': ['max_conf', 'entropy', 'isoft']} [took 324.724s]
21/01/24 22:34:54| DEBUG       [size=14,place=1] best score = 0.00600637; best param = {'quantifier__classifier__C': 0.1, 'quantifier__classifier__class_weight': 'balanced', 'quantifier__bandwidth': 0.13, 'confidence': ['max_conf', 'entropy', 'isoft']} [took 150.326s]
21/01/24 22:34:54| DEBUG       [size=14,place=2] best score = 0.00617393; best param = {'quantifier__classifier__C': 0.1, 'quantifier__classifier__class_weight': 'balanced', 'quantifier__bandwidth': 0.14, 'confidence': ['max_conf', 'entropy', 'isoft']} [took 150.326s]
21/01/24 22:38:03| DEBUG       [size=22,place=1] best score = 0.00573871; best param = {'quantifier__classifier__C': 0.1, 'quantifier__classifier__class_weight': 'balanced', 'quantifier__bandwidth': 0.09, 'confidence': ['max_conf', 'entropy', 'isoft']} [took 189.397s]
21/01/24 22:38:03| DEBUG       [size=22,place=2] best score = 0.00575396; best param = {'quantifier__classifier__C': 0.1, 'quantifier__classifier__class_weight': 'balanced', 'quantifier__bandwidth': 0.09999999999999999, 'confidence': ['max_conf', 'entropy', 'isoft']} [took 189.398s]
21/01/24 22:39:42| DEBUG       [size=12,place=1] best score = 0.00596752; best param = {'quantifier__classifier__C': 0.1, 'quantifier__classifier__class_weight': 'balanced', 'quantifier__bandwidth': 0.09, 'confidence': ['isoft']} [took 99.165s]
21/01/24 22:39:42| DEBUG       [size=12,place=2] best score = 0.00603096; best param = {'quantifier__classifier__C': 0.1, 'quantifier__classifier__class_weight': 'balanced', 'quantifier__bandwidth': 0.09999999999999999, 'confidence': ['isoft']} [took 99.165s]
21/01/24 22:39:42| DEBUG       [MultiClassAccuracyEstimator] optimization finished: best params {'quantifier__classifier__C': 0.1, 'quantifier__classifier__class_weight': 'balanced', 'quantifier__bandwidth': 0.09, 'confidence': ['max_conf', 'entropy', 'isoft']} (score=0.00574) [took 1913.4177s]
21/01/24 22:46:00| INFO        m3w_kde_lr_gs finished [took 2290.8469s]
21/01/24 22:46:00| INFO     Dataset sample [0.1 0.9] of dataset rcv1_GCAT finished [took 11849.4047s]
21/01/24 22:46:00| INFO     Dataset sample [0.2 0.8] of dataset rcv1_GCAT started
21/01/24 22:57:57| INFO        bin_kde_lr finished [took 711.7861s]
21/01/24 22:59:08| INFO        bin_kde_lr_ne finished [took 781.8607s]
21/01/24 22:59:18| INFO        bin_kde_lr_c finished [took 791.8797s]
21/01/24 22:59:29| INFO        bin_kde_lr_mc finished [took 803.5324s]
21/01/24 23:02:02| INFO        m3w_kde_lr finished [took 956.1816s]
21/01/24 23:03:02| INFO        m3w_kde_lr_mc finished [took 1016.1724s]
21/01/24 23:03:24| INFO        m3w_kde_lr_c finished [took 1038.1203s]
21/01/24 23:03:27| INFO        mul_kde_lr finished [took 1044.6121s]
21/01/24 23:04:25| INFO        mul_kde_lr_c finished [took 1099.9479s]
21/01/24 23:04:31| INFO        ref finished [took 63.0066s]
21/01/24 23:04:49| INFO        mul_kde_lr_mc finished [took 1123.5863s]
21/01/24 23:04:53| INFO        mul_kde_lr_ne finished [took 1127.0436s]
21/01/24 23:05:33| INFO        doc finished [took 60.9684s]
21/01/24 23:05:47| INFO        atc_mc finished [took 80.7296s]
21/01/24 23:09:08| INFO        bin_kde_lr_is finished [took 599.3045s]
21/01/24 23:10:33| INFO        m3w_kde_lr_ne finished [took 755.4124s]
21/01/24 23:10:52| INFO        bin_kde_lr_a finished [took 528.8243s]
21/01/24 23:12:39| INFO        m3w_kde_lr_is finished [took 789.0950s]
21/01/24 23:13:10| INFO        mul_kde_lr_is finished [took 831.7986s]
21/01/24 23:14:13| INFO        m3w_kde_lr_a finished [took 648.4215s]
21/01/24 23:15:10| INFO        mul_kde_lr_a finished [took 727.4378s]
21/01/24 23:16:09| DEBUG       [size=11,place=1] best score = 0.00546090; best param = {'quantifier__classifier__C': 100.0, 'quantifier__classifier__class_weight': 'balanced', 'quantifier__bandwidth': 0.03, 'confidence': ['max_conf', 'entropy', 'isoft']} [took 58.181s]
21/01/24 23:16:09| DEBUG       [size=11,place=2] best score = 0.00551962; best param = {'quantifier__classifier__C': 1000.0, 'quantifier__classifier__class_weight': 'balanced', 'quantifier__bandwidth': 0.04, 'confidence': ['max_conf', 'entropy', 'isoft']} [took 58.182s]
21/01/24 23:22:16| DEBUG       [size=54,place=1] best score = 0.00484259; best param = {'quantifier__classifier__C': 1.0, 'quantifier__classifier__class_weight': 'balanced', 'quantifier__bandwidth': 0.04, 'confidence': ['max_conf', 'entropy', 'isoft']} [took 366.757s]
21/01/24 23:22:16| DEBUG       [size=54,place=2] best score = 0.00488013; best param = {'quantifier__classifier__C': 10.0, 'quantifier__classifier__class_weight': 'balanced', 'quantifier__bandwidth': 0.04, 'confidence': ['max_conf', 'entropy', 'isoft']} [took 366.757s]
21/01/24 23:25:32| DEBUG       [size=42,place=1] best score = 0.00461359; best param = {'quantifier__classifier__C': 1.0, 'quantifier__classifier__class_weight': 'balanced', 'quantifier__bandwidth': 0.060000000000000005, 'confidence': ['max_conf', 'entropy', 'isoft']} [took 196.251s]
21/01/24 23:25:32| DEBUG       [size=42,place=2] best score = 0.00462255; best param = {'quantifier__classifier__C': 1.0, 'quantifier__classifier__class_weight': 'balanced', 'quantifier__bandwidth': 0.16, 'confidence': ['max_conf', 'entropy', 'isoft']} [took 196.252s]
21/01/24 23:26:17| DEBUG       [size=12,place=1] best score = 0.00459026; best param = {'quantifier__classifier__C': 1.0, 'quantifier__classifier__class_weight': 'balanced', 'quantifier__bandwidth': 0.060000000000000005, 'confidence': ['isoft']} [took 45.054s]
21/01/24 23:26:17| DEBUG       [size=12,place=2] best score = 0.00461346; best param = {'quantifier__classifier__C': 1.0, 'quantifier__classifier__class_weight': 'balanced', 'quantifier__bandwidth': 0.16, 'confidence': ['isoft']} [took 45.055s]
21/01/24 23:28:17| DEBUG       [size=31,place=1] best score = 0.00461461; best param = {'quantifier__classifier__C': 1.0, 'quantifier__classifier__class_weight': 'balanced', 'quantifier__bandwidth': 0.15000000000000002, 'confidence': ['isoft']} [took 119.622s]
21/01/24 23:28:17| DEBUG       [size=31,place=2] best score = 0.00461740; best param = {'quantifier__classifier__C': 1.0, 'quantifier__classifier__class_weight': 'balanced', 'quantifier__bandwidth': 0.06999999999999999, 'confidence': ['isoft']} [took 119.623s]
21/01/24 23:28:17| DEBUG       [BinaryQuantifierAccuracyEstimator] optimization finished: best params {'quantifier__classifier__C': 1.0, 'quantifier__classifier__class_weight': 'balanced', 'quantifier__bandwidth': 0.060000000000000005, 'confidence': ['isoft']} (score=0.00459) [took 785.9871s]
21/01/24 23:32:33| INFO        bin_kde_lr_gs finished [took 1041.6770s]
21/01/24 23:36:05| DEBUG       [size=11,place=1] best score = 0.00675539; best param = {'quantifier__classifier__C': 1000.0, 'quantifier__classifier__class_weight': 'balanced', 'quantifier__bandwidth': 0.04, 'confidence': ['max_conf', 'entropy', 'isoft']} [took 211.448s]
21/01/24 23:36:05| DEBUG       [size=11,place=2] best score = 0.00749861; best param = {'quantifier__classifier__C': 100.0, 'quantifier__classifier__class_weight': 'balanced', 'quantifier__bandwidth': 0.03, 'confidence': ['max_conf', 'entropy', 'isoft']} [took 211.449s]
21/01/24 23:58:29| DEBUG       [size=54,place=1] best score = 0.00646700; best param = {'quantifier__classifier__C': 1000.0, 'quantifier__classifier__class_weight': 'balanced', 'quantifier__bandwidth': 0.04, 'confidence': ['isoft']} [took 1344.109s]
21/01/24 23:58:29| DEBUG       [size=54,place=2] best score = 0.00689403; best param = {'quantifier__classifier__C': 10.0, 'quantifier__classifier__class_weight': 'balanced', 'quantifier__bandwidth': 0.04, 'confidence': ['max_conf', 'entropy', 'isoft']} [took 1344.109s]
22/01/24 00:18:18| DEBUG       [size=46,place=1] best score = 0.00619932; best param = {'quantifier__classifier__C': 10.0, 'quantifier__classifier__class_weight': 'balanced', 'quantifier__bandwidth': 0.08, 'confidence': ['max_conf', 'entropy', 'isoft']} [took 1189.504s]
22/01/24 00:18:18| DEBUG       [size=46,place=2] best score = 0.00629830; best param = {'quantifier__classifier__C': 10.0, 'quantifier__classifier__class_weight': 'balanced', 'quantifier__bandwidth': 0.06999999999999999, 'confidence': ['max_conf', 'entropy', 'isoft']} [took 1189.504s]
22/01/24 00:22:34| DEBUG       [size=14,place=1] best score = 0.00614629; best param = {'quantifier__classifier__C': 10.0, 'quantifier__classifier__class_weight': 'balanced', 'quantifier__bandwidth': 0.08, 'confidence': ['isoft']} [took 255.674s]
22/01/24 00:22:34| DEBUG       [size=14,place=2] best score = 0.00635184; best param = {'quantifier__classifier__C': 1.0, 'quantifier__classifier__class_weight': 'balanced', 'quantifier__bandwidth': 0.06999999999999999, 'confidence': ['max_conf', 'entropy', 'isoft']} [took 255.674s]
22/01/24 00:38:35| DEBUG       [size=42,place=1] best score = 0.00605371; best param = {'quantifier__classifier__C': 1.0, 'quantifier__classifier__class_weight': 'balanced', 'quantifier__bandwidth': 0.06999999999999999, 'confidence': None} [took 960.696s]
22/01/24 00:38:35| DEBUG       [size=42,place=2] best score = 0.00623537; best param = {'quantifier__classifier__C': 10.0, 'quantifier__classifier__class_weight': 'balanced', 'quantifier__bandwidth': 0.09, 'confidence': ['isoft']} [took 960.696s]
22/01/24 00:47:34| DEBUG       [size=32,place=1] best score = 0.00597361; best param = {'quantifier__classifier__C': 1.0, 'quantifier__classifier__class_weight': 'balanced', 'quantifier__bandwidth': 0.09, 'confidence': None} [took 539.590s]
22/01/24 00:47:34| DEBUG       [size=32,place=2] best score = 0.00598968; best param = {'quantifier__classifier__C': 1.0, 'quantifier__classifier__class_weight': 'balanced', 'quantifier__bandwidth': 0.08, 'confidence': None} [took 539.590s]
22/01/24 00:50:18| DEBUG       [size=12,place=1] best score = 0.00676450; best param = {'quantifier__classifier__C': 0.1, 'quantifier__classifier__class_weight': 'balanced', 'quantifier__bandwidth': 0.08, 'confidence': None} [took 163.647s]
22/01/24 00:50:18| DEBUG       [size=12,place=2] best score = 0.00774145; best param = {'quantifier__classifier__C': 0.1, 'quantifier__classifier__class_weight': 'balanced', 'quantifier__bandwidth': 0.09, 'confidence': None} [took 163.648s]
22/01/24 00:50:18| DEBUG       [MultiClassAccuracyEstimator] optimization finished: best params {'quantifier__classifier__C': 1.0, 'quantifier__classifier__class_weight': 'balanced', 'quantifier__bandwidth': 0.09, 'confidence': None} (score=0.00597) [took 4664.7936s]
22/01/24 00:56:12| INFO        mul_kde_lr_gs finished [took 5018.8966s]
22/01/24 00:58:46| DEBUG       [size=11,place=1] best score = 0.00704975; best param = {'quantifier__classifier__C': 1000.0, 'quantifier__classifier__class_weight': 'balanced', 'quantifier__bandwidth': 0.04, 'confidence': ['max_conf', 'entropy', 'isoft']} [took 152.763s]
22/01/24 00:58:46| DEBUG       [size=11,place=2] best score = 0.00921461; best param = {'quantifier__classifier__C': 1.0, 'quantifier__classifier__class_weight': None, 'quantifier__bandwidth': 0.060000000000000005, 'confidence': None} [took 152.763s]
22/01/24 01:12:07| DEBUG       [size=56,place=1] best score = 0.00630186; best param = {'quantifier__classifier__C': 1.0, 'quantifier__classifier__class_weight': None, 'quantifier__bandwidth': 0.060000000000000005, 'confidence': ['max_conf', 'entropy', 'isoft']} [took 800.712s]
22/01/24 01:12:07| DEBUG       [size=56,place=2] best score = 0.00634991; best param = {'quantifier__classifier__C': 1.0, 'quantifier__classifier__class_weight': None, 'quantifier__bandwidth': 0.060000000000000005, 'confidence': ['isoft']} [took 800.713s]
22/01/24 01:22:07| DEBUG       [size=52,place=1] best score = 0.00632837; best param = {'quantifier__classifier__C': 1.0, 'quantifier__classifier__class_weight': None, 'quantifier__bandwidth': 0.06999999999999999, 'confidence': ['isoft']} [took 600.286s]
22/01/24 01:22:07| DEBUG       [size=52,place=2] best score = 0.00633498; best param = {'quantifier__classifier__C': 1.0, 'quantifier__classifier__class_weight': None, 'quantifier__bandwidth': 0.06999999999999999, 'confidence': ['max_conf', 'entropy', 'isoft']} [took 600.287s]
22/01/24 01:22:07| DEBUG       [MultiClassAccuracyEstimator] optimization finished: best params {'quantifier__classifier__C': 1.0, 'quantifier__classifier__class_weight': None, 'quantifier__bandwidth': 0.060000000000000005, 'confidence': ['max_conf', 'entropy', 'isoft']} (score=0.00630) [took 1553.8840s]
22/01/24 01:26:51| INFO        m3w_kde_lr_gs finished [took 1837.6796s]
22/01/24 01:26:51| INFO     Dataset sample [0.2 0.8] of dataset rcv1_GCAT finished [took 9651.3390s]
22/01/24 01:26:51| INFO     Dataset sample [0.3 0.7] of dataset rcv1_GCAT started
22/01/24 01:38:25| INFO        bin_kde_lr_ne finished [took 686.4611s]
22/01/24 01:38:39| INFO        bin_kde_lr_c finished [took 706.6052s]
22/01/24 01:39:27| INFO        bin_kde_lr finished [took 754.3916s]
22/01/24 01:39:30| INFO        bin_kde_lr_mc finished [took 756.5731s]
22/01/24 01:43:43| INFO        m3w_kde_lr finished [took 1010.0293s]
22/01/24 01:43:53| INFO        m3w_kde_lr_mc finished [took 1014.9802s]
22/01/24 01:44:29| INFO        m3w_kde_lr_c finished [took 1056.3551s]
22/01/24 01:44:39| INFO        mul_kde_lr finished [took 1065.7344s]
22/01/24 01:45:03| INFO        mul_kde_lr_c finished [took 1090.2257s]
22/01/24 01:45:40| INFO        mul_kde_lr_mc finished [took 1124.9982s]
22/01/24 01:45:54| INFO        mul_kde_lr_ne finished [took 1135.1796s]
22/01/24 01:46:22| INFO        ref finished [took 102.0706s]
22/01/24 01:46:39| INFO        atc_mc finished [took 94.8859s]
22/01/24 01:46:53| INFO        doc finished [took 72.5640s]
22/01/24 01:48:13| INFO        bin_kde_lr_is finished [took 572.9719s]
22/01/24 01:50:56| INFO        m3w_kde_lr_ne finished [took 751.0021s]
22/01/24 01:51:24| INFO        m3w_kde_lr_is finished [took 713.6171s]
22/01/24 01:52:43| INFO        bin_kde_lr_a finished [took 539.9347s]
22/01/24 01:53:06| INFO        mul_kde_lr_is finished [took 818.4394s]
22/01/24 01:54:55| INFO        m3w_kde_lr_a finished [took 624.3946s]
22/01/24 01:55:41| INFO        mul_kde_lr_a finished [took 707.4963s]
22/01/24 01:56:43| DEBUG       [size=11,place=1] best score = 0.01013772; best param = {'quantifier__classifier__C': 1000.0, 'quantifier__classifier__class_weight': 'balanced', 'quantifier__bandwidth': 0.04, 'confidence': ['max_conf', 'entropy', 'isoft']} [took 60.858s]
22/01/24 01:56:43| DEBUG       [size=11,place=2] best score = 0.01145164; best param = {'quantifier__classifier__C': 100.0, 'quantifier__classifier__class_weight': 'balanced', 'quantifier__bandwidth': 0.03, 'confidence': ['max_conf', 'entropy', 'isoft']} [took 60.859s]
22/01/24 02:03:21| DEBUG       [size=54,place=1] best score = 0.00909420; best param = {'quantifier__classifier__C': 1000.0, 'quantifier__classifier__class_weight': None, 'quantifier__bandwidth': 0.04, 'confidence': ['max_conf', 'entropy', 'isoft']} [took 398.263s]
22/01/24 02:03:21| DEBUG       [size=54,place=2] best score = 0.00989490; best param = {'quantifier__classifier__C': 1000.0, 'quantifier__classifier__class_weight': 'balanced', 'quantifier__bandwidth': 0.04, 'confidence': None} [took 398.264s]
22/01/24 02:09:25| DEBUG       [size=52,place=1] best score = 0.00917151; best param = {'quantifier__classifier__C': 1000.0, 'quantifier__classifier__class_weight': None, 'quantifier__bandwidth': 0.04, 'confidence': ['isoft']} [took 363.719s]
22/01/24 02:09:25| DEBUG       [size=52,place=2] best score = 0.00932266; best param = {'quantifier__classifier__C': 1000.0, 'quantifier__classifier__class_weight': None, 'quantifier__bandwidth': 0.03, 'confidence': ['max_conf', 'entropy', 'isoft']} [took 363.720s]
22/01/24 02:09:25| DEBUG       [BinaryQuantifierAccuracyEstimator] optimization finished: best params {'quantifier__classifier__C': 1000.0, 'quantifier__classifier__class_weight': None, 'quantifier__bandwidth': 0.04, 'confidence': ['max_conf', 'entropy', 'isoft']} (score=0.00909) [took 822.9541s]
22/01/24 02:13:33| INFO        bin_kde_lr_gs finished [took 1070.5659s]
22/01/24 02:17:04| DEBUG       [size=11,place=1] best score = 0.00863187; best param = {'quantifier__classifier__C': 0.1, 'quantifier__classifier__class_weight': 'balanced', 'quantifier__bandwidth': 0.02, 'confidence': ['isoft']} [took 210.203s]
22/01/24 02:17:04| DEBUG       [size=11,place=2] best score = 0.01349707; best param = {'quantifier__classifier__C': 1000.0, 'quantifier__classifier__class_weight': 'balanced', 'quantifier__bandwidth': 0.04, 'confidence': ['max_conf', 'entropy', 'isoft']} [took 210.204s]
22/01/24 02:34:01| DEBUG       [size=56,place=1] best score = 0.00870563; best param = {'quantifier__classifier__C': 0.1, 'quantifier__classifier__class_weight': 'balanced', 'quantifier__bandwidth': 0.02, 'confidence': ['max_conf', 'entropy', 'isoft']} [took 1017.026s]
22/01/24 02:34:01| DEBUG       [size=56,place=2] best score = 0.00877827; best param = {'quantifier__classifier__C': 1000.0, 'quantifier__classifier__class_weight': 'balanced', 'quantifier__bandwidth': 0.04, 'confidence': ['isoft']} [took 1017.027s]
22/01/24 02:34:01| DEBUG       [MultiClassAccuracyEstimator] optimization finished: best params {'quantifier__classifier__C': 0.1, 'quantifier__classifier__class_weight': 'balanced', 'quantifier__bandwidth': 0.02, 'confidence': ['isoft']} (score=0.00863) [took 1227.3381s]
22/01/24 02:39:12| INFO        mul_kde_lr_gs finished [took 1538.8802s]
22/01/24 02:41:45| DEBUG       [size=11,place=1] best score = 0.00731061; best param = {'quantifier__classifier__C': 0.1, 'quantifier__classifier__class_weight': 'balanced', 'quantifier__bandwidth': 0.02, 'confidence': ['isoft']} [took 151.396s]
22/01/24 02:41:45| DEBUG       [size=11,place=2] best score = 0.01329249; best param = {'quantifier__classifier__C': 100.0, 'quantifier__classifier__class_weight': 'balanced', 'quantifier__bandwidth': 0.05, 'confidence': None} [took 151.397s]
22/01/24 02:53:33| DEBUG       [size=56,place=1] best score = 0.00709382; best param = {'quantifier__classifier__C': 0.01, 'quantifier__classifier__class_weight': 'balanced', 'quantifier__bandwidth': 0.02, 'confidence': ['isoft']} [took 708.437s]
22/01/24 02:53:33| DEBUG       [size=56,place=2] best score = 0.00715341; best param = {'quantifier__classifier__C': 0.1, 'quantifier__classifier__class_weight': 'balanced', 'quantifier__bandwidth': 0.02, 'confidence': ['max_conf', 'entropy', 'isoft']} [took 708.437s]
22/01/24 02:58:48| DEBUG       [size=47,place=1] best score = 0.00676450; best param = {'quantifier__classifier__C': 0.01, 'quantifier__classifier__class_weight': 'balanced', 'quantifier__bandwidth': 0.01, 'confidence': ['isoft']} [took 314.882s]
22/01/24 02:58:48| DEBUG       [size=47,place=2] best score = 0.00716210; best param = {'quantifier__classifier__C': 0.1, 'quantifier__classifier__class_weight': 'balanced', 'quantifier__bandwidth': 0.03, 'confidence': ['max_conf', 'entropy', 'isoft']} [took 314.883s]
22/01/24 03:01:10| DEBUG       [size=14,place=1] best score = 0.00678937; best param = {'quantifier__classifier__C': 0.01, 'quantifier__classifier__class_weight': 'balanced', 'quantifier__bandwidth': 0.01, 'confidence': ['max_conf', 'entropy', 'isoft']} [took 142.197s]
22/01/24 03:01:10| DEBUG       [size=14,place=2] best score = 0.00722170; best param = {'quantifier__classifier__C': 0.01, 'quantifier__classifier__class_weight': 'balanced', 'quantifier__bandwidth': 0.03, 'confidence': ['max_conf', 'entropy', 'isoft']} [took 142.198s]
22/01/24 03:01:10| DEBUG       [MultiClassAccuracyEstimator] optimization finished: best params {'quantifier__classifier__C': 0.01, 'quantifier__classifier__class_weight': 'balanced', 'quantifier__bandwidth': 0.01, 'confidence': ['isoft']} (score=0.00676) [took 1317.0276s]
22/01/24 03:05:18| INFO        m3w_kde_lr_gs finished [took 1564.6545s]
22/01/24 03:05:18| INFO     Dataset sample [0.3 0.7] of dataset rcv1_GCAT finished [took 5906.7966s]
22/01/24 03:05:18| INFO     Dataset sample [0.4 0.6] of dataset rcv1_GCAT started
22/01/24 03:16:53| INFO        bin_kde_lr_mc finished [took 692.9201s]
22/01/24 03:16:57| INFO        bin_kde_lr_c finished [took 697.2839s]
22/01/24 03:16:59| INFO        bin_kde_lr finished [took 699.5281s]
22/01/24 03:17:24| INFO        bin_kde_lr_ne finished [took 722.0361s]
22/01/24 03:18:54| INFO        m3w_kde_lr finished [took 814.1422s]
22/01/24 03:20:57| INFO        mul_kde_lr_ne finished [took 931.5442s]
22/01/24 03:20:58| INFO        mul_kde_lr finished [took 938.2163s]
22/01/24 03:21:17| INFO        mul_kde_lr_mc finished [took 956.8517s]
22/01/24 03:21:33| INFO        mul_kde_lr_c finished [took 973.1193s]
22/01/24 03:22:27| INFO        m3w_kde_lr_mc finished [took 1022.1005s]
22/01/24 03:22:42| INFO        m3w_kde_lr_c finished [took 1042.4946s]
22/01/24 03:22:44| INFO        ref finished [took 86.7616s]
22/01/24 03:23:19| INFO        atc_mc finished [took 105.5370s]
22/01/24 03:23:53| INFO        doc finished [took 85.5270s]
22/01/24 03:26:08| INFO        bin_kde_lr_is finished [took 550.0184s]
22/01/24 03:27:32| INFO        bin_kde_lr_a finished [took 517.4407s]
22/01/24 03:29:04| INFO        m3w_kde_lr_ne finished [took 730.5424s]
22/01/24 03:30:04| INFO        mul_kde_lr_is finished [took 783.8483s]
22/01/24 03:30:06| INFO        m3w_kde_lr_is finished [took 761.1956s]
22/01/24 03:31:42| INFO        m3w_kde_lr_a finished [took 642.7188s]
22/01/24 03:32:32| INFO        mul_kde_lr_a finished [took 695.0072s]
22/01/24 03:33:34| DEBUG       [size=11,place=1] best score = 0.00566721; best param = {'quantifier__classifier__C': 100.0, 'quantifier__classifier__class_weight': 'balanced', 'quantifier__bandwidth': 0.05, 'confidence': None} [took 60.720s]
22/01/24 03:33:34| DEBUG       [size=11,place=2] best score = 0.00589095; best param = {'quantifier__classifier__C': 100.0, 'quantifier__classifier__class_weight': 'balanced', 'quantifier__bandwidth': 0.03, 'confidence': ['max_conf', 'entropy', 'isoft']} [took 60.721s]
22/01/24 03:39:23| DEBUG       [size=54,place=1] best score = 0.00550339; best param = {'quantifier__classifier__C': 100.0, 'quantifier__classifier__class_weight': 'balanced', 'quantifier__bandwidth': 0.05, 'confidence': ['isoft']} [took 349.275s]
22/01/24 03:39:23| DEBUG       [size=54,place=2] best score = 0.00552095; best param = {'quantifier__classifier__C': 100.0, 'quantifier__classifier__class_weight': 'balanced', 'quantifier__bandwidth': 0.05, 'confidence': ['max_conf', 'entropy', 'isoft']} [took 349.276s]
22/01/24 03:42:27| DEBUG       [size=31,place=1] best score = 0.00564438; best param = {'quantifier__classifier__C': 100.0, 'quantifier__classifier__class_weight': 'balanced', 'quantifier__bandwidth': 0.04, 'confidence': ['isoft']} [took 183.686s]
22/01/24 03:42:27| DEBUG       [size=31,place=2] best score = 0.00573696; best param = {'quantifier__classifier__C': 10.0, 'quantifier__classifier__class_weight': 'balanced', 'quantifier__bandwidth': 0.05, 'confidence': ['max_conf', 'entropy', 'isoft']} [took 183.686s]
22/01/24 03:42:27| DEBUG       [BinaryQuantifierAccuracyEstimator] optimization finished: best params {'quantifier__classifier__C': 100.0, 'quantifier__classifier__class_weight': 'balanced', 'quantifier__bandwidth': 0.05, 'confidence': ['isoft']} (score=0.00550) [took 593.7946s]
22/01/24 03:46:45| INFO        bin_kde_lr_gs finished [took 852.1675s]
22/01/24 03:50:14| DEBUG       [size=11,place=1] best score = 0.00728752; best param = {'quantifier__classifier__C': 1000.0, 'quantifier__classifier__class_weight': 'balanced', 'quantifier__bandwidth': 0.04, 'confidence': ['max_conf', 'entropy', 'isoft']} [took 207.939s]
22/01/24 03:50:14| DEBUG       [size=11,place=2] best score = 0.00825716; best param = {'quantifier__classifier__C': 100.0, 'quantifier__classifier__class_weight': 'balanced', 'quantifier__bandwidth': 0.05, 'confidence': None} [took 207.940s]
22/01/24 04:13:16| DEBUG       [size=56,place=1] best score = 0.00617361; best param = {'quantifier__classifier__C': 10.0, 'quantifier__classifier__class_weight': 'balanced', 'quantifier__bandwidth': 0.04, 'confidence': ['max_conf', 'entropy', 'isoft']} [took 1382.675s]
22/01/24 04:13:16| DEBUG       [size=56,place=2] best score = 0.00668116; best param = {'quantifier__classifier__C': 100.0, 'quantifier__classifier__class_weight': 'balanced', 'quantifier__bandwidth': 0.05, 'confidence': ['isoft']} [took 1382.676s]
22/01/24 04:33:43| DEBUG       [size=47,place=1] best score = 0.00542456; best param = {'quantifier__classifier__C': 10.0, 'quantifier__classifier__class_weight': 'balanced', 'quantifier__bandwidth': 0.06999999999999999, 'confidence': ['max_conf', 'entropy', 'isoft']} [took 1226.760s]
22/01/24 04:33:43| DEBUG       [size=47,place=2] best score = 0.00549093; best param = {'quantifier__classifier__C': 10.0, 'quantifier__classifier__class_weight': 'balanced', 'quantifier__bandwidth': 0.08, 'confidence': ['max_conf', 'entropy', 'isoft']} [took 1226.761s]
22/01/24 04:38:59| DEBUG       [size=16,place=1] best score = 0.00546224; best param = {'quantifier__classifier__C': 10.0, 'quantifier__classifier__class_weight': 'balanced', 'quantifier__bandwidth': 0.06999999999999999, 'confidence': ['isoft']} [took 315.835s]
22/01/24 04:38:59| DEBUG       [size=16,place=2] best score = 0.00551615; best param = {'quantifier__classifier__C': 10.0, 'quantifier__classifier__class_weight': 'balanced', 'quantifier__bandwidth': 0.08, 'confidence': ['isoft']} [took 315.836s]
22/01/24 04:38:59| DEBUG       [MultiClassAccuracyEstimator] optimization finished: best params {'quantifier__classifier__C': 10.0, 'quantifier__classifier__class_weight': 'balanced', 'quantifier__bandwidth': 0.06999999999999999, 'confidence': ['max_conf', 'entropy', 'isoft']} (score=0.00542) [took 3133.3284s]
22/01/24 04:45:36| INFO        mul_kde_lr_gs finished [took 3530.5438s]
22/01/24 04:48:10| DEBUG       [size=11,place=1] best score = 0.00846823; best param = {'quantifier__classifier__C': 100.0, 'quantifier__classifier__class_weight': 'balanced', 'quantifier__bandwidth': 0.01, 'confidence': ['isoft']} [took 153.360s]
22/01/24 04:48:10| DEBUG       [size=11,place=2] best score = 0.00932564; best param = {'quantifier__classifier__C': 1000.0, 'quantifier__classifier__class_weight': 'balanced', 'quantifier__bandwidth': 0.04, 'confidence': ['max_conf', 'entropy', 'isoft']} [took 153.361s]
22/01/24 05:05:14| DEBUG       [size=56,place=1] best score = 0.00780377; best param = {'quantifier__classifier__C': 1000.0, 'quantifier__classifier__class_weight': 'balanced', 'quantifier__bandwidth': 0.04, 'confidence': None} [took 1023.470s]
22/01/24 05:05:14| DEBUG       [size=56,place=2] best score = 0.00811095; best param = {'quantifier__classifier__C': 1.0, 'quantifier__classifier__class_weight': 'balanced', 'quantifier__bandwidth': 0.01, 'confidence': ['isoft']} [took 1023.470s]
22/01/24 05:17:51| DEBUG       [size=48,place=1] best score = 0.00689117; best param = {'quantifier__classifier__C': 1000.0, 'quantifier__classifier__class_weight': 'balanced', 'quantifier__bandwidth': 0.02, 'confidence': None} [took 757.633s]
22/01/24 05:17:51| DEBUG       [size=48,place=2] best score = 0.00785134; best param = {'quantifier__classifier__C': 1000.0, 'quantifier__classifier__class_weight': 'balanced', 'quantifier__bandwidth': 0.03, 'confidence': None} [took 757.633s]
22/01/24 05:21:14| DEBUG       [size=16,place=1] best score = 0.00658839; best param = {'quantifier__classifier__C': 100.0, 'quantifier__classifier__class_weight': 'balanced', 'quantifier__bandwidth': 0.02, 'confidence': None} [took 202.386s]
22/01/24 05:21:14| DEBUG       [size=16,place=2] best score = 0.00740262; best param = {'quantifier__classifier__C': 1000.0, 'quantifier__classifier__class_weight': None, 'quantifier__bandwidth': 0.02, 'confidence': None} [took 202.387s]
22/01/24 05:33:52| DEBUG       [size=41,place=1] best score = 0.00680687; best param = {'quantifier__classifier__C': 10.0, 'quantifier__classifier__class_weight': None, 'quantifier__bandwidth': 0.02, 'confidence': None} [took 758.051s]
22/01/24 05:33:52| DEBUG       [size=41,place=2] best score = 0.00714308; best param = {'quantifier__classifier__C': 100.0, 'quantifier__classifier__class_weight': None, 'quantifier__bandwidth': 0.02, 'confidence': None} [took 758.051s]
22/01/24 05:33:52| DEBUG       [MultiClassAccuracyEstimator] optimization finished: best params {'quantifier__classifier__C': 100.0, 'quantifier__classifier__class_weight': 'balanced', 'quantifier__bandwidth': 0.02, 'confidence': None} (score=0.00659) [took 2895.0174s]
22/01/24 05:38:57| INFO        m3w_kde_lr_gs finished [took 3200.2806s]
22/01/24 05:38:57| INFO     Dataset sample [0.4 0.6] of dataset rcv1_GCAT finished [took 9219.1909s]
22/01/24 05:38:57| INFO     Dataset sample [0.5 0.5] of dataset rcv1_GCAT started
22/01/24 05:50:10| INFO        bin_kde_lr finished [took 668.1809s]
22/01/24 05:50:15| INFO        bin_kde_lr_ne finished [took 672.7372s]
22/01/24 05:50:20| INFO        bin_kde_lr_c finished [took 678.8505s]
22/01/24 05:51:12| INFO        bin_kde_lr_mc finished [took 730.2351s]
22/01/24 05:53:58| INFO        m3w_kde_lr_mc finished [took 896.6688s]
22/01/24 05:54:53| INFO        m3w_kde_lr_c finished [took 951.0682s]
22/01/24 05:55:05| INFO        m3w_kde_lr finished [took 964.8811s]
22/01/24 05:55:21| INFO        mul_kde_lr_ne finished [took 979.1536s]
22/01/24 05:55:47| INFO        mul_kde_lr_mc finished [took 1005.5934s]
22/01/24 05:55:50| INFO        mul_kde_lr_c finished [took 1008.0531s]
22/01/24 05:55:54| INFO        mul_kde_lr finished [took 1012.8687s]
22/01/24 05:56:35| INFO        ref finished [took 73.3250s]
22/01/24 05:57:25| INFO        atc_mc finished [took 96.8959s]
22/01/24 05:57:29| INFO        doc finished [took 98.7546s]
22/01/24 05:59:27| INFO        bin_kde_lr_is finished [took 552.4898s]
22/01/24 06:01:37| INFO        m3w_kde_lr_ne finished [took 686.4857s]
22/01/24 06:01:43| INFO        bin_kde_lr_a finished [took 464.0216s]
22/01/24 06:02:37| INFO        mul_kde_lr_is finished [took 735.4146s]
22/01/24 06:02:54| INFO        m3w_kde_lr_is finished [took 701.1101s]
22/01/24 06:05:23| INFO        mul_kde_lr_a finished [took 629.6888s]
22/01/24 06:05:27| INFO        m3w_kde_lr_a finished [took 622.0697s]
22/01/24 06:06:32| DEBUG       [size=11,place=1] best score = 0.01198587; best param = {'quantifier__classifier__C': 0.1, 'quantifier__classifier__class_weight': 'balanced', 'quantifier__bandwidth': 0.02, 'confidence': ['isoft']} [took 64.020s]
22/01/24 06:06:32| DEBUG       [size=11,place=2] best score = 0.01305454; best param = {'quantifier__classifier__C': 100.0, 'quantifier__classifier__class_weight': 'balanced', 'quantifier__bandwidth': 0.01, 'confidence': ['isoft']} [took 64.020s]
22/01/24 06:10:43| DEBUG       [size=54,place=1] best score = 0.00817015; best param = {'quantifier__classifier__C': 10.0, 'quantifier__classifier__class_weight': 'balanced', 'quantifier__bandwidth': 0.02, 'confidence': ['isoft']} [took 251.181s]
22/01/24 06:10:43| DEBUG       [size=54,place=2] best score = 0.00865053; best param = {'quantifier__classifier__C': 10.0, 'quantifier__classifier__class_weight': 'balanced', 'quantifier__bandwidth': 0.01, 'confidence': ['isoft']} [took 251.182s]
22/01/24 06:13:17| DEBUG       [size=24,place=1] best score = 0.00760267; best param = {'quantifier__classifier__C': 10.0, 'quantifier__classifier__class_weight': 'balanced', 'quantifier__bandwidth': 0.03, 'confidence': ['isoft']} [took 153.439s]
22/01/24 06:13:17| DEBUG       [size=24,place=2] best score = 0.00796776; best param = {'quantifier__classifier__C': 10.0, 'quantifier__classifier__class_weight': 'balanced', 'quantifier__bandwidth': 0.04, 'confidence': ['isoft']} [took 153.439s]
22/01/24 06:14:24| DEBUG       [size=14,place=1] best score = 0.00739039; best param = {'quantifier__classifier__C': 10.0, 'quantifier__classifier__class_weight': 'balanced', 'quantifier__bandwidth': 0.03, 'confidence': None} [took 66.795s]
22/01/24 06:14:24| DEBUG       [size=14,place=2] best score = 0.00780215; best param = {'quantifier__classifier__C': 10.0, 'quantifier__classifier__class_weight': 'balanced', 'quantifier__bandwidth': 0.03, 'confidence': ['max_conf', 'entropy', 'isoft']} [took 66.796s]
22/01/24 06:18:27| DEBUG       [size=45,place=1] best score = 0.00875752; best param = {'quantifier__classifier__C': 10.0, 'quantifier__classifier__class_weight': 'balanced', 'quantifier__bandwidth': 0.05, 'confidence': ['max_conf', 'entropy', 'isoft']} [took 243.691s]
22/01/24 06:18:27| DEBUG       [size=45,place=2] best score = 0.00897741; best param = {'quantifier__classifier__C': 10.0, 'quantifier__classifier__class_weight': 'balanced', 'quantifier__bandwidth': 0.05, 'confidence': None} [took 243.692s]
22/01/24 06:18:27| DEBUG       [BinaryQuantifierAccuracyEstimator] optimization finished: best params {'quantifier__classifier__C': 10.0, 'quantifier__classifier__class_weight': 'balanced', 'quantifier__bandwidth': 0.03, 'confidence': None} (score=0.00739) [took 779.2459s]
22/01/24 06:22:19| INFO        bin_kde_lr_gs finished [took 1011.1300s]
22/01/24 06:25:43| DEBUG       [size=11,place=1] best score = 0.00961015; best param = {'quantifier__classifier__C': 1000.0, 'quantifier__classifier__class_weight': 'balanced', 'quantifier__bandwidth': 0.04, 'confidence': ['max_conf', 'entropy', 'isoft']} [took 203.620s]
22/01/24 06:25:43| DEBUG       [size=11,place=2] best score = 0.01506050; best param = {'quantifier__classifier__C': 100.0, 'quantifier__classifier__class_weight': 'balanced', 'quantifier__bandwidth': 0.05, 'confidence': None} [took 203.621s]
22/01/24 06:48:38| DEBUG       [size=56,place=1] best score = 0.00774509; best param = {'quantifier__classifier__C': 10.0, 'quantifier__classifier__class_weight': 'balanced', 'quantifier__bandwidth': 0.04, 'confidence': ['max_conf', 'entropy', 'isoft']} [took 1374.847s]
22/01/24 06:48:38| DEBUG       [size=56,place=2] best score = 0.00894685; best param = {'quantifier__classifier__C': 0.1, 'quantifier__classifier__class_weight': 'balanced', 'quantifier__bandwidth': 0.05, 'confidence': None} [took 1374.848s]
22/01/24 07:02:21| DEBUG       [size=44,place=1] best score = 0.00688919; best param = {'quantifier__classifier__C': 10.0, 'quantifier__classifier__class_weight': 'balanced', 'quantifier__bandwidth': 0.03, 'confidence': ['max_conf', 'entropy', 'isoft']} [took 822.788s]
22/01/24 07:02:21| DEBUG       [size=44,place=2] best score = 0.00816580; best param = {'quantifier__classifier__C': 10.0, 'quantifier__classifier__class_weight': 'balanced', 'quantifier__bandwidth': 0.04, 'confidence': ['isoft']} [took 822.788s]
22/01/24 07:14:07| DEBUG       [size=31,place=1] best score = 0.00706754; best param = {'quantifier__classifier__C': 10.0, 'quantifier__classifier__class_weight': 'balanced', 'quantifier__bandwidth': 0.03, 'confidence': ['isoft']} [took 706.537s]
22/01/24 07:14:07| DEBUG       [size=31,place=2] best score = 0.00826835; best param = {'quantifier__classifier__C': 10.0, 'quantifier__classifier__class_weight': 'balanced', 'quantifier__bandwidth': 0.03, 'confidence': None} [took 706.537s]
22/01/24 07:14:08| DEBUG       [MultiClassAccuracyEstimator] optimization finished: best params {'quantifier__classifier__C': 10.0, 'quantifier__classifier__class_weight': 'balanced', 'quantifier__bandwidth': 0.03, 'confidence': ['max_conf', 'entropy', 'isoft']} (score=0.00689) [took 3107.9093s]
22/01/24 07:19:34| INFO        mul_kde_lr_gs finished [took 3434.0923s]
22/01/24 07:22:10| DEBUG       [size=11,place=1] best score = 0.00844754; best param = {'quantifier__classifier__C': 100.0, 'quantifier__classifier__class_weight': 'balanced', 'quantifier__bandwidth': 0.01, 'confidence': ['isoft']} [took 155.244s]
22/01/24 07:22:10| DEBUG       [size=11,place=2] best score = 0.01024765; best param = {'quantifier__classifier__C': 100.0, 'quantifier__classifier__class_weight': 'balanced', 'quantifier__bandwidth': 0.03, 'confidence': ['max_conf', 'entropy', 'isoft']} [took 155.244s]
22/01/24 07:38:28| DEBUG       [size=54,place=1] best score = 0.00791681; best param = {'quantifier__classifier__C': 10.0, 'quantifier__classifier__class_weight': 'balanced', 'quantifier__bandwidth': 0.01, 'confidence': ['isoft']} [took 978.723s]
22/01/24 07:38:28| DEBUG       [size=54,place=2] best score = 0.00821471; best param = {'quantifier__classifier__C': 100.0, 'quantifier__classifier__class_weight': 'balanced', 'quantifier__bandwidth': 0.01, 'confidence': ['max_conf', 'entropy', 'isoft']} [took 978.723s]
22/01/24 07:46:55| DEBUG       [size=28,place=1] best score = 0.00697562; best param = {'quantifier__classifier__C': 10.0, 'quantifier__classifier__class_weight': 'balanced', 'quantifier__bandwidth': 0.01, 'confidence': None} [took 506.112s]
22/01/24 07:46:55| DEBUG       [size=28,place=2] best score = 0.00737688; best param = {'quantifier__classifier__C': 10.0, 'quantifier__classifier__class_weight': 'balanced', 'quantifier__bandwidth': 0.02, 'confidence': ['isoft']} [took 506.112s]
22/01/24 07:54:54| DEBUG       [size=31,place=1] best score = 0.00668346; best param = {'quantifier__classifier__C': 10.0, 'quantifier__classifier__class_weight': None, 'quantifier__bandwidth': 0.02, 'confidence': ['isoft']} [took 479.413s]
22/01/24 07:54:54| DEBUG       [size=31,place=2] best score = 0.00695179; best param = {'quantifier__classifier__C': 10.0, 'quantifier__classifier__class_weight': None, 'quantifier__bandwidth': 0.01, 'confidence': None} [took 479.413s]
22/01/24 08:09:09| DEBUG       [size=51,place=1] best score = 0.00660730; best param = {'quantifier__classifier__C': 10.0, 'quantifier__classifier__class_weight': None, 'quantifier__bandwidth': 0.02, 'confidence': ['max_conf', 'entropy', 'isoft']} [took 855.276s]
22/01/24 08:09:09| DEBUG       [size=51,place=2] best score = 0.00729048; best param = {'quantifier__classifier__C': 1.0, 'quantifier__classifier__class_weight': None, 'quantifier__bandwidth': 0.01, 'confidence': None} [took 855.277s]
22/01/24 08:19:31| DEBUG       [size=44,place=1] best score = 0.00739451; best param = {'quantifier__classifier__C': 1.0, 'quantifier__classifier__class_weight': None, 'quantifier__bandwidth': 0.02, 'confidence': None} [took 621.253s]
22/01/24 08:19:31| DEBUG       [size=44,place=2] best score = 0.00797256; best param = {'quantifier__classifier__C': 1.0, 'quantifier__classifier__class_weight': None, 'quantifier__bandwidth': 0.02, 'confidence': ['max_conf', 'entropy', 'isoft']} [took 621.254s]
22/01/24 08:19:31| DEBUG       [MultiClassAccuracyEstimator] optimization finished: best params {'quantifier__classifier__C': 10.0, 'quantifier__classifier__class_weight': None, 'quantifier__bandwidth': 0.02, 'confidence': ['max_conf', 'entropy', 'isoft']} (score=0.00661) [took 3596.1489s]
22/01/24 08:24:15| INFO        m3w_kde_lr_gs finished [took 3880.4439s]
22/01/24 08:24:15| INFO     Dataset sample [0.5 0.5] of dataset rcv1_GCAT finished [took 9917.7905s]
22/01/24 08:24:15| INFO     Dataset sample [0.6 0.4] of dataset rcv1_GCAT started
22/01/24 08:35:29| INFO        bin_kde_lr finished [took 672.2920s]
22/01/24 08:35:58| INFO        bin_kde_lr_mc finished [took 696.0020s]
22/01/24 08:36:05| INFO        bin_kde_lr_c finished [took 708.5380s]
22/01/24 08:36:06| INFO        bin_kde_lr_ne finished [took 704.5781s]
22/01/24 08:39:10| INFO        m3w_kde_lr finished [took 893.7554s]
22/01/24 08:39:39| INFO        m3w_kde_lr_mc finished [took 917.3173s]
22/01/24 08:40:08| INFO        mul_kde_lr finished [took 951.5063s]
22/01/24 08:40:13| INFO        mul_kde_lr_mc finished [took 951.9202s]
22/01/24 08:40:41| INFO        mul_kde_lr_ne finished [took 979.2193s]
22/01/24 08:41:02| INFO        m3w_kde_lr_c finished [took 1004.8013s]
22/01/24 08:41:22| INFO        mul_kde_lr_c finished [took 1024.7786s]
22/01/24 08:41:59| INFO        ref finished [took 104.2493s]
22/01/24 08:42:16| INFO        atc_mc finished [took 94.9254s]
22/01/24 08:42:33| INFO        doc finished [took 90.9407s]
22/01/24 08:45:06| INFO        bin_kde_lr_is finished [took 547.7790s]
22/01/24 08:46:56| INFO        bin_kde_lr_a finished [took 464.7679s]
22/01/24 08:48:22| INFO        m3w_kde_lr_is finished [took 735.3021s]
22/01/24 08:48:38| INFO        mul_kde_lr_is finished [took 752.7185s]
22/01/24 08:49:08| INFO        m3w_kde_lr_ne finished [took 818.7603s]
22/01/24 08:50:50| INFO        m3w_kde_lr_a finished [took 641.2675s]
22/01/24 08:51:57| INFO        mul_kde_lr_a finished [took 737.9039s]
22/01/24 08:53:03| DEBUG       [size=11,place=1] best score = 0.00656387; best param = {'quantifier__classifier__C': 100.0, 'quantifier__classifier__class_weight': 'balanced', 'quantifier__bandwidth': 0.03, 'confidence': ['max_conf', 'entropy', 'isoft']} [took 64.466s]
22/01/24 08:53:03| DEBUG       [size=11,place=2] best score = 0.00728779; best param = {'quantifier__classifier__C': 100.0, 'quantifier__classifier__class_weight': 'balanced', 'quantifier__bandwidth': 0.05, 'confidence': None} [took 64.467s]
22/01/24 08:59:18| DEBUG       [size=54,place=1] best score = 0.00657692; best param = {'quantifier__classifier__C': 100.0, 'quantifier__classifier__class_weight': 'balanced', 'quantifier__bandwidth': 0.03, 'confidence': ['isoft']} [took 374.912s]
22/01/24 08:59:18| DEBUG       [size=54,place=2] best score = 0.00671484; best param = {'quantifier__classifier__C': 100.0, 'quantifier__classifier__class_weight': 'balanced', 'quantifier__bandwidth': 0.01, 'confidence': None} [took 374.913s]
22/01/24 08:59:18| DEBUG       [BinaryQuantifierAccuracyEstimator] optimization finished: best params {'quantifier__classifier__C': 100.0, 'quantifier__classifier__class_weight': 'balanced', 'quantifier__bandwidth': 0.03, 'confidence': ['max_conf', 'entropy', 'isoft']} (score=0.00656) [took 439.3905s]
22/01/24 09:03:38| INFO        bin_kde_lr_gs finished [took 700.0945s]
22/01/24 09:07:07| DEBUG       [size=11,place=1] best score = 0.00719102; best param = {'quantifier__classifier__C': 100.0, 'quantifier__classifier__class_weight': 'balanced', 'quantifier__bandwidth': 0.05, 'confidence': None} [took 208.305s]
22/01/24 09:07:07| DEBUG       [size=11,place=2] best score = 0.01058719; best param = {'quantifier__classifier__C': 100.0, 'quantifier__classifier__class_weight': None, 'quantifier__bandwidth': 0.04, 'confidence': None} [took 208.305s]
22/01/24 09:28:26| DEBUG       [size=53,place=1] best score = 0.00789021; best param = {'quantifier__classifier__C': 1.0, 'quantifier__classifier__class_weight': 'balanced', 'quantifier__bandwidth': 0.05, 'confidence': None} [took 1278.567s]
22/01/24 09:28:26| DEBUG       [size=53,place=2] best score = 0.00791237; best param = {'quantifier__classifier__C': 100.0, 'quantifier__classifier__class_weight': 'balanced', 'quantifier__bandwidth': 0.060000000000000005, 'confidence': None} [took 1278.567s]
22/01/24 09:28:26| DEBUG       [MultiClassAccuracyEstimator] optimization finished: best params {'quantifier__classifier__C': 100.0, 'quantifier__classifier__class_weight': 'balanced', 'quantifier__bandwidth': 0.05, 'confidence': None} (score=0.00719) [took 1486.8795s]
22/01/24 09:34:28| INFO        mul_kde_lr_gs finished [took 1848.7692s]
22/01/24 09:37:02| DEBUG       [size=11,place=1] best score = 0.00703197; best param = {'quantifier__classifier__C': 100.0, 'quantifier__classifier__class_weight': 'balanced', 'quantifier__bandwidth': 0.01, 'confidence': ['isoft']} [took 153.765s]
22/01/24 09:37:02| DEBUG       [size=11,place=2] best score = 0.00781022; best param = {'quantifier__classifier__C': 100.0, 'quantifier__classifier__class_weight': 'balanced', 'quantifier__bandwidth': 0.05, 'confidence': None} [took 153.765s]
22/01/24 09:53:10| DEBUG       [size=54,place=1] best score = 0.00617891; best param = {'quantifier__classifier__C': 100.0, 'quantifier__classifier__class_weight': 'balanced', 'quantifier__bandwidth': 0.01, 'confidence': ['max_conf', 'entropy', 'isoft']} [took 967.243s]
22/01/24 09:53:10| DEBUG       [size=54,place=2] best score = 0.00666618; best param = {'quantifier__classifier__C': 1000.0, 'quantifier__classifier__class_weight': 'balanced', 'quantifier__bandwidth': 0.01, 'confidence': ['isoft']} [took 967.244s]
22/01/24 10:07:31| DEBUG       [size=45,place=1] best score = 0.00700831; best param = {'quantifier__classifier__C': 1000.0, 'quantifier__classifier__class_weight': 'balanced', 'quantifier__bandwidth': 0.02, 'confidence': ['isoft']} [took 861.181s]
22/01/24 10:07:31| DEBUG       [size=45,place=2] best score = 0.00711479; best param = {'quantifier__classifier__C': 1000.0, 'quantifier__classifier__class_weight': None, 'quantifier__bandwidth': 0.01, 'confidence': ['isoft']} [took 861.181s]
22/01/24 10:07:31| DEBUG       [MultiClassAccuracyEstimator] optimization finished: best params {'quantifier__classifier__C': 100.0, 'quantifier__classifier__class_weight': 'balanced', 'quantifier__bandwidth': 0.01, 'confidence': ['max_conf', 'entropy', 'isoft']} (score=0.00618) [took 1982.2103s]
22/01/24 10:12:30| INFO        m3w_kde_lr_gs finished [took 2281.7264s]
22/01/24 10:12:30| INFO     Dataset sample [0.6 0.4] of dataset rcv1_GCAT finished [took 6495.2846s]
22/01/24 10:12:30| INFO     Dataset sample [0.7 0.3] of dataset rcv1_GCAT started
22/01/24 10:24:39| INFO        bin_kde_lr finished [took 723.3926s]
22/01/24 10:25:17| INFO        bin_kde_lr_mc finished [took 761.2086s]
22/01/24 10:25:22| INFO        bin_kde_lr_c finished [took 766.1754s]
22/01/24 10:25:38| INFO        bin_kde_lr_ne finished [took 782.1847s]
22/01/24 10:28:07| INFO        m3w_kde_lr finished [took 931.0637s]
22/01/24 10:28:47| INFO        mul_kde_lr finished [took 971.5264s]
22/01/24 10:29:13| INFO        m3w_kde_lr_c finished [took 997.8288s]
22/01/24 10:29:21| INFO        m3w_kde_lr_mc finished [took 1005.2090s]
22/01/24 10:30:24| INFO        mul_kde_lr_ne finished [took 1070.8450s]
22/01/24 10:30:57| INFO        ref finished [took 95.5243s]
22/01/24 10:31:16| INFO        mul_kde_lr_c finished [took 1120.6293s]
22/01/24 10:31:23| INFO        mul_kde_lr_mc finished [took 1127.7476s]
22/01/24 10:31:58| INFO        doc finished [took 59.8640s]
22/01/24 10:31:59| INFO        atc_mc finished [took 93.7486s]
22/01/24 10:34:41| INFO        bin_kde_lr_is finished [took 563.6776s]
22/01/24 10:37:37| INFO        bin_kde_lr_a finished [took 569.3022s]
22/01/24 10:37:41| INFO        m3w_kde_lr_is finished [took 722.2978s]
22/01/24 10:37:44| INFO        m3w_kde_lr_ne finished [took 784.0898s]
22/01/24 10:38:04| INFO        mul_kde_lr_is finished [took 761.4636s]
22/01/24 10:40:06| INFO        m3w_kde_lr_a finished [took 651.9740s]
22/01/24 10:41:42| INFO        mul_kde_lr_a finished [took 774.1500s]
22/01/24 10:42:42| DEBUG       [size=11,place=1] best score = 0.00600592; best param = {'quantifier__classifier__C': 100.0, 'quantifier__classifier__class_weight': 'balanced', 'quantifier__bandwidth': 0.05, 'confidence': None} [took 59.917s]
22/01/24 10:42:42| DEBUG       [size=11,place=2] best score = 0.00658727; best param = {'quantifier__classifier__C': 0.1, 'quantifier__classifier__class_weight': 'balanced', 'quantifier__bandwidth': 0.02, 'confidence': ['isoft']} [took 59.917s]
22/01/24 10:46:51| DEBUG       [size=56,place=1] best score = 0.00544039; best param = {'quantifier__classifier__C': 0.1, 'quantifier__classifier__class_weight': 'balanced', 'quantifier__bandwidth': 0.06999999999999999, 'confidence': ['isoft']} [took 248.948s]
22/01/24 10:46:51| DEBUG       [size=56,place=2] best score = 0.00545344; best param = {'quantifier__classifier__C': 0.1, 'quantifier__classifier__class_weight': 'balanced', 'quantifier__bandwidth': 0.08, 'confidence': ['isoft']} [took 248.949s]
22/01/24 10:48:01| DEBUG       [size=18,place=1] best score = 0.00522593; best param = {'quantifier__classifier__C': 1.0, 'quantifier__classifier__class_weight': 'balanced', 'quantifier__bandwidth': 0.08, 'confidence': ['isoft']} [took 69.796s]
22/01/24 10:48:01| DEBUG       [size=18,place=2] best score = 0.00527576; best param = {'quantifier__classifier__C': 1.0, 'quantifier__classifier__class_weight': 'balanced', 'quantifier__bandwidth': 0.06999999999999999, 'confidence': ['isoft']} [took 69.796s]
22/01/24 10:49:42| DEBUG       [size=23,place=1] best score = 0.00519506; best param = {'quantifier__classifier__C': 1.0, 'quantifier__classifier__class_weight': 'balanced', 'quantifier__bandwidth': 0.08, 'confidence': None} [took 101.167s]
22/01/24 10:49:42| DEBUG       [size=23,place=2] best score = 0.00520267; best param = {'quantifier__classifier__C': 1.0, 'quantifier__classifier__class_weight': 'balanced', 'quantifier__bandwidth': 0.09, 'confidence': ['isoft']} [took 101.167s]
22/01/24 10:51:36| DEBUG       [size=29,place=1] best score = 0.00521687; best param = {'quantifier__classifier__C': 1.0, 'quantifier__classifier__class_weight': 'balanced', 'quantifier__bandwidth': 0.09, 'confidence': ['max_conf', 'entropy', 'isoft']} [took 113.591s]
22/01/24 10:51:36| DEBUG       [size=29,place=2] best score = 0.00522184; best param = {'quantifier__classifier__C': 1.0, 'quantifier__classifier__class_weight': 'balanced', 'quantifier__bandwidth': 0.09, 'confidence': None} [took 113.591s]
22/01/24 10:51:36| DEBUG       [BinaryQuantifierAccuracyEstimator] optimization finished: best params {'quantifier__classifier__C': 1.0, 'quantifier__classifier__class_weight': 'balanced', 'quantifier__bandwidth': 0.08, 'confidence': None} (score=0.00520) [took 593.5520s]
22/01/24 10:55:53| INFO        bin_kde_lr_gs finished [took 850.6392s]
22/01/24 10:59:21| DEBUG       [size=11,place=1] best score = 0.00626370; best param = {'quantifier__classifier__C': 0.1, 'quantifier__classifier__class_weight': 'balanced', 'quantifier__bandwidth': 0.02, 'confidence': ['isoft']} [took 207.613s]
22/01/24 10:59:21| DEBUG       [size=11,place=2] best score = 0.00879919; best param = {'quantifier__classifier__C': 1000.0, 'quantifier__classifier__class_weight': 'balanced', 'quantifier__bandwidth': 0.04, 'confidence': ['max_conf', 'entropy', 'isoft']} [took 207.614s]
22/01/24 11:16:13| DEBUG       [size=56,place=1] best score = 0.00619999; best param = {'quantifier__classifier__C': 0.1, 'quantifier__classifier__class_weight': 'balanced', 'quantifier__bandwidth': 0.02, 'confidence': ['max_conf', 'entropy', 'isoft']} [took 1012.042s]
22/01/24 11:16:13| DEBUG       [size=56,place=2] best score = 0.00624223; best param = {'quantifier__classifier__C': 0.1, 'quantifier__classifier__class_weight': 'balanced', 'quantifier__bandwidth': 0.03, 'confidence': ['isoft']} [took 1012.043s]
22/01/24 11:23:34| DEBUG       [size=32,place=1] best score = 0.00695607; best param = {'quantifier__classifier__C': 0.1, 'quantifier__classifier__class_weight': 'balanced', 'quantifier__bandwidth': 0.03, 'confidence': ['max_conf', 'entropy', 'isoft']} [took 440.419s]
22/01/24 11:23:34| DEBUG       [size=32,place=2] best score = 0.00843643; best param = {'quantifier__classifier__C': 0.01, 'quantifier__classifier__class_weight': 'balanced', 'quantifier__bandwidth': 0.02, 'confidence': ['max_conf', 'entropy', 'isoft']} [took 440.420s]
22/01/24 11:23:34| DEBUG       [MultiClassAccuracyEstimator] optimization finished: best params {'quantifier__classifier__C': 0.1, 'quantifier__classifier__class_weight': 'balanced', 'quantifier__bandwidth': 0.02, 'confidence': ['max_conf', 'entropy', 'isoft']} (score=0.00620) [took 1660.0886s]
22/01/24 11:28:47| INFO        mul_kde_lr_gs finished [took 1973.6217s]
22/01/24 11:31:24| DEBUG       [size=11,place=1] best score = 0.00604831; best param = {'quantifier__classifier__C': 100.0, 'quantifier__classifier__class_weight': 'balanced', 'quantifier__bandwidth': 0.05, 'confidence': None} [took 156.119s]
22/01/24 11:31:24| DEBUG       [size=11,place=2] best score = 0.00628570; best param = {'quantifier__classifier__C': 1000.0, 'quantifier__classifier__class_weight': 'balanced', 'quantifier__bandwidth': 0.04, 'confidence': ['max_conf', 'entropy', 'isoft']} [took 156.120s]
22/01/24 11:48:18| DEBUG       [size=56,place=1] best score = 0.00520158; best param = {'quantifier__classifier__C': 1.0, 'quantifier__classifier__class_weight': 'balanced', 'quantifier__bandwidth': 0.04, 'confidence': ['max_conf', 'entropy', 'isoft']} [took 1013.378s]
22/01/24 11:48:18| DEBUG       [size=56,place=2] best score = 0.00529784; best param = {'quantifier__classifier__C': 1.0, 'quantifier__classifier__class_weight': 'balanced', 'quantifier__bandwidth': 0.05, 'confidence': None} [took 1013.379s]
22/01/24 11:57:35| DEBUG       [size=42,place=1] best score = 0.00518178; best param = {'quantifier__classifier__C': 1.0, 'quantifier__classifier__class_weight': 'balanced', 'quantifier__bandwidth': 0.04, 'confidence': ['isoft']} [took 557.763s]
22/01/24 11:57:35| DEBUG       [size=42,place=2] best score = 0.00524155; best param = {'quantifier__classifier__C': 1.0, 'quantifier__classifier__class_weight': 'balanced', 'quantifier__bandwidth': 0.060000000000000005, 'confidence': None} [took 557.763s]
22/01/24 12:03:12| DEBUG       [size=29,place=1] best score = 0.00524028; best param = {'quantifier__classifier__C': 1.0, 'quantifier__classifier__class_weight': 'balanced', 'quantifier__bandwidth': 0.03, 'confidence': ['isoft']} [took 336.944s]
22/01/24 12:03:12| DEBUG       [size=29,place=2] best score = 0.00564520; best param = {'quantifier__classifier__C': 1.0, 'quantifier__classifier__class_weight': 'balanced', 'quantifier__bandwidth': 0.060000000000000005, 'confidence': ['isoft']} [took 336.945s]
22/01/24 12:03:12| DEBUG       [MultiClassAccuracyEstimator] optimization finished: best params {'quantifier__classifier__C': 1.0, 'quantifier__classifier__class_weight': 'balanced', 'quantifier__bandwidth': 0.04, 'confidence': ['isoft']} (score=0.00518) [took 2064.3292s]
22/01/24 12:07:39| INFO        m3w_kde_lr_gs finished [took 2331.3698s]
22/01/24 12:07:39| INFO     Dataset sample [0.7 0.3] of dataset rcv1_GCAT finished [took 6909.2906s]
22/01/24 12:07:40| INFO     Dataset sample [0.8 0.2] of dataset rcv1_GCAT started
22/01/24 12:19:16| INFO        bin_kde_lr_c finished [took 694.5242s]
22/01/24 12:20:16| INFO        bin_kde_lr finished [took 753.8118s]
22/01/24 12:20:57| INFO        bin_kde_lr_mc finished [took 795.0854s]
22/01/24 12:21:14| INFO        bin_kde_lr_ne finished [took 807.6114s]
22/01/24 12:22:30| INFO        m3w_kde_lr_mc finished [took 882.3631s]
22/01/24 12:22:57| INFO        m3w_kde_lr finished [took 915.3682s]
22/01/24 12:23:42| INFO        m3w_kde_lr_c finished [took 960.1516s]
22/01/24 12:24:11| INFO        mul_kde_lr_mc finished [took 989.2502s]
22/01/24 12:24:21| INFO        mul_kde_lr_c finished [took 1000.2281s]
22/01/24 12:24:25| INFO        mul_kde_lr finished [took 1002.9913s]
22/01/24 12:24:46| INFO        mul_kde_lr_ne finished [took 1019.2112s]
22/01/24 12:25:22| INFO        ref finished [took 70.2915s]
22/01/24 12:25:50| INFO        atc_mc finished [took 87.4637s]
22/01/24 12:26:05| INFO        doc finished [took 99.7585s]
22/01/24 12:29:42| INFO        bin_kde_lr_is finished [took 566.0150s]
22/01/24 12:30:47| INFO        bin_kde_lr_a finished [took 496.6267s]
22/01/24 12:31:38| INFO        m3w_kde_lr_ne finished [took 741.2170s]
22/01/24 12:32:03| INFO        m3w_kde_lr_is finished [took 647.8121s]
22/01/24 12:33:47| INFO        m3w_kde_lr_a finished [took 604.1101s]
22/01/24 12:33:49| INFO        mul_kde_lr_is finished [took 772.2322s]
22/01/24 12:34:12| INFO        mul_kde_lr_a finished [took 674.3485s]
22/01/24 12:35:10| DEBUG       [size=11,place=1] best score = 0.00869322; best param = {'quantifier__classifier__C': 1.0, 'quantifier__classifier__class_weight': None, 'quantifier__bandwidth': 0.060000000000000005, 'confidence': None} [took 56.513s]
22/01/24 12:35:10| DEBUG       [size=11,place=2] best score = 0.01005726; best param = {'quantifier__classifier__C': 0.1, 'quantifier__classifier__class_weight': None, 'quantifier__bandwidth': 0.11, 'confidence': ['max_conf', 'entropy', 'isoft']} [took 56.514s]
22/01/24 12:38:14| DEBUG       [size=56,place=1] best score = 0.00548716; best param = {'quantifier__classifier__C': 1.0, 'quantifier__classifier__class_weight': None, 'quantifier__bandwidth': 0.02, 'confidence': None} [took 184.519s]
22/01/24 12:38:14| DEBUG       [size=56,place=2] best score = 0.00555262; best param = {'quantifier__classifier__C': 1.0, 'quantifier__classifier__class_weight': None, 'quantifier__bandwidth': 0.03, 'confidence': None} [took 184.519s]
22/01/24 12:39:25| DEBUG       [size=18,place=1] best score = 0.00617450; best param = {'quantifier__classifier__C': 0.1, 'quantifier__classifier__class_weight': None, 'quantifier__bandwidth': 0.02, 'confidence': None} [took 70.776s]
22/01/24 12:39:25| DEBUG       [size=18,place=2] best score = 0.00686150; best param = {'quantifier__classifier__C': 0.1, 'quantifier__classifier__class_weight': None, 'quantifier__bandwidth': 0.03, 'confidence': None} [took 70.777s]
22/01/24 12:39:25| DEBUG       [BinaryQuantifierAccuracyEstimator] optimization finished: best params {'quantifier__classifier__C': 1.0, 'quantifier__classifier__class_weight': None, 'quantifier__bandwidth': 0.02, 'confidence': None} (score=0.00549) [took 311.9230s]
22/01/24 12:43:42| INFO        bin_kde_lr_gs finished [took 569.3523s]
22/01/24 12:47:23| DEBUG       [size=11,place=1] best score = 0.00759010; best param = {'quantifier__classifier__C': 1000.0, 'quantifier__classifier__class_weight': 'balanced', 'quantifier__bandwidth': 0.04, 'confidence': ['max_conf', 'entropy', 'isoft']} [took 219.677s]
22/01/24 12:47:23| DEBUG       [size=11,place=2] best score = 0.01244606; best param = {'quantifier__classifier__C': 100.0, 'quantifier__classifier__class_weight': 'balanced', 'quantifier__bandwidth': 0.05, 'confidence': None} [took 219.677s]
22/01/24 13:10:41| DEBUG       [size=56,place=1] best score = 0.00709916; best param = {'quantifier__classifier__C': 1000.0, 'quantifier__classifier__class_weight': 'balanced', 'quantifier__bandwidth': 0.04, 'confidence': ['isoft']} [took 1398.207s]
22/01/24 13:10:41| DEBUG       [size=56,place=2] best score = 0.00739565; best param = {'quantifier__classifier__C': 1000.0, 'quantifier__classifier__class_weight': 'balanced', 'quantifier__bandwidth': 0.03, 'confidence': ['max_conf', 'entropy', 'isoft']} [took 1398.207s]
22/01/24 13:23:15| DEBUG       [size=33,place=1] best score = 0.00728327; best param = {'quantifier__classifier__C': 1000.0, 'quantifier__classifier__class_weight': 'balanced', 'quantifier__bandwidth': 0.060000000000000005, 'confidence': ['isoft']} [took 753.819s]
22/01/24 13:23:15| DEBUG       [size=33,place=2] best score = 0.00728623; best param = {'quantifier__classifier__C': 1000.0, 'quantifier__classifier__class_weight': 'balanced', 'quantifier__bandwidth': 0.05, 'confidence': ['isoft']} [took 753.819s]
22/01/24 13:23:15| DEBUG       [MultiClassAccuracyEstimator] optimization finished: best params {'quantifier__classifier__C': 1000.0, 'quantifier__classifier__class_weight': 'balanced', 'quantifier__bandwidth': 0.04, 'confidence': ['isoft']} (score=0.00710) [took 2371.8124s]
22/01/24 13:28:19| INFO        mul_kde_lr_gs finished [took 2675.3364s]
22/01/24 13:30:50| DEBUG       [size=11,place=1] best score = 0.00808026; best param = {'quantifier__classifier__C': 1.0, 'quantifier__classifier__class_weight': None, 'quantifier__bandwidth': 0.060000000000000005, 'confidence': None} [took 150.646s]
22/01/24 13:30:50| DEBUG       [size=11,place=2] best score = 0.00838852; best param = {'quantifier__classifier__C': 100.0, 'quantifier__classifier__class_weight': None, 'quantifier__bandwidth': 0.15000000000000002, 'confidence': None} [took 150.647s]
22/01/24 13:42:57| DEBUG       [size=53,place=1] best score = 0.00661369; best param = {'quantifier__classifier__C': 1.0, 'quantifier__classifier__class_weight': None, 'quantifier__bandwidth': 0.02, 'confidence': None} [took 727.048s]
22/01/24 13:42:57| DEBUG       [size=53,place=2] best score = 0.00724182; best param = {'quantifier__classifier__C': 1.0, 'quantifier__classifier__class_weight': None, 'quantifier__bandwidth': 0.03, 'confidence': None} [took 727.049s]
22/01/24 13:45:46| DEBUG       [size=16,place=1] best score = 0.00682511; best param = {'quantifier__classifier__C': 0.01, 'quantifier__classifier__class_weight': None, 'quantifier__bandwidth': 0.02, 'confidence': None} [took 168.434s]
22/01/24 13:45:46| DEBUG       [size=16,place=2] best score = 0.00694383; best param = {'quantifier__classifier__C': 0.1, 'quantifier__classifier__class_weight': None, 'quantifier__bandwidth': 0.03, 'confidence': None} [took 168.435s]
22/01/24 13:45:46| DEBUG       [MultiClassAccuracyEstimator] optimization finished: best params {'quantifier__classifier__C': 1.0, 'quantifier__classifier__class_weight': None, 'quantifier__bandwidth': 0.02, 'confidence': None} (score=0.00661) [took 1046.1396s]
22/01/24 13:50:26| INFO        m3w_kde_lr_gs finished [took 1326.1196s]
22/01/24 13:50:26| INFO     Dataset sample [0.8 0.2] of dataset rcv1_GCAT finished [took 6166.0136s]
22/01/24 13:50:26| INFO     Dataset sample [0.9 0.1] of dataset rcv1_GCAT started
22/01/24 13:50:51| WARNING     Method bin_kde_lr_c failed. Exception: This solver needs samples of at least 2 classes in the data, but the data contains only one class: 1
22/01/24 13:50:51| WARNING     Method bin_kde_lr failed. Exception: This solver needs samples of at least 2 classes in the data, but the data contains only one class: 1
22/01/24 13:50:52| WARNING     Method bin_kde_lr_ne failed. Exception: This solver needs samples of at least 2 classes in the data, but the data contains only one class: 1
22/01/24 13:50:59| WARNING     Method bin_kde_lr_mc failed. Exception: This solver needs samples of at least 2 classes in the data, but the data contains only one class: 1
22/01/24 13:51:21| WARNING     Method bin_kde_lr_is failed. Exception: This solver needs samples of at least 2 classes in the data, but the data contains only one class: 1
22/01/24 13:51:56| WARNING     Method bin_kde_lr_a failed. Exception: This solver needs samples of at least 2 classes in the data, but the data contains only one class: 1
22/01/24 14:06:58| INFO        mul_kde_lr_c finished [took 990.9453s]
22/01/24 14:07:08| INFO        m3w_kde_lr_c finished [took 1000.7584s]
22/01/24 14:07:09| INFO        m3w_kde_lr finished [took 1001.4048s]
22/01/24 14:07:10| INFO        m3w_kde_lr_mc finished [took 998.8652s]
22/01/24 14:07:17| INFO        m3w_kde_lr_ne finished [took 984.4609s]
22/01/24 14:07:19| INFO        m3w_kde_lr_is finished [took 977.8138s]
22/01/24 14:08:18| INFO        mul_kde_lr finished [took 1070.8174s]
22/01/24 14:08:26| INFO        mul_kde_lr_is finished [took 1052.3395s]
22/01/24 14:08:31| INFO        mul_kde_lr_ne finished [took 1082.0803s]
22/01/24 14:08:33| INFO        mul_kde_lr_a finished [took 994.6399s]
22/01/24 14:08:33| INFO        ref finished [took 84.4722s]
22/01/24 14:08:37| INFO        mul_kde_lr_mc finished [took 1085.2625s]
22/01/24 14:08:40| INFO        atc_mc finished [took 91.0744s]
22/01/24 14:08:41| INFO        doc finished [took 89.6810s]
22/01/24 14:16:27| INFO        m3w_kde_lr_a finished [took 568.3389s]
22/01/24 14:56:32| WARNING     Method bin_kde_lr_gs failed. Exception: no combination of hyperparameters seem to work
22/01/24 14:59:56| DEBUG       [size=11,place=1] best score = 0.00703133; best param = {'quantifier__classifier__C': 0.1, 'quantifier__classifier__class_weight': 'balanced', 'quantifier__bandwidth': 0.02, 'confidence': ['isoft']} [took 203.400s]
22/01/24 14:59:56| DEBUG       [size=11,place=2] best score = 0.00848151; best param = {'quantifier__classifier__C': 1000.0, 'quantifier__classifier__class_weight': 'balanced', 'quantifier__bandwidth': 0.04, 'confidence': ['max_conf', 'entropy', 'isoft']} [took 203.400s]
22/01/24 15:16:11| DEBUG       [size=56,place=1] best score = 0.00518205; best param = {'quantifier__classifier__C': 0.1, 'quantifier__classifier__class_weight': None, 'quantifier__bandwidth': 0.02, 'confidence': ['isoft']} [took 975.236s]
22/01/24 15:16:11| DEBUG       [size=56,place=2] best score = 0.00574884; best param = {'quantifier__classifier__C': 0.1, 'quantifier__classifier__class_weight': 'balanced', 'quantifier__bandwidth': 0.08, 'confidence': ['isoft']} [took 975.236s]
22/01/24 15:22:44| DEBUG       [size=35,place=1] best score = 0.00520339; best param = {'quantifier__classifier__C': 0.1, 'quantifier__classifier__class_weight': None, 'quantifier__bandwidth': 0.02, 'confidence': ['max_conf', 'entropy', 'isoft']} [took 393.291s]
22/01/24 15:22:44| DEBUG       [size=35,place=2] best score = 0.00558127; best param = {'quantifier__classifier__C': 0.1, 'quantifier__classifier__class_weight': None, 'quantifier__bandwidth': 0.03, 'confidence': ['isoft']} [took 393.291s]
22/01/24 15:22:45| DEBUG       [MultiClassAccuracyEstimator] optimization finished: best params {'quantifier__classifier__C': 0.1, 'quantifier__classifier__class_weight': None, 'quantifier__bandwidth': 0.02, 'confidence': ['isoft']} (score=0.00518) [took 1572.0407s]
22/01/24 15:28:01| INFO        mul_kde_lr_gs finished [took 1888.8173s]
22/01/24 15:30:31| DEBUG       [size=11,place=1] best score = 0.00618326; best param = {'quantifier__classifier__C': 0.1, 'quantifier__classifier__class_weight': 'balanced', 'quantifier__bandwidth': 0.02, 'confidence': ['isoft']} [took 149.358s]
22/01/24 15:30:31| DEBUG       [size=11,place=2] best score = 0.00758194; best param = {'quantifier__classifier__C': 100.0, 'quantifier__classifier__class_weight': 'balanced', 'quantifier__bandwidth': 0.05, 'confidence': None} [took 149.358s]
22/01/24 15:42:09| DEBUG       [size=56,place=1] best score = 0.00515526; best param = {'quantifier__classifier__C': 0.1, 'quantifier__classifier__class_weight': None, 'quantifier__bandwidth': 0.02, 'confidence': ['isoft']} [took 697.334s]
22/01/24 15:42:09| DEBUG       [size=56,place=2] best score = 0.00540460; best param = {'quantifier__classifier__C': 0.01, 'quantifier__classifier__class_weight': 'balanced', 'quantifier__bandwidth': 0.02, 'confidence': ['isoft']} [took 697.335s]
22/01/24 15:46:59| DEBUG       [size=48,place=1] best score = 0.00524910; best param = {'quantifier__classifier__C': 0.1, 'quantifier__classifier__class_weight': None, 'quantifier__bandwidth': 0.02, 'confidence': ['max_conf', 'entropy', 'isoft']} [took 290.421s]
22/01/24 15:46:59| DEBUG       [size=48,place=2] best score = 0.00531381; best param = {'quantifier__classifier__C': 0.1, 'quantifier__classifier__class_weight': None, 'quantifier__bandwidth': 0.01, 'confidence': ['isoft']} [took 290.421s]
22/01/24 15:46:59| DEBUG       [MultiClassAccuracyEstimator] optimization finished: best params {'quantifier__classifier__C': 0.1, 'quantifier__classifier__class_weight': None, 'quantifier__bandwidth': 0.02, 'confidence': ['isoft']} (score=0.00516) [took 1137.2340s]
22/01/24 15:51:49| INFO        m3w_kde_lr_gs finished [took 1426.6192s]
22/01/24 15:51:49| INFO     Dataset sample [0.9 0.1] of dataset rcv1_GCAT finished [took 7282.9799s]
