----------------------------------------------------------------------------------------------------
21/01/24 14:15:13| INFO     dataset rcv1_GCAT [pool size: 10]
21/01/24 14:15:13| INFO     Dataset sample [0.1 0.9] of dataset rcv1_GCAT started
21/01/24 14:15:18| WARNING     Method bin_sld_lr_ne failed. Exception: This solver needs samples of at least 2 classes in the data, but the data contains only one class: 0
21/01/24 14:15:18| WARNING     Method bin_sld_lr failed. Exception: This solver needs samples of at least 2 classes in the data, but the data contains only one class: 0
21/01/24 14:15:18| WARNING     Method bin_sld_lr_mc failed. Exception: This solver needs samples of at least 2 classes in the data, but the data contains only one class: 0
21/01/24 14:15:19| WARNING     Method bin_sld_lr_c failed. Exception: This solver needs samples of at least 2 classes in the data, but the data contains only one class: 0
21/01/24 14:15:21| WARNING     Method bin_sld_lr_is failed. Exception: This solver needs samples of at least 2 classes in the data, but the data contains only one class: 0
21/01/24 14:15:23| WARNING     Method bin_sld_lr_a failed. Exception: This solver needs samples of at least 2 classes in the data, but the data contains only one class: 0
21/01/24 14:17:53| INFO        m3w_sld_lr_is finished [took 152.0799s]
21/01/24 14:18:01| INFO        m3w_sld_lr_mc finished [took 162.3707s]
21/01/24 14:18:05| INFO        mul_sld_lr finished [took 167.9245s]
21/01/24 14:18:08| INFO        mul_sld_lr_a finished [took 162.4699s]
21/01/24 14:18:10| INFO        m3w_sld_lr_c finished [took 173.5452s]
21/01/24 14:18:11| INFO        m3w_sld_lr_ne finished [took 172.0208s]
21/01/24 14:18:11| INFO        m3w_sld_lr finished [took 173.1745s]
21/01/24 14:18:12| INFO        mul_sld_lr_mc finished [took 173.5632s]
21/01/24 14:18:19| INFO        mul_sld_lr_is finished [took 179.4997s]
21/01/24 14:18:24| INFO        mul_sld_lr_c finished [took 185.3925s]
21/01/24 14:18:26| INFO        mul_sld_lr_ne finished [took 187.3676s]
21/01/24 14:19:05| INFO        ref finished [took 63.5921s]
21/01/24 14:19:12| INFO        atc_mc finished [took 66.5007s]
21/01/24 14:19:14| INFO        m3w_sld_lr_a finished [took 80.0495s]
21/01/24 14:19:15| INFO        doc finished [took 66.5068s]
21/01/24 14:19:17| WARNING     Method bin_sld_lr_gs failed. Exception: no combination of hyperparameters seem to work
21/01/24 14:26:16| DEBUG       [MultiClassAccuracyEstimator] optimization finished: best params {'quantifier__classifier__C': 100.0, 'quantifier__classifier__class_weight': 'balanced', 'quantifier__recalib': None, 'confidence': ['max_conf', 'entropy']} (score=0.00743) [took 418.1051s]
21/01/24 14:27:17| INFO        mul_sld_lr_gs finished [took 479.2031s]
21/01/24 14:34:26| DEBUG       [MultiClassAccuracyEstimator] optimization finished: best params {'quantifier__classifier__C': 10.0, 'quantifier__classifier__class_weight': 'balanced', 'quantifier__recalib': 'bcts', 'confidence': ['max_conf', 'entropy', 'isoft']} (score=0.00631) [took 428.1582s]
21/01/24 14:35:19| INFO        m3w_sld_lr_gs finished [took 481.0097s]
21/01/24 14:35:19| INFO     Dataset sample [0.1 0.9] of dataset rcv1_GCAT finished [took 1205.6466s]
21/01/24 14:35:19| INFO     Dataset sample [0.2 0.8] of dataset rcv1_GCAT started
21/01/24 14:37:37| INFO        m3w_sld_lr_c finished [took 135.1268s]
21/01/24 14:37:52| INFO        m3w_sld_lr_mc finished [took 149.9621s]
21/01/24 14:38:09| INFO        m3w_sld_lr finished [took 167.3713s]
21/01/24 14:38:27| INFO        mul_sld_lr_mc finished [took 185.8923s]
21/01/24 14:38:32| INFO        bin_sld_lr finished [took 189.8349s]
21/01/24 14:38:32| INFO        mul_sld_lr_ne finished [took 190.1041s]
21/01/24 14:38:35| INFO        bin_sld_lr_mc finished [took 192.6331s]
21/01/24 14:38:35| INFO        mul_sld_lr finished [took 192.8212s]
21/01/24 14:38:36| INFO        mul_sld_lr_c finished [took 194.5704s]
21/01/24 14:38:42| INFO        bin_sld_lr_c finished [took 199.6808s]
21/01/24 14:38:45| INFO        bin_sld_lr_ne finished [took 202.5865s]
21/01/24 14:39:43| INFO        m3w_sld_lr_ne finished [took 125.1295s]
21/01/24 14:40:21| INFO        ref finished [took 105.2595s]
21/01/24 14:40:25| INFO        bin_sld_lr_is finished [took 152.5161s]
21/01/24 14:40:32| INFO        atc_mc finished [took 113.9212s]
21/01/24 14:40:40| INFO        mul_sld_lr_is finished [took 150.6092s]
21/01/24 14:40:46| INFO        m3w_sld_lr_is finished [took 137.8374s]
21/01/24 14:40:47| INFO        doc finished [took 124.3850s]
21/01/24 14:40:49| INFO        bin_sld_lr_a finished [took 136.3487s]
21/01/24 14:40:50| INFO        m3w_sld_lr_a finished [took 134.4902s]
21/01/24 14:40:58| INFO        mul_sld_lr_a finished [took 145.1018s]
21/01/24 14:43:23| DEBUG       [BinaryQuantifierAccuracyEstimator] optimization finished: best params {'quantifier__classifier__C': 1.0, 'quantifier__classifier__class_weight': None, 'quantifier__recalib': 'bcts', 'confidence': ['max_conf', 'entropy', 'isoft']} (score=0.00504) [took 143.4589s]
21/01/24 14:44:25| INFO        bin_sld_lr_gs finished [took 205.0024s]
21/01/24 14:54:26| DEBUG       [MultiClassAccuracyEstimator] optimization finished: best params {'quantifier__classifier__C': 100.0, 'quantifier__classifier__class_weight': 'balanced', 'quantifier__recalib': 'bcts', 'confidence': ['isoft']} (score=0.00688) [took 600.5642s]
21/01/24 14:55:29| INFO        mul_sld_lr_gs finished [took 662.7441s]
21/01/24 15:02:47| DEBUG       [MultiClassAccuracyEstimator] optimization finished: best params {'quantifier__classifier__C': 100.0, 'quantifier__classifier__class_weight': 'balanced', 'quantifier__recalib': 'bcts', 'confidence': ['max_conf', 'entropy', 'isoft']} (score=0.00727) [took 437.9127s]
21/01/24 15:03:40| INFO        m3w_sld_lr_gs finished [took 491.0603s]
21/01/24 15:03:40| INFO     Dataset sample [0.2 0.8] of dataset rcv1_GCAT finished [took 1701.3040s]
21/01/24 15:03:40| INFO     Dataset sample [0.3 0.7] of dataset rcv1_GCAT started
21/01/24 15:05:34| INFO        m3w_sld_lr_c finished [took 110.5636s]
21/01/24 15:06:21| INFO        m3w_sld_lr_mc finished [took 157.9988s]
21/01/24 15:06:32| INFO        bin_sld_lr finished [took 170.3152s]
21/01/24 15:06:34| INFO        m3w_sld_lr finished [took 171.1825s]
21/01/24 15:06:45| INFO        mul_sld_lr_mc finished [took 182.3546s]
21/01/24 15:06:55| INFO        bin_sld_lr_c finished [took 191.9765s]
21/01/24 15:06:59| INFO        bin_sld_lr_mc finished [took 196.3131s]
21/01/24 15:07:04| INFO        mul_sld_lr_c finished [took 200.6257s]
21/01/24 15:07:04| INFO        bin_sld_lr_ne finished [took 201.0248s]
21/01/24 15:07:08| INFO        mul_sld_lr_ne finished [took 204.6370s]
21/01/24 15:07:11| INFO        mul_sld_lr finished [took 208.3946s]
21/01/24 15:08:06| INFO        m3w_sld_lr_ne finished [took 151.2588s]
21/01/24 15:08:35| INFO        bin_sld_lr_a finished [took 108.9631s]
21/01/24 15:08:50| INFO        m3w_sld_lr_a finished [took 109.6919s]
21/01/24 15:08:57| INFO        mul_sld_lr_is finished [took 144.0803s]
21/01/24 15:08:57| INFO        m3w_sld_lr_is finished [took 142.1902s]
21/01/24 15:09:05| INFO        ref finished [took 120.5720s]
21/01/24 15:09:06| INFO        bin_sld_lr_is finished [took 163.9234s]
21/01/24 15:09:07| INFO        doc finished [took 118.4354s]
21/01/24 15:09:12| INFO        atc_mc finished [took 126.7297s]
21/01/24 15:09:20| INFO        mul_sld_lr_a finished [took 144.2784s]
21/01/24 15:11:54| DEBUG       [BinaryQuantifierAccuracyEstimator] optimization finished: best params {'quantifier__classifier__C': 1000.0, 'quantifier__classifier__class_weight': 'balanced', 'quantifier__recalib': 'bcts', 'confidence': None} (score=0.00796) [took 152.9326s]
21/01/24 15:12:58| INFO        bin_sld_lr_gs finished [took 216.4369s]
21/01/24 15:22:58| DEBUG       [MultiClassAccuracyEstimator] optimization finished: best params {'quantifier__classifier__C': 1000.0, 'quantifier__classifier__class_weight': 'balanced', 'quantifier__recalib': 'bcts', 'confidence': None} (score=0.00814) [took 599.7883s]
21/01/24 15:23:59| INFO        mul_sld_lr_gs finished [took 660.7821s]
21/01/24 15:31:12| DEBUG       [MultiClassAccuracyEstimator] optimization finished: best params {'quantifier__classifier__C': 1000.0, 'quantifier__classifier__class_weight': 'balanced', 'quantifier__recalib': 'bcts', 'confidence': ['max_conf', 'entropy']} (score=0.00726) [took 432.0547s]
21/01/24 15:32:03| INFO        m3w_sld_lr_gs finished [took 483.0880s]
21/01/24 15:32:03| INFO     Dataset sample [0.3 0.7] of dataset rcv1_GCAT finished [took 1702.7952s]
21/01/24 15:32:03| INFO     Dataset sample [0.4 0.6] of dataset rcv1_GCAT started
21/01/24 15:34:50| INFO        m3w_sld_lr_mc finished [took 164.6675s]
21/01/24 15:34:55| INFO        m3w_sld_lr finished [took 169.6362s]
21/01/24 15:34:55| INFO        m3w_sld_lr_c finished [took 169.7380s]
21/01/24 15:35:02| INFO        mul_sld_lr_ne finished [took 176.3615s]
21/01/24 15:35:04| INFO        bin_sld_lr_mc finished [took 178.5278s]
21/01/24 15:35:12| INFO        mul_sld_lr_mc finished [took 186.2482s]
21/01/24 15:35:14| INFO        bin_sld_lr_c finished [took 187.9671s]
21/01/24 15:35:17| INFO        bin_sld_lr finished [took 191.1187s]
21/01/24 15:35:21| INFO        mul_sld_lr finished [took 195.9684s]
21/01/24 15:35:23| INFO        bin_sld_lr_ne finished [took 198.0822s]
21/01/24 15:35:26| INFO        mul_sld_lr_c finished [took 200.4756s]
21/01/24 15:36:58| INFO        ref finished [took 100.2240s]
21/01/24 15:37:05| INFO        atc_mc finished [took 103.6522s]
21/01/24 15:37:13| INFO        doc finished [took 108.4056s]
21/01/24 15:37:19| INFO        m3w_sld_lr_ne finished [took 147.8684s]
21/01/24 15:37:26| INFO        m3w_sld_lr_is finished [took 143.5662s]
21/01/24 15:37:28| INFO        m3w_sld_lr_a finished [took 133.2961s]
21/01/24 15:37:28| INFO        bin_sld_lr_a finished [took 143.7858s]
21/01/24 15:37:37| INFO        mul_sld_lr_a finished [took 144.0470s]
21/01/24 15:37:39| INFO        bin_sld_lr_is finished [took 163.3105s]
21/01/24 15:37:41| INFO        mul_sld_lr_is finished [took 165.1169s]
21/01/24 15:40:13| DEBUG       [BinaryQuantifierAccuracyEstimator] optimization finished: best params {'quantifier__classifier__C': 100.0, 'quantifier__classifier__class_weight': 'balanced', 'quantifier__recalib': None, 'confidence': ['max_conf', 'entropy']} (score=0.00627) [took 150.6153s]
21/01/24 15:41:14| INFO        bin_sld_lr_gs finished [took 211.5028s]
21/01/24 15:51:18| DEBUG       [MultiClassAccuracyEstimator] optimization finished: best params {'quantifier__classifier__C': 1.0, 'quantifier__classifier__class_weight': None, 'quantifier__recalib': 'bcts', 'confidence': ['max_conf', 'entropy', 'isoft']} (score=0.00635) [took 602.8603s]
21/01/24 15:52:23| INFO        mul_sld_lr_gs finished [took 668.1173s]
21/01/24 15:59:32| DEBUG       [MultiClassAccuracyEstimator] optimization finished: best params {'quantifier__classifier__C': 1.0, 'quantifier__classifier__class_weight': None, 'quantifier__recalib': 'bcts', 'confidence': ['max_conf', 'entropy', 'isoft']} (score=0.00683) [took 428.7311s]
21/01/24 16:00:24| INFO        m3w_sld_lr_gs finished [took 480.8043s]
21/01/24 16:00:24| INFO     Dataset sample [0.4 0.6] of dataset rcv1_GCAT finished [took 1701.0892s]
21/01/24 16:00:24| INFO     Dataset sample [0.5 0.5] of dataset rcv1_GCAT started
21/01/24 16:02:47| INFO        m3w_sld_lr_c finished [took 140.7749s]
21/01/24 16:03:18| INFO        m3w_sld_lr_mc finished [took 172.0381s]
21/01/24 16:03:19| INFO        mul_sld_lr finished [took 174.0025s]
21/01/24 16:03:22| INFO        m3w_sld_lr finished [took 176.4541s]
21/01/24 16:03:26| INFO        bin_sld_lr_c finished [took 179.9865s]
21/01/24 16:03:41| INFO        mul_sld_lr_ne finished [took 194.9648s]
21/01/24 16:03:42| INFO        bin_sld_lr_ne finished [took 196.3721s]
21/01/24 16:03:44| INFO        mul_sld_lr_mc finished [took 198.1236s]
21/01/24 16:03:49| INFO        mul_sld_lr_c finished [took 203.2023s]
21/01/24 16:03:52| INFO        bin_sld_lr finished [took 205.8397s]
21/01/24 16:03:52| INFO        bin_sld_lr_mc finished [took 206.1429s]
21/01/24 16:04:44| INFO        m3w_sld_lr_ne finished [took 116.4754s]
21/01/24 16:05:24| INFO        atc_mc finished [took 94.3308s]
21/01/24 16:05:30| INFO        m3w_sld_lr_a finished [took 106.9077s]
21/01/24 16:05:43| INFO        mul_sld_lr_is finished [took 142.5338s]
21/01/24 16:05:43| INFO        ref finished [took 118.1137s]
21/01/24 16:05:47| INFO        m3w_sld_lr_is finished [took 144.1639s]
21/01/24 16:05:58| INFO        bin_sld_lr_is finished [took 158.9598s]
21/01/24 16:05:58| INFO        mul_sld_lr_a finished [took 136.4094s]
21/01/24 16:05:59| INFO        doc finished [took 127.2096s]
21/01/24 16:06:01| INFO        bin_sld_lr_a finished [took 154.7246s]
21/01/24 16:08:43| DEBUG       [BinaryQuantifierAccuracyEstimator] optimization finished: best params {'quantifier__classifier__C': 100.0, 'quantifier__classifier__class_weight': 'balanced', 'quantifier__recalib': None, 'confidence': ['isoft']} (score=0.00771) [took 160.4337s]
21/01/24 16:09:42| INFO        bin_sld_lr_gs finished [took 220.3337s]
21/01/24 16:19:39| DEBUG       [MultiClassAccuracyEstimator] optimization finished: best params {'quantifier__classifier__C': 10.0, 'quantifier__classifier__class_weight': None, 'quantifier__recalib': 'bcts', 'confidence': ['isoft']} (score=0.00811) [took 596.3983s]
21/01/24 16:20:42| INFO        mul_sld_lr_gs finished [took 659.1041s]
21/01/24 16:27:52| DEBUG       [MultiClassAccuracyEstimator] optimization finished: best params {'quantifier__classifier__C': 100.0, 'quantifier__classifier__class_weight': 'balanced', 'quantifier__recalib': None, 'confidence': ['isoft']} (score=0.00644) [took 428.9360s]
21/01/24 16:28:43| INFO        m3w_sld_lr_gs finished [took 480.3927s]
21/01/24 16:28:43| INFO     Dataset sample [0.5 0.5] of dataset rcv1_GCAT finished [took 1698.6336s]
21/01/24 16:28:43| INFO     Dataset sample [0.6 0.4] of dataset rcv1_GCAT started
21/01/24 16:31:04| INFO        m3w_sld_lr_mc finished [took 138.6078s]
21/01/24 16:31:27| INFO        m3w_sld_lr_c finished [took 162.2397s]
21/01/24 16:31:38| INFO        m3w_sld_lr finished [took 172.3790s]
21/01/24 16:31:43| INFO        bin_sld_lr finished [took 178.7261s]
21/01/24 16:31:59| INFO        mul_sld_lr_ne finished [took 194.0343s]
21/01/24 16:32:00| INFO        bin_sld_lr_c finished [took 194.1289s]
21/01/24 16:32:01| INFO        mul_sld_lr finished [took 195.7795s]
21/01/24 16:32:05| INFO        bin_sld_lr_ne finished [took 199.9712s]
21/01/24 16:32:14| INFO        bin_sld_lr_mc finished [took 208.3413s]
21/01/24 16:32:16| INFO        mul_sld_lr_mc finished [took 210.6109s]
21/01/24 16:32:17| INFO        mul_sld_lr_c finished [took 211.8513s]
21/01/24 16:33:18| INFO        m3w_sld_lr_is finished [took 93.5879s]
21/01/24 16:33:20| INFO        m3w_sld_lr_ne finished [took 136.0124s]
21/01/24 16:33:50| INFO        bin_sld_lr_is finished [took 142.0745s]
21/01/24 16:33:55| INFO        ref finished [took 108.1273s]
21/01/24 16:34:04| INFO        doc finished [took 106.8514s]
21/01/24 16:34:08| INFO        mul_sld_lr_is finished [took 149.6662s]
21/01/24 16:34:12| INFO        m3w_sld_lr_a finished [took 129.6053s]
21/01/24 16:34:15| INFO        atc_mc finished [took 120.3193s]
21/01/24 16:34:17| INFO        bin_sld_lr_a finished [took 136.2541s]
21/01/24 16:34:32| INFO        mul_sld_lr_a finished [took 151.2755s]
21/01/24 16:37:09| DEBUG       [BinaryQuantifierAccuracyEstimator] optimization finished: best params {'quantifier__classifier__C': 100.0, 'quantifier__classifier__class_weight': 'balanced', 'quantifier__recalib': None, 'confidence': None} (score=0.00606) [took 155.8090s]
21/01/24 16:38:08| INFO        bin_sld_lr_gs finished [took 215.0879s]
21/01/24 16:48:06| DEBUG       [MultiClassAccuracyEstimator] optimization finished: best params {'quantifier__classifier__C': 1.0, 'quantifier__classifier__class_weight': None, 'quantifier__recalib': 'bcts', 'confidence': ['max_conf', 'entropy', 'isoft']} (score=0.00687) [took 597.7571s]
21/01/24 16:49:12| INFO        mul_sld_lr_gs finished [took 663.2842s]
21/01/24 16:56:22| DEBUG       [MultiClassAccuracyEstimator] optimization finished: best params {'quantifier__classifier__C': 100.0, 'quantifier__classifier__class_weight': 'balanced', 'quantifier__recalib': None, 'confidence': ['isoft']} (score=0.00650) [took 429.3085s]
21/01/24 16:57:12| INFO        m3w_sld_lr_gs finished [took 479.4206s]
21/01/24 16:57:12| INFO     Dataset sample [0.6 0.4] of dataset rcv1_GCAT finished [took 1708.8875s]
21/01/24 16:57:12| INFO     Dataset sample [0.7 0.3] of dataset rcv1_GCAT started
21/01/24 16:59:47| INFO        m3w_sld_lr_mc finished [took 152.8424s]
21/01/24 17:00:05| INFO        m3w_sld_lr_c finished [took 171.1092s]
21/01/24 17:00:07| INFO        m3w_sld_lr finished [took 172.6013s]
21/01/24 17:00:27| INFO        mul_sld_lr_ne finished [took 193.1678s]
21/01/24 17:00:30| INFO        mul_sld_lr_mc finished [took 196.7256s]
21/01/24 17:00:34| INFO        mul_sld_lr finished [took 199.9952s]
21/01/24 17:00:38| INFO        bin_sld_lr_ne finished [took 203.5843s]
21/01/24 17:00:43| INFO        bin_sld_lr finished [took 208.5981s]
21/01/24 17:00:45| INFO        mul_sld_lr_c finished [took 210.5000s]
21/01/24 17:00:46| INFO        bin_sld_lr_c finished [took 211.7555s]
21/01/24 17:00:48| INFO        bin_sld_lr_mc finished [took 213.8947s]
21/01/24 17:02:00| INFO        m3w_sld_lr_ne finished [took 132.2745s]
21/01/24 17:02:37| INFO        atc_mc finished [took 111.8238s]
21/01/24 17:02:40| INFO        ref finished [took 115.8771s]
21/01/24 17:02:41| INFO        bin_sld_lr_a finished [took 130.1628s]
21/01/24 17:02:43| INFO        m3w_sld_lr_is finished [took 134.3146s]
21/01/24 17:02:51| INFO        mul_sld_lr_is finished [took 163.2942s]
21/01/24 17:02:52| INFO        bin_sld_lr_is finished [took 165.6073s]
21/01/24 17:02:54| INFO        m3w_sld_lr_a finished [took 135.1362s]
21/01/24 17:02:54| INFO        doc finished [took 127.1710s]
21/01/24 17:03:06| INFO        mul_sld_lr_a finished [took 151.2364s]
21/01/24 17:05:34| DEBUG       [BinaryQuantifierAccuracyEstimator] optimization finished: best params {'quantifier__classifier__C': 1.0, 'quantifier__classifier__class_weight': 'balanced', 'quantifier__recalib': 'bcts', 'confidence': ['max_conf', 'entropy']} (score=0.00490) [took 146.9358s]
21/01/24 17:06:37| INFO        bin_sld_lr_gs finished [took 209.8754s]
21/01/24 17:16:31| DEBUG       [MultiClassAccuracyEstimator] optimization finished: best params {'quantifier__classifier__C': 10.0, 'quantifier__classifier__class_weight': 'balanced', 'quantifier__recalib': 'bcts', 'confidence': None} (score=0.00615) [took 592.9232s]
21/01/24 17:17:32| INFO        mul_sld_lr_gs finished [took 653.8014s]
21/01/24 17:24:39| DEBUG       [MultiClassAccuracyEstimator] optimization finished: best params {'quantifier__classifier__C': 10.0, 'quantifier__classifier__class_weight': 'balanced', 'quantifier__recalib': 'bcts', 'confidence': None} (score=0.00549) [took 427.2668s]
21/01/24 17:25:31| INFO        m3w_sld_lr_gs finished [took 478.5981s]
21/01/24 17:25:31| INFO     Dataset sample [0.7 0.3] of dataset rcv1_GCAT finished [took 1698.8232s]
21/01/24 17:25:31| INFO     Dataset sample [0.8 0.2] of dataset rcv1_GCAT started
21/01/24 17:28:01| INFO        m3w_sld_lr_mc finished [took 147.9410s]
21/01/24 17:28:16| INFO        m3w_sld_lr_c finished [took 162.8036s]
21/01/24 17:28:23| INFO        m3w_sld_lr finished [took 169.4178s]
21/01/24 17:28:55| INFO        bin_sld_lr_ne finished [took 202.1414s]
21/01/24 17:28:55| INFO        bin_sld_lr_mc finished [took 201.9691s]
21/01/24 17:29:09| INFO        bin_sld_lr finished [took 215.7253s]
21/01/24 17:29:10| INFO        mul_sld_lr_ne finished [took 216.5264s]
21/01/24 17:29:20| INFO        bin_sld_lr_c finished [took 226.1103s]
21/01/24 17:29:23| INFO        mul_sld_lr_mc finished [took 229.4811s]
21/01/24 17:29:32| INFO        mul_sld_lr finished [took 238.2082s]
21/01/24 17:29:44| INFO        mul_sld_lr_c finished [took 250.5274s]
21/01/24 17:30:19| INFO        m3w_sld_lr_ne finished [took 136.5150s]
21/01/24 17:30:54| INFO        m3w_sld_lr_is finished [took 118.2431s]
21/01/24 17:31:01| INFO        atc_mc finished [took 97.1861s]
21/01/24 17:31:13| INFO        ref finished [took 112.7999s]
21/01/24 17:31:17| INFO        bin_sld_lr_is finished [took 180.2275s]
21/01/24 17:31:18| INFO        m3w_sld_lr_a finished [took 126.6148s]
21/01/24 17:31:24| INFO        doc finished [took 111.6921s]
21/01/24 17:31:40| INFO        bin_sld_lr_a finished [took 163.6320s]
21/01/24 17:31:41| INFO        mul_sld_lr_is finished [took 197.8840s]
21/01/24 17:31:48| INFO        mul_sld_lr_a finished [took 158.5246s]
21/01/24 17:34:08| DEBUG       [BinaryQuantifierAccuracyEstimator] optimization finished: best params {'quantifier__classifier__C': 1.0, 'quantifier__classifier__class_weight': None, 'quantifier__recalib': 'bcts', 'confidence': ['max_conf', 'entropy']} (score=0.00815) [took 139.0083s]
21/01/24 17:35:08| INFO        bin_sld_lr_gs finished [took 199.4691s]
21/01/24 17:44:59| DEBUG       [MultiClassAccuracyEstimator] optimization finished: best params {'quantifier__classifier__C': 100.0, 'quantifier__classifier__class_weight': 'balanced', 'quantifier__recalib': None, 'confidence': None} (score=0.00817) [took 590.1070s]
21/01/24 17:45:59| INFO        mul_sld_lr_gs finished [took 649.3486s]
21/01/24 17:53:09| DEBUG       [MultiClassAccuracyEstimator] optimization finished: best params {'quantifier__classifier__C': 10.0, 'quantifier__classifier__class_weight': None, 'quantifier__recalib': None, 'confidence': ['max_conf', 'entropy', 'isoft']} (score=0.00914) [took 429.6655s]
21/01/24 17:54:01| INFO        m3w_sld_lr_gs finished [took 481.2377s]
21/01/24 17:54:01| INFO     Dataset sample [0.8 0.2] of dataset rcv1_GCAT finished [took 1710.0866s]
21/01/24 17:54:01| INFO     Dataset sample [0.9 0.1] of dataset rcv1_GCAT started
21/01/24 17:56:39| INFO        m3w_sld_lr finished [took 156.4457s]
21/01/24 17:56:47| INFO        bin_sld_lr_mc finished [took 164.0928s]
21/01/24 17:56:50| INFO        m3w_sld_lr_c finished [took 166.7711s]
21/01/24 17:56:50| INFO        m3w_sld_lr_mc finished [took 167.2558s]
21/01/24 17:57:08| INFO        bin_sld_lr_ne finished [took 184.4598s]
21/01/24 17:57:10| INFO        bin_sld_lr_c finished [took 187.0571s]
21/01/24 17:57:17| INFO        bin_sld_lr finished [took 195.0153s]
21/01/24 17:57:35| INFO        mul_sld_lr_ne finished [took 211.8631s]
21/01/24 17:57:43| INFO        mul_sld_lr finished [took 220.4963s]
21/01/24 17:57:50| INFO        mul_sld_lr_c finished [took 227.3472s]
21/01/24 17:57:51| INFO        mul_sld_lr_mc finished [took 228.1630s]
21/01/24 17:58:58| INFO        m3w_sld_lr_ne finished [took 138.2159s]
21/01/24 17:59:16| INFO        bin_sld_lr_is finished [took 148.0801s]
21/01/24 17:59:20| INFO        bin_sld_lr_a finished [took 131.5908s]
21/01/24 17:59:20| INFO        m3w_sld_lr_a finished [took 122.1470s]
21/01/24 17:59:22| INFO        m3w_sld_lr_is finished [took 150.4591s]
21/01/24 17:59:30| INFO        ref finished [took 114.4112s]
21/01/24 17:59:38| INFO        doc finished [took 107.3032s]
21/01/24 17:59:40| INFO        atc_mc finished [took 115.6812s]
21/01/24 17:59:58| INFO        mul_sld_lr_is finished [took 188.0260s]
21/01/24 18:00:14| INFO        mul_sld_lr_a finished [took 183.9338s]
21/01/24 18:02:09| DEBUG       [BinaryQuantifierAccuracyEstimator] optimization finished: best params {'quantifier__classifier__C': 10.0, 'quantifier__classifier__class_weight': None, 'quantifier__recalib': None, 'confidence': ['isoft']} (score=0.00626) [took 114.0180s]
21/01/24 18:03:08| INFO        bin_sld_lr_gs finished [took 173.1806s]
21/01/24 18:12:32| DEBUG       [MultiClassAccuracyEstimator] optimization finished: best params {'quantifier__classifier__C': 100.0, 'quantifier__classifier__class_weight': 'balanced', 'quantifier__recalib': None, 'confidence': ['max_conf', 'entropy']} (score=0.00929) [took 563.0713s]
21/01/24 18:13:31| INFO        mul_sld_lr_gs finished [took 621.8713s]
21/01/24 18:20:36| DEBUG       [MultiClassAccuracyEstimator] optimization finished: best params {'quantifier__classifier__C': 1.0, 'quantifier__classifier__class_weight': None, 'quantifier__recalib': 'bcts', 'confidence': ['max_conf', 'entropy']} (score=0.00610) [took 424.7142s]
21/01/24 18:21:27| INFO        m3w_sld_lr_gs finished [took 475.4126s]
21/01/24 18:21:27| INFO     Dataset sample [0.9 0.1] of dataset rcv1_GCAT finished [took 1645.6920s]
