----------------------------------------------------------------------------------------------------
30/01/24 19:01:39| INFO     dataset rcv1_GCAT [pool size: 205]
30/01/24 19:01:40| INFO     Dataset sample [0.1 0.9] of dataset rcv1_GCAT started
30/01/24 19:02:22| INFO        ref finished [took 38.2523s]
30/01/24 19:02:43| WARNING     Method bin_kde_lr_gs failed. Exception: no combination of hyperparameters seem to work
30/01/24 19:04:55| WARNING     Method mul_kde_lr_gs failed. Exception: no combination of hyperparameters seem to work
30/01/24 19:09:29| DEBUG       [MultiClassAccuracyEstimator] optimization finished: best params {'quantifier__classifier__C': 0.1, 'quantifier__classifier__class_weight': 'balanced', 'quantifier__bandwidth': 0.11, 'confidence': ['max_conf', 'entropy', 'isoft']} (score=0.00573) [took 273.2744s]
30/01/24 19:15:22| INFO        m3w_kde_lr_gs finished [took 626.5540s]
30/01/24 19:15:22| INFO     Dataset sample [0.1 0.9] of dataset rcv1_GCAT finished [took 822.2688s]
30/01/24 19:15:22| INFO     Dataset sample [0.2 0.8] of dataset rcv1_GCAT started
30/01/24 19:16:16| INFO        ref finished [took 38.7246s]
30/01/24 19:19:07| DEBUG       [BinaryQuantifierAccuracyEstimator] optimization finished: best params {'quantifier__classifier__C': 0.01, 'quantifier__classifier__class_weight': 'balanced', 'quantifier__bandwidth': 0.09, 'confidence': ['max_conf', 'entropy', 'isoft']} (score=0.00455) [took 166.2791s]
30/01/24 19:23:16| INFO        bin_kde_lr_gs finished [took 415.5310s]
30/01/24 19:29:33| DEBUG       [MultiClassAccuracyEstimator] optimization finished: best params {'quantifier__classifier__C': 1000.0, 'quantifier__classifier__class_weight': 'balanced', 'quantifier__bandwidth': 0.06999999999999999, 'confidence': ['isoft']} (score=0.00528) [took 371.8792s]
30/01/24 19:33:49| INFO        mul_kde_lr_gs finished [took 627.7293s]
30/01/24 19:38:35| DEBUG       [MultiClassAccuracyEstimator] optimization finished: best params {'quantifier__classifier__C': 1.0, 'quantifier__classifier__class_weight': None, 'quantifier__bandwidth': 0.06999999999999999, 'confidence': ['max_conf', 'entropy', 'isoft']} (score=0.00633) [took 284.4917s]
30/01/24 19:42:48| INFO        m3w_kde_lr_gs finished [took 537.3302s]
30/01/24 19:42:48| INFO     Dataset sample [0.2 0.8] of dataset rcv1_GCAT finished [took 1646.4377s]
30/01/24 19:42:48| INFO     Dataset sample [0.3 0.7] of dataset rcv1_GCAT started
30/01/24 19:43:29| INFO        ref finished [took 39.5841s]
30/01/24 19:46:21| DEBUG       [BinaryQuantifierAccuracyEstimator] optimization finished: best params {'quantifier__classifier__C': 1000.0, 'quantifier__classifier__class_weight': None, 'quantifier__bandwidth': 0.02, 'confidence': ['isoft']} (score=0.00851) [took 167.1207s]
30/01/24 19:49:50| INFO        bin_kde_lr_gs finished [took 375.5505s]
30/01/24 19:55:43| DEBUG       [MultiClassAccuracyEstimator] optimization finished: best params {'quantifier__classifier__C': 0.1, 'quantifier__classifier__class_weight': 'balanced', 'quantifier__bandwidth': 0.02, 'confidence': ['isoft']} (score=0.00810) [took 351.2204s]
30/01/24 19:59:55| INFO        mul_kde_lr_gs finished [took 602.9778s]
30/01/24 20:04:36| DEBUG       [MultiClassAccuracyEstimator] optimization finished: best params {'quantifier__classifier__C': 1000.0, 'quantifier__classifier__class_weight': None, 'quantifier__bandwidth': 0.02, 'confidence': ['max_conf', 'entropy', 'isoft']} (score=0.00641) [took 275.0216s]
30/01/24 20:08:37| INFO        m3w_kde_lr_gs finished [took 515.8984s]
30/01/24 20:08:37| INFO     Dataset sample [0.3 0.7] of dataset rcv1_GCAT finished [took 1548.5561s]
30/01/24 20:08:37| INFO     Dataset sample [0.4 0.6] of dataset rcv1_GCAT started
30/01/24 20:09:18| INFO        ref finished [took 39.6274s]
30/01/24 20:12:29| DEBUG       [BinaryQuantifierAccuracyEstimator] optimization finished: best params {'quantifier__classifier__C': 100.0, 'quantifier__classifier__class_weight': 'balanced', 'quantifier__bandwidth': 0.02, 'confidence': ['isoft']} (score=0.00512) [took 183.3381s]
30/01/24 20:16:07| INFO        bin_kde_lr_gs finished [took 400.8312s]
30/01/24 20:23:24| DEBUG       [MultiClassAccuracyEstimator] optimization finished: best params {'quantifier__classifier__C': 1.0, 'quantifier__classifier__class_weight': 'balanced', 'quantifier__bandwidth': 0.09999999999999999, 'confidence': None} (score=0.00533) [took 434.5531s]
30/01/24 20:29:23| INFO        mul_kde_lr_gs finished [took 793.4065s]
30/01/24 20:34:45| DEBUG       [MultiClassAccuracyEstimator] optimization finished: best params {'quantifier__classifier__C': 10.0, 'quantifier__classifier__class_weight': None, 'quantifier__bandwidth': 0.02, 'confidence': None} (score=0.00671) [took 318.9050s]
30/01/24 20:38:55| INFO        m3w_kde_lr_gs finished [took 569.2184s]
30/01/24 20:38:55| INFO     Dataset sample [0.4 0.6] of dataset rcv1_GCAT finished [took 1818.3788s]
30/01/24 20:38:55| INFO     Dataset sample [0.5 0.5] of dataset rcv1_GCAT started
30/01/24 20:39:35| INFO        ref finished [took 37.9642s]
30/01/24 20:42:35| DEBUG       [BinaryQuantifierAccuracyEstimator] optimization finished: best params {'quantifier__classifier__C': 100.0, 'quantifier__classifier__class_weight': 'balanced', 'quantifier__bandwidth': 0.01, 'confidence': ['isoft']} (score=0.00720) [took 174.5949s]
30/01/24 20:45:58| INFO        bin_kde_lr_gs finished [took 378.3725s]
30/01/24 20:52:58| DEBUG       [MultiClassAccuracyEstimator] optimization finished: best params {'quantifier__classifier__C': 10.0, 'quantifier__classifier__class_weight': 'balanced', 'quantifier__bandwidth': 0.03, 'confidence': ['isoft']} (score=0.00655) [took 418.0792s]
30/01/24 20:57:20| INFO        mul_kde_lr_gs finished [took 680.0946s]
30/01/24 21:02:41| DEBUG       [MultiClassAccuracyEstimator] optimization finished: best params {'quantifier__classifier__C': 1.0, 'quantifier__classifier__class_weight': None, 'quantifier__bandwidth': 0.01, 'confidence': None} (score=0.00606) [took 319.6380s]
30/01/24 21:06:28| INFO        m3w_kde_lr_gs finished [took 547.3082s]
30/01/24 21:06:28| INFO     Dataset sample [0.5 0.5] of dataset rcv1_GCAT finished [took 1653.1516s]
30/01/24 21:06:28| INFO     Dataset sample [0.6 0.4] of dataset rcv1_GCAT started
30/01/24 21:07:08| INFO        ref finished [took 38.8712s]
30/01/24 21:10:07| DEBUG       [BinaryQuantifierAccuracyEstimator] optimization finished: best params {'quantifier__classifier__C': 10.0, 'quantifier__classifier__class_weight': 'balanced', 'quantifier__bandwidth': 0.01, 'confidence': ['isoft']} (score=0.00544) [took 175.3886s]
30/01/24 21:13:32| INFO        bin_kde_lr_gs finished [took 381.3019s]
30/01/24 21:20:48| DEBUG       [MultiClassAccuracyEstimator] optimization finished: best params {'quantifier__classifier__C': 1.0, 'quantifier__classifier__class_weight': 'balanced', 'quantifier__bandwidth': 0.02, 'confidence': ['max_conf', 'entropy', 'isoft']} (score=0.00640) [took 432.4056s]
30/01/24 21:25:11| INFO        mul_kde_lr_gs finished [took 696.0939s]
30/01/24 21:30:48| DEBUG       [MultiClassAccuracyEstimator] optimization finished: best params {'quantifier__classifier__C': 100.0, 'quantifier__classifier__class_weight': 'balanced', 'quantifier__bandwidth': 0.01, 'confidence': ['max_conf', 'entropy', 'isoft']} (score=0.00536) [took 334.7440s]
30/01/24 21:34:46| INFO        m3w_kde_lr_gs finished [took 573.3418s]
30/01/24 21:34:46| INFO     Dataset sample [0.6 0.4] of dataset rcv1_GCAT finished [took 1698.0891s]
30/01/24 21:34:46| INFO     Dataset sample [0.7 0.3] of dataset rcv1_GCAT started
30/01/24 21:35:27| INFO        ref finished [took 39.3373s]
30/01/24 21:38:35| DEBUG       [BinaryQuantifierAccuracyEstimator] optimization finished: best params {'quantifier__classifier__C': 0.001, 'quantifier__classifier__class_weight': 'balanced', 'quantifier__bandwidth': 0.02, 'confidence': ['max_conf', 'entropy', 'isoft']} (score=0.00503) [took 183.4138s]
30/01/24 21:42:24| INFO        bin_kde_lr_gs finished [took 412.2194s]
30/01/24 21:49:06| DEBUG       [MultiClassAccuracyEstimator] optimization finished: best params {'quantifier__classifier__C': 1000.0, 'quantifier__classifier__class_weight': None, 'quantifier__bandwidth': 0.05, 'confidence': None} (score=0.00566) [took 398.9630s]
30/01/24 21:53:26| INFO        mul_kde_lr_gs finished [took 659.7400s]
30/01/24 21:58:33| DEBUG       [MultiClassAccuracyEstimator] optimization finished: best params {'quantifier__classifier__C': 1.0, 'quantifier__classifier__class_weight': 'balanced', 'quantifier__bandwidth': 0.04, 'confidence': ['max_conf', 'entropy', 'isoft']} (score=0.00518) [took 304.2259s]
30/01/24 22:02:23| INFO        m3w_kde_lr_gs finished [took 533.5251s]
30/01/24 22:02:23| INFO     Dataset sample [0.7 0.3] of dataset rcv1_GCAT finished [took 1656.2467s]
30/01/24 22:02:23| INFO     Dataset sample [0.8 0.2] of dataset rcv1_GCAT started
30/01/24 22:03:02| INFO        ref finished [took 38.0478s]
30/01/24 22:06:08| DEBUG       [BinaryQuantifierAccuracyEstimator] optimization finished: best params {'quantifier__classifier__C': 1.0, 'quantifier__classifier__class_weight': None, 'quantifier__bandwidth': 0.02, 'confidence': None} (score=0.00482) [took 181.7653s]
30/01/24 22:09:39| INFO        bin_kde_lr_gs finished [took 393.1005s]
30/01/24 22:16:27| DEBUG       [MultiClassAccuracyEstimator] optimization finished: best params {'quantifier__classifier__C': 100.0, 'quantifier__classifier__class_weight': 'balanced', 'quantifier__bandwidth': 0.08, 'confidence': ['max_conf', 'entropy', 'isoft']} (score=0.00721) [took 406.5128s]
30/01/24 22:20:46| INFO        mul_kde_lr_gs finished [took 665.0208s]
30/01/24 22:26:00| DEBUG       [MultiClassAccuracyEstimator] optimization finished: best params {'quantifier__classifier__C': 0.01, 'quantifier__classifier__class_weight': 'balanced', 'quantifier__bandwidth': 0.01, 'confidence': None} (score=0.00578) [took 312.2802s]
30/01/24 22:29:51| INFO        m3w_kde_lr_gs finished [took 543.5408s]
30/01/24 22:29:51| INFO     Dataset sample [0.8 0.2] of dataset rcv1_GCAT finished [took 1648.5510s]
30/01/24 22:29:51| INFO     Dataset sample [0.9 0.1] of dataset rcv1_GCAT started
30/01/24 22:30:32| INFO        ref finished [took 39.8217s]
30/01/24 22:31:37| WARNING     Method bin_kde_lr_gs failed. Exception: no combination of hyperparameters seem to work
30/01/24 22:38:02| DEBUG       [MultiClassAccuracyEstimator] optimization finished: best params {'quantifier__classifier__C': 0.1, 'quantifier__classifier__class_weight': None, 'quantifier__bandwidth': 0.02, 'confidence': ['isoft']} (score=0.00516) [took 382.9522s]
30/01/24 22:42:25| INFO        mul_kde_lr_gs finished [took 646.2000s]
30/01/24 22:47:38| DEBUG       [MultiClassAccuracyEstimator] optimization finished: best params {'quantifier__classifier__C': 0.1, 'quantifier__classifier__class_weight': None, 'quantifier__bandwidth': 0.02, 'confidence': ['isoft']} (score=0.00523) [took 309.6637s]
30/01/24 22:51:46| INFO        m3w_kde_lr_gs finished [took 557.9159s]
30/01/24 22:51:46| INFO     Dataset sample [0.9 0.1] of dataset rcv1_GCAT finished [took 1314.4537s]
