----------------------------------------------------------------------------------------------------
30/12/23 21:24:10| INFO     dataset rcv1_GCAT [pool size: 10]
30/12/23 21:24:10| INFO     Dataset sample [0.1 0.9] of dataset rcv1_GCAT started
30/12/23 21:24:13| WARNING     Method d_bin_sld_lr failed. Exception: This solver needs samples of at least 2 classes in the data, but the data contains only one class: 0
30/12/23 21:24:15| WARNING     Method d_bin_sld_lr_c failed. Exception: This solver needs samples of at least 2 classes in the data, but the data contains only one class: 0
30/12/23 21:24:15| WARNING     Method d_bin_sld_lr_mc failed. Exception: This solver needs samples of at least 2 classes in the data, but the data contains only one class: 0
30/12/23 21:24:15| WARNING     Method d_bin_sld_lr_ne failed. Exception: This solver needs samples of at least 2 classes in the data, but the data contains only one class: 0
30/12/23 21:24:16| WARNING     Method d_bin_sld_lr_is failed. Exception: This solver needs samples of at least 2 classes in the data, but the data contains only one class: 0
30/12/23 21:26:17| INFO        d_m3w_sld_lr_mc finished [took 121.4888s]
30/12/23 21:26:20| INFO        d_mul_sld_lr_c finished [took 125.3083s]
30/12/23 21:26:27| INFO        ref finished [took 129.8772s]
30/12/23 21:26:38| INFO        d_m3w_sld_lr_ne finished [took 142.9174s]
30/12/23 21:26:38| INFO        d_m3w_sld_lr_c finished [took 143.0786s]
30/12/23 21:26:39| INFO        d_m3w_sld_lr_is finished [took 142.5636s]
30/12/23 21:26:41| INFO        d_m3w_sld_lr finished [took 146.2902s]
30/12/23 21:26:42| INFO        d_mul_sld_lr finished [took 146.6218s]
30/12/23 21:26:45| INFO        d_mul_sld_lr_mc finished [took 150.5860s]
30/12/23 21:26:47| INFO        d_mul_sld_lr_ne finished [took 151.8737s]
30/12/23 21:26:49| INFO        d_mul_sld_lr_is finished [took 152.5995s]
30/12/23 21:27:19| INFO        doc finished [took 57.9366s]
30/12/23 21:27:24| INFO        atc_mc finished [took 66.2102s]
30/12/23 21:27:25| WARNING     Method d_bin_sld_lr_gs failed. Exception: no combination of hyperparameters seem to work
30/12/23 21:27:40| DEBUG       [MultiClassAccuracyEstimator] optimization finished: best params {'quantifier__classifier__C': 100.0, 'quantifier__classifier__class_weight': None, 'quantifier__recalib': None, 'confidence': ['isoft']} (score=0.00665) [took 14.3363s]
30/12/23 21:28:36| INFO        d_mul_sld_lr_gs finished [took 70.0852s]
30/12/23 21:28:53| DEBUG       [MultiClassAccuracyEstimator] optimization finished: best params {'quantifier__classifier__C': 100.0, 'quantifier__classifier__class_weight': 'balanced', 'quantifier__recalib': 'bcts', 'confidence': ['isoft']} (score=0.00542) [took 15.9911s]
30/12/23 21:29:40| INFO        d_m3w_sld_lr_gs finished [took 63.3030s]
30/12/23 21:29:40| INFO     Dataset sample [0.1 0.9] of dataset rcv1_GCAT finished [took 329.9017s]
30/12/23 21:29:40| INFO     Dataset sample [0.2 0.8] of dataset rcv1_GCAT started
30/12/23 21:31:42| INFO        d_m3w_sld_lr finished [took 119.3346s]
30/12/23 21:31:52| INFO        d_m3w_sld_lr_c finished [took 129.4055s]
30/12/23 21:32:03| INFO        d_m3w_sld_lr_mc finished [took 140.2340s]
30/12/23 21:32:20| INFO        d_mul_sld_lr_c finished [took 157.3105s]
30/12/23 21:32:29| INFO        d_mul_sld_lr_mc finished [took 165.8702s]
30/12/23 21:32:42| INFO        d_bin_sld_lr_c finished [took 179.7777s]
30/12/23 21:32:42| INFO        d_mul_sld_lr_ne finished [took 179.0548s]
30/12/23 21:32:42| INFO        d_mul_sld_lr finished [took 179.4600s]
30/12/23 21:32:48| INFO        d_bin_sld_lr finished [took 185.5454s]
30/12/23 21:32:59| INFO        d_bin_sld_lr_ne finished [took 195.5887s]
30/12/23 21:33:00| INFO        d_bin_sld_lr_mc finished [took 197.1359s]
30/12/23 21:33:38| INFO        ref finished [took 68.5797s]
30/12/23 21:33:40| INFO        d_m3w_sld_lr_ne finished [took 117.2662s]
30/12/23 21:33:48| INFO        d_m3w_sld_lr_is finished [took 86.9631s]
30/12/23 21:33:50| INFO        d_bin_sld_lr_is finished [took 116.8194s]
30/12/23 21:33:53| INFO        atc_mc finished [took 70.2441s]
30/12/23 21:33:57| INFO        doc finished [took 74.0544s]
30/12/23 21:34:03| INFO        d_mul_sld_lr_is finished [took 118.8921s]
30/12/23 21:34:31| DEBUG       [BinaryQuantifierAccuracyEstimator] optimization finished: best params {'quantifier__classifier__C': 1000.0, 'quantifier__classifier__class_weight': 'balanced', 'quantifier__recalib': 'bcts', 'confidence': ['max_conf', 'entropy']} (score=0.00736) [took 27.0980s]
30/12/23 21:35:32| INFO        d_bin_sld_lr_gs finished [took 87.6953s]
30/12/23 21:35:54| DEBUG       [MultiClassAccuracyEstimator] optimization finished: best params {'quantifier__classifier__C': 100.0, 'quantifier__classifier__class_weight': 'balanced', 'quantifier__recalib': 'bcts', 'confidence': ['max_conf', 'entropy']} (score=0.00641) [took 21.4835s]
30/12/23 21:36:51| INFO        d_mul_sld_lr_gs finished [took 78.4719s]
30/12/23 21:37:05| DEBUG       [MultiClassAccuracyEstimator] optimization finished: best params {'quantifier__classifier__C': 10.0, 'quantifier__classifier__class_weight': 'balanced', 'quantifier__recalib': 'bcts', 'confidence': ['max_conf', 'entropy']} (score=0.00689) [took 13.0153s]
30/12/23 21:37:51| INFO        d_m3w_sld_lr_gs finished [took 59.2380s]
30/12/23 21:37:51| INFO     Dataset sample [0.2 0.8] of dataset rcv1_GCAT finished [took 491.1417s]
30/12/23 21:37:51| INFO     Dataset sample [0.3 0.7] of dataset rcv1_GCAT started
30/12/23 21:40:13| INFO        d_m3w_sld_lr_c finished [took 138.8774s]
30/12/23 21:40:17| INFO        d_m3w_sld_lr_mc finished [took 143.2189s]
30/12/23 21:40:19| INFO        d_m3w_sld_lr finished [took 145.4846s]
30/12/23 21:40:22| INFO        d_bin_sld_lr_mc finished [took 147.8787s]
30/12/23 21:40:28| INFO        d_mul_sld_lr_c finished [took 153.9423s]
30/12/23 21:40:28| INFO        d_mul_sld_lr_mc finished [took 154.8731s]
30/12/23 21:40:48| INFO        d_bin_sld_lr_c finished [took 174.5924s]
30/12/23 21:40:48| INFO        d_mul_sld_lr_ne finished [took 174.4057s]
30/12/23 21:40:49| INFO        d_bin_sld_lr_ne finished [took 175.2172s]
30/12/23 21:40:54| INFO        d_bin_sld_lr finished [took 180.5060s]
30/12/23 21:40:54| INFO        d_mul_sld_lr finished [took 180.5585s]
30/12/23 21:41:40| INFO        atc_mc finished [took 71.4545s]
30/12/23 21:41:44| INFO        ref finished [took 75.2249s]
30/12/23 21:42:01| INFO        d_m3w_sld_lr_ne finished [took 107.2225s]
30/12/23 21:42:01| INFO        d_m3w_sld_lr_is finished [took 98.9265s]
30/12/23 21:42:02| INFO        d_mul_sld_lr_is finished [took 102.3341s]
30/12/23 21:42:03| INFO        doc finished [took 74.0230s]
30/12/23 21:42:17| INFO        d_bin_sld_lr_is finished [took 119.1938s]
30/12/23 21:42:41| DEBUG       [BinaryQuantifierAccuracyEstimator] optimization finished: best params {'quantifier__classifier__C': 1.0, 'quantifier__classifier__class_weight': None, 'quantifier__recalib': 'bcts', 'confidence': None} (score=0.00859) [took 22.8503s]
30/12/23 21:43:40| INFO        d_bin_sld_lr_gs finished [took 81.9316s]
30/12/23 21:44:02| DEBUG       [MultiClassAccuracyEstimator] optimization finished: best params {'quantifier__classifier__C': 0.1, 'quantifier__classifier__class_weight': None, 'quantifier__recalib': 'bcts', 'confidence': None} (score=0.00870) [took 20.9024s]
30/12/23 21:45:06| INFO        d_mul_sld_lr_gs finished [took 84.8706s]
30/12/23 21:45:19| DEBUG       [MultiClassAccuracyEstimator] optimization finished: best params {'quantifier__classifier__C': 0.1, 'quantifier__classifier__class_weight': 'balanced', 'quantifier__recalib': 'bcts', 'confidence': None} (score=0.00814) [took 12.0010s]
30/12/23 21:46:05| INFO        d_m3w_sld_lr_gs finished [took 58.4481s]
30/12/23 21:46:05| INFO     Dataset sample [0.3 0.7] of dataset rcv1_GCAT finished [took 493.7255s]
30/12/23 21:46:05| INFO     Dataset sample [0.4 0.6] of dataset rcv1_GCAT started
30/12/23 21:48:31| INFO        d_bin_sld_lr finished [took 144.6784s]
30/12/23 21:48:32| INFO        d_m3w_sld_lr_mc finished [took 144.4357s]
30/12/23 21:48:33| INFO        d_m3w_sld_lr_c finished [took 145.4328s]
30/12/23 21:48:34| INFO        d_m3w_sld_lr finished [took 146.6170s]
30/12/23 21:48:35| INFO        d_mul_sld_lr_ne finished [took 147.5476s]
30/12/23 21:48:45| INFO        d_bin_sld_lr_ne finished [took 157.3233s]
30/12/23 21:48:46| INFO        d_bin_sld_lr_c finished [took 159.0021s]
30/12/23 21:48:52| INFO        d_mul_sld_lr finished [took 164.4037s]
30/12/23 21:48:55| INFO        d_mul_sld_lr_mc finished [took 167.7307s]
30/12/23 21:48:59| INFO        d_mul_sld_lr_c finished [took 171.2662s]
30/12/23 21:49:01| INFO        d_bin_sld_lr_mc finished [took 173.5894s]
30/12/23 21:49:55| INFO        d_m3w_sld_lr_ne finished [took 83.3711s]
30/12/23 21:49:59| INFO        d_m3w_sld_lr_is finished [took 83.7903s]
30/12/23 21:50:00| INFO        atc_mc finished [took 74.4940s]
30/12/23 21:50:08| INFO        ref finished [took 91.8119s]
30/12/23 21:50:14| INFO        d_bin_sld_lr_is finished [took 101.4595s]
30/12/23 21:50:17| INFO        d_mul_sld_lr_is finished [took 103.3679s]
30/12/23 21:50:19| INFO        doc finished [took 91.9694s]
30/12/23 21:50:43| DEBUG       [BinaryQuantifierAccuracyEstimator] optimization finished: best params {'quantifier__classifier__C': 1000.0, 'quantifier__classifier__class_weight': 'balanced', 'quantifier__recalib': 'bcts', 'confidence': None} (score=0.00715) [took 23.4500s]
30/12/23 21:51:43| INFO        d_bin_sld_lr_gs finished [took 83.1869s]
30/12/23 21:52:03| DEBUG       [MultiClassAccuracyEstimator] optimization finished: best params {'quantifier__classifier__C': 10.0, 'quantifier__classifier__class_weight': None, 'quantifier__recalib': 'bcts', 'confidence': ['isoft']} (score=0.00653) [took 19.4570s]
30/12/23 21:53:02| INFO        d_mul_sld_lr_gs finished [took 78.4213s]
30/12/23 21:53:14| DEBUG       [MultiClassAccuracyEstimator] optimization finished: best params {'quantifier__classifier__C': 1.0, 'quantifier__classifier__class_weight': 'balanced', 'quantifier__recalib': 'bcts', 'confidence': ['isoft']} (score=0.00736) [took 11.0488s]
30/12/23 21:54:01| INFO        d_m3w_sld_lr_gs finished [took 57.8440s]
30/12/23 21:54:01| INFO     Dataset sample [0.4 0.6] of dataset rcv1_GCAT finished [took 476.1565s]
30/12/23 21:54:01| INFO     Dataset sample [0.5 0.5] of dataset rcv1_GCAT started
30/12/23 21:55:57| INFO        d_m3w_sld_lr finished [took 113.8541s]
30/12/23 21:56:15| INFO        d_m3w_sld_lr_c finished [took 132.3261s]
30/12/23 21:56:27| INFO        d_m3w_sld_lr_mc finished [took 144.0895s]
30/12/23 21:56:38| INFO        d_mul_sld_lr finished [took 155.3307s]
30/12/23 21:56:47| INFO        d_mul_sld_lr_mc finished [took 163.8253s]
30/12/23 21:56:54| INFO        d_bin_sld_lr_mc finished [took 171.3748s]
30/12/23 21:56:56| INFO        d_bin_sld_lr_ne finished [took 173.2020s]
30/12/23 21:57:00| INFO        d_mul_sld_lr_c finished [took 177.4581s]
30/12/23 21:57:05| INFO        d_bin_sld_lr_c finished [took 182.2670s]
30/12/23 21:57:05| INFO        d_bin_sld_lr finished [took 182.4119s]
30/12/23 21:57:06| INFO        d_mul_sld_lr_ne finished [took 182.8776s]
30/12/23 21:57:15| INFO        d_m3w_sld_lr_ne finished [took 77.8070s]
30/12/23 21:57:54| INFO        ref finished [took 66.5960s]
30/12/23 21:57:57| INFO        d_m3w_sld_lr_is finished [took 78.9247s]
30/12/23 21:58:03| INFO        d_bin_sld_lr_is finished [took 107.4836s]
30/12/23 21:58:07| INFO        atc_mc finished [took 72.4726s]
30/12/23 21:58:09| INFO        d_mul_sld_lr_is finished [took 101.4337s]
30/12/23 21:58:10| INFO        doc finished [took 73.0437s]
30/12/23 21:58:34| DEBUG       [BinaryQuantifierAccuracyEstimator] optimization finished: best params {'quantifier__classifier__C': 0.001, 'quantifier__classifier__class_weight': None, 'quantifier__recalib': 'bcts', 'confidence': None} (score=0.01080) [took 23.9923s]
30/12/23 21:59:50| INFO        d_bin_sld_lr_gs finished [took 100.2317s]
30/12/23 22:00:12| DEBUG       [MultiClassAccuracyEstimator] optimization finished: best params {'quantifier__classifier__C': 10.0, 'quantifier__classifier__class_weight': None, 'quantifier__recalib': 'bcts', 'confidence': None} (score=0.01025) [took 21.0836s]
30/12/23 22:01:12| INFO        d_mul_sld_lr_gs finished [took 81.1067s]
30/12/23 22:01:24| DEBUG       [MultiClassAccuracyEstimator] optimization finished: best params {'quantifier__classifier__C': 1.0, 'quantifier__classifier__class_weight': 'balanced', 'quantifier__recalib': 'bcts', 'confidence': ['isoft']} (score=0.00809) [took 11.5207s]
30/12/23 22:02:10| INFO        d_m3w_sld_lr_gs finished [took 57.6489s]
30/12/23 22:02:10| INFO     Dataset sample [0.5 0.5] of dataset rcv1_GCAT finished [took 488.9730s]
30/12/23 22:02:10| INFO     Dataset sample [0.6 0.4] of dataset rcv1_GCAT started
30/12/23 22:04:22| INFO        d_m3w_sld_lr finished [took 129.0838s]
30/12/23 22:04:34| INFO        d_bin_sld_lr_ne finished [took 140.9862s]
30/12/23 22:04:35| INFO        d_m3w_sld_lr_mc finished [took 142.4960s]
30/12/23 22:04:36| INFO        d_m3w_sld_lr_c finished [took 143.7379s]
30/12/23 22:04:49| INFO        d_mul_sld_lr_c finished [took 156.7900s]
30/12/23 22:04:53| INFO        d_bin_sld_lr_mc finished [took 159.9019s]
30/12/23 22:04:59| INFO        d_bin_sld_lr finished [took 167.1685s]
30/12/23 22:05:07| INFO        d_mul_sld_lr_mc finished [took 174.8895s]
30/12/23 22:05:10| INFO        d_bin_sld_lr_c finished [took 177.2861s]
30/12/23 22:05:10| INFO        d_mul_sld_lr_ne finished [took 177.8001s]
30/12/23 22:05:13| INFO        d_mul_sld_lr finished [took 180.9621s]
30/12/23 22:05:53| INFO        d_m3w_sld_lr_is finished [took 75.4808s]
30/12/23 22:05:54| INFO        d_m3w_sld_lr_ne finished [took 91.2674s]
30/12/23 22:06:08| INFO        ref finished [took 78.1416s]
30/12/23 22:06:15| INFO        doc finished [took 75.1233s]
30/12/23 22:06:17| INFO        d_bin_sld_lr_is finished [took 102.7615s]
30/12/23 22:06:22| INFO        atc_mc finished [took 88.7997s]
30/12/23 22:06:34| INFO        d_mul_sld_lr_is finished [took 118.2126s]
30/12/23 22:06:59| DEBUG       [BinaryQuantifierAccuracyEstimator] optimization finished: best params {'quantifier__classifier__C': 1.0, 'quantifier__classifier__class_weight': None, 'quantifier__recalib': 'bcts', 'confidence': ['isoft']} (score=0.00825) [took 24.0765s]
30/12/23 22:07:59| INFO        d_bin_sld_lr_gs finished [took 83.4371s]
30/12/23 22:08:20| DEBUG       [MultiClassAccuracyEstimator] optimization finished: best params {'quantifier__classifier__C': 1.0, 'quantifier__classifier__class_weight': None, 'quantifier__recalib': 'bcts', 'confidence': ['isoft']} (score=0.00692) [took 20.3563s]
30/12/23 22:09:22| INFO        d_mul_sld_lr_gs finished [took 82.1637s]
30/12/23 22:09:34| DEBUG       [MultiClassAccuracyEstimator] optimization finished: best params {'quantifier__classifier__C': 0.1, 'quantifier__classifier__class_weight': 'balanced', 'quantifier__recalib': 'bcts', 'confidence': ['isoft']} (score=0.00713) [took 11.8082s]
30/12/23 22:10:21| INFO        d_m3w_sld_lr_gs finished [took 58.3338s]
30/12/23 22:10:21| INFO     Dataset sample [0.6 0.4] of dataset rcv1_GCAT finished [took 490.6489s]
30/12/23 22:10:21| INFO     Dataset sample [0.7 0.3] of dataset rcv1_GCAT started
30/12/23 22:12:30| INFO        d_mul_sld_lr_ne finished [took 127.1738s]
30/12/23 22:12:36| INFO        d_m3w_sld_lr_c finished [took 132.4252s]
30/12/23 22:12:42| INFO        d_m3w_sld_lr_mc finished [took 138.5915s]
30/12/23 22:12:45| INFO        d_m3w_sld_lr finished [took 142.9938s]
30/12/23 22:13:28| INFO        d_bin_sld_lr_ne finished [took 184.8666s]
30/12/23 22:13:31| INFO        d_mul_sld_lr_c finished [took 187.4855s]
30/12/23 22:13:31| INFO        d_mul_sld_lr finished [took 187.5351s]
30/12/23 22:13:33| INFO        d_bin_sld_lr_c finished [took 189.6452s]
30/12/23 22:13:35| INFO        d_mul_sld_lr_mc finished [took 192.1423s]
30/12/23 22:13:36| INFO        d_bin_sld_lr_mc finished [took 192.9338s]
30/12/23 22:13:45| INFO        d_bin_sld_lr finished [took 201.8639s]
30/12/23 22:14:06| INFO        d_m3w_sld_lr_ne finished [took 95.0273s]
30/12/23 22:14:17| INFO        d_mul_sld_lr_is finished [took 94.6809s]
30/12/23 22:14:29| INFO        d_m3w_sld_lr_is finished [took 102.6650s]
30/12/23 22:14:34| INFO        d_bin_sld_lr_is finished [took 117.2690s]
30/12/23 22:14:38| INFO        atc_mc finished [took 66.8213s]
30/12/23 22:14:40| INFO        doc finished [took 68.8874s]
30/12/23 22:14:41| INFO        ref finished [took 72.3309s]
30/12/23 22:15:04| DEBUG       [BinaryQuantifierAccuracyEstimator] optimization finished: best params {'quantifier__classifier__C': 1.0, 'quantifier__classifier__class_weight': 'balanced', 'quantifier__recalib': 'bcts', 'confidence': ['max_conf', 'entropy']} (score=0.00517) [took 22.0713s]
30/12/23 22:16:03| INFO        d_bin_sld_lr_gs finished [took 80.7267s]
30/12/23 22:16:22| DEBUG       [MultiClassAccuracyEstimator] optimization finished: best params {'quantifier__classifier__C': 1000.0, 'quantifier__classifier__class_weight': None, 'quantifier__recalib': None, 'confidence': None} (score=0.00555) [took 18.5296s]
30/12/23 22:17:18| INFO        d_mul_sld_lr_gs finished [took 74.3379s]
30/12/23 22:17:31| DEBUG       [MultiClassAccuracyEstimator] optimization finished: best params {'quantifier__classifier__C': 100.0, 'quantifier__classifier__class_weight': 'balanced', 'quantifier__recalib': 'bcts', 'confidence': ['max_conf', 'entropy']} (score=0.00555) [took 11.9045s]
30/12/23 22:18:17| INFO        d_m3w_sld_lr_gs finished [took 58.3692s]
30/12/23 22:18:17| INFO     Dataset sample [0.7 0.3] of dataset rcv1_GCAT finished [took 476.0880s]
30/12/23 22:18:17| INFO     Dataset sample [0.8 0.2] of dataset rcv1_GCAT started
30/12/23 22:20:26| INFO        d_m3w_sld_lr_mc finished [took 126.1608s]
30/12/23 22:20:42| INFO        d_m3w_sld_lr_c finished [took 142.2383s]
30/12/23 22:20:43| INFO        d_m3w_sld_lr finished [took 143.0488s]
30/12/23 22:21:26| INFO        d_mul_sld_lr finished [took 186.4229s]
30/12/23 22:21:37| INFO        d_mul_sld_lr_ne finished [took 197.3263s]
30/12/23 22:21:44| INFO        d_mul_sld_lr_mc finished [took 204.1555s]
30/12/23 22:21:57| INFO        d_mul_sld_lr_c finished [took 217.2415s]
30/12/23 22:22:15| INFO        d_m3w_sld_lr_ne finished [took 108.7762s]
30/12/23 22:23:01| INFO        ref finished [took 82.9723s]
30/12/23 22:23:03| INFO        d_bin_sld_lr_c finished [took 282.9564s]
30/12/23 22:23:04| INFO        d_bin_sld_lr_mc finished [took 283.9592s]
30/12/23 22:23:05| INFO        d_bin_sld_lr_ne finished [took 285.1965s]
30/12/23 22:23:09| INFO        d_m3w_sld_lr_is finished [took 102.0401s]
30/12/23 22:23:14| INFO        atc_mc finished [took 89.3598s]
30/12/23 22:23:18| INFO        d_mul_sld_lr_is finished [took 154.5161s]
30/12/23 22:23:27| INFO        doc finished [took 89.3607s]
30/12/23 22:23:34| INFO        d_bin_sld_lr_is finished [took 171.1880s]
30/12/23 22:23:39| INFO        d_bin_sld_lr finished [took 320.3284s]
30/12/23 22:24:18| DEBUG       [BinaryQuantifierAccuracyEstimator] optimization finished: best params {'quantifier__classifier__C': 1.0, 'quantifier__classifier__class_weight': None, 'quantifier__recalib': 'bcts', 'confidence': None} (score=0.00790) [took 37.5662s]
30/12/23 22:25:13| INFO        d_bin_sld_lr_gs finished [took 93.1555s]
30/12/23 22:25:35| DEBUG       [MultiClassAccuracyEstimator] optimization finished: best params {'quantifier__classifier__C': 1000.0, 'quantifier__classifier__class_weight': 'balanced', 'quantifier__recalib': 'bcts', 'confidence': ['max_conf', 'entropy']} (score=0.01476) [took 20.8710s]
30/12/23 22:26:40| INFO        d_mul_sld_lr_gs finished [took 85.4534s]
30/12/23 22:26:53| DEBUG       [MultiClassAccuracyEstimator] optimization finished: best params {'quantifier__classifier__C': 1000.0, 'quantifier__classifier__class_weight': 'balanced', 'quantifier__recalib': 'bcts', 'confidence': ['max_conf', 'entropy']} (score=0.01499) [took 12.8781s]
30/12/23 22:27:40| INFO        d_m3w_sld_lr_gs finished [took 59.5762s]
30/12/23 22:27:40| INFO     Dataset sample [0.8 0.2] of dataset rcv1_GCAT finished [took 563.0941s]
30/12/23 22:27:40| INFO     Dataset sample [0.9 0.1] of dataset rcv1_GCAT started
30/12/23 22:29:32| INFO        d_mul_sld_lr_c finished [took 110.1936s]
30/12/23 22:29:54| INFO        d_mul_sld_lr_ne finished [took 131.6168s]
30/12/23 22:30:01| INFO        d_m3w_sld_lr_mc finished [took 139.1539s]
30/12/23 22:30:02| INFO        d_m3w_sld_lr finished [took 139.4658s]
30/12/23 22:30:08| INFO        d_m3w_sld_lr_c finished [took 145.9363s]
30/12/23 22:30:25| INFO        d_bin_sld_lr finished [took 162.5147s]
30/12/23 22:30:26| INFO        d_mul_sld_lr_mc finished [took 163.6268s]
30/12/23 22:30:27| INFO        d_bin_sld_lr_ne finished [took 164.9625s]
30/12/23 22:30:28| INFO        d_mul_sld_lr finished [took 165.7415s]
30/12/23 22:30:28| INFO        d_bin_sld_lr_mc finished [took 165.6223s]
30/12/23 22:30:28| INFO        d_bin_sld_lr_c finished [took 166.2445s]
30/12/23 22:31:20| INFO        d_m3w_sld_lr_is finished [took 78.0149s]
30/12/23 22:31:23| INFO        ref finished [took 74.5017s]
30/12/23 22:31:24| INFO        d_m3w_sld_lr_ne finished [took 111.1919s]
30/12/23 22:31:37| INFO        atc_mc finished [took 71.4102s]
30/12/23 22:31:39| INFO        doc finished [took 72.5965s]
30/12/23 22:31:47| INFO        d_bin_sld_lr_is finished [took 112.8236s]
30/12/23 22:31:50| INFO        d_mul_sld_lr_is finished [took 108.9656s]
30/12/23 22:32:04| DEBUG       [BinaryQuantifierAccuracyEstimator] optimization finished: best params {'quantifier__classifier__C': 1000.0, 'quantifier__classifier__class_weight': None, 'quantifier__recalib': None, 'confidence': ['max_conf', 'entropy']} (score=0.00755) [took 13.2147s]
30/12/23 22:33:01| INFO        d_bin_sld_lr_gs finished [took 70.2685s]
30/12/23 22:33:20| DEBUG       [MultiClassAccuracyEstimator] optimization finished: best params {'quantifier__classifier__C': 10.0, 'quantifier__classifier__class_weight': None, 'quantifier__recalib': None, 'confidence': ['isoft']} (score=0.00743) [took 17.6941s]
30/12/23 22:34:17| INFO        d_mul_sld_lr_gs finished [took 74.8722s]
30/12/23 22:34:36| DEBUG       [MultiClassAccuracyEstimator] optimization finished: best params {'quantifier__classifier__C': 10.0, 'quantifier__classifier__class_weight': None, 'quantifier__recalib': 'bcts', 'confidence': ['max_conf', 'entropy']} (score=0.00553) [took 19.0210s]
30/12/23 22:35:37| INFO        d_m3w_sld_lr_gs finished [took 79.3151s]
30/12/23 22:35:37| INFO     Dataset sample [0.9 0.1] of dataset rcv1_GCAT finished [took 476.6227s]
