----------------------------------------------------------------------------------------------------
31/01/24 19:39:04| INFO     dataset rcv1_GCAT [pool size: 205]
31/01/24 19:39:04| INFO     Dataset sample [0.1 0.9] of dataset rcv1_GCAT started
31/01/24 19:39:44| INFO        ref finished [took 38.2012s]
31/01/24 19:39:47| WARNING     Method bin_cc_lr_gs failed. Exception: no combination of hyperparameters seem to work
31/01/24 19:39:55| DEBUG       [MultiClassAccuracyEstimator] optimization finished: best params {'quantifier__classifier__C': 0.1, 'quantifier__classifier__class_weight': None, 'confidence': ['max_conf', 'entropy', 'isoft']} (score=0.02568) [took 5.4204s]
31/01/24 19:40:42| INFO        mul_cc_lr_gs finished [took 52.6834s]
31/01/24 19:40:46| DEBUG       [MultiClassAccuracyEstimator] optimization finished: best params {'quantifier__classifier__C': 0.1, 'quantifier__classifier__class_weight': None, 'confidence': ['max_conf', 'entropy', 'isoft']} (score=0.02568) [took 3.3274s]
31/01/24 19:41:29| INFO        m3w_cc_lr_gs finished [took 46.3648s]
31/01/24 19:41:29| INFO     Dataset sample [0.1 0.9] of dataset rcv1_GCAT finished [took 144.7698s]
31/01/24 19:41:29| INFO     Dataset sample [0.2 0.8] of dataset rcv1_GCAT started
31/01/24 19:42:09| INFO        ref finished [took 38.8568s]
31/01/24 19:42:15| DEBUG       [BinaryQuantifierAccuracyEstimator] optimization finished: best params {'quantifier__classifier__C': 10.0, 'quantifier__classifier__class_weight': 'balanced', 'confidence': ['max_conf', 'entropy', 'isoft']} (score=0.02758) [took 2.9433s]
31/01/24 19:43:02| INFO        bin_cc_lr_gs finished [took 49.9724s]
31/01/24 19:43:12| DEBUG       [MultiClassAccuracyEstimator] optimization finished: best params {'quantifier__classifier__C': 0.01, 'quantifier__classifier__class_weight': 'balanced', 'confidence': ['max_conf', 'entropy']} (score=0.02189) [took 5.8482s]
31/01/24 19:43:59| INFO        mul_cc_lr_gs finished [took 53.1413s]
31/01/24 19:44:06| DEBUG       [MultiClassAccuracyEstimator] optimization finished: best params {'quantifier__classifier__C': 10.0, 'quantifier__classifier__class_weight': 'balanced', 'confidence': ['isoft']} (score=0.02085) [took 5.0377s]
31/01/24 19:44:49| INFO        m3w_cc_lr_gs finished [took 47.7167s]
31/01/24 19:44:49| INFO     Dataset sample [0.2 0.8] of dataset rcv1_GCAT finished [took 199.8253s]
31/01/24 19:44:49| INFO     Dataset sample [0.3 0.7] of dataset rcv1_GCAT started
31/01/24 19:45:28| INFO        ref finished [took 38.3837s]
31/01/24 19:45:35| DEBUG       [BinaryQuantifierAccuracyEstimator] optimization finished: best params {'quantifier__classifier__C': 10.0, 'quantifier__classifier__class_weight': 'balanced', 'confidence': ['max_conf', 'entropy']} (score=0.01835) [took 2.7199s]
31/01/24 19:46:22| INFO        bin_cc_lr_gs finished [took 49.4789s]
31/01/24 19:46:34| DEBUG       [MultiClassAccuracyEstimator] optimization finished: best params {'quantifier__classifier__C': 0.001, 'quantifier__classifier__class_weight': 'balanced', 'confidence': ['max_conf', 'entropy']} (score=0.01271) [took 8.7018s]
31/01/24 19:47:21| INFO        mul_cc_lr_gs finished [took 55.7591s]
31/01/24 19:47:30| DEBUG       [MultiClassAccuracyEstimator] optimization finished: best params {'quantifier__classifier__C': 10.0, 'quantifier__classifier__class_weight': 'balanced', 'confidence': ['max_conf', 'entropy']} (score=0.01319) [took 4.2527s]
31/01/24 19:48:13| INFO        m3w_cc_lr_gs finished [took 47.0917s]
31/01/24 19:48:13| INFO     Dataset sample [0.3 0.7] of dataset rcv1_GCAT finished [took 204.2306s]
31/01/24 19:48:13| INFO     Dataset sample [0.4 0.6] of dataset rcv1_GCAT started
31/01/24 19:48:53| INFO        ref finished [took 38.3656s]
31/01/24 19:48:58| DEBUG       [BinaryQuantifierAccuracyEstimator] optimization finished: best params {'quantifier__classifier__C': 10.0, 'quantifier__classifier__class_weight': 'balanced', 'confidence': ['max_conf', 'entropy']} (score=0.00985) [took 2.8888s]
31/01/24 19:49:45| INFO        bin_cc_lr_gs finished [took 49.4235s]
31/01/24 19:49:53| DEBUG       [MultiClassAccuracyEstimator] optimization finished: best params {'quantifier__classifier__C': 10.0, 'quantifier__classifier__class_weight': 'balanced', 'confidence': ['max_conf', 'entropy', 'isoft']} (score=0.01019) [took 6.1274s]
31/01/24 19:50:41| INFO        mul_cc_lr_gs finished [took 53.7051s]
31/01/24 19:50:50| DEBUG       [MultiClassAccuracyEstimator] optimization finished: best params {'quantifier__classifier__C': 10.0, 'quantifier__classifier__class_weight': 'balanced', 'confidence': ['max_conf', 'entropy']} (score=0.01104) [took 5.7811s]
31/01/24 19:51:33| INFO        m3w_cc_lr_gs finished [took 49.5143s]
31/01/24 19:51:33| INFO     Dataset sample [0.4 0.6] of dataset rcv1_GCAT finished [took 200.1816s]
31/01/24 19:51:33| INFO     Dataset sample [0.5 0.5] of dataset rcv1_GCAT started
31/01/24 19:52:13| INFO        ref finished [took 38.2236s]
31/01/24 19:52:17| DEBUG       [BinaryQuantifierAccuracyEstimator] optimization finished: best params {'quantifier__classifier__C': 10.0, 'quantifier__classifier__class_weight': 'balanced', 'confidence': None} (score=0.00487) [took 2.5423s]
31/01/24 19:53:05| INFO        bin_cc_lr_gs finished [took 50.2141s]
31/01/24 19:53:15| DEBUG       [MultiClassAccuracyEstimator] optimization finished: best params {'quantifier__classifier__C': 10.0, 'quantifier__classifier__class_weight': 'balanced', 'confidence': ['isoft']} (score=0.00595) [took 8.2872s]
31/01/24 19:54:03| INFO        mul_cc_lr_gs finished [took 56.0683s]
31/01/24 19:54:09| DEBUG       [MultiClassAccuracyEstimator] optimization finished: best params {'quantifier__classifier__C': 10.0, 'quantifier__classifier__class_weight': 'balanced', 'confidence': ['max_conf', 'entropy']} (score=0.00627) [took 4.2263s]
31/01/24 19:54:53| INFO        m3w_cc_lr_gs finished [took 48.3847s]
31/01/24 19:54:53| INFO     Dataset sample [0.5 0.5] of dataset rcv1_GCAT finished [took 199.3801s]
31/01/24 19:54:53| INFO     Dataset sample [0.6 0.4] of dataset rcv1_GCAT started
31/01/24 19:55:33| INFO        ref finished [took 39.0987s]
31/01/24 19:55:39| DEBUG       [BinaryQuantifierAccuracyEstimator] optimization finished: best params {'quantifier__classifier__C': 10.0, 'quantifier__classifier__class_weight': 'balanced', 'confidence': None} (score=0.00794) [took 3.0329s]
31/01/24 19:56:27| INFO        bin_cc_lr_gs finished [took 51.0215s]
31/01/24 19:56:38| DEBUG       [MultiClassAccuracyEstimator] optimization finished: best params {'quantifier__classifier__C': 10.0, 'quantifier__classifier__class_weight': 'balanced', 'confidence': ['isoft']} (score=0.00621) [took 6.2595s]
31/01/24 19:57:27| INFO        mul_cc_lr_gs finished [took 55.2404s]
31/01/24 19:57:37| DEBUG       [MultiClassAccuracyEstimator] optimization finished: best params {'quantifier__classifier__C': 10.0, 'quantifier__classifier__class_weight': 'balanced', 'confidence': None} (score=0.00639) [took 5.5869s]
31/01/24 19:58:21| INFO        m3w_cc_lr_gs finished [took 49.7385s]
31/01/24 19:58:21| INFO     Dataset sample [0.6 0.4] of dataset rcv1_GCAT finished [took 208.5641s]
31/01/24 19:58:21| INFO     Dataset sample [0.7 0.3] of dataset rcv1_GCAT started
31/01/24 19:59:01| INFO        ref finished [took 38.3658s]
31/01/24 19:59:08| DEBUG       [BinaryQuantifierAccuracyEstimator] optimization finished: best params {'quantifier__classifier__C': 10.0, 'quantifier__classifier__class_weight': 'balanced', 'confidence': ['max_conf', 'entropy']} (score=0.02102) [took 2.5206s]
31/01/24 19:59:56| INFO        bin_cc_lr_gs finished [took 50.3836s]
31/01/24 20:00:05| DEBUG       [MultiClassAccuracyEstimator] optimization finished: best params {'quantifier__classifier__C': 0.001, 'quantifier__classifier__class_weight': 'balanced', 'confidence': ['max_conf', 'entropy']} (score=0.01563) [took 7.7275s]
31/01/24 20:00:53| INFO        mul_cc_lr_gs finished [took 55.2767s]
31/01/24 20:01:00| DEBUG       [MultiClassAccuracyEstimator] optimization finished: best params {'quantifier__classifier__C': 10.0, 'quantifier__classifier__class_weight': 'balanced', 'confidence': ['max_conf', 'entropy']} (score=0.01787) [took 4.3244s]
31/01/24 20:01:43| INFO        m3w_cc_lr_gs finished [took 47.7359s]
31/01/24 20:01:43| INFO     Dataset sample [0.7 0.3] of dataset rcv1_GCAT finished [took 201.9725s]
31/01/24 20:01:43| INFO     Dataset sample [0.8 0.2] of dataset rcv1_GCAT started
31/01/24 20:02:23| INFO        ref finished [took 39.0533s]
31/01/24 20:02:30| DEBUG       [BinaryQuantifierAccuracyEstimator] optimization finished: best params {'quantifier__classifier__C': 1.0, 'quantifier__classifier__class_weight': 'balanced', 'confidence': None} (score=0.02919) [took 2.9966s]
31/01/24 20:03:17| INFO        bin_cc_lr_gs finished [took 49.7229s]
31/01/24 20:03:24| DEBUG       [MultiClassAccuracyEstimator] optimization finished: best params {'quantifier__classifier__C': 10.0, 'quantifier__classifier__class_weight': 'balanced', 'confidence': ['isoft']} (score=0.02130) [took 6.2207s]
31/01/24 20:04:11| INFO        mul_cc_lr_gs finished [took 53.4415s]
31/01/24 20:04:18| DEBUG       [MultiClassAccuracyEstimator] optimization finished: best params {'quantifier__classifier__C': 10.0, 'quantifier__classifier__class_weight': 'balanced', 'confidence': ['max_conf', 'entropy']} (score=0.02152) [took 5.5086s]
31/01/24 20:05:00| INFO        m3w_cc_lr_gs finished [took 47.9834s]
31/01/24 20:05:00| INFO     Dataset sample [0.8 0.2] of dataset rcv1_GCAT finished [took 196.9575s]
31/01/24 20:05:00| INFO     Dataset sample [0.9 0.1] of dataset rcv1_GCAT started
31/01/24 20:05:40| INFO        ref finished [took 38.1623s]
31/01/24 20:05:44| DEBUG       [BinaryQuantifierAccuracyEstimator] optimization finished: best params {'quantifier__classifier__C': 0.1, 'quantifier__classifier__class_weight': 'balanced', 'confidence': ['max_conf', 'entropy', 'isoft']} (score=0.02891) [took 2.2003s]
31/01/24 20:06:30| INFO        bin_cc_lr_gs finished [took 49.1243s]
31/01/24 20:06:38| DEBUG       [MultiClassAccuracyEstimator] optimization finished: best params {'quantifier__classifier__C': 1.0, 'quantifier__classifier__class_weight': 'balanced', 'confidence': ['max_conf', 'entropy', 'isoft']} (score=0.03249) [took 6.8996s]
31/01/24 20:07:26| INFO        mul_cc_lr_gs finished [took 54.3380s]
31/01/24 20:07:32| DEBUG       [MultiClassAccuracyEstimator] optimization finished: best params {'quantifier__classifier__C': 1.0, 'quantifier__classifier__class_weight': 'balanced', 'confidence': ['isoft']} (score=0.03239) [took 3.5401s]
31/01/24 20:08:15| INFO        m3w_cc_lr_gs finished [took 46.5008s]
31/01/24 20:08:15| INFO     Dataset sample [0.9 0.1] of dataset rcv1_GCAT finished [took 194.6804s]
