----------------------------------------------------------------------------------------------------
17/12/23 19:05:20| INFO     dataset twitter_gasp_4prevs [pool size: 10]
17/12/23 19:05:20| INFO     Dataset sample [0.2003 0.2003 0.5993] of dataset twitter_gasp_4prevs started
17/12/23 19:41:23| INFO        bgf_sld finished [took 2102.7271s]
17/12/23 19:41:43| INFO        bgfc_sld finished [took 2121.9685s]
17/12/23 19:43:05| INFO        m3wc_sld finished [took 2204.9369s]
17/12/23 19:44:41| INFO        m3w_sld finished [took 2312.3112s]
17/12/23 19:46:42| INFO        mgf_sld finished [took 2432.9109s]
17/12/23 19:47:33| INFO        mgfc_sld finished [took 2472.5590s]
17/12/23 19:51:10| INFO        mul_sld finished [took 2690.9208s]
17/12/23 19:51:32| INFO        mulc_sld finished [took 2714.2409s]
17/12/23 19:52:00| INFO        bin_sld finished [took 2746.0669s]
17/12/23 19:54:04| INFO        binc_sld finished [took 2863.5249s]
17/12/23 19:54:53| INFO        binmc_sld finished [took 2918.9867s]
17/12/23 20:18:09| INFO        bgfmc_sld finished [took 2166.1114s]
17/12/23 20:19:27| INFO        m3wmc_sld finished [took 2155.1960s]
17/12/23 20:24:19| INFO        binne_sld finished [took 2218.6198s]
17/12/23 20:25:30| INFO        mgfmc_sld finished [took 2410.6163s]
17/12/23 20:27:55| INFO        m3wne_sld finished [took 2145.5684s]
17/12/23 20:28:30| INFO        mulmc_sld finished [took 2765.9936s]
17/12/23 20:30:30| INFO        binis_sld finished [took 2149.0287s]
17/12/23 20:32:17| INFO        mgfne_sld finished [took 2373.5675s]
17/12/23 20:33:44| INFO        bgfne_sld finished [took 2732.2612s]
17/12/23 20:35:48| INFO        mulne_sld finished [took 2640.3284s]
17/12/23 20:39:14| INFO        ref finished [took 784.4305s]
17/12/23 20:40:09| INFO        bgfis_sld finished [took 2679.2309s]
17/12/23 20:42:59| INFO        atc_mc finished [took 868.1519s]
17/12/23 20:45:52| INFO        m3wis_sld finished [took 1544.9402s]
17/12/23 20:46:20| INFO        doc finished [took 1035.8164s]
17/12/23 20:48:24| INFO        mgfis_sld finished [took 1411.1260s]
17/12/23 20:48:38| INFO        mulis_sld finished [took 1790.9532s]
17/12/23 20:48:41| INFO        gde finished [took 1054.4143s]
17/12/23 20:48:41| INFO     Dataset sample [0.2003 0.2003 0.5993] of dataset twitter_gasp_4prevs finished [took 6201.0354s]
17/12/23 20:48:41| INFO     Dataset sample [0.2003 0.399  0.4007] of dataset twitter_gasp_4prevs started
17/12/23 21:24:55| INFO        bgf_sld finished [took 2118.5952s]
17/12/23 21:25:48| INFO        m3w_sld finished [took 2170.6775s]
17/12/23 21:26:20| INFO        m3wc_sld finished [took 2204.8712s]
17/12/23 21:26:39| INFO        bgfc_sld finished [took 2216.7843s]
17/12/23 21:27:36| INFO        mgf_sld finished [took 2284.6511s]
17/12/23 21:30:16| INFO        mgfc_sld finished [took 2432.3249s]
17/12/23 21:35:27| INFO        mul_sld finished [took 2751.5798s]
17/12/23 21:36:09| INFO        bin_sld finished [took 2793.6698s]
17/12/23 21:37:25| INFO        binmc_sld finished [took 2866.4312s]
17/12/23 21:37:31| INFO        mulc_sld finished [took 2867.1206s]
17/12/23 21:39:01| INFO        binc_sld finished [took 2971.4911s]
17/12/23 22:01:40| INFO        bgfmc_sld finished [took 2166.9270s]
17/12/23 22:03:14| INFO        binne_sld finished [took 2097.7184s]
17/12/23 22:03:44| INFO        m3wmc_sld finished [took 2203.0196s]
17/12/23 22:08:57| INFO        mgfmc_sld finished [took 2494.9945s]
17/12/23 22:11:50| INFO        m3wne_sld finished [took 2104.0904s]
17/12/23 22:11:59| INFO        binis_sld finished [took 2028.1904s]
17/12/23 22:15:04| INFO        mulmc_sld finished [took 2931.3700s]
17/12/23 22:17:05| INFO        bgfne_sld finished [took 2777.8177s]
17/12/23 22:19:35| INFO        mgfne_sld finished [took 2495.6540s]
17/12/23 22:21:36| INFO        mulne_sld finished [took 2729.7169s]
17/12/23 22:24:53| INFO        bgfis_sld finished [took 2720.9906s]
17/12/23 22:26:33| INFO        ref finished [took 1018.2304s]
17/12/23 22:28:31| INFO        atc_mc finished [took 962.8735s]
17/12/23 22:30:07| INFO        doc finished [took 1055.1466s]
17/12/23 22:30:51| INFO        mgfis_sld finished [took 1591.7592s]
17/12/23 22:31:15| INFO        m3wis_sld finished [took 1648.8863s]
17/12/23 22:32:16| INFO        mulis_sld finished [took 1803.1402s]
17/12/23 22:32:45| INFO        gde finished [took 1024.3498s]
17/12/23 22:32:45| INFO     Dataset sample [0.2003 0.399  0.4007] of dataset twitter_gasp_4prevs finished [took 6244.0135s]
17/12/23 22:32:45| INFO     Dataset sample [0.2003 0.5993 0.2003] of dataset twitter_gasp_4prevs started
17/12/23 23:09:36| INFO        bgf_sld finished [took 2156.3585s]
17/12/23 23:09:43| INFO        m3w_sld finished [took 2166.1990s]
17/12/23 23:10:54| INFO        bgfc_sld finished [took 2225.5676s]
17/12/23 23:10:55| INFO        m3wc_sld finished [took 2226.6323s]
17/12/23 23:13:14| INFO        mgf_sld finished [took 2373.1052s]
17/12/23 23:13:42| INFO        mgfc_sld finished [took 2395.2735s]
17/12/23 23:18:23| INFO        mul_sld finished [took 2693.6374s]
17/12/23 23:20:14| INFO        bin_sld finished [took 2803.8898s]
17/12/23 23:20:56| INFO        mulc_sld finished [took 2834.0144s]
17/12/23 23:21:51| INFO        binmc_sld finished [took 2880.4855s]
17/12/23 23:22:28| INFO        binc_sld finished [took 2920.6299s]
17/12/23 23:46:20| INFO        bgfmc_sld finished [took 2168.1728s]
17/12/23 23:48:09| INFO        m3wmc_sld finished [took 2193.5878s]
17/12/23 23:48:42| INFO        binne_sld finished [took 2087.2780s]
17/12/23 23:50:54| INFO        mgfmc_sld finished [took 2358.8747s]
17/12/23 23:57:04| INFO        mulmc_sld finished [took 2800.8004s]
17/12/23 23:57:18| INFO        binis_sld finished [took 2092.3093s]
17/12/23 23:58:45| INFO        m3wne_sld finished [took 2270.1433s]
17/12/23 23:58:51| INFO        bgfne_sld finished [took 2680.1004s]
18/12/23 00:02:16| INFO        mgfne_sld finished [took 2443.5260s]
18/12/23 00:05:28| INFO        mulne_sld finished [took 2790.0589s]
18/12/23 00:06:55| INFO        bgfis_sld finished [took 2628.5702s]
18/12/23 00:07:58| INFO        ref finished [took 996.1022s]
18/12/23 00:11:48| INFO        atc_mc finished [took 860.1618s]
18/12/23 00:14:36| INFO        m3wis_sld finished [took 1546.6583s]
18/12/23 00:14:42| INFO        doc finished [took 1008.6691s]
18/12/23 00:15:28| INFO        mgfis_sld finished [took 1566.8474s]
18/12/23 00:15:58| INFO        mulis_sld finished [took 1740.7998s]
18/12/23 00:16:25| INFO        gde finished [took 1024.5265s]
18/12/23 00:16:25| INFO     Dataset sample [0.2003 0.5993 0.2003] of dataset twitter_gasp_4prevs finished [took 6219.4659s]
18/12/23 00:16:25| INFO     Dataset sample [0.399  0.2003 0.4007] of dataset twitter_gasp_4prevs started
18/12/23 00:52:50| INFO        bgf_sld finished [took 2128.7440s]
18/12/23 00:53:05| INFO        m3w_sld finished [took 2146.1814s]
18/12/23 00:54:24| INFO        m3wc_sld finished [took 2216.5372s]
18/12/23 00:54:52| INFO        bgfc_sld finished [took 2243.6559s]
18/12/23 00:57:27| INFO        mgf_sld finished [took 2406.4161s]
18/12/23 00:58:05| INFO        mgfc_sld finished [took 2436.6876s]
18/12/23 01:02:46| INFO        mulc_sld finished [took 2717.3027s]
18/12/23 01:02:50| INFO        mul_sld finished [took 2728.8059s]
18/12/23 01:03:11| INFO        bin_sld finished [took 2750.1324s]
18/12/23 01:05:17| INFO        binmc_sld finished [took 2867.7904s]
18/12/23 01:06:25| INFO        binc_sld finished [took 2964.8410s]
18/12/23 01:29:46| INFO        m3wmc_sld finished [took 2094.5553s]
18/12/23 01:30:20| INFO        bgfmc_sld finished [took 2210.1995s]
18/12/23 01:33:41| INFO        binne_sld finished [took 2133.9492s]
18/12/23 01:36:24| INFO        mgfmc_sld finished [took 2447.0027s]
18/12/23 01:39:58| INFO        mulmc_sld finished [took 2772.3071s]
18/12/23 01:40:18| INFO        m3wne_sld finished [took 2212.7777s]
18/12/23 01:42:11| INFO        binis_sld finished [took 2190.4691s]
18/12/23 01:43:23| INFO        mgfne_sld finished [took 2370.8217s]
18/12/23 01:45:20| INFO        bgfne_sld finished [took 2796.8610s]
18/12/23 01:49:21| INFO        mulne_sld finished [took 2757.5310s]
18/12/23 01:52:00| INFO        ref finished [took 898.0978s]
18/12/23 01:52:18| INFO        bgfis_sld finished [took 2718.0250s]
18/12/23 01:55:16| INFO        atc_mc finished [took 879.8002s]
18/12/23 01:58:20| INFO        doc finished [took 1052.5104s]
18/12/23 01:58:35| INFO        m3wis_sld finished [took 1654.6084s]
18/12/23 01:59:24| INFO        mulis_sld finished [took 1739.9129s]
18/12/23 01:59:43| INFO        gde finished [took 1015.1624s]
18/12/23 02:00:15| INFO        mgfis_sld finished [took 1555.1790s]
18/12/23 02:00:15| INFO     Dataset sample [0.399  0.2003 0.4007] of dataset twitter_gasp_4prevs finished [took 6229.6418s]
18/12/23 02:00:15| INFO     Dataset sample [0.399  0.4007 0.2003] of dataset twitter_gasp_4prevs started
18/12/23 02:35:50| INFO        bgf_sld finished [took 2080.6718s]
18/12/23 02:36:21| INFO        bgfc_sld finished [took 2129.3291s]
18/12/23 02:38:03| INFO        m3w_sld finished [took 2213.8661s]
18/12/23 02:38:45| INFO        m3wc_sld finished [took 2246.8331s]
18/12/23 02:40:38| INFO        mgf_sld finished [took 2368.6231s]
18/12/23 02:41:21| INFO        mgfc_sld finished [took 2403.3363s]
18/12/23 02:46:03| INFO        bin_sld finished [took 2698.9271s]
18/12/23 02:46:43| INFO        mul_sld finished [took 2733.3692s]
18/12/23 02:48:04| INFO        mulc_sld finished [took 2806.1284s]
18/12/23 02:49:31| INFO        binmc_sld finished [took 2895.4142s]
18/12/23 02:51:03| INFO        binc_sld finished [took 2985.3940s]
18/12/23 03:13:05| INFO        bgfmc_sld finished [took 2196.2538s]
18/12/23 03:15:42| INFO        m3wmc_sld finished [took 2225.7638s]
18/12/23 03:16:25| INFO        binne_sld finished [took 2109.8157s]
18/12/23 03:20:55| INFO        mgfmc_sld finished [took 2491.6574s]
18/12/23 03:24:33| INFO        m3wne_sld finished [took 2230.0010s]
18/12/23 03:25:22| INFO        binis_sld finished [took 2113.0526s]
18/12/23 03:26:44| INFO        mgfne_sld finished [took 2289.2967s]
18/12/23 03:27:07| INFO        mulmc_sld finished [took 3005.7104s]
18/12/23 03:28:32| INFO        bgfne_sld finished [took 2792.8853s]
18/12/23 03:31:15| INFO        mulne_sld finished [took 2685.8253s]
18/12/23 03:34:27| INFO        bgfis_sld finished [took 2567.9325s]
18/12/23 03:36:38| INFO        ref finished [took 905.3318s]
18/12/23 03:40:13| INFO        atc_mc finished [took 902.6946s]
18/12/23 03:41:33| INFO        doc finished [took 942.8322s]
18/12/23 03:42:24| INFO        m3wis_sld finished [took 1570.2827s]
18/12/23 03:43:01| INFO        mgfis_sld finished [took 1557.7496s]
18/12/23 03:43:27| INFO        gde finished [took 975.4425s]
18/12/23 03:43:52| INFO        mulis_sld finished [took 1809.2311s]
18/12/23 03:43:52| INFO     Dataset sample [0.399  0.4007 0.2003] of dataset twitter_gasp_4prevs finished [took 6217.4506s]
18/12/23 03:43:53| INFO     Dataset sample [0.5993 0.2003 0.2003] of dataset twitter_gasp_4prevs started
18/12/23 04:18:43| INFO        m3w_sld finished [took 2035.0053s]
18/12/23 04:20:39| INFO        bgfc_sld finished [took 2143.4561s]
18/12/23 04:20:58| INFO        bgf_sld finished [took 2173.4480s]
18/12/23 04:22:41| INFO        m3wc_sld finished [took 2264.9206s]
18/12/23 04:24:59| INFO        mgf_sld finished [took 2409.8597s]
18/12/23 04:26:13| INFO        mgfc_sld finished [took 2477.2391s]
18/12/23 04:29:53| INFO        mul_sld finished [took 2724.3104s]
18/12/23 04:31:20| INFO        mulc_sld finished [took 2786.1613s]
18/12/23 04:31:44| INFO        binc_sld finished [took 2815.5028s]
18/12/23 04:31:46| INFO        bin_sld finished [took 2818.1159s]
18/12/23 04:32:58| INFO        binmc_sld finished [took 2882.0064s]
18/12/23 04:55:04| INFO        bgfmc_sld finished [took 2145.3192s]
18/12/23 04:59:21| INFO        m3wmc_sld finished [took 2267.8424s]
18/12/23 05:00:25| INFO        binne_sld finished [took 2090.4183s]
18/12/23 05:05:09| INFO        mgfmc_sld finished [took 2508.6745s]
18/12/23 05:07:34| INFO        m3wne_sld finished [took 2131.4042s]
18/12/23 05:07:55| INFO        binis_sld finished [took 2126.4658s]
18/12/23 05:09:07| INFO        mulmc_sld finished [took 2866.5159s]
18/12/23 05:12:04| INFO        mgfne_sld finished [took 2383.5172s]
18/12/23 05:12:54| INFO        bgfne_sld finished [took 2772.1248s]
18/12/23 05:15:48| INFO        mulne_sld finished [took 2724.0435s]
18/12/23 05:16:34| INFO        bgfis_sld finished [took 2581.5470s]
18/12/23 05:22:14| INFO        ref finished [took 987.2028s]
18/12/23 05:22:20| INFO        atc_mc finished [took 859.6451s]
18/12/23 05:24:22| INFO        doc finished [took 952.2024s]
18/12/23 05:26:35| INFO        mulis_sld finished [took 1853.7097s]
18/12/23 05:26:35| INFO        gde finished [took 1012.5558s]
18/12/23 05:26:45| INFO        mgfis_sld finished [took 1540.1588s]
18/12/23 05:27:08| INFO        m3wis_sld finished [took 1628.8541s]
18/12/23 05:27:08| INFO     Dataset sample [0.5993 0.2003 0.2003] of dataset twitter_gasp_4prevs finished [took 6195.3251s]
